read ra/dec for calibration star of: (24.126247, 57.798882) (24.204493, 57.811872)
automag_driver: using file automag_driver
aperture parameters; rad, r_in, r_out: 5.0, 15.0, 25.0
-----------------------------------------
119
/mnt//archive/draco2/2024/24_10_14//ad0119.fits
flat found.  dividing by flatfield
read ra/dec for target of: (24.308415, 57.75922)
pixel scale is: 0.9851659910103555
x/y of var, cal1, cal2: 552.816231764434 416.77418434838745 927.0778889268748 498.13807946291166 785.2298166164361 571.1287063421885
 id  xcenter   ycenter  ...  aper_bkg aper_sum_bkgsub aper_sum_bkgsub_err
       pix       pix    ...                                              
--- --------- --------- ... --------- --------------- -------------------
  1 552.81623 416.77418 ... 11279.703       38076.413           246.69986
  2 927.07789 498.13808 ...  11288.78       26354.742           221.71446
  3 785.22982 571.12871 ...  11257.54       11399.646           184.76939
-----------------------------------------
120
/mnt//archive/draco2/2024/24_10_14//ad0120.fits
flat found.  dividing by flatfield
read ra/dec for target of: (24.308415, 57.75922)
pixel scale is: 0.985596944288554
x/y of var, cal1, cal2: 552.6473400534246 417.14452030015264 926.9062806573457 498.48367099063205 785.1098564547212 571.4382413823885
 id  xcenter   ycenter  ...  aper_bkg aper_sum_bkgsub aper_sum_bkgsub_err
       pix       pix    ...                                              
--- --------- --------- ... --------- --------------- -------------------
  1 552.64734 417.14452 ... 11188.761       39077.606           248.35484
  2 926.90628 498.48367 ... 11127.906       26711.081           221.79246
  3 785.10986 571.43824 ... 10825.115       11569.208            182.8782
