read ra/dec for calibration star of: (324.4415, 51.831708) (324.512996, 51.786767)
automag_driver: using file automag_driver
aperture parameters; rad, r_in, r_out: 5.0, 15.0, 25.0
-----------------------------------------
120
/mnt//archive/draco2/2024/24_11_14//ad0120.fits
flat found.  dividing by flatfield
read ra/dec for target of: (324.367201, 51.762485)
pixel scale is: 0.9839876302204835
x/y of var, cal1, cal2: 558.1918482361731 414.24015334035397 679.1228168353155 135.4379933843727 867.3180513279674 268.7764720967849
 id  xcenter   ycenter  ...  aper_bkg aper_sum_bkgsub aper_sum_bkgsub_err
       pix       pix    ...                                              
--- --------- --------- ... --------- --------------- -------------------
  1 558.19185 414.24015 ... 7717.8232       52044.479           260.20209
  2 679.12282 135.43799 ... 7681.5995        51585.41           259.17872
  3 867.31805 268.77647 ... 7514.9953       15702.622           175.94775
-----------------------------------------
121
/mnt//archive/draco2/2024/24_11_14//ad0121.fits
flat found.  dividing by flatfield
read ra/dec for target of: (324.367201, 51.762485)
pixel scale is: 0.9838817159077881
x/y of var, cal1, cal2: 558.266041931802 414.396049053095 679.3076725409112 135.5519344451361 867.5231137522986 268.8861342241207
 id  xcenter   ycenter  ...  aper_bkg aper_sum_bkgsub aper_sum_bkgsub_err
       pix       pix    ...                                              
--- --------- --------- ... --------- --------------- -------------------
  1 558.26604 414.39605 ... 7753.5879       52132.777           260.50903
  2 679.30767 135.55193 ...  7583.473       50969.049           257.60628
  3 867.52311 268.88613 ...  7446.183       15720.425           175.60692
-----------------------------------------
122
/mnt//archive/draco2/2024/24_11_14//ad0122.fits
flat found.  dividing by flatfield
read ra/dec for target of: (324.367201, 51.762485)
pixel scale is: 0.9838412159764804
x/y of var, cal1, cal2: 558.0468632138777 414.3530913974084 679.0330257407036 135.5085398001503 867.2340009374492 268.86542238885335
 id  xcenter   ycenter  ...  aper_bkg aper_sum_bkgsub aper_sum_bkgsub_err
       pix       pix    ...                                              
--- --------- --------- ... --------- --------------- -------------------
  1 558.04686 414.35309 ... 7649.3242       51396.878           258.69002
  2 679.03303 135.50854 ...  7661.969       51124.587           258.21217
  3   867.234 268.86542 ... 7610.4862       15848.967           176.90376
-----------------------------------------
123
/mnt//archive/draco2/2024/24_11_14//ad0123.fits
flat found.  dividing by flatfield
read ra/dec for target of: (324.367201, 51.762485)
pixel scale is: 0.9839377159564106
x/y of var, cal1, cal2: 558.1764881065315 414.6070832483559 679.1419076103814 135.78724819433177 867.3086578158667 269.1269561916398
 id  xcenter   ycenter  ...  aper_bkg aper_sum_bkgsub aper_sum_bkgsub_err
       pix       pix    ...                                              
--- --------- --------- ... --------- --------------- -------------------
  1 558.17649 414.60708 ... 7749.1199       50821.274           257.96223
  2 679.14191 135.78725 ... 7749.3182       50462.597           257.26685
  3 867.30866 269.12696 ... 7710.8221        14948.09            174.9135
-----------------------------------------
124
/mnt//archive/draco2/2024/24_11_14//ad0124.fits
flat found.  dividing by flatfield
read ra/dec for target of: (324.367201, 51.762485)
pixel scale is: 0.9838076661038971
x/y of var, cal1, cal2: 558.2942450179223 414.43571045288235 679.3196560129697 135.57028217011833 867.502129380047 268.91401005548727
 id  xcenter   ycenter  ...  aper_bkg aper_sum_bkgsub aper_sum_bkgsub_err
       pix       pix    ...                                              
--- --------- --------- ... --------- --------------- -------------------
  1 558.29425 414.43571 ... 7854.8025       49924.451           256.63019
  2 679.31966 135.57028 ... 8027.2103       49691.381           256.84782
  3 867.50213 268.91401 ... 7945.6199       14789.288           175.79968
-----------------------------------------
125
/mnt//archive/draco2/2024/24_11_14//ad0125.fits
flat found.  dividing by flatfield
read ra/dec for target of: (324.367201, 51.762485)
pixel scale is: 0.9840856238378338
x/y of var, cal1, cal2: 558.3640913564709 415.0955433738295 679.3842362079266 136.31746311266642 867.5668561246159 269.63686969805235
 id  xcenter   ycenter  ...  aper_bkg aper_sum_bkgsub aper_sum_bkgsub_err
       pix       pix    ...                                              
--- --------- --------- ... --------- --------------- -------------------
  1 558.36409 415.09554 ... 7713.0507       51779.138           259.67333
  2 679.38424 136.31746 ... 7762.9368       50611.659           257.60926
  3 867.56686 269.63687 ... 7671.2837       15223.754           175.47456
-----------------------------------------
126
/mnt//archive/draco2/2024/24_11_14//ad0126.fits
flat found.  dividing by flatfield
read ra/dec for target of: (324.367201, 51.762485)
pixel scale is: 0.9838468651012083
x/y of var, cal1, cal2: 558.7616309071166 415.19220332329644 679.7551891817219 136.3346519771206 867.9061049427312 269.6680380007317
 id  xcenter   ycenter  ...  aper_bkg aper_sum_bkgsub aper_sum_bkgsub_err
       pix       pix    ...                                              
--- --------- --------- ... --------- --------------- -------------------
  1 558.76163  415.1922 ... 7424.2706       49818.283           254.73874
  2 679.75519 136.33465 ... 7537.3514       49424.632           254.40978
  3  867.9061 269.66804 ... 7365.0535       15790.191           175.34337
-----------------------------------------
127
/mnt//archive/draco2/2024/24_11_14//ad0127.fits
flat found.  dividing by flatfield
read ra/dec for target of: (324.367201, 51.762485)
pixel scale is: 0.9837689767292729
x/y of var, cal1, cal2: 558.60802846223 415.6626186843285 679.6147760973213 136.79040999653637 867.812989270087 270.14589854915243
 id  xcenter   ycenter  ...  aper_bkg aper_sum_bkgsub aper_sum_bkgsub_err
       pix       pix    ...                                              
--- --------- --------- ... --------- --------------- -------------------
  1 558.60803 415.66262 ... 7430.0633       51207.821           257.47417
  2 679.61478 136.79041 ... 7557.5045       49609.136           254.85122
  3 867.81299  270.1459 ... 7337.4101       15273.648           173.70512
