read ra/dec for calibration star of: (357.307226, 59.943336) (357.434683, 60.013532)
automag_driver: using file automag_driver
aperture parameters; rad, r_in, r_out: 5.0, 15.0, 25.0
-----------------------------------------
109
/mnt//archive/draco2/2024/24_11_22//ad0109.fits
flat found.  dividing by flatfield
read ra/dec for target of: (357.483431, 59.940703)
pixel scale is: 0.9827387110416296
x/y of var, cal1, cal2: 554.3942708164312 417.66357307660564 234.26811846912523 463.90321842858725 420.11209763943884 170.40459760194952
 id  xcenter   ycenter  ...  aper_bkg aper_sum_bkgsub aper_sum_bkgsub_err
       pix       pix    ...                                              
--- --------- --------- ... --------- --------------- -------------------
  1 554.39427 417.66357 ...   14004.8       43156.938           267.19195
  2 234.26812 463.90322 ... 14419.516       479175.43           712.90915
  3  420.1121  170.4046 ... 14124.689       122233.78           388.21148
-----------------------------------------
110
/mnt//archive/draco2/2024/24_11_22//ad0110.fits
flat found.  dividing by flatfield
read ra/dec for target of: (357.483431, 59.940703)
pixel scale is: 0.9825761007661593
x/y of var, cal1, cal2: 554.731770525698 417.722935895557 234.5649826461289 463.9778089350631 420.4312993180677 170.42621787636293
 id  xcenter   ycenter  ...  aper_bkg aper_sum_bkgsub aper_sum_bkgsub_err
       pix       pix    ...                                              
--- --------- --------- ... --------- --------------- -------------------
  1 554.73177 417.72294 ... 13877.488       43641.296           267.62151
  2 234.56498 463.97781 ... 14350.947       481588.28           714.50344
  3  420.4313 170.42622 ... 14276.043       124903.73           392.02145
-----------------------------------------
111
/mnt//archive/draco2/2024/24_11_22//ad0111.fits
flat found.  dividing by flatfield
read ra/dec for target of: (357.483431, 59.940703)
pixel scale is: 0.982805436215892
x/y of var, cal1, cal2: 554.7708178567963 417.7681151534799 234.62930273747787 464.02062607834114 420.4826089485148 170.5326409535242
 id  xcenter   ycenter  ...  aper_bkg aper_sum_bkgsub aper_sum_bkgsub_err
       pix       pix    ...                                              
--- --------- --------- ... --------- --------------- -------------------
  1 554.77082 417.76812 ... 13774.143       42331.939           264.77391
  2  234.6293 464.02063 ... 14281.972       474001.91           709.07747
  3 420.48261 170.53264 ... 14124.023       121422.81           387.16386
-----------------------------------------
112
/mnt//archive/draco2/2024/24_11_22//ad0112.fits
flat found.  dividing by flatfield
read ra/dec for target of: (357.483431, 59.940703)
pixel scale is: 0.982732327387734
x/y of var, cal1, cal2: 554.7124080107978 417.73005926564815 234.59259837586438 463.98422382154223 420.4345614978176 170.47544267318435
 id  xcenter   ycenter  ...  aper_bkg aper_sum_bkgsub aper_sum_bkgsub_err
       pix       pix    ...                                              
--- --------- --------- ... --------- --------------- -------------------
  1 554.71241 417.73006 ... 13861.195       42098.744            264.6623
  2  234.5926 463.98422 ... 14289.052       471188.08           707.10055
  3 420.43456 170.47544 ...  14257.35       119975.58            385.6362
