read ra/dec for calibration star of: (358.45204, 62.12898) (358.732006, 62.072851)
automag_driver: using file automag_driver
aperture parameters; rad, r_in, r_out: 5.0, 15.0, 25.0
-----------------------------------------
115
/mnt//archive/draco2/2024/24_10_14//ad0115.fits
flat found.  dividing by flatfield
read ra/dec for target of: (358.6024, 62.14947)
pixel scale is: 0.9852648275324829
x/y of var, cal1, cal2: 552.9124200242237 417.1080032309357 792.7531208128919 298.7055018549964 285.480241517336 180.55170709952893
 id  xcenter   ycenter  ...  aper_bkg aper_sum_bkgsub aper_sum_bkgsub_err
       pix       pix    ...                                              
--- --------- --------- ... --------- --------------- -------------------
  1 552.91242   417.108 ... 19823.654       9459.6937           222.10809
  2 792.75312  298.7055 ... 19621.915       27239.017           258.27862
  3 285.48024 180.55171 ... 20467.344       63541.512           323.57565
-----------------------------------------
116
/mnt//archive/draco2/2024/24_10_14//ad0116.fits
flat found.  dividing by flatfield
read ra/dec for target of: (358.6024, 62.14947)
pixel scale is: 0.9851572048543598
x/y of var, cal1, cal2: 552.9557174008849 417.34685766932574 792.7666207057093 298.89717834270135 285.56326377978814 180.8029023683282
 id  xcenter   ycenter  ...  aper_bkg aper_sum_bkgsub aper_sum_bkgsub_err
       pix       pix    ...                                              
--- --------- --------- ... --------- --------------- -------------------
  1 552.95572 417.34686 ... 19701.138         9401.56           221.42456
  2 792.76662 298.89718 ...  19897.02       26339.633           257.60177
  3 285.56326  180.8029 ... 20451.221       62919.237           322.56267
