read ra/dec for calibration star of: (359.428633, 62.690422) (359.62416, 62.747272)
automag_driver: using file automag_driver
aperture parameters; rad, r_in, r_out: 5.0, 15.0, 25.0
-----------------------------------------
201
/mnt//archive/far-east-20/2024/24_10_17//ad0201.fits
flat found.  dividing by flatfield
read ra/dec for target of: (359.395668, 62.718246)
pixel scale is: 1.0696640862674844
x/y of var, cal1, cal2: 431.8076928228287 431.97302412976205 384.528857747848 336.434241528771 76.19446545319721 516.5090453359373
 id  xcenter   ycenter  ...  aper_bkg aper_sum_bkgsub aper_sum_bkgsub_err
       pix       pix    ...                                              
--- --------- --------- ... --------- --------------- -------------------
  1 431.80769 431.97302 ... 451524.31       154817.48           1028.6356
  2 384.52886 336.43424 ... 451293.84       22838.979           962.10793
  3 76.194465 516.50905 ... 438385.08       25906.962           950.21162
-----------------------------------------
202
/mnt//archive/far-east-20/2024/24_10_17//ad0202.fits
flat found.  dividing by flatfield
read ra/dec for target of: (359.395668, 62.718246)
pixel scale is: 1.0700807450992857
x/y of var, cal1, cal2: 432.4639663733141 432.35529262556577 385.20336667282936 336.88572554580173 76.78819024412405 517.0992253220484
 id  xcenter   ycenter  ...  aper_bkg aper_sum_bkgsub aper_sum_bkgsub_err
       pix       pix    ...                                              
--- --------- --------- ... --------- --------------- -------------------
  1 432.46397 432.35529 ... 393361.74       282897.37           1034.3335
  2 385.20337 336.88573 ... 396589.48       40674.334           913.27887
  3  76.78819 517.09923 ... 393232.56       47861.919            913.5382
-----------------------------------------
203
/mnt//archive/far-east-20/2024/24_10_17//ad0203.fits
flat found.  dividing by flatfield
read ra/dec for target of: (359.395668, 62.718246)
pixel scale is: 1.0696241525702048
x/y of var, cal1, cal2: 432.501143232657 432.69490728032866 385.2279061835602 337.17388107728345 76.65580234977148 517.3944568169907
 id  xcenter   ycenter  ...  aper_bkg aper_sum_bkgsub aper_sum_bkgsub_err
       pix       pix    ...                                              
--- --------- --------- ... --------- --------------- -------------------
  1 432.50114 432.69491 ... 475576.87       137365.44           1043.4291
  2 385.22791 337.17388 ... 477449.19       20190.725           987.57992
  3 76.655802 517.39446 ... 468684.62        22070.64           979.62487
-----------------------------------------
204
/mnt//archive/far-east-20/2024/24_10_17//ad0204.fits
flat found.  dividing by flatfield
read ra/dec for target of: (359.395668, 62.718246)
pixel scale is: 1.0698643762603757
x/y of var, cal1, cal2: 432.76860611324287 432.5707017455116 385.49596820192187 337.0601251289178 77.14405970774698 517.16849196642
 id  xcenter   ycenter  ...  aper_bkg aper_sum_bkgsub aper_sum_bkgsub_err
       pix       pix    ...                                              
--- --------- --------- ... --------- --------------- -------------------
  1 432.76861  432.5707 ... 425979.28       178630.71           1015.2902
  2 385.49597 337.06013 ... 427481.52       25157.489           938.26731
  3  77.14406 517.16849 ... 424399.04       28778.951           936.91089
-----------------------------------------
205
/mnt//archive/far-east-20/2024/24_10_17//ad0205.fits
flat found.  dividing by flatfield
read ra/dec for target of: (359.395668, 62.718246)
pixel scale is: 1.0701468861003958
x/y of var, cal1, cal2: 432.65041549282387 431.9742981853101 385.3704262720289 336.5009382780218 76.93456699980379 516.6400454405014
 id  xcenter   ycenter  ...  aper_bkg aper_sum_bkgsub aper_sum_bkgsub_err
       pix       pix    ...                                              
--- --------- --------- ... --------- --------------- -------------------
  1 432.65042  431.9743 ... 47461.695          177338           522.00229
  2 385.37043 336.50094 ... 46600.718       25348.282           344.63708
  3 76.934567 516.64005 ...  46879.39       28875.138           350.51237
-----------------------------------------
206
/mnt//archive/far-east-20/2024/24_10_17//ad0206.fits
flat found.  dividing by flatfield
read ra/dec for target of: (359.395668, 62.718246)
pixel scale is: 1.0697374099361705
x/y of var, cal1, cal2: 432.6328666136425 431.818905394068 385.3772529838391 336.29789878173136 76.83589022966345 516.4335093948436
 id  xcenter   ycenter  ...  aper_bkg aper_sum_bkgsub aper_sum_bkgsub_err
       pix       pix    ...                                              
--- --------- --------- ... --------- --------------- -------------------
  1 432.63287 431.81891 ... 66630.795       98944.045           482.11061
  2 385.37725  336.2979 ... 65549.687       14726.547           382.16609
  3  76.83589 516.43351 ... 63211.219       16518.879           378.37325
-----------------------------------------
207
/mnt//archive/far-east-20/2024/24_10_17//ad0207.fits
flat found.  dividing by flatfield
read ra/dec for target of: (359.395668, 62.718246)
pixel scale is: 1.0699441502505502
x/y of var, cal1, cal2: 432.59427316903054 432.04907516775734 385.33251108329716 336.5434711946426 76.87626212369184 516.6243452921168
 id  xcenter   ycenter  ...  aper_bkg aper_sum_bkgsub aper_sum_bkgsub_err
       pix       pix    ...                                              
--- --------- --------- ... --------- --------------- -------------------
  1 432.59427 432.04908 ... 67007.194       103028.94           487.10197
  2 385.33251 336.54347 ... 66155.459       14672.212           383.67712
  3 76.876262 516.62435 ... 66278.841        17047.93           387.07959
-----------------------------------------
208
/mnt//archive/far-east-20/2024/24_10_17//ad0208.fits
flat found.  dividing by flatfield
read ra/dec for target of: (359.395668, 62.718246)
pixel scale is: 1.0700994785978806
x/y of var, cal1, cal2: 432.487713155584 432.1502171443248 385.22657187503034 336.6741244995746 76.92857036479865 516.8309781612736
 id  xcenter   ycenter  ...  aper_bkg aper_sum_bkgsub aper_sum_bkgsub_err
       pix       pix    ...                                              
--- --------- --------- ... --------- --------------- -------------------
  1 432.48771 432.15022 ... 53464.587       151799.55           508.87496
  2 385.22657 336.67412 ... 53782.767        20657.74           358.39681
  3  76.92857 516.83098 ... 55031.728       24635.648           367.32017
-----------------------------------------
209
/mnt//archive/far-east-20/2024/24_10_17//ad0209.fits
flat found.  dividing by flatfield
read ra/dec for target of: (359.395668, 62.718246)
pixel scale is: 1.0697641273407392
x/y of var, cal1, cal2: 433.09310613604816 431.891940957912 385.7943121190483 336.3879541540364 76.96427110971752 516.6146171242946
 id  xcenter   ycenter  ...  aper_bkg aper_sum_bkgsub aper_sum_bkgsub_err
       pix       pix    ...                                              
--- --------- --------- ... --------- --------------- -------------------
  1 433.09311 431.89194 ...  50704.94       144150.06           495.76702
  2 385.79431 336.38795 ... 50169.527       19622.894           346.67989
  3 76.964271 516.61462 ... 51353.549       23556.402           355.65222
-----------------------------------------
210
/mnt//archive/far-east-20/2024/24_10_17//ad0210.fits
flat found.  dividing by flatfield
read ra/dec for target of: (359.395668, 62.718246)
pixel scale is: 1.0698102595464432
x/y of var, cal1, cal2: 432.66671530372287 431.70503830250453 385.42850872079794 336.22977537672386 76.96773675726519 516.6093367445935
 id  xcenter   ycenter  ...  aper_bkg aper_sum_bkgsub aper_sum_bkgsub_err
       pix       pix    ...                                              
--- --------- --------- ... --------- --------------- -------------------
  1 432.66672 431.70504 ... 33400.264       223111.59           538.64378
  2 385.42851 336.22978 ... 33054.132        30835.12           311.71844
  3 76.967737 516.60934 ... 35299.659       34974.135           325.26674
-----------------------------------------
211
/mnt//archive/far-east-20/2024/24_10_17//ad0211.fits
flat found.  dividing by flatfield
read ra/dec for target of: (359.395668, 62.718246)
pixel scale is: 1.0701530711433027
x/y of var, cal1, cal2: 432.7475047194681 431.60651927005244 385.5183778393488 336.16545577906817 77.15142878301617 516.5108041438646
 id  xcenter   ycenter  ...  aper_bkg aper_sum_bkgsub aper_sum_bkgsub_err
       pix       pix    ...                                              
--- --------- --------- ... --------- --------------- -------------------
  1  432.7475 431.60652 ... 30110.166       230664.94           539.54636
  2 385.51838 336.16546 ... 29721.944       32074.638           302.89194
  3 77.151429  516.5108 ... 30452.595       37077.011           313.38028
-----------------------------------------
212
/mnt//archive/far-east-20/2024/24_10_17//ad0212.fits
flat found.  dividing by flatfield
read ra/dec for target of: (359.395668, 62.718246)
pixel scale is: 1.0701233511374943
x/y of var, cal1, cal2: 432.37203976034874 431.4980363217966 385.15267512797243 336.0465267123366 76.7083451048091 516.3461079563502
 id  xcenter   ycenter  ...  aper_bkg aper_sum_bkgsub aper_sum_bkgsub_err
       pix       pix    ...                                              
--- --------- --------- ... --------- --------------- -------------------
  1 432.37204 431.49804 ... 28903.616        227785.2           534.61896
  2 385.15268 336.04653 ... 28452.315       32008.187           298.55957
  3 76.708345 516.34611 ...  28544.94       36269.108             305.915
-----------------------------------------
213
/mnt//archive/far-east-20/2024/24_10_17//ad0213.fits
flat found.  dividing by flatfield
read ra/dec for target of: (359.395668, 62.718246)
pixel scale is: 1.0699410308254802
x/y of var, cal1, cal2: 432.5652497396139 431.67175929736504 385.32292222754563 336.2082054592228 76.74192671350471 516.5660693699879
 id  xcenter   ycenter  ...  aper_bkg aper_sum_bkgsub aper_sum_bkgsub_err
       pix       pix    ...                                              
--- --------- --------- ... --------- --------------- -------------------
  1 432.56525 431.67176 ... 29657.975       221634.53           530.25982
  2 385.32292 336.20821 ... 29252.845       30608.485            298.8966
  3 76.741927 516.56607 ... 28892.814       36444.662           307.33579
-----------------------------------------
214
/mnt//archive/far-east-20/2024/24_10_17//ad0214.fits
flat found.  dividing by flatfield
read ra/dec for target of: (359.395668, 62.718246)
pixel scale is: 1.0700362382628166
x/y of var, cal1, cal2: 432.2106037891595 431.8581449654718 384.9757558401511 336.3943780078299 76.50887275482762 516.6792702764616
 id  xcenter   ycenter  ...  aper_bkg aper_sum_bkgsub aper_sum_bkgsub_err
       pix       pix    ...                                              
--- --------- --------- ... --------- --------------- -------------------
  1  432.2106 431.85814 ... 28075.751       231586.86           536.62218
  2 384.97576 336.39438 ... 27933.401       31944.176           296.70857
  3 76.508873 516.67927 ... 27971.664       37097.086           305.39387
-----------------------------------------
215
/mnt//archive/far-east-20/2024/24_10_17//ad0215.fits
flat found.  dividing by flatfield
read ra/dec for target of: (359.395668, 62.718246)
pixel scale is: 1.0701282648880708
x/y of var, cal1, cal2: 432.61305500806066 431.93277906364466 385.37742714336724 336.48137471275015 76.84905525507799 516.7779319543757
 id  xcenter   ycenter  ...  aper_bkg aper_sum_bkgsub aper_sum_bkgsub_err
       pix       pix    ...                                              
--- --------- --------- ... --------- --------------- -------------------
  1 432.61306 431.93278 ... 27901.554       231879.93           536.57063
  2 385.37743 336.48137 ... 27497.723       32536.838           296.23856
  3 76.849055 516.77793 ...  27262.81       37317.884           303.42792
-----------------------------------------
216
/mnt//archive/far-east-20/2024/24_10_17//ad0216.fits
flat found.  dividing by flatfield
read ra/dec for target of: (359.395668, 62.718246)
pixel scale is: 1.069913436401711
x/y of var, cal1, cal2: 432.43084604328016 431.993424668061 385.1775586753942 336.5241775048921 76.6490978081033 516.8654811216982
 id  xcenter   ycenter  ...  aper_bkg aper_sum_bkgsub aper_sum_bkgsub_err
       pix       pix    ...                                              
--- --------- --------- ... --------- --------------- -------------------
  1 432.43085 431.99342 ... 27505.634       232673.54           536.57228
  2 385.17756 336.52418 ... 27359.465       32355.962           295.46555
  3 76.649098 516.86548 ... 27128.202       36932.959           302.34808
