read ra/dec for calibration star of: (321.801433, 54.492517) (321.716558, 54.440525)
automag_driver: using file automag_driver
aperture parameters; rad, r_in, r_out: 5.0, 15.0, 25.0
-----------------------------------------
128
/mnt//archive/draco2/2024/24_11_14//ad0128.fits
flat found.  dividing by flatfield
read ra/dec for target of: (321.733427, 54.491455)
pixel scale is: 0.9840801987387747
x/y of var, cal1, cal2: 553.9250991510735 417.5146334995398 695.5051554079482 388.29119484410484 551.2823924775699 607.2291782143507
 id  xcenter   ycenter  ...  aper_bkg aper_sum_bkgsub aper_sum_bkgsub_err
       pix       pix    ...                                              
--- --------- --------- ... --------- --------------- -------------------
  1  553.9251 417.51463 ... 27247.631        58158.18           335.97387
  2 695.50516 388.29119 ... 27374.591        291709.7           588.79868
  3 551.28239 607.22918 ... 27195.731       182229.15           486.66786
-----------------------------------------
129
/mnt//archive/draco2/2024/24_11_14//ad0129.fits
flat found.  dividing by flatfield
read ra/dec for target of: (321.733427, 54.491455)
pixel scale is: 0.9841348332606017
x/y of var, cal1, cal2: 553.836861156807 417.7994744736038 695.4163012974049 388.5722487058319 551.2038225467954 607.5035896585229
 id  xcenter   ycenter  ...  aper_bkg aper_sum_bkgsub aper_sum_bkgsub_err
       pix       pix    ...                                              
--- --------- --------- ... --------- --------------- -------------------
  1 553.83686 417.79947 ... 27464.575       58971.199           337.82443
  2  695.4163 388.57225 ... 27718.027          291869            589.5168
  3 551.20382 607.50359 ... 27542.882       183306.23           488.48438
-----------------------------------------
130
/mnt//archive/draco2/2024/24_11_14//ad0130.fits
flat found.  dividing by flatfield
read ra/dec for target of: (321.733427, 54.491455)
pixel scale is: 0.9841814825003004
x/y of var, cal1, cal2: 553.693471591503 417.7294505779151 695.2652227401392 388.49465182846967 551.0536160170174 607.4247395218537
 id  xcenter   ycenter  ...  aper_bkg aper_sum_bkgsub aper_sum_bkgsub_err
       pix       pix    ...                                              
--- --------- --------- ... --------- --------------- -------------------
  1 553.69347 417.72945 ... 27961.386       56830.399           336.12226
  2 695.26522 388.49465 ... 28144.872       283769.62           583.33898
  3 551.05362 607.42474 ... 27924.286       179039.77           484.88487
-----------------------------------------
131
/mnt//archive/draco2/2024/24_11_14//ad0131.fits
flat found.  dividing by flatfield
read ra/dec for target of: (321.733427, 54.491455)
pixel scale is: 0.9840363777434856
x/y of var, cal1, cal2: 553.6016558775107 417.5963397268395 695.1615634196988 388.37135260533205 550.968530875358 607.3193389826931
 id  xcenter   ycenter  ...  aper_bkg aper_sum_bkgsub aper_sum_bkgsub_err
       pix       pix    ...                                              
--- --------- --------- ... --------- --------------- -------------------
  1 553.60166 417.59634 ... 27482.951       57661.777           335.93553
  2 695.16156 388.37135 ... 27570.016       285553.92           583.88266
  3 550.96853 607.31934 ... 27682.472       181421.65           486.83836
