read ra/dec for calibration star of: (321.801433, 54.492517) (321.716558, 54.440525)
automag_driver: using file automag_driver
aperture parameters; rad, r_in, r_out: 5.0, 15.0, 25.0
-----------------------------------------
21
/mnt//archive/draco2/2024/24_11_22//ad0021.fits
flat found.  dividing by flatfield
read ra/dec for target of: (321.733427, 54.491455)
pixel scale is: 0.9831259149995099
x/y of var, cal1, cal2: 553.1713595880658 416.95760207378993 694.8644450502032 387.6846144951085 550.5624021080547 606.8566968439861
 id  xcenter   ycenter  ...  aper_bkg aper_sum_bkgsub aper_sum_bkgsub_err
       pix       pix    ...                                              
--- --------- --------- ... --------- --------------- -------------------
  1 553.17136  416.9576 ... 13841.867       193734.45           470.78995
  2 694.86445 387.68461 ...  13972.99        339505.9           606.36366
  3  550.5624  606.8567 ... 13855.774       215694.77           493.59023
-----------------------------------------
22
/mnt//archive/draco2/2024/24_11_22//ad0022.fits
flat found.  dividing by flatfield
read ra/dec for target of: (321.733427, 54.491455)
pixel scale is: 0.9830983476841005
x/y of var, cal1, cal2: 553.1843294275166 416.5545374342782 694.8277539937199 387.3337512651315 550.5361510904233 606.4579619056022
 id  xcenter   ycenter  ...  aper_bkg aper_sum_bkgsub aper_sum_bkgsub_err
       pix       pix    ...                                              
--- --------- --------- ... --------- --------------- -------------------
  1 553.18433 416.55454 ... 14174.139       181575.75           458.42015
  2 694.82775 387.33375 ...  14502.36       318985.75           590.09785
  3 550.53615 606.45796 ... 14450.464       203195.58           481.99742
-----------------------------------------
23
/mnt//archive/draco2/2024/24_11_22//ad0023.fits
flat found.  dividing by flatfield
read ra/dec for target of: (321.733427, 54.491455)
pixel scale is: 0.9832543793334353
x/y of var, cal1, cal2: 553.4131951621814 416.35020733760035 695.108642415661 387.08389811622106 550.7938047578272 606.2244360524553
 id  xcenter   ycenter  ...  aper_bkg aper_sum_bkgsub aper_sum_bkgsub_err
       pix       pix    ...                                              
--- --------- --------- ... --------- --------------- -------------------
  1  553.4132 416.35021 ... 14508.098       179193.51            456.5465
  2 695.10864  387.0839 ... 14745.222       312892.46           585.32718
  3  550.7938 606.22444 ... 14452.412       198781.33           477.40042
-----------------------------------------
24
/mnt//archive/draco2/2024/24_11_22//ad0024.fits
flat found.  dividing by flatfield
read ra/dec for target of: (321.733427, 54.491455)
pixel scale is: 0.983255998417637
x/y of var, cal1, cal2: 553.55087212732 416.5459553464172 695.2265626225753 387.297800312602 550.9237743893719 606.4195347575896
 id  xcenter   ycenter  ...  aper_bkg aper_sum_bkgsub aper_sum_bkgsub_err
       pix       pix    ...                                              
--- --------- --------- ... --------- --------------- -------------------
  1 553.55087 416.54596 ...   14217.2       181381.89           458.30262
  2 695.22656  387.2978 ... 14442.091       318718.57           589.76923
  3 550.92377 606.41953 ...  14532.32       200066.87            478.9118
