read ra/dec for calibration star of: (346.910188, 58.621305) (346.992287, 58.573333)
automag_driver: using file automag_driver
aperture parameters; rad, r_in, r_out: 5.0, 15.0, 25.0
-----------------------------------------
72
/mnt//archive/draco2/2024/24_01_06//ad0072.fits
flat found.  dividing by flatfield
read ra/dec for target of: (346.79201, 58.554203)
pixel scale is: 0.9839689027983566
x/y of var, cal1, cal2: 553.7824616334808 417.10985516705 734.8057808913912 137.38442588272721 918.5905144409172 283.98118379834415
 id  xcenter   ycenter  ...  aper_bkg aper_sum_bkgsub aper_sum_bkgsub_err
       pix       pix    ...                                              
--- --------- --------- ... --------- --------------- -------------------
  1 553.78246 417.10986 ... 13303.723       93802.079           347.32481
  2 734.80578 137.38443 ... 13346.097       94580.512           348.56521
  3 918.59051 283.98118 ... 13522.537       35598.194           250.73545
-----------------------------------------
73
/mnt//archive/draco2/2024/24_01_06//ad0073.fits
flat found.  dividing by flatfield
read ra/dec for target of: (346.79201, 58.554203)
pixel scale is: 0.9838073631507637
x/y of var, cal1, cal2: 553.652371600119 417.1837940064418 734.7332707196002 137.38562598627078 918.4895615579645 283.97925461270523
 id  xcenter   ycenter  ...  aper_bkg aper_sum_bkgsub aper_sum_bkgsub_err
       pix       pix    ...                                              
--- --------- --------- ... --------- --------------- -------------------
  1 553.65237 417.18379 ... 11968.901       111144.82           367.84184
  2 734.73327 137.38563 ... 12067.387       110661.48           367.45238
  3 918.48956 283.97925 ... 11983.615       41444.714           256.19708
-----------------------------------------
74
/mnt//archive/draco2/2024/24_01_06//ad0074.fits
flat found.  dividing by flatfield
read ra/dec for target of: (346.79201, 58.554203)
pixel scale is: 0.9839007432060073
x/y of var, cal1, cal2: 553.8049546545137 417.4008677010764 734.9209136172162 137.6104853425253 918.6896598649173 284.17116334733214
 id  xcenter   ycenter  ...  aper_bkg aper_sum_bkgsub aper_sum_bkgsub_err
       pix       pix    ...                                              
--- --------- --------- ... --------- --------------- -------------------
  1 553.80495 417.40087 ... 11198.624       119582.94           377.10103
  2 734.92091 137.61049 ... 11175.014       120763.78           378.60112
  3 918.68966 284.17116 ... 11068.667       44929.112           259.40595
-----------------------------------------
75
/mnt//archive/draco2/2024/24_01_06//ad0075.fits
flat found.  dividing by flatfield
read ra/dec for target of: (346.79201, 58.554203)
pixel scale is: 0.9840917360920037
x/y of var, cal1, cal2: 553.8959160921689 417.0107032192125 735.2519882737859 137.26580937642763 918.7972436694511 283.78959057071717
 id  xcenter   ycenter  ...  aper_bkg aper_sum_bkgsub aper_sum_bkgsub_err
       pix       pix    ...                                              
--- --------- --------- ... --------- --------------- -------------------
  1 553.89592  417.0107 ... 19323.487       13441.917            228.7223
  2 735.25199 137.26581 ...  19816.45       13429.527            230.8407
  3 918.79724 283.78959 ... 19633.789       4969.0515           210.85926
