read ra/dec for calibration star of: (356.156642, 63.066039) (356.399713, 62.908706)
automag_driver: using file automag_driver
aperture parameters; rad, r_in, r_out: 5.0, 15.0, 25.0
-----------------------------------------
97
/mnt//archive/draco2/2024/24_10_14//ad0097.fits
flat found.  dividing by flatfield
read ra/dec for target of: (356.260948, 63.003853)
pixel scale is: 0.9853965456448324
x/y of var, cal1, cal2: 542.7605613172551 443.0128164943475 752.6612209459422 636.5013092606262 254.39771240250286 141.59023134183184
 id  xcenter   ycenter  ...  aper_bkg aper_sum_bkgsub aper_sum_bkgsub_err
       pix       pix    ...                                              
--- --------- --------- ... --------- --------------- -------------------
  1 542.76056 443.01282 ... 76767.543       41099.476             441.429
  2 752.66122 636.50131 ...   75697.4       43071.173             441.238
  3 254.39771 141.59023 ... 78710.339       19203.027           420.53383
-----------------------------------------
98
/mnt//archive/draco2/2024/24_10_14//ad0098.fits
flat found.  dividing by flatfield
read ra/dec for target of: (356.260948, 63.003853)
pixel scale is: 0.9853782496485991
x/y of var, cal1, cal2: 542.8501379010926 443.1827367464339 752.7393892885068 636.6761395589889 254.50080346306083 141.75274548246244
 id  xcenter   ycenter  ...  aper_bkg aper_sum_bkgsub aper_sum_bkgsub_err
       pix       pix    ...                                              
--- --------- --------- ... --------- --------------- -------------------
  1 542.85014 443.18274 ... 74223.088       47581.229           443.00384
  2 752.73939 636.67614 ... 73288.053       49130.783           442.64194
  3  254.5008 141.75275 ... 76081.045       22463.208           418.15105
