read ra/dec for calibration star of: (359.428633, 62.690422) (359.62416, 62.747272)
automag_driver: using file automag_driver
aperture parameters; rad, r_in, r_out: 5.0, 15.0, 25.0
-----------------------------------------
46
/mnt//archive/draco2/2019/19_11_08//ad0046.fits
flat found.  dividing by flatfield
read ra/dec for target of: (359.395668, 62.718246)
pixel scale is: 0.9854649574930863
x/y of var, cal1, cal2: 560.7048759231461 431.61780139738386 504.1077500802133 330.744107170138 180.10996417199755 543.4802327084282
 id  xcenter   ycenter  ...  aper_bkg aper_sum_bkgsub aper_sum_bkgsub_err
       pix       pix    ...                                              
--- --------- --------- ... --------- --------------- -------------------
  1 560.70488  431.6178 ... 9975.9049       147197.84           409.11447
  2 504.10775 330.74411 ... 9937.7772       23972.213           209.93515
  3 180.10996 543.48023 ... 10362.436        29997.29           225.71478
-----------------------------------------
47
/mnt//archive/draco2/2019/19_11_08//ad0047.fits
flat found.  dividing by flatfield
read ra/dec for target of: (359.395668, 62.718246)
pixel scale is: 0.9854637958601078
x/y of var, cal1, cal2: 561.8268488345848 431.56574041485686 505.2309450704505 330.68902589438073 181.12047182240053 543.408791801191
 id  xcenter   ycenter  ...  aper_bkg aper_sum_bkgsub aper_sum_bkgsub_err
       pix       pix    ...                                              
--- --------- --------- ... --------- --------------- -------------------
  1 561.82685 431.56574 ... 9314.7088       150107.11            411.0493
  2 505.23095 330.68903 ... 9353.8821       24686.166           208.85146
  3 181.12047 543.40879 ... 9537.3784       30528.455           223.22234
-----------------------------------------
48
/mnt//archive/draco2/2019/19_11_08//ad0048.fits
flat found.  dividing by flatfield
read ra/dec for target of: (359.395668, 62.718246)
pixel scale is: 0.9853609878925903
x/y of var, cal1, cal2: 562.7798159262974 431.6484300410782 506.1879869187944 330.76737784796717 182.0859424824123 543.5447724050542
 id  xcenter   ycenter  ...  aper_bkg aper_sum_bkgsub aper_sum_bkgsub_err
       pix       pix    ...                                              
--- --------- --------- ... --------- --------------- -------------------
  1 562.77982 431.64843 ... 8981.0381       156469.53           417.91938
  2 506.18799 330.76738 ... 8733.4581       26370.624           209.91079
  3 182.08594 543.54477 ... 9065.3294       32658.977            225.8642
-----------------------------------------
49
/mnt//archive/draco2/2019/19_11_08//ad0049.fits
flat found.  dividing by flatfield
read ra/dec for target of: (359.395668, 62.718246)
pixel scale is: 0.9854870486972584
x/y of var, cal1, cal2: 562.691695798773 431.72611928386885 506.09402311466727 330.8491513162511 181.9943764875003 543.5488141972389
 id  xcenter   ycenter  ...  aper_bkg aper_sum_bkgsub aper_sum_bkgsub_err
       pix       pix    ...                                              
--- --------- --------- ... --------- --------------- -------------------
  1  562.6917 431.72612 ... 8464.6824       162575.03           423.94504
  2 506.09402 330.84915 ... 8442.7101       26790.494           209.52545
  3 181.99438 543.54881 ... 8768.8677       33282.406           225.93172
-----------------------------------------
50
/mnt//archive/draco2/2019/19_11_08//ad0050.fits
flat found.  dividing by flatfield
read ra/dec for target of: (359.395668, 62.718246)
pixel scale is: 0.9853404925405523
x/y of var, cal1, cal2: 562.6978137933077 431.8879011654215 506.1179160403918 331.00399010063495 182.03930782884828 543.7814636348038
 id  xcenter   ycenter  ...  aper_bkg aper_sum_bkgsub aper_sum_bkgsub_err
       pix       pix    ...                                              
--- --------- --------- ... --------- --------------- -------------------
  1 562.69781  431.8879 ... 8373.0526       164007.46           425.41576
  2 506.11792 331.00399 ... 8175.0627       26667.642           207.94895
  3 182.03931 543.78146 ... 8430.5689       33827.056           225.63952
-----------------------------------------
51
/mnt//archive/draco2/2019/19_11_08//ad0051.fits
flat found.  dividing by flatfield
read ra/dec for target of: (359.395668, 62.718246)
pixel scale is: 0.9853530350348543
x/y of var, cal1, cal2: 562.9819709882235 431.95068289985863 506.4044364475329 331.059131611069 182.40670926080145 543.7827764930441
 id  xcenter   ycenter  ...  aper_bkg aper_sum_bkgsub aper_sum_bkgsub_err
       pix       pix    ...                                              
--- --------- --------- ... --------- --------------- -------------------
  1 562.98197 431.95068 ... 7947.1203       167123.88           428.06906
  2 506.40444 331.05913 ...  7917.311       27376.478           208.41329
  3 182.40671 543.78278 ... 8185.4784       34050.231           225.04708
-----------------------------------------
52
/mnt//archive/draco2/2019/19_11_08//ad0052.fits
flat found.  dividing by flatfield
read ra/dec for target of: (359.395668, 62.718246)
pixel scale is: 0.9853479635969284
x/y of var, cal1, cal2: 563.8800695088668 431.875185703672 507.27346265933284 330.9821973120747 183.15610342807975 543.7016845707332
 id  xcenter   ycenter  ...  aper_bkg aper_sum_bkgsub aper_sum_bkgsub_err
       pix       pix    ...                                              
--- --------- --------- ... --------- --------------- -------------------
  1 563.88007 431.87519 ...   7706.11       170318.29           431.22559
  2 507.27346  330.9822 ... 7679.3707       27647.544           207.92134
  3  183.1561 543.70168 ... 7851.8147       34829.955           225.29666
-----------------------------------------
53
/mnt//archive/draco2/2019/19_11_08//ad0053.fits
flat found.  dividing by flatfield
read ra/dec for target of: (359.395668, 62.718246)
pixel scale is: 0.9856158950432744
x/y of var, cal1, cal2: 563.6206253614141 431.9729182043122 507.03127271976194 331.1123309896783 183.00814721365367 543.8024703331547
 id  xcenter   ycenter  ...  aper_bkg aper_sum_bkgsub aper_sum_bkgsub_err
       pix       pix    ...                                              
--- --------- --------- ... --------- --------------- -------------------
  1 563.62063 431.97292 ... 7719.1051       169441.13           430.23754
  2 507.03127 331.11233 ... 7557.1901       27906.468           207.95636
  3 183.00815 543.80247 ... 7489.2957       34989.747            224.0387
