read ra/dec for calibration star of: (345.13143, 57.808872) (345.483373, 57.92029)
automag_driver: using file automag_driver
aperture parameters; rad, r_in, r_out: 5.0, 15.0, 25.0
-----------------------------------------
266
/mnt//archive/draco2/2024/24_11_10//ad0266.fits
flat found.  dividing by flatfield
read ra/dec for target of: (345.338038, 57.867027)
pixel scale is: 0.9847894160392442
x/y of var, cal1, cal2: 554.2572961632039 415.7788474694193 207.3090936634353 709.7423821531311 787.5406332049375 164.3709161081266
 id  xcenter   ycenter  ...  aper_bkg aper_sum_bkgsub aper_sum_bkgsub_err
       pix       pix    ...                                              
--- --------- --------- ... --------- --------------- -------------------
  1  554.2573 415.77885 ... 28918.788       83956.701           376.85445
  2 207.30909 709.74238 ... 29076.993       235994.95           542.56238
  3 787.54063 164.37092 ... 29090.259       138915.54           444.20835
-----------------------------------------
267
/mnt//archive/draco2/2024/24_11_10//ad0267.fits
flat found.  dividing by flatfield
read ra/dec for target of: (345.338038, 57.867027)
pixel scale is: 0.9848326703454688
x/y of var, cal1, cal2: 554.4596394461125 416.19755024076574 207.5077693704551 710.1319111584792 787.743407766759 164.81159630352244
 id  xcenter   ycenter  ...  aper_bkg aper_sum_bkgsub aper_sum_bkgsub_err
       pix       pix    ...                                              
--- --------- --------- ... --------- --------------- -------------------
  1 554.45964 416.19755 ... 29065.242       83425.985            376.5388
  2 207.50777 710.13191 ... 29180.795       235154.71           541.97905
  3 787.74341  164.8116 ... 29238.578       138462.15           444.03188
-----------------------------------------
268
/mnt//archive/draco2/2024/24_11_10//ad0268.fits
flat found.  dividing by flatfield
read ra/dec for target of: (345.338038, 57.867027)
pixel scale is: 0.9847874214896797
x/y of var, cal1, cal2: 554.4137826548547 416.3475043871126 207.4660725448041 710.2683620354214 787.6940589540337 164.96816057221764
 id  xcenter   ycenter  ...  aper_bkg aper_sum_bkgsub aper_sum_bkgsub_err
       pix       pix    ...                                              
--- --------- --------- ... --------- --------------- -------------------
  1 554.41378  416.3475 ... 29230.442       83521.158           377.10349
  2 207.46607 710.26836 ... 29460.591       234042.36           541.46887
  3 787.69406 164.96816 ... 29436.387       138669.42           444.71024
-----------------------------------------
269
/mnt//archive/draco2/2024/24_11_10//ad0269.fits
flat found.  dividing by flatfield
read ra/dec for target of: (345.338038, 57.867027)
pixel scale is: 0.9849745563130732
x/y of var, cal1, cal2: 554.6854284116284 416.04114212863834 207.75780322878143 709.9125744360448 787.950672168652 164.70524164410216
 id  xcenter   ycenter  ...  aper_bkg aper_sum_bkgsub aper_sum_bkgsub_err
       pix       pix    ...                                              
--- --------- --------- ... --------- --------------- -------------------
  1 554.68543 416.04114 ... 28942.749       84941.953           378.22275
  2  207.7578 709.91257 ... 29098.044       238828.87           545.20635
  3 787.95067 164.70524 ... 29230.249       141061.78           446.93095
