read ra/dec for calibration star of: (304.067125, 42.123947) (303.970146, 42.191825)
automag_driver: using file automag_driver
aperture parameters; rad, r_in, r_out: 5.0, 15.0, 25.0
-----------------------------------------
112
/mnt//archive/draco2/2024/24_11_14//ad0112.fits
flat found.  dividing by flatfield
read ra/dec for target of: (304.052831, 42.108719)
pixel scale is: 0.9838527217916984
x/y of var, cal1, cal2: 553.611469828048 417.8339719416621 582.0418131577748 356.1917248159407 279.69478128404717 157.46207323187633
 id  xcenter   ycenter  ...  aper_bkg aper_sum_bkgsub aper_sum_bkgsub_err
       pix       pix    ...                                              
--- --------- --------- ... --------- --------------- -------------------
  1 553.61147 417.83397 ... 32938.759       38280.655           323.08385
  2 582.04181 356.19172 ... 33145.691       66676.057           364.95539
  3 279.69478 157.46207 ...  34063.17       34234.089            320.2896
-----------------------------------------
113
/mnt//archive/draco2/2024/24_11_14//ad0113.fits
flat found.  dividing by flatfield
read ra/dec for target of: (304.052831, 42.108719)
pixel scale is: 0.9838364743956735
x/y of var, cal1, cal2: 553.5920834909098 417.4285492541845 582.0116003923144 355.78579572620487 279.6575473736374 157.04735179865122
 id  xcenter   ycenter  ...  aper_bkg aper_sum_bkgsub aper_sum_bkgsub_err
       pix       pix    ...                                              
--- --------- --------- ... --------- --------------- -------------------
  1 553.59208 417.42855 ... 33249.163       37500.527           322.83719
  2  582.0116  355.7858 ... 33660.698       65045.518           364.13173
  3 279.65755 157.04735 ... 34852.106       32330.135           319.78015
-----------------------------------------
114
/mnt//archive/draco2/2024/24_11_14//ad0114.fits
flat found.  dividing by flatfield
read ra/dec for target of: (304.052831, 42.108719)
pixel scale is: 0.9840392696971734
x/y of var, cal1, cal2: 553.5222661929629 417.5669897991183 581.9380157804102 355.93726682851553 279.628134018017 157.23630742981896
 id  xcenter   ycenter  ...  aper_bkg aper_sum_bkgsub aper_sum_bkgsub_err
       pix       pix    ...                                              
--- --------- --------- ... --------- --------------- -------------------
  1 553.52227 417.56699 ... 33432.203       37807.371           323.87772
  2 581.93802 355.93727 ... 33632.621       65655.566            364.8915
  3 279.62813 157.23631 ... 34523.911       34013.074           321.38123
-----------------------------------------
115
