read ra/dec for calibration star of: (0.218629, 60.937206) (0.376096, 60.945706)
automag_driver: using file automag_driver
aperture parameters; rad, r_in, r_out: 5.0, 15.0, 25.0
-----------------------------------------
57
/mnt//archive/draco2/2024/24_11_25//ad0057.fits
flat found.  dividing by flatfield
read ra/dec for target of: (0.246827, 60.959009)
pixel scale is: 0.9839709853199875
x/y of var, cal1, cal2: 553.8093501850427 417.9790229504335 601.3735008089125 336.6571749353699 322.7265379899061 376.914206065569
 id  xcenter   ycenter  ...  aper_bkg aper_sum_bkgsub aper_sum_bkgsub_err
       pix       pix    ...                                              
--- --------- --------- ... --------- --------------- -------------------
  1 553.80935 417.97902 ...  20650.13       44703.719           293.64771
  2  601.3735 336.65717 ... 20747.292       20458.273           249.35488
  3 322.72654 376.91421 ... 20707.304       11712.191           230.98008
-----------------------------------------
58
/mnt//archive/draco2/2024/24_11_25//ad0058.fits
flat found.  dividing by flatfield
read ra/dec for target of: (0.246827, 60.959009)
pixel scale is: 0.983816737921907
x/y of var, cal1, cal2: 554.9838647534799 417.8456765989181 602.5426966205675 336.5175929491875 323.8848303672529 376.74277899016124
 id  xcenter   ycenter  ...  aper_bkg aper_sum_bkgsub aper_sum_bkgsub_err
       pix       pix    ...                                              
--- --------- --------- ... --------- --------------- -------------------
  1 554.98386 417.84568 ... 20400.423        45808.16            294.6761
  2  602.5427 336.51759 ... 20585.409       20205.431           248.19599
  3 323.88483 376.74278 ... 20855.848       11261.421           230.64717
-----------------------------------------
59
/mnt//archive/draco2/2024/24_11_25//ad0059.fits
flat found.  dividing by flatfield
read ra/dec for target of: (0.246827, 60.959009)
pixel scale is: 0.9837256917871318
x/y of var, cal1, cal2: 555.1230661598743 417.9439841156527 602.6878200380754 336.6101051755962 324.0152702637691 376.828863931296
 id  xcenter   ycenter  ...  aper_bkg aper_sum_bkgsub aper_sum_bkgsub_err
       pix       pix    ...                                              
--- --------- --------- ... --------- --------------- -------------------
  1 555.12307 417.94398 ... 21085.772       44056.481           294.02895
  2 602.68782 336.61011 ...  21084.38       20029.987           249.84745
  3 324.01527 376.82886 ... 21037.472       10651.952           230.11279
-----------------------------------------
60
/mnt//archive/draco2/2024/24_11_25//ad0060.fits
flat found.  dividing by flatfield
read ra/dec for target of: (0.246827, 60.959009)
pixel scale is: 0.9834961773263609
x/y of var, cal1, cal2: 554.6056102823029 418.0300892042913 602.1642088234681 336.67229445771727 323.4971205851451 376.9293604902223
 id  xcenter   ycenter  ...  aper_bkg aper_sum_bkgsub aper_sum_bkgsub_err
       pix       pix    ...                                              
--- --------- --------- ... --------- --------------- -------------------
  1 554.60561 418.03009 ... 22886.407        35659.32           285.75712
  2 602.16421 336.67229 ... 23046.866       15798.658           249.23361
  3 323.49712 376.92936 ... 23229.428       7964.6006           233.77009
-----------------------------------------
61
/mnt//archive/draco2/2024/24_11_25//ad0061.fits
flat found.  dividing by flatfield
read ra/dec for target of: (0.246827, 60.959009)
pixel scale is: 0.983964319745917
x/y of var, cal1, cal2: 554.243048497493 418.10845453006186 601.804540445749 336.7884117040984 323.157151701417 377.0319178313382
 id  xcenter   ycenter  ...  aper_bkg aper_sum_bkgsub aper_sum_bkgsub_err
       pix       pix    ...                                              
--- --------- --------- ... --------- --------------- -------------------
  1 554.24305 418.10845 ... 23043.252       35883.326           286.69641
  2 601.80454 336.78841 ...  23135.97        15445.13           248.88164
  3 323.15715 377.03192 ... 23456.631       7974.7344           234.76157
