read ra/dec for calibration star of: (350.640742, 62.791417) (350.801063, 62.783467)
automag_driver: using file automag_driver
aperture parameters; rad, r_in, r_out: 5.0, 15.0, 25.0
-----------------------------------------
73
/mnt//archive/draco2/2018/18_11_21//ad0073.fits
flat found.  dividing by flatfield
read ra/dec for target of: (350.618496, 62.757151)
pixel scale is: 0.9859712346994791
x/y of var, cal1, cal2: 564.8123386167314 425.68129747688 520.694058132172 548.5121254498589 254.99871755264542 504.89445091765185
 id  xcenter   ycenter  ...  aper_bkg aper_sum_bkgsub aper_sum_bkgsub_err
       pix       pix    ...                                              
--- --------- --------- ... --------- --------------- -------------------
  1 564.81234  425.6813 ... 25615.754       161919.26           461.92615
  2 520.69406 548.51213 ...  25474.57       106715.51           397.35331
  3 254.99872 504.89445 ... 25835.042       48301.219           316.53799
-----------------------------------------
74
/mnt//archive/draco2/2018/18_11_21//ad0074.fits
flat found.  dividing by flatfield
read ra/dec for target of: (350.618496, 62.757151)
pixel scale is: 0.9860866561082187
x/y of var, cal1, cal2: 565.3650268957048 425.69610756036275 521.2681566028119 548.5183955617365 255.5981666587959 504.9409626841466
 id  xcenter   ycenter  ...  aper_bkg aper_sum_bkgsub aper_sum_bkgsub_err
       pix       pix    ...                                              
--- --------- --------- ... --------- --------------- -------------------
  1 565.36503 425.69611 ... 25428.566       162727.83           462.39589
  2 521.26816  548.5184 ...  25347.41       106418.94            396.6595
  3 255.59817 504.94096 ... 25846.461       48075.798           316.21783
-----------------------------------------
75
/mnt//archive/draco2/2018/18_11_21//ad0075.fits
flat found.  dividing by flatfield
read ra/dec for target of: (350.618496, 62.757151)
pixel scale is: 0.985947691222052
x/y of var, cal1, cal2: 565.6510895376284 425.96749550880986 521.5654974004144 548.8133841730189 255.85182686779825 505.2676543772717
 id  xcenter   ycenter  ...  aper_bkg aper_sum_bkgsub aper_sum_bkgsub_err
       pix       pix    ...                                              
--- --------- --------- ... --------- --------------- -------------------
  1 565.65109  425.9675 ... 25410.607       161522.69           461.05195
  2  521.5655 548.81338 ... 25277.859       106338.26           396.38237
  3 255.85183 505.26765 ... 25684.833       48383.415           316.19311
-----------------------------------------
76
/mnt//archive/draco2/2018/18_11_21//ad0076.fits
flat found.  dividing by flatfield
read ra/dec for target of: (350.618496, 62.757151)
pixel scale is: 0.9858584158471669
x/y of var, cal1, cal2: 565.7353669693745 426.2686073932698 521.636170929354 549.1221527202182 255.90188151906102 505.55168323542034
 id  xcenter   ycenter  ...  aper_bkg aper_sum_bkgsub aper_sum_bkgsub_err
       pix       pix    ...                                              
--- --------- --------- ... --------- --------------- -------------------
  1 565.73537 426.26861 ... 25777.984       159723.98           459.89667
  2 521.63617 549.12215 ... 25529.351       105634.96            396.1296
  3 255.90188 505.55168 ... 26236.968       46597.105           315.11274
