read ra/dec for calibration star of: (356.156642, 63.066039) (356.399713, 62.908706)
automag_driver: using file automag_driver
aperture parameters; rad, r_in, r_out: 5.0, 15.0, 25.0
-----------------------------------------
169
/mnt//archive/far-east-20/2024/24_10_17//ad0169.fits
flat found.  dividing by flatfield
read ra/dec for target of: (356.260948, 63.003853)
pixel scale is: 1.0699788054233788
x/y of var, cal1, cal2: 435.07423829700554 432.75467280206374 585.995688153094 647.9045994431177 234.7199657206479 105.13653850754184
 id  xcenter   ycenter  ...  aper_bkg aper_sum_bkgsub aper_sum_bkgsub_err
       pix       pix    ...                                              
--- --------- --------- ... --------- --------------- -------------------
  1 435.07424 432.75467 ... 179806.68       59689.025           647.70933
  2 585.99569  647.9046 ... 173074.04       67097.696           643.01694
  3 234.71997 105.13654 ... 193322.06       27851.266           643.98788
-----------------------------------------
170
/mnt//archive/far-east-20/2024/24_10_17//ad0170.fits
flat found.  dividing by flatfield
read ra/dec for target of: (356.260948, 63.003853)
pixel scale is: 1.0698308291133836
x/y of var, cal1, cal2: 435.05640945127385 432.8595646306441 585.8542778252516 648.0583829449745 234.8850796780824 105.17070391890582
 id  xcenter   ycenter  ...  aper_bkg aper_sum_bkgsub aper_sum_bkgsub_err
       pix       pix    ...                                              
--- --------- --------- ... --------- --------------- -------------------
  1 435.05641 432.85956 ... 122798.53       120254.96           605.04299
  2 585.85428 648.05838 ... 122135.71       131242.91           612.97579
  3 234.88508  105.1707 ... 124041.45       55191.621           550.90791
-----------------------------------------
171
/mnt//archive/far-east-20/2024/24_10_17//ad0171.fits
flat found.  dividing by flatfield
read ra/dec for target of: (356.260948, 63.003853)
pixel scale is: 1.0700294288131669
x/y of var, cal1, cal2: 434.92695111957335 432.45523262317107 585.784613866378 647.574338914612 234.66737974166452 104.87999078141286
 id  xcenter   ycenter  ...  aper_bkg aper_sum_bkgsub aper_sum_bkgsub_err
       pix       pix    ...                                              
--- --------- --------- ... --------- --------------- -------------------
  1 434.92695 432.45523 ... 98144.296        163848.3            600.3015
  2 585.78461 647.57434 ... 100340.55       178276.14           615.77775
  3 234.66738 104.87999 ... 95998.816       78715.922           520.51758
-----------------------------------------
172
/mnt//archive/far-east-20/2024/24_10_17//ad0172.fits
flat found.  dividing by flatfield
read ra/dec for target of: (356.260948, 63.003853)
pixel scale is: 1.0701882918293564
x/y of var, cal1, cal2: 434.839992953045 432.57897380492517 585.6484639518268 647.6740708812725 234.65271134104484 105.04183356875342
 id  xcenter   ycenter  ...  aper_bkg aper_sum_bkgsub aper_sum_bkgsub_err
       pix       pix    ...                                              
--- --------- --------- ... --------- --------------- -------------------
  1 434.83999 432.57897 ... 178595.04       54703.322           641.96448
  2 585.64846 647.67407 ... 175380.78       61272.038           642.07367
  3 234.65271 105.04183 ... 177396.33       26713.692           617.84411
