read ra/dec for calibration star of: (359.428633, 62.690422) (359.62416, 62.747272)
automag_driver: using file automag_driver
aperture parameters; rad, r_in, r_out: 5.0, 15.0, 25.0
-----------------------------------------
71
/mnt//archive/draco2/2018/18_10_28//ad0071.fits
flat found.  dividing by flatfield
read ra/dec for target of: (359.395668, 62.718246)
pixel scale is: 0.9847736943400598
x/y of var, cal1, cal2: 548.6519392662651 427.182456440343 497.43425707879646 323.3723136828707 162.23330427137614 518.7368787982898
 id  xcenter   ycenter  ...  aper_bkg aper_sum_bkgsub aper_sum_bkgsub_err
       pix       pix    ...                                              
--- --------- --------- ... --------- --------------- -------------------
  1 548.65194 427.18246 ... 6325.8009       224936.51           487.66086
  2 497.43426 323.37231 ... 6150.6014       28338.824             202.151
  3  162.2333 518.73688 ... 6374.9959       35417.957           219.98397
-----------------------------------------
72
/mnt//archive/draco2/2018/18_10_28//ad0072.fits
flat found.  dividing by flatfield
read ra/dec for target of: (359.395668, 62.718246)
pixel scale is: 0.9845476455303777
x/y of var, cal1, cal2: 549.1451063408591 427.17480741724927 497.92364821329187 323.3368968775651 162.63076285420578 518.720528422262
 id  xcenter   ycenter  ...  aper_bkg aper_sum_bkgsub aper_sum_bkgsub_err
       pix       pix    ...                                              
--- --------- --------- ... --------- --------------- -------------------
  1 549.14511 427.17481 ... 6238.3917       215415.63           477.61639
  2 497.92365  323.3369 ... 6066.0629       27385.933           199.35661
  3 162.63076 518.72053 ... 6224.1012       34029.948           216.10912
-----------------------------------------
73
-----------------------------------------
74
