read ra/dec for calibration star of: (350.640742, 62.791417) (350.801063, 62.783467)
automag_driver: using file automag_driver
aperture parameters; rad, r_in, r_out: 5.0, 15.0, 25.0
-----------------------------------------
103
/mnt//archive/draco2/2024/24_10_14//ad0103.fits
flat found.  dividing by flatfield
read ra/dec for target of: (350.618496, 62.757151)
pixel scale is: 0.9851899182224443
x/y of var, cal1, cal2: 552.3334440113701 417.4779460082298 537.7205904406734 547.2779760374431 268.9659470295937 566.1769759630232
 id  xcenter   ycenter  ...  aper_bkg aper_sum_bkgsub aper_sum_bkgsub_err
       pix       pix    ...                                              
--- --------- --------- ... --------- --------------- -------------------
  1 552.33344 417.47795 ...  39044.59       28769.075           327.23578
  2 537.72059 547.27798 ... 39057.066       36473.171           338.83964
  3 268.96595 566.17698 ... 39576.891       16112.194           309.01614
-----------------------------------------
104
/mnt//archive/draco2/2024/24_10_14//ad0104.fits
flat found.  dividing by flatfield
read ra/dec for target of: (350.618496, 62.757151)
pixel scale is: 0.9852270647641796
x/y of var, cal1, cal2: 552.3353389517005 417.64891578900716 537.7476676741138 547.4454518736036 268.9488369180683 566.3695802777779
 id  xcenter   ycenter  ...  aper_bkg aper_sum_bkgsub aper_sum_bkgsub_err
       pix       pix    ...                                              
--- --------- --------- ... --------- --------------- -------------------
  1 552.33534 417.64892 ... 38743.564       30081.897           328.32001
  2 537.74767 547.44545 ... 38488.911       36513.919           337.21913
  3 268.94884 566.36958 ...  39051.59       16809.679           308.44426
