read ra/dec for calibration star of: (352.175813, 63.31704) (352.539642, 63.389221)
automag_driver: using file automag_driver
aperture parameters; rad, r_in, r_out: 5.0, 15.0, 25.0
-----------------------------------------
242
/mnt//archive/west-14/2024/24_10_19//ad0242.fits
flat found.  dividing by flatfield
read ra/dec for target of: (352.303175, 63.374302)
pixel scale is: 0.9112694574958629
x/y of var, cal1, cal2: 567.2544371423189 424.02215798434645 797.6583592843914 202.77810294479642 148.00414638953322 475.02045196699663
 id  xcenter   ycenter  ...  aper_bkg aper_sum_bkgsub aper_sum_bkgsub_err
       pix       pix    ...                                              
--- --------- --------- ... --------- --------------- -------------------
  1 567.25444 424.02216 ... 19460.252       44829.062           289.78365
  2 797.65836  202.7781 ... 19535.677        216737.9           505.99827
  3 148.00415 475.02045 ... 19348.958       135952.02           418.18051
-----------------------------------------
243
/mnt//archive/west-14/2024/24_10_19//ad0243.fits
flat found.  dividing by flatfield
read ra/dec for target of: (352.303175, 63.374302)
pixel scale is: 0.9113819236154641
x/y of var, cal1, cal2: 567.6348142085253 423.64196074695184 798.0463915416523 202.4311190682492 148.39102100572944 474.623203078463
 id  xcenter   ycenter  ...  aper_bkg aper_sum_bkgsub aper_sum_bkgsub_err
       pix       pix    ...                                              
--- --------- --------- ... --------- --------------- -------------------
  1 567.63481 423.64196 ...  19362.89       44641.362           289.12306
  2 798.04639 202.43112 ... 19513.745       217613.15           506.81914
  3 148.39102  474.6232 ... 19391.044       134930.63           417.05841
-----------------------------------------
244
/mnt//archive/west-14/2024/24_10_19//ad0244.fits
flat found.  dividing by flatfield
read ra/dec for target of: (352.303175, 63.374302)
pixel scale is: 0.9115205322586626
x/y of var, cal1, cal2: 567.919989377067 423.62846123740115 798.2726058101932 202.43584607376633 148.83993830497508 474.6299837157525
 id  xcenter   ycenter  ...  aper_bkg aper_sum_bkgsub aper_sum_bkgsub_err
       pix       pix    ...                                              
--- --------- --------- ... --------- --------------- -------------------
  1 567.91999 423.62846 ... 19558.065       44281.061           289.17502
  2 798.27261 202.43585 ... 19781.906       219284.07           508.99202
  3 148.83994 474.62998 ... 19602.732       134844.93           417.46305
-----------------------------------------
245
/mnt//archive/west-14/2024/24_10_19//ad0245.fits
flat found.  dividing by flatfield
read ra/dec for target of: (352.303175, 63.374302)
pixel scale is: 0.9113925214458144
x/y of var, cal1, cal2: 568.9224827287272 423.5755558577903 799.3232893552721 202.36297927175806 149.77039282709893 474.56402886986416
 id  xcenter   ycenter  ...  aper_bkg aper_sum_bkgsub aper_sum_bkgsub_err
       pix       pix    ...                                              
--- --------- --------- ... --------- --------------- -------------------
  1 568.92248 423.57556 ... 19379.462       44100.812           288.24423
  2 799.32329 202.36298 ... 19304.367        216296.4           505.10408
  3 149.77039 474.56403 ... 19258.349       134062.45           415.69718
