read ra/dec for calibration star of: (329.455221, 56.2075) (329.569579, 56.130481)
automag_driver: using file automag_driver
aperture parameters; rad, r_in, r_out: 5.0, 15.0, 25.0
-----------------------------------------
45
/mnt//archive/draco2/2024/24_11_22//ad0045.fits
flat found.  dividing by flatfield
read ra/dec for target of: (329.469547, 56.1639)
pixel scale is: 0.9829354496252896
x/y of var, cal1, cal2: 554.2052139434155 416.95652933558233 497.5264195207123 264.84749584123347 776.5658267885343 501.5612736280199
 id  xcenter   ycenter  ...  aper_bkg aper_sum_bkgsub aper_sum_bkgsub_err
       pix       pix    ...                                              
--- --------- --------- ... --------- --------------- -------------------
  1 554.20521 416.95653 ... 15046.342       169858.17           447.41016
  2 497.52642  264.8475 ... 15210.087       158245.12           434.61511
  3 776.56583 501.56127 ... 14659.469        35201.13           254.45052
-----------------------------------------
46
/mnt//archive/draco2/2024/24_11_22//ad0046.fits
flat found.  dividing by flatfield
read ra/dec for target of: (329.469547, 56.1639)
pixel scale is: 0.9828874104056645
x/y of var, cal1, cal2: 553.9992162767697 416.86966670761205 497.3392728427077 264.75206858525837 776.3279772544349 501.4829794142391
 id  xcenter   ycenter  ...  aper_bkg aper_sum_bkgsub aper_sum_bkgsub_err
       pix       pix    ...                                              
--- --------- --------- ... --------- --------------- -------------------
  1 553.99922 416.86967 ... 14706.168       171544.42           448.53289
  2 497.33927 264.75207 ... 15166.683       158189.73           434.45149
  3 776.32798 501.48298 ... 14392.983       35224.489           253.44714
-----------------------------------------
47
/mnt//archive/draco2/2024/24_11_22//ad0047.fits
flat found.  dividing by flatfield
read ra/dec for target of: (329.469547, 56.1639)
pixel scale is: 0.9828275703201779
x/y of var, cal1, cal2: 553.7580129274212 416.6298064136027 497.0845298927692 264.5047887328043 776.0986820433989 501.24104293918276
 id  xcenter   ycenter  ...  aper_bkg aper_sum_bkgsub aper_sum_bkgsub_err
       pix       pix    ...                                              
--- --------- --------- ... --------- --------------- -------------------
  1 553.75801 416.62981 ... 15278.749       173527.65            452.0068
  2 497.08453 264.50479 ... 15410.938       161878.84            439.2331
  3 776.09868 501.24104 ... 15003.599       35816.355           256.99913
-----------------------------------------
48
/mnt//archive/draco2/2024/24_11_22//ad0048.fits
flat found.  dividing by flatfield
read ra/dec for target of: (329.469547, 56.1639)
pixel scale is: 0.9830152694515703
x/y of var, cal1, cal2: 554.3711694824274 416.9297281463267 497.70267451796536 264.83491729086575 776.7212437572448 501.52025958963407
 id  xcenter   ycenter  ...  aper_bkg aper_sum_bkgsub aper_sum_bkgsub_err
       pix       pix    ...                                              
--- --------- --------- ... --------- --------------- -------------------
  1 554.37117 416.92973 ... 14972.228       169460.36           446.79953
  2 497.70267 264.83492 ... 14927.403       159417.86            435.3133
  3 776.72124 501.52026 ...   14519.4       34286.389           252.09163
