read ra/dec for calibration star of: (304.067125, 42.123947) (303.970146, 42.191825)
automag_driver: using file automag_driver
aperture parameters; rad, r_in, r_out: 5.0, 15.0, 25.0
-----------------------------------------
24
-----------------------------------------
25
/mnt//archive/draco2/2018/18_11_13//ad0025.fits
flat found.  dividing by flatfield
read ra/dec for target of: (304.052831, 42.108719)
pixel scale is: 0.9882931604123701
x/y of var, cal1, cal2: 576.6099748702842 410.25852345398255 538.4560091390698 466.05141332294204 802.2793565427014 711.2143754088858
 id  xcenter   ycenter  ...  aper_bkg aper_sum_bkgsub aper_sum_bkgsub_err
       pix       pix    ...                                              
--- --------- --------- ... --------- --------------- -------------------
  1 576.60997 410.25852 ... 61271.786       21314.454            379.5827
  2 538.45601 466.05141 ... 61638.573       36378.737           399.85108
  3 802.27936 711.21438 ... 62282.219       17580.527           377.31945
-----------------------------------------
26
-----------------------------------------
27
/mnt//archive/draco2/2018/18_11_13//ad0027.fits
flat found.  dividing by flatfield
read ra/dec for target of: (304.052831, 42.108719)
pixel scale is: 0.9877162416992752
x/y of var, cal1, cal2: 576.8700353783161 410.45992110743157 538.6573637583987 466.2609822011129 802.477014926865 711.7418060029793
 id  xcenter   ycenter  ...  aper_bkg aper_sum_bkgsub aper_sum_bkgsub_err
       pix       pix    ...                                              
--- --------- --------- ... --------- --------------- -------------------
  1 576.87004 410.45992 ... 50690.691       38034.012           373.68488
  2 538.65736 466.26098 ... 50941.526       66042.018           410.06106
  3 802.47701 711.74181 ... 51434.669        33489.26           369.57218
-----------------------------------------
28
/mnt//archive/draco2/2018/18_11_13//ad0028.fits
flat found.  dividing by flatfield
read ra/dec for target of: (304.052831, 42.108719)
pixel scale is: 0.9875973343109732
x/y of var, cal1, cal2: 577.1908144971777 410.3638068659483 538.9603292811106 466.1625359896874 802.7536064571448 711.7353821192879
 id  xcenter   ycenter  ...  aper_bkg aper_sum_bkgsub aper_sum_bkgsub_err
       pix       pix    ...                                              
--- --------- --------- ... --------- --------------- -------------------
  1 577.19081 410.36381 ... 52843.752       32515.905           372.05968
  2 538.96033 466.16254 ... 52953.208       56029.002           402.69147
  3 802.75361 711.73538 ... 53481.404       27753.728           367.34389
