read ra/dec for calibration star of: (359.428633, 62.690422) (359.62416, 62.747272)
automag_driver: using file automag_driver
aperture parameters; rad, r_in, r_out: 5.0, 15.0, 25.0
-----------------------------------------
34
/mnt//archive/draco2/2019/19_11_17//ad0034.fits
flat found.  dividing by flatfield
read ra/dec for target of: (359.395668, 62.718246)
pixel scale is: 0.9858172142627755
x/y of var, cal1, cal2: 571.8991874026402 421.39998322730554 516.3066348401701 320.0113192774213 190.2374005292932 529.4788066513734
 id  xcenter   ycenter  ...  aper_bkg aper_sum_bkgsub aper_sum_bkgsub_err
       pix       pix    ...                                              
--- --------- --------- ... --------- --------------- -------------------
  1 571.89919 421.39998 ... 7506.3302       147640.98           403.58226
  2 516.30663 320.01132 ... 7609.6308       20466.382           189.50104
  3  190.2374 529.47881 ... 7686.8173       26211.767           204.47592
-----------------------------------------
35
/mnt//archive/draco2/2019/19_11_17//ad0035.fits
flat found.  dividing by flatfield
read ra/dec for target of: (359.395668, 62.718246)
pixel scale is: 0.9858741385387256
x/y of var, cal1, cal2: 572.4618576943047 421.56558212243306 516.8840574081556 320.18724425704266 190.93037446198258 529.66885935176
 id  xcenter   ycenter  ...  aper_bkg aper_sum_bkgsub aper_sum_bkgsub_err
       pix       pix    ...                                              
--- --------- --------- ... --------- --------------- -------------------
  1 572.46186 421.56558 ... 7524.8753       148009.51           404.08447
  2 516.88406 320.18724 ... 7672.2103       20493.776           189.90312
  3 190.93037 529.66886 ... 7810.1355       26436.095           205.62433
-----------------------------------------
36
/mnt//archive/draco2/2019/19_11_17//ad0036.fits
flat found.  dividing by flatfield
read ra/dec for target of: (359.395668, 62.718246)
pixel scale is: 0.9858189280805844
x/y of var, cal1, cal2: 572.5312927692114 421.6130103016289 516.9501093609776 320.2255763170703 190.95560270386102 529.698876972742
 id  xcenter   ycenter  ...  aper_bkg aper_sum_bkgsub aper_sum_bkgsub_err
       pix       pix    ...                                              
--- --------- --------- ... --------- --------------- -------------------
  1 572.53129 421.61301 ... 7714.1236       147197.78           403.54805
  2 516.95011 320.22558 ... 7680.4636       20941.327           191.12105
  3  190.9556 529.69888 ... 7744.1178       26065.952           204.39958
-----------------------------------------
37
/mnt//archive/draco2/2019/19_11_17//ad0037.fits
flat found.  dividing by flatfield
read ra/dec for target of: (359.395668, 62.718246)
pixel scale is: 0.9858111366694909
x/y of var, cal1, cal2: 573.2004894230878 421.9603455320641 517.611335246956 320.5708357338124 191.57700191164338 530.0383157602087
 id  xcenter   ycenter  ...  aper_bkg aper_sum_bkgsub aper_sum_bkgsub_err
       pix       pix    ...                                              
--- --------- --------- ... --------- --------------- -------------------
  1 573.20049 421.96035 ... 7591.0045          144376           399.72867
  2 517.61134 320.57084 ... 7539.1264       20663.019           189.64776
  3   191.577 530.03832 ... 7841.2909       25745.369           204.09055
