1* * * * * * * * * * * * *
 *  A S T R O M E T R Y  *
 * * * * * * * * * * * * *



 Equinox for mean coordinates of results:  J2000.0

 Projection geometry:  Astrograph                              

 Plate centre:  23 07 10.0   +58 33 14     Equinox J2000.0     Epoch J2000.000


 Reference stars:

                n              RA            Dec         pmR    pmD   Equinox   Epoch      px         Xmeas        Ymeas

                1         23 06 01.567  +58 30 13.80  +0.0000 +0.000  J2000.0  J2000.000  0.000    +1057.421     +142.892
                2         23 06 15.358  +58 34 26.98  +0.0000 +0.000  J2000.0  J2000.000  0.000     +993.892     +414.840
                3         23 06 26.520  +58 28 37.29  +0.0000 +0.000  J2000.0  J2000.000  0.000     +844.892      +80.692
                4         23 06 32.174  +58 38 54.45  +0.0000 +0.000  J2000.0  J2000.000  0.000     +909.513     +705.289
                5         23 06 32.855  +58 38 09.70  +0.0000 +0.000  J2000.0  J2000.000  0.000     +896.448     +661.669
                6         23 06 37.644  +58 31 31.75  +0.0000 +0.000  J2000.0  J2000.000  0.000     +788.628     +270.597
                7         23 06 56.646  +58 36 26.51  +0.0000 +0.000  J2000.0  J2000.000  0.000     +692.340     +591.458
                8         23 06 59.914  +58 26 53.41  +0.0000 +0.000  J2000.0  J2000.000  0.000     +564.764      +23.278
                9         23 07 10.076  +58 33 15.07  +0.0000 +0.000  J2000.0  J2000.000  0.000     +553.404     +418.836
               10         23 07 11.078  +58 36 21.67  +0.0000 +0.000  J2000.0  J2000.000  0.000     +578.761     +606.706
               11         23 07 20.642  +58 27 06.63  +0.0000 +0.000  J2000.0  J2000.000  0.000     +404.620      +65.644
               12         23 07 22.318  +58 36 10.41  +0.0000 +0.000  J2000.0  J2000.000  0.000     +489.103     +611.230
               13         23 07 38.681  +58 37 18.43  +0.0000 +0.000  J2000.0  J2000.000  0.000     +372.689     +702.346
               14         23 07 43.928  +58 32 00.72  +0.0000 +0.000  J2000.0  J2000.000  0.000     +275.335     +392.200
               15         23 07 51.219  +58 32 35.72  +0.0000 +0.000  J2000.0  J2000.000  0.000     +224.581     +437.693
               16         23 07 58.176  +58 34 24.07  +0.0000 +0.000  J2000.0  J2000.000  0.000     +189.814     +555.668
               17         23 08 03.896  +58 33 11.72  +0.0000 +0.000  J2000.0  J2000.000  0.000     +132.165     +491.530
               18         23 08 07.022  +58 37 14.87  +0.0000 +0.000  J2000.0  J2000.000  0.000     +151.883     +738.704
               19         23 08 11.985  +58 36 26.00  +0.0000 +0.000  J2000.0  J2000.000  0.000     +104.322     +696.879
               20         23 08 14.392  +58 28 50.38  +0.0000 +0.000  J2000.0  J2000.000  0.000       +2.676     +245.611
1Plate solution: 4-coefficient
 -----------------------------

     X,Y = expected plate coordinates (radians)

     X =  +0.2254092E-02                            Y =  -0.2429104E-02
          -0.4702305E-05 * Xmeas                         +0.8410280E-06 * Xmeas
          +0.8410280E-06 * Ymeas                         +0.4702305E-05 * Ymeas


 Xmeas =   +554.0285                            Ymeas =   +417.4869    
           -206069.7     * X                              +36856.49     * X
           +36856.49     * Y                              +206069.7     * Y


      Plate scale (in measuring units):            0.9853 arcsec
                           Orientation:          +10.140  deg and laterally inverted


 Reference stars:
                             Mean RA,Dec         Equinox J2000.0      Epoch J2000.000           Residuals (arcsec)
                n                    catalogue                     calculated                 dX        dY        dR

                1            23 06 01.567  +58 30 13.80    23 06 01.570  +58 30 13.70      +0.024    -0.095     0.098
                2            23 06 15.358  +58 34 26.98    23 06 15.343  +58 34 26.86      -0.114    -0.110     0.159
                3            23 06 26.520  +58 28 37.29    23 06 26.530  +58 28 37.18      +0.079    -0.101     0.128
                4            23 06 32.174  +58 38 54.45    23 06 32.170  +58 38 54.32      -0.037    -0.131     0.136
                5            23 06 32.855  +58 38 09.70    23 06 32.837  +58 38 09.75      -0.140    +0.052     0.149
                6            23 06 37.644  +58 31 31.75    23 06 37.645  +58 31 31.82      +0.006    +0.071     0.071
                7            23 06 56.646  +58 36 26.51    23 06 56.645  +58 36 26.54      -0.008    +0.034     0.034
                8            23 06 59.914  +58 26 53.41    23 06 59.913  +58 26 53.34      -0.008    -0.068     0.069
                9            23 07 10.076  +58 33 15.07    23 07 10.059  +58 33 15.05      -0.127    -0.018     0.129
               10            23 07 11.078  +58 36 21.67    23 07 11.083  +58 36 21.67      +0.036    +0.000     0.036
               11            23 07 20.642  +58 27 06.63    23 07 20.640  +58 27 06.64      -0.016    +0.012     0.020
               12            23 07 22.318  +58 36 10.41    23 07 22.311  +58 36 10.46      -0.053    +0.056     0.077
               13            23 07 38.681  +58 37 18.43    23 07 38.799  +58 37 18.48      +0.918    +0.056     0.920
               14            23 07 43.928  +58 32 00.72    23 07 43.914  +58 32 00.70      -0.112    -0.018     0.114
               15            23 07 51.219  +58 32 35.72    23 07 51.221  +58 32 35.88      +0.016    +0.160     0.161
               16            23 07 58.176  +58 34 24.07    23 07 58.184  +58 34 24.13      +0.063    +0.054     0.083
               17            23 08 03.896  +58 33 11.71    23 08 03.880  +58 33 11.78      -0.129    +0.061     0.143
               18            23 08 07.022  +58 37 14.87    23 08 07.025  +58 37 14.85      +0.024    -0.017     0.029
               19            23 08 11.985  +58 36 26.00    23 08 11.979  +58 36 25.89      -0.046    -0.111     0.121
               20            23 08 14.392  +58 28 50.38    23 08 14.344  +58 28 50.49      -0.375    +0.114     0.392

                                                                                  RMS :     0.233     0.080     0.246

1Plate solution: 6-coefficient
 -----------------------------

     X,Y = expected plate coordinates (radians)

     X =  +0.2254778E-02                            Y =  -0.2429396E-02
          -0.4702577E-05 * Xmeas                         +0.8416162E-06 * Xmeas
          +0.8397939E-06 * Ymeas                         +0.4702284E-05 * Ymeas


 Xmeas =   +554.0315                            Ymeas =   +417.4809    
           -206063.1     * X                              +36881.23     * X
           +36801.37     * Y                              +206075.9     * Y


     Plate scales (in measuring units):      X     0.9854 arcsec
                                             Y     0.9853 arcsec
                                          mean     0.9853 arcsec
                   Nonperpendicularity:           -0.021  deg
                           Orientation:          +10.136  deg and laterally inverted


 Reference stars:
                             Mean RA,Dec         Equinox J2000.0      Epoch J2000.000           Residuals (arcsec)
                n                    catalogue                     calculated                 dX        dY        dR

                1            23 06 01.567  +58 30 13.80    23 06 01.576  +58 30 13.77      +0.070    -0.027     0.075
                2            23 06 15.358  +58 34 26.98    23 06 15.341  +58 34 26.92      -0.134    -0.052     0.144
                3            23 06 26.520  +58 28 37.29    23 06 26.540  +58 28 37.23      +0.152    -0.059     0.163
                4            23 06 32.174  +58 38 54.45    23 06 32.158  +58 38 54.36      -0.126    -0.083     0.151
                5            23 06 32.855  +58 38 09.70    23 06 32.827  +58 38 09.80      -0.217    +0.098     0.238
                6            23 06 37.644  +58 31 31.75    23 06 37.648  +58 31 31.86      +0.034    +0.105     0.110
                7            23 06 56.646  +58 36 26.51    23 06 56.639  +58 36 26.56      -0.056    +0.055     0.078
                8            23 06 59.914  +58 26 53.41    23 06 59.926  +58 26 53.35      +0.096    -0.060     0.113
                9            23 07 10.076  +58 33 15.07    23 07 10.060  +58 33 15.05      -0.124    -0.013     0.124
               10            23 07 11.078  +58 36 21.67    23 07 11.077  +58 36 21.67      -0.010    +0.008     0.012
               11            23 07 20.642  +58 27 06.63    23 07 20.653  +58 27 06.63      +0.086    +0.001     0.086
               12            23 07 22.318  +58 36 10.41    23 07 22.306  +58 36 10.46      -0.095    +0.052     0.109
               13            23 07 38.681  +58 37 18.43    23 07 38.791  +58 37 18.46      +0.860    +0.038     0.861
               14            23 07 43.928  +58 32 00.72    23 07 43.917  +58 32 00.67      -0.086    -0.046     0.098
               15            23 07 51.219  +58 32 35.72    23 07 51.223  +58 32 35.85      +0.033    +0.125     0.129
               16            23 07 58.176  +58 34 24.07    23 07 58.183  +58 34 24.09      +0.052    +0.014     0.054
               17            23 08 03.896  +58 33 11.71    23 08 03.881  +58 33 11.73      -0.120    +0.015     0.121
               18            23 08 07.022  +58 37 14.87    23 08 07.018  +58 37 14.81      -0.031    -0.062     0.069
               19            23 08 11.985  +58 36 26.00    23 08 11.973  +58 36 25.84      -0.088    -0.162     0.184
               20            23 08 14.392  +58 28 50.38    23 08 14.354  +58 28 50.43      -0.296    +0.053     0.301

                                                                                  RMS :     0.225     0.069     0.236

1Unknown stars:    J2000.0 mean places for epoch J2000.000

             :               4-coefficient model               :                6-coefficient model                :
             :   Xmeas    Ymeas          RA            Dec     :   Xmeas    Ymeas          RA             Dec      :     
             :                                                 :                                                   :
             : +372.689 +702.346 -> 23 07 38.799  +58 37 18.48 : +372.689 +702.346 -> 23 07 38.7912  +58 37 18.463 :     
             : +681.227 +335.666 -> 23 06 52.381  +58 32 16.48 : +681.227 +335.666 -> 23 06 52.3830  +58 32 16.502 :     
             :  +48.028 +299.103 -> 23 08 09.947  +58 29 50.37 :  +48.028 +299.103 -> 23 08 09.9547  +58 29 50.318 :     
