read ra/dec for calibration star of: (345.13143, 57.808872) (345.483373, 57.92029)
automag_driver: using file automag_driver
aperture parameters; rad, r_in, r_out: 5.0, 15.0, 25.0
-----------------------------------------
182
/mnt//archive/draco2/2024/24_11_14//ad0182.fits
flat found.  dividing by flatfield
read ra/dec for target of: (345.338038, 57.867027)
pixel scale is: 0.9835769990986436
x/y of var, cal1, cal2: 553.5275699056925 414.99212033972503 193.94612436283245 694.1806194815395 797.5948974919196 173.50154870500717
 id  xcenter   ycenter  ...  aper_bkg aper_sum_bkgsub aper_sum_bkgsub_err
       pix       pix    ...                                              
--- --------- --------- ... --------- --------------- -------------------
  1 553.52757 414.99212 ... 51457.302       83693.967           432.24249
  2 193.94612 694.18062 ... 51565.581       223913.92           572.07524
  3  797.5949 173.50155 ... 51621.194       132296.21           485.55494
-----------------------------------------
183
/mnt//archive/draco2/2024/24_11_14//ad0183.fits
flat found.  dividing by flatfield
read ra/dec for target of: (345.338038, 57.867027)
pixel scale is: 0.9836119100929168
x/y of var, cal1, cal2: 553.7510923138502 415.18873115324084 194.19384393489315 694.3855883980477 797.8066623407522 173.6943318544814
 id  xcenter   ycenter  ...  aper_bkg aper_sum_bkgsub aper_sum_bkgsub_err
       pix       pix    ...                                              
--- --------- --------- ... --------- --------------- -------------------
  1 553.75109 415.18873 ... 51861.466       83887.438           433.39978
  2 194.19384 694.38559 ... 52111.356       228001.52           576.58411
  3 797.80666 173.69433 ... 51684.428       132568.74           485.96563
