read ra/dec for calibration star of: (321.801433, 54.492517) (321.716558, 54.440525)
automag_driver: using file automag_driver
aperture parameters; rad, r_in, r_out: 5.0, 15.0, 25.0
-----------------------------------------
41
/mnt//archive/draco2/2024/24_10_31//ad0041.fits
flat found.  dividing by flatfield
read ra/dec for target of: (321.733427, 54.491455)
pixel scale is: 0.9860130751729578
x/y of var, cal1, cal2: 554.4451806165773 415.30638221998777 694.3546718812142 380.0869348726719 559.9730869255615 604.5883564500931
 id  xcenter   ycenter  ...  aper_bkg aper_sum_bkgsub aper_sum_bkgsub_err
       pix       pix    ...                                              
--- --------- --------- ... --------- --------------- -------------------
  1 554.44518 415.30638 ... 11524.345       129411.13           390.74906
  2 694.35467 380.08693 ... 11732.137       346587.36            608.5036
  3 559.97309 604.58836 ... 11718.668       221990.78           495.63406
-----------------------------------------
42
/mnt//archive/draco2/2024/24_10_31//ad0042.fits
flat found.  dividing by flatfield
read ra/dec for target of: (321.733427, 54.491455)
pixel scale is: 0.9862686566580925
x/y of var, cal1, cal2: 554.6800850142611 416.0827394987744 694.5845452061194 380.8169995333807 560.2053297866207 605.3134731241096
 id  xcenter   ycenter  ...  aper_bkg aper_sum_bkgsub aper_sum_bkgsub_err
       pix       pix    ...                                              
--- --------- --------- ... --------- --------------- -------------------
  1 554.68009 416.08274 ... 11558.478       137586.75            401.1592
  2 694.58455   380.817 ... 11782.585       364401.75           623.05049
  3 560.20533 605.31347 ... 11623.353       235435.33           508.82908
-----------------------------------------
43
/mnt//archive/draco2/2024/24_10_31//ad0043.fits
flat found.  dividing by flatfield
read ra/dec for target of: (321.733427, 54.491455)
pixel scale is: 0.9861000260301355
x/y of var, cal1, cal2: 554.5755670917522 415.8724210104976 694.4758451125643 380.65112875375144 560.0951273200197 605.1375081383032
 id  xcenter   ycenter  ...  aper_bkg aper_sum_bkgsub aper_sum_bkgsub_err
       pix       pix    ...                                              
--- --------- --------- ... --------- --------------- -------------------
  1 554.57557 415.87242 ... 11640.541       136201.88           399.63479
  2 694.47585 380.65113 ... 11756.394       359468.07           619.03623
  3 560.09513 605.13751 ...  11697.03       233671.78           507.23844
-----------------------------------------
44
/mnt//archive/draco2/2024/24_10_31//ad0044.fits
flat found.  dividing by flatfield
read ra/dec for target of: (321.733427, 54.491455)
pixel scale is: 0.9862449181885029
x/y of var, cal1, cal2: 554.7809495423672 416.0898924681279 694.6995303403276 380.8375708861133 560.3105433226899 605.3257444903148
 id  xcenter   ycenter  ...  aper_bkg aper_sum_bkgsub aper_sum_bkgsub_err
       pix       pix    ...                                              
--- --------- --------- ... --------- --------------- -------------------
  1 554.78095 416.08989 ... 11581.167       135077.78           398.07677
  2 694.69953 380.83757 ... 11760.903       358868.11           618.55874
  3 560.31054 605.32574 ... 11616.536       231151.72           504.58873
