read ra/dec for calibration star of: (324.4415, 51.831708) (324.512996, 51.786767)
automag_driver: using file automag_driver
aperture parameters; rad, r_in, r_out: 5.0, 15.0, 25.0
-----------------------------------------
213
/mnt//archive/draco2/2024/24_11_22//ad0213.fits
flat found.  dividing by flatfield
read ra/dec for target of: (324.367201, 51.762485)
pixel scale is: 0.9827457572340528
x/y of var, cal1, cal2: 554.4935278713738 416.722008484421 675.6321732456506 137.62988979217022 864.0329284307691 271.2337926521649
 id  xcenter   ycenter  ...  aper_bkg aper_sum_bkgsub aper_sum_bkgsub_err
       pix       pix    ...                                              
--- --------- --------- ... --------- --------------- -------------------
  1 554.49353 416.72201 ... 3284.5921       6787.2595           116.53945
  2 675.63217 137.62989 ... 3236.1181       16557.878           152.49628
  3 864.03293 271.23379 ... 3181.7922       6162.2259           112.91949
-----------------------------------------
214
/mnt//archive/draco2/2024/24_11_22//ad0214.fits
flat found.  dividing by flatfield
read ra/dec for target of: (324.367201, 51.762485)
pixel scale is: 0.9828270203701158
x/y of var, cal1, cal2: 554.7231374792724 416.83959483164585 675.8742711511245 137.77079990374773 864.3214477828924 271.36406525281177
 id  xcenter   ycenter  ...  aper_bkg aper_sum_bkgsub aper_sum_bkgsub_err
       pix       pix    ...                                              
--- --------- --------- ... --------- --------------- -------------------
  1 554.72314 416.83959 ... 3384.1607       6230.3021           114.99401
  2 675.87427  137.7708 ... 3374.3831       16153.136           152.07532
  3 864.32145 271.36407 ... 3183.8146       5405.6429           109.53662
-----------------------------------------
215
/mnt//archive/draco2/2024/24_11_22//ad0215.fits
flat found.  dividing by flatfield
read ra/dec for target of: (324.367201, 51.762485)
pixel scale is: 0.9829762734689332
x/y of var, cal1, cal2: 554.7893020853119 416.78895863156805 675.9226426116893 137.7455322085537 864.3288684970967 271.29205056080633
 id  xcenter   ycenter  ...  aper_bkg aper_sum_bkgsub aper_sum_bkgsub_err
       pix       pix    ...                                              
--- --------- --------- ... --------- --------------- -------------------
  1  554.7893 416.78896 ... 3229.5779       6045.9489           112.82777
  2 675.92264 137.74553 ... 3119.1238       16006.491           149.89909
  3 864.32887 271.29205 ... 3245.1107       5227.4212            109.2824
-----------------------------------------
216
/mnt//archive/draco2/2024/24_11_22//ad0216.fits
flat found.  dividing by flatfield
read ra/dec for target of: (324.367201, 51.762485)
pixel scale is: 0.9827833910431619
x/y of var, cal1, cal2: 554.7786504922441 416.7999453573958 675.8927337243404 137.71219311163424 864.2350231911543 271.30113154090975
 id  xcenter   ycenter  ...  aper_bkg aper_sum_bkgsub aper_sum_bkgsub_err
       pix       pix    ...                                              
--- --------- --------- ... --------- --------------- -------------------
  1 554.77865 416.79995 ... 3206.7405       6246.2342           113.51086
  2 675.89273 137.71219 ... 3372.3775       15695.565           150.55006
  3 864.23502 271.30113 ... 3354.0576       5294.3644           110.57793
