read ra/dec for calibration star of: (359.428633, 62.690422) (359.62416, 62.747272)
automag_driver: using file automag_driver
aperture parameters; rad, r_in, r_out: 5.0, 15.0, 25.0
-----------------------------------------
157
/mnt//archive/west-14/2024/24_11_11//ad0157.fits
flat found.  dividing by flatfield
read ra/dec for target of: (359.395668, 62.718246)
pixel scale is: 0.9104582587087889
x/y of var, cal1, cal2: 569.0914129005392 433.90609495681963 506.01842728129174 325.82761308297415 159.72133972378015 562.284848847082
 id  xcenter   ycenter  ...  aper_bkg aper_sum_bkgsub aper_sum_bkgsub_err
       pix       pix    ...                                              
--- --------- --------- ... --------- --------------- -------------------
  1 569.09141 433.90609 ... 120534.89       39956.581           530.33138
  2 506.01843 325.82761 ... 121280.48       5898.9369           498.68316
  3 159.72134 562.28485 ... 120139.89       7676.4424            498.1779
-----------------------------------------
158
/mnt//archive/west-14/2024/24_11_11//ad0158.fits
flat found.  dividing by flatfield
read ra/dec for target of: (359.395668, 62.718246)
pixel scale is: 0.9106627228969729
x/y of var, cal1, cal2: 572.164064841709 433.34420679069996 509.07962101868236 325.29954416563737 162.68704674958906 561.7561551277898
 id  xcenter   ycenter  ...  aper_bkg aper_sum_bkgsub aper_sum_bkgsub_err
       pix       pix    ...                                              
--- --------- --------- ... --------- --------------- -------------------
  1 572.16406 433.34421 ... 121256.23       36041.841           527.99555
  2 509.07962 325.29954 ...  121856.2       5767.5194           499.70483
  3 162.68705 561.75616 ... 120279.38       6615.7974           497.39275
-----------------------------------------
159
/mnt//archive/west-14/2024/24_11_11//ad0159.fits
flat found.  dividing by flatfield
read ra/dec for target of: (359.395668, 62.718246)
pixel scale is: 0.9103867539561262
x/y of var, cal1, cal2: 571.7047806724295 432.84789423174817 508.6399876365004 324.7421284241857 162.15799061442794 561.1148078790102
 id  xcenter   ycenter  ...  aper_bkg aper_sum_bkgsub aper_sum_bkgsub_err
       pix       pix    ...                                              
--- --------- --------- ... --------- --------------- -------------------
  1 571.70478 432.84789 ... 125556.62       27738.193           528.27686
  2 508.63999 324.74213 ... 126290.94       4106.9258           506.86666
  3 162.15799 561.11481 ... 124962.66       4420.1532           504.54977
-----------------------------------------
160
