read ra/dec for calibration star of: (323.139367, 49.200936) (323.214433, 49.246981)
automag_driver: using file automag_driver
aperture parameters; rad, r_in, r_out: 5.0, 15.0, 25.0
-----------------------------------------
29
/mnt//archive/draco2/2024/24_11_25//ad0029.fits
flat found.  dividing by flatfield
read ra/dec for target of: (323.16844, 49.212512)
pixel scale is: 0.9839697381520555
x/y of var, cal1, cal2: 554.6636029167718 416.6793909688728 486.90987798916717 461.73212639443256 659.4106980951404 286.2939076742098
 id  xcenter   ycenter  ...  aper_bkg aper_sum_bkgsub aper_sum_bkgsub_err
       pix       pix    ...                                              
--- --------- --------- ... --------- --------------- -------------------
  1  554.6636 416.67939 ... 33834.433       5543.4034           270.99312
  2 486.90988 461.73213 ... 33944.341       4335.5968           269.16404
  3  659.4107 286.29391 ... 34108.416       5440.6985           271.81341
-----------------------------------------
30
/mnt//archive/draco2/2024/24_11_25//ad0030.fits
flat found.  dividing by flatfield
read ra/dec for target of: (323.16844, 49.212512)
pixel scale is: 0.9839848233211067
x/y of var, cal1, cal2: 554.7422830734697 416.6026008758212 486.9901927816937 461.6508911142952 659.4879664105754 286.22492086406805
 id  xcenter   ycenter  ...  aper_bkg aper_sum_bkgsub aper_sum_bkgsub_err
       pix       pix    ...                                              
--- --------- --------- ... --------- --------------- -------------------
  1 554.74228  416.6026 ... 32667.371       6879.2077           269.14485
  2 486.99019 461.65089 ... 33088.546       3802.3951           264.96129
  3 659.48797 286.22492 ... 33073.986       6058.7251           269.13137
-----------------------------------------
31
/mnt//archive/draco2/2024/24_11_25//ad0031.fits
flat found.  dividing by flatfield
read ra/dec for target of: (323.16844, 49.212512)
pixel scale is: 0.9839450670333009
x/y of var, cal1, cal2: 554.7441248633626 416.57008675175274 486.994680948407 461.6183698224929 659.4920505136889 286.18996385225347
 id  xcenter   ycenter  ...  aper_bkg aper_sum_bkgsub aper_sum_bkgsub_err
       pix       pix    ...                                              
--- --------- --------- ... --------- --------------- -------------------
  1 554.74412 416.57009 ...  32496.85       6672.2601            268.1249
  2 486.99468 461.61837 ...  32637.95        4639.426           264.84019
  3 659.49205 286.18996 ... 32689.782       6528.8898           268.57672
-----------------------------------------
32
/mnt//archive/draco2/2024/24_11_25//ad0032.fits
flat found.  dividing by flatfield
read ra/dec for target of: (323.16844, 49.212512)
pixel scale is: 0.98387229525836
x/y of var, cal1, cal2: 554.7610004869119 416.42388302234593 486.9968785897054 461.4785850628326 659.5280635143931 286.02934391161534
 id  xcenter   ycenter  ...  aper_bkg aper_sum_bkgsub aper_sum_bkgsub_err
       pix       pix    ...                                              
--- --------- --------- ... --------- --------------- -------------------
  1   554.761 416.42388 ... 32204.201       6836.9319           267.33936
  2 486.99688 461.47859 ... 32348.546        4622.335           263.71277
  3 659.52806 286.02934 ... 32306.684       6478.7738            267.0527
