read ra/dec for calibration star of: (358.45204, 62.12898) (358.732006, 62.072851)
automag_driver: using file automag_driver
aperture parameters; rad, r_in, r_out: 5.0, 15.0, 25.0
-----------------------------------------
25
/mnt//archive/east-16/2024/24_10_29//ad0025.fits
flat found.  dividing by flatfield
read ra/dec for target of: (358.6024, 62.14947)
pixel scale is: 0.9263550063720352
x/y of var, cal1, cal2: 745.7873882478607 606.9558628070397 479.0198454569036 705.7453674005803 1002.5010789183079 886.699848919011
 id  xcenter   ycenter  ...  aper_bkg aper_sum_bkgsub aper_sum_bkgsub_err
       pix       pix    ...                                              
--- --------- --------- ... --------- --------------- -------------------
  1 745.78739 606.95586 ... 10587.585       39027.084           245.81955
  2 479.01985 705.74537 ... 10964.641       132939.06           393.81892
  3 1002.5011 886.69985 ... 11082.296       292418.04            561.0772
-----------------------------------------
26
/mnt//archive/east-16/2024/24_10_29//ad0026.fits
flat found.  dividing by flatfield
read ra/dec for target of: (358.6024, 62.14947)
pixel scale is: 0.9263411286518939
x/y of var, cal1, cal2: 746.0889967992747 607.2234749405033 479.39741968627885 705.9819420739332 1002.772138100429 887.0029485352537
 id  xcenter   ycenter  ...  aper_bkg aper_sum_bkgsub aper_sum_bkgsub_err
       pix       pix    ...                                              
--- --------- --------- ... --------- --------------- -------------------
  1   746.089 607.22347 ... 10544.755       39379.563           246.36167
  2 479.39742 705.98194 ... 10587.385       134490.53           394.82946
  3 1002.7721 887.00295 ... 10870.336       295910.38           563.80498
-----------------------------------------
27
/mnt//archive/east-16/2024/24_10_29//ad0027.fits
flat found.  dividing by flatfield
read ra/dec for target of: (358.6024, 62.14947)
pixel scale is: 0.9263670294945214
x/y of var, cal1, cal2: 746.5342848185664 607.3702524504364 479.81966914488737 706.1281304000414 1003.2281273922124 887.1398122077796
 id  xcenter   ycenter  ...  aper_bkg aper_sum_bkgsub aper_sum_bkgsub_err
       pix       pix    ...                                              
--- --------- --------- ... --------- --------------- -------------------
  1 746.53428 607.37025 ... 10244.186       39103.861           244.57562
  2 479.81967 706.12813 ... 10504.113       131917.83           391.34519
  3 1003.2281 887.13981 ... 10759.823       293826.26           561.75698
-----------------------------------------
28
/mnt//archive/east-16/2024/24_10_29//ad0028.fits
flat found.  dividing by flatfield
read ra/dec for target of: (358.6024, 62.14947)
pixel scale is: 0.9264468823245
x/y of var, cal1, cal2: 746.6100520075191 607.1650060054477 479.9055655707912 705.9337122356719 1003.2863450366069 886.8918362929638
 id  xcenter   ycenter  ...  aper_bkg aper_sum_bkgsub aper_sum_bkgsub_err
       pix       pix    ...                                              
--- --------- --------- ... --------- --------------- -------------------
  1 746.61005 607.16501 ... 10352.648       38242.808           243.25522
  2 479.90557 705.93371 ... 10525.646       131481.33            390.8422
  3 1003.2863 886.89184 ...  10683.31       294418.06           562.14738
-----------------------------------------
29
/mnt//archive/east-16/2024/24_10_29//ad0029.fits
flat found.  dividing by flatfield
read ra/dec for target of: (358.6024, 62.14947)
pixel scale is: 0.9263326989031375
x/y of var, cal1, cal2: 746.8863333193648 607.0966381036504 480.17582085867286 705.873436848704 1003.5550523779186 886.8618779990913
 id  xcenter   ycenter  ...  aper_bkg aper_sum_bkgsub aper_sum_bkgsub_err
       pix       pix    ...                                              
--- --------- --------- ... --------- --------------- -------------------
  1 746.88633 607.09664 ... 10222.693        39261.86           244.81063
  2 480.17582 705.87344 ... 10525.889       133906.89           393.93358
  3 1003.5551 886.86188 ... 10631.539       297275.44           564.59147
-----------------------------------------
30
/mnt//archive/east-16/2024/24_10_29//ad0030.fits
flat found.  dividing by flatfield
read ra/dec for target of: (358.6024, 62.14947)
pixel scale is: 0.9263437030098147
x/y of var, cal1, cal2: 747.1319543446716 607.3225883626166 480.36568014237076 706.1061562358727 1003.8499013854862 887.0768627728999
 id  xcenter   ycenter  ...  aper_bkg aper_sum_bkgsub aper_sum_bkgsub_err
       pix       pix    ...                                              
--- --------- --------- ... --------- --------------- -------------------
  1 747.13195 607.32259 ... 10233.633       39525.386           245.39285
  2 480.36568 706.10616 ...  10278.69       134876.05           394.53572
  3 1003.8499 887.07686 ... 10472.287        296743.8           563.83808
-----------------------------------------
31
/mnt//archive/east-16/2024/24_10_29//ad0031.fits
flat found.  dividing by flatfield
read ra/dec for target of: (358.6024, 62.14947)
pixel scale is: 0.9263299716268614
x/y of var, cal1, cal2: 747.1901169066575 607.7434683775779 480.46918460113017 706.493100776157 1003.903309113698 887.5359630270968
 id  xcenter   ycenter  ...  aper_bkg aper_sum_bkgsub aper_sum_bkgsub_err
       pix       pix    ...                                              
--- --------- --------- ... --------- --------------- -------------------
  1 747.19012 607.74347 ... 10342.743       38965.543           244.69579
  2 480.46918  706.4931 ... 10430.756       132155.71           391.46165
  3 1003.9033 887.53596 ... 10700.045       293714.88            561.5514
-----------------------------------------
32
/mnt//archive/east-16/2024/24_10_29//ad0032.fits
flat found.  dividing by flatfield
read ra/dec for target of: (358.6024, 62.14947)
pixel scale is: 0.9264182958281049
x/y of var, cal1, cal2: 747.1984655194658 607.6403494063977 480.51515305132875 706.3834831693293 1003.8736951715343 887.4033601394709
 id  xcenter   ycenter  ...  aper_bkg aper_sum_bkgsub aper_sum_bkgsub_err
       pix       pix    ...                                              
--- --------- --------- ... --------- --------------- -------------------
  1 747.19847 607.64035 ... 10397.985       38448.405           243.86344
  2 480.51515 706.38348 ... 10450.854       132105.58           391.44896
  3 1003.8737 887.40336 ... 10627.401       292899.48           560.69536
-----------------------------------------
33
/mnt//archive/east-16/2024/24_10_29//ad0033.fits
flat found.  dividing by flatfield
read ra/dec for target of: (358.6024, 62.14947)
pixel scale is: 0.9263636400398857
x/y of var, cal1, cal2: 750.5717777322685 607.5285055575066 483.8675525996517 706.2656244432666 1007.2358388169937 887.3194167393191
 id  xcenter   ycenter  ...  aper_bkg aper_sum_bkgsub aper_sum_bkgsub_err
       pix       pix    ...                                              
--- --------- --------- ... --------- --------------- -------------------
  1 750.57178 607.52851 ... 10680.727       37055.461           242.16093
  2 483.86755 706.26562 ... 10981.306       127163.89           386.46023
  3 1007.2358 887.31942 ... 11038.088        280038.6           549.85432
-----------------------------------------
34
/mnt//archive/east-16/2024/24_10_29//ad0034.fits
flat found.  dividing by flatfield
read ra/dec for target of: (358.6024, 62.14947)
pixel scale is: 0.9265344459993534
x/y of var, cal1, cal2: 750.7904528345803 607.3967384834978 484.0553514844141 706.1366115053547 1007.4707776988193 887.1159013353968
 id  xcenter   ycenter  ...  aper_bkg aper_sum_bkgsub aper_sum_bkgsub_err
       pix       pix    ...                                              
--- --------- --------- ... --------- --------------- -------------------
  1 750.79045 607.39674 ... 10363.693       37999.444           242.79998
  2 484.05535 706.13661 ... 10522.468       128302.14           386.74549
  3 1007.4708  887.1159 ... 10854.503       282336.63           551.60732
-----------------------------------------
35
/mnt//archive/east-16/2024/24_10_29//ad0035.fits
flat found.  dividing by flatfield
read ra/dec for target of: (358.6024, 62.14947)
pixel scale is: 0.9263540051661904
x/y of var, cal1, cal2: 751.0620705206971 607.6356673167918 484.27998856798354 706.3929179426055 1007.7854195692832 887.411103932763
 id  xcenter   ycenter  ...  aper_bkg aper_sum_bkgsub aper_sum_bkgsub_err
       pix       pix    ...                                              
--- --------- --------- ... --------- --------------- -------------------
  1 751.06207 607.63567 ... 10256.951       37778.238           241.90316
  2 484.27999 706.39292 ...  10508.68       128186.65           386.56049
  3 1007.7854  887.4111 ... 10756.205       285950.85           554.69655
-----------------------------------------
36
/mnt//archive/east-16/2024/24_10_29//ad0036.fits
flat found.  dividing by flatfield
read ra/dec for target of: (358.6024, 62.14947)
pixel scale is: 0.9263245284711461
x/y of var, cal1, cal2: 751.0431551103561 606.9873905704101 484.35532077764674 705.7201148540403 1007.7209792174517 886.7983621917201
 id  xcenter   ycenter  ...  aper_bkg aper_sum_bkgsub aper_sum_bkgsub_err
       pix       pix    ...                                              
--- --------- --------- ... --------- --------------- -------------------
  1 751.04316 606.98739 ... 10372.437       38556.181           243.97962
  2 484.35532 705.72011 ... 10383.167       129933.87           388.49093
  3  1007.721 886.79836 ... 10665.773       287850.82           556.24398
-----------------------------------------
37
/mnt//archive/east-16/2024/24_10_29//ad0037.fits
flat found.  dividing by flatfield
read ra/dec for target of: (358.6024, 62.14947)
pixel scale is: 0.9263843854615007
x/y of var, cal1, cal2: 751.2460484361178 607.2465216631634 484.5374521213105 705.9780839221714 1007.9404730449406 887.0343920361148
 id  xcenter   ycenter  ...  aper_bkg aper_sum_bkgsub aper_sum_bkgsub_err
       pix       pix    ...                                              
--- --------- --------- ... --------- --------------- -------------------
  1 751.24605 607.24652 ... 10401.549       37483.592            241.8919
  2 484.53745 705.97808 ... 10387.947       128917.04           387.19237
  3 1007.9405 887.03439 ... 10703.612       284149.08           552.97496
-----------------------------------------
38
/mnt//archive/east-16/2024/24_10_29//ad0038.fits
flat found.  dividing by flatfield
read ra/dec for target of: (358.6024, 62.14947)
pixel scale is: 0.926361598739844
x/y of var, cal1, cal2: 751.0955145567635 607.0449453662936 484.38593648118507 705.7689954079501 1007.7849030896324 886.8492636883738
 id  xcenter   ycenter  ...  aper_bkg aper_sum_bkgsub aper_sum_bkgsub_err
       pix       pix    ...                                              
--- --------- --------- ... --------- --------------- -------------------
  1 751.09551 607.04495 ... 10153.779       38505.999           242.97851
  2 484.38594   705.769 ... 10499.559       130566.41           389.60304
  3 1007.7849 886.84926 ... 10532.607       291268.94            559.0699
-----------------------------------------
39
/mnt//archive/east-16/2024/24_10_29//ad0039.fits
flat found.  dividing by flatfield
read ra/dec for target of: (358.6024, 62.14947)
pixel scale is: 0.9262690295527931
x/y of var, cal1, cal2: 750.9890601464543 607.6241338721131 484.3017743872443 706.3545138225019 1007.6373417737996 887.4598155234046
 id  xcenter   ycenter  ...  aper_bkg aper_sum_bkgsub aper_sum_bkgsub_err
       pix       pix    ...                                              
--- --------- --------- ... --------- --------------- -------------------
  1 750.98906 607.62413 ... 10220.402       38374.627           242.98237
  2 484.30177 706.35451 ... 10359.667       132829.12           392.13959
  3 1007.6373 887.45982 ... 10599.085        290087.7           558.13159
-----------------------------------------
40
/mnt//archive/east-16/2024/24_10_29//ad0040.fits
flat found.  dividing by flatfield
read ra/dec for target of: (358.6024, 62.14947)
pixel scale is: 0.9263201860765025
x/y of var, cal1, cal2: 750.8835415018385 607.3829186895675 484.11953379107604 706.1329952460394 1007.5949650241454 887.1789425862193
 id  xcenter   ycenter  ...  aper_bkg aper_sum_bkgsub aper_sum_bkgsub_err
       pix       pix    ...                                              
--- --------- --------- ... --------- --------------- -------------------
  1 750.88354 607.38292 ... 10214.591       38847.931           243.93055
  2 484.11953   706.133 ... 10412.545       130778.35           389.65169
  3  1007.595 887.17894 ... 10510.239       289952.81            557.8515
