read ra/dec for calibration star of: (319.958496, 45.511931) (320.145346, 45.480292)
automag_driver: using file automag_driver
aperture parameters; rad, r_in, r_out: 5.0, 15.0, 25.0
-----------------------------------------
13
/mnt//archive/draco2/2024/24_11_22//ad0013.fits
flat found.  dividing by flatfield
read ra/dec for target of: (320.137086, 45.467506)
pixel scale is: 0.9835073393400396
x/y of var, cal1, cal2: 553.8964228439562 416.73594045940246 74.25423734985839 336.1549382867832 566.5846772143641 366.9499242575487
 id  xcenter   ycenter  ...  aper_bkg aper_sum_bkgsub aper_sum_bkgsub_err
       pix       pix    ...                                              
--- --------- --------- ... --------- --------------- -------------------
  1 553.89642 416.73594 ... 4186.7274       228915.37            487.3539
  2 74.254237 336.15494 ... 4146.2139       23806.882           179.78963
  3 566.58468 366.94992 ... 3973.6342       14006.244           148.92452
-----------------------------------------
14
/mnt//archive/draco2/2024/24_11_22//ad0014.fits
flat found.  dividing by flatfield
read ra/dec for target of: (320.137086, 45.467506)
pixel scale is: 0.9834421122807628
x/y of var, cal1, cal2: 553.8077962185417 416.39434026792213 74.06506796123546 335.83042554572734 566.4943529810918 366.60442751619917
 id  xcenter   ycenter  ...  aper_bkg aper_sum_bkgsub aper_sum_bkgsub_err
       pix       pix    ...                                              
--- --------- --------- ... --------- --------------- -------------------
  1  553.8078 416.39434 ... 4133.1026        229926.1           488.27995
  2 74.065068 335.83043 ... 4242.6463       24029.291           180.94083
  3 566.49435 366.60443 ... 3995.5826        13543.07           147.51012
-----------------------------------------
15
/mnt//archive/draco2/2024/24_11_22//ad0015.fits
flat found.  dividing by flatfield
read ra/dec for target of: (320.137086, 45.467506)
pixel scale is: 0.9834655104965117
x/y of var, cal1, cal2: 554.1689946046547 416.5126371697242 74.50110861233878 335.9552776792752 566.851886992619 366.7237860068954
 id  xcenter   ycenter  ...  aper_bkg aper_sum_bkgsub aper_sum_bkgsub_err
       pix       pix    ...                                              
--- --------- --------- ... --------- --------------- -------------------
  1 554.16899 416.51264 ... 4212.5414       229581.94           488.09018
  2 74.501109 335.95528 ... 4091.5038       24399.719           181.12903
  3 566.85189 366.72379 ... 4031.4504       13559.222           147.80772
-----------------------------------------
16
/mnt//archive/draco2/2024/24_11_22//ad0016.fits
flat found.  dividing by flatfield
read ra/dec for target of: (320.137086, 45.467506)
pixel scale is: 0.9832448810029214
x/y of var, cal1, cal2: 554.4336642338247 416.5403479730201 74.75658509684916 335.8908964911311 567.1284728469582 366.7422853698779
 id  xcenter   ycenter  ...  aper_bkg aper_sum_bkgsub aper_sum_bkgsub_err
       pix       pix    ...                                              
--- --------- --------- ... --------- --------------- -------------------
  1 554.43366 416.54035 ... 4076.9734       230429.27           488.68008
  2 74.756585  335.8909 ... 3931.4276       23665.204           178.19388
  3 567.12847 366.74229 ... 3910.2663       13375.505           146.35928
