read ra/dec for calibration star of: (358.45204, 62.12898) (358.732006, 62.072851)
automag_driver: using file automag_driver
aperture parameters; rad, r_in, r_out: 5.0, 15.0, 25.0
-----------------------------------------
270
/mnt//archive/draco2/2024/24_11_10//ad0270.fits
flat found.  dividing by flatfield
read ra/dec for target of: (358.6024, 62.14947)
pixel scale is: 0.9849758815695082
x/y of var, cal1, cal2: 554.1351293177561 415.78458153503067 319.41045256304693 544.0985971707961 831.1975384566315 641.0789442515046
 id  xcenter   ycenter  ...  aper_bkg aper_sum_bkgsub aper_sum_bkgsub_err
       pix       pix    ...                                              
--- --------- --------- ... --------- --------------- -------------------
  1 554.13513 415.78458 ...  15586.31       54485.973           293.05903
  2 319.41045  544.0986 ... 15683.886       146319.83           421.79687
  3 831.19754 641.07894 ... 15435.554       324825.98           596.59206
-----------------------------------------
271
/mnt//archive/draco2/2024/24_11_10//ad0271.fits
flat found.  dividing by flatfield
read ra/dec for target of: (358.6024, 62.14947)
pixel scale is: 0.9849156668006824
x/y of var, cal1, cal2: 554.242429297798 415.77375504708425 319.5129295648121 544.1042485951242 831.3093553065153 641.0717012663115
 id  xcenter   ycenter  ...  aper_bkg aper_sum_bkgsub aper_sum_bkgsub_err
       pix       pix    ...                                              
--- --------- --------- ... --------- --------------- -------------------
  1 554.24243 415.77376 ... 15095.796       56085.221           294.11191
  2 319.51293 544.10425 ... 15316.374       149400.33            424.5681
  3 831.30936  641.0717 ... 15124.837       331824.64           601.91304
-----------------------------------------
272
/mnt//archive/draco2/2024/24_11_10//ad0272.fits
flat found.  dividing by flatfield
read ra/dec for target of: (358.6024, 62.14947)
pixel scale is: 0.9849970008740554
x/y of var, cal1, cal2: 553.8877344786662 415.63447429689427 319.14348006713357 543.9504028635357 830.9650928091089 640.9185005051935
 id  xcenter   ycenter  ...  aper_bkg aper_sum_bkgsub aper_sum_bkgsub_err
       pix       pix    ...                                              
--- --------- --------- ... --------- --------------- -------------------
  1 553.88773 415.63447 ... 14450.308       58408.681           295.86195
  2 319.14348  543.9504 ... 14681.905       154096.56           428.58531
  3 830.96509  640.9185 ... 14463.816       343631.42           610.56044
-----------------------------------------
273
/mnt//archive/draco2/2024/24_11_10//ad0273.fits
flat found.  dividing by flatfield
read ra/dec for target of: (358.6024, 62.14947)
pixel scale is: 0.9848739413240922
x/y of var, cal1, cal2: 554.1735663628516 415.66516449092467 319.4228017741018 544.001231304107 831.2491827329306 640.972494811462
 id  xcenter   ycenter  ...  aper_bkg aper_sum_bkgsub aper_sum_bkgsub_err
       pix       pix    ...                                              
--- --------- --------- ... --------- --------------- -------------------
  1 554.17357 415.66516 ... 14675.651       58327.255           296.48534
  2  319.4228 544.00123 ... 14802.838       153702.69           428.40794
  3 831.24918 640.97249 ... 14763.088       343945.29           611.30718
