read ra/dec for calibration star of: (323.139367, 49.200936) (323.214433, 49.246981)
automag_driver: using file automag_driver
aperture parameters; rad, r_in, r_out: 5.0, 15.0, 25.0
-----------------------------------------
214
/mnt//archive/draco2/2024/24_11_10//ad0214.fits
flat found.  dividing by flatfield
read ra/dec for target of: (323.16844, 49.212512)
pixel scale is: 0.9850201052477431
x/y of var, cal1, cal2: 555.3379819739913 416.9250512269664 496.7493892873971 473.2342938458962 635.1256378025156 270.16590904207965
 id  xcenter   ycenter  ...  aper_bkg aper_sum_bkgsub aper_sum_bkgsub_err
       pix       pix    ...                                              
--- --------- --------- ... --------- --------------- -------------------
  1 555.33798 416.92505 ... 30790.201       26182.716           296.62791
  2 496.74939 473.23429 ... 30987.523        9064.204           266.95365
  3 635.12564 270.16591 ... 31073.466       11560.085           271.90442
-----------------------------------------
215
/mnt//archive/draco2/2024/24_11_10//ad0215.fits
flat found.  dividing by flatfield
read ra/dec for target of: (323.16844, 49.212512)
pixel scale is: 0.9853435756874749
x/y of var, cal1, cal2: 555.5130131372257 417.26038143295733 496.9096776047342 473.55549329640354 635.3322723310283 270.54349036494125
 id  xcenter   ycenter  ...  aper_bkg aper_sum_bkgsub aper_sum_bkgsub_err
       pix       pix    ...                                              
--- --------- --------- ... --------- --------------- -------------------
  1 555.51301 417.26038 ...  29594.63       28899.307           297.17599
  2 496.90968 473.55549 ... 30013.183       9900.7206           264.86239
  3 635.33227 270.54349 ... 29963.566       13430.374           271.26095
-----------------------------------------
216
/mnt//archive/draco2/2024/24_11_10//ad0216.fits
flat found.  dividing by flatfield
read ra/dec for target of: (323.16844, 49.212512)
pixel scale is: 0.9850375492473
x/y of var, cal1, cal2: 555.5633387534624 417.18413808983667 496.96733587921653 473.4967669677653 635.36537661238 270.421626619083
 id  xcenter   ycenter  ...  aper_bkg aper_sum_bkgsub aper_sum_bkgsub_err
       pix       pix    ...                                              
--- --------- --------- ... --------- --------------- -------------------
  1 555.56334 417.18414 ... 29265.732       32434.131            301.9778
  2 496.96734 473.49677 ... 29347.299       10723.763           263.90029
  3 635.36538 270.42163 ... 29477.258       14722.965           271.85011
-----------------------------------------
217
/mnt//archive/draco2/2024/24_11_10//ad0217.fits
flat found.  dividing by flatfield
read ra/dec for target of: (323.16844, 49.212512)
pixel scale is: 0.9851466792967963
x/y of var, cal1, cal2: 555.5271374623941 417.1716686071169 496.93278429857406 473.47194562844254 635.3202986100014 270.4337385400303
 id  xcenter   ycenter  ...  aper_bkg aper_sum_bkgsub aper_sum_bkgsub_err
       pix       pix    ...                                              
--- --------- --------- ... --------- --------------- -------------------
  1 555.52714 417.17167 ... 29497.046       30058.956           298.79433
  2 496.93278 473.47195 ... 29659.247       10228.685           264.14424
  3  635.3203 270.43374 ... 29621.315       14601.532            272.1565
