read ra/dec for calibration star of: (24.126247, 57.798882) (24.204493, 57.811872)
automag_driver: using file automag_driver
aperture parameters; rad, r_in, r_out: 5.0, 15.0, 25.0
-----------------------------------------
278
/mnt//archive/west-14/2024/24_10_19//ad0278.fits
flat found.  dividing by flatfield
read ra/dec for target of: (24.308415, 57.75922)
pixel scale is: 0.911310606163823
x/y of var, cal1, cal2: 560.3777712251297 407.28459486011917 939.5770200040479 573.2510040474285 773.8369716851686 620.4166560451522
 id  xcenter   ycenter  ...  aper_bkg aper_sum_bkgsub aper_sum_bkgsub_err
       pix       pix    ...                                              
--- --------- --------- ... --------- --------------- -------------------
  1 560.37777 407.28459 ...  7474.836       254681.55           519.47687
  2 939.57702   573.251 ... 7302.2129         76901.1           302.87048
  3 773.83697 620.41666 ... 7386.9759       32223.198           217.30658
-----------------------------------------
279
/mnt//archive/west-14/2024/24_10_19//ad0279.fits
flat found.  dividing by flatfield
read ra/dec for target of: (24.308415, 57.75922)
pixel scale is: 0.9116156744726334
x/y of var, cal1, cal2: 559.7996532547976 407.67895104884917 939.0849857021658 573.7553057026585 773.3088464676189 620.8328438253636
 id  xcenter   ycenter  ...  aper_bkg aper_sum_bkgsub aper_sum_bkgsub_err
       pix       pix    ...                                              
--- --------- --------- ... --------- --------------- -------------------
  1 559.79965 407.67895 ... 7628.5718       254688.86           519.77977
  2 939.08499 573.75531 ... 7293.6335       74591.848           299.00521
  3 773.30885 620.83284 ... 7402.3916       32041.462           216.95909
-----------------------------------------
280
/mnt//archive/west-14/2024/24_10_19//ad0280.fits
flat found.  dividing by flatfield
read ra/dec for target of: (24.308415, 57.75922)
pixel scale is: 0.9118728185474554
x/y of var, cal1, cal2: 558.8954068363611 408.18597871433315 938.2447778278683 574.1661350852669 772.4556959932705 621.2519713252666
 id  xcenter   ycenter  ...  aper_bkg aper_sum_bkgsub aper_sum_bkgsub_err
       pix       pix    ...                                              
--- --------- --------- ... --------- --------------- -------------------
  1 558.89541 408.18598 ... 7243.1381       253608.16           517.99559
  2 938.24478 574.16614 ... 7378.2517       74760.642           299.56993
  3  772.4557 621.25197 ...  7344.926       32643.167           218.07801
-----------------------------------------
281
/mnt//archive/west-14/2024/24_10_19//ad0281.fits
flat found.  dividing by flatfield
read ra/dec for target of: (24.308415, 57.75922)
pixel scale is: 0.9117982740819882
x/y of var, cal1, cal2: 558.9924787423414 408.16984831924094 938.0738388090692 574.2243448997558 772.4024431371525 621.2874716747801
 id  xcenter   ycenter  ...  aper_bkg aper_sum_bkgsub aper_sum_bkgsub_err
       pix       pix    ...                                              
--- --------- --------- ... --------- --------------- -------------------
  1 558.99248 408.16985 ...  7491.236       257969.25           522.66311
  2 938.07384 574.22434 ... 7472.1687        77188.47           303.90427
  3 772.40244 621.28747 ... 7642.9743       32361.812           218.79845
