read ra/dec for calibration star of: (354.875121, 62.338367) (354.894929, 62.361394)
automag_driver: using file automag_driver
aperture parameters; rad, r_in, r_out: 5.0, 15.0, 25.0
-----------------------------------------
113
/mnt//archive/draco2/2024/24_10_21//ad0113.fits
flat found.  dividing by flatfield
read ra/dec for target of: (354.863724, 62.372141)
pixel scale is: 0.9859294562556419
x/y of var, cal1, cal2: 553.172538751403 416.48748968311247 509.0739415153197 299.6620308356254 493.44287681495763 388.81138358828923
 id  xcenter   ycenter  ...  aper_bkg aper_sum_bkgsub aper_sum_bkgsub_err
       pix       pix    ...                                              
--- --------- --------- ... --------- --------------- -------------------
  1 553.17254 416.48749 ... 13563.762       32066.834           243.76086
  2 509.07394 299.66203 ... 13359.991       30126.533           238.89645
  3 493.44288 388.81138 ... 13482.426       2648.2931           172.73721
-----------------------------------------
114
/mnt//archive/draco2/2024/24_10_21//ad0114.fits
flat found.  dividing by flatfield
read ra/dec for target of: (354.863724, 62.372141)
pixel scale is: 0.9859829103528824
x/y of var, cal1, cal2: 553.2402076005528 416.5940585589052 509.1609776040386 299.7734135901146 493.52198610001335 388.9173744096195
 id  xcenter   ycenter  ...  aper_bkg aper_sum_bkgsub aper_sum_bkgsub_err
       pix       pix    ...                                              
--- --------- --------- ... --------- --------------- -------------------
  1 553.24021 416.59406 ...     13774       32523.306           245.55306
  2 509.16098 299.77341 ... 13793.772       30677.834           241.84784
  3 493.52199 388.91737 ... 13626.036       2500.6267           173.14069
-----------------------------------------
115
/mnt//archive/draco2/2024/24_10_21//ad0115.fits
flat found.  dividing by flatfield
read ra/dec for target of: (354.863724, 62.372141)
pixel scale is: 0.9857076717090562
x/y of var, cal1, cal2: 553.3539314560725 416.8279804974709 509.2622057341284 299.9736613721018 493.63202760360815 389.14215802193195
 id  xcenter   ycenter  ...  aper_bkg aper_sum_bkgsub aper_sum_bkgsub_err
       pix       pix    ...                                              
--- --------- --------- ... --------- --------------- -------------------
  1 553.35393 416.82798 ... 13668.124       33186.791           246.47117
  2 509.26221 299.97366 ... 13823.609       30242.371           241.06968
  3 493.63203 389.14216 ... 13792.095       2659.5265            174.5529
-----------------------------------------
116
/mnt//archive/draco2/2024/24_10_21//ad0116.fits
flat found.  dividing by flatfield
read ra/dec for target of: (354.863724, 62.372141)
pixel scale is: 0.9859997954069593
x/y of var, cal1, cal2: 553.1691248146038 416.7735386403426 509.08117632475074 299.95911899838046 493.4429593277891 389.1030567875629
 id  xcenter   ycenter  ...  aper_bkg aper_sum_bkgsub aper_sum_bkgsub_err
       pix       pix    ...                                              
--- --------- --------- ... --------- --------------- -------------------
  1 553.16912 416.77354 ... 13885.291       32755.934           246.47823
  2 509.08118 299.95912 ... 13979.304        29873.42           240.95026
  3 493.44296 389.10306 ... 13943.732        2596.253           175.23903
