read ra/dec for calibration star of: (358.45204, 62.12898) (358.732006, 62.072851)
automag_driver: using file automag_driver
aperture parameters; rad, r_in, r_out: 5.0, 15.0, 25.0
-----------------------------------------
266
/mnt//archive/west-14/2024/24_10_19//ad0266.fits
flat found.  dividing by flatfield
read ra/dec for target of: (358.6024, 62.14947)
pixel scale is: 0.9111896127901721
x/y of var, cal1, cal2: 569.1840162205149 424.42214890469705 848.3059777274066 349.72940996935193 336.2332681394895 116.90770734568628
 id  xcenter   ycenter  ...  aper_bkg aper_sum_bkgsub aper_sum_bkgsub_err
       pix       pix    ...                                              
--- --------- --------- ... --------- --------------- -------------------
  1 569.18402 424.42215 ... 20450.438       49660.204           301.30728
  2 848.30598 349.72941 ... 20703.719       150689.74           438.54553
  3 336.23327 116.90771 ... 20910.414       335636.53           614.55867
-----------------------------------------
267
/mnt//archive/west-14/2024/24_10_19//ad0267.fits
flat found.  dividing by flatfield
read ra/dec for target of: (358.6024, 62.14947)
pixel scale is: 0.9111795171485494
x/y of var, cal1, cal2: 570.9037797849807 423.8585801547722 850.0159928860967 349.192418505716 337.9540258706246 116.31786244874155
 id  xcenter   ycenter  ...  aper_bkg aper_sum_bkgsub aper_sum_bkgsub_err
       pix       pix    ...                                              
--- --------- --------- ... --------- --------------- -------------------
  1 570.90378 423.85858 ... 20415.856       49958.559           301.68737
  2 850.01599 349.19242 ... 20497.856       151907.75           439.46384
  3 337.95403 116.31786 ... 20752.928       338917.07           616.96671
-----------------------------------------
268
/mnt//archive/west-14/2024/24_10_19//ad0268.fits
flat found.  dividing by flatfield
read ra/dec for target of: (358.6024, 62.14947)
pixel scale is: 0.91124716186266
x/y of var, cal1, cal2: 570.3126727692983 423.9266234148213 849.4026350975479 349.2677000487792 337.3679269621531 116.40732422670476
 id  xcenter   ycenter  ...  aper_bkg aper_sum_bkgsub aper_sum_bkgsub_err
       pix       pix    ...                                              
--- --------- --------- ... --------- --------------- -------------------
  1 570.31267 423.92662 ... 20437.493       50215.739           302.18492
  2 849.40264  349.2677 ... 20583.078       153517.06           441.48411
  3 337.36793 116.40732 ... 20882.614       341147.35           618.98108
-----------------------------------------
269
/mnt//archive/west-14/2024/24_10_19//ad0269.fits
flat found.  dividing by flatfield
read ra/dec for target of: (358.6024, 62.14947)
pixel scale is: 0.9111783483396567
x/y of var, cal1, cal2: 570.4273980983397 423.7509194801015 849.5294466872135 349.09893030673516 337.4721855586949 116.19790162131602
 id  xcenter   ycenter  ...  aper_bkg aper_sum_bkgsub aper_sum_bkgsub_err
       pix       pix    ...                                              
--- --------- --------- ... --------- --------------- -------------------
  1  570.4274 423.75092 ... 20357.498       49748.918             301.146
  2 849.52945 349.09893 ...  20648.05       153213.85           441.28783
  3 337.47219  116.1979 ... 21024.245       340799.18           618.92865
