read ra/dec for calibration star of: (345.13143, 57.808872) (345.483373, 57.92029)
automag_driver: using file automag_driver
aperture parameters; rad, r_in, r_out: 5.0, 15.0, 25.0
-----------------------------------------
97
/mnt//archive/draco2/2024/24_10_31//ad0097.fits
flat found.  dividing by flatfield
read ra/dec for target of: (345.338038, 57.867027)
pixel scale is: 0.9855073709074887
x/y of var, cal1, cal2: 552.2228154175895 415.10211844085217 900.6417070670657 123.40630737149849 317.63780060627323 664.9452098827517
 id  xcenter   ycenter  ...  aper_bkg aper_sum_bkgsub aper_sum_bkgsub_err
       pix       pix    ...                                              
--- --------- --------- ... --------- --------------- -------------------
  1 552.22282 415.10212 ... 21971.683        109931.6           392.55569
  2 900.64171 123.40631 ... 22106.624        259994.1           551.75388
  3  317.6378 664.94521 ... 22007.919       150032.26           440.76422
-----------------------------------------
98
/mnt//archive/draco2/2024/24_10_31//ad0098.fits
flat found.  dividing by flatfield
read ra/dec for target of: (345.338038, 57.867027)
pixel scale is: 0.985607643795615
x/y of var, cal1, cal2: 551.9668914758532 415.3473092821866 900.3625557279445 123.68948801919606 317.3993050737739 665.159386472383
 id  xcenter   ycenter  ...  aper_bkg aper_sum_bkgsub aper_sum_bkgsub_err
       pix       pix    ...                                              
--- --------- --------- ... --------- --------------- -------------------
  1 551.96689 415.34731 ... 21736.843       108854.46           390.58052
  2 900.36256 123.68949 ...  21810.83       259004.67            550.3193
  3 317.39931 665.15939 ...  21891.64       149670.67           440.08971
-----------------------------------------
99
/mnt//archive/draco2/2024/24_10_31//ad0099.fits
flat found.  dividing by flatfield
read ra/dec for target of: (345.338038, 57.867027)
pixel scale is: 0.9855873834836619
x/y of var, cal1, cal2: 551.5923156670032 416.00172959820935 899.9833468389704 124.32618431197051 317.02689195076806 665.8268415324279
 id  xcenter   ycenter  ...  aper_bkg aper_sum_bkgsub aper_sum_bkgsub_err
       pix       pix    ...                                              
--- --------- --------- ... --------- --------------- -------------------
  1 551.59232 416.00173 ...  21909.19       109263.56            391.5443
  2 899.98335 124.32618 ... 21775.193       260717.78           551.80899
  3 317.02689 665.82684 ... 21833.322       150898.45           441.35031
-----------------------------------------
100
/mnt//archive/draco2/2024/24_10_31//ad0100.fits
flat found.  dividing by flatfield
read ra/dec for target of: (345.338038, 57.867027)
pixel scale is: 0.9855562054037904
x/y of var, cal1, cal2: 551.2462412174681 416.05644912770964 899.6465061585948 124.36827301076642 316.6714883315205 665.8917571225682
 id  xcenter   ycenter  ...  aper_bkg aper_sum_bkgsub aper_sum_bkgsub_err
       pix       pix    ...                                              
--- --------- --------- ... --------- --------------- -------------------
  1 551.24624 416.05645 ... 21576.752       109017.23           390.37896
  2 899.64651 124.36827 ... 21728.065       258986.46           550.15233
  3 316.67149 665.89176 ... 21700.732       149779.97           439.77999
