read ra/dec for calibration star of: (314.211675, 40.186014) (314.165463, 40.233653)
automag_driver: using file automag_driver
aperture parameters; rad, r_in, r_out: 5.0, 15.0, 25.0
-----------------------------------------
15
/mnt//archive/draco2/2024/24_10_31//ad0015.fits
flat found.  dividing by flatfield
read ra/dec for target of: (314.336791, 40.177503)
pixel scale is: 0.9873163602086618
x/y of var, cal1, cal2: 556.0781341594248 416.2275478509757 209.00196694204374 461.29742855320353 45.92038986730074 319.3733237788264
 id  xcenter   ycenter  ...  aper_bkg aper_sum_bkgsub aper_sum_bkgsub_err
       pix       pix    ...                                              
--- --------- --------- ... --------- --------------- -------------------
  1 556.07813 416.22755 ...   6505.85       212465.94           475.08172
  2 209.00197 461.29743 ... 6801.3738       57608.806           267.27617
  3  45.92039 319.37332 ... 6874.4129       98886.864           335.94745
-----------------------------------------
16
/mnt//archive/draco2/2024/24_10_31//ad0016.fits
flat found.  dividing by flatfield
read ra/dec for target of: (314.336791, 40.177503)
pixel scale is: 0.9872043910496384
x/y of var, cal1, cal2: 555.6920793698386 416.0849338505133 208.67818769104304 461.1324122107087 45.643272226934585 319.17928061378547
 id  xcenter   ycenter  ...  aper_bkg aper_sum_bkgsub aper_sum_bkgsub_err
       pix       pix    ...                                              
--- --------- --------- ... --------- --------------- -------------------
  1 555.69208 416.08493 ... 6456.8718       211039.42           473.47456
  2 208.67819 461.13241 ...  6646.808       57779.571            267.0172
  3 45.643272 319.17928 ... 6771.5278       100046.34           337.36389
-----------------------------------------
17
/mnt//archive/draco2/2024/24_10_31//ad0017.fits
flat found.  dividing by flatfield
read ra/dec for target of: (314.336791, 40.177503)
pixel scale is: 0.986976536833138
x/y of var, cal1, cal2: 555.9598575849734 416.2859918311172 208.93389310261432 461.30936497771324 45.872078175333456 319.307249486561
 id  xcenter   ycenter  ...  aper_bkg aper_sum_bkgsub aper_sum_bkgsub_err
       pix       pix    ...                                              
--- --------- --------- ... --------- --------------- -------------------
  1 555.95986 416.28599 ... 6433.8738       213558.42           476.07895
  2 208.93389 461.30936 ...  6551.624       56938.182           265.07816
  3 45.872078 319.30725 ... 6554.9745       98748.091           334.78805
-----------------------------------------
18
/mnt//archive/draco2/2024/24_10_31//ad0018.fits
flat found.  dividing by flatfield
read ra/dec for target of: (314.336791, 40.177503)
pixel scale is: 0.9872274272520273
x/y of var, cal1, cal2: 556.0654946341587 416.2499583413235 209.0895239551739 461.28606784927234 46.06581960187094 319.33140222812244
 id  xcenter   ycenter  ...  aper_bkg aper_sum_bkgsub aper_sum_bkgsub_err
       pix       pix    ...                                              
--- --------- --------- ... --------- --------------- -------------------
  1 556.06549 416.24996 ...  6550.987        212893.5            475.6264
  2 209.08952 461.28607 ... 6649.6991       56119.058           263.90047
  3  46.06582  319.3314 ... 6767.5898       96880.998           332.62769
-----------------------------------------
19
/mnt//archive/draco2/2024/24_10_31//ad0019.fits
flat found.  dividing by flatfield
read ra/dec for target of: (314.336791, 40.177503)
pixel scale is: 0.9860790483640413
x/y of var, cal1, cal2: 556.8243067890619 416.047328861553 209.38735793373388 461.05518042332847 46.123765887848776 318.8972678156164
 id  xcenter   ycenter  ...  aper_bkg aper_sum_bkgsub aper_sum_bkgsub_err
       pix       pix    ...                                              
--- --------- --------- ... --------- --------------- -------------------
  1 556.82431 416.04733 ... 6304.8135       221161.27           483.73123
  2 209.38736 461.05518 ... 6570.3752       60762.869           272.26571
  3 46.123766 318.89727 ... 6535.7025       106737.24           346.45872
-----------------------------------------
20
/mnt//archive/draco2/2024/24_10_31//ad0020.fits
flat found.  dividing by flatfield
read ra/dec for target of: (314.336791, 40.177503)
pixel scale is: 0.9861674332058612
x/y of var, cal1, cal2: 556.768968812102 416.16016341958994 209.33427834329956 461.21623616058446 46.07434864821823 319.09562021782494
 id  xcenter   ycenter  ...  aper_bkg aper_sum_bkgsub aper_sum_bkgsub_err
       pix       pix    ...                                              
--- --------- --------- ... --------- --------------- -------------------
  1 556.76897 416.16016 ... 6488.3866       222169.14            485.1504
  2 209.33428 461.21624 ... 6504.1087       60931.938            272.3328
  3 46.074349 319.09562 ... 6615.4296       106489.94           346.33193
-----------------------------------------
21
/mnt//archive/draco2/2024/24_10_31//ad0021.fits
flat found.  dividing by flatfield
read ra/dec for target of: (314.336791, 40.177503)
pixel scale is: 0.9862113095112267
x/y of var, cal1, cal2: 556.6035296199827 416.3540994331165 209.1755469166282 461.4164794238127 45.929294457959145 319.3060932637424
 id  xcenter   ycenter  ...  aper_bkg aper_sum_bkgsub aper_sum_bkgsub_err
       pix       pix    ...                                              
--- --------- --------- ... --------- --------------- -------------------
  1 556.60353  416.3541 ... 6447.3129       221223.89           484.09041
  2 209.17555 461.41648 ... 6627.6686       61506.039            273.8364
  3 45.929294 319.30609 ...  6648.601       104539.12           343.60053
-----------------------------------------
22
/mnt//archive/draco2/2024/24_10_31//ad0022.fits
flat found.  dividing by flatfield
read ra/dec for target of: (314.336791, 40.177503)
pixel scale is: 0.9860225588093237
x/y of var, cal1, cal2: 556.5541796932323 416.4864145586505 209.11881430075937 461.55996396498404 45.87423319394179 319.4235690984071
 id  xcenter   ycenter  ...  aper_bkg aper_sum_bkgsub aper_sum_bkgsub_err
       pix       pix    ...                                              
--- --------- --------- ... --------- --------------- -------------------
  1 556.55418 416.48641 ... 6453.6252       221173.07           484.05095
  2 209.11881 461.55996 ... 6481.5616       60304.006           271.09432
  3 45.874233 319.42357 ... 6536.4676       103820.06           342.22506
