read ra/dec for calibration star of: (319.958496, 45.511931) (320.145346, 45.480292)
automag_driver: using file automag_driver
aperture parameters; rad, r_in, r_out: 5.0, 15.0, 25.0
-----------------------------------------
209
/mnt//archive/draco2/2024/24_11_22//ad0209.fits
flat found.  dividing by flatfield
read ra/dec for target of: (320.137086, 45.467506)
pixel scale is: 0.9830830098815727
x/y of var, cal1, cal2: 553.922006281534 417.36957344692695 74.19254981994874 336.4952233332465 566.6105070961902 367.5689059697279
 id  xcenter   ycenter  ...  aper_bkg aper_sum_bkgsub aper_sum_bkgsub_err
       pix       pix    ...                                              
--- --------- --------- ... --------- --------------- -------------------
  1 553.92201 417.36957 ... 5927.1698       85382.094           312.18814
  2  74.19255 336.49522 ... 6214.3778       17106.795           172.51247
  3 566.61051 367.56891 ...  5853.347       7515.4638           139.45307
-----------------------------------------
210
/mnt//archive/draco2/2024/24_11_22//ad0210.fits
flat found.  dividing by flatfield
read ra/dec for target of: (320.137086, 45.467506)
pixel scale is: 0.9824648623135482
x/y of var, cal1, cal2: 554.3110188063663 417.0426016536995 74.6171354226745 336.25591394256134 566.9986028491736 367.206936035239
 id  xcenter   ycenter  ...  aper_bkg aper_sum_bkgsub aper_sum_bkgsub_err
       pix       pix    ...                                              
--- --------- --------- ... --------- --------------- -------------------
  1 554.31102  417.0426 ... 5900.2547        87511.76           315.49528
  2 74.617135 336.25591 ... 5947.0171       17454.348           171.96913
  3  566.9986 367.20694 ... 5645.8831       8380.0722           141.05615
-----------------------------------------
211
/mnt//archive/draco2/2024/24_11_22//ad0211.fits
flat found.  dividing by flatfield
read ra/dec for target of: (320.137086, 45.467506)
pixel scale is: 0.9830762520420068
x/y of var, cal1, cal2: 554.7130881876951 416.7949305031215 74.96940155192567 336.02479081102325 567.4225845458848 366.99115755476464
 id  xcenter   ycenter  ...  aper_bkg aper_sum_bkgsub aper_sum_bkgsub_err
       pix       pix    ...                                              
--- --------- --------- ... --------- --------------- -------------------
  1 554.71309 416.79493 ... 5887.4156       88444.468           316.92949
  2 74.969402 336.02479 ...  5791.602       18412.391           173.84072
  3 567.42258 366.99116 ... 5688.9361       7711.0969           138.97471
-----------------------------------------
212
/mnt//archive/draco2/2024/24_11_22//ad0212.fits
flat found.  dividing by flatfield
read ra/dec for target of: (320.137086, 45.467506)
pixel scale is: 0.982692242510759
x/y of var, cal1, cal2: 554.5568818958417 416.9294450206934 74.90158571131718 336.178266410525 567.2435078929403 367.10486597813116
 id  xcenter   ycenter  ...  aper_bkg aper_sum_bkgsub aper_sum_bkgsub_err
       pix       pix    ...                                              
--- --------- --------- ... --------- --------------- -------------------
  1 554.55688 416.92945 ... 5780.7623       86540.777           313.57184
  2 74.901586 336.17827 ... 5775.5606       17343.996           170.64617
  3 567.24351 367.10487 ... 5745.9179       7907.6527           140.08743
