read ra/dec for calibration star of: (36.845811, 59.457341) (36.762357, 59.472787)
automag_driver: using file automag_driver
aperture parameters; rad, r_in, r_out: 5.0, 15.0, 25.0
-----------------------------------------
767979
/mnt//archive/pt5m/2024/24_01_23//adbr0767979.fits
no flat found.  will not flatfield
read ra/dec for target of: (36.807362, 59.460604)
pixel scale is: 0.5585756807863798
x/y of var, cal1, cal2: 750.5434151708614 224.27332192766036 732.3288046413718 97.92172052881972 825.8486597305537 373.2669580354911
 id  xcenter   ycenter  ...  aper_bkg aper_sum_bkgsub aper_sum_bkgsub_err
       pix       pix    ...                                              
--- --------- --------- ... --------- --------------- -------------------
  1 750.54342 224.27332 ... 7341.9703       130378.25           381.16556
  2  732.3288 97.921721 ... 6733.6358       2284.3782           126.39877
  3 825.84866 373.26696 ... 6418.9799       4692.5866           133.24994
-----------------------------------------
767980
/mnt//archive/pt5m/2024/24_01_23//adbr0767980.fits
no flat found.  will not flatfield
read ra/dec for target of: (36.807362, 59.460604)
pixel scale is: 0.5586805806477503
x/y of var, cal1, cal2: 748.0968773043413 225.32685796060696 729.92511830103 98.99503135095244 823.3307926860507 374.30880921647963
 id  xcenter   ycenter  ...  aper_bkg aper_sum_bkgsub aper_sum_bkgsub_err
       pix       pix    ...                                              
--- --------- --------- ... --------- --------------- -------------------
  1 748.09688 225.32686 ... 6395.6003        126089.4           372.96863
  2 729.92512 98.995031 ... 5598.7715       2287.0681           117.08805
  3 823.33079 374.30881 ... 5347.1413       4731.0643           125.10135
-----------------------------------------
767981
/mnt//archive/pt5m/2024/24_01_23//adbr0767981.fits
no flat found.  will not flatfield
read ra/dec for target of: (36.807362, 59.460604)
pixel scale is: 0.558916839789326
x/y of var, cal1, cal2: 751.1165159964859 223.4451268202299 733.0989034770791 97.1938037367479 826.1437201367123 372.2507682608694
 id  xcenter   ycenter  ...  aper_bkg aper_sum_bkgsub aper_sum_bkgsub_err
       pix       pix    ...                                              
--- --------- --------- ... --------- --------------- -------------------
  1 751.11652 223.44513 ... 7333.0101       108182.89           350.81892
  2  733.0989 97.193804 ... 6494.9521       2091.5954           123.71944
  3 826.14372 372.25077 ...  6222.583       4280.6453           130.19528
-----------------------------------------
767982
/mnt//archive/pt5m/2024/24_01_23//adbr0767982.fits
no flat found.  will not flatfield
read ra/dec for target of: (36.807362, 59.460604)
pixel scale is: 0.5596722989006784
x/y of var, cal1, cal2: 748.745548249547 225.927114426904 730.4557407665671 99.83329447357602 824.127317547383 374.58677431667815
 id  xcenter   ycenter  ...  aper_bkg aper_sum_bkgsub aper_sum_bkgsub_err
       pix       pix    ...                                              
--- --------- --------- ... --------- --------------- -------------------
  1 748.74555 225.92711 ... 6383.4024       120002.06           364.68324
  2 730.45574 99.833294 ... 5746.1068       1718.2675           115.91152
  3 824.12732 374.58677 ... 5432.6828          4075.9           123.15139
-----------------------------------------
767983
/mnt//archive/pt5m/2024/24_01_23//adbr0767983.fits
no flat found.  will not flatfield
read ra/dec for target of: (36.807362, 59.460604)
pixel scale is: 0.5588762773020789
x/y of var, cal1, cal2: 748.1654651049565 225.74210860553265 729.8865229063429 99.45055302426954 823.5474491810553 374.6882826862199
 id  xcenter   ycenter  ...  aper_bkg aper_sum_bkgsub aper_sum_bkgsub_err
       pix       pix    ...                                              
--- --------- --------- ... --------- --------------- -------------------
  1 748.16547 225.74211 ...  7522.665       127013.41           377.20517
  2 729.88652 99.450553 ... 6726.3942       2160.3093            125.8495
  3 823.54745 374.68828 ... 6433.0314       4460.2513           132.48137
-----------------------------------------
767984
/mnt//archive/pt5m/2024/24_01_23//adbr0767984.fits
no flat found.  will not flatfield
read ra/dec for target of: (36.807362, 59.460604)
pixel scale is: 0.5586932460755258
x/y of var, cal1, cal2: 749.2289926181394 226.28771431361466 731.0389549747038 99.96577542736941 824.4852797632011 375.23725448509197
 id  xcenter   ycenter  ...  aper_bkg aper_sum_bkgsub aper_sum_bkgsub_err
       pix       pix    ...                                              
--- --------- --------- ... --------- --------------- -------------------
  1 749.22899 226.28771 ...  6353.374       126567.98           373.49663
  2 731.03895 99.965775 ... 5745.2955       2025.8175           117.22375
  3 824.48528 375.23725 ... 5451.7399       4963.0753           126.85249
-----------------------------------------
767985
/mnt//archive/pt5m/2024/24_01_23//adbr0767985.fits
no flat found.  will not flatfield
read ra/dec for target of: (36.807362, 59.460604)
pixel scale is: 0.5584718999566692
x/y of var, cal1, cal2: 746.3783737575242 224.0808270264756 728.1449972162353 97.70608805266102 821.6784730389918 373.10076673325386
 id  xcenter   ycenter  ...  aper_bkg aper_sum_bkgsub aper_sum_bkgsub_err
       pix       pix    ...                                              
--- --------- --------- ... --------- --------------- -------------------
  1 746.37837 224.08083 ... 7596.5175       118951.14           366.56401
  2   728.145 97.706088 ... 6736.1386       1787.0516           124.43604
  3 821.67847 373.10077 ... 6505.3054       4129.1404           131.77538
-----------------------------------------
767986
/mnt//archive/pt5m/2024/24_01_23//adbr0767986.fits
no flat found.  will not flatfield
read ra/dec for target of: (36.807362, 59.460604)
pixel scale is: 0.5587974110403149
x/y of var, cal1, cal2: 748.2051565201849 228.2182097288511 730.0017059022575 101.91313901902595 823.4650119507598 377.1676382394027
 id  xcenter   ycenter  ...  aper_bkg aper_sum_bkgsub aper_sum_bkgsub_err
       pix       pix    ...                                              
--- --------- --------- ... --------- --------------- -------------------
  1 748.20516 228.21821 ... 6298.6046       116686.49           359.87317
  2 730.00171 101.91314 ... 5659.3119       2017.6304            116.4528
  3 823.46501 377.16764 ... 5365.8662        4409.308           123.95983
-----------------------------------------
767987
/mnt//archive/pt5m/2024/24_01_23//adbr0767987.fits
no flat found.  will not flatfield
read ra/dec for target of: (36.807362, 59.460604)
pixel scale is: 0.558526320778135
x/y of var, cal1, cal2: 749.3406566371743 224.68359092328348 731.0785494832353 98.31619974216846 824.7076617913593 373.7095123433827
 id  xcenter   ycenter  ...  aper_bkg aper_sum_bkgsub aper_sum_bkgsub_err
       pix       pix    ...                                              
--- --------- --------- ... --------- --------------- -------------------
  1 749.34066 224.68359 ... 7490.1336       123920.79           372.99605
  2 731.07855   98.3162 ... 6587.9605       2028.6935             124.216
  3 824.70766 373.70951 ... 6441.0954        4315.102           131.99353
-----------------------------------------
767988
/mnt//archive/pt5m/2024/24_01_23//adbr0767988.fits
no flat found.  will not flatfield
read ra/dec for target of: (36.807362, 59.460604)
pixel scale is: 0.558524463507497
x/y of var, cal1, cal2: 747.1572087773998 226.51177195276344 728.9864360877898 100.14779750505585 822.4042657692281 375.5222561233129
 id  xcenter   ycenter  ...  aper_bkg aper_sum_bkgsub aper_sum_bkgsub_err
       pix       pix    ...                                              
--- --------- --------- ... --------- --------------- -------------------
  1 747.15721 226.51177 ... 6273.2907          122585           367.90839
  2 728.98644  100.1478 ... 5559.9402       2448.7282           117.44619
  3 822.40427 375.52226 ... 5266.2072        4871.568           125.01593
