read ra/dec for calibration star of: (0.218629, 60.937206) (0.376096, 60.945706)
automag_driver: using file automag_driver
aperture parameters; rad, r_in, r_out: 5.0, 15.0, 25.0
-----------------------------------------
177
/mnt//archive/far-east-20/2024/24_10_17//ad0177.fits
flat found.  dividing by flatfield
read ra/dec for target of: (0.246827, 60.959009)
pixel scale is: 1.0695609185785269
x/y of var, cal1, cal2: 437.31210249341365 433.37381536480876 486.20119291814274 361.797912922147 227.93848174170205 380.83190462645206
 id  xcenter   ycenter  ...  aper_bkg aper_sum_bkgsub aper_sum_bkgsub_err
       pix       pix    ...                                              
--- --------- --------- ... --------- --------------- -------------------
  1  437.3121 433.37382 ... 238228.65       16134.617           702.00921
  2 486.20119 361.79791 ...  242505.2       8206.3349           702.45407
  3 227.93848  380.8319 ... 232850.94        4615.203            685.9607
-----------------------------------------
178
/mnt//archive/far-east-20/2024/24_10_17//ad0178.fits
flat found.  dividing by flatfield
read ra/dec for target of: (0.246827, 60.959009)
pixel scale is: 1.0699188362152046
x/y of var, cal1, cal2: 437.516248381108 433.3467370367188 486.39921517673133 361.7805063377314 228.2387895669564 380.8834541647211
 id  xcenter   ycenter  ...  aper_bkg aper_sum_bkgsub aper_sum_bkgsub_err
       pix       pix    ...                                              
--- --------- --------- ... --------- --------------- -------------------
  1 437.51625 433.34674 ...  254122.5        14435.18           723.12182
  2 486.39922 361.78051 ...  256487.7       7101.2471           721.31939
  3 228.23879 380.88345 ... 255938.29       3315.9865           717.92588
-----------------------------------------
179
/mnt//archive/far-east-20/2024/24_10_17//ad0179.fits
flat found.  dividing by flatfield
read ra/dec for target of: (0.246827, 60.959009)
pixel scale is: 1.0696331994427128
x/y of var, cal1, cal2: 437.6311825737277 433.30536897251176 486.5349310987061 361.7047340960796 228.4160118672948 380.8932939175066
 id  xcenter   ycenter  ...  aper_bkg aper_sum_bkgsub aper_sum_bkgsub_err
       pix       pix    ...                                              
--- --------- --------- ... --------- --------------- -------------------
  1 437.63118 433.30537 ... 129148.73       71433.115            574.4176
  2 486.53493 361.70473 ... 132390.37       38820.488           551.20434
  3 228.41601 380.89329 ...  133282.1       17414.698           533.10777
-----------------------------------------
180
/mnt//archive/far-east-20/2024/24_10_17//ad0180.fits
flat found.  dividing by flatfield
read ra/dec for target of: (0.246827, 60.959009)
pixel scale is: 1.069822960070019
x/y of var, cal1, cal2: 437.2520626835598 433.00873486224884 486.1322495001052 361.4298004105523 227.95576951750647 380.56771889870646
 id  xcenter   ycenter  ...  aper_bkg aper_sum_bkgsub aper_sum_bkgsub_err
       pix       pix    ...                                              
--- --------- --------- ... --------- --------------- -------------------
  1 437.25206 433.00873 ... 160394.07       42838.553           603.20121
  2 486.13225  361.4298 ... 162758.37       22284.869           589.93779
  3 227.95577 380.56772 ... 158725.53       11302.647           573.56666
-----------------------------------------
181
/mnt//archive/far-east-20/2024/24_10_17//ad0181.fits
flat found.  dividing by flatfield
read ra/dec for target of: (0.246827, 60.959009)
pixel scale is: 1.0698519033017662
x/y of var, cal1, cal2: 437.32310821105074 433.17472011746963 486.15837873581836 361.6057687097769 228.1701959832705 380.7007175883485
 id  xcenter   ycenter  ...  aper_bkg aper_sum_bkgsub aper_sum_bkgsub_err
       pix       pix    ...                                              
--- --------- --------- ... --------- --------------- -------------------
  1 437.32311 433.17472 ... 336047.09       77175.074           865.73336
  2 486.15838 361.60577 ... 333732.98       41765.658           842.29248
  3  228.1702 380.70072 ... 330206.82        20712.61           825.44003
-----------------------------------------
182
/mnt//archive/far-east-20/2024/24_10_17//ad0182.fits
flat found.  dividing by flatfield
read ra/dec for target of: (0.246827, 60.959009)
pixel scale is: 1.0697522826813262
x/y of var, cal1, cal2: 437.28639972697897 433.1016015832228 486.1324356217089 361.53542701262256 228.03783031720553 380.5823041736045
 id  xcenter   ycenter  ...  aper_bkg aper_sum_bkgsub aper_sum_bkgsub_err
       pix       pix    ...                                              
--- --------- --------- ... --------- --------------- -------------------
  1  437.2864  433.1016 ... 284194.51       93723.809            813.8414
  2 486.13244 361.53543 ...  285640.1       51170.311           789.09791
  3 228.03783  380.5823 ... 284012.29       24463.604           769.87869
-----------------------------------------
183
/mnt//archive/far-east-20/2024/24_10_17//ad0183.fits
flat found.  dividing by flatfield
read ra/dec for target of: (0.246827, 60.959009)
pixel scale is: 1.0699755248326401
x/y of var, cal1, cal2: 437.4623819433259 433.18157859751875 486.3489689262785 361.62327166684315 228.16274296140355 380.7033927607725
 id  xcenter   ycenter  ...  aper_bkg aper_sum_bkgsub aper_sum_bkgsub_err
       pix       pix    ...                                              
--- --------- --------- ... --------- --------------- -------------------
  1 437.46238 433.18158 ... 169142.87       161016.36           706.77232
  2 486.34897 361.62327 ...  171308.4       85585.162           654.54332
  3 228.16274 380.70339 ... 167935.79       39461.714            612.8281
-----------------------------------------
184
/mnt//archive/far-east-20/2024/24_10_17//ad0184.fits
flat found.  dividing by flatfield
read ra/dec for target of: (0.246827, 60.959009)
pixel scale is: 1.0698248778220139
x/y of var, cal1, cal2: 437.30797546624973 433.1217682087161 486.1973916737091 361.5537187337311 227.99166500132458 380.6347664857857
 id  xcenter   ycenter  ...  aper_bkg aper_sum_bkgsub aper_sum_bkgsub_err
       pix       pix    ...                                              
--- --------- --------- ... --------- --------------- -------------------
  1 437.30798 433.12177 ... 278101.93       103632.41           812.44155
  2 486.19739 361.55372 ... 284830.55       55381.433            790.7386
  3 227.99167 380.63477 ... 271293.32       26625.613           754.61066
