read ra/dec for calibration star of: (358.45204, 62.12898) (358.732006, 62.072851)
automag_driver: using file automag_driver
aperture parameters; rad, r_in, r_out: 5.0, 15.0, 25.0
-----------------------------------------
38
/mnt//archive/west-14/2024/24_10_23//ad0038.fits
flat found.  dividing by flatfield
read ra/dec for target of: (358.6024, 62.14947)
pixel scale is: 0.9105848423650381
x/y of var, cal1, cal2: 601.9939788042714 425.91359924494 880.8026754159878 349.21860266796233 366.65674620035315 119.83482085583381
 id  xcenter   ycenter  ...  aper_bkg aper_sum_bkgsub aper_sum_bkgsub_err
       pix       pix    ...                                              
--- --------- --------- ... --------- --------------- -------------------
  1 601.99398  425.9136 ...  15732.83       35239.048           258.70777
  2 880.80268  349.2186 ... 16222.512        97720.32           361.09603
  3 366.65675 119.83482 ... 16353.815       227331.53           510.16091
-----------------------------------------
39
/mnt//archive/west-14/2024/24_10_23//ad0039.fits
flat found.  dividing by flatfield
read ra/dec for target of: (358.6024, 62.14947)
pixel scale is: 0.9106544619605953
x/y of var, cal1, cal2: 604.2869491071149 424.8813012203932 883.1437311368887 348.21668941471967 368.9075498877316 118.8052239753809
 id  xcenter   ycenter  ...  aper_bkg aper_sum_bkgsub aper_sum_bkgsub_err
       pix       pix    ...                                              
--- --------- --------- ... --------- --------------- -------------------
  1 604.28695  424.8813 ... 17733.612       26715.075           249.81453
  2 883.14373 348.21669 ... 17900.575       73091.478           330.32958
  3 368.90755 118.80522 ... 18597.653       169160.37           454.51147
-----------------------------------------
40
/mnt//archive/west-14/2024/24_10_23//ad0040.fits
flat found.  dividing by flatfield
read ra/dec for target of: (358.6024, 62.14947)
pixel scale is: 0.9105366844013358
x/y of var, cal1, cal2: 604.5704300092692 423.95291844493994 883.4176562801126 347.24987786740564 369.21422538039604 117.8613111619564
 id  xcenter   ycenter  ...  aper_bkg aper_sum_bkgsub aper_sum_bkgsub_err
       pix       pix    ...                                              
--- --------- --------- ... --------- --------------- -------------------
  1 604.57043 423.95292 ... 17869.614       26852.015           250.63169
  2 883.41766 347.24988 ... 17913.455       75088.964           333.37797
  3 369.21423 117.86131 ... 18516.141       170189.26             455.463
-----------------------------------------
41
/mnt//archive/west-14/2024/24_10_23//ad0041.fits
flat found.  dividing by flatfield
read ra/dec for target of: (358.6024, 62.14947)
pixel scale is: 0.9107595172125854
x/y of var, cal1, cal2: 606.4343310791872 422.7667137601087 885.178645718302 346.05675050621073 371.15870175738564 116.77168312421782
 id  xcenter   ycenter  ...  aper_bkg aper_sum_bkgsub aper_sum_bkgsub_err
       pix       pix    ...                                              
--- --------- --------- ... --------- --------------- -------------------
  1 606.43433 422.76671 ... 19562.687       23074.629           249.84996
  2 885.17865 346.05675 ... 19720.634       62189.186           319.14801
  3  371.1587 116.77168 ... 19738.536       149464.56            434.9329
