read ra/dec for calibration star of: (323.139367, 49.200936) (323.214433, 49.246981)
automag_driver: using file automag_driver
aperture parameters; rad, r_in, r_out: 5.0, 15.0, 25.0
-----------------------------------------
30
/mnt//archive/west-14/2024/24_10_23//ad0030.fits
flat found.  dividing by flatfield
read ra/dec for target of: (323.16844, 49.212512)
pixel scale is: 0.9104209521543796
x/y of var, cal1, cal2: 553.2045225219405 435.48821658456154 628.7441152991371 390.6306320339823 433.0502018462022 570.3915934729243
 id  xcenter   ycenter  ...  aper_bkg aper_sum_bkgsub aper_sum_bkgsub_err
       pix       pix    ...                                              
--- --------- --------- ... --------- --------------- -------------------
  1 553.20452 435.48822 ... 20559.441       29285.402           265.76171
  2 628.74412 390.63063 ... 20880.093        9124.794           226.07516
  3  433.0502 570.39159 ... 20467.871       12740.135           232.16562
-----------------------------------------
31
/mnt//archive/west-14/2024/24_10_23//ad0031.fits
flat found.  dividing by flatfield
read ra/dec for target of: (323.16844, 49.212512)
pixel scale is: 0.9106917951821301
x/y of var, cal1, cal2: 552.6808375346953 433.2046493652321 628.2431375784843 388.3449537641303 432.4851407553992 568.0924835701608
 id  xcenter   ycenter  ...  aper_bkg aper_sum_bkgsub aper_sum_bkgsub_err
       pix       pix    ...                                              
--- --------- --------- ... --------- --------------- -------------------
  1 552.68084 433.20465 ... 19251.871       38485.204           277.87397
  2 628.24314 388.34495 ...     19090        12682.88           226.02628
  3 432.48514 568.09248 ... 18948.795       16728.115           234.20227
-----------------------------------------
32
/mnt//archive/west-14/2024/24_10_23//ad0032.fits
flat found.  dividing by flatfield
read ra/dec for target of: (323.16844, 49.212512)
pixel scale is: 0.9107120336642849
x/y of var, cal1, cal2: 550.0995177654817 431.47599394045255 625.6598099715648 386.62570686034957 429.89849763015263 566.3474525426604
 id  xcenter   ycenter  ...  aper_bkg aper_sum_bkgsub aper_sum_bkgsub_err
       pix       pix    ...                                              
--- --------- --------- ... --------- --------------- -------------------
  1 550.09952 431.47599 ... 18493.377       44365.652           285.61759
  2 625.65981 386.62571 ...   18491.7        14454.83           227.29547
  3  429.8985 566.34745 ... 18067.828       18888.032           235.05039
-----------------------------------------
33
/mnt//archive/west-14/2024/24_10_23//ad0033.fits
flat found.  dividing by flatfield
read ra/dec for target of: (323.16844, 49.212512)
pixel scale is: 0.9107003377636984
x/y of var, cal1, cal2: 549.4856308101308 430.2240552601271 625.0507912152185 385.3714968090995 429.28179721164656 565.0999413850795
 id  xcenter   ycenter  ...  aper_bkg aper_sum_bkgsub aper_sum_bkgsub_err
       pix       pix    ...                                              
--- --------- --------- ... --------- --------------- -------------------
  1 549.48563 430.22406 ... 18625.984       42540.433           282.87347
  2 625.05079  385.3715 ... 18813.349        13895.42           227.47993
  3  429.2818 565.09994 ... 18534.312        18648.25           236.52035
