read ra/dec for calibration star of: (356.156642, 63.066039) (356.399713, 62.908706)
automag_driver: using file automag_driver
aperture parameters; rad, r_in, r_out: 5.0, 15.0, 25.0
-----------------------------------------
57
/mnt//archive/draco2/2024/24_11_22//ad0057.fits
flat found.  dividing by flatfield
read ra/dec for target of: (356.260948, 63.003853)
pixel scale is: 0.9828162505776773
x/y of var, cal1, cal2: 555.946247284859 416.3494053606219 345.70341127956203 222.11855026824563 844.7478079483183 718.8853511549321
 id  xcenter   ycenter  ...  aper_bkg aper_sum_bkgsub aper_sum_bkgsub_err
       pix       pix    ...                                              
--- --------- --------- ... --------- --------------- -------------------
  1 555.94625 416.34941 ... 4782.5548        33347.74           207.69653
  2 345.70341 222.11855 ... 4906.9697       78904.983           298.23468
  3 844.74781 718.88535 ... 4660.6938       36554.042           214.71011
-----------------------------------------
58
/mnt//archive/draco2/2024/24_11_22//ad0058.fits
flat found.  dividing by flatfield
read ra/dec for target of: (356.260948, 63.003853)
pixel scale is: 0.9828372595631146
x/y of var, cal1, cal2: 556.0917116195492 416.1791024358734 345.89342317525205 221.97204690917508 844.8273765246877 718.6815906606474
 id  xcenter   ycenter  ...  aper_bkg aper_sum_bkgsub aper_sum_bkgsub_err
       pix       pix    ...                                              
--- --------- --------- ... --------- --------------- -------------------
  1 556.09171  416.1791 ... 4836.4234       32826.372           206.69838
  2 345.89342 221.97205 ...  4954.788       79502.624           299.39472
  3 844.82738 718.68159 ... 4638.0061       35969.496           213.23815
-----------------------------------------
59
/mnt//archive/draco2/2024/24_11_22//ad0059.fits
flat found.  dividing by flatfield
read ra/dec for target of: (356.260948, 63.003853)
pixel scale is: 0.9827389294385874
x/y of var, cal1, cal2: 556.0727742215597 416.20587522345267 345.849197387323 221.9779256385533 844.8482214469477 718.7406412072999
 id  xcenter   ycenter  ...  aper_bkg aper_sum_bkgsub aper_sum_bkgsub_err
       pix       pix    ...                                              
--- --------- --------- ... --------- --------------- -------------------
  1 556.07277 416.20588 ...  4760.411       33540.227           208.05299
  2  345.8492 221.97793 ... 4971.2555       79375.727           299.23776
  3 844.84822 718.74064 ... 4852.6097       36070.854           214.47861
-----------------------------------------
60
/mnt//archive/draco2/2024/24_11_22//ad0060.fits
flat found.  dividing by flatfield
read ra/dec for target of: (356.260948, 63.003853)
pixel scale is: 0.9826513471851774
x/y of var, cal1, cal2: 556.32875335485 415.6688699553879 346.1212250200283 221.43499416459332 845.077104856857 718.2149590663528
 id  xcenter   ycenter  ...  aper_bkg aper_sum_bkgsub aper_sum_bkgsub_err
       pix       pix    ...                                              
--- --------- --------- ... --------- --------------- -------------------
  1 556.32875 415.66887 ... 4659.9564       33427.286           207.29737
  2 346.12123 221.43499 ... 4784.9208       79972.035           299.61121
  3  845.0771 718.21496 ... 4708.9728       36540.119           214.90245
