read ra/dec for calibration star of: (357.307226, 59.943336) (357.434683, 60.013532)
automag_driver: using file automag_driver
aperture parameters; rad, r_in, r_out: 5.0, 15.0, 25.0
-----------------------------------------
141
/mnt//archive/draco2/2024/24_10_21//ad0141.fits
flat found.  dividing by flatfield
read ra/dec for target of: (357.483431, 59.940703)
pixel scale is: 0.9860993262713736
x/y of var, cal1, cal2: 553.9597110156305 416.49924268614603 871.4918543903991 360.9695241998784 695.3430170092379 658.8368849738426
 id  xcenter   ycenter  ...  aper_bkg aper_sum_bkgsub aper_sum_bkgsub_err
       pix       pix    ...                                              
--- --------- --------- ... --------- --------------- -------------------
  1 553.95971 416.49924 ... 19468.687       15607.804           234.03029
  2 871.49185 360.96952 ... 19763.142       185560.11           474.66977
  3 695.34302 658.83688 ... 19372.019        48911.21           296.44603
-----------------------------------------
142
/mnt//archive/draco2/2024/24_10_21//ad0142.fits
flat found.  dividing by flatfield
read ra/dec for target of: (357.483431, 59.940703)
pixel scale is: 0.9863023573630755
x/y of var, cal1, cal2: 553.913065260209 416.59471281430075 871.3848640489166 361.0717514836387 695.2858931775665 658.8804092189998
 id  xcenter   ycenter  ...  aper_bkg aper_sum_bkgsub aper_sum_bkgsub_err
       pix       pix    ...                                              
--- --------- --------- ... --------- --------------- -------------------
  1 553.91307 416.59471 ... 19675.011       15438.681              234.55
  2 871.38486 361.07175 ... 20058.399       179222.93           468.57735
  3 695.28589 658.88041 ... 19859.362       47465.029           295.64971
-----------------------------------------
143
/mnt//archive/draco2/2024/24_10_21//ad0143.fits
flat found.  dividing by flatfield
read ra/dec for target of: (357.483431, 59.940703)
pixel scale is: 0.9861630511495063
x/y of var, cal1, cal2: 553.6578386879344 416.49459493153927 871.1356875676786 360.94596420444856 694.911943615052 658.8064515461311
 id  xcenter   ycenter  ...  aper_bkg aper_sum_bkgsub aper_sum_bkgsub_err
       pix       pix    ...                                              
--- --------- --------- ... --------- --------------- -------------------
  1 553.65784 416.49459 ... 20970.741       13154.589           235.20431
  2 871.13569 360.94596 ... 21067.932       156277.87           445.68906
  3 694.91194 658.80645 ... 20898.222       41667.646           289.29067
-----------------------------------------
144
/mnt//archive/draco2/2024/24_10_21//ad0144.fits
flat found.  dividing by flatfield
read ra/dec for target of: (357.483431, 59.940703)
pixel scale is: 0.9861777268434104
x/y of var, cal1, cal2: 553.4400069405032 416.8464160090758 870.8926052096368 361.35761058045557 694.7102114423557 659.1809459557243
 id  xcenter   ycenter  ...  aper_bkg aper_sum_bkgsub aper_sum_bkgsub_err
       pix       pix    ...                                              
--- --------- --------- ... --------- --------------- -------------------
  1 553.44001 416.84642 ... 20676.277       13746.712           235.21111
  2 870.89261 361.35761 ... 20927.426       162934.04           452.78459
  3 694.71021 659.18095 ... 20524.689       42569.814           289.55862
