read ra/dec for calibration star of: (359.756688, 61.132989) (359.386175, 61.184511)
automag_driver: using file automag_driver
aperture parameters; rad, r_in, r_out: 5.0, 15.0, 25.0
-----------------------------------------
234
/mnt//archive/draco2/2024/24_11_10//ad0234.fits
flat found.  dividing by flatfield
read ra/dec for target of: (359.5749, 61.221062)
pixel scale is: 0.9854108239025071
x/y of var, cal1, cal2: 554.5456760260674 417.58776295134294 173.76658143399334 170.37497382649354 851.7548551346749 218.0285160592254
 id  xcenter   ycenter  ...  aper_bkg aper_sum_bkgsub aper_sum_bkgsub_err
       pix       pix    ...                                              
--- --------- --------- ... --------- --------------- -------------------
  1 554.54568 417.58776 ... 27544.328       34930.394           300.40647
  2 173.76658 170.37497 ... 27885.548       24635.766            283.9575
  3 851.75486 218.02852 ... 27286.113       48978.849           322.14294
-----------------------------------------
235
/mnt//archive/draco2/2024/24_11_10//ad0235.fits
flat found.  dividing by flatfield
read ra/dec for target of: (359.5749, 61.221062)
pixel scale is: 0.9852865835907487
x/y of var, cal1, cal2: 554.7177917176872 417.3506061959125 173.90282338535758 170.10558599265045 851.949373578002 217.76702053335907
 id  xcenter   ycenter  ...  aper_bkg aper_sum_bkgsub aper_sum_bkgsub_err
       pix       pix    ...                                              
--- --------- --------- ... --------- --------------- -------------------
  1 554.71779 417.35061 ... 25912.351       39479.497           302.53793
  2 173.90282 170.10559 ... 26330.418       28858.727           285.91006
  3 851.94937 217.76702 ... 26038.178       55326.963           328.06755
-----------------------------------------
236
/mnt//archive/draco2/2024/24_11_10//ad0236.fits
flat found.  dividing by flatfield
read ra/dec for target of: (359.5749, 61.221062)
pixel scale is: 0.9851217045310598
x/y of var, cal1, cal2: 554.3924097670465 417.5513057502916 173.59142970035583 170.3005557751867 851.5969623620513 217.90648902185734
 id  xcenter   ycenter  ...  aper_bkg aper_sum_bkgsub aper_sum_bkgsub_err
       pix       pix    ...                                              
--- --------- --------- ... --------- --------------- -------------------
  1 554.39241 417.55131 ... 24728.261       43239.553           304.82958
  2 173.59143 170.30056 ... 25107.829       30719.108           284.88553
  3 851.59696 217.90649 ...  24448.39       60336.064           330.84414
-----------------------------------------
237
/mnt//archive/draco2/2024/24_11_10//ad0237.fits
flat found.  dividing by flatfield
read ra/dec for target of: (359.5749, 61.221062)
pixel scale is: 0.9851552016641529
x/y of var, cal1, cal2: 554.4839465189443 417.5965550665156 173.66161998775567 170.3616438249597 851.7653839556781 217.95272425173906
 id  xcenter   ycenter  ...  aper_bkg aper_sum_bkgsub aper_sum_bkgsub_err
       pix       pix    ...                                              
--- --------- --------- ... --------- --------------- -------------------
  1 554.48395 417.59656 ... 22225.785       55410.474           316.36537
  2 173.66162 170.36164 ... 22677.498       39060.866           290.93103
  3 851.76538 217.95272 ... 21849.156       78967.636           350.55805
