read ra/dec for calibration star of: (359.756688, 61.132989) (359.386175, 61.184511)
automag_driver: using file automag_driver
aperture parameters; rad, r_in, r_out: 5.0, 15.0, 25.0
-----------------------------------------
53
/mnt//archive/draco2/2024/24_11_25//ad0053.fits
flat found.  dividing by flatfield
read ra/dec for target of: (359.5749, 61.221062)
pixel scale is: 0.9840163898848877
x/y of var, cal1, cal2: 552.8492289599535 416.6270368643028 221.71198566788183 105.24913951297066 881.1804177228389 272.85837646955315
 id  xcenter   ycenter  ...  aper_bkg aper_sum_bkgsub aper_sum_bkgsub_err
       pix       pix    ...                                              
--- --------- --------- ... --------- --------------- -------------------
  1 552.84923 416.62704 ... 21779.751       40653.641           290.58242
  2 221.71199 105.24914 ... 21961.045       30311.498           272.87101
  3 881.18042 272.85838 ... 21452.979       57921.393           317.88733
-----------------------------------------
54
/mnt//archive/draco2/2024/24_11_25//ad0054.fits
flat found.  dividing by flatfield
read ra/dec for target of: (359.5749, 61.221062)
pixel scale is: 0.9837898112869827
x/y of var, cal1, cal2: 552.6132761518181 416.63519453922305 221.41207874372407 105.18007492509867 880.9840767588009 272.8388797931375
 id  xcenter   ycenter  ...  aper_bkg aper_sum_bkgsub aper_sum_bkgsub_err
       pix       pix    ...                                              
--- --------- --------- ... --------- --------------- -------------------
  1 552.61328 416.63519 ... 21546.937       42025.757           292.13803
  2 221.41208 105.18007 ... 21833.639       31521.763           274.61617
  3 880.98408 272.83888 ... 21371.959       61019.633           322.47256
-----------------------------------------
55
/mnt//archive/draco2/2024/24_11_25//ad0055.fits
flat found.  dividing by flatfield
read ra/dec for target of: (359.5749, 61.221062)
pixel scale is: 0.9839629076966372
x/y of var, cal1, cal2: 552.5853645935795 416.33717530037 221.41617163202466 104.93557825596002 880.9638004606747 272.5674173511884
 id  xcenter   ycenter  ...  aper_bkg aper_sum_bkgsub aper_sum_bkgsub_err
       pix       pix    ...                                              
--- --------- --------- ... --------- --------------- -------------------
  1 552.58536 416.33718 ... 20812.411       44461.139           293.78727
  2 221.41617 104.93558 ...   20972.2       33540.776           275.15482
  3  880.9638 272.56742 ... 20872.733       64431.805           326.19361
-----------------------------------------
56
/mnt//archive/draco2/2024/24_11_25//ad0056.fits
flat found.  dividing by flatfield
read ra/dec for target of: (359.5749, 61.221062)
pixel scale is: 0.9839187175379356
x/y of var, cal1, cal2: 552.5395887275819 416.1079778179428 221.37441658138556 104.69890130489699 880.9163808511455 272.32531063445003
 id  xcenter   ycenter  ...  aper_bkg aper_sum_bkgsub aper_sum_bkgsub_err
       pix       pix    ...                                              
--- --------- --------- ... --------- --------------- -------------------
  1 552.53959 416.10798 ...   20973.6         43876.6           293.34076
  2 221.37442  104.6989 ... 21475.963       31900.304           274.00224
  3 880.91638 272.32531 ... 21037.038       63248.386           324.88069
