read ra/dec for calibration star of: (0.218629, 60.937206) (0.376096, 60.945706)
automag_driver: using file automag_driver
aperture parameters; rad, r_in, r_out: 5.0, 15.0, 25.0
-----------------------------------------
73
/mnt//archive/draco2/2024/24_11_22//ad0073.fits
flat found.  dividing by flatfield
read ra/dec for target of: (0.246827, 60.959009)
pixel scale is: 0.982652559161432
x/y of var, cal1, cal2: 554.8423153126613 415.03512847283724 519.3190176802393 502.41190500844687 789.701951096628 422.7969923525037
 id  xcenter   ycenter  ...  aper_bkg aper_sum_bkgsub aper_sum_bkgsub_err
       pix       pix    ...                                              
--- --------- --------- ... --------- --------------- -------------------
  1 554.84232 415.03513 ... 4981.9783       9406.7156           139.98454
  2 519.31902 502.41191 ... 4916.6862          2765.9            113.2443
  3 789.70195 422.79699 ... 4753.7301       1557.0284           106.25201
-----------------------------------------
74
/mnt//archive/draco2/2024/24_11_22//ad0074.fits
flat found.  dividing by flatfield
read ra/dec for target of: (0.246827, 60.959009)
pixel scale is: 0.9825722139903547
x/y of var, cal1, cal2: 554.9186425875289 414.95601703577245 519.39958117026 502.3396070996501 789.7716761946416 422.7207048016307
 id  xcenter   ycenter  ...  aper_bkg aper_sum_bkgsub aper_sum_bkgsub_err
       pix       pix    ...                                              
--- --------- --------- ... --------- --------------- -------------------
  1 554.91864 414.95602 ... 4750.2065       10786.943           143.22135
  2 519.39958 502.33961 ... 4907.5376       2917.4762           113.83124
  3 789.77168  422.7207 ... 4622.3574       1990.0602           107.05034
-----------------------------------------
75
/mnt//archive/draco2/2024/24_11_22//ad0075.fits
flat found.  dividing by flatfield
read ra/dec for target of: (0.246827, 60.959009)
pixel scale is: 0.9827413160999866
x/y of var, cal1, cal2: 555.0758487136958 415.15760502714517 519.557775340954 502.5269072376341 789.9321826794653 422.9160066785926
 id  xcenter   ycenter  ...  aper_bkg aper_sum_bkgsub aper_sum_bkgsub_err
       pix       pix    ...                                              
--- --------- --------- ... --------- --------------- -------------------
  1 555.07585 415.15761 ... 4753.8186        9890.079           140.08111
  2 519.55778 502.52691 ... 4761.9919       2926.8412           112.58697
  3 789.93218 422.91601 ... 4716.7267       1926.0259           107.63122
-----------------------------------------
76
/mnt//archive/draco2/2024/24_11_22//ad0076.fits
flat found.  dividing by flatfield
read ra/dec for target of: (0.246827, 60.959009)
pixel scale is: 0.9826810223430872
x/y of var, cal1, cal2: 555.1601448223157 414.89870368008894 519.6424141033592 502.27319706843616 790.0249746812729 422.658702027921
 id  xcenter  ycenter  ...  aper_bkg aper_sum_bkgsub aper_sum_bkgsub_err
       pix      pix    ...                                              
--- --------- -------- ... --------- --------------- -------------------
  1 555.16014 414.8987 ... 4725.3198       9563.8969           138.70666
  2 519.64241 502.2732 ... 4830.0495       2720.9245           112.27655
  3 790.02497 422.6587 ... 4732.7384       1627.0059           106.38366
