read ra/dec for calibration star of: (345.13143, 57.808872) (345.483373, 57.92029)
automag_driver: using file automag_driver
aperture parameters; rad, r_in, r_out: 5.0, 15.0, 25.0
-----------------------------------------
225
/mnt//archive/far-east-20/2024/24_10_17//ad0225.fits
flat found.  dividing by flatfield
read ra/dec for target of: (345.338038, 57.867027)
pixel scale is: 1.0697913205253633
x/y of var, cal1, cal2: 435.78021416509955 433.711082086595 57.456557907186095 613.400606671322 702.8854698955938 265.0620505660737
 id  xcenter   ycenter  ...  aper_bkg aper_sum_bkgsub aper_sum_bkgsub_err
       pix       pix    ...                                              
--- --------- --------- ... --------- --------------- -------------------
  1 435.78021 433.71108 ... 54884.691       45259.704           394.02295
  2 57.456558 613.40061 ... 53653.849       121548.76           478.62455
  3 702.88547 265.06205 ... 53165.856       71622.799           422.11315
-----------------------------------------
226
/mnt//archive/far-east-20/2024/24_10_17//ad0226.fits
flat found.  dividing by flatfield
read ra/dec for target of: (345.338038, 57.867027)
pixel scale is: 1.0699983387622127
x/y of var, cal1, cal2: 435.55370571228434 433.69626465262724 57.34716109221978 613.3140021054863 702.5772092321467 265.1060005959861
 id  xcenter   ycenter  ...  aper_bkg aper_sum_bkgsub aper_sum_bkgsub_err
       pix       pix    ...                                              
--- --------- --------- ... --------- --------------- -------------------
  1 435.55371 433.69626 ...  54840.29       44068.744           392.39562
  2 57.347161   613.314 ... 53426.669       120369.64           476.91507
  3 702.57721   265.106 ... 53199.368       70508.185           420.87043
-----------------------------------------
227
/mnt//archive/far-east-20/2024/24_10_17//ad0227.fits
flat found.  dividing by flatfield
read ra/dec for target of: (345.338038, 57.867027)
pixel scale is: 1.0700671124554637
x/y of var, cal1, cal2: 435.3400927231836 433.658045104508 57.08561689361824 613.2835120628378 702.4058852988277 265.0650003325883
 id  xcenter   ycenter  ...  aper_bkg aper_sum_bkgsub aper_sum_bkgsub_err
       pix       pix    ...                                              
--- --------- --------- ... --------- --------------- -------------------
  1 435.34009 433.65805 ... 54637.754       44766.511            392.7684
  2 57.085617 613.28351 ... 53338.898       122871.61           479.34789
  3 702.40589   265.065 ... 53063.907       71428.382           421.64107
-----------------------------------------
228
/mnt//archive/far-east-20/2024/24_10_17//ad0228.fits
flat found.  dividing by flatfield
read ra/dec for target of: (345.338038, 57.867027)
pixel scale is: 1.0697325962028132
x/y of var, cal1, cal2: 435.38564215932433 433.57207506468006 57.08812588571658 613.3052614025205 702.472396187172 264.88992447936926
 id  xcenter   ycenter  ...  aper_bkg aper_sum_bkgsub aper_sum_bkgsub_err
       pix       pix    ...                                              
--- --------- --------- ... --------- --------------- -------------------
  1 435.38564 433.57208 ... 54485.138       44979.164           392.65053
  2 57.088126 613.30526 ... 53351.029       122246.63           478.72089
  3  702.4724 264.88992 ... 53089.771       71441.711           421.71822
