read ra/dec for calibration star of: (321.801433, 54.492517) (321.716558, 54.440525)
automag_driver: using file automag_driver
aperture parameters; rad, r_in, r_out: 5.0, 15.0, 25.0
-----------------------------------------
182
/mnt//archive/west-14/2024/24_10_19//ad0182.fits
flat found.  dividing by flatfield
read ra/dec for target of: (321.733427, 54.491455)
pixel scale is: 0.9119643697783381
x/y of var, cal1, cal2: 565.6242746515512 429.46825582613087 409.83181119662686 430.7127975812502 608.1883758296794 229.21519632727828
 id  xcenter   ycenter  ...  aper_bkg aper_sum_bkgsub aper_sum_bkgsub_err
       pix       pix    ...                                              
--- --------- --------- ... --------- --------------- -------------------
  1 565.62427 429.46826 ... 18706.846       188902.27           475.96319
  2 409.83181  430.7128 ... 18752.601       366549.57           635.82999
  3 608.18838  229.2152 ... 19067.085       214724.04           503.07376
-----------------------------------------
183
/mnt//archive/west-14/2024/24_10_19//ad0183.fits
flat found.  dividing by flatfield
read ra/dec for target of: (321.733427, 54.491455)
pixel scale is: 0.9118412364747357
x/y of var, cal1, cal2: 565.4783242491957 429.1634971700732 409.6860583159913 430.4167264222923 608.0193495865324 228.88106752294328
 id  xcenter   ycenter  ...  aper_bkg aper_sum_bkgsub aper_sum_bkgsub_err
       pix       pix    ...                                              
--- --------- --------- ... --------- --------------- -------------------
  1 565.47832  429.1635 ... 18807.194       191942.39           479.35558
  2 409.68606 430.41673 ... 18887.276       369104.66           638.04718
  3 608.01935 228.88107 ... 18991.466       217441.15           505.61753
-----------------------------------------
184
/mnt//archive/west-14/2024/24_10_19//ad0184.fits
flat found.  dividing by flatfield
read ra/dec for target of: (321.733427, 54.491455)
pixel scale is: 0.9117948852593742
x/y of var, cal1, cal2: 567.2568705476826 429.01090910904264 411.4564423244007 430.2915727138813 609.8316813422349 228.7108182437787
 id  xcenter   ycenter  ...  aper_bkg aper_sum_bkgsub aper_sum_bkgsub_err
       pix       pix    ...                                              
--- --------- --------- ... --------- --------------- -------------------
  1 567.25687 429.01091 ... 18590.192        188661.2            475.4646
  2 411.45644 430.29157 ... 18714.603       364059.18           633.80864
  3 609.83168 228.71082 ... 18684.602       214445.19           502.03525
-----------------------------------------
185
/mnt//archive/west-14/2024/24_10_19//ad0185.fits
flat found.  dividing by flatfield
read ra/dec for target of: (321.733427, 54.491455)
pixel scale is: 0.9119372738586734
x/y of var, cal1, cal2: 568.0701870939424 428.5341326981841 412.23564030402883 429.81309470600064 610.6013043310193 228.26573222536285
 id  xcenter   ycenter  ...  aper_bkg aper_sum_bkgsub aper_sum_bkgsub_err
       pix       pix    ...                                              
--- --------- --------- ... --------- --------------- -------------------
  1 568.07019 428.53413 ... 18537.929       191660.97           478.49956
  2 412.23564 429.81309 ...  18524.49       371369.32           639.25214
  3  610.6013 228.26573 ... 18546.489       218224.34           505.51194
