read ra/dec for calibration star of: (300.997825, 32.507628) (300.895592, 32.512811)
automag_driver: using file automag_driver
aperture parameters; rad, r_in, r_out: 5.0, 15.0, 25.0
-----------------------------------------
33
/mnt//archive/draco2/2024/24_11_25//ad0033.fits
flat found.  dividing by flatfield
read ra/dec for target of: (301.009037, 32.450705)
pixel scale is: 0.9841158125472741
x/y of var, cal1, cal2: 553.6077117280073 415.135497724218 510.8211232747603 208.4165828200753 194.96629643878265 201.61895489475754
 id  xcenter   ycenter  ...  aper_bkg aper_sum_bkgsub aper_sum_bkgsub_err
       pix       pix    ...                                              
--- --------- --------- ... --------- --------------- -------------------
  1 553.60771  415.1355 ... 106726.33       10327.642           473.29198
  2 510.82112 208.41658 ... 108076.13       137352.38           594.75175
  3  194.9663 201.61895 ... 108503.77       101931.15           564.94574
-----------------------------------------
34
/mnt//archive/draco2/2024/24_11_25//ad0034.fits
flat found.  dividing by flatfield
read ra/dec for target of: (301.009037, 32.450705)
pixel scale is: 0.9840963839318119
x/y of var, cal1, cal2: 553.3525609510474 415.33834365379613 510.56312126787475 208.61210963878412 194.71090687379444 201.7904560985671
 id  xcenter   ycenter  ...  aper_bkg aper_sum_bkgsub aper_sum_bkgsub_err
       pix       pix    ...                                              
--- --------- --------- ... --------- --------------- -------------------
  1 553.35256 415.33834 ... 103759.99        11569.94           468.31072
  2 510.56312 208.61211 ... 104953.87        148886.5           599.18213
  3 194.71091 201.79046 ... 106350.86       104211.05           563.14986
-----------------------------------------
35
/mnt//archive/draco2/2024/24_11_25//ad0035.fits
flat found.  dividing by flatfield
read ra/dec for target of: (301.009037, 32.450705)
pixel scale is: 0.9840410480482995
x/y of var, cal1, cal2: 553.3310696892024 415.450400943949 510.5365581603064 208.713546256675 194.68621996049393 201.89894135902253
 id  xcenter   ycenter  ...  aper_bkg aper_sum_bkgsub aper_sum_bkgsub_err
       pix       pix    ...                                              
--- --------- --------- ... --------- --------------- -------------------
  1 553.33107  415.4504 ... 103491.47        10731.94           466.84031
  2 510.53656 208.71355 ... 105210.53       138686.09           591.04326
  3 194.68622 201.89894 ... 106847.54       97326.583           557.89486
-----------------------------------------
36
/mnt//archive/draco2/2024/24_11_25//ad0036.fits
flat found.  dividing by flatfield
read ra/dec for target of: (301.009037, 32.450705)
pixel scale is: 0.9839827012524903
x/y of var, cal1, cal2: 553.4065444710935 415.3743087384609 510.62476785825845 208.62646455263828 194.7709899559601 201.82078025820948
 id  xcenter   ycenter  ...  aper_bkg aper_sum_bkgsub aper_sum_bkgsub_err
       pix       pix    ...                                              
--- --------- --------- ... --------- --------------- -------------------
  1 553.40654 415.37431 ...  95015.38       15684.194           453.80608
  2 510.62477 208.62646 ... 95875.665       197608.74            624.1675
  3 194.77099 201.82078 ... 96126.069       148131.42           583.61679
