read ra/dec for calibration star of: (0.218629, 60.937206) (0.376096, 60.945706)
automag_driver: using file automag_driver
aperture parameters; rad, r_in, r_out: 5.0, 15.0, 25.0
-----------------------------------------
109
/mnt//archive/draco2/2024/24_10_21//ad0109.fits
no flat found.  will not flatfield
read ra/dec for target of: (0.246827, 60.959009)
pixel scale is: 0.9863489285830737
x/y of var, cal1, cal2: 553.2499760221054 416.8942543129669 585.9817297478371 328.83567439153137 319.05082007336523 416.0908609063769
 id  xcenter   ycenter  ...  aper_bkg aper_sum_bkgsub aper_sum_bkgsub_err
       pix       pix    ...                                              
--- --------- --------- ... --------- --------------- -------------------
  1 553.24998 416.89425 ... 13764.268        42031.97           264.16946
  2 585.98173 328.83567 ... 13400.988        19483.66           215.66325
  3 319.05082 416.09086 ... 13158.801       10067.021           191.33641
-----------------------------------------
110
/mnt//archive/draco2/2024/24_10_21//ad0110.fits
no flat found.  will not flatfield
read ra/dec for target of: (0.246827, 60.959009)
pixel scale is: 0.9861774216550426
x/y of var, cal1, cal2: 553.4943407010446 417.1700368614984 586.217063576886 329.09655877315816 319.2768923545244 416.3634495240948
 id  xcenter   ycenter  ...  aper_bkg aper_sum_bkgsub aper_sum_bkgsub_err
       pix       pix    ...                                              
--- --------- --------- ... --------- --------------- -------------------
  1 553.49434 417.17004 ... 13405.649       42160.576           263.05299
  2 586.21706 329.09656 ... 13163.379       19401.591           214.36732
  3 319.27689 416.36345 ... 13001.865       9207.4943           188.24512
-----------------------------------------
111
/mnt//archive/draco2/2024/24_10_21//ad0111.fits
no flat found.  will not flatfield
read ra/dec for target of: (0.246827, 60.959009)
pixel scale is: 0.9861244513319009
x/y of var, cal1, cal2: 553.3919745039525 417.4653787785194 586.1121912738703 329.3880114009398 319.18745475091566 416.6527194290191
 id  xcenter   ycenter  ...  aper_bkg aper_sum_bkgsub aper_sum_bkgsub_err
       pix       pix    ...                                              
--- --------- --------- ... --------- --------------- -------------------
  1 553.39197 417.46538 ...  13407.09       42009.096           262.77038
  2 586.11219 329.38801 ... 13164.793       19196.701            213.8955
  3 319.18745 416.65272 ... 13003.262       9397.1485           188.75559
-----------------------------------------
112
/mnt//archive/draco2/2024/24_10_21//ad0112.fits
no flat found.  will not flatfield
read ra/dec for target of: (0.246827, 60.959009)
pixel scale is: 0.986278693198434
x/y of var, cal1, cal2: 553.3909390297425 417.59432180673144 586.1155531680364 329.53550646960343 319.20092823963336 416.74764231006367
 id  xcenter   ycenter  ...  aper_bkg aper_sum_bkgsub aper_sum_bkgsub_err
       pix       pix    ...                                              
--- --------- --------- ... --------- --------------- -------------------
  1 553.39094 417.59432 ... 13322.156        42465.61           263.31525
  2 586.11555 329.53551 ... 12999.195       19773.847           214.46966
  3 319.20093 416.74764 ... 13079.935        8999.516           188.10738
