read ra/dec for calibration star of: (345.13143, 57.808872) (345.483373, 57.92029)
automag_driver: using file automag_driver
aperture parameters; rad, r_in, r_out: 5.0, 15.0, 25.0
-----------------------------------------
113
/mnt//archive/draco2/2024/24_10_14//ad0113.fits
flat found.  dividing by flatfield
read ra/dec for target of: (345.338038, 57.867027)
pixel scale is: 0.9852742094522647
x/y of var, cal1, cal2: 552.4944683709973 416.33071070840936 911.072834619014 136.88524251119492 309.2060804368802 657.9060586312637
 id  xcenter   ycenter  ...  aper_bkg aper_sum_bkgsub aper_sum_bkgsub_err
       pix       pix    ...                                              
--- --------- --------- ... --------- --------------- -------------------
  1 552.49447 416.33071 ...  27588.41       7767.2003           251.33448
  2 911.07283 136.88524 ... 27825.793        15652.94           267.45004
  3 309.20608 657.90606 ... 27592.592        9289.142           254.36062
-----------------------------------------
114
/mnt//archive/draco2/2024/24_10_14//ad0114.fits
flat found.  dividing by flatfield
read ra/dec for target of: (345.338038, 57.867027)
pixel scale is: 0.984994027672022
x/y of var, cal1, cal2: 552.2939194418962 416.18914643588766 910.8437878817178 136.6817567921775 309.0266285176874 657.8212923604935
 id  xcenter   ycenter  ...  aper_bkg aper_sum_bkgsub aper_sum_bkgsub_err
       pix       pix    ...                                              
--- --------- --------- ... --------- --------------- -------------------
  1 552.29392 416.18915 ... 30181.515       6965.5743           259.91076
  2 910.84379 136.68176 ... 30574.436       14592.055           275.61917
  3 309.02663 657.82129 ... 30200.183       8249.8044           262.44079
