read ra/dec for calibration star of: (357.9345179, 58.80670872) (358.2382563, 58.73296991)
automag_driver: using file automag_driver
aperture parameters; rad, r_in, r_out: 5.0, 15.0, 25.0
-----------------------------------------
17
/mnt//archive/draco2/2024/24_09_27//ad0017.fits
flat found.  dividing by flatfield
read ra/dec for target of: (358.02930081425, 58.74172448295)
pixel scale is: 0.9857829626112206
x/y of var, cal1, cal2: 553.5042759539161 411.64892445122825 771.7554836757195 613.7730143023207 158.21099316122627 450.5997177520634
 id  xcenter   ycenter  ...  aper_bkg aper_sum_bkgsub aper_sum_bkgsub_err
       pix       pix    ...                                              
--- --------- --------- ... --------- --------------- -------------------
  1 553.50428 411.64892 ... 5750.0584       130255.69           376.80341
  2 771.75548 613.77301 ... 5627.1958       90754.441           319.74026
  3 158.21099 450.59972 ... 5794.0983       30303.445            205.2234
-----------------------------------------
18
/mnt//archive/draco2/2024/24_09_27//ad0018.fits
flat found.  dividing by flatfield
read ra/dec for target of: (358.02930081425, 58.74172448295)
pixel scale is: 0.985641690389647
x/y of var, cal1, cal2: 553.0149771239925 411.606102330065 771.2990033884023 613.7660500988761 157.64935205062898 450.55000485176913
 id  xcenter   ycenter  ...  aper_bkg aper_sum_bkgsub aper_sum_bkgsub_err
       pix       pix    ...                                              
--- --------- --------- ... --------- --------------- -------------------
  1 553.01498  411.6061 ... 6213.0412       141720.23           392.90115
  2   771.299 613.76605 ... 6105.3882       99844.266           335.08214
  3 157.64935    450.55 ...  6457.024       33364.441           215.64668
-----------------------------------------
19
/mnt//archive/draco2/2024/24_09_27//ad0019.fits
flat found.  dividing by flatfield
read ra/dec for target of: (358.02930081425, 58.74172448295)
pixel scale is: 0.9856916875096903
x/y of var, cal1, cal2: 552.7204747885489 411.4552127659066 771.0167593774362 613.5999993323362 157.32662361892136 450.40602778744403
 id  xcenter   ycenter  ...  aper_bkg aper_sum_bkgsub aper_sum_bkgsub_err
       pix       pix    ...                                              
--- --------- --------- ... --------- --------------- -------------------
  1 552.72047 411.45521 ... 6144.3477       142463.95             393.672
  2 771.01676     613.6 ... 6099.5142       98696.373           333.34727
  3 157.32662 450.40603 ... 6028.5739       33984.019           215.09572
-----------------------------------------
20
/mnt//archive/draco2/2024/24_09_27//ad0020.fits
flat found.  dividing by flatfield
read ra/dec for target of: (358.02930081425, 58.74172448295)
pixel scale is: 0.9857411180312361
x/y of var, cal1, cal2: 552.6976039926683 411.58591648519956 771.0241918624065 613.7305992640133 157.3116360601275 450.5166074130827
 id  xcenter   ycenter  ...  aper_bkg aper_sum_bkgsub aper_sum_bkgsub_err
       pix       pix    ...                                              
--- --------- --------- ... --------- --------------- -------------------
  1  552.6976 411.58592 ... 6195.0986       141131.18           392.10506
  2 771.02419  613.7306 ... 6072.0193       99592.645           334.60676
  3 157.31164 450.51661 ... 6323.7788       33229.614           214.71416
-----------------------------------------
21
/mnt//archive/draco2/2024/24_09_27//ad0021.fits
flat found.  dividing by flatfield
read ra/dec for target of: (358.02930081425, 58.74172448295)
pixel scale is: 0.9856241543871458
x/y of var, cal1, cal2: 552.6929621216536 411.6705704252131 770.9833309884141 613.8174659554927 157.3211461095613 450.6453200968156
 id  xcenter   ycenter  ...  aper_bkg aper_sum_bkgsub aper_sum_bkgsub_err
       pix       pix    ...                                              
--- --------- --------- ... --------- --------------- -------------------
  1 552.69296 411.67057 ... 6220.0525       141928.93           393.18448
  2 770.98333 613.81747 ...  6137.715       99471.461           334.62201
  3 157.32115 450.64532 ... 6319.5726       32290.307           212.49577
-----------------------------------------
22
/mnt//archive/draco2/2024/24_09_27//ad0022.fits
flat found.  dividing by flatfield
read ra/dec for target of: (358.02930081425, 58.74172448295)
pixel scale is: 0.9856300931138586
x/y of var, cal1, cal2: 552.3314746798495 411.8028813833984 770.6405856276217 613.9523471954643 156.93551539280054 450.77053367195884
 id  xcenter   ycenter  ...  aper_bkg aper_sum_bkgsub aper_sum_bkgsub_err
       pix       pix    ...                                              
--- --------- --------- ... --------- --------------- -------------------
  1 552.33147 411.80288 ... 6149.0669        141822.1           392.86796
  2 770.64059 613.95235 ... 6167.6436       99298.302           334.45267
  3 156.93552 450.77053 ...  6467.002       32268.016           213.13615
-----------------------------------------
23
/mnt//archive/draco2/2024/24_09_27//ad0023.fits
flat found.  dividing by flatfield
read ra/dec for target of: (358.02930081425, 58.74172448295)
pixel scale is: 0.9857037213663936
x/y of var, cal1, cal2: 552.3500763360145 411.822521494736 770.6319364160004 613.9702279413017 157.01356822688336 450.76310080534415
 id  xcenter   ycenter  ...  aper_bkg aper_sum_bkgsub aper_sum_bkgsub_err
       pix       pix    ...                                              
--- --------- --------- ... --------- --------------- -------------------
  1 552.35008 411.82252 ... 6134.1233       142335.17           393.48242
  2 770.63194 613.97023 ... 6151.0063       98715.719           333.53071
  3 157.01357  450.7631 ... 6277.3641       32688.432           213.23264
-----------------------------------------
24
/mnt//archive/draco2/2024/24_09_27//ad0024.fits
flat found.  dividing by flatfield
read ra/dec for target of: (358.02930081425, 58.74172448295)
pixel scale is: 0.9857368914795694
x/y of var, cal1, cal2: 552.4346672940205 411.45501162305703 770.7083304440123 613.5958833523723 157.1088089935987 450.3943385511768
 id  xcenter   ycenter  ...  aper_bkg aper_sum_bkgsub aper_sum_bkgsub_err
       pix       pix    ...                                              
--- --------- --------- ... --------- --------------- -------------------
  1 552.43467 411.45501 ... 6175.0551       141275.42           392.23785
  2 770.70833 613.59588 ...  6099.045       98724.276           333.38771
  3 157.10881 450.39434 ... 6494.7972        32335.35           213.42433
