read ra/dec for calibration star of: (357.307226, 59.943336) (357.434683, 60.013532)
automag_driver: using file automag_driver
aperture parameters; rad, r_in, r_out: 5.0, 15.0, 25.0
-----------------------------------------
178
/mnt//archive/draco2/2024/24_11_14//ad0178.fits
flat found.  dividing by flatfield
read ra/dec for target of: (357.483431, 59.940703)
pixel scale is: 0.983853489500235
x/y of var, cal1, cal2: 552.5147301558072 414.93890181652466 232.7196544229986 461.15995599247185 418.4101687301945 167.97426545781346
 id  xcenter   ycenter  ...  aper_bkg aper_sum_bkgsub aper_sum_bkgsub_err
       pix       pix    ...                                              
--- --------- --------- ... --------- --------------- -------------------
  1 552.51473  414.9389 ... 26479.288       47125.593           316.71623
  2 232.71965 461.15996 ... 27136.649       544646.14           774.04421
  3 418.41017 167.97427 ... 27251.126       139273.96           440.45569
-----------------------------------------
179
/mnt//archive/draco2/2024/24_11_14//ad0179.fits
flat found.  dividing by flatfield
read ra/dec for target of: (357.483431, 59.940703)
pixel scale is: 0.9838424570832875
x/y of var, cal1, cal2: 552.4752427682691 415.1261797167798 232.6942793271367 461.32911399238384 418.37942593487054 168.15095823582905
 id  xcenter   ycenter  ...  aper_bkg aper_sum_bkgsub aper_sum_bkgsub_err
       pix       pix    ...                                              
--- --------- --------- ... --------- --------------- -------------------
  1 552.47524 415.12618 ... 26635.913       47455.384           317.72978
  2 232.69428 461.32911 ... 27305.431       547004.88           775.78396
  3 418.37943 168.15096 ... 27336.429       139500.18           440.90593
-----------------------------------------
180
/mnt//archive/draco2/2024/24_11_14//ad0180.fits
flat found.  dividing by flatfield
read ra/dec for target of: (357.483431, 59.940703)
pixel scale is: 0.9838477393006788
x/y of var, cal1, cal2: 552.5378416890721 414.8762559764072 232.72497096641138 461.1186018547567 418.4432207837389 167.9189877925618
 id  xcenter   ycenter  ...  aper_bkg aper_sum_bkgsub aper_sum_bkgsub_err
       pix       pix    ...                                              
--- --------- --------- ... --------- --------------- -------------------
  1 552.53784 414.87626 ... 26711.886       48140.638           319.04453
  2 232.72497  461.1186 ... 27165.015       556262.26           781.54801
  3 418.44322 167.91899 ... 27137.099       142425.34           443.76181
-----------------------------------------
181
/mnt//archive/draco2/2024/24_11_14//ad0181.fits
flat found.  dividing by flatfield
read ra/dec for target of: (357.483431, 59.940703)
pixel scale is: 0.9836683302569712
x/y of var, cal1, cal2: 552.3005172955508 415.2892655556044 232.50548915228558 461.4834140541211 418.1742575861073 168.26320961541978
 id  xcenter   ycenter  ...  aper_bkg aper_sum_bkgsub aper_sum_bkgsub_err
       pix       pix    ...                                              
--- --------- --------- ... --------- --------------- -------------------
  1 552.30052 415.28927 ... 27035.828       47519.764           319.08685
  2 232.50549 461.48341 ... 27576.593       548334.86           776.98973
  3 418.17426 168.26321 ... 27701.698       140190.57           442.51437
