read ra/dec for calibration star of: (357.9345179, 58.80670872) (358.2382563, 58.73296991)
automag_driver: using file automag_driver
aperture parameters; rad, r_in, r_out: 5.0, 15.0, 25.0
-----------------------------------------
181
/mnt//archive/draco2/2024/24_11_22//ad0181.fits
flat found.  dividing by flatfield
read ra/dec for target of: (358.02930081425, 58.74172448295)
pixel scale is: 0.9827965785351189
x/y of var, cal1, cal2: 555.2725088391047 418.3614597079289 336.86541931288934 215.00211905370307 951.9709271392098 380.41878850254903
 id  xcenter   ycenter  ...  aper_bkg aper_sum_bkgsub aper_sum_bkgsub_err
       pix       pix    ...                                              
--- --------- --------- ... --------- --------------- -------------------
  1 555.27251 418.36146 ... 7689.4003       159804.31           418.81751
  2 336.86542 215.00212 ... 7793.1153       106031.93           349.06039
  3 951.97093 380.41879 ... 7509.2081       34090.489           222.11237
-----------------------------------------
182
/mnt//archive/draco2/2024/24_11_22//ad0182.fits
flat found.  dividing by flatfield
read ra/dec for target of: (358.02930081425, 58.74172448295)
pixel scale is: 0.9825144911029768
x/y of var, cal1, cal2: 555.68462700848 418.21900828710295 337.2542605056851 214.8140518797752 952.4209898323963 380.2422482313983
 id  xcenter   ycenter  ...  aper_bkg aper_sum_bkgsub aper_sum_bkgsub_err
       pix       pix    ...                                              
--- --------- --------- ... --------- --------------- -------------------
  1 555.68463 418.21901 ... 7471.9838        160502.6           419.13192
  2 337.25426 214.81405 ... 7703.6286       106877.59           350.01406
  3 952.42099 380.24225 ... 7393.7729       34646.548            222.8432
-----------------------------------------
183
/mnt//archive/draco2/2024/24_11_22//ad0183.fits
flat found.  dividing by flatfield
read ra/dec for target of: (358.02930081425, 58.74172448295)
pixel scale is: 0.9826180241228071
x/y of var, cal1, cal2: 555.3723417555592 418.18785175855925 336.9409301009705 214.79311565745934 952.0984096012035 380.2354555121349
 id  xcenter   ycenter  ...  aper_bkg aper_sum_bkgsub aper_sum_bkgsub_err
       pix       pix    ...                                              
--- --------- --------- ... --------- --------------- -------------------
  1 555.37234 418.18785 ... 7488.8728       162334.26           421.35141
  2 336.94093 214.79312 ... 7712.2464       108600.06           352.49049
  3 952.09841 380.23546 ... 7360.7573       34636.896           222.67333
-----------------------------------------
184
/mnt//archive/draco2/2024/24_11_22//ad0184.fits
flat found.  dividing by flatfield
read ra/dec for target of: (358.02930081425, 58.74172448295)
pixel scale is: 0.9825956030677074
x/y of var, cal1, cal2: 555.8676465027919 417.99823482694865 337.40922538845234 214.59158918415682 952.6176463038278 380.05817139183523
 id  xcenter   ycenter  ...  aper_bkg aper_sum_bkgsub aper_sum_bkgsub_err
       pix       pix    ...                                              
--- --------- --------- ... --------- --------------- -------------------
  1 555.86765 417.99823 ... 7503.6245       160663.37           419.39912
  2 337.40923 214.59159 ... 7574.0913       107299.48           350.24657
  3 952.61765 380.05817 ... 7457.2011       34685.415           223.21473
-----------------------------------------
185
/mnt//archive/draco2/2024/24_11_22//ad0185.fits
flat found.  dividing by flatfield
read ra/dec for target of: (358.02930081425, 58.74172448295)
pixel scale is: 0.9826306166139152
x/y of var, cal1, cal2: 555.7550538228828 417.82205850156004 337.3273125546083 214.4203678020129 952.4778029659112 379.8875142270992
 id  xcenter   ycenter  ...  aper_bkg aper_sum_bkgsub aper_sum_bkgsub_err
       pix       pix    ...                                              
--- --------- --------- ... --------- --------------- -------------------
  1 555.75505 417.82206 ... 7558.8022       162273.62            421.4454
  2 337.32731 214.42037 ... 7660.0958        108703.6           352.48942
  3  952.4778 379.88751 ... 7290.9394       34923.934           223.00407
-----------------------------------------
186
/mnt//archive/draco2/2024/24_11_22//ad0186.fits
flat found.  dividing by flatfield
read ra/dec for target of: (358.02930081425, 58.74172448295)
pixel scale is: 0.9825053155921823
x/y of var, cal1, cal2: 556.0026333619722 418.08707159977877 337.60505695222747 214.65962379738892 952.6990421374884 380.1473581999458
 id  xcenter   ycenter  ...  aper_bkg aper_sum_bkgsub aper_sum_bkgsub_err
       pix       pix    ...                                              
--- --------- --------- ... --------- --------------- -------------------
  1 556.00263 418.08707 ... 7344.7072       162948.85           421.73839
  2 337.60506 214.65962 ... 7486.5442       108614.34            351.8699
  3 952.69904 380.14736 ... 7098.7226       35666.812           223.80629
-----------------------------------------
187
/mnt//archive/draco2/2024/24_11_22//ad0187.fits
flat found.  dividing by flatfield
read ra/dec for target of: (358.02930081425, 58.74172448295)
pixel scale is: 0.982597203337707
x/y of var, cal1, cal2: 555.909115890797 417.93463609815154 337.4908431260937 214.53005778993514 952.6371803600495 379.99148487194117
 id  xcenter   ycenter  ...  aper_bkg aper_sum_bkgsub aper_sum_bkgsub_err
       pix       pix    ...                                              
--- --------- --------- ... --------- --------------- -------------------
  1 555.90912 417.93464 ...   7634.22       160249.98           419.21763
  2 337.49084 214.53006 ... 7812.8658       106534.09           349.83542
  3 952.63718 379.99148 ... 7258.6305       34579.915           222.08596
-----------------------------------------
188
/mnt//archive/draco2/2024/24_11_22//ad0188.fits
flat found.  dividing by flatfield
read ra/dec for target of: (358.02930081425, 58.74172448295)
pixel scale is: 0.9827279306063579
x/y of var, cal1, cal2: 556.117096693261 418.02178083383205 337.721131136836 214.65049250276684 952.8042135876533 380.07235842969527
 id  xcenter   ycenter  ...  aper_bkg aper_sum_bkgsub aper_sum_bkgsub_err
       pix       pix    ...                                              
--- --------- --------- ... --------- --------------- -------------------
  1  556.1171 418.02178 ... 7496.7643        160849.8           419.60497
  2 337.72113 214.65049 ... 7630.2681       106769.31           349.64961
  3 952.80421 380.07236 ... 7347.9405       34455.588           222.20817
