read ra/dec for calibration star of: (357.307226, 59.943336) (357.434683, 60.013532)
automag_driver: using file automag_driver
aperture parameters; rad, r_in, r_out: 5.0, 15.0, 25.0
-----------------------------------------
258
/mnt//archive/west-14/2024/24_10_19//ad0258.fits
flat found.  dividing by flatfield
read ra/dec for target of: (357.483431, 59.940703)
pixel scale is: 0.9113563551542645
x/y of var, cal1, cal2: 550.1278067260765 411.04711562795165 898.128603397611 429.32795531009486 640.1418628761337 700.749714926456
 id  xcenter   ycenter  ...  aper_bkg aper_sum_bkgsub aper_sum_bkgsub_err
       pix       pix    ...                                              
--- --------- --------- ... --------- --------------- -------------------
  1 550.12781 411.04712 ... 20080.104       63326.387           322.04285
  2  898.1286 429.32796 ... 20371.263       558766.69           774.42509
  3 640.14186 700.74971 ...  20100.18       147849.09           433.90604
-----------------------------------------
259
/mnt//archive/west-14/2024/24_10_19//ad0259.fits
flat found.  dividing by flatfield
read ra/dec for target of: (357.483431, 59.940703)
pixel scale is: 0.9112408874298197
x/y of var, cal1, cal2: 551.5755710102828 411.4421409897387 899.5895706646352 429.7144759406498 641.5776122448123 701.1786534337574
 id  xcenter   ycenter  ...  aper_bkg aper_sum_bkgsub aper_sum_bkgsub_err
       pix       pix    ...                                              
--- --------- --------- ... --------- --------------- -------------------
  1 551.57557 411.44214 ... 20159.462       62785.426           321.44883
  2 899.58957 429.71448 ... 20459.652       552873.87           770.72575
  3 641.57761 701.17865 ... 20092.399        146246.5           432.03738
-----------------------------------------
260
/mnt//archive/west-14/2024/24_10_19//ad0260.fits
flat found.  dividing by flatfield
read ra/dec for target of: (357.483431, 59.940703)
pixel scale is: 0.9111325769070057
x/y of var, cal1, cal2: 550.5668907770888 411.59334847193804 898.6017956750347 429.89558342130147 640.5818320726466 701.3714743677926
 id  xcenter   ycenter  ...  aper_bkg aper_sum_bkgsub aper_sum_bkgsub_err
       pix       pix    ...                                              
--- --------- --------- ... --------- --------------- -------------------
  1 550.56689 411.59335 ... 20023.205       62803.969           321.05355
  2  898.6018 429.89558 ... 20465.083       549067.63           768.25959
  3 640.58183 701.37147 ... 20073.233       145748.61           431.41636
-----------------------------------------
261
/mnt//archive/west-14/2024/24_10_19//ad0261.fits
flat found.  dividing by flatfield
read ra/dec for target of: (357.483431, 59.940703)
pixel scale is: 0.9111531578477229
x/y of var, cal1, cal2: 550.177530589974 412.27795331114714 898.2003942492204 430.53565257846986 640.1740730822511 702.0381247301293
 id  xcenter   ycenter  ...  aper_bkg aper_sum_bkgsub aper_sum_bkgsub_err
       pix       pix    ...                                              
--- --------- --------- ... --------- --------------- -------------------
  1 550.17753 412.27795 ... 20256.506       64135.368            323.8416
  2 898.20039 430.53565 ... 20629.928       548725.68           768.25161
  3 640.17407 702.03812 ... 20170.052       145772.72           431.66865
