read ra/dec for calibration star of: (350.640742, 62.791417) (350.801063, 62.783467)
automag_driver: using file automag_driver
aperture parameters; rad, r_in, r_out: 5.0, 15.0, 25.0
-----------------------------------------
55
/mnt//archive/draco2/2018/18_10_28//ad0055.fits
flat found.  dividing by flatfield
read ra/dec for target of: (350.618496, 62.757151)
pixel scale is: 0.9848337898140879
x/y of var, cal1, cal2: 545.8730573699756 425.04158342829095 503.73047413801 548.7234841779504 237.04654555349828 509.4323000750169
 id  xcenter   ycenter  ...  aper_bkg aper_sum_bkgsub aper_sum_bkgsub_err
       pix       pix    ...                                              
--- --------- --------- ... --------- --------------- -------------------
  1 545.87306 425.04158 ... 10029.613        108752.1           359.21627
  2 503.73047 548.72348 ... 10121.542       98402.095           344.77555
  3 237.04655  509.4323 ... 10312.406       45078.237           256.76458
-----------------------------------------
56
/mnt//archive/draco2/2018/18_10_28//ad0056.fits
flat found.  dividing by flatfield
read ra/dec for target of: (350.618496, 62.757151)
pixel scale is: 0.985029420494545
x/y of var, cal1, cal2: 546.7549753545736 425.72553339259497 504.6653360021937 549.3980269370849 238.0202734412482 510.21074531631666
 id  xcenter   ycenter  ...  aper_bkg aper_sum_bkgsub aper_sum_bkgsub_err
       pix       pix    ...                                              
--- --------- --------- ... --------- --------------- -------------------
  1 546.75498 425.72553 ... 10066.073       109051.92           359.73471
  2 504.66534 549.39803 ... 10146.972       98752.953           345.35764
  3 238.02027 510.21075 ... 10508.642       44594.161           256.58614
-----------------------------------------
57
/mnt//archive/draco2/2018/18_10_28//ad0057.fits
flat found.  dividing by flatfield
read ra/dec for target of: (350.618496, 62.757151)
pixel scale is: 0.9873709140131779
x/y of var, cal1, cal2: 546.182592806234 426.77280135861486 504.0794815909219 550.1134060421912 238.10276804786963 510.7747821269871
 id  xcenter   ycenter  ...  aper_bkg aper_sum_bkgsub aper_sum_bkgsub_err
       pix       pix    ...                                              
--- --------- --------- ... --------- --------------- -------------------
  1 546.18259  426.7728 ... 10053.036       102280.39           350.15919
  2 504.07948 550.11341 ... 9985.6627       94986.081           339.38534
  3 238.10277 510.77478 ... 10553.233       40907.509           249.47741
-----------------------------------------
58
/mnt//archive/draco2/2018/18_10_28//ad0058.fits
flat found.  dividing by flatfield
read ra/dec for target of: (350.618496, 62.757151)
pixel scale is: 0.9850868538488731
x/y of var, cal1, cal2: 547.6334474669551 426.20343886787924 505.52015598957337 549.8598192457374 238.89893383649667 510.6185337202186
 id  xcenter   ycenter  ...  aper_bkg aper_sum_bkgsub aper_sum_bkgsub_err
       pix       pix    ...                                              
--- --------- --------- ... --------- --------------- -------------------
  1 547.63345 426.20344 ... 10131.812       108887.47           359.68888
  2 505.52016 549.85982 ... 10299.981       98994.296           346.14918
  3 238.89893 510.61853 ...  10772.74       44168.336           256.78555
