read ra/dec for calibration star of: (356.156642, 63.066039) (356.399713, 62.908706)
automag_driver: using file automag_driver
aperture parameters; rad, r_in, r_out: 5.0, 15.0, 25.0
-----------------------------------------
69
/mnt//archive/draco2/2024/24_10_31//ad0069.fits
flat found.  dividing by flatfield
read ra/dec for target of: (356.260948, 63.003853)
pixel scale is: 0.9856786133750263
x/y of var, cal1, cal2: 553.6675547924542 417.6219667960176 770.0439660431716 603.6745602668607 255.17048986776956 126.44613605897973
 id  xcenter   ycenter  ...  aper_bkg aper_sum_bkgsub aper_sum_bkgsub_err
       pix       pix    ...                                              
--- --------- --------- ... --------- --------------- -------------------
  1 553.66755 417.62197 ... 12185.156        206748.3           480.98192
  2 770.04397 603.67456 ... 11863.007       224015.31           497.96217
  3 255.17049 126.44614 ...  12424.62       102765.89           357.54738
-----------------------------------------
70
/mnt//archive/draco2/2024/24_10_31//ad0070.fits
flat found.  dividing by flatfield
read ra/dec for target of: (356.260948, 63.003853)
pixel scale is: 0.9858144100211397
x/y of var, cal1, cal2: 554.0325398962555 417.3684129057207 770.3471509719384 603.3716748366066 255.62577936604418 126.26539170777932
 id  xcenter   ycenter  ...  aper_bkg aper_sum_bkgsub aper_sum_bkgsub_err
       pix       pix    ...                                              
--- --------- --------- ... --------- --------------- -------------------
  1 554.03254 417.36841 ... 12109.458       206659.12           480.73177
  2 770.34715 603.37167 ...  11761.53       222699.51           496.43486
  3 255.62578 126.26539 ... 12133.126          102873           356.88128
-----------------------------------------
71
/mnt//archive/draco2/2024/24_10_31//ad0071.fits
flat found.  dividing by flatfield
read ra/dec for target of: (356.260948, 63.003853)
pixel scale is: 0.9858415150247974
x/y of var, cal1, cal2: 554.0410905752861 417.50835808878094 770.3735546262584 603.525767984549 255.6081898038658 126.38676855831602
 id  xcenter   ycenter  ...  aper_bkg aper_sum_bkgsub aper_sum_bkgsub_err
       pix       pix    ...                                              
--- --------- --------- ... --------- --------------- -------------------
  1 554.04109 417.50836 ... 11963.674       207963.88           481.78442
  2 770.37355 603.52577 ... 11512.085       226074.65           499.32336
  3 255.60819 126.38677 ... 12227.681        102999.4           357.32305
-----------------------------------------
72
/mnt//archive/draco2/2024/24_10_31//ad0072.fits
flat found.  dividing by flatfield
read ra/dec for target of: (356.260948, 63.003853)
pixel scale is: 0.9856226646545254
x/y of var, cal1, cal2: 554.2719445355739 417.4463913170665 770.6194973295469 603.4927696096636 255.81868980642054 126.27717779006008
 id  xcenter   ycenter  ...  aper_bkg aper_sum_bkgsub aper_sum_bkgsub_err
       pix       pix    ...                                              
--- --------- --------- ... --------- --------------- -------------------
  1 554.27194 417.44639 ... 12167.795       209092.91           483.37718
  2  770.6195 603.49277 ... 11574.386       226011.26           499.38466
  3 255.81869 126.27718 ... 12115.593       103232.59           357.33566
