read ra/dec for calibration star of: (352.175813, 63.31704) (352.539642, 63.389221)
automag_driver: using file automag_driver
aperture parameters; rad, r_in, r_out: 5.0, 15.0, 25.0
-----------------------------------------
149
/mnt//archive/draco2/2024/24_10_21//ad0149.fits
flat found.  dividing by flatfield
read ra/dec for target of: (352.303175, 63.374302)
pixel scale is: 0.9858846670034409
x/y of var, cal1, cal2: 553.7362184079055 416.9872996745928 715.4486316117678 170.06246389452798 186.48701406588623 549.5287286658449
 id  xcenter   ycenter  ...  aper_bkg aper_sum_bkgsub aper_sum_bkgsub_err
       pix       pix    ...                                              
--- --------- --------- ... --------- --------------- -------------------
  1 553.73622  416.9873 ... 31787.612       8568.4951           269.01435
  2 715.44863 170.06246 ... 32156.832       34682.326           314.99363
  3 186.48701 549.52873 ...  31739.03       23104.058           294.63048
-----------------------------------------
150
/mnt//archive/draco2/2024/24_10_21//ad0150.fits
flat found.  dividing by flatfield
read ra/dec for target of: (352.303175, 63.374302)
pixel scale is: 0.9858924462225621
x/y of var, cal1, cal2: 553.942016107203 417.32381591821866 715.6780033891155 170.35700458244494 186.6995014631384 549.9640181886159
 id  xcenter   ycenter  ...  aper_bkg aper_sum_bkgsub aper_sum_bkgsub_err
       pix       pix    ...                                              
--- --------- --------- ... --------- --------------- -------------------
  1 553.94202 417.32382 ... 32559.451       8193.7142            271.1782
  2   715.678   170.357 ... 32982.009       33427.683           315.62113
  3  186.6995 549.96402 ... 32350.206       22384.503           295.48251
-----------------------------------------
151
/mnt//archive/draco2/2024/24_10_21//ad0151.fits
flat found.  dividing by flatfield
read ra/dec for target of: (352.303175, 63.374302)
pixel scale is: 0.9857963940116548
x/y of var, cal1, cal2: 553.8520181718072 417.2649065857377 715.5823022936834 170.26554983139908 186.6533315138472 549.9373212577747
 id  xcenter   ycenter  ...  aper_bkg aper_sum_bkgsub aper_sum_bkgsub_err
       pix       pix    ...                                              
--- --------- --------- ... --------- --------------- -------------------
  1 553.85202 417.26491 ... 32557.875       8549.6794           271.82794
  2  715.5823 170.26555 ... 33069.923       34481.599           317.56329
  3 186.65333 549.93732 ... 32732.285       22103.155           296.29837
-----------------------------------------
152
/mnt//archive/draco2/2024/24_10_21//ad0152.fits
flat found.  dividing by flatfield
read ra/dec for target of: (352.303175, 63.374302)
pixel scale is: 0.9859399863546411
x/y of var, cal1, cal2: 553.6934528955227 417.2988262897439 715.4399789268953 170.35553820096783 186.46006668473143 549.9062944023962
 id  xcenter   ycenter  ...  aper_bkg aper_sum_bkgsub aper_sum_bkgsub_err
       pix       pix    ...                                              
--- --------- --------- ... --------- --------------- -------------------
  1 553.69345 417.29883 ... 32217.773       9446.6529           272.22637
  2 715.43998 170.35554 ... 32501.859       37116.698            319.9147
  3 186.46007 549.90629 ... 32209.459       23505.391           296.89949
