read ra/dec for calibration star of: (0.218629, 60.937206) (0.376096, 60.945706)
automag_driver: using file automag_driver
aperture parameters; rad, r_in, r_out: 5.0, 15.0, 25.0
-----------------------------------------
77
/mnt//archive/draco2/2024/24_10_31//ad0077.fits
flat found.  dividing by flatfield
read ra/dec for target of: (0.246827, 60.959009)
pixel scale is: 0.9857483339389463
x/y of var, cal1, cal2: 552.7969487399376 416.38058744752504 585.0178343786946 328.05152471834884 318.5527636102795 417.13895332439813
 id  xcenter   ycenter  ...  aper_bkg aper_sum_bkgsub aper_sum_bkgsub_err
       pix       pix    ...                                              
--- --------- --------- ... --------- --------------- -------------------
  1 552.79695 416.38059 ... 11858.494       73385.912            311.9742
  2 585.01783 328.05152 ... 11923.198       42001.624           257.04673
  3 318.55276 417.13895 ... 12026.275       23602.817           218.81583
-----------------------------------------
78
/mnt//archive/draco2/2024/24_10_31//ad0078.fits
flat found.  dividing by flatfield
read ra/dec for target of: (0.246827, 60.959009)
pixel scale is: 0.9855925748416982
x/y of var, cal1, cal2: 552.9909617436775 416.5574325915637 585.2090023360953 328.21644598227493 318.7344889899592 417.30111682217114
 id  xcenter   ycenter  ...  aper_bkg aper_sum_bkgsub aper_sum_bkgsub_err
       pix       pix    ...                                              
--- --------- --------- ... --------- --------------- -------------------
  1 552.99096 416.55743 ... 11802.425       72952.803            311.0991
  2   585.209 328.21645 ... 11772.619       42043.598           256.54207
  3 318.73449 417.30112 ... 12027.354       23375.836            218.3015
-----------------------------------------
79
/mnt//archive/draco2/2024/24_10_31//ad0079.fits
flat found.  dividing by flatfield
read ra/dec for target of: (0.246827, 60.959009)
pixel scale is: 0.9856434689487202
x/y of var, cal1, cal2: 553.071867400727 416.6519363993798 585.2993360343719 328.3125235140806 318.8088311722459 417.417307251401
 id  xcenter   ycenter  ...  aper_bkg aper_sum_bkgsub aper_sum_bkgsub_err
       pix       pix    ...                                              
--- --------- --------- ... --------- --------------- -------------------
  1 553.07187 416.65194 ... 12033.324       72919.875           311.78763
  2 585.29934 328.31252 ... 11888.097       41918.204           256.74773
  3 318.80883 417.41731 ... 11906.468       23096.014           217.10355
-----------------------------------------
80
/mnt//archive/draco2/2024/24_10_31//ad0080.fits
flat found.  dividing by flatfield
read ra/dec for target of: (0.246827, 60.959009)
pixel scale is: 0.9855771567123833
x/y of var, cal1, cal2: 552.7715828309867 416.8135842976822 584.9957660560917 328.47047430784414 318.49495743108287 417.5626736149903
 id  xcenter   ycenter  ...  aper_bkg aper_sum_bkgsub aper_sum_bkgsub_err
       pix       pix    ...                                              
--- --------- --------- ... --------- --------------- -------------------
  1 552.77158 416.81358 ... 11937.085       73446.752           312.32343
  2 584.99577 328.47047 ... 11789.178       42683.076           257.84963
  3 318.49496 417.56267 ... 11921.779       23783.708           218.75161
