read ra/dec for calibration star of: (346.910188, 58.621305) (346.992287, 58.573333)
automag_driver: using file automag_driver
aperture parameters; rad, r_in, r_out: 5.0, 15.0, 25.0
-----------------------------------------
7
/mnt//archive/draco2/2024/24_10_07//ad0007.fits
flat found.  dividing by flatfield
read ra/dec for target of: (346.79201, 58.554203)
pixel scale is: 0.9861182251958382
x/y of var, cal1, cal2: 558.707374367285 444.7756582645966 381.05257872288485 725.8374066116096 196.1014042103543 581.5608261165168
 id  xcenter   ycenter  ...  aper_bkg aper_sum_bkgsub aper_sum_bkgsub_err
       pix       pix    ...                                              
--- --------- --------- ... --------- --------------- -------------------
  1 558.70737 444.77566 ... 79165.168       156066.63           560.91173
  2 381.05258 725.83741 ... 78260.486       100579.21            507.2723
  3  196.1014 581.56083 ... 78705.653       38139.693           442.46582
-----------------------------------------
8
/mnt//archive/draco2/2024/24_10_07//ad0008.fits
flat found.  dividing by flatfield
read ra/dec for target of: (346.79201, 58.554203)
pixel scale is: 0.9864082081933375
x/y of var, cal1, cal2: 558.1564834923369 444.322512110078 380.495021395157 725.3108244737832 195.58833311795325 581.0862163952283
 id  xcenter   ycenter  ...  aper_bkg aper_sum_bkgsub aper_sum_bkgsub_err
       pix       pix    ...                                              
--- --------- --------- ... --------- --------------- -------------------
  1 558.15648 444.32251 ... 76161.282       155122.44           554.68009
  2 380.49502 725.31082 ... 75545.361       101467.57           502.77559
  3 195.58833 581.08622 ... 76094.667       37843.538           436.18559
-----------------------------------------
9
/mnt//archive/draco2/2024/24_10_07//ad0009.fits
flat found.  dividing by flatfield
read ra/dec for target of: (346.79201, 58.554203)
pixel scale is: 0.9862698054216154
x/y of var, cal1, cal2: 557.9073341947495 443.6608638189499 380.22965731635577 724.6910576019702 195.29528845631762 580.4487656102988
 id  xcenter   ycenter  ...  aper_bkg aper_sum_bkgsub aper_sum_bkgsub_err
       pix       pix    ...                                              
--- --------- --------- ... --------- --------------- -------------------
  1 557.90733 443.66086 ... 74193.973       155533.14           551.49441
  2 380.22966 724.69106 ... 73450.627        102897.3           500.02356
  3 195.29529 580.44877 ... 74025.967       37141.088           430.60193
-----------------------------------------
10
/mnt//archive/draco2/2024/24_10_07//ad0010.fits
flat found.  dividing by flatfield
read ra/dec for target of: (346.79201, 58.554203)
pixel scale is: 0.9865886937453818
x/y of var, cal1, cal2: 557.6663334866003 443.517164075357 380.03826844434116 724.4329018208327 195.12492072327865 580.2126517936891
 id  xcenter   ycenter  ...  aper_bkg aper_sum_bkgsub aper_sum_bkgsub_err
       pix       pix    ...                                              
--- --------- --------- ... --------- --------------- -------------------
  1 557.66633 443.51716 ... 72394.667       154666.34           547.43098
  2 380.03827  724.4329 ... 71663.583       100211.34           493.72412
  3 195.12492 580.21265 ... 72341.665       37594.599           427.20362
-----------------------------------------
11
/mnt//archive/draco2/2024/24_10_07//ad0011.fits
flat found.  dividing by flatfield
read ra/dec for target of: (346.79201, 58.554203)
pixel scale is: 0.9861725036675623
x/y of var, cal1, cal2: 557.7181766549737 443.44457251219836 380.08214735025206 724.4789038727818 195.13484417220826 580.1978308455023
 id  xcenter   ycenter  ...  aper_bkg aper_sum_bkgsub aper_sum_bkgsub_err
       pix       pix    ...                                              
--- --------- --------- ... --------- --------------- -------------------
  1 557.71818 443.44457 ... 70652.628       157445.34           546.78661
  2 380.08215  724.4789 ... 69700.552       100334.67           489.85791
  3 195.13484 580.19783 ... 70214.537       37821.699           422.46393
-----------------------------------------
12
/mnt//archive/draco2/2024/24_10_07//ad0012.fits
flat found.  dividing by flatfield
read ra/dec for target of: (346.79201, 58.554203)
pixel scale is: 0.9862343371336114
x/y of var, cal1, cal2: 557.663929645129 443.08495942949247 380.0430066131727 724.1060017930924 195.14088550173045 579.8384833962801
 id  xcenter   ycenter  ...  aper_bkg aper_sum_bkgsub aper_sum_bkgsub_err
       pix       pix    ...                                              
--- --------- --------- ... --------- --------------- -------------------
  1 557.66393 443.08496 ... 68751.193       153104.16             539.288
  2 380.04301   724.106 ... 68127.856       101329.71            487.6581
  3 195.14089 579.83848 ... 68702.547       36792.812           417.63968
-----------------------------------------
13
/mnt//archive/draco2/2024/24_10_07//ad0013.fits
flat found.  dividing by flatfield
read ra/dec for target of: (346.79201, 58.554203)
pixel scale is: 0.9864952530291909
x/y of var, cal1, cal2: 557.6114347820082 443.1941185123551 379.9924284405969 724.1388070975634 195.0688403452118 579.9073373578832
 id  xcenter   ycenter  ...  aper_bkg aper_sum_bkgsub aper_sum_bkgsub_err
       pix       pix    ...                                              
--- --------- --------- ... --------- --------------- -------------------
  1 557.61143 443.19412 ... 67156.726       155575.91           538.62266
  2 379.99243 724.13881 ...  66163.56       98550.165           480.73099
  3 195.06884 579.90734 ... 66818.772       37676.958           414.17328
-----------------------------------------
14
/mnt//archive/draco2/2024/24_10_07//ad0014.fits
flat found.  dividing by flatfield
read ra/dec for target of: (346.79201, 58.554203)
pixel scale is: 0.9863545749696225
x/y of var, cal1, cal2: 557.3855056606707 443.1013864644926 379.7783182235593 724.0856601545597 194.88675994876195 579.83311388246
 id  xcenter   ycenter  ...  aper_bkg aper_sum_bkgsub aper_sum_bkgsub_err
       pix       pix    ...                                              
--- --------- --------- ... --------- --------------- -------------------
  1 557.38551 443.10139 ... 65244.521       153423.43           533.04547
  2 379.77832 724.08566 ... 64585.923       97602.071           476.44403
  3 194.88676 579.83311 ... 64865.004       37144.592           408.77818
