read ra/dec for calibration star of: (36.752127, 59.562503) (37.02079, 59.47925)
automag_driver: using file automag_driver
aperture parameters; rad, r_in, r_out: 5.0, 15.0, 25.0
-----------------------------------------
282
/mnt//archive/draco2/2024/24_11_10//ad0282.fits
flat found.  dividing by flatfield
read ra/dec for target of: (36.807362, 59.460604)
pixel scale is: 0.9852260172845825
x/y of var, cal1, cal2: 554.0748388717715 417.2650869571518 731.2353988353694 760.4556141236222 181.0491021850081 566.4345076240312
 id  xcenter   ycenter  ...  aper_bkg aper_sum_bkgsub aper_sum_bkgsub_err
       pix       pix    ...                                              
--- --------- --------- ... --------- --------------- -------------------
  1 554.07484 417.26509 ... 7667.9528        186490.2           449.50096
  2  731.2354 760.45561 ... 7544.7486       106570.27           349.11999
  3  181.0491 566.43451 ... 7621.1043       79814.151           308.67679
-----------------------------------------
283
/mnt//archive/draco2/2024/24_11_10//ad0283.fits
flat found.  dividing by flatfield
read ra/dec for target of: (36.807362, 59.460604)
pixel scale is: 0.9850230895291329
x/y of var, cal1, cal2: 554.2435004803189 417.32403419047876 731.3564236728055 760.5914402355761 181.2061403250774 566.5111161036896
 id  xcenter   ycenter  ...  aper_bkg aper_sum_bkgsub aper_sum_bkgsub_err
       pix       pix    ...                                              
--- --------- --------- ... --------- --------------- -------------------
  1  554.2435 417.32403 ... 7531.3944       185645.65             448.256
  2 731.35642 760.59144 ... 7505.0229       108584.91            351.8806
  3 181.20614 566.51112 ... 7547.0538       79716.009           308.27766
-----------------------------------------
284
/mnt//archive/draco2/2024/24_11_10//ad0284.fits
flat found.  dividing by flatfield
read ra/dec for target of: (36.807362, 59.460604)
pixel scale is: 0.9850459676069107
x/y of var, cal1, cal2: 554.0692062575783 417.10991073800466 731.18229046748 760.3238963780232 180.94931892372364 566.3892288908329
 id  xcenter   ycenter  ...  aper_bkg aper_sum_bkgsub aper_sum_bkgsub_err
       pix       pix    ...                                              
--- --------- --------- ... --------- --------------- -------------------
  1 554.06921 417.10991 ... 7610.0939       184763.96           447.44737
  2 731.18229  760.3239 ... 7548.6648       106673.41           349.27889
  3 180.94932 566.38923 ... 7615.0312       79456.121           308.07659
-----------------------------------------
285
/mnt//archive/draco2/2024/24_11_10//ad0285.fits
flat found.  dividing by flatfield
read ra/dec for target of: (36.807362, 59.460604)
pixel scale is: 0.9853412854360348
x/y of var, cal1, cal2: 554.1653800327339 416.7416649375325 731.3651704858971 759.8973694703002 181.10890039176297 565.8824555845952
 id  xcenter   ycenter  ...  aper_bkg aper_sum_bkgsub aper_sum_bkgsub_err
       pix       pix    ...                                              
--- --------- --------- ... --------- --------------- -------------------
  1 554.16538 416.74166 ... 7385.2174       185658.81           447.94446
  2 731.36517 759.89737 ... 7417.2183       108651.16           351.72517
  3  181.1089 565.88246 ... 7717.0011       78991.415           307.65308
-----------------------------------------
286
/mnt//archive/draco2/2024/24_11_10//ad0286.fits
flat found.  dividing by flatfield
read ra/dec for target of: (36.807362, 59.460604)
pixel scale is: 0.985050350922163
x/y of var, cal1, cal2: 553.6944709552987 417.0420803894278 730.8431331569948 760.2781334828035 180.523215342782 566.271037028708
 id  xcenter   ycenter  ...  aper_bkg aper_sum_bkgsub aper_sum_bkgsub_err
       pix       pix    ...                                              
--- --------- --------- ... --------- --------------- -------------------
  1 553.69447 417.04208 ... 7586.3374       183735.12           446.24298
  2 730.84313 760.27813 ... 7537.4349       107221.11           350.02997
  3 180.52322 566.27104 ... 7666.0734       78510.006           306.70369
-----------------------------------------
287
/mnt//archive/draco2/2024/24_11_10//ad0287.fits
flat found.  dividing by flatfield
read ra/dec for target of: (36.807362, 59.460604)
pixel scale is: 0.9850772909635058
x/y of var, cal1, cal2: 553.7199532903883 417.1025819112147 730.9220608322019 760.3216314337433 180.5239977744983 566.3435322058397
 id  xcenter   ycenter  ...  aper_bkg aper_sum_bkgsub aper_sum_bkgsub_err
       pix       pix    ...                                              
--- --------- --------- ... --------- --------------- -------------------
  1 553.71995 417.10258 ... 7631.3042       184762.77           447.49343
  2 730.92206 760.32163 ... 7507.9623       107740.77           350.68746
  3   180.524 566.34353 ...  7521.863       79956.408            308.5857
-----------------------------------------
288
/mnt//archive/draco2/2024/24_11_10//ad0288.fits
flat found.  dividing by flatfield
read ra/dec for target of: (36.807362, 59.460604)
pixel scale is: 0.9851269086987683
x/y of var, cal1, cal2: 553.8213680014336 416.78241440890656 730.9886056055303 759.9580644412559 180.5682169505888 566.0708183408847
 id  xcenter   ycenter  ...  aper_bkg aper_sum_bkgsub aper_sum_bkgsub_err
       pix       pix    ...                                              
--- --------- --------- ... --------- --------------- -------------------
  1 553.82137 416.78241 ...  7394.871       185557.73           447.85318
  2 730.98861 759.95806 ... 7265.8343       107827.88           350.12076
  3 180.56822 566.07082 ... 7553.3047        79629.32           308.15731
-----------------------------------------
289
/mnt//archive/draco2/2024/24_11_10//ad0289.fits
flat found.  dividing by flatfield
read ra/dec for target of: (36.807362, 59.460604)
pixel scale is: 0.9852122067679686
x/y of var, cal1, cal2: 553.7771679912298 416.90826816565794 730.9834729866512 760.10990102802 180.69876271831959 566.0665532382845
 id  xcenter   ycenter  ...  aper_bkg aper_sum_bkgsub aper_sum_bkgsub_err
       pix       pix    ...                                              
--- --------- --------- ... --------- --------------- -------------------
  1 553.77717 416.90827 ...  7482.856        187158.8           449.83276
  2 730.98347  760.1099 ... 7385.9104       108633.75            351.6114
  3 180.69876 566.06655 ... 7646.6891       80613.938           310.05212
