read ra/dec for calibration star of: (359.428633, 62.690422) (359.62416, 62.747272)
automag_driver: using file automag_driver
aperture parameters; rad, r_in, r_out: 5.0, 15.0, 25.0
-----------------------------------------
89
/mnt//archive/draco2/2020/20_10_01//ad0089.fits
no flat found.  will not flatfield
read ra/dec for target of: (359.395668, 62.718246)
pixel scale is: 0.9863767434272861
x/y of var, cal1, cal2: 561.5673790473282 415.0559755389368 504.9319265309713 314.3286477389292 181.40821629081756 527.1718948958776
 id  xcenter   ycenter  ...  aper_bkg aper_sum_bkgsub aper_sum_bkgsub_err
       pix       pix    ...                                              
--- --------- --------- ... --------- --------------- -------------------
  1 561.56738 415.05598 ...  22764.25       80635.992             355.513
  2 504.93193 314.32865 ... 22602.801       13177.447           242.09099
  3 181.40822 527.17189 ... 22683.525       16749.834           249.68357
-----------------------------------------
90
/mnt//archive/draco2/2020/20_10_01//ad0090.fits
no flat found.  will not flatfield
read ra/dec for target of: (359.395668, 62.718246)
pixel scale is: 0.9865335404371188
x/y of var, cal1, cal2: 561.4916778930713 415.1052632997064 504.8573776072702 314.3928918109494 181.39269492977172 527.1962942971658
 id  xcenter   ycenter  ...  aper_bkg aper_sum_bkgsub aper_sum_bkgsub_err
       pix       pix    ...                                              
--- --------- --------- ... --------- --------------- -------------------
  1 561.49168 415.10526 ... 23483.302       75768.097            350.6561
  2 504.85738 314.39289 ... 23402.603        11892.62           242.74025
  3 181.39269 527.19629 ... 23402.603       15428.954           249.91831
-----------------------------------------
91
/mnt//archive/draco2/2020/20_10_01//ad0091.fits
no flat found.  will not flatfield
read ra/dec for target of: (359.395668, 62.718246)
pixel scale is: 0.9864830209519705
x/y of var, cal1, cal2: 561.5509319254812 415.3813182006804 504.9229140721728 314.6627327306851 181.40377530515798 527.4709991572372
 id  xcenter   ycenter  ...  aper_bkg aper_sum_bkgsub aper_sum_bkgsub_err
       pix       pix    ...                                              
--- --------- --------- ... --------- --------------- -------------------
  1 561.55093 415.38132 ... 23889.242       75266.242           351.09789
  2 504.92291 314.66273 ... 23647.121       11993.199           243.95172
  3 181.40378   527.471 ... 23687.474       15330.599           250.85962
-----------------------------------------
92
/mnt//archive/draco2/2020/20_10_01//ad0092.fits
no flat found.  will not flatfield
read ra/dec for target of: (359.395668, 62.718246)
pixel scale is: 0.9863975111145581
x/y of var, cal1, cal2: 561.6835186034593 415.52800576502017 505.05182013987485 314.8088963591464 181.50660872177616 527.682500040348
 id  xcenter   ycenter  ...  aper_bkg aper_sum_bkgsub aper_sum_bkgsub_err
       pix       pix    ...                                              
--- --------- --------- ... --------- --------------- -------------------
  1 561.68352 415.52801 ... 23086.175           81772           358.00747
  2 505.05182  314.8089 ... 22440.408       13645.497            242.3867
  3 181.50661  527.6825 ... 23086.175       15918.922           249.63227
-----------------------------------------
93
/mnt//archive/draco2/2020/20_10_01//ad0093.fits
no flat found.  will not flatfield
read ra/dec for target of: (359.395668, 62.718246)
pixel scale is: 0.9865344639091859
x/y of var, cal1, cal2: 561.8115621703432 415.449485609609 505.1726746269832 314.73378340632746 181.71422616344444 527.517429163489
 id  xcenter   ycenter  ...  aper_bkg aper_sum_bkgsub aper_sum_bkgsub_err
       pix       pix    ...                                              
--- --------- --------- ... --------- --------------- -------------------
  1 561.81156 415.44949 ... 20497.414       100841.34           376.91003
  2 505.17267 314.73378 ...  20174.62       16807.919           239.54574
  3 181.71423 527.51743 ... 20497.414       20480.626           248.39576
-----------------------------------------
94
/mnt//archive/draco2/2020/20_10_01//ad0094.fits
no flat found.  will not flatfield
read ra/dec for target of: (359.395668, 62.718246)
pixel scale is: 0.9863552469903093
x/y of var, cal1, cal2: 562.4304119670952 415.62359474984913 505.8059151569553 314.89059033341357 182.30846985486323 527.7185866130997
 id  xcenter   ycenter  ...  aper_bkg aper_sum_bkgsub aper_sum_bkgsub_err
       pix       pix    ...                                              
--- --------- --------- ... --------- --------------- -------------------
  1 562.43041 415.62359 ... 19293.946       110077.13            385.8627
  2 505.80592 314.89059 ... 19051.763        18202.26           237.76204
  3 182.30847 527.71859 ... 19213.218       21878.139           246.02759
-----------------------------------------
95
/mnt//archive/draco2/2020/20_10_01//ad0095.fits
no flat found.  will not flatfield
read ra/dec for target of: (359.395668, 62.718246)
pixel scale is: 0.9863789985980339
x/y of var, cal1, cal2: 563.1188758650092 415.87061855378096 506.4715420252355 315.1472993656756 182.90582282692822 528.0116374199126
 id  xcenter   ycenter  ...  aper_bkg aper_sum_bkgsub aper_sum_bkgsub_err
       pix       pix    ...                                              
--- --------- --------- ... --------- --------------- -------------------
  1 563.11888 415.87062 ... 20826.772       97326.522           373.10195
  2 506.47154  315.1473 ... 20261.704       15892.156           237.99278
  3 182.90582 528.01164 ...   20584.6       19708.842           247.19029
-----------------------------------------
96
/mnt//archive/draco2/2020/20_10_01//ad0096.fits
no flat found.  will not flatfield
read ra/dec for target of: (359.395668, 62.718246)
pixel scale is: 0.9862843410403548
x/y of var, cal1, cal2: 564.4600073034574 415.8023802538202 507.82184245678206 315.06182380511245 184.28015034590499 527.9033471830246
 id  xcenter   ycenter  ...  aper_bkg aper_sum_bkgsub aper_sum_bkgsub_err
       pix       pix    ...                                              
--- --------- --------- ... --------- --------------- -------------------
  1 564.46001 415.80238 ... 18650.805       115701.65           391.44381
  2 507.82184 315.06182 ... 18570.066       19776.564           239.04329
  3 184.28015 527.90335 ... 19054.502       23411.059           248.48554
-----------------------------------------
97
/mnt//archive/draco2/2020/20_10_01//ad0097.fits
no flat found.  will not flatfield
read ra/dec for target of: (359.395668, 62.718246)
pixel scale is: 0.9865121268622998
x/y of var, cal1, cal2: 565.0542128524717 415.82120222830554 508.42030087887207 315.1062846594234 184.85860735520674 527.912245269615
 id  xcenter   ycenter  ...  aper_bkg aper_sum_bkgsub aper_sum_bkgsub_err
       pix       pix    ...                                              
--- --------- --------- ... --------- --------------- -------------------
  1 565.05421  415.8212 ... 28891.364       279341.41           580.81765
  2  508.4203 315.10628 ... 28487.854       46619.983           322.21218
  3 184.85861 527.91225 ...  28729.96       57008.137           338.66363
-----------------------------------------
98
/mnt//archive/draco2/2020/20_10_01//ad0098.fits
no flat found.  will not flatfield
read ra/dec for target of: (359.395668, 62.718246)
pixel scale is: 0.9866069327152028
x/y of var, cal1, cal2: 565.4873574051286 415.6764306604651 508.85085900426054 314.96662345438807 185.3709798152973 527.7260449425469
 id  xcenter   ycenter  ...  aper_bkg aper_sum_bkgsub aper_sum_bkgsub_err
       pix       pix    ...                                              
--- --------- --------- ... --------- --------------- -------------------
  1 565.48736 415.67643 ... 30338.171       260192.56           566.65149
  2 508.85086 314.96662 ... 30096.112       42440.065           320.71372
  3 185.37098 527.72604 ... 30176.798       53617.616            337.9293
-----------------------------------------
99
/mnt//archive/draco2/2020/20_10_01//ad0099.fits
no flat found.  will not flatfield
read ra/dec for target of: (359.395668, 62.718246)
pixel scale is: 0.9865147004875885
x/y of var, cal1, cal2: 566.2490361631677 415.9584589761412 509.6027053149729 315.2399210909982 186.0512298300677 528.023145170924
 id  xcenter   ycenter  ...  aper_bkg aper_sum_bkgsub aper_sum_bkgsub_err
       pix       pix    ...                                              
--- --------- --------- ... --------- --------------- -------------------
  1 566.24904 415.95846 ... 25703.496       323111.79            612.1632
  2 509.60271 315.23992 ... 25178.935       54443.585           324.07785
  3 186.05123 528.02315 ... 25985.952       65867.278           343.60469
-----------------------------------------
100
/mnt//archive/draco2/2020/20_10_01//ad0100.fits
no flat found.  will not flatfield
read ra/dec for target of: (359.395668, 62.718246)
pixel scale is: 0.9865641792246673
x/y of var, cal1, cal2: 565.3346896490465 415.9991143190898 508.6925480226577 315.28576812870864 185.1568103402243 528.0591217986612
 id  xcenter   ycenter  ...  aper_bkg aper_sum_bkgsub aper_sum_bkgsub_err
       pix       pix    ...                                              
--- --------- --------- ... --------- --------------- -------------------
  1 565.33469 415.99911 ...  27193.75       299226.07           594.84332
  2 508.69255 315.28577 ... 26709.588       50670.293           322.97751
  3 185.15681 528.05912 ... 27032.363       61625.232           340.46286
