read ra/dec for calibration star of: (24.126247, 57.798882) (24.204493, 57.811872)
automag_driver: using file automag_driver
aperture parameters; rad, r_in, r_out: 5.0, 15.0, 25.0
-----------------------------------------
290
/mnt//archive/draco2/2024/24_11_10//ad0290.fits
flat found.  dividing by flatfield
read ra/dec for target of: (24.308415, 57.75922)
pixel scale is: 0.9848820542710414
x/y of var, cal1, cal2: 553.0805039988411 417.4584263802972 930.3188681724544 485.89820268627534 790.9692472912026 563.752000730381
 id  xcenter   ycenter  ...  aper_bkg aper_sum_bkgsub aper_sum_bkgsub_err
       pix       pix    ...                                              
--- --------- --------- ... --------- --------------- -------------------
  1  553.0805 417.45843 ... 4129.9821       123190.19           362.87071
  2 930.31887  485.8982 ... 3861.1378       83071.341           301.69292
  3 790.96925   563.752 ... 3805.6929       35775.513           208.83462
-----------------------------------------
291
/mnt//archive/draco2/2024/24_11_10//ad0291.fits
flat found.  dividing by flatfield
read ra/dec for target of: (24.308415, 57.75922)
pixel scale is: 0.9850972684343038
x/y of var, cal1, cal2: 552.4216377126934 417.32987811377427 929.6885729805883 485.8608654423512 790.3566904204956 563.6584371352268
 id  xcenter   ycenter  ...  aper_bkg aper_sum_bkgsub aper_sum_bkgsub_err
       pix       pix    ...                                              
--- --------- --------- ... --------- --------------- -------------------
  1 552.42164 417.32988 ... 3774.1325       123772.35           362.69217
  2 929.68857 485.86087 ... 3684.3467       82941.699             300.891
  3 790.35669 563.65844 ... 3806.6662       35344.154           207.80396
-----------------------------------------
292
/mnt//archive/draco2/2024/24_11_10//ad0292.fits
flat found.  dividing by flatfield
read ra/dec for target of: (24.308415, 57.75922)
pixel scale is: 0.9850244659027878
x/y of var, cal1, cal2: 553.182333136905 416.94380315880136 930.4361839062726 485.44793699230553 791.0950686432468 563.2630478768731
 id  xcenter   ycenter  ...  aper_bkg aper_sum_bkgsub aper_sum_bkgsub_err
       pix       pix    ...                                              
--- --------- --------- ... --------- --------------- -------------------
  1 553.18233  416.9438 ... 3786.6437       125321.38           364.85568
  2 930.43618 485.44794 ... 3631.9446       85638.256           305.16741
  3 791.09507 563.26305 ... 3657.0827       36430.484           209.68941
-----------------------------------------
293
/mnt//archive/draco2/2024/24_11_10//ad0293.fits
flat found.  dividing by flatfield
read ra/dec for target of: (24.308415, 57.75922)
pixel scale is: 0.985093019090907
x/y of var, cal1, cal2: 552.8041605189591 417.3502155791634 930.0292201835608 485.8968949293063 790.7050161371656 563.6891154416476
 id  xcenter   ycenter  ...  aper_bkg aper_sum_bkgsub aper_sum_bkgsub_err
       pix       pix    ...                                              
--- --------- --------- ... --------- --------------- -------------------
  1 552.80416 417.35022 ...  3821.177       125588.91           365.31667
  2 930.02922 485.89689 ... 3694.1911        83073.28           301.14226
  3 790.70502 563.68912 ... 3903.4172       35510.909           208.66898
-----------------------------------------
294
/mnt//archive/draco2/2024/24_11_10//ad0294.fits
flat found.  dividing by flatfield
read ra/dec for target of: (24.308415, 57.75922)
pixel scale is: 0.9847178868867262
x/y of var, cal1, cal2: 552.9944860463565 417.0969799501961 930.2294892341802 485.5772902009897 790.9034108422035 563.4333030322018
 id  xcenter   ycenter  ...  aper_bkg aper_sum_bkgsub aper_sum_bkgsub_err
       pix       pix    ...                                              
--- --------- --------- ... --------- --------------- -------------------
  1 552.99449 417.09698 ...  3906.414        124871.4           364.56718
  2 930.22949 485.57729 ... 3929.5413        83612.32           302.81414
  3 790.90341  563.4333 ...   3726.89       35623.913           208.09299
-----------------------------------------
295
/mnt//archive/draco2/2024/24_11_10//ad0295.fits
flat found.  dividing by flatfield
read ra/dec for target of: (24.308415, 57.75922)
pixel scale is: 0.9847763453514323
x/y of var, cal1, cal2: 553.0884074373873 417.20886205996936 930.2816461737712 485.7622101492981 790.9803832492139 563.5851253231692
 id  xcenter   ycenter  ...  aper_bkg aper_sum_bkgsub aper_sum_bkgsub_err
       pix       pix    ...                                              
--- --------- --------- ... --------- --------------- -------------------
  1 553.08841 417.20886 ... 3731.3817       126406.27           366.18853
  2 930.28165 485.76221 ... 3470.8832       86114.241            305.4194
  3 790.98038 563.58513 ... 3676.7635       36172.138            209.1666
-----------------------------------------
296
/mnt//archive/draco2/2024/24_11_10//ad0296.fits
flat found.  dividing by flatfield
read ra/dec for target of: (24.308415, 57.75922)
pixel scale is: 0.9849637479400112
x/y of var, cal1, cal2: 552.9362995495857 417.3778059442286 930.1405947452013 485.94716393292526 790.8453543953226 563.7445451483646
 id  xcenter   ycenter  ...  aper_bkg aper_sum_bkgsub aper_sum_bkgsub_err
       pix       pix    ...                                              
--- --------- --------- ... --------- --------------- -------------------
  1  552.9363 417.37781 ... 3833.5816        126540.1           366.65006
  2 930.14059 485.94716 ... 3713.6221       86163.113           306.29293
  3 790.84535 563.74455 ... 3739.2228       36050.029           209.17331
-----------------------------------------
297
/mnt//archive/draco2/2024/24_11_10//ad0297.fits
flat found.  dividing by flatfield
read ra/dec for target of: (24.308415, 57.75922)
pixel scale is: 0.9849720470890024
x/y of var, cal1, cal2: 552.8740191530509 417.0600998577784 930.0857610790451 485.58077690601374 790.778592533464 563.3952648411906
 id  xcenter   ycenter  ...  aper_bkg aper_sum_bkgsub aper_sum_bkgsub_err
       pix       pix    ...                                              
--- --------- --------- ... --------- --------------- -------------------
  1 552.87402  417.0601 ... 3879.0768       126186.82            366.2922
  2 930.08576 485.58078 ... 3612.9283       86156.686            305.9535
  3 790.77859 563.39526 ... 3678.0275       36188.205           209.21104
-----------------------------------------
298
/mnt//archive/draco2/2024/24_11_10//ad0298.fits
flat found.  dividing by flatfield
read ra/dec for target of: (24.308415, 57.75922)
pixel scale is: 0.9853878103402665
x/y of var, cal1, cal2: 552.6348417756024 417.13780986335416 929.8378225404381 485.6597580040865 790.544045098703 563.430269207657
 id  xcenter   ycenter  ...  aper_bkg aper_sum_bkgsub aper_sum_bkgsub_err
       pix       pix    ...                                              
--- --------- --------- ... --------- --------------- -------------------
  1 552.63484 417.13781 ... 3648.5611       125324.57            364.4814
  2 929.83782 485.65976 ... 3504.4937        84253.87            302.4696
  3 790.54405 563.43027 ... 3654.7634       35966.811           208.56974
-----------------------------------------
299
/mnt//archive/draco2/2024/24_11_10//ad0299.fits
flat found.  dividing by flatfield
read ra/dec for target of: (24.308415, 57.75922)
pixel scale is: 0.984758055554287
x/y of var, cal1, cal2: 552.6857900880017 417.0738159630674 929.8917472799067 485.55085579888924 790.5661721208157 563.4038711651341
 id  xcenter   ycenter  ...  aper_bkg aper_sum_bkgsub aper_sum_bkgsub_err
       pix       pix    ...                                              
--- --------- --------- ... --------- --------------- -------------------
  1 552.68579 417.07382 ... 3663.4658       125690.17           365.02343
  2 929.89175 485.55086 ... 3530.1342       84830.898           303.50645
  3 790.56617 563.40387 ... 3558.5336       36141.307           208.52668
-----------------------------------------
300
/mnt//archive/draco2/2024/24_11_10//ad0300.fits
flat found.  dividing by flatfield
read ra/dec for target of: (24.308415, 57.75922)
pixel scale is: 0.9852371246940227
x/y of var, cal1, cal2: 552.31799442472 417.0541784310609 929.5436262712351 485.5642341669405 790.2107678186842 563.3549000476715
 id  xcenter   ycenter  ...  aper_bkg aper_sum_bkgsub aper_sum_bkgsub_err
       pix       pix    ...                                              
--- --------- --------- ... --------- --------------- -------------------
  1 552.31799 417.05418 ... 3838.2502       124503.51           363.87499
  2 929.54363 485.56423 ...  3684.474       83807.876           302.32735
  3 790.21077  563.3549 ... 3576.9582       35833.183            207.8752
-----------------------------------------
301
/mnt//archive/draco2/2024/24_11_10//ad0301.fits
flat found.  dividing by flatfield
read ra/dec for target of: (24.308415, 57.75922)
pixel scale is: 0.9847113328701186
x/y of var, cal1, cal2: 552.4698757572454 417.0642401763842 929.7119684696693 485.5158433791563 790.3706236502717 563.383148947127
 id  xcenter   ycenter  ...  aper_bkg aper_sum_bkgsub aper_sum_bkgsub_err
       pix       pix    ...                                              
--- --------- --------- ... --------- --------------- -------------------
  1 552.46988 417.06424 ... 3823.9237       119071.61           356.29265
  2 929.71197 485.51584 ... 3763.6868        79693.84           295.71306
  3 790.37062 563.38315 ...  3749.106        33521.18           203.08715
-----------------------------------------
302
/mnt//archive/draco2/2024/24_11_10//ad0302.fits
flat found.  dividing by flatfield
read ra/dec for target of: (24.308415, 57.75922)
pixel scale is: 0.9846727558029165
x/y of var, cal1, cal2: 552.6306990273577 417.5311396359021 929.8569940575093 486.0718154087492 790.5251905863322 563.910261670426
 id  xcenter   ycenter  ...  aper_bkg aper_sum_bkgsub aper_sum_bkgsub_err
       pix       pix    ...                                              
--- --------- --------- ... --------- --------------- -------------------
  1  552.6307 417.53114 ... 3980.7747       118954.53           356.56848
  2 929.85699 486.07182 ... 3849.3551       81416.398           298.89816
  3 790.52519 563.91026 ... 3977.5365       33987.649           205.34781
-----------------------------------------
303
/mnt//archive/draco2/2024/24_11_10//ad0303.fits
flat found.  dividing by flatfield
read ra/dec for target of: (24.308415, 57.75922)
pixel scale is: 0.9846440904681374
x/y of var, cal1, cal2: 552.5901240217211 417.90409008560783 929.8486262973574 486.3930971101171 790.4944589375594 564.2536340311578
 id  xcenter   ycenter  ...  aper_bkg aper_sum_bkgsub aper_sum_bkgsub_err
       pix       pix    ...                                              
--- --------- --------- ... --------- --------------- -------------------
  1 552.59012 417.90409 ... 3737.5526       123890.17           362.75373
  2 929.84863  486.3931 ... 3701.6352        84011.44           302.72052
  3 790.49446 564.25363 ...  3671.832       35646.157           207.88175
-----------------------------------------
304
/mnt//archive/draco2/2024/24_11_10//ad0304.fits
flat found.  dividing by flatfield
read ra/dec for target of: (24.308415, 57.75922)
pixel scale is: 0.9849064626181241
x/y of var, cal1, cal2: 552.2643450703233 418.09222345741 929.5581563451567 486.57545647095526 790.2108018509952 564.4106406088733
 id  xcenter   ycenter  ...  aper_bkg aper_sum_bkgsub aper_sum_bkgsub_err
       pix       pix    ...                                              
--- --------- --------- ... --------- --------------- -------------------
  1 552.26435 418.09222 ... 3744.6892       123333.67           362.00559
  2 929.55816 486.57546 ... 3693.9379       83469.706           301.79891
  3  790.2108 564.41064 ... 3831.8254        35276.59           207.76246
-----------------------------------------
305
/mnt//archive/draco2/2024/24_11_10//ad0305.fits
flat found.  dividing by flatfield
read ra/dec for target of: (24.308415, 57.75922)
pixel scale is: 0.9848261599472804
x/y of var, cal1, cal2: 552.6763312327411 417.6390061093398 929.8640554407377 486.1810773850995 790.5539414369598 564.0029396887471
 id  xcenter   ycenter  ...  aper_bkg aper_sum_bkgsub aper_sum_bkgsub_err
       pix       pix    ...                                              
--- --------- --------- ... --------- --------------- -------------------
  1 552.67633 417.63901 ...  3734.638       122752.74            361.1745
  2 929.86406 486.18108 ...  3695.683        82306.19            299.8709
  3 790.55394 564.00294 ... 3722.7636        35347.04           207.40677
