read ra/dec for calibration star of: (346.910188, 58.621305) (346.992287, 58.573333)
automag_driver: using file automag_driver
aperture parameters; rad, r_in, r_out: 5.0, 15.0, 25.0
-----------------------------------------
106
/mnt//archive/draco2/2024/24_02_27//ad0106.fits
flat found.  dividing by flatfield
read ra/dec for target of: (346.79201, 58.554203)
pixel scale is: 0.9839691088428607
x/y of var, cal1, cal2: 583.1754170594878 401.0005931921207 369.0322555808031 656.2244461247008 204.62022046015733 488.0486598896268
 id  xcenter   ycenter  ...  aper_bkg aper_sum_bkgsub aper_sum_bkgsub_err
       pix       pix    ...                                              
--- --------- --------- ... --------- --------------- -------------------
  1 583.17542 401.00059 ... 19571.695       307633.53           589.06869
  2 369.03226 656.22445 ... 19495.383       177139.01           465.13953
  3 204.62022 488.04866 ... 19457.016       75515.991           338.60747
-----------------------------------------
107
/mnt//archive/draco2/2024/24_02_27//ad0107.fits
flat found.  dividing by flatfield
read ra/dec for target of: (346.79201, 58.554203)
pixel scale is: 0.9840246714364428
x/y of var, cal1, cal2: 583.5630035310684 401.9248964831923 369.46341378404827 657.1156687704879 205.03191558791684 488.9350128057523
 id  xcenter   ycenter  ...  aper_bkg aper_sum_bkgsub aper_sum_bkgsub_err
       pix       pix    ...                                              
--- --------- --------- ... --------- --------------- -------------------
  1   583.563  401.9249 ... 22445.661       364782.56           640.23346
  2 369.46341 657.11567 ... 22438.249        202808.5           497.90561
  3 205.03192 488.93501 ... 22457.798       89184.262           366.50356
-----------------------------------------
108
/mnt//archive/draco2/2024/24_02_27//ad0108.fits
flat found.  dividing by flatfield
read ra/dec for target of: (346.79201, 58.554203)
pixel scale is: 0.9839330844100108
x/y of var, cal1, cal2: 584.0060532245471 402.031591018657 369.9256129486954 657.2723487359747 205.5562716905444 489.0962073730497
 id  xcenter   ycenter  ...  aper_bkg aper_sum_bkgsub aper_sum_bkgsub_err
       pix       pix    ...                                              
--- --------- --------- ... --------- --------------- -------------------
  1 584.00605 402.03159 ... 22511.067       362599.88           638.62901
  2 369.92561 657.27235 ... 22190.528       207872.91           502.47285
  3 205.55627 489.09621 ... 22397.154       89483.519           366.74627
-----------------------------------------
109
/mnt//archive/draco2/2024/24_02_27//ad0109.fits
flat found.  dividing by flatfield
read ra/dec for target of: (346.79201, 58.554203)
pixel scale is: 0.9840185054966974
x/y of var, cal1, cal2: 583.6359093634808 402.4497707989429 369.57345777917396 657.6301622681818 205.15113255301594 489.439236653414
 id  xcenter   ycenter  ...  aper_bkg aper_sum_bkgsub aper_sum_bkgsub_err
       pix       pix    ...                                              
--- --------- --------- ... --------- --------------- -------------------
  1 583.63591 402.44977 ...  22420.73       360828.28           637.09869
  2 369.57346 657.63016 ... 22367.591       203674.97           498.63328
  3 205.15113 489.43924 ... 22372.115       87842.346           364.43323
-----------------------------------------
110
/mnt//archive/draco2/2024/24_02_27//ad0110.fits
flat found.  dividing by flatfield
read ra/dec for target of: (346.79201, 58.554203)
pixel scale is: 0.9839560795459181
x/y of var, cal1, cal2: 583.9511261565661 402.74143896452773 369.8186547645795 657.9615893185467 205.370299916563 489.7781130005399
 id  xcenter   ycenter  ...  aper_bkg aper_sum_bkgsub aper_sum_bkgsub_err
       pix       pix    ...                                              
--- --------- --------- ... --------- --------------- -------------------
  1 583.95113 402.74144 ... 22442.026       359526.14           636.10942
  2 369.81865 657.96159 ... 22285.811       204521.66           499.31781
  3  205.3703 489.77811 ... 22112.489       89419.126           365.88127
