read ra/dec for calibration star of: (357.9345179, 58.80670872) (358.2382563, 58.73296991)
automag_driver: using file automag_driver
aperture parameters; rad, r_in, r_out: 5.0, 15.0, 25.0
-----------------------------------------
106
/mnt//archive/draco2/2024/24_11_25//ad0106.fits
flat found.  dividing by flatfield
read ra/dec for target of: (358.02930081425, 58.74172448295)
pixel scale is: 0.9835337800760272
x/y of var, cal1, cal2: 554.2976536927424 419.6952178534328 365.62018478054534 188.8140969976658 952.1349665396947 435.7927980095227
 id  xcenter   ycenter  ...  aper_bkg aper_sum_bkgsub aper_sum_bkgsub_err
       pix       pix    ...                                              
--- --------- --------- ... --------- --------------- -------------------
  1 554.29765 419.69522 ... 8443.2049       180596.71           444.64381
  2 365.62018  188.8141 ... 8865.9565       104196.65           349.50474
  3 952.13497  435.7928 ... 8107.2747       34529.752           225.76382
-----------------------------------------
107
/mnt//archive/draco2/2024/24_11_25//ad0107.fits
flat found.  dividing by flatfield
read ra/dec for target of: (358.02930081425, 58.74172448295)
pixel scale is: 0.9834112521573184
x/y of var, cal1, cal2: 555.2930377731788 419.83134885070956 366.6045249227502 188.90887097531353 953.1141821910737 435.9574842652228
 id  xcenter   ycenter  ...  aper_bkg aper_sum_bkgsub aper_sum_bkgsub_err
       pix       pix    ...                                              
--- --------- --------- ... --------- --------------- -------------------
  1 555.29304 419.83135 ...  9208.717       159639.87           422.23489
  2 366.60452 188.90887 ... 9546.2772       92980.153            335.1085
  3 953.11418 435.95748 ... 8808.0659       31535.393           222.20829
-----------------------------------------
108
/mnt//archive/draco2/2024/24_11_25//ad0108.fits
flat found.  dividing by flatfield
read ra/dec for target of: (358.02930081425, 58.74172448295)
pixel scale is: 0.9834237166750031
x/y of var, cal1, cal2: 555.3487543873263 420.00007233180713 366.67044248061404 189.05807231832148 953.1420351298661 436.1733326887059
 id  xcenter   ycenter  ...  aper_bkg aper_sum_bkgsub aper_sum_bkgsub_err
       pix       pix    ...                                              
--- --------- --------- ... --------- --------------- -------------------
  1 555.34875 420.00007 ... 9582.7974       151961.57           413.94705
  2 366.67044 189.05807 ... 9603.5433        88714.71            328.8568
  3 953.14204 436.17333 ... 9265.4729       28850.303           218.18856
-----------------------------------------
109
/mnt//archive/draco2/2024/24_11_25//ad0109.fits
flat found.  dividing by flatfield
read ra/dec for target of: (358.02930081425, 58.74172448295)
pixel scale is: 0.983196850554918
x/y of var, cal1, cal2: 555.1130380788248 419.5961476621603 366.4029404210975 188.61165188731923 952.9773705051938 435.75038362669113
 id  xcenter   ycenter  ...  aper_bkg aper_sum_bkgsub aper_sum_bkgsub_err
       pix       pix    ...                                              
--- --------- --------- ... --------- --------------- -------------------
  1 555.11304 419.59615 ... 9631.1489       136354.23           394.76768
  2 366.40294 188.61165 ... 10179.723       80857.599           318.49968
  3 952.97737 435.75038 ... 9669.1377       27126.111           216.07727
