read ra/dec for calibration star of: (300.997825, 32.507628) (300.895592, 32.512811)
automag_driver: using file automag_driver
aperture parameters; rad, r_in, r_out: 5.0, 15.0, 25.0
-----------------------------------------
33
/mnt//archive/draco2/2024/24_11_22//ad0033.fits
flat found.  dividing by flatfield
read ra/dec for target of: (301.009037, 32.450705)
pixel scale is: 0.9832273535140839
x/y of var, cal1, cal2: 554.1058326634798 414.1335571753264 483.5669577862185 214.94038159735584 169.48727572056958 251.09478196807083
 id  xcenter   ycenter  ...  aper_bkg aper_sum_bkgsub aper_sum_bkgsub_err
       pix       pix    ...                                              
--- --------- --------- ... --------- --------------- -------------------
  1 554.10583 414.13356 ... 21393.723       981.69594            209.7478
  2 483.56696 214.94038 ... 21583.847       72422.434           340.31622
  3 169.48728 251.09478 ... 21514.649       86501.805           360.21674
-----------------------------------------
34
/mnt//archive/draco2/2024/24_11_22//ad0034.fits
flat found.  dividing by flatfield
read ra/dec for target of: (301.009037, 32.450705)
pixel scale is: 0.9831529090910756
x/y of var, cal1, cal2: 554.4170714252074 413.5732019186031 483.87561595093 214.3682735765056 169.82733954621756 250.54026905801075
 id  xcenter   ycenter  ...  aper_bkg aper_sum_bkgsub aper_sum_bkgsub_err
       pix       pix    ...                                              
--- --------- --------- ... --------- --------------- -------------------
  1 554.41707  413.5732 ...  21502.69       1325.3037           211.08217
  2 483.87562 214.36827 ... 21314.933       72253.436           339.27614
  3 169.82734 250.54027 ... 21467.278        86207.72           359.67663
-----------------------------------------
35
/mnt//archive/draco2/2024/24_11_22//ad0035.fits
flat found.  dividing by flatfield
read ra/dec for target of: (301.009037, 32.450705)
pixel scale is: 0.9830819573023573
x/y of var, cal1, cal2: 554.3369363978911 413.8467645948409 483.79214236159635 214.63041375191844 169.76194817414012 250.8181933994714
 id  xcenter   ycenter  ...  aper_bkg aper_sum_bkgsub aper_sum_bkgsub_err
       pix       pix    ...                                              
--- --------- --------- ... --------- --------------- -------------------
  1 554.33694 413.84676 ... 20395.732        1135.545           205.30954
  2 483.79214 214.63041 ... 20605.085       86290.222           357.38689
  3 169.76195 250.81819 ... 20458.983       101400.47           377.54925
-----------------------------------------
36
/mnt//archive/draco2/2024/24_11_22//ad0036.fits
flat found.  dividing by flatfield
read ra/dec for target of: (301.009037, 32.450705)
pixel scale is: 0.9831141343183601
x/y of var, cal1, cal2: 554.1671902032222 414.3726550209307 483.6217743182128 215.16076625798226 169.60067323869674 251.33820536046608
 id  xcenter   ycenter  ...  aper_bkg aper_sum_bkgsub aper_sum_bkgsub_err
       pix       pix    ...                                              
--- --------- --------- ... --------- --------------- -------------------
  1 554.16719 414.37266 ... 20050.598       1721.8681           205.05625
  2 483.62177 215.16077 ...  20048.95       86988.705           356.80752
  3 169.60067 251.33821 ... 20103.903       103122.15           378.88647
