read ra/dec for calibration star of: (350.640742, 62.791417) (350.801063, 62.783467)
automag_driver: using file automag_driver
aperture parameters; rad, r_in, r_out: 5.0, 15.0, 25.0
-----------------------------------------
61
/mnt//archive/draco2/2018/18_11_17//ad0061.fits
flat found.  dividing by flatfield
read ra/dec for target of: (350.618496, 62.757151)
pixel scale is: 0.9869826335887544
x/y of var, cal1, cal2: 561.3233273293173 421.814815550775 525.5534805202119 547.1921060204105 257.81088945851417 521.4639985320933
 id  xcenter   ycenter  ...  aper_bkg aper_sum_bkgsub aper_sum_bkgsub_err
       pix       pix    ...                                              
--- --------- --------- ... --------- --------------- -------------------
  1 561.32333 421.81482 ... 16662.502       83230.622            341.7318
  2 525.55348 547.19211 ... 16608.843       103945.13           370.65863
  3 257.81089   521.464 ... 16940.065       47362.334           285.42506
-----------------------------------------
62
/mnt//archive/draco2/2018/18_11_17//ad0062.fits
flat found.  dividing by flatfield
read ra/dec for target of: (350.618496, 62.757151)
pixel scale is: 0.9874977452782605
x/y of var, cal1, cal2: 563.18613675428 421.81598745256525 527.4143491755561 547.1219885314439 259.8156952858857 521.3632992165968
 id  xcenter   ycenter  ...  aper_bkg aper_sum_bkgsub aper_sum_bkgsub_err
       pix       pix    ...                                              
--- --------- --------- ... --------- --------------- -------------------
  1 563.18614 421.81599 ... 16612.116       83131.309           341.43893
  2 527.41435 547.12199 ...   16684.3       104327.29           371.37701
  3  259.8157  521.3633 ...  16795.04       47263.507           284.74302
-----------------------------------------
63
/mnt//archive/draco2/2018/18_11_17//ad0063.fits
flat found.  dividing by flatfield
read ra/dec for target of: (350.618496, 62.757151)
pixel scale is: 0.9875320412656176
x/y of var, cal1, cal2: 564.4142786042685 422.46975459284084 528.6122032741275 547.7624075555835 261.02930382010334 521.9372836933295
 id  xcenter   ycenter  ...  aper_bkg aper_sum_bkgsub aper_sum_bkgsub_err
       pix       pix    ...                                              
--- --------- --------- ... --------- --------------- -------------------
  1 564.41428 422.46975 ... 16513.393       82728.088           340.55818
  2  528.6122 547.76241 ... 16590.778       104860.04           371.84217
  3  261.0293 521.93728 ... 16840.517       46958.887           284.36758
-----------------------------------------
64
/mnt//archive/draco2/2018/18_11_17//ad0064.fits
flat found.  dividing by flatfield
read ra/dec for target of: (350.618496, 62.757151)
pixel scale is: 0.9877439302758407
x/y of var, cal1, cal2: 565.0414852133431 422.7667752152387 529.2066111074638 548.0209759805119 261.68949580447514 522.114931947641
 id  xcenter   ycenter  ...  aper_bkg aper_sum_bkgsub aper_sum_bkgsub_err
       pix       pix    ...                                              
--- --------- --------- ... --------- --------------- -------------------
  1 565.04149 422.76678 ... 16417.066       81163.526           337.96843
  2 529.20661 548.02098 ... 16567.824       102355.22           368.39635
  3  261.6895 522.11493 ... 16814.279       46860.619           284.10241
