1* * * * * * * * * * * * *
 *  A S T R O M E T R Y  *
 * * * * * * * * * * * * *



 Equinox for mean coordinates of results:  J2000.0

 Projection geometry:  Astrograph                              

 Plate centre:  23 07 10.9   +58 33 38     Equinox J2000.0     Epoch J2000.000


 Reference stars:

                n              RA            Dec         pmR    pmD   Equinox   Epoch      px         Xmeas        Ymeas

                1         23 06 06.148  +58 39 46.84  +0.0000 +0.000  J2000.0  J2000.000  0.000    +1103.591     +831.417
                2         23 06 11.366  +58 39 22.57  +0.0000 +0.000  J2000.0  J2000.000  0.000    +1059.460     +804.039
                3         23 06 11.439  +58 34 20.38  +0.0000 +0.000  J2000.0  J2000.000  0.000    +1064.301     +472.045
                4         23 06 13.013  +58 28 53.82  +0.0000 +0.000  J2000.0  J2000.000  0.000    +1056.733     +113.375
                5         23 06 15.358  +58 34 26.98  +0.0000 +0.000  J2000.0  J2000.000  0.000    +1030.585     +478.802
                6         23 06 16.147  +58 30 18.86  +0.0000 +0.000  J2000.0  J2000.000  0.000    +1028.109     +206.318
                7         23 06 23.262  +58 33 43.88  +0.0000 +0.000  J2000.0  J2000.000  0.000     +963.552     +430.204
                8         23 06 24.343  +58 30 01.66  +0.0000 +0.000  J2000.0  J2000.000  0.000     +958.035     +186.226
                9         23 06 26.520  +58 28 37.29  +0.0000 +0.000  J2000.0  J2000.000  0.000     +940.896      +93.261
               10         23 06 27.948  +58 27 27.09  +0.0000 +0.000  J2000.0  J2000.000  0.000     +930.103      +16.217
               11         23 06 30.624  +58 35 50.73  +0.0000 +0.000  J2000.0  J2000.000  0.000     +898.214     +568.593
               12         23 06 32.174  +58 38 54.45  +0.0000 +0.000  J2000.0  J2000.000  0.000     +881.747     +770.243
               13         23 06 32.855  +58 38 09.70  +0.0000 +0.000  J2000.0  J2000.000  0.000     +876.701     +721.051
               14         23 06 37.191  +58 29 30.49  +0.0000 +0.000  J2000.0  J2000.000  0.000     +848.083     +150.333
               15         23 06 37.644  +58 31 31.75  +0.0000 +0.000  J2000.0  J2000.000  0.000     +842.184     +283.335
               16         23 06 43.110  +58 32 05.77  +0.0000 +0.000  J2000.0  J2000.000  0.000     +794.656     +319.964
               17         23 06 43.437  +58 34 34.11  +0.0000 +0.000  J2000.0  J2000.000  0.000     +789.635     +482.770
               18         23 06 43.881  +58 29 25.84  +0.0000 +0.000  J2000.0  J2000.000  0.000     +790.648     +144.303
               19         23 06 44.792  +58 37 39.15  +0.0000 +0.000  J2000.0  J2000.000  0.000     +774.965     +685.745
               20         23 06 44.958  +58 37 26.63  +0.0000 +0.000  J2000.0  J2000.000  0.000     +773.773     +672.077
               21         23 06 45.349  +58 36 25.47  +0.0000 +0.000  J2000.0  J2000.000  0.000     +771.503     +604.904
               22         23 06 52.622  +58 30 00.81  +0.0000 +0.000  J2000.0  J2000.000  0.000     +714.976     +181.689
               23         23 06 56.646  +58 36 26.51  +0.0000 +0.000  J2000.0  J2000.000  0.000     +674.473     +604.626
               24         23 06 57.667  +58 31 36.69  +0.0000 +0.000  J2000.0  J2000.000  0.000     +670.137     +286.258
               25         23 06 59.004  +58 28 32.82  +0.0000 +0.000  J2000.0  J2000.000  0.000     +661.162      +84.303
               26         23 07 01.358  +58 39 10.69  +0.0000 +0.000  J2000.0  J2000.000  0.000     +631.127     +784.447
               27         23 07 02.461  +58 27 34.75  +0.0000 +0.000  J2000.0  J2000.000  0.000     +632.714      +20.182
               28         23 07 05.063  +58 35 12.48  +0.0000 +0.000  J2000.0  J2000.000  0.000     +603.488     +522.362
               29         23 07 06.078  +58 36 30.91  +0.0000 +0.000  J2000.0  J2000.000  0.000     +593.785     +608.358
               30         23 07 06.894  +58 34 08.03  +0.0000 +0.000  J2000.0  J2000.000  0.000     +589.032     +451.359
               31         23 07 07.262  +58 32 57.08  +0.0000 +0.000  J2000.0  J2000.000  0.000     +586.550     +373.415
               32         23 07 08.759  +58 38 41.80  +0.0000 +0.000  J2000.0  J2000.000  0.000     +568.540     +751.961
               33         23 07 09.073  +58 37 39.15  +0.0000 +0.000  J2000.0  J2000.000  0.000     +566.883     +682.991
               34         23 07 10.076  +58 33 15.07  +0.0000 +0.000  J2000.0  J2000.000  0.000     +562.109     +392.804
               35         23 07 11.078  +58 36 21.67  +0.0000 +0.000  J2000.0  J2000.000  0.000     +550.833     +597.628
               36         23 07 11.663  +58 33 01.54  +0.0000 +0.000  J2000.0  J2000.000  0.000     +548.776     +377.841
               37         23 07 16.074  +58 39 37.99  +0.0000 +0.000  J2000.0  J2000.000  0.000     +505.183     +812.851
               38         23 07 22.318  +58 36 10.41  +0.0000 +0.000  J2000.0  J2000.000  0.000     +454.643     +584.145
               39         23 07 24.697  +58 32 14.32  +0.0000 +0.000  J2000.0  J2000.000  0.000     +437.253     +324.589
               40         23 07 28.252  +58 39 17.43  +0.0000 +0.000  J2000.0  J2000.000  0.000     +401.186     +788.726
               41         23 07 29.938  +58 37 07.58  +0.0000 +0.000  J2000.0  J2000.000  0.000     +388.518     +646.127
               42         23 07 32.050  +58 29 04.32  +0.0000 +0.000  J2000.0  J2000.000  0.000     +376.801     +115.272
               43         23 07 33.459  +58 36 23.61  +0.0000 +0.000  J2000.0  J2000.000  0.000     +358.927     +597.288
               44         23 07 33.622  +58 38 01.47  +0.0000 +0.000  J2000.0  J2000.000  0.000     +356.179     +704.815
               45         23 07 35.001  +58 27 25.36  +0.0000 +0.000  J2000.0  J2000.000  0.000     +352.757       +6.265
               46         23 07 35.283  +58 34 07.35  +0.0000 +0.000  J2000.0  J2000.000  0.000     +345.069     +447.564
               47         23 07 38.845  +58 30 31.17  +0.0000 +0.000  J2000.0  J2000.000  0.000     +317.305     +209.940
               48         23 07 40.478  +58 38 37.67  +0.0000 +0.000  J2000.0  J2000.000  0.000     +296.986     +744.105
               49         23 07 43.928  +58 32 00.72  +0.0000 +0.000  J2000.0  J2000.000  0.000     +272.454     +307.712
               50         23 07 45.171  +58 32 51.74  +0.0000 +0.000  J2000.0  J2000.000  0.000     +261.254     +363.753
               51         23 07 45.618  +58 34 33.24  +0.0000 +0.000  J2000.0  J2000.000  0.000     +256.043     +475.033
               52         23 07 46.264  +58 37 16.63  +0.0000 +0.000  J2000.0  J2000.000  0.000     +248.481     +654.439
               53         23 07 48.613  +58 34 18.57  +0.0000 +0.000  J2000.0  J2000.000  0.000     +230.465     +458.674
               54         23 07 51.219  +58 32 35.72  +0.0000 +0.000  J2000.0  J2000.000  0.000     +209.475     +345.466
               55         23 07 52.018  +58 38 34.03  +0.0000 +0.000  J2000.0  J2000.000  0.000     +198.405     +738.909
               56         23 07 52.353  +58 31 44.63  +0.0000 +0.000  J2000.0  J2000.000  0.000     +200.308     +289.303
               57         23 07 56.033  +58 32 20.08  +0.0000 +0.000  J2000.0  J2000.000  0.000     +168.243     +327.918
               58         23 07 56.807  +58 34 08.04  +0.0000 +0.000  J2000.0  J2000.000  0.000     +160.394     +446.426
               59         23 07 58.176  +58 34 24.07  +0.0000 +0.000  J2000.0  J2000.000  0.000     +148.255     +463.867
               60         23 07 58.705  +58 35 55.08  +0.0000 +0.000  J2000.0  J2000.000  0.000     +142.992     +563.614
               61         23 08 03.896  +58 33 11.72  +0.0000 +0.000  J2000.0  J2000.000  0.000     +100.187     +383.905
               62         23 08 06.446  +58 29 59.66  +0.0000 +0.000  J2000.0  J2000.000  0.000      +80.374     +172.773
               63         23 08 07.022  +58 37 14.87  +0.0000 +0.000  J2000.0  J2000.000  0.000      +70.606     +650.605
               64         23 08 07.609  +58 27 51.00  +0.0000 +0.000  J2000.0  J2000.000  0.000      +71.806      +31.455
               65         23 08 08.922  +58 38 56.05  +0.0000 +0.000  J2000.0  J2000.000  0.000      +53.249     +761.689
               66         23 08 11.243  +58 31 57.77  +0.0000 +0.000  J2000.0  J2000.000  0.000      +38.208     +302.100
               67         23 08 11.985  +58 36 26.00  +0.0000 +0.000  J2000.0  J2000.000  0.000      +28.583     +596.631
               68         23 08 14.392  +58 28 50.38  +0.0000 +0.000  J2000.0  J2000.000  0.000      +12.784      +96.081
1Plate solution: 4-coefficient
 -----------------------------

     X,Y = expected plate coordinates (radians)

     X =  +0.2475815E-02                            Y =  -0.1812042E-02
          -0.4417161E-05 * Xmeas                         -0.5802329E-07 * Xmeas
          -0.5802329E-07 * Ymeas                         +0.4417161E-05 * Ymeas


 Xmeas =   +555.0147                            Ymeas =   +417.5184    
           -226350.7     * X                              -2973.315     * X
           -2973.315     * Y                              +226350.7     * Y


      Plate scale (in measuring units):            0.9112 arcsec
                           Orientation:           -0.753  deg and laterally inverted


 Reference stars:
                             Mean RA,Dec         Equinox J2000.0      Epoch J2000.000           Residuals (arcsec)
                n                    catalogue                     calculated                 dX        dY        dR

                1            23 06 06.148  +58 39 46.84    23 06 06.164  +58 39 47.08      +0.131    +0.249     0.281
                2            23 06 11.366  +58 39 22.57    23 06 11.372  +58 39 22.83      +0.050    +0.258     0.263
                3            23 06 11.439  +58 34 20.38    23 06 11.459  +58 34 20.29      +0.156    -0.093     0.181
                4            23 06 13.013  +58 28 53.82    23 06 13.039  +58 28 53.64      +0.201    -0.181     0.271
                5            23 06 15.358  +58 34 26.98    23 06 15.373  +58 34 26.96      +0.122    -0.019     0.123
                6            23 06 16.147  +58 30 18.86    23 06 16.186  +58 30 18.75      +0.311    -0.110     0.330
                7            23 06 23.262  +58 33 43.88    23 06 23.273  +58 33 43.68      +0.084    -0.203     0.220
                8            23 06 24.343  +58 30 01.66    23 06 24.371  +58 30 01.48      +0.215    -0.178     0.279
                9            23 06 26.520  +58 28 37.29    23 06 26.535  +58 28 37.03      +0.112    -0.253     0.277
               10            23 06 27.948  +58 27 27.09    23 06 27.930  +58 27 26.99      -0.146    -0.093     0.173
               11            23 06 30.624  +58 35 50.73    23 06 30.630  +58 35 50.70      +0.048    -0.023     0.053
               12            23 06 32.174  +58 38 54.45    23 06 32.184  +58 38 54.66      +0.077    +0.209     0.222
               13            23 06 32.855  +58 38 09.70    23 06 32.862  +58 38 09.91      +0.057    +0.208     0.215
               14            23 06 37.191  +58 29 30.49    23 06 37.216  +58 29 30.34      +0.192    -0.145     0.241
               15            23 06 37.644  +58 31 31.75    23 06 37.667  +58 31 31.60      +0.177    -0.152     0.233
               16            23 06 43.110  +58 32 05.77    23 06 43.132  +58 32 05.62      +0.170    -0.143     0.222
               17            23 06 43.437  +58 34 34.11    23 06 43.435  +58 34 34.02      -0.010    -0.088     0.089
               18            23 06 43.881  +58 29 25.84    23 06 43.901  +58 29 25.64      +0.156    -0.209     0.261
               19            23 06 44.792  +58 37 39.15    23 06 44.795  +58 37 39.15      +0.024    -0.003     0.024
               20            23 06 44.958  +58 37 26.63    23 06 44.958  +58 37 26.71      -0.001    +0.078     0.078
               21            23 06 45.349  +58 36 25.47    23 06 45.338  +58 36 25.54      -0.081    +0.065     0.103
               22            23 06 52.622  +58 30 00.81    23 06 52.634  +58 30 00.70      +0.089    -0.111     0.142
               23            23 06 56.646  +58 36 26.51    23 06 56.653  +58 36 26.56      +0.050    +0.051     0.071
               24            23 06 57.667  +58 31 36.69    23 06 57.676  +58 31 36.55      +0.073    -0.145     0.162
               25            23 06 59.004  +58 28 32.82    23 06 59.046  +58 28 32.66      +0.329    -0.159     0.366
               26            23 07 01.358  +58 39 10.69    23 07 01.419  +58 39 10.94      +0.481    +0.247     0.540
               27            23 07 02.461  +58 27 34.75    23 07 02.453  +58 27 34.60      -0.064    -0.151     0.164
               28            23 07 05.063  +58 35 12.48    23 07 05.059  +58 35 12.50      -0.027    +0.014     0.030
               29            23 07 06.078  +58 36 30.91    23 07 06.056  +58 36 30.97      -0.178    +0.059     0.187
               30            23 07 06.894  +58 34 08.03    23 07 06.855  +58 34 07.98      -0.305    -0.050     0.309
               31            23 07 07.262  +58 32 57.08    23 07 07.265  +58 32 57.00      +0.023    -0.079     0.082
               32            23 07 08.759  +58 38 41.80    23 07 08.777  +58 38 42.11      +0.141    +0.311     0.342
               33            23 07 09.073  +58 37 39.15    23 07 09.077  +58 37 39.29      +0.035    +0.141     0.145
               34            23 07 10.076  +58 33 15.07    23 07 10.081  +58 33 14.96      +0.041    -0.111     0.118
               35            23 07 11.078  +58 36 21.67    23 07 11.081  +58 36 21.71      +0.019    +0.042     0.046
               36            23 07 11.663  +58 33 01.54    23 07 11.656  +58 33 01.48      -0.053    -0.058     0.079
               37            23 07 16.074  +58 39 37.99    23 07 16.082  +58 39 38.34      +0.067    +0.349     0.355
               38            23 07 22.318  +58 36 10.41    23 07 22.316  +58 36 10.54      -0.014    +0.135     0.135
               39            23 07 24.697  +58 32 14.32    23 07 24.715  +58 32 14.25      +0.143    -0.067     0.158
               40            23 07 28.252  +58 39 17.43    23 07 28.261  +58 39 17.54      +0.075    +0.108     0.131
               41            23 07 29.938  +58 37 07.58    23 07 29.940  +58 37 07.75      +0.017    +0.173     0.174
               42            23 07 32.050  +58 29 04.32    23 07 32.038  +58 29 04.21      -0.089    -0.112     0.143
               43            23 07 33.459  +58 36 23.61    23 07 33.458  +58 36 23.57      -0.004    -0.035     0.035
               44            23 07 33.622  +58 38 01.47    23 07 33.632  +58 38 01.57      +0.075    +0.103     0.128
               45            23 07 35.001  +58 27 25.36    23 07 34.980  +58 27 25.14      -0.168    -0.220     0.276
               46            23 07 35.283  +58 34 07.35    23 07 35.277  +58 34 07.30      -0.044    -0.046     0.063
               47            23 07 38.845  +58 30 31.17    23 07 38.826  +58 30 31.09      -0.141    -0.085     0.165
               48            23 07 40.478  +58 38 37.67    23 07 40.487  +58 38 37.99      +0.077    +0.316     0.326
               49            23 07 43.928  +58 32 00.72    23 07 43.916  +58 32 00.63      -0.099    -0.084     0.130
               50            23 07 45.171  +58 32 51.74    23 07 45.147  +58 32 51.80      -0.189    +0.065     0.200
               51            23 07 45.618  +58 34 33.24    23 07 45.612  +58 34 33.25      -0.048    +0.006     0.048
               52            23 07 46.264  +58 37 16.63    23 07 46.264  +58 37 16.78      -0.002    +0.157     0.157
               53            23 07 48.613  +58 34 18.57    23 07 48.612  +58 34 18.60      -0.007    +0.027     0.028
               54            23 07 51.219  +58 32 35.72    23 07 51.198  +58 32 35.65      -0.164    -0.071     0.179
               55            23 07 52.018  +58 38 34.03    23 07 52.001  +58 38 34.24      -0.131    +0.207     0.245
               56            23 07 52.353  +58 31 44.63    23 07 52.334  +58 31 44.57      -0.149    -0.059     0.161
               57            23 07 56.033  +58 32 20.08    23 07 56.018  +58 32 20.06      -0.119    -0.020     0.121
               58            23 07 56.807  +58 34 08.04    23 07 56.790  +58 34 08.11      -0.133    +0.073     0.152
               59            23 07 58.176  +58 34 24.07    23 07 58.183  +58 34 24.11      +0.051    +0.040     0.065
               60            23 07 58.705  +58 35 55.08    23 07 58.678  +58 35 55.04      -0.208    -0.038     0.211
               61            23 08 03.896  +58 33 11.71    23 08 03.874  +58 33 11.70      -0.173    -0.019     0.174
               62            23 08 06.446  +58 29 59.66    23 08 06.419  +58 29 59.50      -0.211    -0.162     0.266
               63            23 08 07.022  +58 37 14.87    23 08 07.019  +58 37 14.96      -0.029    +0.089     0.093
               64            23 08 07.609  +58 27 51.00    23 08 07.573  +58 27 50.82      -0.282    -0.179     0.334
               65            23 08 08.922  +58 38 56.05    23 08 08.920  +58 38 56.32      -0.013    +0.270     0.270
               66            23 08 11.243  +58 31 57.77    23 08 11.180  +58 31 57.70      -0.491    -0.067     0.495
               67            23 08 11.985  +58 36 26.00    23 08 11.980  +58 36 26.15      -0.037    +0.142     0.147
               68            23 08 14.392  +58 28 50.38    23 08 14.359  +58 28 50.21      -0.260    -0.171     0.311

                                                                                  RMS :     0.158     0.148     0.216

1Plate solution: 6-coefficient
 -----------------------------

     X,Y = expected plate coordinates (radians)

     X =  +0.2476838E-02                            Y =  -0.1811003E-02
          -0.4418650E-05 * Xmeas                         -0.5773310E-07 * Xmeas
          -0.5855739E-07 * Ymeas                         +0.4414472E-05 * Ymeas


 Xmeas =   +555.0088                            Ymeas =   +417.5006    
           -226274.2     * X                              -2959.247     * X
           -3001.498     * Y                              +226488.4     * Y


     Plate scales (in measuring units):      X     0.9115 arcsec
                                             Y     0.9106 arcsec
                                          mean     0.9111 arcsec
                   Nonperpendicularity:           -0.011  deg
                           Orientation:           -0.754  deg and laterally inverted


 Reference stars:
                             Mean RA,Dec         Equinox J2000.0      Epoch J2000.000           Residuals (arcsec)
                n                    catalogue                     calculated                 dX        dY        dR

                1            23 06 06.148  +58 39 46.84    23 06 06.136  +58 39 46.90      -0.089    +0.069     0.112
                2            23 06 11.366  +58 39 22.57    23 06 11.346  +58 39 22.66      -0.153    +0.090     0.178
                3            23 06 11.439  +58 34 20.38    23 06 11.437  +58 34 20.30      -0.012    -0.076     0.077
                4            23 06 13.013  +58 28 53.82    23 06 13.023  +58 28 53.85      +0.075    +0.034     0.082
                5            23 06 15.358  +58 34 26.98    23 06 15.353  +58 34 26.97      -0.037    -0.008     0.038
                6            23 06 16.147  +58 30 18.86    23 06 16.170  +58 30 18.91      +0.184    +0.051     0.191
                7            23 06 23.262  +58 33 43.88    23 06 23.256  +58 33 43.71      -0.048    -0.170     0.177
                8            23 06 24.343  +58 30 01.66    23 06 24.357  +58 30 01.65      +0.111    -0.009     0.112
                9            23 06 26.520  +58 28 37.29    23 06 26.523  +58 28 37.25      +0.024    -0.034     0.042
               10            23 06 27.948  +58 27 27.09    23 06 27.920  +58 27 27.26      -0.223    +0.168     0.279
               11            23 06 30.624  +58 35 50.73    23 06 30.613  +58 35 50.66      -0.080    -0.070     0.106
               12            23 06 32.174  +58 38 54.45    23 06 32.166  +58 38 54.50      -0.068    +0.049     0.084
               13            23 06 32.855  +58 38 09.70    23 06 32.845  +58 38 09.78      -0.081    +0.075     0.110
               14            23 06 37.191  +58 29 30.49    23 06 37.207  +58 29 30.53      +0.126    +0.037     0.132
               15            23 06 37.644  +58 31 31.75    23 06 37.656  +58 31 31.71      +0.098    -0.044     0.107
               16            23 06 43.110  +58 32 05.77    23 06 43.123  +58 32 05.71      +0.101    -0.059     0.117
               17            23 06 43.437  +58 34 34.11    23 06 43.425  +58 34 34.01      -0.095    -0.094     0.134
               18            23 06 43.881  +58 29 25.84    23 06 43.895  +58 29 25.82      +0.109    -0.027     0.112
               19            23 06 44.792  +58 37 39.15    23 06 44.782  +58 37 39.03      -0.079    -0.122     0.145
               20            23 06 44.958  +58 37 26.63    23 06 44.945  +58 37 26.60      -0.102    -0.034     0.107
               21            23 06 45.349  +58 36 25.47    23 06 45.326  +58 36 25.46      -0.173    -0.010     0.174
               22            23 06 52.622  +58 30 00.81    23 06 52.630  +58 30 00.86      +0.060    +0.046     0.076
               23            23 06 56.646  +58 36 26.51    23 06 56.645  +58 36 26.48      -0.013    -0.030     0.033
               24            23 06 57.667  +58 31 36.69    23 06 57.673  +58 31 36.64      +0.046    -0.049     0.067
               25            23 06 59.004  +58 28 32.82    23 06 59.046  +58 28 32.87      +0.328    +0.048     0.331
               26            23 07 01.358  +58 39 10.69    23 07 01.411  +58 39 10.76      +0.411    +0.064     0.416
               27            23 07 02.461  +58 27 34.75    23 07 02.455  +58 27 34.84      -0.050    +0.090     0.103
               28            23 07 05.063  +58 35 12.48    23 07 05.055  +58 35 12.46      -0.059    -0.025     0.064
               29            23 07 06.078  +58 36 30.91    23 07 06.051  +58 36 30.88      -0.216    -0.028     0.218
               30            23 07 06.894  +58 34 08.03    23 07 06.852  +58 34 07.98      -0.325    -0.051     0.329
               31            23 07 07.262  +58 32 57.08    23 07 07.264  +58 32 57.04      +0.012    -0.036     0.038
               32            23 07 08.759  +58 38 41.80    23 07 08.771  +58 38 41.94      +0.094    +0.143     0.171
               33            23 07 09.073  +58 37 39.15    23 07 09.073  +58 37 39.16      -0.004    +0.011     0.011
               34            23 07 10.076  +58 33 15.07    23 07 10.080  +58 33 14.99      +0.036    -0.081     0.088
               35            23 07 11.078  +58 36 21.67    23 07 11.078  +58 36 21.63      -0.005    -0.042     0.042
               36            23 07 11.663  +58 33 01.54    23 07 11.656  +58 33 01.52      -0.053    -0.020     0.056
               37            23 07 16.074  +58 39 37.99    23 07 16.078  +58 39 38.13      +0.034    +0.143     0.147
               38            23 07 22.318  +58 36 10.41    23 07 22.317  +58 36 10.46      -0.008    +0.052     0.053
               39            23 07 24.697  +58 32 14.32    23 07 24.721  +58 32 14.31      +0.184    -0.006     0.184
               40            23 07 28.252  +58 39 17.43    23 07 28.262  +58 39 17.34      +0.076    -0.091     0.119
               41            23 07 29.938  +58 37 07.58    23 07 29.942  +58 37 07.63      +0.037    +0.052     0.064
               42            23 07 32.050  +58 29 04.32    23 07 32.049  +58 29 04.38      -0.007    +0.062     0.062
               43            23 07 33.459  +58 36 23.61    23 07 33.463  +58 36 23.48      +0.031    -0.131     0.134
               44            23 07 33.622  +58 38 01.47    23 07 33.635  +58 38 01.42      +0.099    -0.052     0.112
               45            23 07 35.001  +58 27 25.36    23 07 34.993  +58 27 25.38      -0.066    +0.013     0.067
               46            23 07 35.283  +58 34 07.35    23 07 35.284  +58 34 07.29      +0.012    -0.059     0.060
               47            23 07 38.845  +58 30 31.17    23 07 38.838  +58 30 31.21      -0.051    +0.032     0.060
               48            23 07 40.478  +58 38 37.67    23 07 40.492  +58 38 37.81      +0.115    +0.136     0.178
               49            23 07 43.928  +58 32 00.72    23 07 43.928  +58 32 00.69      -0.005    -0.024     0.024
               50            23 07 45.171  +58 32 51.74    23 07 45.159  +58 32 51.83      -0.098    +0.093     0.135
               51            23 07 45.618  +58 34 33.24    23 07 45.622  +58 34 33.21      +0.032    -0.028     0.042
               52            23 07 46.264  +58 37 16.63    23 07 46.272  +58 37 16.65      +0.061    +0.024     0.065
               53            23 07 48.613  +58 34 18.57    23 07 48.624  +58 34 18.57      +0.082    +0.000     0.082
               54            23 07 51.219  +58 32 35.72    23 07 51.211  +58 32 35.69      -0.056    -0.036     0.066
               55            23 07 52.018  +58 38 34.03    23 07 52.010  +58 38 34.05      -0.063    +0.023     0.067
               56            23 07 52.353  +58 31 44.63    23 07 52.349  +58 31 44.64      -0.032    +0.007     0.033
               57            23 07 56.033  +58 32 20.08    23 07 56.034  +58 32 20.10      +0.004    +0.023     0.023
               58            23 07 56.807  +58 34 08.04    23 07 56.804  +58 34 08.08      -0.020    +0.050     0.054
               59            23 07 58.176  +58 34 24.07    23 07 58.197  +58 34 24.08      +0.166    +0.006     0.166
               60            23 07 58.705  +58 35 55.08    23 07 58.691  +58 35 54.96      -0.103    -0.127     0.164
               61            23 08 03.896  +58 33 11.71    23 08 03.892  +58 33 11.70      -0.035    -0.012     0.037
               62            23 08 06.446  +58 29 59.66    23 08 06.441  +58 29 59.63      -0.043    -0.039     0.058
               63            23 08 07.022  +58 37 14.87    23 08 07.034  +58 37 14.82      +0.089    -0.053     0.104
               64            23 08 07.609  +58 27 51.00    23 08 07.597  +58 27 51.02      -0.096    +0.022     0.099
               65            23 08 08.922  +58 38 56.05    23 08 08.934  +58 38 56.12      +0.097    +0.065     0.117
               66            23 08 11.243  +58 31 57.77    23 08 11.201  +58 31 57.75      -0.325    -0.018     0.325
               67            23 08 11.985  +58 36 26.00    23 08 11.997  +58 36 26.03      +0.100    +0.028     0.103
               68            23 08 14.392  +58 28 50.38    23 08 14.384  +58 28 50.37      -0.064    -0.009     0.064

                                                                                  RMS :     0.121     0.067     0.139

1Unknown stars:    J2000.0 mean places for epoch J2000.000

             :               4-coefficient model               :                6-coefficient model                :
             :   Xmeas    Ymeas          RA            Dec     :   Xmeas    Ymeas          RA             Dec      :     
             :                                                 :                                                   :
             : +312.324 +657.137 -> 23 07 38.813  +58 37 18.59 : +312.324 +657.137 -> 23 07 38.8182  +58 37 18.461 :     
             :+1101.055 +304.273 -> 23 06 07.511  +58 31 46.87 :+1101.055 +304.273 -> 23 06 07.4907  +58 31 46.982 :     
             :  +99.490  +32.947 -> 23 08 04.357  +58 27 51.93 :  +99.490  +32.947 -> 23 08 04.3793  +58 27 52.133 :     
