read ra/dec for calibration star of: (314.211675, 40.186014) (314.165463, 40.233653)
automag_driver: using file automag_driver
aperture parameters; rad, r_in, r_out: 5.0, 15.0, 25.0
-----------------------------------------
1
/mnt//archive/draco2/2024/24_11_25//ad0001.fits
flat found.  dividing by flatfield
read ra/dec for target of: (314.336791, 40.177503)
pixel scale is: 0.9840291585951878
x/y of var, cal1, cal2: 555.8279924935161 417.58278413707404 205.2571016649748 399.9525488500408 69.66070317771096 230.6462280452325
 id  xcenter   ycenter  ...  aper_bkg aper_sum_bkgsub aper_sum_bkgsub_err
       pix       pix    ...                                              
--- --------- --------- ... --------- --------------- -------------------
  1 555.82799 417.58278 ... 9976.0347       128355.15           385.39878
  2  205.2571 399.95255 ... 10142.186       34716.187           235.00119
  3 69.660703 230.64623 ... 10243.514       59826.066           283.79234
-----------------------------------------
2
/mnt//archive/draco2/2024/24_11_25//ad0002.fits
flat found.  dividing by flatfield
read ra/dec for target of: (314.336791, 40.177503)
pixel scale is: 0.9841632499623262
x/y of var, cal1, cal2: 555.6969889293289 417.6816880994692 205.08493988970264 400.0731238894041 69.46148384702917 230.7973202689104
 id  xcenter   ycenter  ...  aper_bkg aper_sum_bkgsub aper_sum_bkgsub_err
       pix       pix    ...                                              
--- --------- --------- ... --------- --------------- -------------------
  1 555.69699 417.68169 ...   9937.01       130706.73           388.33717
  2 205.08494 400.07312 ... 10209.897       34882.005           235.64125
  3 69.461484 230.79732 ...  10184.15       62889.219           288.93342
-----------------------------------------
3
/mnt//archive/draco2/2024/24_11_25//ad0003.fits
flat found.  dividing by flatfield
read ra/dec for target of: (314.336791, 40.177503)
pixel scale is: 0.984151709977795
x/y of var, cal1, cal2: 555.5291629206055 417.71136770853076 204.9058349037257 400.112569181483 69.29647642052089 230.8386427175002
 id  xcenter   ycenter  ...  aper_bkg aper_sum_bkgsub aper_sum_bkgsub_err
       pix       pix    ...                                              
--- --------- --------- ... --------- --------------- -------------------
  1 555.52916 417.71137 ... 10153.824       127030.03           384.13888
  2 204.90583 400.11257 ... 10333.827        34560.14           235.48417
  3 69.296476 230.83864 ... 10501.033       58269.179           281.95078
-----------------------------------------
4
/mnt//archive/draco2/2024/24_11_25//ad0004.fits
flat found.  dividing by flatfield
read ra/dec for target of: (314.336791, 40.177503)
pixel scale is: 0.9841068352029868
x/y of var, cal1, cal2: 555.7381454766467 417.89908889881195 205.11869791245408 400.2812987622895 69.51500601058768 230.99262003912418
 id  xcenter   ycenter  ...  aper_bkg aper_sum_bkgsub aper_sum_bkgsub_err
       pix       pix    ...                                              
--- --------- --------- ... --------- --------------- -------------------
  1 555.73815 417.89909 ... 9746.5019       133327.28           391.21003
  2  205.1187  400.2813 ... 10086.769       36617.362           238.78003
  3 69.515006 230.99262 ... 9879.3958        63997.23           289.79479
