read ra/dec for calibration star of: (358.45204, 62.12898) (358.732006, 62.072851)
automag_driver: using file automag_driver
aperture parameters; rad, r_in, r_out: 5.0, 15.0, 25.0
-----------------------------------------
129
/mnt//archive/draco2/2024/24_11_22//ad0129.fits
flat found.  dividing by flatfield
read ra/dec for target of: (358.6024, 62.14947)
pixel scale is: 0.9828353257311737
x/y of var, cal1, cal2: 553.1746429038988 416.25401551793675 312.57882564722377 534.6101017096813 820.8953093201627 653.7726781493623
 id  xcenter   ycenter  ...  aper_bkg aper_sum_bkgsub aper_sum_bkgsub_err
       pix       pix    ...                                              
--- --------- --------- ... --------- --------------- -------------------
  1 553.17464 416.25402 ... 4494.3007       7441.4891            129.0546
  2 312.57883  534.6101 ... 4639.5922       30743.951           200.61938
  3 820.89531 653.77268 ... 4737.6469       128535.55           371.80081
-----------------------------------------
130
/mnt//archive/draco2/2024/24_11_22//ad0130.fits
flat found.  dividing by flatfield
read ra/dec for target of: (358.6024, 62.14947)
pixel scale is: 0.9825883450917485
x/y of var, cal1, cal2: 553.1307009445219 415.8343573213088 312.50392002541014 534.2418822708831 820.9200347057981 653.3885865623289
 id  xcenter   ycenter  ...  aper_bkg aper_sum_bkgsub aper_sum_bkgsub_err
       pix       pix    ...                                              
--- --------- --------- ... --------- --------------- -------------------
  1  553.1307 415.83436 ... 4456.3758       7036.8951           127.17958
  2 312.50392 534.24188 ... 4495.8653       29655.735           197.16101
  3 820.92003 653.38859 ... 4502.8927       124243.04           365.34069
-----------------------------------------
131
/mnt//archive/draco2/2024/24_11_22//ad0131.fits
flat found.  dividing by flatfield
read ra/dec for target of: (358.6024, 62.14947)
pixel scale is: 0.9826686891603591
x/y of var, cal1, cal2: 553.0383709188729 415.6090488140358 312.464250494985 533.9760704771451 820.8387726289982 653.1781713954723
 id  xcenter   ycenter  ...  aper_bkg aper_sum_bkgsub aper_sum_bkgsub_err
       pix       pix    ...                                              
--- --------- --------- ... --------- --------------- -------------------
  1 553.03837 415.60905 ... 4494.5228       6921.8868           127.02729
  2 312.46425 533.97607 ... 4662.5672       28954.719           196.22654
  3 820.83877 653.17817 ... 4648.3446        125545.8           367.51529
-----------------------------------------
132
/mnt//archive/draco2/2024/24_11_22//ad0132.fits
flat found.  dividing by flatfield
read ra/dec for target of: (358.6024, 62.14947)
pixel scale is: 0.9825880237499657
x/y of var, cal1, cal2: 552.9820989206582 415.2822214039001 312.3766358504388 533.6684266389414 820.7559943372607 652.8602971951838
 id  xcenter   ycenter  ...  aper_bkg aper_sum_bkgsub aper_sum_bkgsub_err
       pix       pix    ...                                              
--- --------- --------- ... --------- --------------- -------------------
  1  552.9821 415.28222 ... 4446.7244       7332.6291           128.26176
  2 312.37664 533.66843 ...   4517.42       29566.181            197.0432
  3 820.75599  652.8603 ... 4735.8058       122131.51           363.08143
