read ra/dec for calibration star of: (346.910188, 58.621305) (346.992287, 58.573333)
automag_driver: using file automag_driver
aperture parameters; rad, r_in, r_out: 5.0, 15.0, 25.0
-----------------------------------------
270
/mnt//archive/west-14/2024/24_10_19//ad0270.fits
flat found.  dividing by flatfield
read ra/dec for target of: (346.79201, 58.554203)
pixel scale is: 0.911273528902617
x/y of var, cal1, cal2: 565.7413708700528 399.2479143611333 317.417506190316 659.5218230560922 152.08196344853786 466.9849402936035
 id  xcenter   ycenter  ...  aper_bkg aper_sum_bkgsub aper_sum_bkgsub_err
       pix       pix    ...                                              
--- --------- --------- ... --------- --------------- -------------------
  1 565.74137 399.24791 ... 10784.396       236254.38           507.98442
  2 317.41751 659.52182 ... 10523.083       162208.86           428.34569
  3 152.08196 466.98494 ... 10658.885       68681.615           300.37374
-----------------------------------------
271
/mnt//archive/west-14/2024/24_10_19//ad0271.fits
flat found.  dividing by flatfield
read ra/dec for target of: (346.79201, 58.554203)
pixel scale is: 0.9111955715748795
x/y of var, cal1, cal2: 567.4412879141821 399.97910469963966 319.1696609119742 660.2498638141097 153.8271255297405 467.67959194463253
 id  xcenter   ycenter  ...  aper_bkg aper_sum_bkgsub aper_sum_bkgsub_err
       pix       pix    ...                                              
--- --------- --------- ... --------- --------------- -------------------
  1 567.44129  399.9791 ... 10764.994       235318.07           507.02372
  2 319.16966 660.24986 ... 10574.823       161153.84           427.23353
  3 153.82713 467.67959 ... 10542.731       68719.956           300.05069
-----------------------------------------
272
/mnt//archive/west-14/2024/24_10_19//ad0272.fits
flat found.  dividing by flatfield
read ra/dec for target of: (346.79201, 58.554203)
pixel scale is: 0.9114402053189367
x/y of var, cal1, cal2: 567.4567979254857 399.89708334372773 319.12677070297025 660.1159681485485 153.81609089275725 467.60934287941285
 id  xcenter   ycenter  ...  aper_bkg aper_sum_bkgsub aper_sum_bkgsub_err
       pix       pix    ...                                              
--- --------- --------- ... --------- --------------- -------------------
  1  567.4568 399.89708 ... 10610.963       235017.55           506.42322
  2 319.12677 660.11597 ... 10296.006       159929.56             425.143
  3 153.81609 467.60934 ... 10427.305       68762.118            299.7361
-----------------------------------------
273
/mnt//archive/west-14/2024/24_10_19//ad0273.fits
flat found.  dividing by flatfield
read ra/dec for target of: (346.79201, 58.554203)
pixel scale is: 0.9111848503463035
x/y of var, cal1, cal2: 567.3813948816629 400.1737207735176 319.09003024138246 660.4472273673281 153.7589010301055 467.87447682540284
 id  xcenter   ycenter  ...  aper_bkg aper_sum_bkgsub aper_sum_bkgsub_err
       pix       pix    ...                                              
--- --------- --------- ... --------- --------------- -------------------
  1 567.38139 400.17372 ... 10712.464       236017.33           507.60936
  2 319.09003 660.44723 ... 10327.172       161982.77            427.6238
  3  153.7589 467.87448 ... 10447.708       68774.262           299.82441
