read ra/dec for calibration star of: (324.4415, 51.831708) (324.512996, 51.786767)
automag_driver: using file automag_driver
aperture parameters; rad, r_in, r_out: 5.0, 15.0, 25.0
-----------------------------------------
57
/mnt//archive/draco2/2024/24_10_14//ad0057.fits
flat found.  dividing by flatfield
read ra/dec for target of: (324.367201, 51.762485)
pixel scale is: 0.9853763848426189
x/y of var, cal1, cal2: 552.0396596237185 416.56449116159376 431.93655789726324 695.335999883381 243.6265058281307 562.7508695308977
 id  xcenter   ycenter  ...  aper_bkg aper_sum_bkgsub aper_sum_bkgsub_err
       pix       pix    ...                                              
--- --------- --------- ... --------- --------------- -------------------
  1 552.03966 416.56449 ... 36265.115       110828.72           428.46698
  2 431.93656   695.336 ... 35882.394       100397.86           415.19592
  3 243.62651 562.75087 ...  36446.15       30246.945            321.5031
-----------------------------------------
58
/mnt//archive/draco2/2024/24_10_14//ad0058.fits
flat found.  dividing by flatfield
read ra/dec for target of: (324.367201, 51.762485)
pixel scale is: 0.9853355096439581
x/y of var, cal1, cal2: 552.1529380635458 416.4946953997901 432.0313861391398 695.277334043129 243.7101392725179 562.686022493643
 id  xcenter   ycenter  ...  aper_bkg aper_sum_bkgsub aper_sum_bkgsub_err
       pix       pix    ...                                              
--- --------- --------- ... --------- --------------- -------------------
  1 552.15294  416.4947 ... 36601.286       109841.99           428.09994
  2 432.03139 695.27733 ... 36067.938       100164.04           415.36119
  3 243.71014 562.68602 ...  36794.72       29807.054           321.90293
-----------------------------------------
59
/mnt//archive/draco2/2024/24_10_14//ad0059.fits
flat found.  dividing by flatfield
read ra/dec for target of: (324.367201, 51.762485)
pixel scale is: 0.9853184765340721
x/y of var, cal1, cal2: 551.9276163939775 416.45857385098304 431.7793048622222 695.2513943581168 243.44442849132736 562.6661957757829
 id  xcenter   ycenter  ...  aper_bkg aper_sum_bkgsub aper_sum_bkgsub_err
       pix       pix    ...                                              
--- --------- --------- ... --------- --------------- -------------------
  1 551.92762 416.45857 ... 36538.791        109194.1           427.19631
  2  431.7793 695.25139 ... 36130.785       99935.299           415.23712
  3 243.44443  562.6662 ... 36532.087         29594.4           320.75469
-----------------------------------------
60
/mnt//archive/draco2/2024/24_10_14//ad0060.fits
flat found.  dividing by flatfield
read ra/dec for target of: (324.367201, 51.762485)
pixel scale is: 0.9852853693689336
x/y of var, cal1, cal2: 551.6026932186634 416.48951294674197 431.4704969574317 695.2882010363987 243.14783275984433 562.6930603175389
 id  xcenter   ycenter  ...  aper_bkg aper_sum_bkgsub aper_sum_bkgsub_err
       pix       pix    ...                                              
--- --------- --------- ... --------- --------------- -------------------
  1 551.60269 416.48951 ... 36309.386       110296.88           427.94935
  2  431.4705  695.2882 ... 36027.726       99963.471            415.0228
  3 243.14783 562.69306 ... 36663.988       29658.232           321.26501
