read ra/dec for calibration star of: (321.801433, 54.492517) (321.716558, 54.440525)
automag_driver: using file automag_driver
aperture parameters; rad, r_in, r_out: 5.0, 15.0, 25.0
-----------------------------------------
210
/mnt//archive/draco2/2024/24_11_10//ad0210.fits
flat found.  dividing by flatfield
read ra/dec for target of: (321.733427, 54.491455)
pixel scale is: 0.9854254136166377
x/y of var, cal1, cal2: 554.2076027408117 416.1136150720141 694.2424668892288 380.9054911984242 559.6188835232922 605.509730200816
 id  xcenter   ycenter  ...  aper_bkg aper_sum_bkgsub aper_sum_bkgsub_err
       pix       pix    ...                                              
--- --------- --------- ... --------- --------------- -------------------
  1  554.2076 416.11362 ... 30310.574       26701.082           295.88381
  2 694.24247 380.90549 ...   30061.4       105283.94           406.97879
  3 559.61888 605.50973 ... 30195.189       67648.152           358.13898
-----------------------------------------
211
/mnt//archive/draco2/2024/24_11_10//ad0211.fits
flat found.  dividing by flatfield
read ra/dec for target of: (321.733427, 54.491455)
pixel scale is: 0.9850027569980295
x/y of var, cal1, cal2: 554.1760283630717 415.9011799200628 694.2322007304989 380.6973789723809 559.5769870223187 605.3793157518653
 id  xcenter   ycenter  ...  aper_bkg aper_sum_bkgsub aper_sum_bkgsub_err
       pix       pix    ...                                              
--- --------- --------- ... --------- --------------- -------------------
  1 554.17603 415.90118 ... 32737.984       19982.173           292.71683
  2  694.2322 380.69738 ... 32198.906        79960.07           380.24056
  3 559.57699 605.37932 ... 32544.198       49092.494            338.2394
-----------------------------------------
212
/mnt//archive/draco2/2024/24_11_10//ad0212.fits
flat found.  dividing by flatfield
read ra/dec for target of: (321.733427, 54.491455)
pixel scale is: 0.985003203828549
x/y of var, cal1, cal2: 554.4907420400889 415.8258199848251 694.5188936378454 380.61807039970506 559.9062340697177 605.3037154565069
 id  xcenter   ycenter  ...  aper_bkg aper_sum_bkgsub aper_sum_bkgsub_err
       pix       pix    ...                                              
--- --------- --------- ... --------- --------------- -------------------
  1 554.49074 415.82582 ... 31015.509       23293.654           292.48875
  2 694.51889 380.61807 ... 30851.672       94418.891           395.40768
  3 559.90623 605.30372 ... 31026.503       60501.301           350.39878
-----------------------------------------
213
/mnt//archive/draco2/2024/24_11_10//ad0213.fits
flat found.  dividing by flatfield
read ra/dec for target of: (321.733427, 54.491455)
pixel scale is: 0.985187459642808
x/y of var, cal1, cal2: 554.6212918267165 415.37429203172775 694.6592741504248 380.17093864263506 560.0193399927491 604.8166666577622
 id  xcenter   ycenter  ...  aper_bkg aper_sum_bkgsub aper_sum_bkgsub_err
       pix       pix    ...                                              
--- --------- --------- ... --------- --------------- -------------------
  1 554.62129 415.37429 ... 31266.966       22685.534           292.30885
  2 694.65927 380.17094 ... 31074.873       88925.299           388.97306
  3 560.01934 604.81667 ... 31199.866       55646.072           343.90522
