read ra/dec for calibration star of: (24.126247, 57.798882) (24.204493, 57.811872)
automag_driver: using file automag_driver
aperture parameters; rad, r_in, r_out: 5.0, 15.0, 25.0
-----------------------------------------
165
/mnt//archive/draco2/2024/24_11_22//ad0165.fits
flat found.  dividing by flatfield
read ra/dec for target of: (24.308415, 57.75922)
pixel scale is: 0.9828485649109259
x/y of var, cal1, cal2: 553.0029741543364 417.64933186399605 927.6627498259008 502.3964959511493 784.8753536723071 574.3467129461238
 id  xcenter   ycenter  ...  aper_bkg aper_sum_bkgsub aper_sum_bkgsub_err
       pix       pix    ...                                              
--- --------- --------- ... --------- --------------- -------------------
  1 553.00297 417.64933 ... 1400.2238       23699.079           163.47638
  2 927.66275  502.3965 ... 1448.5711       34175.652           193.12637
  3 784.87535 574.34671 ... 1430.2202        8151.732           106.00553
-----------------------------------------
166
/mnt//archive/draco2/2024/24_11_22//ad0166.fits
flat found.  dividing by flatfield
read ra/dec for target of: (24.308415, 57.75922)
pixel scale is: 0.9828932224224075
x/y of var, cal1, cal2: 553.045202655471 417.55131869823174 927.7390726579688 502.2765767819875 784.9410222789003 574.2304056778589
 id  xcenter   ycenter  ...  aper_bkg aper_sum_bkgsub aper_sum_bkgsub_err
       pix       pix    ...                                              
--- --------- --------- ... --------- --------------- -------------------
  1  553.0452 417.55132 ...  1479.214       23861.085           164.45216
  2 927.73907 502.27658 ...  1601.495       33488.032           192.13543
  3 784.94102 574.23041 ... 1430.7397       8237.8458           106.41581
-----------------------------------------
167
/mnt//archive/draco2/2024/24_11_22//ad0167.fits
flat found.  dividing by flatfield
read ra/dec for target of: (24.308415, 57.75922)
pixel scale is: 0.9829893108496713
x/y of var, cal1, cal2: 552.7171299819695 417.77379143323446 927.5735680674031 502.52971818358 784.671916764327 574.4616766190345
 id  xcenter   ycenter  ...  aper_bkg aper_sum_bkgsub aper_sum_bkgsub_err
       pix       pix    ...                                              
--- --------- --------- ... --------- --------------- -------------------
  1 552.71713 417.77379 ... 1265.2405       24259.211           164.36147
  2 927.57357 502.52972 ... 1361.8939       33815.742           191.74079
  3 784.67192 574.46168 ... 1516.4144       8334.9697           107.66986
-----------------------------------------
168
/mnt//archive/draco2/2024/24_11_22//ad0168.fits
flat found.  dividing by flatfield
read ra/dec for target of: (24.308415, 57.75922)
pixel scale is: 0.9824903349203219
x/y of var, cal1, cal2: 553.031088782047 417.9180426934075 927.7144991536911 502.7854767539661 784.9158513093178 574.7278681939779
 id  xcenter   ycenter  ...  aper_bkg aper_sum_bkgsub aper_sum_bkgsub_err
       pix       pix    ...                                              
--- --------- --------- ... --------- --------------- -------------------
  1 553.03109 417.91804 ...  1408.398       22505.377           159.83483
  2  927.7145 502.78548 ... 1604.3846       33986.728           193.44378
  3 784.91585 574.72787 ... 1436.6037       7841.2645           104.59193
-----------------------------------------
169
/mnt//archive/draco2/2024/24_11_22//ad0169.fits
flat found.  dividing by flatfield
read ra/dec for target of: (24.308415, 57.75922)
pixel scale is: 0.982523457762964
x/y of var, cal1, cal2: 552.7212302926463 417.84082254781447 927.3944492419512 502.60915560012336 784.6025053271287 574.5857998304405
 id  xcenter   ycenter  ...  aper_bkg aper_sum_bkgsub aper_sum_bkgsub_err
       pix       pix    ...                                              
--- --------- --------- ... --------- --------------- -------------------
  1 552.72123 417.84082 ... 1561.6236       23571.908           164.07363
  2 927.39445 502.60916 ... 1605.7757       33908.651           193.24907
  3 784.60251  574.5858 ... 1594.4371       8035.0295           106.99955
-----------------------------------------
170
/mnt//archive/draco2/2024/24_11_22//ad0170.fits
flat found.  dividing by flatfield
read ra/dec for target of: (24.308415, 57.75922)
pixel scale is: 0.9826275089217889
x/y of var, cal1, cal2: 552.7207675474002 418.02775506613096 927.6757055530368 502.97510305881804 784.801249395188 574.872495204235
 id  xcenter   ycenter  ...  aper_bkg aper_sum_bkgsub aper_sum_bkgsub_err
       pix       pix    ...                                              
--- --------- --------- ... --------- --------------- -------------------
  1 552.72077 418.02776 ... 1420.2138        23687.05           163.56185
  2 927.67571  502.9751 ... 1443.6126       34313.754           193.45795
  3 784.80125  574.8725 ... 1670.7706       7745.4187            106.3577
-----------------------------------------
171
/mnt//archive/draco2/2024/24_11_22//ad0171.fits
flat found.  dividing by flatfield
read ra/dec for target of: (24.308415, 57.75922)
pixel scale is: 0.9829443204140613
x/y of var, cal1, cal2: 552.6813082798558 417.70294746850254 927.4767565186065 502.4076331851743 784.6681343463297 574.3638838210743
 id  xcenter   ycenter  ...  aper_bkg aper_sum_bkgsub aper_sum_bkgsub_err
       pix       pix    ...                                              
--- --------- --------- ... --------- --------------- -------------------
  1 552.68131 417.70295 ... 1395.8703        23954.58           164.22947
  2 927.47676 502.40763 ... 1278.1714       34682.866           193.55673
  3 784.66813 574.36388 ... 1352.5884       7850.0164           103.82771
-----------------------------------------
172
/mnt//archive/draco2/2024/24_11_22//ad0172.fits
flat found.  dividing by flatfield
read ra/dec for target of: (24.308415, 57.75922)
pixel scale is: 0.9797823408698803
x/y of var, cal1, cal2: 552.506889741218 417.46593009370406 927.4589290547948 502.127409366575 784.6104185031018 574.4364911416192
 id  xcenter   ycenter  ...  aper_bkg aper_sum_bkgsub aper_sum_bkgsub_err
       pix       pix    ...                                              
--- --------- --------- ... --------- --------------- -------------------
  1 552.50689 417.46593 ... 1567.9793       23611.907           164.23418
  2 927.45893 502.12741 ... 1449.0915       34332.094           193.53366
  3 784.61042 574.43649 ... 1527.6351       8118.9379           106.76707
-----------------------------------------
173
/mnt//archive/draco2/2024/24_11_22//ad0173.fits
flat found.  dividing by flatfield
read ra/dec for target of: (24.308415, 57.75922)
pixel scale is: 0.9827216832588038
x/y of var, cal1, cal2: 552.7036645582401 417.75413388999027 927.5053215368889 502.6156975385845 784.657863738649 574.5357746649001
 id  xcenter   ycenter  ...  aper_bkg aper_sum_bkgsub aper_sum_bkgsub_err
       pix       pix    ...                                              
--- --------- --------- ... --------- --------------- -------------------
  1 552.70366 417.75413 ... 1404.0136       24019.829           164.47753
  2 927.50532  502.6157 ... 1284.9406       34944.083           194.26519
  3 784.65786 574.53577 ... 1448.5048       8121.4701           106.03528
-----------------------------------------
174
/mnt//archive/draco2/2024/24_11_22//ad0174.fits
flat found.  dividing by flatfield
read ra/dec for target of: (24.308415, 57.75922)
pixel scale is: 0.9830707959145293
x/y of var, cal1, cal2: 552.7778942678202 417.56268178594866 927.5879092580732 502.3259444124061 784.7290880363291 574.2464603226938
 id  xcenter   ycenter  ...  aper_bkg aper_sum_bkgsub aper_sum_bkgsub_err
       pix       pix    ...                                              
--- --------- --------- ... --------- --------------- -------------------
  1 552.77789 417.56268 ... 1335.3728       23904.217           163.70694
  2 927.58791 502.32594 ... 1521.2346       34212.871            193.5984
  3 784.72909 574.24646 ...  1271.868       7882.7525           103.20605
-----------------------------------------
175
/mnt//archive/draco2/2024/24_11_22//ad0175.fits
flat found.  dividing by flatfield
read ra/dec for target of: (24.308415, 57.75922)
pixel scale is: 0.9825130306623947
x/y of var, cal1, cal2: 552.6255331937946 417.43342905516636 927.3853476113331 502.3492953265081 784.5964660777165 574.2708382784007
 id  xcenter   ycenter  ...  aper_bkg aper_sum_bkgsub aper_sum_bkgsub_err
       pix       pix    ...                                              
--- --------- --------- ... --------- --------------- -------------------
  1 552.62553 417.43343 ... 1254.5571       23874.921           163.12276
  2 927.38535  502.3493 ... 1286.1451       35204.867           194.94142
  3 784.59647 574.27084 ... 1520.6024       8482.4321           108.39113
-----------------------------------------
176
/mnt//archive/draco2/2024/24_11_22//ad0176.fits
flat found.  dividing by flatfield
read ra/dec for target of: (24.308415, 57.75922)
pixel scale is: 0.9825288401516946
x/y of var, cal1, cal2: 552.6861817056794 417.73519140692395 927.5872533176774 502.55634670427867 784.7298041290064 574.5122929975126
 id  xcenter   ycenter  ...  aper_bkg aper_sum_bkgsub aper_sum_bkgsub_err
       pix       pix    ...                                              
--- --------- --------- ... --------- --------------- -------------------
  1 552.68618 417.73519 ... 1410.5014       23831.769           163.94442
  2 927.58725 502.55635 ... 1443.5422       35254.503           195.87391
  3  784.7298 574.51229 ... 1349.8923       8365.2055           106.25437
-----------------------------------------
177
/mnt//archive/draco2/2024/24_11_22//ad0177.fits
flat found.  dividing by flatfield
read ra/dec for target of: (24.308415, 57.75922)
pixel scale is: 0.9834135946851655
x/y of var, cal1, cal2: 552.8194264042818 417.7041310632366 927.5592728522479 502.6847372433155 784.9069719527353 574.4863382677904
 id  xcenter   ycenter  ...  aper_bkg aper_sum_bkgsub aper_sum_bkgsub_err
       pix       pix    ...                                              
--- --------- --------- ... --------- --------------- -------------------
  1 552.81943 417.70413 ... 1409.5596       23611.744           163.26623
  2 927.55927 502.68474 ...  1440.707       34968.886           195.12893
  3 784.90697 574.48634 ... 1431.0328       7665.3009           103.69362
-----------------------------------------
178
/mnt//archive/draco2/2024/24_11_22//ad0178.fits
flat found.  dividing by flatfield
read ra/dec for target of: (24.308415, 57.75922)
pixel scale is: 0.9826110935950276
x/y of var, cal1, cal2: 552.75815070453 417.94442607831905 927.4421023711984 502.752034544292 784.6107839284675 574.7044137559808
 id  xcenter   ycenter  ...  aper_bkg aper_sum_bkgsub aper_sum_bkgsub_err
       pix       pix    ...                                              
--- --------- --------- ... --------- --------------- -------------------
  1 552.75815 417.94443 ... 1556.4208       24231.161           166.03916
  2  927.4421 502.75203 ... 1282.6612        35187.88           194.87997
  3 784.61078 574.70441 ... 1665.7285       8178.8816           108.32977
-----------------------------------------
179
/mnt//archive/draco2/2024/24_11_22//ad0179.fits
flat found.  dividing by flatfield
read ra/dec for target of: (24.308415, 57.75922)
pixel scale is: 0.9824550635018969
x/y of var, cal1, cal2: 552.4663888516518 417.4604037683366 927.2327044388986 502.17154187285973 784.3965455129222 574.1772455604057
 id  xcenter   ycenter  ...  aper_bkg aper_sum_bkgsub aper_sum_bkgsub_err
       pix       pix    ...                                              
--- --------- --------- ... --------- --------------- -------------------
  1 552.46639  417.4604 ... 1411.5805       24499.258           165.97415
  2  927.2327 502.17154 ... 1365.2791       35029.683           194.89803
  3 784.39655 574.17725 ... 1519.1673       8193.9863           107.03888
-----------------------------------------
180
/mnt//archive/draco2/2024/24_11_22//ad0180.fits
flat found.  dividing by flatfield
read ra/dec for target of: (24.308415, 57.75922)
pixel scale is: 0.9824194520216846
x/y of var, cal1, cal2: 552.4511946978496 417.59323377431485 927.2677195197193 502.5363497000154 784.4369600825944 574.4574302652923
 id  xcenter   ycenter  ...  aper_bkg aper_sum_bkgsub aper_sum_bkgsub_err
       pix       pix    ...                                              
--- --------- --------- ... --------- --------------- -------------------
  1 552.45119 417.59323 ... 1261.3362       24190.413           164.12826
  2 927.26772 502.53635 ... 1370.6568       34957.335           194.73995
  3 784.43696 574.45743 ... 1430.4413       8284.1706           106.63045
