1* * * * * * * * * * * * *
 *  A S T R O M E T R Y  *
 * * * * * * * * * * * * *



 Equinox for mean coordinates of results:  J2000.0

 Projection geometry:  Astrograph                              

 Plate centre:  23 07 10.1   +58 33 14     Equinox J2000.0     Epoch J2000.000


 Reference stars:

                n              RA            Dec         pmR    pmD   Equinox   Epoch      px         Xmeas        Ymeas

                1         23 05 55.960  +58 28 44.41  +0.0000 +0.000  J2000.0  J2000.000  0.000    +1074.896      +30.348
                2         23 05 56.857  +58 28 35.61  +0.0000 +0.000  J2000.0  J2000.000  0.000    +1066.063      +23.285
                3         23 06 01.567  +58 30 13.80  +0.0000 +0.000  J2000.0  J2000.000  0.000    +1049.529     +128.097
                4         23 06 03.145  +58 31 40.63  +0.0000 +0.000  J2000.0  J2000.000  0.000    +1054.878     +217.004
                5         23 06 11.366  +58 39 22.57  +0.0000 +0.000  J2000.0  J2000.000  0.000    +1085.069     +689.183
                6         23 06 11.439  +58 34 20.38  +0.0000 +0.000  J2000.0  J2000.000  0.000    +1022.781     +389.106
                7         23 06 13.013  +58 28 53.82  +0.0000 +0.000  J2000.0  J2000.000  0.000     +944.052      +66.852
                8         23 06 15.358  +58 34 26.98  +0.0000 +0.000  J2000.0  J2000.000  0.000     +993.881     +401.694
                9         23 06 16.147  +58 30 18.86  +0.0000 +0.000  J2000.0  J2000.000  0.000     +936.948     +156.385
               10         23 06 23.262  +58 33 43.88  +0.0000 +0.000  J2000.0  J2000.000  0.000     +923.637     +371.472
               11         23 06 26.520  +58 28 37.29  +0.0000 +0.000  J2000.0  J2000.000  0.000     +835.438      +71.921
               12         23 06 27.948  +58 27 27.09  +0.0000 +0.000  J2000.0  J2000.000  0.000     +810.154       +4.501
               13         23 06 30.624  +58 35 50.73  +0.0000 +0.000  J2000.0  J2000.000  0.000     +892.415     +509.296
               14         23 06 32.174  +58 38 54.45  +0.0000 +0.000  J2000.0  J2000.000  0.000     +918.110     +694.316
               15         23 06 32.855  +58 38 09.70  +0.0000 +0.000  J2000.0  J2000.000  0.000     +903.654     +650.982
               16         23 06 37.644  +58 31 31.75  +0.0000 +0.000  J2000.0  J2000.000  0.000     +784.695     +263.145
               17         23 06 43.110  +58 32 05.77  +0.0000 +0.000  J2000.0  J2000.000  0.000     +749.105     +305.716
               18         23 06 43.437  +58 34 34.11  +0.0000 +0.000  J2000.0  J2000.000  0.000     +777.167     +453.646
               19         23 06 43.881  +58 29 25.84  +0.0000 +0.000  J2000.0  J2000.000  0.000     +710.156     +148.115
               20         23 06 44.792  +58 37 39.15  +0.0000 +0.000  J2000.0  J2000.000  0.000     +804.777     +639.759
               21         23 06 44.958  +58 37 26.63  +0.0000 +0.000  J2000.0  J2000.000  0.000     +800.896     +627.567
               22         23 06 45.349  +58 36 25.47  +0.0000 +0.000  J2000.0  J2000.000  0.000     +785.226     +567.413
               23         23 06 51.020  +58 26 57.18  +0.0000 +0.000  J2000.0  J2000.000  0.000     +624.254      +11.903
               24         23 06 52.622  +58 30 00.81  +0.0000 +0.000  J2000.0  J2000.000  0.000     +649.355     +196.904
               25         23 06 56.646  +58 36 26.51  +0.0000 +0.000  J2000.0  J2000.000  0.000     +697.857     +586.533
               26         23 06 57.667  +58 31 36.69  +0.0000 +0.000  J2000.0  J2000.000  0.000     +629.991     +300.300
               27         23 06 59.004  +58 28 32.82  +0.0000 +0.000  J2000.0  J2000.000  0.000     +581.267     +119.920
               28         23 06 59.020  +58 27 01.63  +0.0000 +0.000  J2000.0  J2000.000  0.000     +562.593      +29.331
               29         23 06 59.633  +58 40 27.20  +0.0000 +0.000  J2000.0  J2000.000  0.000     +724.456     +830.438
               30         23 06 59.914  +58 26 53.41  +0.0000 +0.000  J2000.0  J2000.000  0.000     +553.976      +22.540
               31         23 07 01.358  +58 39 10.69  +0.0000 +0.000  J2000.0  J2000.000  0.000     +694.803     +757.423
               32         23 07 02.461  +58 27 34.75  +0.0000 +0.000  J2000.0  J2000.000  0.000     +542.692      +67.726
               33         23 07 05.063  +58 35 12.48  +0.0000 +0.000  J2000.0  J2000.000  0.000     +617.230     +526.662
               34         23 07 05.189  +58 40 00.08  +0.0000 +0.000  J2000.0  J2000.000  0.000     +675.904     +812.580
               35         23 07 06.078  +58 36 30.91  +0.0000 +0.000  J2000.0  J2000.000  0.000     +625.748     +606.133
               36         23 07 06.894  +58 34 08.03  +0.0000 +0.000  J2000.0  J2000.000  0.000     +589.605     +465.535
               37         23 07 07.262  +58 32 57.08  +0.0000 +0.000  J2000.0  J2000.000  0.000     +572.081     +395.711
               38         23 07 08.759  +58 38 41.80  +0.0000 +0.000  J2000.0  J2000.000  0.000     +631.942     +740.616
               39         23 07 09.073  +58 37 39.15  +0.0000 +0.000  J2000.0  J2000.000  0.000     +616.496     +678.827
               40         23 07 10.076  +58 33 15.07  +0.0000 +0.000  J2000.0  J2000.000  0.000     +553.992     +418.022
               41         23 07 11.078  +58 36 21.67  +0.0000 +0.000  J2000.0  J2000.000  0.000     +584.834     +605.053
               42         23 07 11.663  +58 33 01.54  +0.0000 +0.000  J2000.0  J2000.000  0.000     +538.784     +407.229
               43         23 07 13.922  +58 26 43.78  +0.0000 +0.000  J2000.0  J2000.000  0.000     +443.448      +35.587
               44         23 07 16.074  +58 39 37.99  +0.0000 +0.000  J2000.0  J2000.000  0.000     +586.862     +808.169
               45         23 07 20.642  +58 27 06.63  +0.0000 +0.000  J2000.0  J2000.000  0.000     +395.283      +69.387
               46         23 07 22.318  +58 36 10.41  +0.0000 +0.000  J2000.0  J2000.000  0.000     +495.377     +612.074
               47         23 07 24.697  +58 32 14.32  +0.0000 +0.000  J2000.0  J2000.000  0.000     +427.664     +381.430
               48         23 07 33.459  +58 36 23.61  +0.0000 +0.000  J2000.0  J2000.000  0.000     +411.619     +643.288
               49         23 07 33.622  +58 38 01.47  +0.0000 +0.000  J2000.0  J2000.000  0.000     +430.927     +740.723
               50         23 07 35.001  +58 27 25.36  +0.0000 +0.000  J2000.0  J2000.000  0.000     +287.436     +111.616
               51         23 07 35.283  +58 34 07.35  +0.0000 +0.000  J2000.0  J2000.000  0.000     +369.219     +510.927
               52         23 07 36.351  +58 25 46.15  +0.0000 +0.000  J2000.0  J2000.000  0.000     +256.112      +14.917
               53         23 07 40.478  +58 38 37.67  +0.0000 +0.000  J2000.0  J2000.000  0.000     +385.324     +787.887
               54         23 07 43.928  +58 32 00.72  +0.0000 +0.000  J2000.0  J2000.000  0.000     +275.515     +399.319
               55         23 07 46.264  +58 37 16.63  +0.0000 +0.000  J2000.0  J2000.000  0.000     +323.486     +716.946
               56         23 07 48.613  +58 34 18.57  +0.0000 +0.000  J2000.0  J2000.000  0.000     +268.114     +543.862
               57         23 07 51.219  +58 32 35.72  +0.0000 +0.000  J2000.0  J2000.000  0.000     +226.175     +446.045
               58         23 07 52.018  +58 38 34.03  +0.0000 +0.000  J2000.0  J2000.000  0.000     +295.362     +803.080
               59         23 07 56.033  +58 32 20.08  +0.0000 +0.000  J2000.0  J2000.000  0.000     +185.585     +438.371
               60         23 07 56.807  +58 34 08.04  +0.0000 +0.000  J2000.0  J2000.000  0.000     +202.244     +546.880
               61         23 07 58.176  +58 34 24.07  +0.0000 +0.000  J2000.0  J2000.000  0.000     +194.823     +565.039
               62         23 07 58.705  +58 35 55.08  +0.0000 +0.000  J2000.0  J2000.000  0.000     +210.025     +656.250
               63         23 08 03.896  +58 33 11.72  +0.0000 +0.000  J2000.0  J2000.000  0.000     +135.438     +502.557
               64         23 08 06.446  +58 29 59.66  +0.0000 +0.000  J2000.0  J2000.000  0.000      +75.370     +316.171
               65         23 08 07.022  +58 37 14.87  +0.0000 +0.000  J2000.0  J2000.000  0.000     +162.268     +749.107
               66         23 08 07.609  +58 27 51.00  +0.0000 +0.000  J2000.0  J2000.000  0.000      +39.132     +190.573
               67         23 08 11.985  +58 36 26.00  +0.0000 +0.000  J2000.0  J2000.000  0.000     +113.657     +708.737
               68         23 08 25.705  +58 35 58.58  +0.0000 +0.000  J2000.0  J2000.000  0.000       +2.510     +704.093
1Plate solution: 4-coefficient
 -----------------------------

     X,Y = expected plate coordinates (radians)

     X =  +0.2185350E-02                            Y =  -0.2494931E-02
          -0.4680035E-05 * Xmeas                         +0.9763676E-06 * Xmeas
          +0.9763676E-06 * Ymeas                         +0.4680035E-05 * Ymeas


 Xmeas =   +554.0546                            Ymeas =   +417.5118    
           -204761.6     * X                              +42718.18     * X
           +42718.18     * Y                              +204761.6     * Y


      Plate scale (in measuring units):            0.9861 arcsec
                           Orientation:          +11.784  deg and laterally inverted


 Reference stars:
                             Mean RA,Dec         Equinox J2000.0      Epoch J2000.000           Residuals (arcsec)
                n                    catalogue                     calculated                 dX        dY        dR

                1            23 05 55.960  +58 28 44.41    23 05 55.996  +58 28 44.31      +0.280    -0.104     0.299
                2            23 05 56.857  +58 28 35.61    23 05 56.907  +58 28 35.75      +0.393    +0.137     0.417
                3            23 06 01.567  +58 30 13.80    23 06 01.580  +58 30 13.75      +0.106    -0.045     0.115
                4            23 06 03.145  +58 31 40.63    23 06 03.160  +58 31 40.71      +0.116    +0.083     0.143
                5            23 06 11.366  +58 39 22.57    23 06 11.366  +58 39 22.85      +0.006    +0.281     0.281
                6            23 06 11.439  +58 34 20.38    23 06 11.468  +58 34 20.63      +0.229    +0.252     0.341
                7            23 06 13.013  +58 28 53.82    23 06 13.035  +58 28 53.74      +0.171    -0.076     0.187
                8            23 06 15.358  +58 34 26.98    23 06 15.356  +58 34 27.07      -0.010    +0.097     0.097
                9            23 06 16.147  +58 30 18.86    23 06 16.173  +58 30 18.82      +0.207    -0.032     0.209
               10            23 06 23.262  +58 33 43.88    23 06 23.264  +58 33 43.95      +0.017    +0.064     0.066
               11            23 06 26.520  +58 28 37.29    23 06 26.542  +58 28 37.09      +0.169    -0.196     0.258
               12            23 06 27.948  +58 27 27.09    23 06 27.946  +58 27 26.94      -0.019    -0.144     0.145
               13            23 06 30.624  +58 35 50.73    23 06 30.625  +58 35 50.86      +0.010    +0.129     0.130
               14            23 06 32.174  +58 38 54.45    23 06 32.163  +58 38 54.67      -0.085    +0.219     0.235
               15            23 06 32.855  +58 38 09.70    23 06 32.846  +58 38 09.94      -0.066    +0.233     0.242
               16            23 06 37.644  +58 31 31.75    23 06 37.653  +58 31 31.67      +0.074    -0.082     0.111
               17            23 06 43.110  +58 32 05.77    23 06 43.128  +58 32 05.68      +0.134    -0.091     0.162
               18            23 06 43.437  +58 34 34.11    23 06 43.441  +58 34 34.13      +0.038    +0.023     0.044
               19            23 06 43.881  +58 29 25.84    23 06 43.909  +58 29 25.71      +0.217    -0.139     0.258
               20            23 06 44.792  +58 37 39.15    23 06 44.789  +58 37 39.37      -0.026    +0.221     0.223
               21            23 06 44.958  +58 37 26.63    23 06 44.957  +58 37 26.82      -0.011    +0.189     0.190
               22            23 06 45.349  +58 36 25.47    23 06 45.355  +58 36 25.60      +0.047    +0.127     0.135
               23            23 06 51.020  +58 26 57.18    23 06 51.010  +58 26 57.00      -0.079    -0.184     0.200
               24            23 06 52.622  +58 30 00.81    23 06 52.644  +58 30 00.65      +0.172    -0.160     0.235
               25            23 06 56.646  +58 36 26.51    23 06 56.641  +58 36 26.57      -0.041    +0.062     0.074
               26            23 06 57.667  +58 31 36.69    23 06 57.677  +58 31 36.60      +0.076    -0.095     0.122
               27            23 06 59.004  +58 28 32.82    23 06 59.060  +58 28 32.67      +0.436    -0.154     0.462
               28            23 06 59.020  +58 27 01.63    23 06 59.040  +58 27 01.46      +0.162    -0.167     0.233
               29            23 06 59.633  +58 40 27.20    23 06 59.622  +58 40 27.39      -0.086    +0.192     0.211
               30            23 06 59.914  +58 26 53.41    23 06 59.927  +58 26 53.17      +0.100    -0.233     0.254
               31            23 07 01.358  +58 39 10.69    23 07 01.412  +58 39 10.94      +0.422    +0.251     0.491
               32            23 07 02.461  +58 27 34.75    23 07 02.471  +58 27 34.53      +0.079    -0.219     0.232
               33            23 07 05.063  +58 35 12.48    23 07 05.062  +58 35 12.57      -0.005    +0.091     0.091
               34            23 07 05.189  +58 40 00.08    23 07 05.171  +58 40 00.39      -0.134    +0.314     0.341
               35            23 07 06.078  +58 36 30.91    23 07 06.055  +58 36 31.01      -0.182    +0.100     0.208
               36            23 07 06.894  +58 34 08.03    23 07 06.900  +58 34 08.01      +0.049    -0.026     0.055
               37            23 07 07.262  +58 32 57.08    23 07 07.267  +58 32 57.07      +0.033    -0.002     0.033
               38            23 07 08.759  +58 38 41.80    23 07 08.755  +58 38 42.08      -0.035    +0.278     0.280
               39            23 07 09.073  +58 37 39.15    23 07 09.071  +58 37 39.32      -0.013    +0.170     0.171
               40            23 07 10.076  +58 33 15.07    23 07 10.072  +58 33 14.97      -0.029    -0.098     0.103
               41            23 07 11.078  +58 36 21.67    23 07 11.082  +58 36 21.73      +0.031    +0.060     0.067
               42            23 07 11.663  +58 33 01.54    23 07 11.670  +58 33 01.49      +0.056    -0.054     0.078
               43            23 07 13.922  +58 26 43.78    23 07 13.854  +58 26 43.53      -0.529    -0.253     0.586
               44            23 07 16.074  +58 39 37.99    23 07 16.076  +58 39 38.20      +0.020    +0.210     0.211
               45            23 07 20.642  +58 27 06.63    23 07 20.647  +58 27 06.43      +0.040    -0.198     0.202
               46            23 07 22.318  +58 36 10.41    23 07 22.314  +58 36 10.45      -0.035    +0.044     0.056
               47            23 07 24.697  +58 32 14.32    23 07 24.707  +58 32 14.15      +0.076    -0.168     0.184
               48            23 07 33.459  +58 36 23.61    23 07 33.467  +58 36 23.62      +0.066    +0.012     0.067
               49            23 07 33.622  +58 38 01.47    23 07 33.611  +58 38 01.56      -0.083    +0.095     0.126
               50            23 07 35.001  +58 27 25.36    23 07 34.999  +58 27 25.36      -0.017    -0.009     0.019
               51            23 07 35.283  +58 34 07.35    23 07 35.267  +58 34 07.29      -0.125    -0.061     0.139
               52            23 07 36.351  +58 25 46.15    23 07 36.350  +58 25 45.68      -0.010    -0.469     0.469
               53            23 07 40.478  +58 38 37.67    23 07 40.475  +58 38 37.82      -0.020    +0.144     0.145
               54            23 07 43.928  +58 32 00.72    23 07 43.923  +58 32 00.55      -0.043    -0.161     0.166
               55            23 07 46.264  +58 37 16.63    23 07 46.269  +58 37 16.79      +0.038    +0.162     0.167
               56            23 07 48.613  +58 34 18.57    23 07 48.595  +58 34 18.51      -0.139    -0.056     0.150
               57            23 07 51.219  +58 32 35.72    23 07 51.219  +58 32 35.59      +0.005    -0.133     0.133
               58            23 07 52.018  +58 38 34.03    23 07 51.992  +58 38 34.16      -0.206    +0.133     0.245
               59            23 07 56.033  +58 32 20.08    23 07 56.022  +58 32 19.91      -0.091    -0.172     0.194
               60            23 07 56.807  +58 34 08.04    23 07 56.799  +58 34 07.99      -0.060    -0.044     0.074
               61            23 07 58.176  +58 34 24.07    23 07 58.188  +58 34 23.99      +0.094    -0.080     0.124
               62            23 07 58.705  +58 35 55.08    23 07 58.696  +58 35 55.09      -0.069    +0.009     0.070
               63            23 08 03.896  +58 33 11.71    23 08 03.878  +58 33 11.58      -0.143    -0.137     0.199
               64            23 08 06.446  +58 29 59.66    23 08 06.405  +58 29 59.49      -0.320    -0.176     0.365
               65            23 08 07.022  +58 37 14.87    23 08 07.023  +58 37 14.90      +0.007    +0.028     0.029
               66            23 08 07.609  +58 27 51.00    23 08 07.583  +58 27 50.91      -0.208    -0.082     0.224
               67            23 08 11.985  +58 36 26.00    23 08 11.966  +58 36 26.00      -0.142    -0.007     0.142
               68            23 08 25.705  +58 35 58.58    23 08 25.562  +58 35 58.68      -1.114    +0.096     1.118

                                                                                  RMS :     0.205     0.158     0.259

1Plate solution: 6-coefficient
 -----------------------------

     X,Y = expected plate coordinates (radians)

     X =  +0.2185941E-02                            Y =  -0.2493028E-02
          -0.4681644E-05 * Xmeas                         +0.9749399E-06 * Xmeas
          +0.9771675E-06 * Ymeas                         +0.4677512E-05 * Ymeas


 Xmeas =   +554.0589                            Ymeas =   +417.4984    
           -204695.0     * X                              +42664.85     * X
           +42762.34     * Y                              +204875.9     * Y


     Plate scales (in measuring units):      X     0.9864 arcsec
                                             Y     0.9856 arcsec
                                          mean     0.9860 arcsec
                   Nonperpendicularity:           +0.036  deg
                           Orientation:          +11.782  deg and laterally inverted


 Reference stars:
                             Mean RA,Dec         Equinox J2000.0      Epoch J2000.000           Residuals (arcsec)
                n                    catalogue                     calculated                 dX        dY        dR

                1            23 05 55.960  +58 28 44.41    23 05 55.967  +58 28 44.37      +0.051    -0.044     0.067
                2            23 05 56.857  +58 28 35.61    23 05 56.878  +58 28 35.81      +0.165    +0.203     0.262
                3            23 06 01.567  +58 30 13.80    23 06 01.554  +58 30 13.77      -0.099    -0.028     0.103
                4            23 06 03.145  +58 31 40.63    23 06 03.136  +58 31 40.68      -0.076    +0.052     0.092
                5            23 06 11.366  +58 39 22.57    23 06 11.351  +58 39 22.56      -0.119    -0.005     0.119
                6            23 06 11.439  +58 34 20.38    23 06 11.449  +58 34 20.52      +0.076    +0.141     0.160
                7            23 06 13.013  +58 28 53.82    23 06 13.012  +58 28 53.82      -0.010    +0.003     0.010
                8            23 06 15.358  +58 34 26.98    23 06 15.338  +58 34 26.96      -0.152    -0.013     0.152
                9            23 06 16.147  +58 30 18.86    23 06 16.152  +58 30 18.86      +0.043    +0.003     0.043
               10            23 06 23.262  +58 33 43.88    23 06 23.249  +58 33 43.87      -0.107    -0.009     0.107
               11            23 06 26.520  +58 28 37.29    23 06 26.524  +58 28 37.20      +0.025    -0.087     0.090
               12            23 06 27.948  +58 27 27.09    23 06 27.927  +58 27 27.10      -0.165    +0.007     0.165
               13            23 06 30.624  +58 35 50.73    23 06 30.613  +58 35 50.72      -0.080    -0.006     0.080
               14            23 06 32.174  +58 38 54.45    23 06 32.155  +58 38 54.43      -0.153    -0.021     0.155
               15            23 06 32.855  +58 38 09.70    23 06 32.837  +58 38 09.72      -0.136    +0.021     0.138
               16            23 06 37.644  +58 31 31.75    23 06 37.641  +58 31 31.69      -0.021    -0.058     0.061
               17            23 06 43.110  +58 32 05.77    23 06 43.118  +58 32 05.69      +0.058    -0.078     0.097
               18            23 06 43.437  +58 34 34.11    23 06 43.434  +58 34 34.06      -0.023    -0.049     0.055
               19            23 06 43.881  +58 29 25.84    23 06 43.898  +58 29 25.81      +0.127    -0.033     0.132
               20            23 06 44.792  +58 37 39.15    23 06 44.784  +58 37 39.19      -0.066    +0.044     0.079
               21            23 06 44.958  +58 37 26.63    23 06 44.952  +58 37 26.65      -0.051    +0.019     0.055
               22            23 06 45.349  +58 36 25.47    23 06 45.349  +58 36 25.47      +0.002    -0.007     0.007
               23            23 06 51.020  +58 26 57.18    23 06 50.999  +58 26 57.20      -0.163    +0.019     0.164
               24            23 06 52.622  +58 30 00.81    23 06 52.636  +58 30 00.75      +0.111    -0.061     0.127
               25            23 06 56.646  +58 36 26.51    23 06 56.640  +58 36 26.45      -0.054    -0.056     0.077
               26            23 06 57.667  +58 31 36.69    23 06 57.672  +58 31 36.65      +0.038    -0.044     0.059
               27            23 06 59.004  +58 28 32.82    23 06 59.053  +58 28 32.83      +0.385    +0.005     0.385
               28            23 06 59.020  +58 27 01.63    23 06 59.033  +58 27 01.67      +0.102    +0.044     0.112
               29            23 06 59.633  +58 40 27.20    23 06 59.624  +58 40 27.14      -0.067    -0.061     0.091
               30            23 06 59.914  +58 26 53.41    23 06 59.919  +58 26 53.39      +0.042    -0.015     0.045
               31            23 07 01.358  +58 39 10.69    23 07 01.414  +58 39 10.74      +0.438    +0.045     0.441
               32            23 07 02.461  +58 27 34.75    23 07 02.465  +58 27 34.73      +0.032    -0.021     0.038
               33            23 07 05.063  +58 35 12.48    23 07 05.063  +58 35 12.51      -0.001    +0.027     0.027
               34            23 07 05.189  +58 40 00.08    23 07 05.176  +58 40 00.16      -0.102    +0.084     0.132
               35            23 07 06.078  +58 36 30.91    23 07 06.057  +58 36 30.90      -0.168    -0.008     0.168
               36            23 07 06.894  +58 34 08.03    23 07 06.901  +58 34 07.98      +0.052    -0.049     0.072
               37            23 07 07.262  +58 32 57.08    23 07 07.266  +58 32 57.09      +0.030    +0.017     0.034
               38            23 07 08.759  +58 38 41.80    23 07 08.759  +58 38 41.90      -0.000    +0.099     0.099
               39            23 07 09.073  +58 37 39.15    23 07 09.075  +58 37 39.18      +0.016    +0.028     0.032
               40            23 07 10.076  +58 33 15.07    23 07 10.073  +58 33 14.98      -0.022    -0.086     0.089
               41            23 07 11.078  +58 36 21.67    23 07 11.086  +58 36 21.63      +0.058    -0.035     0.068
               42            23 07 11.663  +58 33 01.54    23 07 11.671  +58 33 01.51      +0.066    -0.032     0.074
               43            23 07 13.922  +58 26 43.78    23 07 13.852  +58 26 43.77      -0.548    -0.010     0.548
               44            23 07 16.074  +58 39 37.99    23 07 16.084  +58 39 38.00      +0.080    +0.009     0.081
               45            23 07 20.642  +58 27 06.63    23 07 20.647  +58 27 06.67      +0.042    +0.042     0.059
               46            23 07 22.318  +58 36 10.41    23 07 22.321  +58 36 10.38      +0.023    -0.028     0.037
               47            23 07 24.697  +58 32 14.32    23 07 24.712  +58 32 14.22      +0.118    -0.100     0.155
               48            23 07 33.459  +58 36 23.61    23 07 33.479  +58 36 23.56      +0.157    -0.051     0.165
               49            23 07 33.622  +58 38 01.47    23 07 33.624  +58 38 01.44      +0.018    -0.025     0.031
               50            23 07 35.001  +58 27 25.36    23 07 35.005  +58 27 25.61      +0.028    +0.241     0.243
               51            23 07 35.283  +58 34 07.35    23 07 35.277  +58 34 07.31      -0.041    -0.043     0.060
               52            23 07 36.351  +58 25 46.15    23 07 36.355  +58 25 45.99      +0.029    -0.159     0.162
               53            23 07 40.478  +58 38 37.67    23 07 40.491  +58 38 37.69      +0.104    +0.013     0.105
               54            23 07 43.928  +58 32 00.72    23 07 43.935  +58 32 00.66      +0.053    -0.057     0.078
               55            23 07 46.264  +58 37 16.63    23 07 46.286  +58 37 16.71      +0.171    +0.086     0.191
               56            23 07 48.613  +58 34 18.57    23 07 48.611  +58 34 18.54      -0.017    -0.026     0.031
               57            23 07 51.219  +58 32 35.72    23 07 51.235  +58 32 35.68      +0.125    -0.039     0.131
               58            23 07 52.018  +58 38 34.03    23 07 52.012  +58 38 34.05      -0.050    +0.021     0.054
               59            23 07 56.033  +58 32 20.08    23 07 56.039  +58 32 20.02      +0.042    -0.062     0.075
               60            23 07 56.807  +58 34 08.04    23 07 56.817  +58 34 08.04      +0.085    +0.004     0.085
               61            23 07 58.176  +58 34 24.07    23 07 58.208  +58 34 24.03      +0.245    -0.039     0.248
               62            23 07 58.705  +58 35 55.08    23 07 58.716  +58 35 55.08      +0.091    -0.001     0.092
               63            23 08 03.896  +58 33 11.71    23 08 03.899  +58 33 11.67      +0.017    -0.046     0.049
               64            23 08 06.446  +58 29 59.66    23 08 06.425  +58 29 59.69      -0.171    +0.030     0.173
               65            23 08 07.022  +58 37 14.87    23 08 07.048  +58 37 14.85      +0.199    -0.017     0.200
               66            23 08 07.609  +58 27 51.00    23 08 07.601  +58 27 51.20      -0.068    +0.200     0.211
               67            23 08 11.985  +58 36 26.00    23 08 11.992  +58 36 25.99      +0.059    -0.017     0.062
               68            23 08 25.705  +58 35 58.58    23 08 25.592  +58 35 58.70      -0.876    +0.121     0.885

                                                                                  RMS :     0.171     0.068     0.184

1Unknown stars:    J2000.0 mean places for epoch J2000.000

             :               4-coefficient model               :                6-coefficient model                :
             :   Xmeas    Ymeas          RA            Dec     :   Xmeas    Ymeas          RA             Dec      :     
             :                                                 :                                                   :
             : +381.650 +706.474 -> 23 07 38.811  +58 37 18.51 : +381.650 +706.474 -> 23 07 38.8249  +58 37 18.424 :     
             :  +64.283 +186.276 -> 23 08 04.378  +58 27 51.92 :  +64.283 +186.276 -> 23 08 04.3952  +58 27 52.195 :     
