read ra/dec for calibration star of: (357.9345179, 58.80670872) (358.2382563, 58.73296991)
automag_driver: using file automag_driver
aperture parameters; rad, r_in, r_out: 5.0, 15.0, 25.0
-----------------------------------------
153
-----------------------------------------
154
-----------------------------------------
155
/mnt//archive/west-14/2024/24_11_11//ad0155.fits
flat found.  dividing by flatfield
read ra/dec for target of: (358.02930081425, 58.74172448295)
pixel scale is: 0.910671284970287
x/y of var, cal1, cal2: 570.5907659856232 408.5311130801589 772.5425385266153 659.282734587518 141.39631013722237 388.1871949124296
 id  xcenter   ycenter  ...  aper_bkg aper_sum_bkgsub aper_sum_bkgsub_err
       pix       pix    ...                                              
--- --------- --------- ... --------- --------------- -------------------
  1 570.59077 408.53111 ... 138011.07       65354.918           584.46732
  2 772.54254 659.28273 ... 137438.53       27800.978           550.36628
  3 141.39631 388.18719 ... 137610.26       8376.6205            532.7496
-----------------------------------------
156
