read ra/dec for calibration star of: (300.997825, 32.507628) (300.895592, 32.512811)
automag_driver: using file automag_driver
aperture parameters; rad, r_in, r_out: 5.0, 15.0, 25.0
-----------------------------------------
133
/mnt//archive/west-14/2024/24_11_11//ad0133.fits
flat found.  dividing by flatfield
read ra/dec for target of: (301.009037, 32.450705)
pixel scale is: 0.9112329824046471
x/y of var, cal1, cal2: 590.6766439392591 409.6157549671599 635.6721783187292 633.1102566677944 976.6173506077093 642.260494909731
 id  xcenter   ycenter  ...  aper_bkg aper_sum_bkgsub aper_sum_bkgsub_err
       pix       pix    ...                                              
--- --------- --------- ... --------- --------------- -------------------
  1 590.67664 409.61575 ... 209894.16       7170.6447           653.59311
  2 635.67218 633.11026 ... 208175.86       53985.115            685.9751
  3 976.61735 642.26049 ... 205950.02       45297.332           676.33007
-----------------------------------------
134
/mnt//archive/west-14/2024/24_11_11//ad0134.fits
flat found.  dividing by flatfield
read ra/dec for target of: (301.009037, 32.450705)
pixel scale is: 0.9109682370228294
x/y of var, cal1, cal2: 593.1159794742256 411.4901824379253 638.1398450019017 635.0454525365875 979.0181752014598 644.1665357415659
 id  xcenter   ycenter  ...  aper_bkg aper_sum_bkgsub aper_sum_bkgsub_err
       pix       pix    ...                                              
--- --------- --------- ... --------- --------------- -------------------
  1 593.11598 411.49018 ... 212367.88       6730.2858             657.032
  2 638.13985 635.04545 ... 211616.13       53089.651           690.32377
  3 979.01818 644.16654 ... 209601.16       45932.212           682.17265
-----------------------------------------
135
/mnt//archive/west-14/2024/24_11_11//ad0135.fits
flat found.  dividing by flatfield
read ra/dec for target of: (301.009037, 32.450705)
pixel scale is: 0.9109092026913204
x/y of var, cal1, cal2: 595.7381982026641 414.0321288943026 640.7673058627606 637.6105776337581 981.6508064579491 646.7979999762509
 id  xcenter   ycenter  ...  aper_bkg aper_sum_bkgsub aper_sum_bkgsub_err
       pix       pix    ...                                              
--- --------- --------- ... --------- --------------- -------------------
  1  595.7382 414.03213 ... 253809.22       3611.1713           715.16055
  2 640.76731 637.61058 ... 251613.75       23898.245           726.18919
  3 981.65081   646.798 ... 251220.88        18967.69           722.24266
