read ra/dec for calibration star of: (36.752127, 59.562503) (37.02079, 59.47925)
automag_driver: using file automag_driver
aperture parameters; rad, r_in, r_out: 5.0, 15.0, 25.0
-----------------------------------------
149
/mnt//archive/west-14/2024/24_11_11//ad0149.fits
flat found.  dividing by flatfield
read ra/dec for target of: (36.807362, 59.460604)
pixel scale is: 0.9106230081753711
x/y of var, cal1, cal2: 571.6139425665363 419.7294866275271 693.8214257242229 819.1949500789653 145.84988015861984 506.6720745888401
 id  xcenter   ycenter  ...  aper_bkg aper_sum_bkgsub aper_sum_bkgsub_err
       pix       pix    ...                                              
--- --------- --------- ... --------- --------------- -------------------
  1 571.61394 419.72949 ... 99726.505       77486.919           526.46456
  2 693.82143 819.19495 ... 96627.396       47423.131           490.81863
  3 145.84988 506.67207 ... 98634.439       34650.502           481.81364
-----------------------------------------
150
/mnt//archive/west-14/2024/24_11_11//ad0150.fits
flat found.  dividing by flatfield
read ra/dec for target of: (36.807362, 59.460604)
pixel scale is: 0.9105221894833169
x/y of var, cal1, cal2: 573.9548520695269 419.0797673281572 696.0105893897975 818.6508336434985 148.3808044420041 505.81810227096645
 id  xcenter   ycenter  ...  aper_bkg aper_sum_bkgsub aper_sum_bkgsub_err
       pix       pix    ...                                              
--- --------- --------- ... --------- --------------- -------------------
  1 573.95485 419.07977 ... 105023.97        60875.62           520.71927
  2 696.01059 818.65083 ... 102182.37        38119.46           492.65526
  3  148.3808  505.8181 ... 103406.23        27922.35           484.72653
-----------------------------------------
151
-----------------------------------------
152
