read ra/dec for calibration star of: (324.4415, 51.831708) (324.512996, 51.786767)
automag_driver: using file automag_driver
aperture parameters; rad, r_in, r_out: 5.0, 15.0, 25.0
-----------------------------------------
36
/mnt//archive/draco2/2024/24_10_31//ad0036.fits
flat found.  dividing by flatfield
read ra/dec for target of: (324.367201, 51.762485)
pixel scale is: 0.9860164075745377
x/y of var, cal1, cal2: 555.4717612732645 417.46719046760705 664.1466090102211 134.2606881427419 857.5144511614501 259.05915959568694
 id  xcenter   ycenter  ...  aper_bkg aper_sum_bkgsub aper_sum_bkgsub_err
       pix       pix    ...                                              
--- --------- --------- ... --------- --------------- -------------------
  1 555.47176 417.46719 ... 6139.3716       132427.63           380.69853
  2 664.14661 134.26069 ... 6455.7978       131381.71           380.15563
  3 857.51445 259.05916 ... 6135.3159       39632.133           228.31506
-----------------------------------------
37
/mnt//archive/draco2/2024/24_10_31//ad0037.fits
flat found.  dividing by flatfield
read ra/dec for target of: (324.367201, 51.762485)
pixel scale is: 0.9857460753504579
x/y of var, cal1, cal2: 555.278335011811 416.51025017695486 663.9992865805925 133.23281268081837 857.3885807991041 258.0774902506575
 id  xcenter   ycenter  ...  aper_bkg aper_sum_bkgsub aper_sum_bkgsub_err
       pix       pix    ...                                              
--- --------- --------- ... --------- --------------- -------------------
  1 555.27834 416.51025 ...  6258.164       133945.86           382.99763
  2 663.99929 133.23281 ... 6419.6149       130521.04           378.92646
  3 857.38858 258.07749 ... 6267.9021       39743.205           229.13753
-----------------------------------------
38
/mnt//archive/draco2/2024/24_10_31//ad0038.fits
flat found.  dividing by flatfield
read ra/dec for target of: (324.367201, 51.762485)
pixel scale is: 0.9860124777580764
x/y of var, cal1, cal2: 555.4432740497376 416.3334677973412 664.156776058001 133.1260189556824 857.546231465167 257.9253176585467
 id  xcenter   ycenter  ...  aper_bkg aper_sum_bkgsub aper_sum_bkgsub_err
       pix       pix    ...                                              
--- --------- --------- ... --------- --------------- -------------------
  1 555.44327 416.33347 ...  6143.511       134392.85           383.28172
  2 664.15678 133.12602 ... 6375.8149       132455.93           381.35621
  3 857.54623 257.92532 ... 6146.4733       40028.177           229.22941
-----------------------------------------
39
/mnt//archive/draco2/2024/24_10_31//ad0039.fits
flat found.  dividing by flatfield
read ra/dec for target of: (324.367201, 51.762485)
pixel scale is: 0.985832867104136
x/y of var, cal1, cal2: 555.3932228838148 416.28037782710027 664.0937348725466 133.02330566979606 857.4808820633057 257.8488556400827
 id  xcenter   ycenter  ...  aper_bkg aper_sum_bkgsub aper_sum_bkgsub_err
       pix       pix    ...                                              
--- --------- --------- ... --------- --------------- -------------------
  1 555.39322 416.28038 ... 6280.6819       133894.22           382.98902
  2 664.09373 133.02331 ... 6304.6051       131895.23           380.43322
  3 857.48088 257.84886 ... 6113.1467       40056.759           229.14635
-----------------------------------------
40
/mnt//archive/draco2/2024/24_10_31//ad0040.fits
flat found.  dividing by flatfield
read ra/dec for target of: (324.367201, 51.762485)
pixel scale is: 0.9860369372625303
x/y of var, cal1, cal2: 555.2433169700093 416.2522970321375 663.9564775879971 133.05256723479664 857.33688459225 257.8500047019207
 id  xcenter   ycenter  ...  aper_bkg aper_sum_bkgsub aper_sum_bkgsub_err
       pix       pix    ...                                              
--- --------- --------- ... --------- --------------- -------------------
  1 555.24332  416.2523 ... 6220.0974        131793.3           380.07696
  2 663.95648 133.05257 ... 6217.3943       131091.22            379.1451
  3 857.33688    257.85 ... 6281.0486       38685.457           226.87564
