read ra/dec for calibration star of: (358.45204, 62.12898) (358.732006, 62.072851)
automag_driver: using file automag_driver
aperture parameters; rad, r_in, r_out: 5.0, 15.0, 25.0
-----------------------------------------
101
/mnt//archive/draco2/2024/24_10_31//ad0101.fits
flat found.  dividing by flatfield
read ra/dec for target of: (358.6024, 62.14947)
pixel scale is: 0.9856747587963725
x/y of var, cal1, cal2: 554.4605753714742 416.7184188734518 789.8548171550124 290.07184610129724 279.15837104175705 189.7314508669878
 id  xcenter   ycenter  ...  aper_bkg aper_sum_bkgsub aper_sum_bkgsub_err
       pix       pix    ...                                              
--- --------- --------- ... --------- --------------- -------------------
  1 554.46058 416.71842 ... 11566.061       63914.141            295.4171
  2 789.85482 290.07185 ... 11624.831       162703.97           431.48422
  3 279.15837 189.73145 ... 12212.374       377768.46           634.36441
-----------------------------------------
102
/mnt//archive/draco2/2024/24_10_31//ad0102.fits
flat found.  dividing by flatfield
read ra/dec for target of: (358.6024, 62.14947)
pixel scale is: 0.9857877856701568
x/y of var, cal1, cal2: 554.688457038866 416.84164209534924 790.0504087933998 290.202767859682 279.38170813319016 189.88867827853096
 id  xcenter   ycenter  ...  aper_bkg aper_sum_bkgsub aper_sum_bkgsub_err
       pix       pix    ...                                              
--- --------- --------- ... --------- --------------- -------------------
  1 554.68846 416.84164 ... 11610.507       64427.048           296.43391
  2 790.05041 290.20277 ... 11727.026        163203.5           432.29915
  3 279.38171 189.88868 ... 12405.734       378661.76           635.37251
-----------------------------------------
103
/mnt//archive/draco2/2024/24_10_31//ad0103.fits
flat found.  dividing by flatfield
read ra/dec for target of: (358.6024, 62.14947)
pixel scale is: 0.9856475970205991
x/y of var, cal1, cal2: 554.5699942154118 416.7509361739068 789.9507289461447 290.09031813201636 279.2693074523624 189.77005832460333
 id  xcenter   ycenter  ...  aper_bkg aper_sum_bkgsub aper_sum_bkgsub_err
       pix       pix    ...                                              
--- --------- --------- ... --------- --------------- -------------------
  1 554.56999 416.75094 ... 11586.706       63370.185            294.5651
  2 789.95073 290.09032 ... 11516.336       164055.34           432.79673
  3 279.26931 189.77006 ...  12381.57       375483.72           632.82846
-----------------------------------------
104
/mnt//archive/draco2/2024/24_10_31//ad0104.fits
flat found.  dividing by flatfield
read ra/dec for target of: (358.6024, 62.14947)
pixel scale is: 0.985583436946301
x/y of var, cal1, cal2: 554.602958550729 416.8698313610013 789.9881471123923 290.2078217885545 279.27988648362657 189.8661600945316
 id  xcenter   ycenter  ...  aper_bkg aper_sum_bkgsub aper_sum_bkgsub_err
       pix       pix    ...                                              
--- --------- --------- ... --------- --------------- -------------------
  1 554.60296 416.86983 ...  11453.46       64221.173           295.55557
  2 789.98815 290.20782 ... 11478.615       165065.57           433.87533
  3 279.27989 189.86616 ... 12297.997        380879.2           636.94599
