read ra/dec for calibration star of: (329.455221, 56.2075) (329.569579, 56.130481)
automag_driver: using file automag_driver
aperture parameters; rad, r_in, r_out: 5.0, 15.0, 25.0
-----------------------------------------
142
/mnt//archive/draco2/2024/24_11_14//ad0142.fits
flat found.  dividing by flatfield
read ra/dec for target of: (329.469547, 56.1639)
pixel scale is: 0.9836576430653422
x/y of var, cal1, cal2: 554.5168135852641 417.9946749730898 497.887344523052 265.98970606497437 776.6806677193218 502.5671762643408
 id  xcenter   ycenter  ...  aper_bkg aper_sum_bkgsub aper_sum_bkgsub_err
       pix       pix    ...                                              
--- --------- --------- ... --------- --------------- -------------------
  1 554.51681 417.99467 ... 27584.886       144989.75           447.64329
  2 497.88734 265.98971 ... 27912.779       167347.77           472.65032
  3 776.68067 502.56718 ... 26823.569       36476.284           300.58014
-----------------------------------------
143
/mnt//archive/draco2/2024/24_11_14//ad0143.fits
flat found.  dividing by flatfield
read ra/dec for target of: (329.469547, 56.1639)
pixel scale is: 0.9837007620544204
x/y of var, cal1, cal2: 554.2770943104972 417.85762333026975 497.63686784102464 265.854292380831 776.4655906453836 502.44612519357446
 id  xcenter   ycenter  ...  aper_bkg aper_sum_bkgsub aper_sum_bkgsub_err
       pix       pix    ...                                              
--- --------- --------- ... --------- --------------- -------------------
  1 554.27709 417.85762 ... 27303.231       146323.55           448.50308
  2 497.63687 265.85429 ... 27621.121       169037.14           473.81894
  3 776.46559 502.44613 ... 26815.268       36858.826           301.18825
-----------------------------------------
144
/mnt//archive/draco2/2024/24_11_14//ad0144.fits
flat found.  dividing by flatfield
read ra/dec for target of: (329.469547, 56.1639)
pixel scale is: 0.983812502162948
x/y of var, cal1, cal2: 554.1905927419704 417.54354221365793 497.5511208605101 265.5587723846403 776.3664083616231 502.1173470918478
 id  xcenter   ycenter  ...  aper_bkg aper_sum_bkgsub aper_sum_bkgsub_err
       pix       pix    ...                                              
--- --------- --------- ... --------- --------------- -------------------
  1 554.19059 417.54354 ... 27575.711       140755.09           442.86737
  2 497.55112 265.55877 ... 27641.112       164394.53           468.93683
  3 776.36641 502.11735 ...  26982.66       35567.384            299.5959
-----------------------------------------
145
/mnt//archive/draco2/2024/24_11_14//ad0145.fits
flat found.  dividing by flatfield
read ra/dec for target of: (329.469547, 56.1639)
pixel scale is: 0.9836438000109371
x/y of var, cal1, cal2: 553.6870631891346 417.6547012350504 497.05408888677715 265.64354417010543 775.8656033033851 502.244275257544
 id  xcenter   ycenter  ...  aper_bkg aper_sum_bkgsub aper_sum_bkgsub_err
       pix       pix    ...                                              
--- --------- --------- ... --------- --------------- -------------------
  1 553.68706  417.6547 ... 28306.892       138486.96           441.95672
  2 497.05409 265.64354 ... 28771.197       158604.78           465.15823
  3  775.8656 502.24428 ... 27952.165       35452.599           302.62506
