read ra/dec for calibration star of: (36.752127, 59.562503) (37.02079, 59.47925)
automag_driver: using file automag_driver
aperture parameters; rad, r_in, r_out: 5.0, 15.0, 25.0
-----------------------------------------
165
/mnt//archive/draco2/2024/24_01_15//ad0165.fits
flat found.  dividing by flatfield
read ra/dec for target of: (36.807362, 59.460604)
pixel scale is: 0.9822735121524364
x/y of var, cal1, cal2: 554.7710862524202 417.9009029407389 435.38159041990286 49.47227498994175 948.3425161611166 330.8741665463227
 id  xcenter   ycenter  ...  aper_bkg aper_sum_bkgsub aper_sum_bkgsub_err
       pix       pix    ...                                              
--- --------- --------- ... --------- --------------- -------------------
  1 554.77109  417.9009 ... 7520.5212        177929.3           439.53993
  2 435.38159 49.472275 ... 7442.6259       101054.27           340.82916
  3 948.34252 330.87417 ... 7298.9908       78386.084            305.3016
-----------------------------------------
166
/mnt//archive/draco2/2024/24_01_15//ad0166.fits
flat found.  dividing by flatfield
read ra/dec for target of: (36.807362, 59.460604)
pixel scale is: 0.9822783935297551
x/y of var, cal1, cal2: 555.424946334887 417.963210038834 436.0406299723313 49.54197980248034 949.0223344309943 330.91854832432307
 id  xcenter   ycenter  ...  aper_bkg aper_sum_bkgsub aper_sum_bkgsub_err
       pix       pix    ...                                              
--- --------- --------- ... --------- --------------- -------------------
  1 555.42495 417.96321 ...  7318.648       175862.77           436.72082
  2 436.04063  49.54198 ... 7566.9906        99667.55           339.15562
  3 949.02233 330.91855 ... 7248.0008       76626.499           302.23749
-----------------------------------------
167
/mnt//archive/draco2/2024/24_01_15//ad0167.fits
flat found.  dividing by flatfield
read ra/dec for target of: (36.807362, 59.460604)
pixel scale is: 0.9824898290606562
x/y of var, cal1, cal2: 555.9327605005548 417.62229724951953 436.5452149033024 49.270573483148155 949.5172712721117 330.6286110325502
 id  xcenter   ycenter  ...  aper_bkg aper_sum_bkgsub aper_sum_bkgsub_err
       pix       pix    ...                                              
--- --------- --------- ... --------- --------------- -------------------
  1 555.93276  417.6223 ... 7498.3851       177793.11           439.33459
  2 436.54521 49.270573 ... 7540.2973       100570.16           340.40528
  3 949.51727 330.62861 ... 7501.6612       78273.311           305.78037
-----------------------------------------
168
/mnt//archive/draco2/2024/24_01_15//ad0168.fits
flat found.  dividing by flatfield
read ra/dec for target of: (36.807362, 59.460604)
pixel scale is: 0.9822901233038823
x/y of var, cal1, cal2: 555.8949096321614 417.865923761055 436.54599192470664 49.449371154885284 949.4701494300998 330.82135937926
 id  xcenter   ycenter  ...  aper_bkg aper_sum_bkgsub aper_sum_bkgsub_err
       pix       pix    ...                                              
--- --------- --------- ... --------- --------------- -------------------
  1 555.89491 417.86592 ... 7436.2098       173008.08           433.71131
  2 436.54599 49.449371 ... 7492.2795       97456.309           335.65737
  3 949.47015 330.82136 ...  7350.179       75840.024           301.27294
-----------------------------------------
169
/mnt//archive/draco2/2024/24_01_15//ad0169.fits
flat found.  dividing by flatfield
read ra/dec for target of: (36.807362, 59.460604)
pixel scale is: 0.9823048431635972
x/y of var, cal1, cal2: 556.1456132658767 417.9219762539922 436.77917482595353 49.50840549509593 949.7006606710036 330.88710996911453
 id  xcenter   ycenter  ...  aper_bkg aper_sum_bkgsub aper_sum_bkgsub_err
       pix       pix    ...                                              
--- --------- --------- ... --------- --------------- -------------------
  1 556.14561 417.92198 ... 7566.9154       177364.16           439.00226
  2 436.77917 49.508405 ... 7576.2327       99833.357            339.4272
  3 949.70066 330.88711 ... 7339.9443       78314.219           305.31804
-----------------------------------------
170
/mnt//archive/draco2/2024/24_01_15//ad0170.fits
flat found.  dividing by flatfield
read ra/dec for target of: (36.807362, 59.460604)
pixel scale is: 0.9824125407293101
x/y of var, cal1, cal2: 555.9683755076537 417.75942974984747 436.5851523690027 49.385093639371576 949.4931033287494 330.7379215652623
 id  xcenter   ycenter  ...  aper_bkg aper_sum_bkgsub aper_sum_bkgsub_err
       pix       pix    ...                                              
--- --------- --------- ... --------- --------------- -------------------
  1 555.96838 417.75943 ... 7264.1522        179705.4           440.97472
  2 436.58515 49.385094 ... 7354.7591       102183.62           342.22528
  3  949.4931 330.73792 ... 7304.4674        79247.49           306.72696
-----------------------------------------
171
/mnt//archive/draco2/2024/24_01_15//ad0171.fits
flat found.  dividing by flatfield
read ra/dec for target of: (36.807362, 59.460604)
pixel scale is: 0.9822584752053493
x/y of var, cal1, cal2: 556.038898844291 417.7149285546501 436.6768832766965 49.28243423582592 949.6476269031506 330.6809858062731
 id  xcenter   ycenter  ...  aper_bkg aper_sum_bkgsub aper_sum_bkgsub_err
       pix       pix    ...                                              
--- --------- --------- ... --------- --------------- -------------------
  1  556.0389 417.71493 ...  7424.919       181803.74           443.71002
  2 436.67688 49.282434 ... 7460.9994       103319.24           344.18925
  3 949.64763 330.68099 ... 7194.7739       79918.474           307.46223
-----------------------------------------
172
/mnt//archive/draco2/2024/24_01_15//ad0172.fits
flat found.  dividing by flatfield
read ra/dec for target of: (36.807362, 59.460604)
pixel scale is: 0.982251107314433
x/y of var, cal1, cal2: 556.2141037680552 417.6520415288304 436.8733745612648 49.21776819077593 949.8415343012191 330.6141708493661
 id  xcenter   ycenter  ...  aper_bkg aper_sum_bkgsub aper_sum_bkgsub_err
       pix       pix    ...                                              
--- --------- --------- ... --------- --------------- -------------------
  1  556.2141 417.65204 ...  7219.914       182382.68           443.90033
  2 436.87337 49.217768 ... 7479.9014       102564.75           343.14655
  3 949.84153 330.61417 ... 7138.4184        79575.43           306.72018
-----------------------------------------
173
/mnt//archive/draco2/2024/24_01_15//ad0173.fits
flat found.  dividing by flatfield
read ra/dec for target of: (36.807362, 59.460604)
pixel scale is: 0.982066742390782
x/y of var, cal1, cal2: 556.1982261425812 417.56306833094203 436.8202204983995 49.0595863839323 949.8203544756307 330.50903034580006
 id  xcenter   ycenter  ...  aper_bkg aper_sum_bkgsub aper_sum_bkgsub_err
       pix       pix    ...                                              
--- --------- --------- ... --------- --------------- -------------------
  1 556.19823 417.56307 ... 7241.8202       181243.21           442.66449
  2 436.82022 49.059586 ... 7377.4077       102004.68           342.02996
  3 949.82035 330.50903 ... 7307.0272       78903.177           306.17353
