read ra/dec for calibration star of: (346.910188, 58.621305) (346.992287, 58.573333)
automag_driver: using file automag_driver
aperture parameters; rad, r_in, r_out: 5.0, 15.0, 25.0
-----------------------------------------
63
/mnt//archive/draco2/2024/24_01_12//ad0063.fits
flat found.  dividing by flatfield
read ra/dec for target of: (346.79201, 58.554203)
pixel scale is: 0.9833690184097347
x/y of var, cal1, cal2: 554.16880484196 417.11001110081133 741.3950193878868 141.26294178831228 922.14912725049 291.95559529605913
 id  xcenter   ycenter  ...  aper_bkg aper_sum_bkgsub aper_sum_bkgsub_err
       pix       pix    ...                                              
--- --------- --------- ... --------- --------------- -------------------
  1  554.1688 417.11001 ... 7418.1928       136951.05           389.88772
  2 741.39502 141.26294 ... 7187.2716        141194.2           394.70717
  3 922.14913  291.9556 ... 7277.0197       57251.805           268.38563
-----------------------------------------
64
/mnt//archive/draco2/2024/24_01_12//ad0064.fits
flat found.  dividing by flatfield
read ra/dec for target of: (346.79201, 58.554203)
pixel scale is: 0.9831749181256335
x/y of var, cal1, cal2: 553.6168375288521 417.3602473360387 740.8387786649405 141.46988073837088 921.6606755422429 292.20309596286256
 id  xcenter   ycenter  ...  aper_bkg aper_sum_bkgsub aper_sum_bkgsub_err
       pix       pix    ...                                              
--- --------- --------- ... --------- --------------- -------------------
  1 553.61684 417.36025 ... 7199.6113       140263.81           393.55817
  2 740.83878 141.46988 ... 7202.8994       147533.65           402.69647
  3 921.66068  292.2031 ... 7134.6311       59211.315           271.48771
-----------------------------------------
65
/mnt//archive/draco2/2024/24_01_12//ad0065.fits
flat found.  dividing by flatfield
read ra/dec for target of: (346.79201, 58.554203)
pixel scale is: 0.9833022360998475
x/y of var, cal1, cal2: 553.0084568583313 417.49345503300214 740.2635811714761 141.64359238303973 921.0896395883228 292.3618911090174
 id  xcenter   ycenter  ...  aper_bkg aper_sum_bkgsub aper_sum_bkgsub_err
       pix       pix    ...                                              
--- --------- --------- ... --------- --------------- -------------------
  1 553.00846 417.49346 ... 7173.0403       141624.02           395.21526
  2 740.26358 141.64359 ... 7119.4781       149933.61            405.4597
  3 921.08964 292.36189 ... 7130.9733       59771.604           272.50422
-----------------------------------------
66
/mnt//archive/draco2/2024/24_01_12//ad0066.fits
flat found.  dividing by flatfield
read ra/dec for target of: (346.79201, 58.554203)
pixel scale is: 0.983039181956222
x/y of var, cal1, cal2: 553.2813012510765 417.3777552431308 740.5745845535747 141.45197496179765 921.4204015179046 292.2085681298045
 id  xcenter   ycenter  ...  aper_bkg aper_sum_bkgsub aper_sum_bkgsub_err
       pix       pix    ...                                              
--- --------- --------- ... --------- --------------- -------------------
  1  553.2813 417.37776 ... 7111.3184       142669.47              396.38
  2 740.57458 141.45197 ... 7204.9709       152513.91           408.83842
  3  921.4204 292.20857 ... 7146.3117       60483.382           273.86311
