read ra/dec for calibration star of: (346.910188, 58.621305) (346.992287, 58.573333)
automag_driver: using file automag_driver
aperture parameters; rad, r_in, r_out: 5.0, 15.0, 25.0
-----------------------------------------
105
/mnt//archive/draco2/2024/24_10_31//ad0105.fits
flat found.  dividing by flatfield
read ra/dec for target of: (346.79201, 58.554203)
pixel scale is: 0.9855573431245921
x/y of var, cal1, cal2: 552.2283017505064 416.8673235582677 384.10439881309014 703.9459961588034 194.21232811848876 565.937488861502
 id  xcenter   ycenter  ...  aper_bkg aper_sum_bkgsub aper_sum_bkgsub_err
       pix       pix    ...                                              
--- --------- --------- ... --------- --------------- -------------------
  1  552.2283 416.86732 ... 6091.5553       205993.87           467.33498
  2  384.1044   703.946 ... 6101.4928       194899.92           455.33274
  3 194.21233 565.93749 ... 6035.4742       75701.221           296.64317
-----------------------------------------
106
/mnt//archive/draco2/2024/24_10_31//ad0106.fits
flat found.  dividing by flatfield
read ra/dec for target of: (346.79201, 58.554203)
pixel scale is: 0.9857164688272828
x/y of var, cal1, cal2: 552.3572845825987 416.78214623172124 384.2296481814198 703.8226766073066 194.34780869566032 565.8457125257282
 id  xcenter   ycenter  ...  aper_bkg aper_sum_bkgsub aper_sum_bkgsub_err
       pix       pix    ...                                              
--- --------- --------- ... --------- --------------- -------------------
  1 552.35728 416.78215 ... 5992.0169       206467.17           467.62828
  2 384.22965 703.82268 ... 6179.1908       200105.03           461.18153
  3 194.34781 565.84571 ...  5915.731         77225.8           298.80138
-----------------------------------------
107
/mnt//archive/draco2/2024/24_10_31//ad0107.fits
flat found.  dividing by flatfield
read ra/dec for target of: (346.79201, 58.554203)
pixel scale is: 0.9856530480356462
x/y of var, cal1, cal2: 552.2543987913231 416.972817396881 384.08189807401334 704.0407732777726 194.20619522066738 566.065035751295
 id xcenter   ycenter  ...  aper_bkg aper_sum_bkgsub aper_sum_bkgsub_err
      pix       pix    ...                                              
--- -------- --------- ... --------- --------------- -------------------
  1 552.2544 416.97282 ... 5959.3732       206050.31           467.11246
  2 384.0819 704.04077 ... 6155.0204       198416.68           459.29481
  3 194.2062 566.06504 ... 6154.5753       75759.991            297.1433
-----------------------------------------
108
/mnt//archive/draco2/2024/24_10_31//ad0108.fits
flat found.  dividing by flatfield
read ra/dec for target of: (346.79201, 58.554203)
pixel scale is: 0.985673939501727
x/y of var, cal1, cal2: 552.4798627704533 416.8123512792146 384.36563913698495 703.860840101434 194.48171840374357 565.8729231033403
 id  xcenter   ycenter  ...  aper_bkg aper_sum_bkgsub aper_sum_bkgsub_err
       pix       pix    ...                                              
--- --------- --------- ... --------- --------------- -------------------
  1 552.47986 416.81235 ...  6011.318        205799.1           466.95475
  2 384.36564 703.86084 ... 6096.9939       199043.21           459.85019
  3 194.48172 565.87292 ... 5872.2021       76157.533           296.86182
