read ra/dec for calibration star of: (36.752127, 59.562503) (37.02079, 59.47925)
automag_driver: using file automag_driver
aperture parameters; rad, r_in, r_out: 5.0, 15.0, 25.0
-----------------------------------------
100
/mnt//archive/draco2/2024/24_02_27//ad0100.fits
flat found.  dividing by flatfield
read ra/dec for target of: (36.807362, 59.460604)
pixel scale is: 0.9835106157780803
x/y of var, cal1, cal2: 555.2710020955841 418.1808279950504 672.3675718280158 786.8437285728006 161.8431401985145 502.7767407353653
 id  xcenter   ycenter  ...  aper_bkg aper_sum_bkgsub aper_sum_bkgsub_err
       pix       pix    ...                                              
--- --------- --------- ... --------- --------------- -------------------
  1   555.271 418.18083 ... 15608.037       244063.96           524.88573
  2 672.36757 786.84373 ... 15603.971       152577.86           428.96481
  3 161.84314 502.77674 ... 15512.083       115115.74           382.57667
-----------------------------------------
101
/mnt//archive/draco2/2024/24_02_27//ad0101.fits
flat found.  dividing by flatfield
read ra/dec for target of: (36.807362, 59.460604)
pixel scale is: 0.9834822203771537
x/y of var, cal1, cal2: 555.903401795637 418.24599271681313 673.0468316679314 786.9224625705219 162.4580359481276 502.8345410352788
 id  xcenter   ycenter  ...  aper_bkg aper_sum_bkgsub aper_sum_bkgsub_err
       pix       pix    ...                                              
--- --------- --------- ... --------- --------------- -------------------
  1  555.9034 418.24599 ...  15564.18       249382.89           529.84549
  2 673.04683 786.92246 ...  15737.03       156209.95           433.48473
  3 162.45804 502.83454 ... 15649.341       118767.09           387.67354
-----------------------------------------
102
/mnt//archive/draco2/2024/24_02_27//ad0102.fits
flat found.  dividing by flatfield
read ra/dec for target of: (36.807362, 59.460604)
pixel scale is: 0.9835415360606377
x/y of var, cal1, cal2: 556.1455840990593 418.43505626459137 673.2652900848436 787.0947081473523 162.6200470316703 503.0002898333137
 id  xcenter   ycenter  ...  aper_bkg aper_sum_bkgsub aper_sum_bkgsub_err
       pix       pix    ...                                              
--- --------- --------- ... --------- --------------- -------------------
  1 556.14558 418.43506 ... 15581.492       247514.67           528.11235
  2 673.26529 787.09471 ...  15522.75       154202.01           430.66519
  3 162.62005 503.00029 ...  15569.41       117713.49           386.10531
-----------------------------------------
103
/mnt//archive/draco2/2024/24_02_27//ad0103.fits
flat found.  dividing by flatfield
read ra/dec for target of: (36.807362, 59.460604)
pixel scale is: 0.9834716282586674
x/y of var, cal1, cal2: 556.0784929167576 418.4255597198625 673.2084316112125 787.1176162093057 162.60861945364024 502.9759911374084
 id  xcenter   ycenter  ...  aper_bkg aper_sum_bkgsub aper_sum_bkgsub_err
       pix       pix    ...                                              
--- --------- --------- ... --------- --------------- -------------------
  1 556.07849 418.42556 ... 15517.973        244374.3           525.00976
  2 673.20843 787.11762 ... 15726.137       151634.59           428.14935
  3 162.60862 502.97599 ... 15584.728       115335.37           383.05329
