read ra/dec for calibration star of: (359.756688, 61.132989) (359.386175, 61.184511)
automag_driver: using file automag_driver
aperture parameters; rad, r_in, r_out: 5.0, 15.0, 25.0
-----------------------------------------
99
/mnt//archive/draco2/2024/24_10_14//ad0099.fits
flat found.  dividing by flatfield
read ra/dec for target of: (359.5749, 61.221062)
pixel scale is: 0.9854679159112437
x/y of var, cal1, cal2: 554.1703635686478 416.7861822984563 182.40841019790741 156.73458445927594 857.8537849352192 227.50074381156116
 id  xcenter   ycenter  ...  aper_bkg aper_sum_bkgsub aper_sum_bkgsub_err
       pix       pix    ...                                              
--- --------- --------- ... --------- --------------- -------------------
  1 554.17036 416.78618 ... 105137.72       15426.159           475.31736
  2 182.40841 156.73458 ... 107061.58       6911.7318            470.3827
  3 857.85378 227.50074 ... 105176.26       14182.526           474.08865
-----------------------------------------
100
/mnt//archive/draco2/2024/24_10_14//ad0100.fits
flat found.  dividing by flatfield
read ra/dec for target of: (359.5749, 61.221062)
pixel scale is: 0.9853943486332534
x/y of var, cal1, cal2: 553.9415946136007 416.55595231802937 182.04805044581917 156.4197166851605 857.7093552182625 227.30965885036568
 id  xcenter   ycenter  ...  aper_bkg aper_sum_bkgsub aper_sum_bkgsub_err
       pix       pix    ...                                              
--- --------- --------- ... --------- --------------- -------------------
  1 553.94159 416.55595 ... 109298.51       13116.575           481.60003
  2 182.04805 156.41972 ... 111728.03       6801.0107           480.08549
  3 857.70936 227.30966 ... 108563.71       11935.711            478.8404
