read ra/dec for calibration star of: (350.640742, 62.791417) (350.801063, 62.783467)
automag_driver: using file automag_driver
aperture parameters; rad, r_in, r_out: 5.0, 15.0, 25.0
-----------------------------------------
145
/mnt//archive/draco2/2024/24_10_21//ad0145.fits
flat found.  dividing by flatfield
read ra/dec for target of: (350.618496, 62.757151)
pixel scale is: 0.9856711447082518
x/y of var, cal1, cal2: 553.8483310542022 417.0732460332145 543.0043078789691 547.1691934541564 275.0680342707451 573.6197043705586
 id  xcenter   ycenter  ...  aper_bkg aper_sum_bkgsub aper_sum_bkgsub_err
       pix       pix    ...                                              
--- --------- --------- ... --------- --------------- -------------------
  1 553.84833 417.07325 ... 21457.279       58719.938           319.15434
  2 543.00431 547.16919 ... 21345.388       38406.486           285.17058
  3 275.06803  573.6197 ... 21443.692       18090.397           247.39196
-----------------------------------------
146
/mnt//archive/draco2/2024/24_10_21//ad0146.fits
flat found.  dividing by flatfield
read ra/dec for target of: (350.618496, 62.757151)
pixel scale is: 0.9858895350717105
x/y of var, cal1, cal2: 553.7662313013309 416.95529714362783 542.9450166337638 547.0225200961019 275.0307273241049 573.4691443424977
 id  xcenter   ycenter  ...  aper_bkg aper_sum_bkgsub aper_sum_bkgsub_err
       pix       pix    ...                                              
--- --------- --------- ... --------- --------------- -------------------
  1 553.76623  416.9553 ... 22412.601       54978.815           316.27364
  2 542.94502 547.02252 ... 22361.074       35654.138           283.90365
  3 275.03073 573.46914 ... 22524.105       16096.479           247.72906
-----------------------------------------
147
/mnt//archive/draco2/2024/24_10_21//ad0147.fits
flat found.  dividing by flatfield
read ra/dec for target of: (350.618496, 62.757151)
pixel scale is: 0.9856800896227627
x/y of var, cal1, cal2: 553.5780330956454 417.1207776420546 542.747295483337 547.2166909107808 274.8292128827706 573.6951336725019
 id  xcenter   ycenter  ...  aper_bkg aper_sum_bkgsub aper_sum_bkgsub_err
       pix       pix    ...                                              
--- --------- --------- ... --------- --------------- -------------------
  1 553.57803 417.12078 ... 22354.688       57024.093           319.30936
  2  542.7473 547.21669 ... 22351.876       36827.742           285.93093
  3 274.82921 573.69513 ... 22509.671        17006.44           249.50107
-----------------------------------------
148
/mnt//archive/draco2/2024/24_10_21//ad0148.fits
flat found.  dividing by flatfield
read ra/dec for target of: (350.618496, 62.757151)
pixel scale is: 0.9855793459249222
x/y of var, cal1, cal2: 553.6762289900945 417.4418012982445 542.8479649035697 547.5493788828885 274.94149161036756 573.9900660353974
 id  xcenter   ycenter  ...  aper_bkg aper_sum_bkgsub aper_sum_bkgsub_err
       pix       pix    ...                                              
--- --------- --------- ... --------- --------------- -------------------
  1 553.67623  417.4418 ... 23811.366       50895.355           314.23413
  2 542.84796 547.54938 ... 23731.651       33634.488           285.17151
  3 274.94149 573.99007 ... 23823.461       15299.036           251.33833
