read ra/dec for calibration star of: (314.211675, 40.186014) (314.165463, 40.233653)
automag_driver: using file automag_driver
aperture parameters; rad, r_in, r_out: 5.0, 15.0, 25.0
-----------------------------------------
98
/mnt//archive/west-14/2024/24_10_19//ad0098.fits
flat found.  dividing by flatfield
read ra/dec for target of: (314.336791, 40.177503)
pixel scale is: 0.911606796837165
x/y of var, cal1, cal2: 561.567568926788 416.75224733814395 937.8783910992563 457.8626153908075 1073.1263959017754 648.8567912073772
 id  xcenter   ycenter  ...  aper_bkg aper_sum_bkgsub aper_sum_bkgsub_err
       pix       pix    ...                                              
--- --------- --------- ... --------- --------------- -------------------
  1 561.56757 416.75225 ...  85950.47        172391.3           586.95591
  2 937.87839 457.86262 ... 85455.177       58770.242           479.48472
  3 1073.1264 648.85679 ...  85257.95       98175.323           518.57133
-----------------------------------------
99
/mnt//archive/west-14/2024/24_10_19//ad0099.fits
flat found.  dividing by flatfield
read ra/dec for target of: (314.336791, 40.177503)
pixel scale is: 0.9118119560686201
x/y of var, cal1, cal2: 562.3530574604265 417.0432077712217 938.6959593753522 458.1449818152797 1073.9272889301137 649.096424920508
 id  xcenter   ycenter  ...  aper_bkg aper_sum_bkgsub aper_sum_bkgsub_err
       pix       pix    ...                                              
--- --------- --------- ... --------- --------------- -------------------
  1 562.35306 417.04321 ... 84114.778       166977.16           579.16467
  2 938.69596 458.14498 ... 83781.179       56234.536           473.30951
  3 1073.9273 649.09642 ... 83042.347       97327.872           513.45649
-----------------------------------------
100
/mnt//archive/west-14/2024/24_10_19//ad0100.fits
flat found.  dividing by flatfield
read ra/dec for target of: (314.336791, 40.177503)
pixel scale is: 0.9119327696337721
x/y of var, cal1, cal2: 562.480592915293 416.8387611687847 938.7589863624657 457.96489461057615 1073.9838429164074 648.9017480485677
 id  xcenter   ycenter  ...  aper_bkg aper_sum_bkgsub aper_sum_bkgsub_err
       pix       pix    ...                                              
--- --------- --------- ... --------- --------------- -------------------
  1 562.48059 416.83876 ... 81573.846       170594.62           577.89905
  2 938.75899 457.96489 ... 81118.738       57563.741           469.06952
  3 1073.9838 648.90175 ... 80554.882       95318.578           506.60965
-----------------------------------------
101
/mnt//archive/west-14/2024/24_10_19//ad0101.fits
flat found.  dividing by flatfield
read ra/dec for target of: (314.336791, 40.177503)
pixel scale is: 0.912325103386465
x/y of var, cal1, cal2: 561.5286053542601 416.4470531616474 937.7995676294528 457.49887004343185 1072.9942968715866 648.3332663661135
 id  xcenter   ycenter  ...  aper_bkg aper_sum_bkgsub aper_sum_bkgsub_err
       pix       pix    ...                                              
--- --------- --------- ... --------- --------------- -------------------
  1 561.52861 416.44705 ... 79277.524       168823.27           572.36642
  2 937.79957 457.49887 ... 78949.649       57715.488           464.58561
  3 1072.9943 648.33327 ... 78765.448       96857.513           504.59232
