read ra/dec for calibration star of: (36.752127, 59.562503) (37.02079, 59.47925)
automag_driver: using file automag_driver
aperture parameters; rad, r_in, r_out: 5.0, 15.0, 25.0
-----------------------------------------
141
/mnt//archive/draco2/2024/24_11_22//ad0141.fits
flat found.  dividing by flatfield
read ra/dec for target of: (36.807362, 59.460604)
pixel scale is: 0.9827140269529308
x/y of var, cal1, cal2: 606.1884524229621 467.91973606269994 768.7619507265889 819.2617731807653 226.00473786478062 601.3324221602513
 id  xcenter   ycenter  ...  aper_bkg aper_sum_bkgsub aper_sum_bkgsub_err
       pix       pix    ...                                              
--- --------- --------- ... --------- --------------- -------------------
  1 606.18845 467.91974 ... 7185.5482       193126.47           455.76591
  2 768.76195 819.26177 ... 6310.4137       102938.01           340.27025
  3 226.00474 601.33242 ... 7226.1302       76080.583           301.26042
-----------------------------------------
142
/mnt//archive/draco2/2024/24_11_22//ad0142.fits
flat found.  dividing by flatfield
read ra/dec for target of: (36.807362, 59.460604)
pixel scale is: 0.9827755958978522
x/y of var, cal1, cal2: 606.2912441959742 468.0920486676941 768.8944050456471 819.4140978892713 226.13263688519214 601.4916559921363
 id  xcenter   ycenter  ...  aper_bkg aper_sum_bkgsub aper_sum_bkgsub_err
       pix       pix    ...                                              
--- --------- --------- ... --------- --------------- -------------------
  1 606.29124 468.09205 ... 7028.5095        193819.5           456.18146
  2 768.89441  819.4141 ...  6043.911       103502.65           340.31673
  3 226.13264 601.49166 ...  7074.476       76116.225           300.81585
-----------------------------------------
143
/mnt//archive/draco2/2024/24_11_22//ad0143.fits
flat found.  dividing by flatfield
read ra/dec for target of: (36.807362, 59.460604)
pixel scale is: 0.9827315853234607
x/y of var, cal1, cal2: 606.4285429639334 467.89297213729276 768.9867575525338 819.2176798262933 226.2718379512255 601.3291192354365
 id  xcenter   ycenter  ...  aper_bkg aper_sum_bkgsub aper_sum_bkgsub_err
       pix       pix    ...                                              
--- --------- --------- ... --------- --------------- -------------------
  1 606.42854 467.89297 ... 6987.1823       195422.04            457.8443
  2 768.98676 819.21768 ... 6089.3011       104267.03           341.57084
  3 226.27184 601.32912 ... 7070.1923       77128.999           302.48039
-----------------------------------------
144
/mnt//archive/draco2/2024/24_11_22//ad0144.fits
flat found.  dividing by flatfield
read ra/dec for target of: (36.807362, 59.460604)
pixel scale is: 0.9825731170826144
x/y of var, cal1, cal2: 606.2288592156956 467.40772571584677 768.7958299108493 818.7846105162224 226.0733686452441 600.8758744713232
 id  xcenter   ycenter  ...  aper_bkg aper_sum_bkgsub aper_sum_bkgsub_err
       pix       pix    ...                                              
--- --------- --------- ... --------- --------------- -------------------
  1 606.22886 467.40773 ... 6911.0719       196705.74            459.0783
  2 768.79583 818.78461 ... 6070.5979       103752.49           340.76192
  3 226.07337 600.87587 ... 7002.3317       76969.838           301.99255
