read ra/dec for calibration star of: (350.640742, 62.791417) (350.801063, 62.783467)
automag_driver: using file automag_driver
aperture parameters; rad, r_in, r_out: 5.0, 15.0, 25.0
-----------------------------------------
16
/mnt//archive/draco2/2018/18_12_03//ad0016.fits
flat found.  dividing by flatfield
read ra/dec for target of: (350.618496, 62.757151)
pixel scale is: 0.9874530397820768
x/y of var, cal1, cal2: 566.3226850938099 415.5815891452699 530.760854207207 540.9534572741837 263.10701908013436 515.6453568839628
 id  xcenter   ycenter  ...  aper_bkg aper_sum_bkgsub aper_sum_bkgsub_err
       pix       pix    ...                                              
--- --------- --------- ... --------- --------------- -------------------
  1 566.32269 415.58159 ... 21167.688       98553.698           375.65153
  2 530.76085 540.95346 ... 21337.915       115401.87           397.87272
  3 263.10702 515.64536 ... 21500.341        51012.23           306.98194
-----------------------------------------
17
/mnt//archive/draco2/2018/18_12_03//ad0017.fits
flat found.  dividing by flatfield
read ra/dec for target of: (350.618496, 62.757151)
pixel scale is: 0.9873461951944782
x/y of var, cal1, cal2: 566.0972984997727 415.9834689940052 530.487447050042 541.3563359523564 262.8136303200041 515.9511841631615
 id  xcenter   ycenter  ...  aper_bkg aper_sum_bkgsub aper_sum_bkgsub_err
       pix       pix    ...                                              
--- --------- --------- ... --------- --------------- -------------------
  1  566.0973 415.98347 ... 20900.997       98914.961           375.42237
  2 530.48745 541.35634 ... 20943.046       115185.92           396.60687
  3 262.81363 515.95118 ... 21280.313       50663.798           305.69499
-----------------------------------------
18
/mnt//archive/draco2/2018/18_12_03//ad0018.fits
flat found.  dividing by flatfield
read ra/dec for target of: (350.618496, 62.757151)
pixel scale is: 0.9874299418587628
x/y of var, cal1, cal2: 565.4201449358071 416.18124222935467 529.8074135426294 541.5418356761402 262.1574356361951 516.1262504902555
 id  xcenter   ycenter  ...  aper_bkg aper_sum_bkgsub aper_sum_bkgsub_err
       pix       pix    ...                                              
--- --------- --------- ... --------- --------------- -------------------
  1 565.42014 416.18124 ... 20577.774       97338.408           372.44994
  2 529.80741 541.54184 ...  20556.47       113637.19           393.66881
  3 262.15744 516.12625 ... 21046.639       50360.225           304.43144
-----------------------------------------
19
/mnt//archive/draco2/2018/18_12_03//ad0019.fits
flat found.  dividing by flatfield
read ra/dec for target of: (350.618496, 62.757151)
pixel scale is: 0.9872631668148203
x/y of var, cal1, cal2: 565.8706156924483 416.2422328286353 530.2811972087119 541.6323705662389 262.57997834751296 516.2751253078217
 id  xcenter   ycenter  ...  aper_bkg aper_sum_bkgsub aper_sum_bkgsub_err
       pix       pix    ...                                              
--- --------- --------- ... --------- --------------- -------------------
  1 565.87062 416.24223 ... 20305.805       99146.476           374.14313
  2  530.2812 541.63237 ...  20387.68       116100.08           396.35898
  3 262.57998 516.27513 ... 20523.042       51532.538           304.63687
