read ra/dec for calibration star of: (304.067125, 42.123947) (303.970146, 42.191825)
automag_driver: using file automag_driver
aperture parameters; rad, r_in, r_out: 5.0, 15.0, 25.0
-----------------------------------------
198
/mnt//archive/draco2/2024/24_11_10//ad0198.fits
flat found.  dividing by flatfield
read ra/dec for target of: (304.052831, 42.108719)
pixel scale is: 0.985214561361409
x/y of var, cal1, cal2: 555.6840352936342 416.7920146058153 581.4196593239553 354.08313753909624 271.30553527414804 168.63068453340537
 id  xcenter   ycenter  ...  aper_bkg aper_sum_bkgsub aper_sum_bkgsub_err
       pix       pix    ...                                              
--- --------- --------- ... --------- --------------- -------------------
  1 555.68404 416.79201 ... 34585.372       13188.807           287.37528
  2 581.41966 354.08314 ... 34798.952        21680.44            302.4952
  3 271.30554 168.63068 ... 35368.631       10622.929           285.63122
-----------------------------------------
199
/mnt//archive/draco2/2024/24_11_10//ad0199.fits
flat found.  dividing by flatfield
read ra/dec for target of: (304.052831, 42.108719)
pixel scale is: 0.9850887672038865
x/y of var, cal1, cal2: 555.694440470603 417.04603944971666 581.4280999092576 354.3293430876472 271.33356549338896 168.85093348192757
 id  xcenter   ycenter  ...  aper_bkg aper_sum_bkgsub aper_sum_bkgsub_err
       pix       pix    ...                                              
--- --------- --------- ... --------- --------------- -------------------
  1 555.69444 417.04604 ... 36398.049       9832.0321            287.8422
  2  581.4281 354.32934 ...  36542.67       15495.652           298.00334
  3 271.33357 168.85093 ... 36967.495       7923.0893           286.50145
-----------------------------------------
200
/mnt//archive/draco2/2024/24_11_10//ad0200.fits
flat found.  dividing by flatfield
read ra/dec for target of: (304.052831, 42.108719)
pixel scale is: 0.9854110205466129
x/y of var, cal1, cal2: 555.6707141438083 416.7405494222841 581.4077620936642 354.0461938370907 271.28812017082055 168.6063902035559
 id  xcenter   ycenter  ...  aper_bkg aper_sum_bkgsub aper_sum_bkgsub_err
       pix       pix    ...                                              
--- --------- --------- ... --------- --------------- -------------------
  1 555.67071 416.74055 ... 37975.089       8322.5413           290.68491
  2 581.40776 354.04619 ... 38240.756       13572.327           300.46437
  3 271.28812 168.60639 ... 38980.627       7389.7883           292.53383
-----------------------------------------
201
/mnt//archive/draco2/2024/24_11_10//ad0201.fits
flat found.  dividing by flatfield
read ra/dec for target of: (304.052831, 42.108719)
pixel scale is: 0.9850009853270036
x/y of var, cal1, cal2: 555.6846083482352 417.08575133978775 581.4505301095103 354.36551515405915 271.29578638108813 168.84607967922744
 id  xcenter   ycenter  ...  aper_bkg aper_sum_bkgsub aper_sum_bkgsub_err
       pix       pix    ...                                              
--- --------- --------- ... --------- --------------- -------------------
  1 555.68461 417.08575 ...  38938.16       7582.0455           292.71721
  2 581.45053 354.36552 ... 39231.538       11871.983           300.93198
  3 271.29579 168.84608 ... 40136.897       5673.5152            293.5512
