read ra/dec for calibration star of: (346.910188, 58.621305) (346.992287, 58.573333)
automag_driver: using file automag_driver
aperture parameters; rad, r_in, r_out: 5.0, 15.0, 25.0
-----------------------------------------
101
/mnt//archive/draco2/2024/24_10_21//ad0101.fits
flat found.  dividing by flatfield
read ra/dec for target of: (346.79201, 58.554203)
pixel scale is: 0.985705646942657
x/y of var, cal1, cal2: 554.141926604159 418.28534135056987 384.4644089234499 704.2192976946288 195.51676692009187 564.9971662301036
 id  xcenter   ycenter  ...  aper_bkg aper_sum_bkgsub aper_sum_bkgsub_err
       pix       pix    ...                                              
--- --------- --------- ... --------- --------------- -------------------
  1 554.14193 418.28534 ... 8037.8063       98766.889           339.21601
  2 384.46441  704.2193 ... 7981.4789       100542.85           341.65891
  3 195.51677 564.99717 ... 7955.2681       39581.686           236.04496
-----------------------------------------
102
/mnt//archive/draco2/2024/24_10_21//ad0102.fits
flat found.  dividing by flatfield
read ra/dec for target of: (346.79201, 58.554203)
pixel scale is: 0.985666783037667
x/y of var, cal1, cal2: 553.8508688369467 418.08760312537464 384.11862292692524 704.0507472161089 195.13941195913725 564.8430911089226
 id  xcenter   ycenter  ...  aper_bkg aper_sum_bkgsub aper_sum_bkgsub_err
       pix       pix    ...                                              
--- --------- --------- ... --------- --------------- -------------------
  1 553.85087  418.0876 ... 7845.3559       99161.883           339.23089
  2 384.11862 704.05075 ... 7797.3376       103120.85           344.87754
  3 195.13941 564.84309 ... 7969.5324         40318.2           237.65998
-----------------------------------------
103
/mnt//archive/draco2/2024/24_10_21//ad0103.fits
flat found.  dividing by flatfield
read ra/dec for target of: (346.79201, 58.554203)
pixel scale is: 0.98563533527885
x/y of var, cal1, cal2: 554.0025952821343 417.81951697520225 384.32748239860655 703.7573849376823 195.33882937748524 564.5069270422281
 id  xcenter   ycenter  ...  aper_bkg aper_sum_bkgsub aper_sum_bkgsub_err
       pix       pix    ...                                              
--- --------- --------- ... --------- --------------- -------------------
  1  554.0026 417.81952 ... 7875.6516       99761.239           340.20221
  2 384.32748 703.75738 ... 8228.5607       102417.42           345.10801
  3 195.33883 564.50693 ... 7953.4887       40199.816            237.3432
-----------------------------------------
104
/mnt//archive/draco2/2024/24_10_21//ad0104.fits
flat found.  dividing by flatfield
read ra/dec for target of: (346.79201, 58.554203)
pixel scale is: 0.985755041435879
x/y of var, cal1, cal2: 553.7737058870367 417.67031409939625 384.04038442841556 703.5926352883998 195.049808980259 564.3804924585318
 id  xcenter   ycenter  ...  aper_bkg aper_sum_bkgsub aper_sum_bkgsub_err
       pix       pix    ...                                              
--- --------- --------- ... --------- --------------- -------------------
  1 553.77371 417.67031 ... 7861.0193        98116.92           337.73356
  2 384.04038 703.59264 ... 7959.8948       101549.11           343.06544
  3 195.04981 564.38049 ... 7870.3138       40075.182            236.7294
