1* * * * * * * * * * * * *
 *  A S T R O M E T R Y  *
 * * * * * * * * * * * * *



 Equinox for mean coordinates of results:  J2000.0

 Projection geometry:  Astrograph                              

 Plate centre:  23 07 07.7   +58 33 21     Equinox J2000.0     Epoch J2000.000


 Reference stars:

                n              RA            Dec         pmR    pmD   Equinox   Epoch      px         Xmeas        Ymeas

                1         23 06 11.439  +58 34 20.38  +0.0000 +0.000  J2000.0  J2000.000  0.000      +25.351     +360.584
                2         23 06 15.358  +58 34 26.98  +0.0000 +0.000  J2000.0  J2000.000  0.000      +54.322     +355.780
                3         23 06 16.147  +58 30 18.86  +0.0000 +0.000  J2000.0  J2000.000  0.000      +49.562     +587.787
                4         23 06 23.262  +58 33 43.88  +0.0000 +0.000  J2000.0  J2000.000  0.000     +110.589     +398.503
                5         23 06 24.343  +58 30 01.66  +0.0000 +0.000  J2000.0  J2000.000  0.000     +108.879     +606.306
                6         23 06 26.520  +58 28 37.29  +0.0000 +0.000  J2000.0  J2000.000  0.000     +121.187     +685.971
                7         23 06 27.948  +58 27 27.09  +0.0000 +0.000  J2000.0  J2000.000  0.000     +128.166     +752.255
                8         23 06 30.624  +58 35 50.73  +0.0000 +0.000  J2000.0  J2000.000  0.000     +169.579     +282.597
                9         23 06 32.174  +58 38 54.45  +0.0000 +0.000  J2000.0  J2000.000  0.000     +188.168     +111.367
               10         23 06 32.855  +58 38 09.70  +0.0000 +0.000  J2000.0  J2000.000  0.000     +191.345     +153.491
               11         23 06 36.494  +58 27 04.50  +0.0000 +0.000  J2000.0  J2000.000  0.000     +190.427     +775.987
               12         23 06 37.191  +58 29 30.49  +0.0000 +0.000  J2000.0  J2000.000  0.000     +201.792     +639.476
               13         23 06 42.404  +58 39 09.33  +0.0000 +0.000  J2000.0  J2000.000  0.000     +263.375     +100.873
               14         23 06 43.437  +58 34 34.11  +0.0000 +0.000  J2000.0  J2000.000  0.000     +260.095     +358.300
               15         23 06 44.792  +58 37 39.15  +0.0000 +0.000  J2000.0  J2000.000  0.000     +277.294     +186.129
               16         23 06 44.958  +58 37 26.63  +0.0000 +0.000  J2000.0  J2000.000  0.000     +277.928     +197.883
               17         23 06 45.349  +58 36 25.47  +0.0000 +0.000  J2000.0  J2000.000  0.000     +278.437     +255.057
               18         23 06 51.020  +58 26 57.18  +0.0000 +0.000  J2000.0  J2000.000  0.000     +296.441     +787.133
               19         23 06 52.601  +58 40 17.95  +0.0000 +0.000  J2000.0  J2000.000  0.000     +340.261      +39.914
               20         23 06 52.622  +58 30 00.81  +0.0000 +0.000  J2000.0  J2000.000  0.000     +315.990     +615.838
               21         23 06 53.417  +58 32 13.48  +0.0000 +0.000  J2000.0  J2000.000  0.000     +327.076     +492.177
               22         23 06 56.646  +58 36 26.51  +0.0000 +0.000  J2000.0  J2000.000  0.000     +360.789     +257.673
               23         23 06 57.667  +58 31 36.69  +0.0000 +0.000  J2000.0  J2000.000  0.000     +356.725     +527.955
               24         23 06 57.873  +58 28 07.13  +0.0000 +0.000  J2000.0  J2000.000  0.000     +349.740     +723.760
               25         23 06 59.020  +58 27 01.63  +0.0000 +0.000  J2000.0  J2000.000  0.000     +355.561     +785.462
               26         23 06 59.633  +58 40 27.20  +0.0000 +0.000  J2000.0  J2000.000  0.000     +392.046      +33.439
               27         23 06 59.914  +58 26 53.41  +0.0000 +0.000  J2000.0  J2000.000  0.000     +361.701     +793.376
               28         23 07 01.358  +58 39 10.69  +0.0000 +0.000  J2000.0  J2000.000  0.000     +401.888     +105.827
               29         23 07 02.461  +58 27 34.75  +0.0000 +0.000  J2000.0  J2000.000  0.000     +381.976     +755.408
               30         23 07 05.063  +58 35 12.48  +0.0000 +0.000  J2000.0  J2000.000  0.000     +419.091     +329.296
               31         23 07 05.189  +58 40 00.08  +0.0000 +0.000  J2000.0  J2000.000  0.000     +431.407      +60.514
               32         23 07 06.078  +58 36 30.91  +0.0000 +0.000  J2000.0  J2000.000  0.000     +429.489     +256.498
               33         23 07 06.894  +58 34 08.03  +0.0000 +0.000  J2000.0  J2000.000  0.000     +429.365     +389.857
               34         23 07 07.262  +58 32 57.08  +0.0000 +0.000  J2000.0  J2000.000  0.000     +429.860     +456.031
               35         23 07 08.759  +58 38 41.80  +0.0000 +0.000  J2000.0  J2000.000  0.000     +454.285     +135.187
               36         23 07 09.073  +58 37 39.15  +0.0000 +0.000  J2000.0  J2000.000  0.000     +453.995     +193.754
               37         23 07 10.076  +58 33 15.07  +0.0000 +0.000  J2000.0  J2000.000  0.000     +451.083     +440.177
               38         23 07 11.078  +58 36 21.67  +0.0000 +0.000  J2000.0  J2000.000  0.000     +465.725     +266.607
               39         23 07 11.663  +58 33 01.54  +0.0000 +0.000  J2000.0  J2000.000  0.000     +462.120     +453.212
               40         23 07 13.922  +58 26 43.78  +0.0000 +0.000  J2000.0  J2000.000  0.000     +463.602     +806.719
               41         23 07 14.079  +58 41 00.40  +0.0000 +0.000  J2000.0  J2000.000  0.000     +498.579       +6.741
               42         23 07 16.074  +58 39 37.99  +0.0000 +0.000  J2000.0  J2000.000  0.000     +509.815      +84.609
               43         23 07 20.642  +58 27 06.63  +0.0000 +0.000  J2000.0  J2000.000  0.000     +514.163     +787.308
               44         23 07 22.318  +58 36 10.41  +0.0000 +0.000  J2000.0  J2000.000  0.000     +547.071     +280.516
               45         23 07 23.611  +58 37 15.18  +0.0000 +0.000  J2000.0  J2000.000  0.000     +559.105     +220.578
               46         23 07 24.697  +58 32 14.32  +0.0000 +0.000  J2000.0  J2000.000  0.000     +555.282     +501.111
               47         23 07 29.938  +58 37 07.58  +0.0000 +0.000  J2000.0  J2000.000  0.000     +604.869     +229.355
               48         23 07 32.050  +58 29 04.32  +0.0000 +0.000  J2000.0  J2000.000  0.000     +601.998     +680.675
               49         23 07 33.459  +58 36 23.61  +0.0000 +0.000  J2000.0  J2000.000  0.000     +628.877     +271.305
               50         23 07 33.622  +58 38 01.47  +0.0000 +0.000  J2000.0  J2000.000  0.000     +633.942     +180.013
               51         23 07 35.001  +58 27 25.36  +0.0000 +0.000  J2000.0  J2000.000  0.000     +620.120     +774.413
               52         23 07 35.283  +58 34 07.35  +0.0000 +0.000  J2000.0  J2000.000  0.000     +636.801     +398.884
               53         23 07 38.681  +58 37 18.43  +0.0000 +0.000  J2000.0  J2000.000  0.000     +670.080     +221.701
               54         23 07 38.845  +58 30 31.17  +0.0000 +0.000  J2000.0  J2000.000  0.000     +654.920     +601.688
               55         23 07 40.478  +58 38 37.67  +0.0000 +0.000  J2000.0  J2000.000  0.000     +685.416     +148.103
               56         23 07 43.928  +58 32 00.72  +0.0000 +0.000  J2000.0  J2000.000  0.000     +695.267     +519.510
               57         23 07 45.171  +58 32 51.74  +0.0000 +0.000  J2000.0  J2000.000  0.000     +706.315     +472.407
               58         23 07 46.264  +58 37 16.63  +0.0000 +0.000  J2000.0  J2000.000  0.000     +724.445     +225.340
               59         23 07 48.613  +58 34 18.57  +0.0000 +0.000  J2000.0  J2000.000  0.000     +734.842     +392.333
               60         23 07 51.219  +58 32 35.72  +0.0000 +0.000  J2000.0  J2000.000  0.000     +750.163     +488.975
               61         23 07 52.018  +58 38 34.03  +0.0000 +0.000  J2000.0  J2000.000  0.000     +769.730     +154.495
               62         23 07 52.353  +58 31 44.63  +0.0000 +0.000  J2000.0  J2000.000  0.000     +756.632     +536.909
               63         23 07 56.033  +58 32 20.08  +0.0000 +0.000  J2000.0  J2000.000  0.000     +784.802     +504.975
               64         23 07 56.807  +58 34 08.04  +0.0000 +0.000  J2000.0  J2000.000  0.000     +794.563     +404.376
               65         23 07 58.176  +58 34 24.07  +0.0000 +0.000  J2000.0  J2000.000  0.000     +805.322     +389.868
               66         23 07 58.705  +58 35 55.08  +0.0000 +0.000  J2000.0  J2000.000  0.000     +812.458     +305.088
               67         23 08 03.896  +58 33 11.72  +0.0000 +0.000  J2000.0  J2000.000  0.000     +844.571     +459.006
1Plate solution: 4-coefficient
 -----------------------------

     X,Y = expected plate coordinates (radians)

     X =  -0.2346056E-02                            Y =  +0.2154895E-02
          +0.5184014E-05 * Xmeas                         +0.2179463E-06 * Xmeas
          +0.2179463E-06 * Ymeas                         -0.5184014E-05 * Ymeas


 Xmeas =   +434.3121                            Ymeas =   +433.9401    
           +192560.3     * X                              +8095.620     * X
           +8095.620     * Y                              -192560.3     * Y


      Plate scale (in measuring units):            1.0702 arcsec
                           Orientation:         +177.593  deg and laterally inverted


 Reference stars:
                             Mean RA,Dec         Equinox J2000.0      Epoch J2000.000           Residuals (arcsec)
                n                    catalogue                     calculated                 dX        dY        dR

                1            23 06 11.439  +58 34 20.38    23 06 11.414  +58 34 20.33      -0.196    -0.046     0.201
                2            23 06 15.358  +58 34 26.98    23 06 15.344  +58 34 26.88      -0.105    -0.098     0.144
                3            23 06 16.147  +58 30 18.86    23 06 16.129  +58 30 18.60      -0.139    -0.253     0.289
                4            23 06 23.262  +58 33 43.88    23 06 23.298  +58 33 43.91      +0.280    +0.027     0.281
                5            23 06 24.343  +58 30 01.66    23 06 24.335  +58 30 01.66      -0.065    -0.002     0.065
                6            23 06 26.520  +58 28 37.29    23 06 26.499  +58 28 37.07      -0.171    -0.216     0.276
                7            23 06 27.948  +58 27 27.09    23 06 27.852  +58 27 26.53      -0.756    -0.554     0.937
                8            23 06 30.624  +58 35 50.73    23 06 30.657  +58 35 50.64      +0.261    -0.086     0.274
                9            23 06 32.174  +58 38 54.45    23 06 32.163  +58 38 54.60      -0.085    +0.151     0.174
               10            23 06 32.855  +58 38 09.70    23 06 32.854  +58 38 09.71      -0.009    +0.009     0.013
               11            23 06 36.494  +58 27 04.50    23 06 36.478  +58 27 04.10      -0.130    -0.396     0.417
               12            23 06 37.191  +58 29 30.49    23 06 37.209  +58 29 30.59      +0.140    +0.106     0.176
               13            23 06 42.404  +58 39 09.33    23 06 42.404  +58 39 09.35      -0.002    +0.017     0.017
               14            23 06 43.437  +58 34 34.11    23 06 43.491  +58 34 33.96      +0.424    -0.154     0.451
               15            23 06 44.792  +58 37 39.15    23 06 44.819  +58 37 38.84      +0.208    -0.305     0.369
               16            23 06 44.958  +58 37 26.63    23 06 44.976  +58 37 26.30      +0.137    -0.326     0.354
               17            23 06 45.349  +58 36 25.47    23 06 45.385  +58 36 25.20      +0.287    -0.277     0.399
               18            23 06 51.020  +58 26 57.18    23 06 50.986  +58 26 57.12      -0.265    -0.057     0.271
               19            23 06 52.601  +58 40 17.95    23 06 52.580  +58 40 18.09      -0.158    +0.144     0.214
               20            23 06 52.622  +58 30 00.81    23 06 52.646  +58 30 01.18      +0.190    +0.365     0.412
               21            23 06 53.417  +58 32 13.48    23 06 53.434  +58 32 13.91      +0.135    +0.428     0.449
               22            23 06 56.646  +58 36 26.51    23 06 56.670  +58 36 26.19      +0.186    -0.311     0.363
               23            23 06 57.667  +58 31 36.69    23 06 57.692  +58 31 37.01      +0.197    +0.317     0.373
               24            23 06 57.873  +58 28 07.13    23 06 57.879  +58 28 07.33      +0.045    +0.198     0.203
               25            23 06 59.020  +58 27 01.63    23 06 59.030  +58 27 01.62      +0.085    -0.010     0.086
               26            23 06 59.633  +58 40 27.20    23 06 59.642  +58 40 27.38      +0.073    +0.184     0.198
               27            23 06 59.914  +58 26 53.41    23 06 59.913  +58 26 53.43      -0.008    +0.028     0.029
               28            23 07 01.358  +58 39 10.69    23 07 01.413  +58 39 10.43      +0.428    -0.264     0.503
               29            23 07 02.461  +58 27 34.75    23 07 02.456  +58 27 34.95      -0.042    +0.203     0.207
               30            23 07 05.063  +58 35 12.48    23 07 05.062  +58 35 12.26      -0.003    -0.224     0.224
               31            23 07 05.189  +58 40 00.08    23 07 05.196  +58 40 00.21      +0.055    +0.136     0.146
               32            23 07 06.078  +58 36 30.91    23 07 06.065  +58 36 30.57      -0.105    -0.339     0.355
               33            23 07 06.894  +58 34 08.03    23 07 06.816  +58 34 07.96      -0.607    -0.067     0.610
               34            23 07 07.262  +58 32 57.08    23 07 07.265  +58 32 57.23      +0.018    +0.153     0.154
               35            23 07 08.759  +58 38 41.80    23 07 08.762  +58 38 41.40      +0.018    -0.400     0.401
               36            23 07 09.073  +58 37 39.15    23 07 09.059  +58 37 38.76      -0.113    -0.389     0.405
               37            23 07 10.076  +58 33 15.07    23 07 10.073  +58 33 15.13      -0.017    +0.066     0.068
               38            23 07 11.078  +58 36 21.67    23 07 11.082  +58 36 21.39      +0.030    -0.282     0.283
               39            23 07 11.663  +58 33 01.54    23 07 11.656  +58 33 01.69      -0.053    +0.147     0.156
               40            23 07 13.922  +58 26 43.78    23 07 13.871  +58 26 43.75      -0.399    -0.030     0.400
               41            23 07 14.079  +58 41 00.40    23 07 14.097  +58 41 00.72      +0.144    +0.322     0.353
               42            23 07 16.074  +58 39 37.99    23 07 16.081  +58 39 37.96      +0.062    -0.030     0.069
               43            23 07 20.642  +58 27 06.63    23 07 20.649  +58 27 06.75      +0.061    +0.119     0.134
               44            23 07 22.318  +58 36 10.41    23 07 22.292  +58 36 10.12      -0.200    -0.288     0.351
               45            23 07 23.611  +58 37 15.18    23 07 23.602  +58 37 14.74      -0.067    -0.433     0.438
               46            23 07 24.697  +58 32 14.32    23 07 24.653  +58 32 14.59      -0.343    +0.273     0.438
               47            23 07 29.938  +58 37 07.58    23 07 29.917  +58 37 07.36      -0.161    -0.222     0.274
               48            23 07 32.050  +58 29 04.32    23 07 32.028  +58 29 04.62      -0.171    +0.300     0.345
               49            23 07 33.459  +58 36 23.61    23 07 33.436  +58 36 23.54      -0.177    -0.068     0.190
               50            23 07 33.622  +58 38 01.47    23 07 33.624  +58 38 01.38      +0.015    -0.087     0.089
               51            23 07 35.001  +58 27 25.36    23 07 35.016  +58 27 25.16      +0.113    -0.202     0.232
               52            23 07 35.283  +58 34 07.35    23 07 35.225  +58 34 07.45      -0.454    +0.104     0.466
               53            23 07 38.681  +58 37 18.43    23 07 38.803  +58 37 18.36      +0.949    -0.067     0.951
               54            23 07 38.845  +58 30 31.17    23 07 38.814  +58 30 31.36      -0.241    +0.189     0.307
               55            23 07 40.478  +58 38 37.67    23 07 40.499  +58 38 37.72      +0.169    +0.044     0.175
               56            23 07 43.928  +58 32 00.72    23 07 43.874  +58 32 00.97      -0.428    +0.250     0.496
               57            23 07 45.171  +58 32 51.74    23 07 45.127  +58 32 51.81      -0.346    +0.067     0.352
               58            23 07 46.264  +58 37 16.63    23 07 46.266  +58 37 16.78      +0.013    +0.157     0.158
               59            23 07 48.613  +58 34 18.57    23 07 48.593  +58 34 18.65      -0.160    +0.076     0.177
               60            23 07 51.219  +58 32 35.72    23 07 51.207  +58 32 35.94      -0.088    +0.218     0.235
               61            23 07 52.018  +58 38 34.03    23 07 52.085  +58 38 34.46      +0.523    +0.427     0.675
               62            23 07 52.353  +58 31 44.63    23 07 52.348  +58 31 44.95      -0.036    +0.324     0.326
               63            23 07 56.033  +58 32 20.08    23 07 56.025  +58 32 20.28      -0.066    +0.206     0.216
               64            23 07 56.807  +58 34 08.04    23 07 56.822  +58 34 08.27      +0.124    +0.239     0.269
               65            23 07 58.176  +58 34 24.07    23 07 58.216  +58 34 24.24      +0.312    +0.162     0.352
               66            23 07 58.705  +58 35 55.08    23 07 58.741  +58 35 55.20      +0.288    +0.117     0.311
               67            23 08 03.896  +58 33 11.71    23 08 03.947  +58 33 11.92      +0.398    +0.211     0.450

                                                                                  RMS :     0.263     0.232     0.350

1Plate solution: 6-coefficient
 -----------------------------

     X,Y = expected plate coordinates (radians)

     X =  -0.2346533E-02                            Y =  +0.2156117E-02
          +0.5183561E-05 * Xmeas                         +0.2159215E-06 * Xmeas
          +0.2196522E-06 * Ymeas                         -0.5184795E-05 * Ymeas


 Xmeas =   +434.2993                            Ymeas =   +433.9403    
           +192577.7     * X                              +8019.927     * X
           +8158.495     * Y                              -192531.9     * Y


     Plate scales (in measuring units):      X     1.0701 arcsec
                                             Y     1.0704 arcsec
                                          mean     1.0703 arcsec
                   Nonperpendicularity:           -0.041  deg
                           Orientation:         +177.594  deg and laterally inverted


 Reference stars:
                             Mean RA,Dec         Equinox J2000.0      Epoch J2000.000           Residuals (arcsec)
                n                    catalogue                     calculated                 dX        dY        dR

                1            23 06 11.439  +58 34 20.38    23 06 11.417  +58 34 20.52      -0.170    +0.137     0.218
                2            23 06 15.358  +58 34 26.98    23 06 15.347  +58 34 27.05      -0.084    +0.074     0.112
                3            23 06 16.147  +58 30 18.86    23 06 16.142  +58 30 18.74      -0.036    -0.117     0.122
                4            23 06 23.262  +58 33 43.88    23 06 23.302  +58 33 44.05      +0.311    +0.168     0.354
                5            23 06 24.343  +58 30 01.66    23 06 24.348  +58 30 01.76      +0.039    +0.107     0.114
                6            23 06 26.520  +58 28 37.29    23 06 26.515  +58 28 37.16      -0.040    -0.125     0.132
                7            23 06 27.948  +58 27 27.09    23 06 27.872  +58 27 26.61      -0.602    -0.477     0.768
                8            23 06 30.624  +58 35 50.73    23 06 30.655  +58 35 50.78      +0.246    +0.050     0.251
                9            23 06 32.174  +58 38 54.45    23 06 32.154  +58 38 54.75      -0.162    +0.307     0.347
               10            23 06 32.855  +58 38 09.70    23 06 32.846  +58 38 09.86      -0.072    +0.156     0.172
               11            23 06 36.494  +58 27 04.50    23 06 36.498  +58 27 04.15      +0.027    -0.348     0.349
               12            23 06 37.191  +58 29 30.49    23 06 37.223  +58 29 30.66      +0.248    +0.171     0.301
               13            23 06 42.404  +58 39 09.33    23 06 42.393  +58 39 09.48      -0.089    +0.143     0.169
               14            23 06 43.437  +58 34 34.11    23 06 43.491  +58 34 34.04      +0.427    -0.069     0.433
               15            23 06 44.792  +58 37 39.15    23 06 44.811  +58 37 38.95      +0.149    -0.199     0.248
               16            23 06 44.958  +58 37 26.63    23 06 44.969  +58 37 26.41      +0.082    -0.222     0.237
               17            23 06 45.349  +58 36 25.47    23 06 45.381  +58 36 25.29      +0.253    -0.183     0.312
               18            23 06 51.020  +58 26 57.18    23 06 51.005  +58 26 57.12      -0.114    -0.055     0.127
               19            23 06 52.601  +58 40 17.95    23 06 52.565  +58 40 18.19      -0.274    +0.248     0.370
               20            23 06 52.622  +58 30 00.81    23 06 52.658  +58 30 01.20      +0.279    +0.386     0.476
               21            23 06 53.417  +58 32 13.48    23 06 53.440  +58 32 13.94      +0.179    +0.464     0.498
               22            23 06 56.646  +58 36 26.51    23 06 56.665  +58 36 26.25      +0.145    -0.251     0.290
               23            23 06 57.667  +58 31 36.69    23 06 57.699  +58 31 37.03      +0.251    +0.335     0.418
               24            23 06 57.873  +58 28 07.13    23 06 57.895  +58 28 07.32      +0.169    +0.187     0.252
               25            23 06 59.020  +58 27 01.63    23 06 59.049  +58 27 01.59      +0.230    -0.033     0.232
               26            23 06 59.633  +58 40 27.20    23 06 59.626  +58 40 27.46      -0.050    +0.267     0.272
               27            23 06 59.914  +58 26 53.41    23 06 59.932  +58 26 53.41      +0.139    +0.001     0.139
               28            23 07 01.358  +58 39 10.69    23 07 01.400  +58 39 10.49      +0.329    -0.197     0.383
               29            23 07 02.461  +58 27 34.75    23 07 02.472  +58 27 34.92      +0.089    +0.174     0.195
               30            23 07 05.063  +58 35 12.48    23 07 05.060  +58 35 12.28      -0.025    -0.200     0.202
               31            23 07 05.189  +58 40 00.08    23 07 05.181  +58 40 00.28      -0.063    +0.198     0.208
               32            23 07 06.078  +58 36 30.91    23 07 06.059  +58 36 30.60      -0.154    -0.307     0.344
               33            23 07 06.894  +58 34 08.03    23 07 06.816  +58 34 07.97      -0.608    -0.057     0.611
               34            23 07 07.262  +58 32 57.08    23 07 07.267  +58 32 57.23      +0.039    +0.153     0.158
               35            23 07 08.759  +58 38 41.80    23 07 08.750  +58 38 41.44      -0.076    -0.360     0.367
               36            23 07 09.073  +58 37 39.15    23 07 09.049  +58 37 38.79      -0.186    -0.357     0.403
               37            23 07 10.076  +58 33 15.07    23 07 10.075  +58 33 15.13      -0.003    +0.059     0.059
               38            23 07 11.078  +58 36 21.67    23 07 11.076  +58 36 21.40      -0.018    -0.267     0.268
               39            23 07 11.663  +58 33 01.54    23 07 11.658  +58 33 01.67      -0.035    +0.133     0.137
               40            23 07 13.922  +58 26 43.78    23 07 13.889  +58 26 43.68      -0.257    -0.101     0.276
               41            23 07 14.079  +58 41 00.40    23 07 14.079  +58 41 00.77      +0.001    +0.365     0.365
               42            23 07 16.074  +58 39 37.99    23 07 16.067  +58 39 37.99      -0.054    -0.005     0.055
               43            23 07 20.642  +58 27 06.63    23 07 20.666  +58 27 06.66      +0.192    +0.030     0.194
               44            23 07 22.318  +58 36 10.41    23 07 22.286  +58 36 10.10      -0.251    -0.310     0.399
               45            23 07 23.611  +58 37 15.18    23 07 23.593  +58 37 14.73      -0.140    -0.450     0.471
               46            23 07 24.697  +58 32 14.32    23 07 24.657  +58 32 14.53      -0.317    +0.212     0.381
               47            23 07 29.938  +58 37 07.58    23 07 29.907  +58 37 07.32      -0.235    -0.259     0.350
               48            23 07 32.050  +58 29 04.32    23 07 32.039  +58 29 04.51      -0.086    +0.191     0.209
               49            23 07 33.459  +58 36 23.61    23 07 33.428  +58 36 23.49      -0.239    -0.122     0.269
               50            23 07 33.622  +58 38 01.47    23 07 33.612  +58 38 01.34      -0.079    -0.129     0.152
               51            23 07 35.001  +58 27 25.36    23 07 35.030  +58 27 25.03      +0.229    -0.334     0.405
               52            23 07 35.283  +58 34 07.35    23 07 35.222  +58 34 07.38      -0.472    +0.026     0.473
               53            23 07 38.681  +58 37 18.43    23 07 38.792  +58 37 18.30      +0.866    -0.130     0.876
               54            23 07 38.845  +58 30 31.17    23 07 38.820  +58 30 31.25      -0.189    +0.071     0.202
               55            23 07 40.478  +58 38 37.67    23 07 40.485  +58 38 37.66      +0.058    -0.014     0.060
               56            23 07 43.928  +58 32 00.72    23 07 43.876  +58 32 00.84      -0.409    +0.128     0.428
               57            23 07 45.171  +58 32 51.74    23 07 45.127  +58 32 51.69      -0.344    -0.052     0.348
               58            23 07 46.264  +58 37 16.63    23 07 46.255  +58 37 16.70      -0.074    +0.071     0.102
               59            23 07 48.613  +58 34 18.57    23 07 48.589  +58 34 18.53      -0.189    -0.042     0.194
               60            23 07 51.219  +58 32 35.72    23 07 51.208  +58 32 35.80      -0.085    +0.078     0.115
               61            23 07 52.018  +58 38 34.03    23 07 52.070  +58 38 34.36      +0.407    +0.333     0.525
               62            23 07 52.353  +58 31 44.63    23 07 52.351  +58 31 44.80      -0.016    +0.174     0.175
               63            23 07 56.033  +58 32 20.08    23 07 56.026  +58 32 20.13      -0.060    +0.049     0.077
               64            23 07 56.807  +58 34 08.04    23 07 56.819  +58 34 08.13      +0.094    +0.094     0.133
               65            23 07 58.176  +58 34 24.07    23 07 58.212  +58 34 24.09      +0.275    +0.015     0.276
               66            23 07 58.705  +58 35 55.08    23 07 58.733  +58 35 55.06      +0.221    -0.019     0.222
               67            23 08 03.896  +58 33 11.71    23 08 03.945  +58 33 11.75      +0.382    +0.036     0.383

                                                                                  RMS :     0.249     0.212     0.327

1Unknown stars:    J2000.0 mean places for epoch J2000.000

             :               4-coefficient model               :                6-coefficient model                :
             :   Xmeas    Ymeas          RA            Dec     :   Xmeas    Ymeas          RA             Dec      :     
             :                                                 :                                                   :
             :   +5.866  +27.866 -> 23 06 06.666  +58 40 15.09 :   +5.866  +27.866 -> 23 06 06.6542  +58 40 15.337 :     
             :  +17.191  +15.758 -> 23 06 08.142  +58 40 28.59 :  +17.191  +15.758 -> 23 06 08.1301  +58 40 28.833 :     
             : +689.243  +11.330 -> 23 07 40.274  +58 41 04.14 : +689.243  +11.330 -> 23 07 40.2532  +58 41 04.105 :     
             : +463.602 +806.719 -> 23 07 13.871  +58 26 43.75 : +463.602 +806.719 -> 23 07 13.8889  +58 26 43.682 :     
             : +643.419 +798.757 -> 23 07 38.324  +58 27 00.13 : +643.419 +798.757 -> 23 07 38.3393  +58 26 59.986 :     
             : +361.701 +793.376 -> 23 06 59.913  +58 26 53.43 : +361.701 +793.376 -> 23 06 59.9315  +58 26 53.407 :     
             : +355.561 +785.462 -> 23 06 59.030  +58 27 01.62 : +355.561 +785.462 -> 23 06 59.0489  +58 27 01.594 :     
             : +514.163 +787.308 -> 23 07 20.649  +58 27 06.75 : +514.163 +787.308 -> 23 07 20.6660  +58 27 06.661 :     
             : +296.441 +787.133 -> 23 06 50.986  +58 26 57.12 : +296.441 +787.133 -> 23 06 51.0053  +58 26 57.124 :     
             : +149.161 +782.020 -> 23 06 30.893  +58 26 55.71 : +149.161 +782.020 -> 23 06 30.9134  +58 26 55.770 :     
             :  +53.695 +779.241 -> 23 06 17.872  +58 26 54.11 :  +53.695 +779.241 -> 23 06 17.8935  +58 26 54.217 :     
             : +190.427 +775.987 -> 23 06 36.478  +58 27 04.10 : +190.427 +775.987 -> 23 06 36.4978  +58 27 04.153 :     
             : +620.120 +774.413 -> 23 07 35.016  +58 27 25.16 : +620.120 +774.413 -> 23 07 35.0304  +58 27 25.030 :     
             : +861.232 +760.580 -> 23 08 07.803  +58 27 50.10 : +861.232 +760.580 -> 23 08 07.8143  +58 27 49.866 :     
             : +837.494 +758.416 -> 23 08 04.556  +58 27 51.43 : +837.494 +758.416 -> 23 08 04.5675  +58 27 51.215 :     
             : +381.976 +755.408 -> 23 07 02.456  +58 27 34.95 : +381.976 +755.408 -> 23 07 02.4725  +58 27 34.923 :     
             : +128.166 +752.255 -> 23 06 27.852  +58 27 26.53 : +128.166 +752.255 -> 23 06 27.8720  +58 27 26.611 :     
             : +275.898 +727.225 -> 23 06 47.834  +58 28 00.23 : +275.898 +727.225 -> 23 06 47.8512  +58 28 00.248 :     
             : +349.740 +723.760 -> 23 06 57.879  +58 28 07.33 : +349.740 +723.760 -> 23 06 57.8947  +58 28 07.316 :     
             : +359.387 +699.955 -> 23 06 59.056  +58 28 33.22 : +359.387 +699.955 -> 23 06 59.0702  +58 28 33.209 :     
             : +706.138 +692.458 -> 23 07 46.295  +58 28 56.48 : +706.138 +692.458 -> 23 07 46.3051  +58 28 56.327 :     
             :  +73.438 +692.992 -> 23 06 20.032  +58 28 27.27 :  +73.438 +692.992 -> 23 06 20.0499  +58 28 27.385 :     
             : +121.187 +685.971 -> 23 06 26.499  +58 28 37.07 : +121.187 +685.971 -> 23 06 26.5153  +58 28 37.159 :     
             : +601.998 +680.675 -> 23 07 32.028  +58 29 04.62 : +601.998 +680.675 -> 23 07 32.0390  +58 29 04.508 :     
             : +461.235 +672.687 -> 23 07 12.786  +58 29 06.97 : +461.235 +672.687 -> 23 07 12.7986  +58 29 06.918 :     
             :  +22.472 +666.364 -> 23 06 12.920  +58 28 53.28 :  +22.472 +666.364 -> 23 06 12.9371  +58 28 53.415 :     
             : +250.619 +645.747 -> 23 06 43.906  +58 29 26.17 : +250.619 +645.747 -> 23 06 43.9191  +58 29 26.217 :     
             : +856.665 +639.274 -> 23 08 06.546  +58 29 59.64 : +856.665 +639.274 -> 23 08 06.5517  +58 29 59.428 :     
             : +201.792 +639.476 -> 23 06 37.209  +58 29 30.59 : +201.792 +639.476 -> 23 06 37.2228  +58 29 30.660 :     
             : +315.990 +615.838 -> 23 06 52.646  +58 30 01.18 : +315.990 +615.838 -> 23 06 52.6577  +58 30 01.197 :     
             : +108.879 +606.306 -> 23 06 24.335  +58 30 01.66 : +108.879 +606.306 -> 23 06 24.3481  +58 30 01.764 :     
             :  +49.562 +587.787 -> 23 06 16.129  +58 30 18.60 :  +49.562 +587.787 -> 23 06 16.1420  +58 30 18.738 :     
             : +370.550 +583.883 -> 23 06 59.905  +58 30 37.84 : +370.550 +583.883 -> 23 06 59.9138  +58 30 37.841 :     
             : +129.024 +576.144 -> 23 06 26.899  +58 30 34.86 : +129.024 +576.144 -> 23 06 26.9112  +58 30 34.970 :     
             :  +20.615 +564.172 -> 23 06 12.033  +58 30 42.44 :  +20.615 +564.172 -> 23 06 12.0453  +58 30 42.597 :     
             : +249.206 +556.033 -> 23 06 43.180  +58 31 02.03 : +249.206 +556.033 -> 23 06 43.1893  +58 31 02.089 :     
             : +356.725 +527.955 -> 23 06 57.692  +58 31 37.01 : +356.725 +527.955 -> 23 06 57.6991  +58 31 37.028 :     
             : +210.367 +526.352 -> 23 06 37.701  +58 31 31.95 : +210.367 +526.352 -> 23 06 37.7096  +58 31 32.029 :     
             : +371.298 +500.269 -> 23 06 59.521  +58 32 07.28 : +371.298 +500.269 -> 23 06 59.5266  +58 32 07.293 :     
             : +251.781 +496.444 -> 23 06 43.177  +58 32 05.86 : +251.781 +496.444 -> 23 06 43.1837  +58 32 05.931 :     
             : +327.076 +492.177 -> 23 06 53.434  +58 32 13.91 : +327.076 +492.177 -> 23 06 53.4401  +58 32 13.944 :     
             : +429.860 +456.031 -> 23 07 07.265  +58 32 57.23 : +429.860 +456.031 -> 23 07 07.2674  +58 32 57.228 :     
             : +339.397 +436.317 -> 23 06 54.790  +58 33 14.20 : +339.397 +436.317 -> 23 06 54.7932  +58 33 14.241 :     
             : +408.299 +432.579 -> 23 07 04.184  +58 33 21.33 : +408.299 +432.579 -> 23 07 04.1856  +58 33 21.345 :     
             : +110.589 +398.503 -> 23 06 23.298  +58 33 43.91 : +110.589 +398.503 -> 23 06 23.3019  +58 33 44.051 :     
             :  +25.351 +360.584 -> 23 06 11.414  +58 34 20.33 :  +25.351 +360.584 -> 23 06 11.4171  +58 34 20.517 :     
             : +260.095 +358.300 -> 23 06 43.491  +58 34 33.96 : +260.095 +358.300 -> 23 06 43.4913  +58 34 34.041 :     
             : +273.395 +359.302 -> 23 06 45.315  +58 34 33.50 : +273.395 +359.302 -> 23 06 45.3154  +58 34 33.583 :     
             :  +54.322 +355.780 -> 23 06 15.344  +58 34 26.88 :  +54.322 +355.780 -> 23 06 15.3470  +58 34 27.049 :     
             : +169.579 +282.597 -> 23 06 30.657  +58 35 50.64 : +169.579 +282.597 -> 23 06 30.6550  +58 35 50.779 :     
             : +278.437 +255.057 -> 23 06 45.385  +58 36 25.20 : +278.437 +255.057 -> 23 06 45.3810  +58 36 25.292 :     
             : +670.080 +221.701 -> 23 07 38.803  +58 37 18.36 : +670.080 +221.701 -> 23 07 38.7919  +58 37 18.295 :     
             : +140.272 +204.029 -> 23 06 26.168  +58 37 13.25 : +140.272 +204.029 -> 23 06 26.1632  +58 37 13.412 :     
             : +277.928 +197.883 -> 23 06 44.976  +58 37 26.30 : +277.928 +197.883 -> 23 06 44.9688  +58 37 26.409 :     
             : +277.294 +186.129 -> 23 06 44.819  +58 37 38.84 : +277.294 +186.129 -> 23 06 44.8115  +58 37 38.950 :     
             : +191.345 +153.491 -> 23 06 32.854  +58 38 09.71 : +191.345 +153.491 -> 23 06 32.8457  +58 38 09.858 :     
             : +113.171 +126.766 -> 23 06 21.984  +58 38 34.56 : +113.171 +126.766 -> 23 06 21.9757  +58 38 34.744 :     
             : +188.168 +111.367 -> 23 06 32.163  +58 38 54.60 : +188.168 +111.367 -> 23 06 32.1535  +58 38 54.753 :     
             : +263.375 +100.873 -> 23 06 42.404  +58 39 09.35 : +263.375 +100.873 -> 23 06 42.3929  +58 39 09.477 :     
             :  +36.738  +77.517 -> 23 06 11.208  +58 39 23.52 :  +36.738  +77.517 -> 23 06 11.1980  +58 39 23.742 :     
             : +100.925  +36.109 -> 23 06 19.748  +58 40 10.90 : +100.925  +36.109 -> 23 06 19.7352  +58 40 11.101 :     
             : +817.923 +850.798 -> 23 08 02.375  +58 26 11.83 : +817.923 +850.798 -> 23 08 02.3907  +58 26 11.606 :     
             : +416.272 +838.920 -> 23 07 07.608  +58 26 07.20 : +416.272 +838.920 -> 23 07 07.6281  +58 26 07.146 :     
             : +165.709 +834.875 -> 23 06 33.465  +58 25 59.98 : +165.709 +834.875 -> 23 06 33.4878  +58 26 00.027 :     
