read ra/dec for calibration star of: (359.428633, 62.690422) (359.62416, 62.747272)
automag_driver: using file automag_driver
aperture parameters; rad, r_in, r_out: 5.0, 15.0, 25.0
-----------------------------------------
254
/mnt//archive/draco2/2024/24_11_10//ad0254.fits
flat found.  dividing by flatfield
read ra/dec for target of: (359.395668, 62.718246)
pixel scale is: 0.9850096694611618
x/y of var, cal1, cal2: 552.8278655252984 416.7972239600351 628.761998554367 504.12540993032684 903.0969130821122 229.92207198941475
 id  xcenter   ycenter  ...  aper_bkg aper_sum_bkgsub aper_sum_bkgsub_err
       pix       pix    ...                                              
--- --------- --------- ... --------- --------------- -------------------
  1 552.82787 416.79722 ... 8430.2337       158670.12           419.23214
  2   628.762 504.12541 ... 8086.6181        27373.52           209.21701
  3 903.09691 229.92207 ... 8212.2564       34820.244           226.86947
-----------------------------------------
255
/mnt//archive/draco2/2024/24_11_10//ad0255.fits
flat found.  dividing by flatfield
read ra/dec for target of: (359.395668, 62.718246)
pixel scale is: 0.9849120150505438
x/y of var, cal1, cal2: 553.029030476266 417.02818294851255 628.9638558136273 504.359916555151 903.3672938250572 230.1109159982494
 id  xcenter   ycenter  ...  aper_bkg aper_sum_bkgsub aper_sum_bkgsub_err
       pix       pix    ...                                              
--- --------- --------- ... --------- --------------- -------------------
  1 553.02903 417.02818 ... 8167.1849       158684.64           418.62156
  2 628.96386 504.35992 ... 8101.5708       27685.382            210.0322
  3 903.36729 230.11092 ... 8086.3109       35306.436           227.38526
-----------------------------------------
256
/mnt//archive/draco2/2024/24_11_10//ad0256.fits
flat found.  dividing by flatfield
read ra/dec for target of: (359.395668, 62.718246)
pixel scale is: 0.9849605622049908
x/y of var, cal1, cal2: 553.1343233338865 417.12666742413217 629.057094558049 504.46071176104033 903.4336057851287 230.24913110132823
 id  xcenter   ycenter  ...  aper_bkg aper_sum_bkgsub aper_sum_bkgsub_err
       pix       pix    ...                                              
--- --------- --------- ... --------- --------------- -------------------
  1 553.13432 417.12667 ... 8297.4092       157716.95           417.77598
  2 629.05709 504.46071 ... 8135.8494       27512.323           209.78327
  3 903.43361 230.24913 ... 8353.3751       34586.338           226.97596
-----------------------------------------
257
/mnt//archive/draco2/2024/24_11_10//ad0257.fits
flat found.  dividing by flatfield
read ra/dec for target of: (359.395668, 62.718246)
pixel scale is: 0.985068274012787
x/y of var, cal1, cal2: 553.0232787601409 417.11257958331464 628.9593027980507 504.4378019224034 903.3179338352527 230.25883939728365
 id  xcenter   ycenter  ...  aper_bkg aper_sum_bkgsub aper_sum_bkgsub_err
       pix       pix    ...                                              
--- --------- --------- ... --------- --------------- -------------------
  1 553.02328 417.11258 ... 8084.0258       158934.34           418.72114
  2  628.9593  504.4378 ... 8011.3108       28409.655           211.32268
  3 903.31793 230.25884 ... 8248.7833       34353.228           225.99955
-----------------------------------------
258
/mnt//archive/draco2/2024/24_11_10//ad0258.fits
flat found.  dividing by flatfield
read ra/dec for target of: (359.395668, 62.718246)
pixel scale is: 0.9850131054202445
x/y of var, cal1, cal2: 552.9382357926019 416.88058736205613 628.8745539919113 504.20658930788755 903.195983206994 229.9974185686496
 id  xcenter   ycenter  ...  aper_bkg aper_sum_bkgsub aper_sum_bkgsub_err
       pix       pix    ...                                              
--- --------- --------- ... --------- --------------- -------------------
  1 552.93824 416.88059 ... 7749.7675       170900.15           432.00079
  2 628.87455 504.20659 ... 7677.8069       29372.881           212.02239
  3 903.19598 229.99742 ... 7849.0677       36939.519            229.9188
-----------------------------------------
259
/mnt//archive/draco2/2024/24_11_10//ad0259.fits
flat found.  dividing by flatfield
read ra/dec for target of: (359.395668, 62.718246)
pixel scale is: 0.9850027334370042
x/y of var, cal1, cal2: 552.9338346775011 417.0669173981604 628.8732964281194 504.3944519936899 903.2727775939666 230.1846041468384
 id  xcenter   ycenter  ...  aper_bkg aper_sum_bkgsub aper_sum_bkgsub_err
       pix       pix    ...                                              
--- --------- --------- ... --------- --------------- -------------------
  1 552.93383 417.06692 ... 7816.3091        169431.6           430.45234
  2  628.8733 504.39445 ... 7708.2424       30195.255           214.09517
  3 903.27278  230.1846 ... 7875.4335       36408.646           228.87663
-----------------------------------------
260
/mnt//archive/draco2/2024/24_11_10//ad0260.fits
flat found.  dividing by flatfield
read ra/dec for target of: (359.395668, 62.718246)
pixel scale is: 0.9850324454827623
x/y of var, cal1, cal2: 553.2126481668454 416.7695807817247 629.1468593004333 504.09774877038546 903.4906620163041 229.90797976532414
 id  xcenter   ycenter  ...  aper_bkg aper_sum_bkgsub aper_sum_bkgsub_err
       pix       pix    ...                                              
--- --------- --------- ... --------- --------------- -------------------
  1 553.21265 416.76958 ... 7751.9804       168196.98           428.86588
  2 629.14686 504.09775 ... 7895.1025       29355.935           213.00502
  3 903.49066 229.90798 ... 7948.2758        36500.48           229.39493
-----------------------------------------
261
/mnt//archive/draco2/2024/24_11_10//ad0261.fits
flat found.  dividing by flatfield
read ra/dec for target of: (359.395668, 62.718246)
pixel scale is: 0.9851797090074199
x/y of var, cal1, cal2: 553.1656546512279 416.95103518927164 629.0968524434072 504.267796349102 903.4624307312286 230.12496358373136
 id  xcenter   ycenter  ...  aper_bkg aper_sum_bkgsub aper_sum_bkgsub_err
       pix       pix    ...                                              
--- --------- --------- ... --------- --------------- -------------------
  1 553.16565 416.95104 ... 8163.6864       160256.12           420.48602
  2 629.09685  504.2678 ... 8050.7895       28171.513           210.94571
  3 903.46243 230.12496 ... 8179.1781        34928.08           226.96131
