read ra/dec for calibration star of: (304.067125, 42.123947) (303.970146, 42.191825)
automag_driver: using file automag_driver
aperture parameters; rad, r_in, r_out: 5.0, 15.0, 25.0
-----------------------------------------
205
/mnt//archive/draco2/2024/24_11_22//ad0205.fits
flat found.  dividing by flatfield
read ra/dec for target of: (304.052831, 42.108719)
pixel scale is: 0.9829629877418228
x/y of var, cal1, cal2: 553.8788348296135 416.25182113249065 582.3107525700214 354.5556298290077 279.71922095002003 155.62623841468314
 id  xcenter   ycenter  ...  aper_bkg aper_sum_bkgsub aper_sum_bkgsub_err
       pix       pix    ...                                              
--- --------- --------- ... --------- --------------- -------------------
  1 553.87883 416.25182 ... 6018.8624       3792.8094           126.71043
  2 582.31075 354.55563 ... 6112.4416       11872.078             155.955
  3 279.71922 155.62624 ... 6322.2975        6114.188           137.78165
-----------------------------------------
206
/mnt//archive/draco2/2024/24_11_22//ad0206.fits
flat found.  dividing by flatfield
read ra/dec for target of: (304.052831, 42.108719)
pixel scale is: 0.9831725660454361
x/y of var, cal1, cal2: 553.2398349530768 416.6831501435877 581.7260026865221 355.0079171436779 279.03096548489805 156.0382202908043
 id  xcenter   ycenter  ...  aper_bkg aper_sum_bkgsub aper_sum_bkgsub_err
       pix       pix    ...                                              
--- --------- --------- ... --------- --------------- -------------------
  1 553.23983 416.68315 ... 5999.2971       3837.0316           126.73052
  2   581.726 355.00792 ... 6053.6648       11568.964           154.60043
  3 279.03097 156.03822 ...  6149.709       5696.2316           134.98389
-----------------------------------------
207
/mnt//archive/draco2/2024/24_11_22//ad0207.fits
flat found.  dividing by flatfield
read ra/dec for target of: (304.052831, 42.108719)
pixel scale is: 0.9827677791589006
x/y of var, cal1, cal2: 552.9948551506446 416.67411283220446 581.4198963636818 354.9595530233279 278.77461268022034 156.05563002911487
 id  xcenter   ycenter  ...  aper_bkg aper_sum_bkgsub aper_sum_bkgsub_err
       pix       pix    ...                                              
--- --------- --------- ... --------- --------------- -------------------
  1 552.99486 416.67411 ... 6146.0829        3264.718           125.62597
  2  581.4199 354.95955 ... 6018.3131       10618.947           151.26326
  3 278.77461 156.05563 ... 6111.2863       5710.3084           134.75118
-----------------------------------------
208
/mnt//archive/draco2/2024/24_11_22//ad0208.fits
flat found.  dividing by flatfield
read ra/dec for target of: (304.052831, 42.108719)
pixel scale is: 0.983008449655168
x/y of var, cal1, cal2: 553.0695166618692 416.8152345738027 581.5120005507291 355.1277121273824 278.9138576490751 156.14572630127242
 id  xcenter   ycenter  ...  aper_bkg aper_sum_bkgsub aper_sum_bkgsub_err
       pix       pix    ...                                              
--- --------- --------- ... --------- --------------- -------------------
  1 553.06952 416.81523 ... 6033.4054       3366.1883           125.13193
  2   581.512 355.12771 ... 6083.7101       10876.103           152.54023
  3 278.91386 156.14573 ...  6207.567       5723.7375           135.51336
