read ra/dec for calibration star of: (324.4415, 51.831708) (324.512996, 51.786767)
automag_driver: using file automag_driver
aperture parameters; rad, r_in, r_out: 5.0, 15.0, 25.0
-----------------------------------------
206
/mnt//archive/draco2/2024/24_11_10//ad0206.fits
flat found.  dividing by flatfield
read ra/dec for target of: (324.367201, 51.762485)
pixel scale is: 0.985170021184184
x/y of var, cal1, cal2: 554.5653625910948 417.92645388949745 663.4955424629194 134.5552343928506 856.9496623042623 259.60060274870006
 id  xcenter   ycenter  ...  aper_bkg aper_sum_bkgsub aper_sum_bkgsub_err
       pix       pix    ...                                              
--- --------- --------- ... --------- --------------- -------------------
  1 554.56536 417.92645 ... 16499.799       32532.365            256.4312
  2 663.49554 134.55523 ... 16753.009        40549.02           272.54364
  3 856.94966  259.6006 ... 16518.411       11939.207           212.60534
-----------------------------------------
207
/mnt//archive/draco2/2024/24_11_10//ad0207.fits
flat found.  dividing by flatfield
read ra/dec for target of: (324.367201, 51.762485)
pixel scale is: 0.9851543320205302
x/y of var, cal1, cal2: 554.4275736609385 418.0174749564235 663.3337524830671 134.64209752361364 856.7660853600753 259.6900900554208
 id  xcenter   ycenter  ...  aper_bkg aper_sum_bkgsub aper_sum_bkgsub_err
       pix       pix    ...                                              
--- --------- --------- ... --------- --------------- -------------------
  1 554.42757 418.01747 ...  16557.09       30864.214           253.38389
  2 663.33375  134.6421 ... 17018.049       36756.535           266.49134
  3 856.76609 259.69009 ... 16642.848       10936.581           210.82523
-----------------------------------------
208
/mnt//archive/draco2/2024/24_11_10//ad0208.fits
flat found.  dividing by flatfield
read ra/dec for target of: (324.367201, 51.762485)
pixel scale is: 0.9850314946103633
x/y of var, cal1, cal2: 554.310177130714 418.2364536077873 663.1758663945566 134.8183344734182 856.6311952172714 259.8687916709562
 id  xcenter   ycenter  ...  aper_bkg aper_sum_bkgsub aper_sum_bkgsub_err
       pix       pix    ...                                              
--- --------- --------- ... --------- --------------- -------------------
  1 554.31018 418.23645 ... 17770.255       25250.194           247.01357
  2 663.17587 134.81833 ... 17480.232       34448.138            263.8818
  3  856.6312 259.86879 ... 17286.071       11233.643           214.54786
-----------------------------------------
209
/mnt//archive/draco2/2024/24_11_10//ad0209.fits
flat found.  dividing by flatfield
read ra/dec for target of: (324.367201, 51.762485)
pixel scale is: 0.985010374424622
x/y of var, cal1, cal2: 554.2315111752235 418.13305940785403 663.1399702027924 134.72800381715024 856.6137759869096 259.81513292504263
 id  xcenter   ycenter  ...  aper_bkg aper_sum_bkgsub aper_sum_bkgsub_err
       pix       pix    ...                                              
--- --------- --------- ... --------- --------------- -------------------
  1 554.23151 418.13306 ... 15560.221       37676.024           262.71937
  2 663.13997   134.728 ... 16001.439       44009.628            276.1114
  3 856.61378 259.81513 ... 15629.816       13306.345           211.63879
