read ra/dec for calibration star of: (356.156642, 63.066039) (356.399713, 62.908706)
automag_driver: using file automag_driver
aperture parameters; rad, r_in, r_out: 5.0, 15.0, 25.0
-----------------------------------------
53
/mnt//archive/draco2/2024/24_11_22//ad0053.fits
flat found.  dividing by flatfield
read ra/dec for target of: (356.260948, 63.003853)
pixel scale is: 0.9828260972292979
x/y of var, cal1, cal2: 555.7786524211032 416.60128702510957 345.58813698696883 222.3894783835588 844.5023101465638 719.1107102376798
 id  xcenter   ycenter  ...  aper_bkg aper_sum_bkgsub aper_sum_bkgsub_err
       pix       pix    ...                                              
--- --------- --------- ... --------- --------------- -------------------
  1 555.77865 416.60129 ... 14417.434       180671.59           457.96448
  2 345.58814 222.38948 ... 14650.367       195104.62           473.95185
  3 844.50231 719.11071 ... 14103.816       86134.002           338.47693
-----------------------------------------
54
/mnt//archive/draco2/2024/24_11_22//ad0054.fits
flat found.  dividing by flatfield
read ra/dec for target of: (356.260948, 63.003853)
pixel scale is: 0.9827927390789817
x/y of var, cal1, cal2: 556.010575757755 416.20647561509315 345.82581437556524 221.99661488864876 844.724547009133 718.7144353539068
 id  xcenter   ycenter  ...  aper_bkg aper_sum_bkgsub aper_sum_bkgsub_err
       pix       pix    ...                                              
--- --------- --------- ... --------- --------------- -------------------
  1 556.01058 416.20648 ... 14227.457       180523.09           457.38715
  2 345.82581 221.99661 ...  14451.65       195170.27           473.60171
  3 844.72455 718.71444 ... 14037.511       86376.149            338.6387
-----------------------------------------
55
/mnt//archive/draco2/2024/24_11_22//ad0055.fits
flat found.  dividing by flatfield
read ra/dec for target of: (356.260948, 63.003853)
pixel scale is: 0.982812654524907
x/y of var, cal1, cal2: 555.7370577366148 416.29667200318545 345.57439139087296 222.09073279908785 844.420366823222 718.7985203296171
 id  xcenter   ycenter  ...  aper_bkg aper_sum_bkgsub aper_sum_bkgsub_err
       pix       pix    ...                                              
--- --------- --------- ... --------- --------------- -------------------
  1 555.73706 416.29667 ... 14524.745       177752.71           455.00242
  2 345.57439 222.09073 ... 14729.293       190990.94           469.76007
  3 844.42037 718.79852 ... 14189.451       83843.874           335.33234
-----------------------------------------
56
/mnt//archive/draco2/2024/24_11_22//ad0056.fits
flat found.  dividing by flatfield
read ra/dec for target of: (356.260948, 63.003853)
pixel scale is: 0.9828837331254343
x/y of var, cal1, cal2: 556.0463286533549 416.38021923825914 345.8699567633697 222.17751936650345 844.7485427902722 718.8750348528831
 id  xcenter   ycenter  ...  aper_bkg aper_sum_bkgsub aper_sum_bkgsub_err
       pix       pix    ...                                              
--- --------- --------- ... --------- --------------- -------------------
  1 556.04633 416.38022 ... 14415.946       179668.69           456.86495
  2 345.86996 222.17752 ... 14487.528       192291.02           470.62839
  3 844.74854 718.87503 ...  14007.66       84985.023           336.48974
