read ra/dec for calibration star of: (324.4415, 51.831708) (324.512996, 51.786767)
automag_driver: using file automag_driver
aperture parameters; rad, r_in, r_out: 5.0, 15.0, 25.0
-----------------------------------------
121
/mnt//archive/west-14/2024/24_11_11//ad0121.fits
flat found.  dividing by flatfield
read ra/dec for target of: (324.367201, 51.762485)
pixel scale is: 0.9109029119457647
x/y of var, cal1, cal2: 567.2274035785417 429.19150822132747 395.201112033908 708.7231691742165 214.6116974266851 537.2712107538231
 id  xcenter   ycenter  ...  aper_bkg aper_sum_bkgsub aper_sum_bkgsub_err
       pix       pix    ...                                              
--- --------- --------- ... --------- --------------- -------------------
  1  567.2274 429.19151 ... 13320.443        63144.54           300.01737
  2 395.20111 708.72317 ... 13277.206       86774.295           336.97731
  3  214.6117 537.27121 ... 13216.439       25737.643           228.90068
-----------------------------------------
122
/mnt//archive/west-14/2024/24_11_11//ad0122.fits
flat found.  dividing by flatfield
read ra/dec for target of: (324.367201, 51.762485)
pixel scale is: 0.9109567803347638
x/y of var, cal1, cal2: 566.2468985614532 428.7446902634146 394.22311478834933 708.2529246849998 213.6223979262885 536.8038610664113
 id  xcenter   ycenter  ...  aper_bkg aper_sum_bkgsub aper_sum_bkgsub_err
       pix       pix    ...                                              
--- --------- --------- ... --------- --------------- -------------------
  1  566.2469 428.74469 ... 14025.518       57715.375           293.24292
  2 394.22311 708.25292 ... 14023.307       80564.293           329.90288
  3  213.6224 536.80386 ... 13967.139       24012.846           228.41218
-----------------------------------------
123
/mnt//archive/west-14/2024/24_11_11//ad0123.fits
flat found.  dividing by flatfield
read ra/dec for target of: (324.367201, 51.762485)
pixel scale is: 0.9106726982674478
x/y of var, cal1, cal2: 566.4753543590605 427.7816125279078 394.5378275604295 707.3985787322599 213.99478423981174 535.9186418694967
 id  xcenter   ycenter  ...  aper_bkg aper_sum_bkgsub aper_sum_bkgsub_err
       pix       pix    ...                                              
--- --------- --------- ... --------- --------------- -------------------
  1 566.47535 427.78161 ... 16192.592       41800.534           272.78328
  2 394.53783 707.39858 ... 16429.961       54579.788           296.08227
  3 213.99478 535.91864 ... 16472.537       16365.204           222.56522
-----------------------------------------
124
/mnt//archive/west-14/2024/24_11_11//ad0124.fits
flat found.  dividing by flatfield
read ra/dec for target of: (324.367201, 51.762485)
pixel scale is: 0.9108500399407611
x/y of var, cal1, cal2: 566.58524673479 427.86787709521553 394.67233377693617 707.3993024256991 214.08210113898673 535.9200564542607
 id  xcenter   ycenter  ...  aper_bkg aper_sum_bkgsub aper_sum_bkgsub_err
       pix       pix    ...                                              
--- --------- --------- ... --------- --------------- -------------------
  1 566.58525 427.86788 ... 18525.122        29637.43           258.67484
  2 394.67233  707.3993 ... 18428.689       40732.161           278.95257
  3  214.0821 535.92006 ... 18482.086       12717.743           223.39856
