read ra/dec for calibration star of: (24.126247, 57.798882) (24.204493, 57.811872)
automag_driver: using file automag_driver
aperture parameters; rad, r_in, r_out: 5.0, 15.0, 25.0
-----------------------------------------
129
/mnt//archive/draco2/2024/24_10_21//ad0129.fits
flat found.  dividing by flatfield
read ra/dec for target of: (24.308415, 57.75922)
pixel scale is: 0.9856927262953263
x/y of var, cal1, cal2: 552.8719671908171 417.66225768172103 929.1129695924158 488.58454752070963 789.4965731605471 565.4344797990675
 id  xcenter   ycenter  ...  aper_bkg aper_sum_bkgsub aper_sum_bkgsub_err
       pix       pix    ...                                              
--- --------- --------- ... --------- --------------- -------------------
  1 552.87197 417.66226 ... 5129.2865       109177.81           345.92106
  2 929.11297 488.58455 ... 5047.9076       40934.414           226.39618
  3 789.49657 565.43448 ... 4983.7319       17395.058           166.09492
-----------------------------------------
130
/mnt//archive/draco2/2024/24_10_21//ad0130.fits
flat found.  dividing by flatfield
read ra/dec for target of: (24.308415, 57.75922)
pixel scale is: 0.9860276731029055
x/y of var, cal1, cal2: 552.6735701171222 417.8472991674451 929.1341133140609 488.76543564552577 789.454730720201 565.5818682554572
 id  xcenter   ycenter  ...  aper_bkg aper_sum_bkgsub aper_sum_bkgsub_err
       pix       pix    ...                                              
--- --------- --------- ... --------- --------------- -------------------
  1 552.67357  417.8473 ...  5087.618       111978.18           349.82627
  2 929.13411 488.76544 ... 5033.3332       40990.956           226.45667
  3 789.45473 565.58187 ...   5187.23       16899.267            165.8274
-----------------------------------------
131
/mnt//archive/draco2/2024/24_10_21//ad0131.fits
flat found.  dividing by flatfield
read ra/dec for target of: (24.308415, 57.75922)
pixel scale is: 0.9857834259456139
x/y of var, cal1, cal2: 552.5755099863512 417.64252666408163 928.9000458681963 488.5500004559074 789.287766425835 565.3959469546436
 id  xcenter   ycenter  ...  aper_bkg aper_sum_bkgsub aper_sum_bkgsub_err
       pix       pix    ...                                              
--- --------- --------- ... --------- --------------- -------------------
  1 552.57551 417.64253 ... 5209.6405       111286.46           349.18583
  2 928.90005    488.55 ... 4985.4764       41033.271           226.33874
  3 789.28777 565.39595 ... 5027.0917       17432.065           166.46696
-----------------------------------------
132
/mnt//archive/draco2/2024/24_10_21//ad0132.fits
flat found.  dividing by flatfield
read ra/dec for target of: (24.308415, 57.75922)
pixel scale is: 0.9860004607435123
x/y of var, cal1, cal2: 552.9016762051233 417.42456091235465 929.227193016239 488.31775189494925 789.6112384098266 565.1462901820926
 id  xcenter   ycenter  ...  aper_bkg aper_sum_bkgsub aper_sum_bkgsub_err
       pix       pix    ...                                              
--- --------- --------- ... --------- --------------- -------------------
  1 552.90168 417.42456 ... 5065.5877       112319.74           350.25122
  2 929.22719 488.31775 ...  4965.205       41526.008           227.33547
  3 789.61124 565.14629 ... 5111.8474       17189.836            166.2484
