read ra/dec for calibration star of: (324.4415, 51.831708) (324.512996, 51.786767)
automag_driver: using file automag_driver
aperture parameters; rad, r_in, r_out: 5.0, 15.0, 25.0
-----------------------------------------
137
/mnt//archive/far-east-20/2024/24_10_17//ad0137.fits
flat found.  dividing by flatfield
read ra/dec for target of: (324.367201, 51.762485)
pixel scale is: 1.0703030952705173
x/y of var, cal1, cal2: 417.87743956409815 420.2704932222856 581.554309113413 193.74362542904527 724.2412812695281 350.53194710958803
 id  xcenter   ycenter  ...  aper_bkg aper_sum_bkgsub aper_sum_bkgsub_err
       pix       pix    ...                                              
--- --------- --------- ... --------- --------------- -------------------
  1 417.87744 420.27049 ... 381673.29       76444.203           916.52375
  2 581.55431 193.74363 ... 376015.67         91246.8           918.42427
  3 724.24128 350.53195 ... 375478.09       28799.274           883.16502
-----------------------------------------
138
-----------------------------------------
139
/mnt//archive/far-east-20/2024/24_10_17//ad0139.fits
flat found.  dividing by flatfield
read ra/dec for target of: (324.367201, 51.762485)
pixel scale is: 1.0712499012725272
x/y of var, cal1, cal2: 417.9708775745123 420.48563375877904 581.6139426462807 194.20925331727898 724.3370215673426 350.902841537083
 id  xcenter   ycenter  ...  aper_bkg aper_sum_bkgsub aper_sum_bkgsub_err
       pix       pix    ...                                              
--- --------- --------- ... --------- --------------- -------------------
  1 417.97088 420.48563 ... 465515.17       43951.523           987.52562
  2 581.61394 194.20925 ... 468502.76       53736.425           995.47322
  3 724.33702 350.90284 ... 476387.75       16408.038           984.58547
-----------------------------------------
140
