read ra/dec for calibration star of: (36.845811, 59.457341) (36.762357, 59.472787)
automag_driver: using file automag_driver
aperture parameters; rad, r_in, r_out: 5.0, 15.0, 25.0
-----------------------------------------
775436
/mnt//archive/pt5m/2024/24_02_18//adbr0775436.fits
no flat found.  will not flatfield
read ra/dec for target of: (36.807362, 59.460604)
pixel scale is: 0.558817250117767
x/y of var, cal1, cal2: 650.5417533152827 299.6723115114392 632.1393205189819 173.38778146457838 726.0371382918943 448.55038545308696
 id  xcenter   ycenter  ...  aper_bkg aper_sum_bkgsub aper_sum_bkgsub_err
       pix       pix    ...                                              
--- --------- --------- ... --------- --------------- -------------------
  1 650.54175 299.67231 ...  20707.42       345037.07           621.83351
  2 632.13932 173.38778 ... 18024.676       7082.9032           208.22405
  3 726.03714 448.55039 ... 17940.841       14062.755           223.98535
-----------------------------------------
775437
/mnt//archive/pt5m/2024/24_02_18//adbr0775437.fits
no flat found.  will not flatfield
read ra/dec for target of: (36.807362, 59.460604)
pixel scale is: 0.5588119692141307
x/y of var, cal1, cal2: 616.6152983395306 329.5848126542103 598.3448313961453 203.33522427081604 691.9280284172098 478.3153579904952
 id  xcenter   ycenter  ...  aper_bkg aper_sum_bkgsub aper_sum_bkgsub_err
       pix       pix    ...                                              
--- --------- --------- ... --------- --------------- -------------------
  1  616.6153 329.58481 ... 24648.163       195966.91            495.4677
  2 598.34483 203.33522 ... 19617.926       4229.4233           209.02219
  3 691.92803 478.31536 ... 19701.764       8533.0835           219.45754
-----------------------------------------
775438
-----------------------------------------
775439
-----------------------------------------
775440
/mnt//archive/pt5m/2024/24_02_18//adbr0775440.fits
no flat found.  will not flatfield
read ra/dec for target of: (36.807362, 59.460604)
pixel scale is: 0.5587184400744397
x/y of var, cal1, cal2: 616.6927931369571 328.48852843704515 598.2875786314961 202.19988554989934 692.1989402909903 477.318212694473
 id  xcenter   ycenter  ...  aper_bkg aper_sum_bkgsub aper_sum_bkgsub_err
       pix       pix    ...                                              
--- --------- --------- ... --------- --------------- -------------------
  1 616.69279 328.48853 ... 20882.475        362878.3           636.29258
  2 598.28758 202.19989 ... 18031.052       7735.4411            209.8155
  3 692.19894 477.31821 ... 18031.052       15753.778           228.12471
-----------------------------------------
775441
/mnt//archive/pt5m/2024/24_02_18//adbr0775441.fits
no flat found.  will not flatfield
read ra/dec for target of: (36.807362, 59.460604)
pixel scale is: 0.5581865140294068
x/y of var, cal1, cal2: 616.1103166639862 329.9261675886979 597.7001518124067 203.52920866478058 691.5979421921778 478.8483685820303
 id  xcenter   ycenter  ...  aper_bkg aper_sum_bkgsub aper_sum_bkgsub_err
       pix       pix    ...                                              
--- --------- --------- ... --------- --------------- -------------------
  1 616.11032 329.92617 ... 22350.723       310068.35            595.8144
  2 597.70015 203.52921 ... 19577.889       6491.3534            214.1778
  3 691.59794 478.84837 ... 19409.839       13640.317           229.53212
-----------------------------------------
775442
/mnt//archive/pt5m/2024/24_02_18//adbr0775442.fits
no flat found.  will not flatfield
read ra/dec for target of: (36.807362, 59.460604)
pixel scale is: 0.5584790031142519
x/y of var, cal1, cal2: 617.6472344858739 325.4282204167422 599.1354338090991 199.087502802411 693.3074997983896 474.3132990371582
 id  xcenter   ycenter  ...  aper_bkg aper_sum_bkgsub aper_sum_bkgsub_err
       pix       pix    ...                                              
--- --------- --------- ... --------- --------------- -------------------
  1 617.64723 325.42822 ... 20984.322       316200.73           598.66048
  2 599.13543  199.0875 ... 18130.454       6494.5267           207.31723
  3  693.3075  474.3133 ... 17878.642       14302.077           224.24175
-----------------------------------------
775443
/mnt//archive/pt5m/2024/24_02_18//adbr0775443.fits
no flat found.  will not flatfield
read ra/dec for target of: (36.807362, 59.460604)
pixel scale is: 0.5587206176767382
x/y of var, cal1, cal2: 617.30185272843 327.20307855610224 598.7812608402522 200.9185227309298 692.9844304881073 476.0175342830177
 id  xcenter   ycenter  ...  aper_bkg aper_sum_bkgsub aper_sum_bkgsub_err
       pix       pix    ...                                              
--- --------- --------- ... --------- --------------- -------------------
  1 617.30185 327.20308 ... 22224.148       331389.39            613.2395
  2 598.78126 200.91852 ... 19540.476       6828.3081           214.78887
  3 692.98443 476.01753 ... 19205.018       14119.802           229.68421
