read ra/dec for calibration star of: (354.875121, 62.338367) (354.894929, 62.361394)
automag_driver: using file automag_driver
aperture parameters; rad, r_in, r_out: 5.0, 15.0, 25.0
-----------------------------------------
85
/mnt//archive/draco2/2024/24_10_31//ad0085.fits
flat found.  dividing by flatfield
read ra/dec for target of: (354.863724, 62.372141)
pixel scale is: 0.9856642438109176
x/y of var, cal1, cal2: 553.6348090060196 418.14567596689415 508.8558642157272 301.58846931964746 493.7123032589272 390.86613544736224
 id  xcenter   ycenter  ...  aper_bkg aper_sum_bkgsub aper_sum_bkgsub_err
       pix       pix    ...                                              
--- --------- --------- ... --------- --------------- -------------------
  1 553.63481 418.14568 ... 11607.585       50096.722           271.17687
  2 508.85586 301.58847 ...   11875.2       66018.532           299.98989
  3  493.7123 390.86614 ... 11766.983       5932.9726           172.31349
-----------------------------------------
86
/mnt//archive/draco2/2024/24_10_31//ad0086.fits
flat found.  dividing by flatfield
read ra/dec for target of: (354.863724, 62.372141)
pixel scale is: 0.9856899716302174
x/y of var, cal1, cal2: 553.5287403242692 418.29570866434784 508.7636226217771 301.74285904068194 493.60858315453055 391.0186377765818
 id  xcenter   ycenter  ...  aper_bkg aper_sum_bkgsub aper_sum_bkgsub_err
       pix       pix    ...                                              
--- --------- --------- ... --------- --------------- -------------------
  1 553.52874 418.29571 ... 11699.164       50364.379           272.00681
  2 508.76362 301.74286 ... 11861.419       66731.095           301.12943
  3 493.60858 391.01864 ... 11733.562       5835.7328           171.83672
-----------------------------------------
87
/mnt//archive/draco2/2024/24_10_31//ad0087.fits
flat found.  dividing by flatfield
read ra/dec for target of: (354.863724, 62.372141)
pixel scale is: 0.9856544306547149
x/y of var, cal1, cal2: 553.6142747239683 418.23824265077474 508.84508347028384 301.6800114636848 493.6923601322124 390.9586106409883
 id  xcenter   ycenter  ...  aper_bkg aper_sum_bkgsub aper_sum_bkgsub_err
       pix       pix    ...                                              
--- --------- --------- ... --------- --------------- -------------------
  1 553.61427 418.23824 ... 11514.995       49847.766           270.37521
  2 508.84508 301.68001 ... 11686.442       66773.168           300.61778
  3 493.69236 390.95861 ... 11676.996       6259.7584           172.73897
-----------------------------------------
88
/mnt//archive/draco2/2024/24_10_31//ad0088.fits
flat found.  dividing by flatfield
read ra/dec for target of: (354.863724, 62.372141)
pixel scale is: 0.9856390993544296
x/y of var, cal1, cal2: 553.5963101479215 418.1527033179753 508.82754245195827 301.59351772029424 493.6742978323101 390.8737961856335
 id  xcenter   ycenter  ...  aper_bkg aper_sum_bkgsub aper_sum_bkgsub_err
       pix       pix    ...                                              
--- --------- --------- ... --------- --------------- -------------------
  1 553.59631  418.1527 ... 11788.269        49702.94           271.11709
  2 508.82754 301.59352 ... 11729.235       66050.139           299.55569
  3  493.6743  390.8738 ... 11688.522       6356.0234           173.08399
