read ra/dec for calibration star of: (304.067125, 42.123947) (303.970146, 42.191825)
automag_driver: using file automag_driver
aperture parameters; rad, r_in, r_out: 5.0, 15.0, 25.0
-----------------------------------------
27
/mnt//archive/draco2/2024/24_10_31//ad0027.fits
flat found.  dividing by flatfield
read ra/dec for target of: (304.052831, 42.108719)
pixel scale is: 0.9859934796260993
x/y of var, cal1, cal2: 553.047548938561 416.6637018558664 578.7565633257005 353.9888460093896 268.82502862810156 168.8698756122954
 id  xcenter   ycenter  ...  aper_bkg aper_sum_bkgsub aper_sum_bkgsub_err
       pix       pix    ...                                              
--- --------- --------- ... --------- --------------- -------------------
  1 553.04755  416.6637 ... 12108.841       96107.419           347.20326
  2 578.75656 353.98885 ... 12383.846       105977.94           361.89865
  3 268.82503 168.86988 ... 12568.664       54148.057           281.97586
-----------------------------------------
28
/mnt//archive/draco2/2024/24_10_31//ad0028.fits
flat found.  dividing by flatfield
read ra/dec for target of: (304.052831, 42.108719)
pixel scale is: 0.9860810423311799
x/y of var, cal1, cal2: 553.0067807468802 416.7597501195619 578.71736789859 354.09106243683954 268.76025790519776 168.98126269179647
 id  xcenter   ycenter  ...  aper_bkg aper_sum_bkgsub aper_sum_bkgsub_err
       pix       pix    ...                                              
--- --------- --------- ... --------- --------------- -------------------
  1 553.00678 416.75975 ... 12060.469       96893.882           348.19509
  2 578.71737 354.09106 ... 12067.152       108412.28           364.37835
  3 268.76026 168.98126 ... 12365.205       55555.163           283.74385
-----------------------------------------
29
/mnt//archive/draco2/2024/24_10_31//ad0029.fits
flat found.  dividing by flatfield
read ra/dec for target of: (304.052831, 42.108719)
pixel scale is: 0.9858607534563778
x/y of var, cal1, cal2: 553.2349690617576 416.79263028262415 578.9469522647063 354.1110582051806 269.0178466559595 168.94641958373072
 id  xcenter   ycenter  ...  aper_bkg aper_sum_bkgsub aper_sum_bkgsub_err
       pix       pix    ...                                              
--- --------- --------- ... --------- --------------- -------------------
  1 553.23497 416.79263 ... 12063.355       97847.943           349.57067
  2 578.94695 354.11106 ... 12063.902       108034.21           363.85026
  3 269.01785 168.94642 ... 12289.466       55043.633           282.57311
-----------------------------------------
30
/mnt//archive/draco2/2024/24_10_31//ad0030.fits
flat found.  dividing by flatfield
read ra/dec for target of: (304.052831, 42.108719)
pixel scale is: 0.9859414070835444
x/y of var, cal1, cal2: 553.2509074908677 417.0628663085938 578.961834146077 354.3861291717935 269.03256768550415 169.24016335626646
 id  xcenter   ycenter  ...  aper_bkg aper_sum_bkgsub aper_sum_bkgsub_err
       pix       pix    ...                                              
--- --------- --------- ... --------- --------------- -------------------
  1 553.25091 417.06287 ... 12114.437       96904.171           348.36482
  2 578.96183 354.38613 ... 12170.512       107053.11           362.79351
  3 269.03257 169.24016 ...  12395.71       54820.621           282.55449
