read ra/dec for calibration star of: (36.845811, 59.457341) (36.762357, 59.472787)
automag_driver: using file automag_driver
aperture parameters; rad, r_in, r_out: 5.0, 15.0, 25.0
-----------------------------------------
777295
/mnt//archive/pt5m/2024/24_02_26//adbr0777295.fits
no flat found.  will not flatfield
read ra/dec for target of: (36.807362, 59.460604)
pixel scale is: 0.5588009352370924
x/y of var, cal1, cal2: 637.2913207528455 189.18107033902373 618.6093030468098 62.94360893561975 713.1480027277006 337.8560995063323
 id  xcenter   ycenter  ...  aper_bkg aper_sum_bkgsub aper_sum_bkgsub_err
       pix       pix    ...                                              
--- --------- --------- ... --------- --------------- -------------------
  1 637.29132 189.18107 ... 12156.887       344685.21           607.63804
  2  618.6093 62.943609 ... 9851.2703       8540.8827           168.72588
  3   713.148  337.8561 ... 9809.3502       18655.109           196.21113
-----------------------------------------
777296
/mnt//archive/pt5m/2024/24_02_26//adbr0777296.fits
no flat found.  will not flatfield
read ra/dec for target of: (36.807362, 59.460604)
pixel scale is: 0.5588315693349066
x/y of var, cal1, cal2: 615.6239870162401 274.342658252155 596.9206298284582 148.1210683121122 691.502652425369 422.97334528489824
 id  xcenter   ycenter  ...  aper_bkg aper_sum_bkgsub aper_sum_bkgsub_err
       pix       pix    ...                                              
--- --------- --------- ... --------- --------------- -------------------
  1 615.62399 274.34266 ... 11065.746       353870.54           613.37349
  2 596.92063 148.12107 ... 9053.7921       9013.4157           165.36626
  3 691.50265 422.97335 ... 8466.9726       17664.568           186.61059
-----------------------------------------
777297
/mnt//archive/pt5m/2024/24_02_26//adbr0777297.fits
no flat found.  will not flatfield
read ra/dec for target of: (36.807362, 59.460604)
pixel scale is: 0.5587329793076128
x/y of var, cal1, cal2: 614.796492906924 273.78854412746284 596.0723654800657 147.54312700213774 690.7016012982597 422.45178328067357
 id  xcenter   ycenter  ...  aper_bkg aper_sum_bkgsub aper_sum_bkgsub_err
       pix       pix    ...                                              
--- --------- --------- ... --------- --------------- -------------------
  1 614.79649 273.78854 ... 12746.872       356752.33           618.44246
  2 596.07237 147.54313 ... 10650.346       8918.9617           174.48396
  3  690.7016 422.45178 ...  10147.18       17386.793           194.69503
-----------------------------------------
777298
/mnt//archive/pt5m/2024/24_02_26//adbr0777298.fits
no flat found.  will not flatfield
read ra/dec for target of: (36.807362, 59.460604)
pixel scale is: 0.5588050792040768
x/y of var, cal1, cal2: 615.0797448214817 273.3804758971071 596.3398822150198 147.15231969061549 691.0004579168801 422.020603134495
 id  xcenter   ycenter  ...  aper_bkg aper_sum_bkgsub aper_sum_bkgsub_err
       pix       pix    ...                                              
--- --------- --------- ... --------- --------------- -------------------
  1 615.07974 273.38048 ... 11402.152       355336.72           615.11464
  2 596.33988 147.15232 ... 9473.8476       8895.4803           167.53559
  3 691.00046  422.0206 ... 9054.6505       17198.505           188.50147
-----------------------------------------
777299
/mnt//archive/pt5m/2024/24_02_26//adbr0777299.fits
no flat found.  will not flatfield
read ra/dec for target of: (36.807362, 59.460604)
pixel scale is: 0.558827548926607
x/y of var, cal1, cal2: 615.1607529554313 273.0376517622932 596.448617344005 146.8156813881791 691.0471213301876 421.6672788992344
 id  xcenter   ycenter  ...  aper_bkg aper_sum_bkgsub aper_sum_bkgsub_err
       pix       pix    ...                                              
--- --------- --------- ... --------- --------------- -------------------
  1 615.16075 273.03765 ...  12826.39       356052.22           618.00485
  2 596.44862 146.81568 ...  10898.24       8664.9975           175.17556
  3 691.04712 421.66728 ... 10395.244       17277.039           195.68476
-----------------------------------------
777300
/mnt//archive/pt5m/2024/24_02_26//adbr0777300.fits
no flat found.  will not flatfield
read ra/dec for target of: (36.807362, 59.460604)
pixel scale is: 0.5587197493845133
x/y of var, cal1, cal2: 615.0212127616744 273.85754041772634 596.2812650642021 147.61175302708492 690.9442204845402 422.51369667073624
 id  xcenter   ycenter  ...  aper_bkg aper_sum_bkgsub aper_sum_bkgsub_err
       pix       pix    ...                                              
--- --------- --------- ... --------- --------------- -------------------
  1 615.02121 273.85754 ...  11657.23       352668.18           613.35768
  2 596.28127 147.61175 ... 9896.0658       8929.7844           170.13793
  3 690.94422  422.5137 ... 9309.0113       17143.548           189.70127
-----------------------------------------
777301
/mnt//archive/pt5m/2024/24_02_26//adbr0777301.fits
no flat found.  will not flatfield
read ra/dec for target of: (36.807362, 59.460604)
pixel scale is: 0.5587812452513106
x/y of var, cal1, cal2: 615.7886942766729 274.43338474849696 597.052230205341 148.19791510850433 691.7099210257877 423.0876683584624
 id  xcenter   ycenter  ...  aper_bkg aper_sum_bkgsub aper_sum_bkgsub_err
       pix       pix    ...                                              
--- --------- --------- ... --------- --------------- -------------------
  1 615.78869 274.43338 ... 13080.055       350109.98           613.59196
  2 597.05223 148.19792 ... 11151.585       8973.9856           177.48847
  3 691.70992 423.08767 ... 10648.506       17395.588           197.27544
-----------------------------------------
777302
/mnt//archive/pt5m/2024/24_02_26//adbr0777302.fits
no flat found.  will not flatfield
read ra/dec for target of: (36.807362, 59.460604)
pixel scale is: 0.5588441286779139
x/y of var, cal1, cal2: 615.5913914218963 274.79185649438614 596.8617770137083 148.57352119359572 691.4943960375285 423.4175395414595
 id  xcenter   ycenter  ...  aper_bkg aper_sum_bkgsub aper_sum_bkgsub_err
       pix       pix    ...                                              
--- --------- --------- ... --------- --------------- -------------------
  1 615.59139 274.79186 ... 12155.008       347558.95           609.99505
  2 596.86178 148.57352 ... 10226.972       8862.0753           171.87501
  3  691.4944 423.41754 ... 9640.1783       17133.955           191.41398
