read ra/dec for calibration star of: (352.175813, 63.31704) (352.539642, 63.389221)
automag_driver: using file automag_driver
aperture parameters; rad, r_in, r_out: 5.0, 15.0, 25.0
-----------------------------------------
85
/mnt//archive/draco2/2024/24_11_22//ad0085.fits
flat found.  dividing by flatfield
read ra/dec for target of: (352.303175, 63.374302)
pixel scale is: 0.9825947725099841
x/y of var, cal1, cal2: 553.5674205880929 416.6028619617726 383.88312330748346 659.5671187562295 925.9306871087825 294.2934374357619
 id  xcenter   ycenter  ...  aper_bkg aper_sum_bkgsub aper_sum_bkgsub_err
       pix       pix    ...                                              
--- --------- --------- ... --------- --------------- -------------------
  1 553.56742 416.60286 ... 15454.864       83625.841           338.76329
  2 383.88312 659.56712 ... 15755.865       157133.95           434.59255
  3 925.93069 294.29344 ... 15376.684       100116.56           362.07034
-----------------------------------------
86
/mnt//archive/draco2/2024/24_11_22//ad0086.fits
flat found.  dividing by flatfield
read ra/dec for target of: (352.303175, 63.374302)
pixel scale is: 0.9826684238412194
x/y of var, cal1, cal2: 553.5064622217174 416.543353668618 383.8113090789759 659.4904259122953 925.8866558780323 294.24084529081046
 id  xcenter   ycenter  ...  aper_bkg aper_sum_bkgsub aper_sum_bkgsub_err
       pix       pix    ...                                              
--- --------- --------- ... --------- --------------- -------------------
  1 553.50646 416.54335 ...  15600.19        86750.64           343.76739
  2 383.81131 659.49043 ... 15528.526       163715.56           441.58534
  3 925.88666 294.24085 ... 15170.942       104418.15           367.40309
-----------------------------------------
87
/mnt//archive/draco2/2024/24_11_22//ad0087.fits
flat found.  dividing by flatfield
read ra/dec for target of: (352.303175, 63.374302)
pixel scale is: 0.9828037516560876
x/y of var, cal1, cal2: 553.8510014437296 416.5097806563257 384.16494764114975 659.4238820530343 926.2079679328181 294.2230535001323
 id  xcenter   ycenter  ...  aper_bkg aper_sum_bkgsub aper_sum_bkgsub_err
       pix       pix    ...                                              
--- --------- --------- ... --------- --------------- -------------------
  1   553.851 416.50978 ... 15391.566       84975.019           340.56299
  2 384.16495 659.42388 ... 15523.898        162319.2            439.9909
  3 926.20797 294.22305 ... 15235.697       103332.33           366.09934
-----------------------------------------
88
/mnt//archive/draco2/2024/24_11_22//ad0088.fits
flat found.  dividing by flatfield
read ra/dec for target of: (352.303175, 63.374302)
pixel scale is: 0.9824425608655063
x/y of var, cal1, cal2: 553.7536476374974 416.13225460182 384.05881395298854 659.1287703700966 926.1419191780549 293.81569361232044
 id  xcenter   ycenter  ...  aper_bkg aper_sum_bkgsub aper_sum_bkgsub_err
       pix       pix    ...                                              
--- --------- --------- ... --------- --------------- -------------------
  1 553.75365 416.13225 ... 15496.545       84347.657           339.94962
  2 384.05881 659.12877 ...  15635.62       160156.18           437.78125
  3 926.14192 293.81569 ... 15125.752       102458.64           364.60272
