read ra/dec for calibration star of: (359.428633, 62.690422) (359.62416, 62.747272)
automag_driver: using file automag_driver
aperture parameters; rad, r_in, r_out: 5.0, 15.0, 25.0
-----------------------------------------
109
/mnt//archive/draco2/2024/24_10_14//ad0109.fits
flat found.  dividing by flatfield
read ra/dec for target of: (359.395668, 62.718246)
pixel scale is: 0.9851547647439931
x/y of var, cal1, cal2: 553.9928167723805 416.4912774652732 481.7799430147667 326.07119999763165 196.3143306946527 588.5003333410888
 id  xcenter   ycenter  ...  aper_bkg aper_sum_bkgsub aper_sum_bkgsub_err
       pix       pix    ...                                              
--- --------- --------- ... --------- --------------- -------------------
  1 553.99282 416.49128 ... 12949.198       36466.665           250.18006
  2 481.77994  326.0712 ... 13154.711       4734.1159           176.82912
  3 196.31433 588.50033 ... 13290.073       5975.7067           181.05483
-----------------------------------------
110
/mnt//archive/draco2/2024/24_10_14//ad0110.fits
flat found.  dividing by flatfield
read ra/dec for target of: (359.395668, 62.718246)
pixel scale is: 0.9854207054635136
x/y of var, cal1, cal2: 554.3863336503899 416.5446457845594 482.2182687549291 326.1428298766781 196.81231514173624 588.4768400817967
 id  xcenter   ycenter  ...  aper_bkg aper_sum_bkgsub aper_sum_bkgsub_err
       pix       pix    ...                                              
--- --------- --------- ... --------- --------------- -------------------
  1 554.38633 416.54465 ... 12079.359       37275.224           248.31219
  2 482.21827 326.14283 ... 12097.145       4534.7915           170.15899
  3 196.81232 588.47684 ... 12294.026        6273.053           176.31252
