read ra/dec for calibration star of: (352.175813, 63.31704) (352.539642, 63.389221)
automag_driver: using file automag_driver
aperture parameters; rad, r_in, r_out: 5.0, 15.0, 25.0
-----------------------------------------
89
/mnt//archive/draco2/2024/24_11_22//ad0089.fits
flat found.  dividing by flatfield
read ra/dec for target of: (352.303175, 63.374302)
pixel scale is: 0.9824533926644359
x/y of var, cal1, cal2: 554.5120843278138 415.8165530067943 384.8424879460474 658.8048438949563 926.8226032876529 293.5135062199473
 id  xcenter   ycenter  ...  aper_bkg aper_sum_bkgsub aper_sum_bkgsub_err
       pix       pix    ...                                              
--- --------- --------- ... --------- --------------- -------------------
  1 554.51208 415.81655 ... 4960.4597       14800.604           157.94468
  2 384.84249 658.80484 ... 5052.7835        68535.04           280.83021
  3  926.8226 293.51351 ... 4796.1174       42019.616           227.67707
-----------------------------------------
90
/mnt//archive/draco2/2024/24_11_22//ad0090.fits
flat found.  dividing by flatfield
read ra/dec for target of: (352.303175, 63.374302)
pixel scale is: 0.9824492992356535
x/y of var, cal1, cal2: 554.39208151659 415.67773046291563 384.69261472416855 658.6863503412566 926.7360888197511 293.3317921930426
 id  xcenter   ycenter  ...  aper_bkg aper_sum_bkgsub aper_sum_bkgsub_err
       pix       pix    ...                                              
--- --------- --------- ... --------- --------------- -------------------
  1 554.39208 415.67773 ... 4991.7086       15121.246           159.15296
  2 384.69261 658.68635 ... 5013.4257        69934.93           283.17271
  3 926.73609 293.33179 ... 4941.3229       42809.167           230.03655
-----------------------------------------
91
/mnt//archive/draco2/2024/24_11_22//ad0091.fits
flat found.  dividing by flatfield
read ra/dec for target of: (352.303175, 63.374302)
pixel scale is: 0.9827458764576186
x/y of var, cal1, cal2: 554.2369633000623 415.67785586357803 384.56588156739446 658.6032236319295 926.5680498515705 293.3905924133621
 id  xcenter   ycenter  ...  aper_bkg aper_sum_bkgsub aper_sum_bkgsub_err
       pix       pix    ...                                              
--- --------- --------- ... --------- --------------- -------------------
  1 554.23696 415.67786 ... 4830.4476        15040.64            157.8814
  2 384.56588 658.60322 ... 5020.0011       70932.865            284.9524
  3 926.56805 293.39059 ... 4470.7933       42283.419           226.82594
-----------------------------------------
92
/mnt//archive/draco2/2024/24_11_22//ad0092.fits
flat found.  dividing by flatfield
read ra/dec for target of: (352.303175, 63.374302)
pixel scale is: 0.9825133138864327
x/y of var, cal1, cal2: 554.1065869057862 415.72693686472024 384.41249080983414 658.700822899904 926.4773854676419 293.4304409662484
 id  xcenter   ycenter  ...  aper_bkg aper_sum_bkgsub aper_sum_bkgsub_err
       pix       pix    ...                                              
--- --------- --------- ... --------- --------------- -------------------
  1 554.10659 415.72694 ... 5172.6287        13838.69           156.23363
  2 384.41249 658.70082 ... 5209.7842         65023.8           275.07884
  3 926.47739 293.43044 ... 5019.6707        39553.05            223.1981
