read ra/dec for calibration star of: (359.428633, 62.690422) (359.62416, 62.747272)
automag_driver: using file automag_driver
aperture parameters; rad, r_in, r_out: 5.0, 15.0, 25.0
-----------------------------------------
29
/mnt//archive/draco2/2020/20_11_05//ad0029.fits
no flat found.  will not flatfield
read ra/dec for target of: (359.395668, 62.718246)
pixel scale is: 0.9868684335059237
x/y of var, cal1, cal2: 566.6638983131755 420.96180580918707 515.2636826332086 317.52799505694026 181.35852995306885 513.4947582092591
 id  xcenter   ycenter  ...  aper_bkg aper_sum_bkgsub aper_sum_bkgsub_err
       pix       pix    ...                                              
--- --------- --------- ... --------- --------------- -------------------
  1  566.6639 420.96181 ... 6128.9342       209923.22            471.5995
  2 515.26368   317.528 ... 5967.6465       32854.032           212.16579
  3 181.35853 513.49476 ... 6048.2903       40250.304            229.2856
-----------------------------------------
30
/mnt//archive/draco2/2020/20_11_05//ad0030.fits
no flat found.  will not flatfield
read ra/dec for target of: (359.395668, 62.718246)
pixel scale is: 0.9865726493498619
x/y of var, cal1, cal2: 556.2982258567366 421.3592112033981 504.8793754648866 317.90356808028065 170.881006099226 513.9887180634861
 id  xcenter   ycenter  ...  aper_bkg aper_sum_bkgsub aper_sum_bkgsub_err
       pix       pix    ...                                              
--- --------- --------- ... --------- --------------- -------------------
  1 556.29823 421.35921 ...  6213.302       70020.815           287.52812
  2 504.87938 317.90357 ... 6374.6865       10728.791           153.95832
  3 170.88101 513.98872 ... 6293.9942       14559.939           165.44766
-----------------------------------------
31
/mnt//archive/draco2/2020/20_11_05//ad0031.fits
no flat found.  will not flatfield
read ra/dec for target of: (359.395668, 62.718246)
pixel scale is: 0.9866746765938119
x/y of var, cal1, cal2: 569.2327513657831 421.6586591058505 517.8589881412389 318.2097666406221 184.03135405374724 514.2490136797641
 id  xcenter   ycenter  ...  aper_bkg aper_sum_bkgsub aper_sum_bkgsub_err
       pix       pix    ...                                              
--- --------- --------- ... --------- --------------- -------------------
  1 569.23275 421.65866 ...  6050.666       209331.17           470.80516
  2 517.85899 318.20977 ... 5969.9905       32278.211           210.81554
  3 184.03135 514.24901 ... 6373.3682       39924.326           229.99144
-----------------------------------------
32
/mnt//archive/draco2/2020/20_11_05//ad0032.fits
no flat found.  will not flatfield
read ra/dec for target of: (359.395668, 62.718246)
pixel scale is: 0.9868986867740994
x/y of var, cal1, cal2: 569.0848106751636 421.81538885623814 517.6959545846944 318.3820618448117 183.85164099886902 514.3253587828051
 id  xcenter   ycenter  ...  aper_bkg aper_sum_bkgsub aper_sum_bkgsub_err
       pix       pix    ...                                              
--- --------- --------- ... --------- --------------- -------------------
  1 569.08481 421.81539 ... 6128.5584       213531.04           475.40841
  2 517.69595 318.38206 ... 5886.6417       32947.337           212.00382
  3 183.85164 514.32536 ... 6047.9195       40657.667            230.1706
-----------------------------------------
33
/mnt//archive/draco2/2020/20_11_05//ad0033.fits
no flat found.  will not flatfield
read ra/dec for target of: (359.395668, 62.718246)
pixel scale is: 0.9865883762420051
x/y of var, cal1, cal2: 569.8466526850799 421.63593670995675 518.4403288846662 318.16198644690303 184.6063709814244 514.114368370233
 id  xcenter   ycenter  ...  aper_bkg aper_sum_bkgsub aper_sum_bkgsub_err
       pix       pix    ...                                              
--- --------- --------- ... --------- --------------- -------------------
  1 569.84665 421.63594 ... 6213.1039       215183.43           477.32027
  2 518.44033 318.16199 ... 6011.3798       33190.936           213.16354
  3 184.60637 514.11437 ... 6374.4832       41124.835           232.59149
