read ra/dec for calibration star of: (359.756688, 61.132989) (359.386175, 61.184511)
automag_driver: using file automag_driver
aperture parameters; rad, r_in, r_out: 5.0, 15.0, 25.0
-----------------------------------------
105
/mnt//archive/draco2/2024/24_10_21//ad0105.fits
flat found.  dividing by flatfield
read ra/dec for target of: (359.5749, 61.221062)
pixel scale is: 0.9862802908751064
x/y of var, cal1, cal2: 553.9467348347241 416.54777753812385 174.76087269965097 167.2430354191414 851.9090834997612 218.9746264721398
 id  xcenter   ycenter  ...  aper_bkg aper_sum_bkgsub aper_sum_bkgsub_err
       pix       pix    ...                                              
--- --------- --------- ... --------- --------------- -------------------
  1 553.94673 416.54778 ...  12900.17       44744.551           266.02611
  2 174.76087 167.24304 ... 12795.164       28758.432           233.61028
  3 851.90908 218.97463 ... 12641.966       59243.599           291.12288
-----------------------------------------
106
/mnt//archive/draco2/2024/24_10_21//ad0106.fits
flat found.  dividing by flatfield
read ra/dec for target of: (359.5749, 61.221062)
pixel scale is: 0.9863272247575555
x/y of var, cal1, cal2: 553.9988549531688 416.4443982422485 174.83066191971818 167.14738334106616 851.9729156305212 218.88392575760594
 id  xcenter   ycenter  ...  aper_bkg aper_sum_bkgsub aper_sum_bkgsub_err
       pix       pix    ...                                              
--- --------- --------- ... --------- --------------- -------------------
  1 553.99885  416.4444 ... 12710.526       45057.121           265.90068
  2 174.83066 167.14738 ... 12986.556       28439.113           233.74607
  3 851.97292 218.88393 ...  12547.01       59658.343           291.50877
-----------------------------------------
107
/mnt//archive/draco2/2024/24_10_21//ad0107.fits
flat found.  dividing by flatfield
read ra/dec for target of: (359.5749, 61.221062)
pixel scale is: 0.9862176749466967
x/y of var, cal1, cal2: 553.8304905132711 416.3245066551094 174.67840799639725 166.97612579660273 851.7722653057858 218.76067075292383
 id  xcenter   ycenter  ...  aper_bkg aper_sum_bkgsub aper_sum_bkgsub_err
       pix       pix    ...                                              
--- --------- --------- ... --------- --------------- -------------------
  1 553.83049 416.32451 ... 12979.929       44816.065           266.45998
  2 174.67841 166.97613 ... 12975.574       28566.267           233.97097
  3 851.77227 218.76067 ... 12478.237       59841.879           291.58764
-----------------------------------------
108
/mnt//archive/draco2/2024/24_10_21//ad0108.fits
flat found.  dividing by flatfield
read ra/dec for target of: (359.5749, 61.221062)
pixel scale is: 0.9864744072884724
x/y of var, cal1, cal2: 553.6875025060456 416.33538312765074 174.5544568933076 167.07007351980005 851.6617441327647 218.80872961931232
 id  xcenter   ycenter  ...  aper_bkg aper_sum_bkgsub aper_sum_bkgsub_err
       pix       pix    ...                                              
--- --------- --------- ... --------- --------------- -------------------
  1  553.6875 416.33538 ... 13017.121       44518.643           266.04113
  2 174.55446 167.07007 ... 12917.887       28520.786           233.62697
  3 851.66174 218.80873 ... 12670.209       59666.612           291.94525
