read ra/dec for calibration star of: (346.910188, 58.621305) (346.992287, 58.573333)
automag_driver: using file automag_driver
aperture parameters; rad, r_in, r_out: 5.0, 15.0, 25.0
-----------------------------------------
330
-----------------------------------------
331
-----------------------------------------
332
/mnt//archive/draco2/2024/24_01_17//ad0332.fits
flat found.  dividing by flatfield
read ra/dec for target of: (346.79201, 58.554203)
pixel scale is: 0.9820896834993401
x/y of var, cal1, cal2: 530.138987640745 418.01787452925134 743.481460267869 161.31595844762498 908.893166648706 329.0505734901602
 id  xcenter   ycenter  ...  aper_bkg aper_sum_bkgsub aper_sum_bkgsub_err
       pix       pix    ...                                              
--- --------- --------- ... --------- --------------- -------------------
  1 530.13899 418.01787 ... 8513.7731       160622.19           421.75199
  2 743.48146 161.31596 ... 8248.6606       164035.11           425.15577
  3 908.89317 329.05057 ... 8309.3748       62810.676           282.23116
-----------------------------------------
333
/mnt//archive/draco2/2024/24_01_17//ad0333.fits
flat found.  dividing by flatfield
read ra/dec for target of: (346.79201, 58.554203)
pixel scale is: 0.9819717450236318
x/y of var, cal1, cal2: 530.066350625531 417.86460628868383 743.4553362950641 161.14925168309205 908.911165350516 328.9175011101056
 id  xcenter   ycenter  ...  aper_bkg aper_sum_bkgsub aper_sum_bkgsub_err
       pix       pix    ...                                              
--- --------- --------- ... --------- --------------- -------------------
  1 530.06635 417.86461 ... 8621.8994       164731.79           426.84961
  2 743.45534 161.14925 ... 8631.3441       173118.86           436.58509
  3 908.91117  328.9175 ... 8574.0624       66289.343           289.24465
