read ra/dec for calibration star of: (304.067125, 42.123947) (303.970146, 42.191825)
automag_driver: using file automag_driver
aperture parameters; rad, r_in, r_out: 5.0, 15.0, 25.0
-----------------------------------------
69
/mnt//archive/draco2/2024/24_10_21//ad0069.fits
flat found.  dividing by flatfield
read ra/dec for target of: (304.052831, 42.108719)
pixel scale is: 0.9858062907703724
x/y of var, cal1, cal2: 555.6026411691104 417.41670327668027 581.7586935359628 354.92491216886185 273.21462937571664 167.44848010287893
 id  xcenter   ycenter  ...  aper_bkg aper_sum_bkgsub aper_sum_bkgsub_err
       pix       pix    ...                                              
--- --------- --------- ... --------- --------------- -------------------
  1 555.60264  417.4167 ... 14254.249       73898.402           320.36214
  2 581.75869 354.92491 ... 14206.341       60930.809           299.27995
  3 273.21463 167.44848 ... 14554.645       30555.114           244.72312
-----------------------------------------
70
/mnt//archive/draco2/2024/24_10_21//ad0070.fits
flat found.  dividing by flatfield
read ra/dec for target of: (304.052831, 42.108719)
pixel scale is: 0.9859449940429165
x/y of var, cal1, cal2: 555.7250080146684 417.61237606761335 581.8840540259224 355.1341881102324 273.29398603016205 167.6273606903453
 id  xcenter   ycenter  ...  aper_bkg aper_sum_bkgsub aper_sum_bkgsub_err
       pix       pix    ...                                              
--- --------- --------- ... --------- --------------- -------------------
  1 555.72501 417.61238 ...  14033.03       74948.327           321.30886
  2 581.88405 355.13419 ... 14068.865       60999.412           298.93501
  3 273.29399 167.62736 ... 14257.884       30165.132           242.70538
-----------------------------------------
71
/mnt//archive/draco2/2024/24_10_21//ad0071.fits
flat found.  dividing by flatfield
read ra/dec for target of: (304.052831, 42.108719)
pixel scale is: 0.9858873616486262
x/y of var, cal1, cal2: 555.583815167829 417.2465428805508 581.7453985820748 354.76410717277344 273.1954215157297 167.2533900743651
 id  xcenter   ycenter  ...  aper_bkg aper_sum_bkgsub aper_sum_bkgsub_err
       pix       pix    ...                                              
--- --------- --------- ... --------- --------------- -------------------
  1 555.58382 417.24654 ... 13954.912       75083.232           321.27567
  2  581.7454 354.76411 ... 14044.061       61923.565           300.39422
  3 273.19542 167.25339 ... 14271.007       30523.732           243.49691
-----------------------------------------
72
/mnt//archive/draco2/2024/24_10_21//ad0072.fits
flat found.  dividing by flatfield
read ra/dec for target of: (304.052831, 42.108719)
pixel scale is: 0.9859377098598409
x/y of var, cal1, cal2: 555.8098103381092 417.43407494436656 581.9669026046791 354.95786550529164 273.4130602702309 167.4208775854546
 id  xcenter   ycenter  ...  aper_bkg aper_sum_bkgsub aper_sum_bkgsub_err
       pix       pix    ...                                              
--- --------- --------- ... --------- --------------- -------------------
  1 555.80981 417.43407 ... 13849.528       75960.224           322.31085
  2  581.9669 354.95787 ... 13884.149       62380.447           300.62226
  3 273.41306 167.42088 ... 14066.098       30590.216           242.79088
