read ra/dec for calibration star of: (357.9345179, 58.80670872) (358.2382563, 58.73296991)
automag_driver: using file automag_driver
aperture parameters; rad, r_in, r_out: 5.0, 15.0, 25.0
-----------------------------------------
15
/mnt//archive/draco2/2024/24_10_07//ad0015.fits
flat found.  dividing by flatfield
read ra/dec for target of: (358.02930081425, 58.74172448295)
pixel scale is: 0.9862523146832946
x/y of var, cal1, cal2: 552.1741368824601 408.60997106495785 770.225694824748 610.6580172016008 157.179862845529 447.50573291744644
 id  xcenter   ycenter  ...  aper_bkg aper_sum_bkgsub aper_sum_bkgsub_err
       pix       pix    ...                                              
--- --------- --------- ... --------- --------------- -------------------
  1 552.17414 408.60997 ... 61463.917       117493.49           490.55715
  2 770.22569 610.65802 ... 60301.763       63078.157           428.84343
  3 157.17986 447.50573 ... 61315.089       20957.488            379.2264
-----------------------------------------
16
/mnt//archive/draco2/2024/24_10_07//ad0016.fits
flat found.  dividing by flatfield
read ra/dec for target of: (358.02930081425, 58.74172448295)
pixel scale is: 0.9865854177404895
x/y of var, cal1, cal2: 552.494679187303 408.87742638028993 770.5807262329267 610.9010574661861 157.4817656660099 447.68071460403655
 id  xcenter   ycenter  ...  aper_bkg aper_sum_bkgsub aper_sum_bkgsub_err
       pix       pix    ...                                              
--- --------- --------- ... --------- --------------- -------------------
  1 552.49468 408.87743 ... 59633.728       117692.17           487.01604
  2 770.58073 610.90106 ... 58644.314       62045.743           423.74447
  3 157.48177 447.68071 ... 59711.413       21167.571           375.25378
-----------------------------------------
17
/mnt//archive/draco2/2024/24_10_07//ad0017.fits
flat found.  dividing by flatfield
read ra/dec for target of: (358.02930081425, 58.74172448295)
pixel scale is: 0.98645146421688
x/y of var, cal1, cal2: 552.2510370562628 408.53030478673975 770.2350518801063 610.5228802673112 157.29484089246438 447.4448310601582
 id  xcenter   ycenter  ...  aper_bkg aper_sum_bkgsub aper_sum_bkgsub_err
       pix       pix    ...                                              
--- --------- --------- ... --------- --------------- -------------------
  1 552.25104  408.5303 ... 58245.135       115389.73           481.77277
  2 770.23505 610.52288 ...  57350.26       62623.319           421.36545
  3 157.29484 447.44483 ... 58248.068       21789.726           372.17047
-----------------------------------------
18
/mnt//archive/draco2/2024/24_10_07//ad0018.fits
flat found.  dividing by flatfield
read ra/dec for target of: (358.02930081425, 58.74172448295)
pixel scale is: 0.9865077861802855
x/y of var, cal1, cal2: 552.3918562030947 408.9516012755278 770.4265015741775 610.9725806647057 157.42692982048595 447.7915387530295
 id  xcenter   ycenter  ...  aper_bkg aper_sum_bkgsub aper_sum_bkgsub_err
       pix       pix    ...                                              
--- --------- --------- ... --------- --------------- -------------------
  1 552.39186  408.9516 ... 57165.565       117475.64           481.69676
  2  770.4265 610.97258 ...  55968.02       61764.654             417.044
  3 157.42693 447.79154 ... 56875.473       21006.555           367.39965
-----------------------------------------
19
/mnt//archive/draco2/2024/24_10_07//ad0019.fits
flat found.  dividing by flatfield
read ra/dec for target of: (358.02930081425, 58.74172448295)
pixel scale is: 0.9863667399185235
x/y of var, cal1, cal2: 552.0962842902472 409.04893538707813 770.1217353758068 611.063067936005 157.09248914649208 447.95917370911536
 id  xcenter   ycenter  ...  aper_bkg aper_sum_bkgsub aper_sum_bkgsub_err
       pix       pix    ...                                              
--- --------- --------- ... --------- --------------- -------------------
  1 552.09628 409.04894 ... 55646.588       114930.18            475.8659
  2 770.12174 611.06307 ... 54852.639       62053.344           414.70908
  3 157.09249 447.95917 ... 55491.567       20651.247           363.12447
-----------------------------------------
20
/mnt//archive/draco2/2024/24_10_07//ad0020.fits
flat found.  dividing by flatfield
read ra/dec for target of: (358.02930081425, 58.74172448295)
pixel scale is: 0.9865532228316028
x/y of var, cal1, cal2: 551.7946014567536 408.87618320673926 769.8231411267611 610.9013918145553 156.84298943957907 447.68981548095354
 id  xcenter   ycenter  ...  aper_bkg aper_sum_bkgsub aper_sum_bkgsub_err
       pix       pix    ...                                              
--- --------- --------- ... --------- --------------- -------------------
  1  551.7946 408.87618 ... 54548.335       116816.58           475.53995
  2 769.82314 610.90139 ... 53334.328       62490.869           411.56351
  3 156.84299 447.68982 ... 54446.929       20942.647           360.64041
-----------------------------------------
21
/mnt//archive/draco2/2024/24_10_07//ad0021.fits
flat found.  dividing by flatfield
read ra/dec for target of: (358.02930081425, 58.74172448295)
pixel scale is: 0.9863128829192956
x/y of var, cal1, cal2: 551.6025818263673 408.6000180760159 769.6454202063418 610.6395021201972 156.59296166211567 447.48642946349656
 id  xcenter   ycenter  ...  aper_bkg aper_sum_bkgsub aper_sum_bkgsub_err
       pix       pix    ...                                              
--- --------- --------- ... --------- --------------- -------------------
  1 551.60258 408.60002 ... 53220.061       115487.27           471.33045
  2 769.64542  610.6395 ...  52449.55       62149.502           408.99096
  3 156.59296 447.48643 ... 53038.586       20914.197           356.67404
-----------------------------------------
22
/mnt//archive/draco2/2024/24_10_07//ad0022.fits
flat found.  dividing by flatfield
read ra/dec for target of: (358.02930081425, 58.74172448295)
pixel scale is: 0.9862000794295291
x/y of var, cal1, cal2: 551.5251155015789 408.9644754058363 769.6034272841657 611.0676165580668 156.50064716697148 447.78188281707025
 id  xcenter   ycenter  ...  aper_bkg aper_sum_bkgsub aper_sum_bkgsub_err
       pix       pix    ...                                              
--- --------- --------- ... --------- --------------- -------------------
  1 551.52512 408.96448 ... 52206.968       116307.15           470.04903
  2 769.60343 611.06762 ... 51042.448       62177.428           405.57037
  3 156.50065 447.78188 ...  52049.62       20716.235           353.61063
