read ra/dec for calibration star of: (0.218629, 60.937206) (0.376096, 60.945706)
automag_driver: using file automag_driver
aperture parameters; rad, r_in, r_out: 5.0, 15.0, 25.0
-----------------------------------------
101
/mnt//archive/draco2/2024/24_10_14//ad0101.fits
flat found.  dividing by flatfield
read ra/dec for target of: (0.246827, 60.959009)
pixel scale is: 0.9852099414323731
x/y of var, cal1, cal2: 552.2897463249328 416.06985568709234 587.5882851023712 328.8675208719679 318.0149965403431 408.6749663742915
 id  xcenter   ycenter  ...  aper_bkg aper_sum_bkgsub aper_sum_bkgsub_err
       pix       pix    ...                                              
--- --------- --------- ... --------- --------------- -------------------
  1 552.28975 416.06986 ... 40496.127       21989.104           321.25746
  2 587.58829 328.86752 ... 40764.792        15308.24           311.54907
  3   318.015 408.67497 ... 40953.844       8263.9542           300.66034
-----------------------------------------
102
/mnt//archive/draco2/2024/24_10_14//ad0102.fits
flat found.  dividing by flatfield
read ra/dec for target of: (0.246827, 60.959009)
pixel scale is: 0.9852277399227027
x/y of var, cal1, cal2: 552.1132167963134 415.97718595893224 587.414465049102 328.77439995818935 317.8420019752051 408.5958785887227
 id  xcenter   ycenter  ...  aper_bkg aper_sum_bkgsub aper_sum_bkgsub_err
       pix       pix    ...                                              
--- --------- --------- ... --------- --------------- -------------------
  1 552.11322 415.97719 ... 39667.027       23175.478           320.52228
  2 587.41447  328.7744 ... 40085.106       15116.617           309.04988
  3   317.842 408.59588 ... 40148.682       7638.9235           296.91967
