read ra/dec for calibration star of: (352.175813, 63.31704) (352.539642, 63.389221)
automag_driver: using file automag_driver
aperture parameters; rad, r_in, r_out: 5.0, 15.0, 25.0
-----------------------------------------
81
/mnt//archive/draco2/2024/24_10_31//ad0081.fits
flat found.  dividing by flatfield
read ra/dec for target of: (352.303175, 63.374302)
pixel scale is: 0.9856627234578047
x/y of var, cal1, cal2: 553.0290053448177 416.85910534277946 713.3991486270533 168.76527444642772 186.37515318640214 551.965355408795
 id  xcenter   ycenter  ...  aper_bkg aper_sum_bkgsub aper_sum_bkgsub_err
       pix       pix    ...                                              
--- --------- --------- ... --------- --------------- -------------------
  1 553.02901 416.85911 ... 11744.997       58349.846           286.46962
  2 713.39915 168.76527 ... 11779.341       234668.07            508.3815
  3 186.37515 551.96536 ... 12071.757       147903.67           415.05685
-----------------------------------------
82
/mnt//archive/draco2/2024/24_10_31//ad0082.fits
flat found.  dividing by flatfield
read ra/dec for target of: (352.303175, 63.374302)
pixel scale is: 0.9856897043204911
x/y of var, cal1, cal2: 552.8972510221689 417.0229424193307 713.2782931992812 168.93021322141743 186.2284030949852 552.1385046558391
 id  xcenter   ycenter  ...  aper_bkg aper_sum_bkgsub aper_sum_bkgsub_err
       pix       pix    ...                                              
--- --------- --------- ... --------- --------------- -------------------
  1 552.89725 417.02294 ... 11916.395       59124.132           288.41276
  2 713.27829 168.93021 ... 11867.082       232219.96           506.14141
  3  186.2284  552.1385 ...  11882.57       149183.89           416.14184
-----------------------------------------
83
/mnt//archive/draco2/2024/24_10_31//ad0083.fits
flat found.  dividing by flatfield
read ra/dec for target of: (352.303175, 63.374302)
pixel scale is: 0.9856771560416093
x/y of var, cal1, cal2: 553.1383467358046 416.9105869354409 713.4988089565393 168.81266179726896 186.49119155333472 552.0325214220987
 id  xcenter   ycenter  ...  aper_bkg aper_sum_bkgsub aper_sum_bkgsub_err
       pix       pix    ...                                              
--- --------- --------- ... --------- --------------- -------------------
  1 553.13835 416.91059 ... 11709.627       59722.177           288.73246
  2 713.49881 168.81266 ... 11687.009       234389.91            507.9261
  3 186.49119 552.03252 ... 11940.391       148206.63           415.10531
-----------------------------------------
84
/mnt//archive/draco2/2024/24_10_31//ad0084.fits
flat found.  dividing by flatfield
read ra/dec for target of: (352.303175, 63.374302)
pixel scale is: 0.9856728973629373
x/y of var, cal1, cal2: 552.7294529341465 416.98029035500906 713.1211323070993 168.88195926077998 186.05584307093756 552.1012958947986
 id  xcenter   ycenter  ...  aper_bkg aper_sum_bkgsub aper_sum_bkgsub_err
       pix       pix    ...                                              
--- --------- --------- ... --------- --------------- -------------------
  1 552.72945 416.98029 ... 11768.184       59344.417           288.28074
  2 713.12113 168.88196 ... 11918.315       234902.91           508.88558
  3 186.05584  552.1013 ... 11917.368        148476.4           415.37469
