read ra/dec for calibration star of: (305.960967, 40.530128) (306.050338, 40.640669)
automag_driver: using file automag_driver
aperture parameters; rad, r_in, r_out: 5.0, 15.0, 25.0
-----------------------------------------
23
/mnt//archive/draco2/2024/24_10_31//ad0023.fits
flat found.  dividing by flatfield
read ra/dec for target of: (306.080609, 40.561088)
pixel scale is: 0.9862047631402115
x/y of var, cal1, cal2: 553.6406450206011 415.5905470204825 254.0234572442908 597.6404914198429 408.75965449055883 150.15600540234408
 id  xcenter   ycenter  ...  aper_bkg aper_sum_bkgsub aper_sum_bkgsub_err
       pix       pix    ...                                              
--- --------- --------- ... --------- --------------- -------------------
  1 553.64065 415.59055 ... 12390.615       78138.471           321.16149
  2 254.02346 597.64049 ... 12896.205       121423.62            383.9805
  3 408.75965 150.15601 ... 12339.872       141952.88           408.48209
-----------------------------------------
24
/mnt//archive/draco2/2024/24_10_31//ad0024.fits
flat found.  dividing by flatfield
read ra/dec for target of: (306.080609, 40.561088)
pixel scale is: 0.98610192859291
x/y of var, cal1, cal2: 553.867663016234 415.80812765023126 254.23016572163573 597.8878064609156 408.9652266077201 150.35110197405834
 id  xcenter   ycenter  ...  aper_bkg aper_sum_bkgsub aper_sum_bkgsub_err
       pix       pix    ...                                              
--- --------- --------- ... --------- --------------- -------------------
  1 553.86766 415.80813 ... 12541.371       77958.191           321.35017
  2 254.23017 597.88781 ... 13029.585       120450.97           383.06024
  3 408.96523  150.3511 ... 12491.212       140766.79           407.39933
-----------------------------------------
25
/mnt//archive/draco2/2024/24_10_31//ad0025.fits
flat found.  dividing by flatfield
read ra/dec for target of: (306.080609, 40.561088)
pixel scale is: 0.9860029992485165
x/y of var, cal1, cal2: 554.3527806783558 415.42339643419166 254.77064696927835 597.48382249542 409.44875369157194 149.9215812300523
 id  xcenter   ycenter  ...  aper_bkg aper_sum_bkgsub aper_sum_bkgsub_err
       pix       pix    ...                                              
--- --------- --------- ... --------- --------------- -------------------
  1 554.35278  415.4234 ... 12523.537       76664.136           319.27451
  2 254.77065 597.48382 ... 13044.106       119994.28           382.50162
  3 409.44875 149.92158 ... 12751.407       139800.75           406.85201
-----------------------------------------
26
/mnt//archive/draco2/2024/24_10_31//ad0026.fits
flat found.  dividing by flatfield
read ra/dec for target of: (306.080609, 40.561088)
pixel scale is: 0.9859526869469832
x/y of var, cal1, cal2: 554.1325069802537 415.593831343893 254.47757521055092 597.6649297443242 409.20177291613663 150.07913866552025
 id  xcenter   ycenter  ...  aper_bkg aper_sum_bkgsub aper_sum_bkgsub_err
       pix       pix    ...                                              
--- --------- --------- ... --------- --------------- -------------------
  1 554.13251 415.59383 ... 12681.746       77210.945           320.62351
  2 254.47758 597.66493 ... 13123.286       120881.13           383.86547
  3 409.20177 150.07914 ... 12752.267       139976.23           407.06972
