read ra/dec for calibration star of: (304.067125, 42.123947) (303.970146, 42.191825)
automag_driver: using file automag_driver
aperture parameters; rad, r_in, r_out: 5.0, 15.0, 25.0
-----------------------------------------
113
/mnt//archive/west-14/2024/24_11_11//ad0113.fits
flat found.  dividing by flatfield
read ra/dec for target of: (304.052831, 42.108719)
pixel scale is: 0.9109993635675605
x/y of var, cal1, cal2: 561.4785873495903 406.66579586383483 521.7009365086179 468.2268515992812 814.5170668706452 726.8232385014261
 id  xcenter   ycenter  ...  aper_bkg aper_sum_bkgsub aper_sum_bkgsub_err
       pix       pix    ...                                              
--- --------- --------- ... --------- --------------- -------------------
  1 561.47859  406.6658 ... 20130.832       53708.128            306.9117
  2 521.70094 468.22685 ... 20168.313       87862.135           358.36261
  3 814.51707 726.82324 ... 20330.019       44611.451           292.39783
-----------------------------------------
114
/mnt//archive/west-14/2024/24_11_11//ad0114.fits
flat found.  dividing by flatfield
read ra/dec for target of: (304.052831, 42.108719)
pixel scale is: 0.9110053746952294
x/y of var, cal1, cal2: 562.4240853914013 406.35510326037274 522.6500769925808 467.91252328891545 815.4341448125683 726.5309744200338
 id  xcenter   ycenter  ...  aper_bkg aper_sum_bkgsub aper_sum_bkgsub_err
       pix       pix    ...                                              
--- --------- --------- ... --------- --------------- -------------------
  1 562.42409  406.3551 ... 20447.451       53906.074           308.26284
  2 522.65008 467.91252 ... 20370.842       87194.772           357.99645
  3 815.43414 726.53097 ... 20273.698       44037.023           291.22057
-----------------------------------------
115
/mnt//archive/west-14/2024/24_11_11//ad0115.fits
flat found.  dividing by flatfield
read ra/dec for target of: (304.052831, 42.108719)
pixel scale is: 0.9110444101316857
x/y of var, cal1, cal2: 561.6222649361767 405.94347402692654 521.8533115283299 467.49467000714077 814.6332011250088 726.1284625425587
 id  xcenter   ycenter  ...  aper_bkg aper_sum_bkgsub aper_sum_bkgsub_err
       pix       pix    ...                                              
--- --------- --------- ... --------- --------------- -------------------
  1 561.62226 405.94347 ... 20258.353       52132.588           304.75284
  2 521.85331 467.49467 ... 20242.504       85697.009           355.53764
  3  814.6332 726.12846 ... 20285.643       43308.402           290.00808
-----------------------------------------
116
/mnt//archive/west-14/2024/24_11_11//ad0116.fits
flat found.  dividing by flatfield
read ra/dec for target of: (304.052831, 42.108719)
pixel scale is: 0.9109250029052668
x/y of var, cal1, cal2: 561.1321515423715 405.4380659170868 521.3444474550435 467.0000795295218 814.1515390477252 725.6474683719159
 id  xcenter   ycenter  ...  aper_bkg aper_sum_bkgsub aper_sum_bkgsub_err
       pix       pix    ...                                              
--- --------- --------- ... --------- --------------- -------------------
  1 561.13215 405.43807 ... 20562.664       53193.379            307.4796
  2 521.34445 467.00008 ...  20515.45        86824.31           357.88296
  3 814.15154 725.64747 ...  20580.58       44020.401           292.24401
