read ra/dec for calibration star of: (346.910188, 58.621305) (346.992287, 58.573333)
automag_driver: using file automag_driver
aperture parameters; rad, r_in, r_out: 5.0, 15.0, 25.0
-----------------------------------------
117
/mnt//archive/draco2/2024/24_10_14//ad0117.fits
flat found.  dividing by flatfield
read ra/dec for target of: (346.79201, 58.554203)
pixel scale is: 0.985168984475204
x/y of var, cal1, cal2: 553.2745745870143 417.87391508995887 375.0356139663052 699.0702253172124 190.0946092445801 554.5128198335603
 id  xcenter   ycenter  ...  aper_bkg aper_sum_bkgsub aper_sum_bkgsub_err
       pix       pix    ...                                              
--- --------- --------- ... --------- --------------- -------------------
  1 553.27457 417.87392 ... 10771.044       36885.813           242.18361
  2 375.03561 699.07023 ... 10944.461       33665.478           236.17663
  3 190.09461 554.51282 ... 11108.036       11957.673           185.46899
-----------------------------------------
118
/mnt//archive/draco2/2024/24_10_14//ad0118.fits
flat found.  dividing by flatfield
read ra/dec for target of: (346.79201, 58.554203)
pixel scale is: 0.9852206605662803
x/y of var, cal1, cal2: 553.1121189022953 418.0128213347466 374.9030515582933 699.1557082009745 189.9305306101956 554.5657854144785
 id  xcenter   ycenter  ...  aper_bkg aper_sum_bkgsub aper_sum_bkgsub_err
       pix       pix    ...                                              
--- --------- --------- ... --------- --------------- -------------------
  1 553.11212 418.01282 ... 10920.332       37150.379           243.34347
  2 374.90305 699.15571 ... 10911.028       33006.074           234.63403
  3 189.93053 554.56579 ... 11062.102       12223.407           185.93712
