read ra/dec for calibration star of: (36.845811, 59.457341) (36.762357, 59.472787)
automag_driver: using file automag_driver
aperture parameters; rad, r_in, r_out: 5.0, 15.0, 25.0
-----------------------------------------
776082
/mnt//archive/pt5m/2024/24_02_20//adbr0776082.fits
no flat found.  will not flatfield
read ra/dec for target of: (36.807362, 59.460604)
pixel scale is: 0.5589434371608671
x/y of var, cal1, cal2: 627.4133888376214 279.6347460570964 608.8214830801378 153.4158813940159 703.1512813223844 428.3272164601434
 id  xcenter   ycenter  ...  aper_bkg aper_sum_bkgsub aper_sum_bkgsub_err
       pix       pix    ...                                              
--- --------- --------- ... --------- --------------- -------------------
  1 627.41339 279.63475 ... 18519.325       498342.03           731.85086
  2 608.82148 153.41588 ... 16005.391       9293.7386           203.78793
  3 703.15128 428.32722 ... 15418.805       19024.339           223.80114
-----------------------------------------
776083
/mnt//archive/pt5m/2024/24_02_20//adbr0776083.fits
no flat found.  will not flatfield
read ra/dec for target of: (36.807362, 59.460604)
pixel scale is: 0.5588293923614536
x/y of var, cal1, cal2: 615.3159381643792 320.1131983863442 596.7174728449705 193.8713888434679 691.0671985058522 468.82459632717945
 id  xcenter   ycenter  ...  aper_bkg aper_sum_bkgsub aper_sum_bkgsub_err
       pix       pix    ...                                              
--- --------- --------- ... --------- --------------- -------------------
  1 615.31594  320.1132 ... 20035.862        497654.4           733.45151
  2 596.71747 193.87139 ... 17185.573       9138.6141           209.12857
  3  691.0672  468.8246 ... 16598.748       19358.191           229.74048
-----------------------------------------
776084
/mnt//archive/pt5m/2024/24_02_20//adbr0776084.fits
no flat found.  will not flatfield
read ra/dec for target of: (36.807362, 59.460604)
pixel scale is: 0.5587790668718221
x/y of var, cal1, cal2: 614.4935451437849 320.14834667359673 595.8754785286304 193.89763481093104 690.266983421416 468.8631051444031
 id  xcenter   ycenter  ...  aper_bkg aper_sum_bkgsub aper_sum_bkgsub_err
       pix       pix    ...                                              
--- --------- --------- ... --------- --------------- -------------------
  1 614.49355 320.14835 ... 18781.764        501700.3           734.49903
  2 595.87548 193.89763 ... 15930.961       9372.1386           203.61498
  3 690.26698 468.86311 ... 15427.878       19327.286           224.51735
-----------------------------------------
776085
/mnt//archive/pt5m/2024/24_02_20//adbr0776085.fits
no flat found.  will not flatfield
read ra/dec for target of: (36.807362, 59.460604)
pixel scale is: 0.5586020771710075
x/y of var, cal1, cal2: 615.0934885908267 319.8955878502117 596.4801499486776 193.60317995452158 690.868781482134 468.66435718804706
 id  xcenter   ycenter  ...  aper_bkg aper_sum_bkgsub aper_sum_bkgsub_err
       pix       pix    ...                                              
--- --------- --------- ... --------- --------------- -------------------
  1 615.09349 319.89559 ... 20136.073       501491.32           736.19866
  2 596.48015 193.60318 ... 17115.662       9192.3995           208.92277
  3 690.86878 468.66436 ...  16612.26       19590.676           230.30457
-----------------------------------------
776086
/mnt//archive/pt5m/2024/24_02_20//adbr0776086.fits
no flat found.  will not flatfield
read ra/dec for target of: (36.807362, 59.460604)
pixel scale is: 0.5587286484339695
x/y of var, cal1, cal2: 614.796037694574 319.73492621570136 596.1874495625603 193.47286665665501 690.5601891766966 468.462913679863
 id  xcenter   ycenter  ...  aper_bkg aper_sum_bkgsub aper_sum_bkgsub_err
       pix       pix    ...                                              
--- --------- --------- ... --------- --------------- -------------------
  1 614.79604 319.73493 ... 18701.293       500401.65           733.50476
  2 596.18745 193.47287 ... 15933.836       9570.8451           204.11643
  3 690.56019 468.46291 ... 15262.938       19291.233           223.70094
-----------------------------------------
776087
/mnt//archive/pt5m/2024/24_02_20//adbr0776087.fits
no flat found.  will not flatfield
read ra/dec for target of: (36.807362, 59.460604)
pixel scale is: 0.5585791330109914
x/y of var, cal1, cal2: 614.8099970441041 319.8265656528125 596.2089349223103 193.5288432581831 690.5691559525758 468.60195512057123
 id  xcenter   ycenter  ...  aper_bkg aper_sum_bkgsub aper_sum_bkgsub_err
       pix       pix    ...                                              
--- --------- --------- ... --------- --------------- -------------------
  1    614.81 319.82657 ... 20053.819       502524.29           736.78825
  2 596.20893 193.52884 ... 17117.068       9214.7395           208.98296
  3 690.56916 468.60196 ... 16697.533       19566.373           230.62185
-----------------------------------------
776088
/mnt//archive/pt5m/2024/24_02_20//adbr0776088.fits
no flat found.  will not flatfield
read ra/dec for target of: (36.807362, 59.460604)
pixel scale is: 0.5586417667171788
x/y of var, cal1, cal2: 615.1565157490155 318.9071529415028 596.5459153417805 192.62520918668636 690.9164625571248 467.6592814166406
 id  xcenter   ycenter  ...  aper_bkg aper_sum_bkgsub aper_sum_bkgsub_err
       pix       pix    ...                                              
--- --------- --------- ... --------- --------------- -------------------
  1 615.15652 318.90715 ... 18790.997       503646.09           735.83496
  2 596.54592 192.62521 ... 15854.904       9230.7757           202.89304
  3 690.91646 467.65928 ... 15351.574       19928.318           225.51378
-----------------------------------------
776089
/mnt//archive/pt5m/2024/24_02_20//adbr0776089.fits
no flat found.  will not flatfield
read ra/dec for target of: (36.807362, 59.460604)
pixel scale is: 0.5587376045898435
x/y of var, cal1, cal2: 615.1069840335477 319.70722028072464 596.5006200069607 193.4476083157219 690.8656098332924 468.4310976049076
 id  xcenter   ycenter  ...  aper_bkg aper_sum_bkgsub aper_sum_bkgsub_err
       pix       pix    ...                                              
--- --------- --------- ... --------- --------------- -------------------
  1 615.10698 319.70722 ... 20042.445       503456.76           737.40535
  2 596.50062 193.44761 ...  17107.36       9718.6092           210.13883
  3 690.86561  468.4311 ... 16688.062       19578.377           230.60681
