read ra/dec for calibration star of: (352.175813, 63.31704) (352.539642, 63.389221)
automag_driver: using file automag_driver
aperture parameters; rad, r_in, r_out: 5.0, 15.0, 25.0
-----------------------------------------
66
/mnt//archive/draco2/2024/24_11_25//ad0066.fits
flat found.  dividing by flatfield
read ra/dec for target of: (352.303175, 63.374302)
pixel scale is: 0.9838712921196595
x/y of var, cal1, cal2: 553.8778238447957 417.3054886408868 352.9983667755357 634.7424224730305 938.972724125168 346.69619771029824
 id  xcenter   ycenter  ...  aper_bkg aper_sum_bkgsub aper_sum_bkgsub_err
       pix       pix    ...                                              
--- --------- --------- ... --------- --------------- -------------------
  1 553.87782 417.30549 ... 23993.422       33045.423            285.0566
  2 352.99837 634.74242 ... 24143.564       77668.008           355.21843
  3 938.97272  346.6962 ... 23778.968       52259.374           316.29466
-----------------------------------------
67
/mnt//archive/draco2/2024/24_11_25//ad0067.fits
flat found.  dividing by flatfield
read ra/dec for target of: (352.303175, 63.374302)
pixel scale is: 0.9837527806096202
x/y of var, cal1, cal2: 554.1384857924734 416.8824297258826 353.30254855424823 634.3417338225107 939.1868671171172 346.27195421309784
 id  xcenter   ycenter  ...  aper_bkg aper_sum_bkgsub aper_sum_bkgsub_err
       pix       pix    ...                                              
--- --------- --------- ... --------- --------------- -------------------
  1 554.13849 416.88243 ... 24462.577       32815.137           286.29581
  2 353.30255 634.34173 ... 24344.612        80643.27           359.94096
  3 939.18687 346.27195 ... 23998.665       51499.132           315.78705
-----------------------------------------
68
/mnt//archive/draco2/2024/24_11_25//ad0068.fits
flat found.  dividing by flatfield
read ra/dec for target of: (352.303175, 63.374302)
pixel scale is: 0.983582019113734
x/y of var, cal1, cal2: 554.2787130290951 417.0253976118503 353.43469128732636 634.5201421622432 939.361349798331 346.407096885463
 id  xcenter   ycenter  ...  aper_bkg aper_sum_bkgsub aper_sum_bkgsub_err
       pix       pix    ...                                              
--- --------- --------- ... --------- --------------- -------------------
  1 554.27871  417.0254 ... 23127.512       35322.613            286.0116
  2 353.43469 634.52014 ... 23466.638       85596.166           364.35483
  3 939.36135  346.4071 ... 23118.623       56897.733           321.49647
-----------------------------------------
69
/mnt//archive/draco2/2024/24_11_25//ad0069.fits
flat found.  dividing by flatfield
read ra/dec for target of: (352.303175, 63.374302)
pixel scale is: 0.9837878948951737
x/y of var, cal1, cal2: 554.3421412953809 416.55488080391086 353.5078809795209 634.0227797535355 939.3846669482452 345.9155652943542
 id  xcenter   ycenter  ...  aper_bkg aper_sum_bkgsub aper_sum_bkgsub_err
       pix       pix    ...                                              
--- --------- --------- ... --------- --------------- -------------------
  1 554.34214 416.55488 ...   22538.2       40861.246           293.53475
  2 353.50788 634.02278 ... 22505.275       100742.19           382.07033
  3 939.38467 345.91557 ... 22539.256       63470.221           329.80863
