read ra/dec for calibration star of: (24.126247, 57.798882) (24.204493, 57.811872)
automag_driver: using file automag_driver
aperture parameters; rad, r_in, r_out: 5.0, 15.0, 25.0
-----------------------------------------
149
/mnt//archive/draco2/2024/24_11_22//ad0149.fits
flat found.  dividing by flatfield
read ra/dec for target of: (24.308415, 57.75922)
pixel scale is: 0.9828812837250064
x/y of var, cal1, cal2: 553.9208452858879 417.07687781423726 928.7477273529905 501.79797236101604 785.893156466487 573.7546551357452
 id  xcenter   ycenter  ...  aper_bkg aper_sum_bkgsub aper_sum_bkgsub_err
       pix       pix    ...                                              
--- --------- --------- ... --------- --------------- -------------------
  1 553.92085 417.07688 ... 3750.6081       152539.26           400.33171
  2 928.74773 501.79797 ... 3700.4464       72186.776           282.51136
  3 785.89316 573.75466 ... 3680.7644       31196.147           196.93318
-----------------------------------------
150
/mnt//archive/draco2/2024/24_11_22//ad0150.fits
flat found.  dividing by flatfield
read ra/dec for target of: (24.308415, 57.75922)
pixel scale is: 0.9828146432731957
x/y of var, cal1, cal2: 553.733600266274 416.93643532202174 928.5526240536035 501.6974804935295 785.6865097909388 573.6460074671509
 id  xcenter   ycenter  ...  aper_bkg aper_sum_bkgsub aper_sum_bkgsub_err
       pix       pix    ...                                              
--- --------- --------- ... --------- --------------- -------------------
  1  553.7336 416.93644 ... 3806.6335       153043.53           401.10073
  2 928.55262 501.69748 ... 3553.0391       72268.995           282.13485
  3 785.68651 573.64601 ... 3697.3606       31147.681           196.89439
-----------------------------------------
151
/mnt//archive/draco2/2024/24_11_22//ad0151.fits
flat found.  dividing by flatfield
read ra/dec for target of: (24.308415, 57.75922)
pixel scale is: 0.982986382797374
x/y of var, cal1, cal2: 553.7330808006149 417.00524246094074 928.5359267508527 501.75679625116413 785.6818473018907 573.6907252520539
 id  xcenter   ycenter  ...  aper_bkg aper_sum_bkgsub aper_sum_bkgsub_err
       pix       pix    ...                                              
--- --------- --------- ... --------- --------------- -------------------
  1 553.73308 417.00524 ... 3682.4123       152948.03           400.67175
  2 928.53593  501.7568 ...  3639.329       73364.887           284.37395
  3 785.68185 573.69073 ... 3747.3873       31280.352            197.4845
-----------------------------------------
152
/mnt//archive/draco2/2024/24_11_22//ad0152.fits
flat found.  dividing by flatfield
read ra/dec for target of: (24.308415, 57.75922)
pixel scale is: 0.9826159415598059
x/y of var, cal1, cal2: 553.6617770610767 416.961992716362 928.4450448483748 501.75121541662145 785.5929133743191 573.7100847030938
 id  xcenter   ycenter  ...  aper_bkg aper_sum_bkgsub aper_sum_bkgsub_err
       pix       pix    ...                                              
--- --------- --------- ... --------- --------------- -------------------
  1 553.66178 416.96199 ... 3823.8619       152858.25           400.91268
  2 928.44504 501.75122 ... 3786.2529       72161.486           282.77021
  3 785.59291 573.71008 ... 3766.7597       30973.606           196.80479
-----------------------------------------
153
/mnt//archive/draco2/2024/24_11_22//ad0153.fits
flat found.  dividing by flatfield
read ra/dec for target of: (24.308415, 57.75922)
pixel scale is: 0.9828322874336568
x/y of var, cal1, cal2: 553.7899408401059 417.05980547217223 928.6116724609603 501.7770894098202 785.7513805609794 573.7404229176025
 id  xcenter   ycenter  ...  aper_bkg aper_sum_bkgsub aper_sum_bkgsub_err
       pix       pix    ...                                              
--- --------- --------- ... --------- --------------- -------------------
  1 553.78994 417.05981 ... 3631.4628       148598.34           395.07755
  2 928.61167 501.77709 ... 3713.6102       70192.933           279.00744
  3 785.75138 573.74042 ... 3767.0016       29889.221            194.0315
-----------------------------------------
154
/mnt//archive/draco2/2024/24_11_22//ad0154.fits
flat found.  dividing by flatfield
read ra/dec for target of: (24.308415, 57.75922)
pixel scale is: 0.982801280210274
x/y of var, cal1, cal2: 553.7190690543199 416.90118896512564 928.5442293981811 501.60443456605583 785.679167288811 573.5764087299857
 id  xcenter   ycenter  ...  aper_bkg aper_sum_bkgsub aper_sum_bkgsub_err
       pix       pix    ...                                              
--- --------- --------- ... --------- --------------- -------------------
  1 553.71907 416.90119 ... 3732.3404        148223.2           394.85806
  2 928.54423 501.60443 ...  3714.179       70299.096           279.19967
  3 785.67917 573.57641 ... 3681.6324       30257.931           194.54099
-----------------------------------------
155
/mnt//archive/draco2/2024/24_11_22//ad0155.fits
flat found.  dividing by flatfield
read ra/dec for target of: (24.308415, 57.75922)
pixel scale is: 0.9825289349807531
x/y of var, cal1, cal2: 553.6727039627631 416.98779425072723 928.5100789131852 501.752109057938 785.6456978376782 573.7297046296228
 id  xcenter   ycenter  ...  aper_bkg aper_sum_bkgsub aper_sum_bkgsub_err
       pix       pix    ...                                              
--- --------- --------- ... --------- --------------- -------------------
  1  553.6727 416.98779 ... 3900.2053       149930.81           397.43706
  2 928.51008 501.75211 ... 3713.0407       70898.623            280.2672
  3  785.6457  573.7297 ... 3593.2935       30312.856           194.22781
-----------------------------------------
156
/mnt//archive/draco2/2024/24_11_22//ad0156.fits
flat found.  dividing by flatfield
read ra/dec for target of: (24.308415, 57.75922)
pixel scale is: 0.9827646275747046
x/y of var, cal1, cal2: 553.4566635158045 417.236859198546 928.2921112177705 502.0362315770194 785.4358359160306 573.9754554440016
 id  xcenter   ycenter  ...  aper_bkg aper_sum_bkgsub aper_sum_bkgsub_err
       pix       pix    ...                                              
--- --------- --------- ... --------- --------------- -------------------
  1 553.45666 417.23686 ... 3675.4614        146511.3           392.53945
  2 928.29211 502.03623 ... 3697.9875       69942.217           278.50169
  3 785.43584 573.97546 ... 3690.4089       29546.069           192.74825
-----------------------------------------
157
/mnt//archive/draco2/2024/24_11_22//ad0157.fits
flat found.  dividing by flatfield
read ra/dec for target of: (24.308415, 57.75922)
pixel scale is: 0.9830614421570415
x/y of var, cal1, cal2: 553.2452489176565 417.12097586994895 928.0630166651144 501.85513963012545 785.2056270005321 573.7877374432524
 id  xcenter   ycenter  ...  aper_bkg aper_sum_bkgsub aper_sum_bkgsub_err
       pix       pix    ...                                              
--- --------- --------- ... --------- --------------- -------------------
  1 553.24525 417.12098 ... 3931.5338       140393.04           385.33246
  2 928.06302 501.85514 ... 3794.0113       67284.048           274.03845
  3 785.20563 573.78774 ... 3830.9741       27619.212           188.43078
-----------------------------------------
158
/mnt//archive/draco2/2024/24_11_22//ad0158.fits
flat found.  dividing by flatfield
read ra/dec for target of: (24.308415, 57.75922)
pixel scale is: 0.9827637522589016
x/y of var, cal1, cal2: 553.315362478256 417.2274624842778 928.1318540530935 502.00718613513476 785.2902431014367 573.9539913958423
 id  xcenter   ycenter  ...  aper_bkg aper_sum_bkgsub aper_sum_bkgsub_err
       pix       pix    ...                                              
--- --------- --------- ... --------- --------------- -------------------
  1 553.31536 417.22746 ... 3838.1728       141488.17            386.5094
  2 928.13185 502.00719 ... 3779.9291       66652.862           272.83277
  3 785.29024 573.95399 ... 3827.0704       28460.216           190.62884
-----------------------------------------
159
/mnt//archive/draco2/2024/24_11_22//ad0159.fits
flat found.  dividing by flatfield
read ra/dec for target of: (24.308415, 57.75922)
pixel scale is: 0.9830236748072735
x/y of var, cal1, cal2: 553.165257614854 417.3231206854946 927.9337979139848 502.0372962278783 785.0961894265599 573.9815164582023
 id  xcenter   ycenter  ...  aper_bkg aper_sum_bkgsub aper_sum_bkgsub_err
       pix       pix    ...                                              
--- --------- --------- ... --------- --------------- -------------------
  1 553.16526 417.32312 ... 3770.0082       142298.94           387.38089
  2  927.9338  502.0373 ...  3714.682       68607.532           276.15556
  3 785.09619 573.98152 ... 3654.7088       29356.146           192.06916
-----------------------------------------
160
/mnt//archive/draco2/2024/24_11_22//ad0160.fits
flat found.  dividing by flatfield
read ra/dec for target of: (24.308415, 57.75922)
pixel scale is: 0.9829218000725981
x/y of var, cal1, cal2: 553.6019290666326 417.6704621144413 928.4122889143265 502.3832225228087 785.5572038788424 574.3387859837399
 id  xcenter   ycenter  ...  aper_bkg aper_sum_bkgsub aper_sum_bkgsub_err
       pix       pix    ...                                              
--- --------- --------- ... --------- --------------- -------------------
  1 553.60193 417.67046 ... 3865.9464          141452           386.53446
  2 928.41229 502.38322 ... 3790.3836       67907.189           275.15987
  3  785.5572 574.33879 ... 3811.5717       28826.032           191.50503
-----------------------------------------
161
/mnt//archive/draco2/2024/24_11_22//ad0161.fits
flat found.  dividing by flatfield
read ra/dec for target of: (24.308415, 57.75922)
pixel scale is: 0.9828703789546877
x/y of var, cal1, cal2: 553.4800308570183 417.2531292376284 928.2981415474705 502.01799647663336 785.446373978062 573.9591532472302
 id  xcenter   ycenter  ...  aper_bkg aper_sum_bkgsub aper_sum_bkgsub_err
       pix       pix    ...                                              
--- --------- --------- ... --------- --------------- -------------------
  1 553.48003 417.25313 ... 3910.5238       143639.84           389.46873
  2 928.29814   502.018 ... 3862.7811       68255.838           276.05507
  3 785.44637 573.95915 ... 3766.1263       28804.555           191.21142
-----------------------------------------
162
/mnt//archive/draco2/2024/24_11_22//ad0162.fits
flat found.  dividing by flatfield
read ra/dec for target of: (24.308415, 57.75922)
pixel scale is: 0.9827040738882717
x/y of var, cal1, cal2: 553.3037123443726 417.61754705236945 928.089938910124 502.43722824256776 785.2475565988701 574.3751362319329
 id  xcenter   ycenter  ...  aper_bkg aper_sum_bkgsub aper_sum_bkgsub_err
       pix       pix    ...                                              
--- --------- --------- ... --------- --------------- -------------------
  1 553.30371 417.61755 ... 3785.4748       143505.12           388.97439
  2 928.08994 502.43723 ... 3707.5157       67848.588           274.75192
  3 785.24756 574.37514 ... 3590.2572       28681.231           189.96512
-----------------------------------------
163
/mnt//archive/draco2/2024/24_11_22//ad0163.fits
flat found.  dividing by flatfield
read ra/dec for target of: (24.308415, 57.75922)
pixel scale is: 0.9829017626366443
x/y of var, cal1, cal2: 553.1597715519197 417.21231274454044 927.905081482605 501.9970191596911 785.0669636642835 573.9272864967445
 id  xcenter   ycenter  ...  aper_bkg aper_sum_bkgsub aper_sum_bkgsub_err
       pix       pix    ...                                              
--- --------- --------- ... --------- --------------- -------------------
  1 553.15977 417.21231 ... 3975.3197       137482.04           381.65126
  2 927.90508 501.99702 ... 3722.7207        64283.78           268.24284
  3 785.06696 573.92729 ... 3827.3833       27681.622           188.57728
-----------------------------------------
164
/mnt//archive/draco2/2024/24_11_22//ad0164.fits
flat found.  dividing by flatfield
read ra/dec for target of: (24.308415, 57.75922)
pixel scale is: 0.9830199115271365
x/y of var, cal1, cal2: 553.0983611886542 417.10342103201145 927.8526160302886 501.83548578367515 785.0219291859084 573.7732865060036
 id  xcenter   ycenter  ...  aper_bkg aper_sum_bkgsub aper_sum_bkgsub_err
       pix       pix    ...                                              
--- --------- --------- ... --------- --------------- -------------------
  1 553.09836 417.10342 ... 3918.0148       137283.73           381.24107
  2 927.85262 501.83549 ... 3833.0086       64566.832           269.17996
  3 785.02193 573.77329 ... 3819.3054       27930.947            189.1945
