read ra/dec for calibration star of: (323.139367, 49.200936) (323.214433, 49.246981)
automag_driver: using file automag_driver
aperture parameters; rad, r_in, r_out: 5.0, 15.0, 25.0
-----------------------------------------
186
/mnt//archive/west-14/2024/24_10_19//ad0186.fits
flat found.  dividing by flatfield
read ra/dec for target of: (323.16844, 49.212512)
pixel scale is: 0.9120731754378749
x/y of var, cal1, cal2: 577.1986962658186 413.3610513236799 652.9945745576982 369.1401685763316 456.1336598333059 547.1348292226215
 id  xcenter   ycenter  ...  aper_bkg aper_sum_bkgsub aper_sum_bkgsub_err
       pix       pix    ...                                              
--- --------- --------- ... --------- --------------- -------------------
  1  577.1987 413.36105 ... 18096.243        64091.39           317.03135
  2 652.99457 369.14017 ... 18064.152       32015.926            261.4751
  3 456.13366 547.13483 ... 17776.116       42670.136           280.08457
-----------------------------------------
187
/mnt//archive/west-14/2024/24_10_19//ad0187.fits
flat found.  dividing by flatfield
read ra/dec for target of: (323.16844, 49.212512)
pixel scale is: 0.9120693661498323
x/y of var, cal1, cal2: 578.12368271375 413.38285640720727 653.9155031364733 369.16728284709745 457.06946811699225 547.1484155824761
 id  xcenter   ycenter  ...  aper_bkg aper_sum_bkgsub aper_sum_bkgsub_err
       pix       pix    ...                                              
--- --------- --------- ... --------- --------------- -------------------
  1 578.12368 413.38286 ... 17973.616       64301.152           316.97537
  2  653.9155 369.16728 ... 17861.431       31682.469           260.05832
  3 457.06947 547.14842 ... 17628.698       42675.185           279.56677
-----------------------------------------
188
/mnt//archive/west-14/2024/24_10_19//ad0188.fits
flat found.  dividing by flatfield
read ra/dec for target of: (323.16844, 49.212512)
pixel scale is: 0.912018569390616
x/y of var, cal1, cal2: 579.1284073708514 413.68974902122727 654.930218644371 369.4677854839675 458.04994606420536 547.4690355108206
 id  xcenter   ycenter  ...  aper_bkg aper_sum_bkgsub aper_sum_bkgsub_err
       pix       pix    ...                                              
--- --------- --------- ... --------- --------------- -------------------
  1 579.12841 413.68975 ...  17900.86       64507.848           317.07187
  2 654.93022 369.46779 ... 17837.108       31764.846           260.12317
  3 458.04995 547.46904 ... 17527.082         42986.2           279.75948
-----------------------------------------
189
/mnt//archive/west-14/2024/24_10_19//ad0189.fits
flat found.  dividing by flatfield
read ra/dec for target of: (323.16844, 49.212512)
pixel scale is: 0.9120115279269427
x/y of var, cal1, cal2: 578.9105177907107 413.9412057902367 654.7169485563345 369.719471867349 457.82871489434683 547.7206109676762
 id  xcenter   ycenter  ...  aper_bkg aper_sum_bkgsub aper_sum_bkgsub_err
       pix       pix    ...                                              
--- --------- --------- ... --------- --------------- -------------------
  1 578.91052 413.94121 ... 17744.063       60947.576           310.90304
  2 654.71695 369.71947 ... 17722.693       30159.773           256.57389
  3 457.82871 547.72061 ... 17438.687       40108.348           274.24573
