read ra/dec for calibration star of: (319.958496, 45.511931) (320.145346, 45.480292)
automag_driver: using file automag_driver
aperture parameters; rad, r_in, r_out: 5.0, 15.0, 25.0
-----------------------------------------
49
/mnt//archive/draco2/2024/24_10_14//ad0049.fits
flat found.  dividing by flatfield
read ra/dec for target of: (320.137086, 45.467506)
pixel scale is: 0.98561518820845
x/y of var, cal1, cal2: 553.2638676633284 415.3513089089166 1032.0505887515696 494.20734369751335 540.7545892681948 465.07169198497195
 id  xcenter   ycenter  ...  aper_bkg aper_sum_bkgsub aper_sum_bkgsub_err
       pix       pix    ...                                              
--- --------- --------- ... --------- --------------- -------------------
  1 553.26387 415.35131 ... 19320.565       180844.48           468.73299
  2 1032.0506 494.20734 ... 19061.443       20308.286           242.19036
  3 540.75459 465.07169 ...  19088.61       11254.203           222.83721
-----------------------------------------
50
/mnt//archive/draco2/2024/24_10_14//ad0050.fits
flat found.  dividing by flatfield
read ra/dec for target of: (320.137086, 45.467506)
pixel scale is: 0.9853596933857446
x/y of var, cal1, cal2: 552.939293065266 415.1609871045656 1031.7950485898098 494.12287522199466 540.4299496863915 464.8920313735719
 id  xcenter   ycenter  ...  aper_bkg aper_sum_bkgsub aper_sum_bkgsub_err
       pix       pix    ...                                              
--- --------- --------- ... --------- --------------- -------------------
  1 552.93929 415.16099 ... 19219.128       183005.64           470.81726
  2  1031.795 494.12288 ... 18971.151       20045.956           241.27424
  3 540.42995 464.89203 ... 19038.902       11946.578           224.16374
-----------------------------------------
51
/mnt//archive/draco2/2024/24_10_14//ad0051.fits
flat found.  dividing by flatfield
read ra/dec for target of: (320.137086, 45.467506)
pixel scale is: 0.9854265532916493
x/y of var, cal1, cal2: 552.9496666885373 415.2096269059316 1031.7072891676326 494.1328922847055 540.4513845892019 464.9381677078061
 id  xcenter   ycenter  ...  aper_bkg aper_sum_bkgsub aper_sum_bkgsub_err
       pix       pix    ...                                              
--- --------- --------- ... --------- --------------- -------------------
  1 552.94967 415.20963 ... 19355.484       182336.19           470.39575
  2 1031.7073 494.13289 ... 18854.844       20380.191           241.48474
  3 540.45138 464.93817 ... 19104.629       11637.212           223.76655
-----------------------------------------
52
/mnt//archive/draco2/2024/24_10_14//ad0052.fits
flat found.  dividing by flatfield
read ra/dec for target of: (320.137086, 45.467506)
pixel scale is: 0.9856158834929717
x/y of var, cal1, cal2: 553.0284376743192 414.8886524939642 1031.8237166835181 493.7764966976295 540.525934581446 464.6081688569287
 id  xcenter   ycenter  ...  aper_bkg aper_sum_bkgsub aper_sum_bkgsub_err
       pix       pix    ...                                              
--- --------- --------- ... --------- --------------- -------------------
  1 553.02844 414.88865 ... 19409.082       181337.92           469.44764
  2 1031.8237  493.7765 ... 18847.952       19852.397           240.36077
  3 540.52593 464.60817 ... 19247.584       11525.818           224.15616
-----------------------------------------
53
/mnt//archive/draco2/2024/24_10_14//ad0053.fits
flat found.  dividing by flatfield
read ra/dec for target of: (320.137086, 45.467506)
pixel scale is: 0.9855185193203047
x/y of var, cal1, cal2: 552.7245349648235 415.0693725279423 1031.468860071425 493.9571948094018 540.2155869036749 464.7940042079407
 id  xcenter   ycenter  ...  aper_bkg aper_sum_bkgsub aper_sum_bkgsub_err
       pix       pix    ...                                              
--- --------- --------- ... --------- --------------- -------------------
  1 552.72453 415.06937 ... 19383.254       181680.89           469.75781
  2 1031.4689 493.95719 ... 18727.248       20013.877           240.19445
  3 540.21559   464.794 ... 19057.843        11439.54           223.11483
-----------------------------------------
54
/mnt//archive/draco2/2024/24_10_14//ad0054.fits
flat found.  dividing by flatfield
read ra/dec for target of: (320.137086, 45.467506)
pixel scale is: 0.9855177281541131
x/y of var, cal1, cal2: 552.3553945696882 415.2738673780341 1031.114644080722 494.1535808939546 539.8598108731708 464.9987544871667
 id  xcenter   ycenter  ...  aper_bkg aper_sum_bkgsub aper_sum_bkgsub_err
       pix       pix    ...                                              
--- --------- --------- ... --------- --------------- -------------------
  1 552.35539 415.27387 ... 19309.399       182142.28           470.09156
  2 1031.1146 494.15358 ...  18840.04       20150.029           240.94628
  3 539.85981 464.99875 ... 19185.747       11697.783           224.26386
-----------------------------------------
55
/mnt//archive/draco2/2024/24_10_14//ad0055.fits
flat found.  dividing by flatfield
read ra/dec for target of: (320.137086, 45.467506)
pixel scale is: 0.9855534830853478
x/y of var, cal1, cal2: 552.4329673369542 414.92769733424717 1031.1891332246573 493.7633983126367 539.9233251981639 464.65185366506984
 id  xcenter   ycenter  ...  aper_bkg aper_sum_bkgsub aper_sum_bkgsub_err
       pix       pix    ...                                              
--- --------- --------- ... --------- --------------- -------------------
  1 552.43297  414.9277 ... 19388.871       182429.41           470.56578
  2 1031.1891  493.7634 ... 19045.622       19891.771           241.26337
  3 539.92333 464.65185 ... 19080.037       11641.872           223.66704
-----------------------------------------
56
/mnt//archive/draco2/2024/24_10_14//ad0056.fits
flat found.  dividing by flatfield
read ra/dec for target of: (320.137086, 45.467506)
pixel scale is: 0.985443767998216
x/y of var, cal1, cal2: 552.2298772277323 415.0545099626527 1031.045936112471 493.93313605129765 539.7196927886803 464.78331023816514
 id  xcenter   ycenter  ...  aper_bkg aper_sum_bkgsub aper_sum_bkgsub_err
       pix       pix    ...                                              
--- --------- --------- ... --------- --------------- -------------------
  1 552.22988 415.05451 ... 19207.317        182367.9           470.11438
  2 1031.0459 493.93314 ... 18974.114       20322.333           241.85855
  3 539.71969 464.78331 ... 19017.094       11585.973            223.2603
