read ra/dec for calibration star of: (300.997825, 32.507628) (300.895592, 32.512811)
automag_driver: using file automag_driver
aperture parameters; rad, r_in, r_out: 5.0, 15.0, 25.0
-----------------------------------------
190
/mnt//archive/west-14/2024/24_10_19//ad0190.fits
flat found.  dividing by flatfield
read ra/dec for target of: (301.009037, 32.450705)
pixel scale is: 0.9123591021029109
x/y of var, cal1, cal2: 548.4712629076093 407.35805530252384 581.4396889479558 632.6412012352903 920.9357525198968 659.8187320762951
 id  xcenter   ycenter  ...  aper_bkg aper_sum_bkgsub aper_sum_bkgsub_err
       pix       pix    ...                                              
--- --------- --------- ... --------- --------------- -------------------
  1 548.47126 407.35806 ... 67987.064       32636.264           410.89584
  2 581.43969  632.6412 ... 67086.609       474480.17            780.3066
  3 920.93575 659.81873 ... 66822.239       394810.85           727.10407
-----------------------------------------
191
/mnt//archive/west-14/2024/24_10_19//ad0191.fits
flat found.  dividing by flatfield
read ra/dec for target of: (301.009037, 32.450705)
pixel scale is: 0.9123918764686619
x/y of var, cal1, cal2: 553.0679038775799 408.9166259681303 586.0147717757094 634.1926026354569 925.4984800174461 661.3786491312616
 id  xcenter   ycenter  ...  aper_bkg aper_sum_bkgsub aper_sum_bkgsub_err
       pix       pix    ...                                              
--- --------- --------- ... --------- --------------- -------------------
  1  553.0679 408.91663 ... 67694.342       31739.118           409.08777
  2 586.01477  634.1926 ... 66496.585       472491.92           778.27379
  3 925.49848 661.37865 ... 66411.797       395455.55           726.98291
-----------------------------------------
192
/mnt//archive/west-14/2024/24_10_19//ad0192.fits
flat found.  dividing by flatfield
read ra/dec for target of: (301.009037, 32.450705)
pixel scale is: 0.9123593994947438
x/y of var, cal1, cal2: 551.5072521722909 410.3056535221546 584.4512249408798 635.5874292020076 923.9700863060943 662.7515455880477
 id  xcenter   ycenter  ...  aper_bkg aper_sum_bkgsub aper_sum_bkgsub_err
       pix       pix    ...                                              
--- --------- --------- ... --------- --------------- -------------------
  1 551.50725 410.30565 ... 67134.592       31639.213           407.59465
  2 584.45122 635.58743 ... 66475.613       464991.78           773.41322
  3 923.97009 662.75155 ...  66071.92       393802.97           725.37701
-----------------------------------------
193
/mnt//archive/west-14/2024/24_10_19//ad0193.fits
flat found.  dividing by flatfield
read ra/dec for target of: (301.009037, 32.450705)
pixel scale is: 0.9123975299992056
x/y of var, cal1, cal2: 550.2786322006536 411.05608162729374 583.2573709116652 636.3293703486346 922.783182537225 663.501925200796
 id  xcenter   ycenter  ...  aper_bkg aper_sum_bkgsub aper_sum_bkgsub_err
       pix       pix    ...                                              
--- --------- --------- ... --------- --------------- -------------------
  1 550.27863 411.05608 ... 66881.665        31014.17             406.205
  2 583.25737 636.32937 ... 66128.725       452882.63           765.09155
  3 922.78318 663.50193 ... 65756.882       385785.79           719.39179
