read ra/dec for calibration star of: (36.752127, 59.562503) (37.02079, 59.47925)
automag_driver: using file automag_driver
aperture parameters; rad, r_in, r_out: 5.0, 15.0, 25.0
-----------------------------------------
98
/mnt//archive/draco2/2024/24_11_25//ad0098.fits
flat found.  dividing by flatfield
read ra/dec for target of: (36.807362, 59.460604)
pixel scale is: 0.9839710349909739
x/y of var, cal1, cal2: 554.0664522609052 416.6296112172668 667.5313399113193 786.277582403115 159.86059741543136 497.2295782246131
 id  xcenter   ycenter  ...  aper_bkg aper_sum_bkgsub aper_sum_bkgsub_err
       pix       pix    ...                                              
--- --------- --------- ... --------- --------------- -------------------
  1 554.06645 416.62961 ... 12017.784       75217.367           315.40123
  2 667.53134 786.27758 ... 12425.889       47786.359           269.93173
  3  159.8606 497.22958 ... 12348.028       35461.324           245.72827
-----------------------------------------
99
/mnt//archive/draco2/2024/24_11_25//ad0099.fits
flat found.  dividing by flatfield
read ra/dec for target of: (36.807362, 59.460604)
pixel scale is: 0.983864390302602
x/y of var, cal1, cal2: 554.0600112683644 416.1923936944929 667.4575306478614 785.913750127718 159.87898115755326 496.68524230890847
 id  xcenter   ycenter  ...  aper_bkg aper_sum_bkgsub aper_sum_bkgsub_err
       pix       pix    ...                                              
--- --------- --------- ... --------- --------------- -------------------
  1 554.06001 416.19239 ...  12583.01        65195.91           300.97663
  2 667.45753 785.91375 ...  12478.47       44495.349           263.96456
  3 159.87898 496.68524 ... 13032.541       29790.613           236.81363
-----------------------------------------
100
/mnt//archive/draco2/2024/24_11_25//ad0100.fits
flat found.  dividing by flatfield
read ra/dec for target of: (36.807362, 59.460604)
pixel scale is: 0.9838261951653943
x/y of var, cal1, cal2: 554.0195289169181 415.68350606448297 667.5028753959132 785.3960633292837 159.78689248375485 496.2600264048658
 id  xcenter   ycenter  ...  aper_bkg aper_sum_bkgsub aper_sum_bkgsub_err
       pix       pix    ...                                              
--- --------- --------- ... --------- --------------- -------------------
  1 554.01953 415.68351 ... 10860.717        93717.29            340.0937
  2 667.50288 785.39606 ... 11065.536       61718.556           289.95625
  3 159.78689 496.26003 ... 11275.676       42396.486           255.28972
-----------------------------------------
101
/mnt//archive/draco2/2024/24_11_25//ad0101.fits
flat found.  dividing by flatfield
read ra/dec for target of: (36.807362, 59.460604)
pixel scale is: 0.9837817118817265
x/y of var, cal1, cal2: 553.995184916267 415.78164398770343 667.4489707077221 785.4991891352797 159.75382327793693 496.40252797338326
 id  xcenter   ycenter  ...  aper_bkg aper_sum_bkgsub aper_sum_bkgsub_err
       pix       pix    ...                                              
--- --------- --------- ... --------- --------------- -------------------
  1 553.99518 415.78164 ... 10124.756       108908.45           359.69844
  2 667.44897 785.49919 ... 10318.385        69472.74             300.557
  3 159.75382 496.40253 ... 10220.242       49947.996           265.73197
