read ra/dec for calibration star of: (357.9345179, 58.80670872) (358.2382563, 58.73296991)
automag_driver: using file automag_driver
aperture parameters; rad, r_in, r_out: 5.0, 15.0, 25.0
-----------------------------------------
61
/mnt//archive/east-16/2024/24_10_29//ad0061.fits
flat found.  dividing by flatfield
read ra/dec for target of: (358.02930081425, 58.74172448295)
pixel scale is: 0.9261027152671659
x/y of var, cal1, cal2: 778.1835019167607 594.6266096899105 569.7318850600491 356.2679813627449 1200.948259467215 597.5836666493677
 id  xcenter   ycenter  ...  aper_bkg aper_sum_bkgsub aper_sum_bkgsub_err
       pix       pix    ...                                              
--- --------- --------- ... --------- --------------- -------------------
  1  778.1835 594.62661 ... 5303.9385       169997.54            425.2416
  2 569.73189 356.26798 ... 5303.0553       103859.34           338.65979
  3 1200.9483 597.58367 ... 5070.8581       33995.931           210.62442
-----------------------------------------
62
/mnt//archive/east-16/2024/24_10_29//ad0062.fits
flat found.  dividing by flatfield
read ra/dec for target of: (358.02930081425, 58.74172448295)
pixel scale is: 0.9263053250591092
x/y of var, cal1, cal2: 778.5478601489223 595.0398215672664 570.0807130453145 356.7424620090596 1201.3172898153216 597.9777128277636
 id  xcenter   ycenter  ...  aper_bkg aper_sum_bkgsub aper_sum_bkgsub_err
       pix       pix    ...                                              
--- --------- --------- ... --------- --------------- -------------------
  1 778.54786 595.03982 ... 5207.2401       167453.46           422.01059
  2 570.08071 356.74246 ...  5125.764       102008.35           335.38765
  3 1201.3173 597.97771 ... 4982.3251       34070.417           210.38077
-----------------------------------------
63
/mnt//archive/east-16/2024/24_10_29//ad0063.fits
flat found.  dividing by flatfield
read ra/dec for target of: (358.02930081425, 58.74172448295)
pixel scale is: 0.9262034687598215
x/y of var, cal1, cal2: 778.3094944187826 594.5370365812958 569.8586351935417 356.2319477790368 1201.1195191407323 597.4377677021552
 id  xcenter   ycenter  ...  aper_bkg aper_sum_bkgsub aper_sum_bkgsub_err
       pix       pix    ...                                              
--- --------- --------- ... --------- --------------- -------------------
  1 778.30949 594.53704 ... 5130.5513       168100.79           422.59543
  2 569.85864 356.23195 ... 5104.2821       102382.49           335.88102
  3 1201.1195 597.43777 ... 5139.9888       34448.143           212.02151
-----------------------------------------
64
/mnt//archive/east-16/2024/24_10_29//ad0064.fits
flat found.  dividing by flatfield
read ra/dec for target of: (358.02930081425, 58.74172448295)
pixel scale is: 0.9262487624585178
x/y of var, cal1, cal2: 778.3444394931167 595.085008446262 569.9036224133012 356.75483205305295 1201.0638311916757 598.0601197525295
 id  xcenter   ycenter  ...  aper_bkg aper_sum_bkgsub aper_sum_bkgsub_err
       pix       pix    ...                                              
--- --------- --------- ... --------- --------------- -------------------
  1 778.34444 595.08501 ... 5052.6012       169576.45           424.15404
  2 569.90362 356.75483 ... 5213.0984       103069.46           337.22494
  3 1201.0638 598.06012 ... 5161.2078       33298.471           209.39409
-----------------------------------------
65
/mnt//archive/east-16/2024/24_10_29//ad0065.fits
flat found.  dividing by flatfield
read ra/dec for target of: (358.02930081425, 58.74172448295)
pixel scale is: 0.9263339183496041
x/y of var, cal1, cal2: 778.380649424352 595.736306492095 569.9205908718079 357.4163822912057 1201.0663137782685 598.7347697017697
 id  xcenter   ycenter  ...  aper_bkg aper_sum_bkgsub aper_sum_bkgsub_err
       pix       pix    ...                                              
--- --------- --------- ... --------- --------------- -------------------
  1 778.38065 595.73631 ...  5303.101       171703.46           427.24076
  2 569.92059 357.41638 ... 5289.0271       104140.66            339.0335
  3 1201.0663 598.73477 ... 5030.7225       34306.643           211.17076
-----------------------------------------
66
/mnt//archive/east-16/2024/24_10_29//ad0066.fits
flat found.  dividing by flatfield
read ra/dec for target of: (358.02930081425, 58.74172448295)
pixel scale is: 0.9263993709246933
x/y of var, cal1, cal2: 778.692543227885 595.6547965475448 570.2297380073402 357.35108135594214 1201.4473589495042 598.6543388044171
 id  xcenter   ycenter  ...  aper_bkg aper_sum_bkgsub aper_sum_bkgsub_err
       pix       pix    ...                                              
--- --------- --------- ... --------- --------------- -------------------
  1 778.69254  595.6548 ... 5218.6826       170749.74             425.925
  2 570.22974 357.35108 ...  5283.045       104086.35           338.93575
  3 1201.4474 598.65434 ... 5131.2696       34274.644           211.57075
-----------------------------------------
67
/mnt//archive/east-16/2024/24_10_29//ad0067.fits
flat found.  dividing by flatfield
read ra/dec for target of: (358.02930081425, 58.74172448295)
pixel scale is: 0.926283567173467
x/y of var, cal1, cal2: 778.3615258694048 596.0118440983663 569.8995752250166 357.7154103565154 1201.1095406207958 598.9365777295918
 id  xcenter   ycenter  ...  aper_bkg aper_sum_bkgsub aper_sum_bkgsub_err
       pix       pix    ...                                              
--- --------- --------- ... --------- --------------- -------------------
  1 778.36153 596.01184 ... 5164.4858       168583.33           423.24615
  2 569.89958 357.71541 ... 5187.3735       103801.92           338.23315
  3 1201.1095 598.93658 ... 5083.1134       33924.742           210.51358
-----------------------------------------
68
/mnt//archive/east-16/2024/24_10_29//ad0068.fits
flat found.  dividing by flatfield
read ra/dec for target of: (358.02930081425, 58.74172448295)
pixel scale is: 0.9263444110086553
x/y of var, cal1, cal2: 778.5840636665937 595.939508278502 570.1214939456956 357.65123777012593 1201.3996971318622 598.8792341474975
 id  xcenter   ycenter  ...  aper_bkg aper_sum_bkgsub aper_sum_bkgsub_err
       pix       pix    ...                                              
--- --------- --------- ... --------- --------------- -------------------
  1 778.58406 595.93951 ... 5161.0389       169688.75            424.5419
  2 570.12149 357.65124 ... 5235.8564       103212.32           337.50413
  3 1201.3997 598.87923 ... 5175.8002       34301.329           211.84412
