read ra/dec for calibration star of: (36.752127, 59.562503) (37.02079, 59.47925)
automag_driver: using file automag_driver
aperture parameters; rad, r_in, r_out: 5.0, 15.0, 25.0
-----------------------------------------
2
/mnt//archive/draco2/2024/24_09_10//ad0002.fits
flat found.  dividing by flatfield
read ra/dec for target of: (36.807362, 59.460604)
pixel scale is: 0.985495670428785
x/y of var, cal1, cal2: 580.9663845564438 410.2618165960712 745.5972730217991 759.2783345309408 203.0508140192165 546.3852802644088
 id  xcenter   ycenter  ...  aper_bkg aper_sum_bkgsub aper_sum_bkgsub_err
       pix       pix    ...                                              
--- --------- --------- ... --------- --------------- -------------------
  1 580.96638 410.26182 ... 8973.2139       92688.912           332.95696
  2 745.59727 759.27833 ... 8623.1312       45652.802           251.24503
  3 203.05081 546.38528 ... 9210.3043       33119.481           227.51943
-----------------------------------------
3
/mnt//archive/draco2/2024/24_09_10//ad0003.fits
flat found.  dividing by flatfield
read ra/dec for target of: (36.807362, 59.460604)
pixel scale is: 0.9856848432991644
x/y of var, cal1, cal2: 554.0780514358079 417.85228203070415 718.8511107080674 766.790527457967 175.9955301252685 553.9754240668793
 id  xcenter   ycenter  ...  aper_bkg aper_sum_bkgsub aper_sum_bkgsub_err
       pix       pix    ...                                              
--- --------- --------- ... --------- --------------- -------------------
  1 554.07805 417.85228 ... 30770.382       333147.19             628.421
  2 718.85111 766.79053 ... 30554.719       163858.64           474.54512
  3 175.99553 553.97542 ...  30888.39       123949.73           431.22095
-----------------------------------------
4
/mnt//archive/draco2/2024/24_09_10//ad0004.fits
flat found.  dividing by flatfield
read ra/dec for target of: (36.807362, 59.460604)
pixel scale is: 0.9857208142480689
x/y of var, cal1, cal2: 553.8821261611613 417.4119594624862 718.6136054313927 766.3218263241947 175.8809096208612 553.56603540367
 id  xcenter   ycenter  ...  aper_bkg aper_sum_bkgsub aper_sum_bkgsub_err
       pix       pix    ...                                              
--- --------- --------- ... --------- --------------- -------------------
  1 553.88213 417.41196 ... 30446.394       335017.87           629.39309
  2 718.61361 766.32183 ... 30100.222       166531.92           476.40042
  3 175.88091 553.56604 ... 30518.186       125551.21           432.21821
-----------------------------------------
5
/mnt//archive/draco2/2024/24_09_10//ad0005.fits
flat found.  dividing by flatfield
read ra/dec for target of: (36.807362, 59.460604)
pixel scale is: 0.985514456377664
x/y of var, cal1, cal2: 554.2916842331878 417.27969300787794 719.0257762745555 766.2525247730155 176.2519297095139 553.485466650181
 id  xcenter   ycenter  ...  aper_bkg aper_sum_bkgsub aper_sum_bkgsub_err
       pix       pix    ...                                              
--- --------- --------- ... --------- --------------- -------------------
  1 554.29168 417.27969 ... 29777.849       335918.26           629.04607
  2 719.02578 766.25252 ... 29797.465       163362.82           472.42221
  3 176.25193 553.48547 ... 30233.732       123422.93            429.0867
-----------------------------------------
6
/mnt//archive/draco2/2024/24_09_10//ad0006.fits
flat found.  dividing by flatfield
read ra/dec for target of: (36.807362, 59.460604)
pixel scale is: 0.9855708914806206
x/y of var, cal1, cal2: 554.431780868526 417.55030982193387 719.1378341303902 766.5049228139696 176.30150375719495 553.7443726420757
 id  xcenter   ycenter  ...  aper_bkg aper_sum_bkgsub aper_sum_bkgsub_err
       pix       pix    ...                                              
--- --------- --------- ... --------- --------------- -------------------
  1 554.43178 417.55031 ...  29581.96       339184.06           631.32636
  2 719.13783 766.50492 ...  29423.47       165730.47           474.13332
  3  176.3015 553.74437 ... 29680.202       126058.12           430.86369
