read ra/dec for calibration star of: (345.13143, 57.808872) (345.483373, 57.92029)
automag_driver: using file automag_driver
aperture parameters; rad, r_in, r_out: 5.0, 15.0, 25.0
-----------------------------------------
262
/mnt//archive/west-14/2024/24_10_19//ad0262.fits
flat found.  dividing by flatfield
read ra/dec for target of: (345.338038, 57.867027)
pixel scale is: 0.9111977021665031
x/y of var, cal1, cal2: 561.7123010864252 416.1038699403225 1000.784071042864 195.9109659343975 252.771908002188 620.6100249737759
 id  xcenter   ycenter  ...  aper_bkg aper_sum_bkgsub aper_sum_bkgsub_err
       pix       pix    ...                                              
--- --------- --------- ... --------- --------------- -------------------
  1  561.7123 416.10387 ... 36588.593       109281.63           427.41527
  2 1000.7841 195.91097 ... 37134.707       236896.02           558.02368
  3 252.77191 620.61002 ... 36508.045       137010.55           458.53205
-----------------------------------------
263
/mnt//archive/west-14/2024/24_10_19//ad0263.fits
flat found.  dividing by flatfield
read ra/dec for target of: (345.338038, 57.867027)
pixel scale is: 0.911167378042372
x/y of var, cal1, cal2: 562.7299829477116 416.2891530038519 1001.770548479881 196.08218107897667 253.81291698878624 620.8068535626733
 id  xcenter   ycenter  ...  aper_bkg aper_sum_bkgsub aper_sum_bkgsub_err
       pix       pix    ...                                              
--- --------- --------- ... --------- --------------- -------------------
  1 562.72998 416.28915 ... 36585.181       109154.63           427.25869
  2 1001.7705 196.08218 ... 36869.466       234705.74           555.58048
  3 253.81292 620.80685 ... 36339.148        135862.2           456.90864
-----------------------------------------
264
/mnt//archive/west-14/2024/24_10_19//ad0264.fits
flat found.  dividing by flatfield
read ra/dec for target of: (345.338038, 57.867027)
pixel scale is: 0.9112588983835219
x/y of var, cal1, cal2: 565.3904964104164 416.34836985214207 1004.4453377385153 196.1665848628156 256.4624993862416 620.8433629562459
 id  xcenter   ycenter  ...  aper_bkg aper_sum_bkgsub aper_sum_bkgsub_err
       pix       pix    ...                                              
--- --------- --------- ... --------- --------------- -------------------
  1  565.3905 416.34837 ... 36606.437       107822.07           425.74634
  2 1004.4453 196.16658 ... 36714.718       232430.55           553.24948
  3  256.4625 620.84336 ... 36264.591       136206.11           457.12175
-----------------------------------------
265
/mnt//archive/west-14/2024/24_10_19//ad0265.fits
flat found.  dividing by flatfield
read ra/dec for target of: (345.338038, 57.867027)
pixel scale is: 0.9113185146593608
x/y of var, cal1, cal2: 565.4558870052609 416.13566727158246 1004.5034293073417 195.9585360766004 256.5320900084686 620.6241429483266
 id  xcenter   ycenter  ...  aper_bkg aper_sum_bkgsub aper_sum_bkgsub_err
       pix       pix    ...                                              
--- --------- --------- ... --------- --------------- -------------------
  1 565.45589 416.13567 ... 36682.157       108157.94           426.31826
  2 1004.5034 195.95854 ... 36621.195       234148.64           554.63143
  3 256.53209 620.62414 ... 36298.038       135321.77           456.22675
