read ra/dec for calibration star of: (357.307226, 59.943336) (357.434683, 60.013532)
automag_driver: using file automag_driver
aperture parameters; rad, r_in, r_out: 5.0, 15.0, 25.0
-----------------------------------------
93
/mnt//archive/draco2/2024/24_10_31//ad0093.fits
flat found.  dividing by flatfield
read ra/dec for target of: (357.483431, 59.940703)
pixel scale is: 0.9854821473984071
x/y of var, cal1, cal2: 554.0040974072464 417.65185501895013 871.2571944345673 359.8785113801384 696.8337502258541 659.1534447927044
 id  xcenter   ycenter  ...  aper_bkg aper_sum_bkgsub aper_sum_bkgsub_err
       pix       pix    ...                                              
--- --------- --------- ... --------- --------------- -------------------
  1  554.0041 417.65186 ...  11530.99       45321.601            261.9324
  2 871.25719 359.87851 ... 11604.668       562740.54           765.62058
  3 696.83375 659.15344 ... 11614.643       152854.86           419.89182
-----------------------------------------
94
/mnt//archive/draco2/2024/24_10_31//ad0094.fits
flat found.  dividing by flatfield
read ra/dec for target of: (357.483431, 59.940703)
pixel scale is: 0.9856696535707357
x/y of var, cal1, cal2: 553.9314860543737 417.76849031109145 871.1841916949568 360.03099352548645 696.7619953799853 659.235329456387
 id  xcenter   ycenter  ...  aper_bkg aper_sum_bkgsub aper_sum_bkgsub_err
       pix       pix    ...                                              
--- --------- --------- ... --------- --------------- -------------------
  1 553.93149 417.76849 ... 11448.096       45441.445           261.84468
  2 871.18419 360.03099 ...  11571.75       555403.28           760.77052
  3   696.762 659.23533 ... 11438.611        153212.3           419.89823
-----------------------------------------
95
/mnt//archive/draco2/2024/24_10_31//ad0095.fits
flat found.  dividing by flatfield
read ra/dec for target of: (357.483431, 59.940703)
pixel scale is: 0.9857688892071843
x/y of var, cal1, cal2: 553.6830201300629 417.8155395013991 870.9574639977784 360.0811639672477 696.504444344129 659.2568541693687
 id  xcenter   ycenter  ...  aper_bkg aper_sum_bkgsub aper_sum_bkgsub_err
       pix       pix    ...                                              
--- --------- --------- ... --------- --------------- -------------------
  1 553.68302 417.81554 ... 11441.134       45003.794           260.98096
  2 870.95746 360.08116 ... 11497.944       523913.19           739.68512
  3 696.50444 659.25685 ... 11454.615        152855.2           419.51094
-----------------------------------------
96
/mnt//archive/draco2/2024/24_10_31//ad0096.fits
flat found.  dividing by flatfield
read ra/dec for target of: (357.483431, 59.940703)
pixel scale is: 0.9857963704183825
x/y of var, cal1, cal2: 553.7099959661989 417.84453688480266 870.9722660025543 360.1126128055093 696.5286675955639 659.2795004224108
 id  xcenter   ycenter  ...  aper_bkg aper_sum_bkgsub aper_sum_bkgsub_err
       pix       pix    ...                                              
--- --------- --------- ... --------- --------------- -------------------
  1    553.71 417.84454 ... 11449.144       45201.623           261.39034
  2 870.97227 360.11261 ... 11680.007       538718.58           749.86905
  3 696.52867  659.2795 ... 11499.042       152634.59           419.35388
