read ra/dec for calibration star of: (321.801433, 54.492517) (321.716558, 54.440525)
automag_driver: using file automag_driver
aperture parameters; rad, r_in, r_out: 5.0, 15.0, 25.0
-----------------------------------------
25
/mnt//archive/draco2/2024/24_11_25//ad0025.fits
flat found.  dividing by flatfield
read ra/dec for target of: (321.733427, 54.491455)
pixel scale is: 0.9840458100572962
x/y of var, cal1, cal2: 553.9673655240889 417.22161583144475 698.2168643106568 407.43051155074437 525.6073165809304 604.8346891737298
 id  xcenter   ycenter  ...  aper_bkg aper_sum_bkgsub aper_sum_bkgsub_err
       pix       pix    ...                                              
--- --------- --------- ... --------- --------------- -------------------
  1 553.96737 417.22162 ... 35060.727       18945.994           298.81842
  2 698.21686 407.43051 ... 34856.901       40763.821           332.72004
  3 525.60732 604.83469 ...  35085.44       24165.301           307.50802
-----------------------------------------
26
/mnt//archive/draco2/2024/24_11_25//ad0026.fits
flat found.  dividing by flatfield
read ra/dec for target of: (321.733427, 54.491455)
pixel scale is: 0.9840083446730636
x/y of var, cal1, cal2: 553.9380117912734 416.95609637986723 698.1923784450973 407.1582133271505 525.5354046036443 604.57758371627
 id  xcenter   ycenter  ...  aper_bkg aper_sum_bkgsub aper_sum_bkgsub_err
       pix       pix    ...                                              
--- --------- --------- ... --------- --------------- -------------------
  1 553.93801  416.9561 ... 34525.903       22127.485           302.33143
  2 698.19238 407.15821 ... 34141.496       46760.806           339.51259
  3  525.5354 604.57758 ... 34417.837       28919.734           313.01822
-----------------------------------------
27
/mnt//archive/draco2/2024/24_11_25//ad0027.fits
flat found.  dividing by flatfield
read ra/dec for target of: (321.733427, 54.491455)
pixel scale is: 0.984100164920545
x/y of var, cal1, cal2: 553.8494218062455 416.96678885715824 698.1003521448228 407.17099862550987 525.4535769230783 604.5705360021915
 id  xcenter   ycenter  ...  aper_bkg aper_sum_bkgsub aper_sum_bkgsub_err
       pix       pix    ...                                              
--- --------- --------- ... --------- --------------- -------------------
  1 553.84942 416.96679 ... 35155.714       21025.814           302.59253
  2 698.10035   407.171 ...   34925.9       46054.608           340.78059
  3 525.45358 604.57054 ... 35067.416        27490.19           312.80988
-----------------------------------------
28
/mnt//archive/draco2/2024/24_11_25//ad0028.fits
flat found.  dividing by flatfield
read ra/dec for target of: (321.733427, 54.491455)
pixel scale is: 0.9838548904609518
x/y of var, cal1, cal2: 554.0676748027275 416.97424405505456 698.319628039074 407.17405968455796 525.6773472900586 604.62514328131
 id  xcenter   ycenter  ...  aper_bkg aper_sum_bkgsub aper_sum_bkgsub_err
       pix       pix    ...                                              
--- --------- --------- ... --------- --------------- -------------------
  1 554.06767 416.97424 ... 34314.425       21413.406           300.44509
  2 698.31963 407.17406 ... 34270.976       45158.024           337.52774
  3 525.67735 604.62514 ... 34266.935       28330.798           311.59215
