read ra/dec for calibration star of: (319.958496, 45.511931) (320.145346, 45.480292)
automag_driver: using file automag_driver
aperture parameters; rad, r_in, r_out: 5.0, 15.0, 25.0
-----------------------------------------
32
/mnt//archive/draco2/2024/24_10_31//ad0032.fits
flat found.  dividing by flatfield
read ra/dec for target of: (320.137086, 45.467506)
pixel scale is: 0.9860352620155907
x/y of var, cal1, cal2: 553.4168663403105 415.8013525742683 72.0404387973204 356.0618597433612 563.923861782485 365.6445119653855
 id  xcenter   ycenter  ...  aper_bkg aper_sum_bkgsub aper_sum_bkgsub_err
       pix       pix    ...                                              
--- --------- --------- ... --------- --------------- -------------------
  1 553.41687 415.80135 ... 3367.9224       201906.37           457.01993
  2 72.040439 356.06186 ... 3270.4676       27021.836            183.8145
  3 563.92386 365.64451 ... 3165.7515       15485.058           148.46401
-----------------------------------------
33
/mnt//archive/draco2/2024/24_10_31//ad0033.fits
flat found.  dividing by flatfield
read ra/dec for target of: (320.137086, 45.467506)
pixel scale is: 0.9860825643954301
x/y of var, cal1, cal2: 553.4681606254107 416.1002862178335 72.14762961663843 356.3662623809562 563.9866322703314 365.94579624720785
 id  xcenter   ycenter  ...  aper_bkg aper_sum_bkgsub aper_sum_bkgsub_err
       pix       pix    ...                                              
--- --------- --------- ... --------- --------------- -------------------
  1 553.46816 416.10029 ... 3272.6844       202590.27           457.55944
  2  72.14763 356.36626 ... 3220.3378       26457.363           181.99736
  3 563.98663  365.9458 ... 3112.6487       15193.639           147.11878
-----------------------------------------
34
/mnt//archive/draco2/2024/24_10_31//ad0034.fits
flat found.  dividing by flatfield
read ra/dec for target of: (320.137086, 45.467506)
pixel scale is: 0.9860118088686772
x/y of var, cal1, cal2: 553.9056144076817 416.5241602831273 72.51289649995556 356.8238173044044 564.4210186449999 366.3652417435739
 id  xcenter   ycenter  ...  aper_bkg aper_sum_bkgsub aper_sum_bkgsub_err
       pix       pix    ...                                              
--- --------- --------- ... --------- --------------- -------------------
  1 553.90561 416.52416 ... 3261.0619       199787.87           454.46121
  2 72.512896 356.82382 ...  3271.039       26621.624           182.72576
  3 564.42102 366.36524 ... 3036.1366       14739.754           145.04147
-----------------------------------------
35
/mnt//archive/draco2/2024/24_10_31//ad0035.fits
flat found.  dividing by flatfield
read ra/dec for target of: (320.137086, 45.467506)
pixel scale is: 0.985932277343953
x/y of var, cal1, cal2: 553.6719106866332 416.273015402547 72.27923845741253 356.5027209316097 564.1901328059205 366.11147368571216
 id  xcenter   ycenter  ...  aper_bkg aper_sum_bkgsub aper_sum_bkgsub_err
       pix       pix    ...                                              
--- --------- --------- ... --------- --------------- -------------------
  1 553.67191 416.27302 ... 3246.8541       200501.95           455.21496
  2 72.279238 356.50272 ... 3181.0097       26712.255           182.48089
  3 564.19013 366.11147 ... 3053.8993       15802.466           148.77925
