read ra/dec for calibration star of: (319.958496, 45.511931) (320.145346, 45.480292)
automag_driver: using file automag_driver
aperture parameters; rad, r_in, r_out: 5.0, 15.0, 25.0
-----------------------------------------
37
/mnt//archive/draco2/2024/24_11_25//ad0037.fits
flat found.  dividing by flatfield
read ra/dec for target of: (320.137086, 45.467506)
pixel scale is: 0.984121458684126
x/y of var, cal1, cal2: 554.7265670233951 416.56889160242184 90.94462361525797 271.681379947951 574.0444024468867 368.99885836209415
 id  xcenter   ycenter  ...  aper_bkg aper_sum_bkgsub aper_sum_bkgsub_err
       pix       pix    ...                                              
--- --------- --------- ... --------- --------------- -------------------
  1 554.72657 416.56889 ... 12583.017       192409.95           466.69153
  2 90.944624 271.68138 ... 12985.053       20329.293           215.69515
  3  574.0444 368.99886 ... 12481.726       11732.156           192.14736
-----------------------------------------
38
/mnt//archive/draco2/2024/24_11_25//ad0038.fits
flat found.  dividing by flatfield
read ra/dec for target of: (320.137086, 45.467506)
pixel scale is: 0.9840367357809859
x/y of var, cal1, cal2: 555.1437515375985 416.48552508815317 91.36671920042517 271.5763294618186 574.4618688244717 368.91177991782996
 id  xcenter   ycenter  ...  aper_bkg aper_sum_bkgsub aper_sum_bkgsub_err
       pix       pix    ...                                              
--- --------- --------- ... --------- --------------- -------------------
  1 555.14375 416.48553 ... 12440.041       192242.44           466.20546
  2 91.366719 271.57633 ... 12522.112       20828.449           214.70369
  3 574.46187 368.91178 ... 12361.791       11434.137           190.74255
-----------------------------------------
39
/mnt//archive/draco2/2024/24_11_25//ad0039.fits
flat found.  dividing by flatfield
read ra/dec for target of: (320.137086, 45.467506)
pixel scale is: 0.9841170579704547
x/y of var, cal1, cal2: 555.2594535539213 416.6872168816123 91.55325021484555 271.7653477046617 574.5801202215212 369.11837623980415
 id  xcenter   ycenter  ...  aper_bkg aper_sum_bkgsub aper_sum_bkgsub_err
       pix       pix    ...                                              
--- --------- --------- ... --------- --------------- -------------------
  1 555.25945 416.68722 ...  12803.39       177203.07           450.59388
  2  91.55325 271.76535 ... 12924.019       18189.106           210.38571
  3 574.58012 369.11838 ... 12717.601       10599.726            190.4204
-----------------------------------------
40
/mnt//archive/draco2/2024/24_11_25//ad0040.fits
flat found.  dividing by flatfield
read ra/dec for target of: (320.137086, 45.467506)
pixel scale is: 0.9843705810772743
x/y of var, cal1, cal2: 555.1182907918896 416.62929834598384 91.42254265507779 271.8544718994074 574.4388530541788 369.06813766852616
 id  xcenter   ycenter  ...  aper_bkg aper_sum_bkgsub aper_sum_bkgsub_err
       pix       pix    ...                                              
--- --------- --------- ... --------- --------------- -------------------
  1 555.11829  416.6293 ... 12656.136       189771.86           464.01415
  2 91.422543 271.85447 ...  12691.53       19964.429           213.47714
  3 574.43885 369.06814 ... 12542.928       11433.965           191.68939
