read ra/dec for calibration star of: (359.428633, 62.690422) (359.62416, 62.747272)
automag_driver: using file automag_driver
aperture parameters; rad, r_in, r_out: 5.0, 15.0, 25.0
-----------------------------------------
26
/mnt//archive/draco2/2019/19_12_01//ad0026.fits
flat found.  dividing by flatfield
read ra/dec for target of: (359.395668, 62.718246)
pixel scale is: 0.984867433107483
x/y of var, cal1, cal2: 577.3163020163638 423.884936590137 509.52575400080303 330.08484799440214 211.9844296045298 578.6167866309332
 id  xcenter   ycenter  ...  aper_bkg aper_sum_bkgsub aper_sum_bkgsub_err
       pix       pix    ...                                              
--- --------- --------- ... --------- --------------- -------------------
  1  577.3163 423.88494 ... 9074.1297       239856.71           508.16333
  2 509.52575 330.08485 ... 9103.6787       47029.767           255.85567
  3 211.98443 578.61679 ... 9324.0954       58714.073           278.54491
-----------------------------------------
27
/mnt//archive/draco2/2019/19_12_01//ad0027.fits
flat found.  dividing by flatfield
read ra/dec for target of: (359.395668, 62.718246)
pixel scale is: 0.9850515823667956
x/y of var, cal1, cal2: 577.0109893460807 423.567548417951 509.2182745291359 329.7816708601379 211.6953524327336 578.2525688966887
 id  xcenter   ycenter  ...  aper_bkg aper_sum_bkgsub aper_sum_bkgsub_err
       pix       pix    ...                                              
--- --------- --------- ... --------- --------------- -------------------
  1 577.01099 423.56755 ... 9301.3918       229093.97           497.91742
  2 509.21827 329.78167 ... 9015.6772       45091.595           251.69018
  3 211.69535 578.25257 ... 9554.0967        56149.92            274.7419
-----------------------------------------
28
/mnt//archive/draco2/2019/19_12_01//ad0028.fits
flat found.  dividing by flatfield
read ra/dec for target of: (359.395668, 62.718246)
pixel scale is: 0.9850574853800248
x/y of var, cal1, cal2: 578.1039586824182 423.3534427952629 510.3203498904768 329.5695872050651 212.80122977120982 578.0453866356341
 id  xcenter   ycenter  ...  aper_bkg aper_sum_bkgsub aper_sum_bkgsub_err
       pix       pix    ...                                              
--- --------- --------- ... --------- --------------- -------------------
  1 578.10396 423.35344 ... 9193.0838        228256.3           496.85759
  2 510.32035 329.56959 ... 9010.3681       45210.889           251.90598
  3 212.80123 578.04539 ... 9243.5745       55761.202           272.89806
-----------------------------------------
29
/mnt//archive/draco2/2019/19_12_01//ad0029.fits
flat found.  dividing by flatfield
read ra/dec for target of: (359.395668, 62.718246)
pixel scale is: 0.9850924397123811
x/y of var, cal1, cal2: 578.5236545447982 423.1369802029758 510.74265439275655 329.3567991038375 213.2391895683753 577.8253040460468
 id  xcenter   ycenter  ...  aper_bkg aper_sum_bkgsub aper_sum_bkgsub_err
       pix       pix    ...                                              
--- --------- --------- ... --------- --------------- -------------------
  1 578.52365 423.13698 ... 9352.4266       236707.44           505.60586
  2 510.74265  329.3568 ... 8992.4029       46799.857           254.96993
  3 213.23919  577.8253 ... 9417.3094       57304.091           276.33985
