read ra/dec for calibration star of: (314.211675, 40.186014) (314.165463, 40.233653)
automag_driver: using file automag_driver
aperture parameters; rad, r_in, r_out: 5.0, 15.0, 25.0
-----------------------------------------
197
/mnt//archive/draco2/2024/24_11_22//ad0197.fits
flat found.  dividing by flatfield
read ra/dec for target of: (314.336791, 40.177503)
pixel scale is: 0.9829752245596619
x/y of var, cal1, cal2: 554.8727345352605 416.33561614896314 204.79826250294474 446.379755353425 47.27133736498183 296.8299259581254
 id  xcenter   ycenter  ...  aper_bkg aper_sum_bkgsub aper_sum_bkgsub_err
       pix       pix    ...                                              
--- --------- --------- ... --------- --------------- -------------------
  1 554.87273 416.33562 ... 2887.8575       26139.763           179.27766
  2 204.79826 446.37976 ... 3028.7541       4904.7264           105.76972
  3 47.271337 296.82993 ... 3001.7726       27786.926           184.43284
-----------------------------------------
198
/mnt//archive/draco2/2024/24_11_22//ad0198.fits
flat found.  dividing by flatfield
read ra/dec for target of: (314.336791, 40.177503)
pixel scale is: 0.9828818428792113
x/y of var, cal1, cal2: 554.5926150760959 416.0376576114284 204.59916743356843 445.9820885882946 47.043836357683574 296.3718040386293
 id  xcenter   ycenter  ...  aper_bkg aper_sum_bkgsub aper_sum_bkgsub_err
       pix       pix    ...                                              
--- --------- --------- ... --------- --------------- -------------------
  1 554.59262 416.03766 ... 2918.7846       25013.882           176.28514
  2 204.59917 445.98209 ... 2998.3044       4638.4718           104.21171
  3 47.043836  296.3718 ...  3003.279        26917.29           182.06825
-----------------------------------------
199
/mnt//archive/draco2/2024/24_11_22//ad0199.fits
flat found.  dividing by flatfield
read ra/dec for target of: (314.336791, 40.177503)
pixel scale is: 0.9826563423528966
x/y of var, cal1, cal2: 554.3238226242139 416.1204396166974 204.13550562043304 446.06617999488844 46.58706384248586 296.41918833401724
 id  xcenter   ycenter  ...  aper_bkg aper_sum_bkgsub aper_sum_bkgsub_err
       pix       pix    ...                                              
--- --------- --------- ... --------- --------------- -------------------
  1 554.32382 416.12044 ... 2567.3437       25388.567            175.3518
  2 204.13551 446.06618 ... 2674.0671       4800.1418           101.84928
  3 46.587064 296.41919 ... 2661.1406       26419.671           178.79304
-----------------------------------------
200
/mnt//archive/draco2/2024/24_11_22//ad0200.fits
flat found.  dividing by flatfield
read ra/dec for target of: (314.336791, 40.177503)
pixel scale is: 0.9828134137035612
x/y of var, cal1, cal2: 554.2495405566124 416.20123541690435 204.13165868625168 446.18203420321106 46.54552801908545 296.5768023533983
 id  xcenter   ycenter  ...  aper_bkg aper_sum_bkgsub aper_sum_bkgsub_err
       pix       pix    ...                                              
--- --------- --------- ... --------- --------------- -------------------
  1 554.24954 416.20124 ... 2876.9636       23853.854           172.72169
  2 204.13166 446.18203 ... 3013.8539        4644.411           104.38927
  3 46.545528  296.5768 ... 3244.1084       24673.647           177.16338
