read ra/dec for calibration star of: (359.428633, 62.690422) (359.62416, 62.747272)
automag_driver: using file automag_driver
aperture parameters; rad, r_in, r_out: 5.0, 15.0, 25.0
-----------------------------------------
74
/mnt//archive/draco2/2024/24_11_25//ad0074.fits
flat found.  dividing by flatfield
read ra/dec for target of: (359.395668, 62.718246)
pixel scale is: 0.9838275752347124
x/y of var, cal1, cal2: 554.9244316580027 416.7014022989799 614.1975073595944 516.2565929012637 933.3038101936211 294.9168446877984
 id  xcenter   ycenter  ...  aper_bkg aper_sum_bkgsub aper_sum_bkgsub_err
       pix       pix    ...                                              
--- --------- --------- ... --------- --------------- -------------------
  1 554.92443  416.7014 ... 11576.739       116780.67           374.37835
  2 614.19751 516.25659 ...  11439.25       16828.359           199.82957
  3 933.30381 294.91684 ...   11223.7       21533.267           210.25144
-----------------------------------------
75
/mnt//archive/draco2/2024/24_11_25//ad0075.fits
flat found.  dividing by flatfield
read ra/dec for target of: (359.395668, 62.718246)
pixel scale is: 0.9836640661092925
x/y of var, cal1, cal2: 554.8453348959761 416.3136604932078 614.1243127342276 515.8883181990255 933.2153715089314 294.5274883284268
 id  xcenter   ycenter  ...  aper_bkg aper_sum_bkgsub aper_sum_bkgsub_err
       pix       pix    ...                                              
--- --------- --------- ... --------- --------------- -------------------
  1 554.84533 416.31366 ... 12310.306       96983.028            349.0396
  2 614.12431 515.88832 ... 12197.228       13937.188           196.35845
  3 933.21537 294.52749 ... 12226.468       18105.751           206.84218
-----------------------------------------
76
/mnt//archive/draco2/2024/24_11_25//ad0076.fits
flat found.  dividing by flatfield
read ra/dec for target of: (359.395668, 62.718246)
pixel scale is: 0.9836184486674115
x/y of var, cal1, cal2: 554.76429914802 416.42053005031187 614.0451431740075 515.9996033152695 933.1527792548393 294.6274183402546
 id  xcenter   ycenter  ...  aper_bkg aper_sum_bkgsub aper_sum_bkgsub_err
       pix       pix    ...                                              
--- --------- --------- ... --------- --------------- -------------------
  1  554.7643 416.42053 ... 12627.486       89843.067           339.59246
  2 614.04514  515.9996 ... 12412.684        12987.03           195.03178
  3 933.15278 294.62742 ...  12619.53       16619.936           205.14384
-----------------------------------------
77
/mnt//archive/draco2/2024/24_11_25//ad0077.fits
flat found.  dividing by flatfield
read ra/dec for target of: (359.395668, 62.718246)
pixel scale is: 0.9836779468180213
x/y of var, cal1, cal2: 555.0183196264659 415.8646775693037 614.2902755139379 515.440079538993 933.3555979362005 294.0939453260466
 id  xcenter   ycenter  ...  aper_bkg aper_sum_bkgsub aper_sum_bkgsub_err
       pix       pix    ...                                              
--- --------- --------- ... --------- --------------- -------------------
  1 555.01832 415.86468 ...  13272.97       76470.068           321.31139
  2 614.29028 515.44008 ... 13083.993       11064.028           193.53815
  3  933.3556 294.09395 ... 13128.935       13861.193           200.85831
-----------------------------------------
78
/mnt//archive/draco2/2024/24_11_25//ad0078.fits
flat found.  dividing by flatfield
read ra/dec for target of: (359.395668, 62.718246)
pixel scale is: 0.9837486813864509
x/y of var, cal1, cal2: 554.9921742092071 416.1646007315401 614.2548929371998 515.7313316545989 933.349192684437 294.3929772082976
 id  xcenter   ycenter  ...  aper_bkg aper_sum_bkgsub aper_sum_bkgsub_err
       pix       pix    ...                                              
--- --------- --------- ... --------- --------------- -------------------
  1 554.99217  416.1646 ... 12544.133       91254.335           341.41998
  2 614.25489 515.73133 ... 12525.859       12784.262           195.09223
  3 933.34919 294.39298 ... 12770.397       16027.272           204.43353
-----------------------------------------
79
/mnt//archive/draco2/2024/24_11_25//ad0079.fits
flat found.  dividing by flatfield
read ra/dec for target of: (359.395668, 62.718246)
pixel scale is: 0.9836901830512982
x/y of var, cal1, cal2: 554.9017379283054 415.99760118701437 614.1676757465816 515.5672291181947 933.2194876276533 294.1994344544204
 id  xcenter   ycenter  ...  aper_bkg aper_sum_bkgsub aper_sum_bkgsub_err
       pix       pix    ...                                              
--- --------- --------- ... --------- --------------- -------------------
  1 554.90174  415.9976 ... 11577.686       111214.86           366.87223
  2 614.16768 515.56723 ... 11496.969       15721.913           197.33436
  3 933.21949 294.19943 ... 11768.277       19034.255           206.87148
-----------------------------------------
80
/mnt//archive/draco2/2024/24_11_25//ad0080.fits
flat found.  dividing by flatfield
read ra/dec for target of: (359.395668, 62.718246)
pixel scale is: 0.9837824241487494
x/y of var, cal1, cal2: 555.0211642619773 415.74401695640927 614.2907841486968 515.3078637341862 933.3598041547376 293.9799607464422
 id  xcenter   ycenter  ...  aper_bkg aper_sum_bkgsub aper_sum_bkgsub_err
       pix       pix    ...                                              
--- --------- --------- ... --------- --------------- -------------------
  1 555.02116 415.74402 ... 11161.486       116795.72           373.28768
  2 614.29078 515.30786 ...  11185.41       16497.773             197.721
  3  933.3598 293.97996 ... 11147.091       21695.539           210.27297
-----------------------------------------
81
/mnt//archive/draco2/2024/24_11_25//ad0081.fits
flat found.  dividing by flatfield
read ra/dec for target of: (359.395668, 62.718246)
pixel scale is: 0.9838418440003134
x/y of var, cal1, cal2: 555.1191886942534 415.3565922340978 614.3800008610059 514.9121241185325 933.4844910051135 293.58519319600583
 id  xcenter   ycenter  ...  aper_bkg aper_sum_bkgsub aper_sum_bkgsub_err
       pix       pix    ...                                              
--- --------- --------- ... --------- --------------- -------------------
  1 555.11919 415.35659 ...  11732.11       107184.98           361.76539
  2    614.38 514.91212 ... 11644.601       15283.873           196.97227
  3 933.48449 293.58519 ... 11667.783       19546.459           207.62232
