read ra/dec for calibration star of: (323.139367, 49.200936) (323.214433, 49.246981)
automag_driver: using file automag_driver
aperture parameters; rad, r_in, r_out: 5.0, 15.0, 25.0
-----------------------------------------
221
/mnt//archive/draco2/2024/24_11_22//ad0221.fits
flat found.  dividing by flatfield
read ra/dec for target of: (323.16844, 49.212512)
pixel scale is: 0.9826809571779235
x/y of var, cal1, cal2: 555.6844213433386 416.5770871801053 494.61097481362265 470.43905934827995 641.8594169077921 273.05006751294604
 id  xcenter   ycenter  ...  aper_bkg aper_sum_bkgsub aper_sum_bkgsub_err
       pix       pix    ...                                              
--- --------- --------- ... --------- --------------- -------------------
  1 555.68442 416.57709 ... 5993.8886       6893.3344           138.22486
  2 494.61097 470.43906 ... 6055.1744       2492.1516           121.76822
  3 641.85942 273.05007 ... 6127.8136       1604.1027            118.6791
-----------------------------------------
222
/mnt//archive/draco2/2024/24_11_22//ad0222.fits
flat found.  dividing by flatfield
read ra/dec for target of: (323.16844, 49.212512)
pixel scale is: 0.9828084524154327
x/y of var, cal1, cal2: 555.7093481068595 416.8150038563772 494.62654608569017 470.67624955220083 641.8998318880331 273.29777064459546
 id  xcenter   ycenter  ...  aper_bkg aper_sum_bkgsub aper_sum_bkgsub_err
       pix       pix    ...                                              
--- --------- --------- ... --------- --------------- -------------------
  1 555.70935   416.815 ... 5877.7136       6828.8142           137.14679
  2 494.62655 470.67625 ...  6076.033       2078.2035           120.23007
  3 641.89983 273.29777 ... 6200.2026        1590.455           119.23028
-----------------------------------------
223
/mnt//archive/draco2/2024/24_11_22//ad0223.fits
flat found.  dividing by flatfield
read ra/dec for target of: (323.16844, 49.212512)
pixel scale is: 0.9828398609024427
x/y of var, cal1, cal2: 555.3536975456555 417.00614719356594 494.26005532405617 470.868456118698 641.5435385070563 273.4895625373081
 id  xcenter   ycenter  ...  aper_bkg aper_sum_bkgsub aper_sum_bkgsub_err
       pix       pix    ...                                              
--- --------- --------- ... --------- --------------- -------------------
  1  555.3537 417.00615 ...  6088.941       6719.9967            138.2855
  2 494.26006 470.86846 ... 6022.4774       2223.7072           120.38963
  3 641.54354 273.48956 ... 5899.5186       1582.9491           116.64899
-----------------------------------------
224
/mnt//archive/draco2/2024/24_11_22//ad0224.fits
flat found.  dividing by flatfield
read ra/dec for target of: (323.16844, 49.212512)
pixel scale is: 0.9826707518498811
x/y of var, cal1, cal2: 555.2997091979122 417.04430606732393 494.2263068166385 470.89739433210644 641.4551881161902 273.52910256185754
 id  xcenter   ycenter  ...  aper_bkg aper_sum_bkgsub aper_sum_bkgsub_err
       pix       pix    ...                                              
--- --------- --------- ... --------- --------------- -------------------
  1 555.29971 417.04431 ... 5867.4471       7271.1441           138.67602
  2 494.22631 470.89739 ... 6072.5554       2358.5249           121.36159
  3 641.45519  273.5291 ... 5845.3599        1687.221           116.63165
