read ra/dec for calibration star of: (346.910188, 58.621305) (346.992287, 58.573333)
automag_driver: using file automag_driver
aperture parameters; rad, r_in, r_out: 5.0, 15.0, 25.0
-----------------------------------------
274
/mnt//archive/draco2/2024/24_11_10//ad0274.fits
flat found.  dividing by flatfield
read ra/dec for target of: (346.79201, 58.554203)
pixel scale is: 0.98475341934472
x/y of var, cal1, cal2: 554.0199064771873 417.38500425990395 720.5682987909616 129.0763837331562 911.4068740149017 266.06478257392934
 id  xcenter   ycenter  ...  aper_bkg aper_sum_bkgsub aper_sum_bkgsub_err
       pix       pix    ...                                              
--- --------- --------- ... --------- --------------- -------------------
  1 554.01991   417.385 ... 7812.9766       225218.71           490.98846
  2  720.5683 129.07638 ... 7896.5533       187400.89           451.01995
  3 911.40687 266.06478 ... 7655.4673       72326.959           296.41676
-----------------------------------------
275
/mnt//archive/draco2/2024/24_11_10//ad0275.fits
flat found.  dividing by flatfield
read ra/dec for target of: (346.79201, 58.554203)
pixel scale is: 0.9845495504025225
x/y of var, cal1, cal2: 554.1519804551976 417.6781540863035 720.7082622157652 129.30114532940706 911.5503583255099 266.3079543258941
 id  xcenter   ycenter  ...  aper_bkg aper_sum_bkgsub aper_sum_bkgsub_err
       pix       pix    ...                                              
--- --------- --------- ... --------- --------------- -------------------
  1 554.15198 417.67815 ... 7749.8287       221357.59           486.91093
  2 720.70826 129.30115 ... 7765.7189       187209.38           450.51728
  3 911.55036 266.30795 ...  7619.585       71805.674            295.4147
-----------------------------------------
276
/mnt//archive/draco2/2024/24_11_10//ad0276.fits
flat found.  dividing by flatfield
read ra/dec for target of: (346.79201, 58.554203)
pixel scale is: 0.984757712175025
x/y of var, cal1, cal2: 554.4441486792796 417.3296052207524 721.0015172360602 129.0139572651609 911.8248540078621 265.9922691274404
 id  xcenter   ycenter  ...  aper_bkg aper_sum_bkgsub aper_sum_bkgsub_err
       pix       pix    ...                                              
--- --------- --------- ... --------- --------------- -------------------
  1 554.44415 417.32961 ... 8051.8058       220565.83           486.71803
  2 721.00152 129.01396 ... 7870.3572       185841.63           449.22972
  3 911.82485 265.99227 ...  7953.183       71278.654           295.65186
-----------------------------------------
277
/mnt//archive/draco2/2024/24_11_10//ad0277.fits
flat found.  dividing by flatfield
read ra/dec for target of: (346.79201, 58.554203)
pixel scale is: 0.9846025417204655
x/y of var, cal1, cal2: 554.259192233024 417.09464379005846 720.7905633824553 128.7567567339873 911.6555179809811 265.7832431008621
 id  xcenter   ycenter  ...  aper_bkg aper_sum_bkgsub aper_sum_bkgsub_err
       pix       pix    ...                                              
--- --------- --------- ... --------- --------------- -------------------
  1 554.25919 417.09464 ... 7679.9129       221485.56           486.89874
  2 720.79056 128.75676 ... 7638.6449       183841.96           446.47985
  3 911.65552 265.78324 ...  7732.982       71029.578           294.48352
-----------------------------------------
278
/mnt//archive/draco2/2024/24_11_10//ad0278.fits
flat found.  dividing by flatfield
read ra/dec for target of: (346.79201, 58.554203)
pixel scale is: 0.9848052943744264
x/y of var, cal1, cal2: 554.2918615234015 417.56177357204007 720.8534647727843 129.26088921017475 911.6960501051187 266.23353517195693
 id  xcenter   ycenter  ...  aper_bkg aper_sum_bkgsub aper_sum_bkgsub_err
       pix       pix    ...                                              
--- --------- --------- ... --------- --------------- -------------------
  1 554.29186 417.56177 ... 7753.6245       224591.63           490.22839
  2 720.85346 129.26089 ... 7840.0654       185544.69           448.83162
  3 911.69605 266.23354 ... 7882.5577       72800.615           297.97774
-----------------------------------------
279
/mnt//archive/draco2/2024/24_11_10//ad0279.fits
flat found.  dividing by flatfield
read ra/dec for target of: (346.79201, 58.554203)
pixel scale is: 0.9846936256545
x/y of var, cal1, cal2: 554.3631550954237 417.5331153288596 720.9606444444596 129.19446220135347 911.7953284047555 266.1768366234819
 id  xcenter   ycenter  ...  aper_bkg aper_sum_bkgsub aper_sum_bkgsub_err
       pix       pix    ...                                              
--- --------- --------- ... --------- --------------- -------------------
  1 554.36316 417.53312 ... 7699.5519       224539.78           490.06518
  2 720.96064 129.19446 ... 7547.1407       187133.05           449.94704
  3 911.79533 266.17684 ... 7388.7399       72558.175            295.9065
-----------------------------------------
280
/mnt//archive/draco2/2024/24_11_10//ad0280.fits
flat found.  dividing by flatfield
read ra/dec for target of: (346.79201, 58.554203)
pixel scale is: 0.9849456368630333
x/y of var, cal1, cal2: 554.2678244850032 417.81112188119147 720.8286867787509 129.56743393626869 911.6834161694726 266.53902894833516
 id  xcenter   ycenter  ...  aper_bkg aper_sum_bkgsub aper_sum_bkgsub_err
       pix       pix    ...                                              
--- --------- --------- ... --------- --------------- -------------------
  1 554.26782 417.81112 ... 7865.4725       215474.81            481.0725
  2 720.82869 129.56743 ... 7914.9123          179548           442.27008
  3 911.68342 266.53903 ... 7791.1709       70459.587           293.71232
-----------------------------------------
281
/mnt//archive/draco2/2024/24_11_10//ad0281.fits
flat found.  dividing by flatfield
read ra/dec for target of: (346.79201, 58.554203)
pixel scale is: 0.9848963379251212
x/y of var, cal1, cal2: 554.2046238318003 417.7030063190419 720.7625660879519 129.4215928023549 911.6109333100322 266.37334838991205
 id  xcenter   ycenter  ...  aper_bkg aper_sum_bkgsub aper_sum_bkgsub_err
       pix       pix    ...                                              
--- --------- --------- ... --------- --------------- -------------------
  1 554.20462 417.70301 ... 7569.7011       225413.99           490.69175
  2 720.76257 129.42159 ... 7604.2841       186026.91           448.84349
  3 911.61093 266.37335 ... 7546.4706       72721.743           296.71482
