read ra/dec for calibration star of: (359.428633, 62.690422) (359.62416, 62.747272)
automag_driver: using file automag_driver
aperture parameters; rad, r_in, r_out: 5.0, 15.0, 25.0
-----------------------------------------
123
/mnt//archive/draco2/2020/20_10_30//ad0123.fits
no flat found.  will not flatfield
read ra/dec for target of: (359.395668, 62.718246)
pixel scale is: 0.9857783399144947
x/y of var, cal1, cal2: 565.9310370250308 437.63682101217023 507.0733429598873 338.10215268829484 187.94419620069226 558.0504645050194
 id  xcenter   ycenter  ...  aper_bkg aper_sum_bkgsub aper_sum_bkgsub_err
       pix       pix    ...                                              
--- --------- --------- ... --------- --------------- -------------------
  1 565.93104 437.63682 ... 11557.592       192172.13           464.23304
  2 507.07334 338.10215 ... 11557.592       32844.205           237.03247
  3  187.9442 558.05046 ... 11638.415       41775.646           255.49457
-----------------------------------------
124
/mnt//archive/draco2/2020/20_10_30//ad0124.fits
no flat found.  will not flatfield
read ra/dec for target of: (359.395668, 62.718246)
pixel scale is: 0.9858801743573675
x/y of var, cal1, cal2: 565.9948428425052 437.6091244404278 507.1327981348552 338.08978773092224 188.02025138896494 558.0427573023145
 id  xcenter   ycenter  ...  aper_bkg aper_sum_bkgsub aper_sum_bkgsub_err
       pix       pix    ...                                              
--- --------- --------- ... --------- --------------- -------------------
  1 565.99484 437.60912 ... 11797.622       192744.29           465.36495
  2  507.1328 338.08979 ... 11555.205       33531.325           238.46747
  3 188.02025 558.04276 ... 11797.622        42264.25           257.06905
-----------------------------------------
125
/mnt//archive/draco2/2020/20_10_30//ad0125.fits
no flat found.  will not flatfield
read ra/dec for target of: (359.395668, 62.718246)
pixel scale is: 0.9858613131378645
x/y of var, cal1, cal2: 567.2201264960273 437.60632147289425 508.35326349346377 338.07934682824236 189.20710492364145 558.0054379527577
 id  xcenter   ycenter  ...  aper_bkg aper_sum_bkgsub aper_sum_bkgsub_err
       pix       pix    ...                                              
--- --------- --------- ... --------- --------------- -------------------
  1 567.22013 437.60632 ... 11636.456       191297.46           463.46022
  2 508.35326 338.07935 ... 11636.456       33060.181           237.81945
  3  189.2071 558.00544 ... 11636.456       41053.256           254.06922
-----------------------------------------
126
/mnt//archive/draco2/2020/20_10_30//ad0126.fits
no flat found.  will not flatfield
read ra/dec for target of: (359.395668, 62.718246)
pixel scale is: 0.9859373752444112
x/y of var, cal1, cal2: 567.6266775441255 437.65071210221834 508.77382181556186 338.1291891725878 189.6896160270163 558.0262405270075
 id  xcenter   ycenter  ...  aper_bkg aper_sum_bkgsub aper_sum_bkgsub_err
       pix       pix    ...                                              
--- --------- --------- ... --------- --------------- -------------------
  1 567.62668 437.65071 ... 11715.457       195560.21           468.20522
  2 508.77382 338.12919 ... 11553.864       32858.931            237.0478
  3 189.68962 558.02624 ... 11715.457        42416.74           257.04601
