read ra/dec for calibration star of: (323.139367, 49.200936) (323.214433, 49.246981)
automag_driver: using file automag_driver
aperture parameters; rad, r_in, r_out: 5.0, 15.0, 25.0
-----------------------------------------
65
/mnt//archive/draco2/2024/24_10_14//ad0065.fits
flat found.  dividing by flatfield
read ra/dec for target of: (323.16844, 49.212512)
pixel scale is: 0.9851326970205884
x/y of var, cal1, cal2: 552.2807654803993 417.40016220263533 613.0807109181093 363.4461042847696 466.6936530789799 560.8887423494502
 id  xcenter   ycenter  ...  aper_bkg aper_sum_bkgsub aper_sum_bkgsub_err
       pix       pix    ...                                              
--- --------- --------- ... --------- --------------- -------------------
  1 552.28077 417.40016 ... 150014.78       88730.339           623.68654
  2 613.08071  363.4461 ... 150689.82        50800.86           593.63752
  3 466.69365 560.88874 ... 149494.62       68375.192           606.29154
-----------------------------------------
66
/mnt//archive/draco2/2024/24_10_14//ad0066.fits
flat found.  dividing by flatfield
read ra/dec for target of: (323.16844, 49.212512)
pixel scale is: 0.9851765129360365
x/y of var, cal1, cal2: 550.5836641259955 418.2627711636663 611.3859838072123 364.3140800992861 464.99187389855774 561.740793921408
 id  xcenter   ycenter  ...  aper_bkg aper_sum_bkgsub aper_sum_bkgsub_err
       pix       pix    ...                                              
--- --------- --------- ... --------- --------------- -------------------
  1 550.58366 418.26277 ... 151170.52       87782.074           624.77845
  2 611.38598 364.31408 ... 151393.73       49921.865           594.08276
  3 464.99187 561.74079 ... 150282.33       67297.597           606.70195
-----------------------------------------
67
/mnt//archive/draco2/2024/24_10_14//ad0067.fits
flat found.  dividing by flatfield
read ra/dec for target of: (323.16844, 49.212512)
pixel scale is: 0.9851625769041644
x/y of var, cal1, cal2: 549.7622380985787 418.85863795281233 610.5705817395915 364.9073198173688 464.15775250768723 562.341315393298
 id  xcenter   ycenter  ...  aper_bkg aper_sum_bkgsub aper_sum_bkgsub_err
       pix       pix    ...                                              
--- --------- --------- ... --------- --------------- -------------------
  1 549.76224 418.85864 ... 151853.22       87357.572           625.53098
  2 610.57058 364.90732 ... 152450.09       49072.956           595.14547
  3 464.15775 562.34132 ... 151300.25       66662.656           607.85538
-----------------------------------------
68
/mnt//archive/draco2/2024/24_10_14//ad0068.fits
flat found.  dividing by flatfield
read ra/dec for target of: (323.16844, 49.212512)
pixel scale is: 0.9851550221991673
x/y of var, cal1, cal2: 549.3129604316059 419.4642617163044 610.1163456277202 365.51099152456993 463.7178584426694 562.9502051483612
 id  xcenter   ycenter  ...  aper_bkg aper_sum_bkgsub aper_sum_bkgsub_err
       pix       pix    ...                                              
--- --------- --------- ... --------- --------------- -------------------
  1 549.31296 419.46426 ... 151788.97       87041.507           625.17553
  2 610.11635 365.51099 ...  152566.5       49789.212           595.94228
  3 463.71786 562.95021 ... 151393.58       67028.558           608.30972
