read ra/dec for calibration star of: (323.139367, 49.200936) (323.214433, 49.246981)
automag_driver: using file automag_driver
aperture parameters; rad, r_in, r_out: 5.0, 15.0, 25.0
-----------------------------------------
25
/mnt//archive/draco2/2024/24_11_22//ad0025.fits
flat found.  dividing by flatfield
read ra/dec for target of: (323.16844, 49.212512)
pixel scale is: 0.9831337867236433
x/y of var, cal1, cal2: 554.7395254532448 416.1758903325098 493.6799995328022 470.05015446776014 640.8719885250623 272.6626261630105
 id  xcenter   ycenter  ...  aper_bkg aper_sum_bkgsub aper_sum_bkgsub_err
       pix       pix    ...                                              
--- --------- --------- ... --------- --------------- -------------------
  1 554.73953 416.17589 ... 15783.497       69016.969           317.50427
  2    493.68 470.05015 ... 15745.493       25424.188           239.04011
  3 640.87199 272.66263 ... 15632.407       34046.265           256.00016
-----------------------------------------
26
/mnt//archive/draco2/2024/24_11_22//ad0026.fits
flat found.  dividing by flatfield
read ra/dec for target of: (323.16844, 49.212512)
pixel scale is: 0.9832144915023927
x/y of var, cal1, cal2: 554.503422967289 416.06262697495055 493.442957509278 469.9378042594213 640.6412506702263 272.55361772392706
 id  xcenter   ycenter  ...  aper_bkg aper_sum_bkgsub aper_sum_bkgsub_err
       pix       pix    ...                                              
--- --------- --------- ... --------- --------------- -------------------
  1 554.50342 416.06263 ... 15690.697       68751.302           316.79283
  2 493.44296  469.9378 ... 15812.531       25223.403           238.90053
  3 640.64125 272.55362 ... 15710.937       34259.682           256.72272
-----------------------------------------
27
/mnt//archive/draco2/2024/24_11_22//ad0027.fits
flat found.  dividing by flatfield
read ra/dec for target of: (323.16844, 49.212512)
pixel scale is: 0.9830985646961189
x/y of var, cal1, cal2: 554.3634942564108 415.8048791008647 493.3029848666448 469.68369654725865 640.5036228742313 272.2827745667779
 id  xcenter   ycenter  ...  aper_bkg aper_sum_bkgsub aper_sum_bkgsub_err
       pix       pix    ...                                              
--- --------- --------- ... --------- --------------- -------------------
  1 554.36349 415.80488 ... 16353.683       63905.011           311.18705
  2 493.30298  469.6837 ... 16374.057        23594.43           237.83932
  3 640.50362 272.28277 ... 16231.144       31983.848            254.3052
-----------------------------------------
28
/mnt//archive/draco2/2024/24_11_22//ad0028.fits
flat found.  dividing by flatfield
read ra/dec for target of: (323.16844, 49.212512)
pixel scale is: 0.9832703556582939
x/y of var, cal1, cal2: 554.3782126676207 415.64687877635225 493.3195378444848 469.51912764849044 640.5177336041498 272.1458366638086
 id  xcenter   ycenter  ...  aper_bkg aper_sum_bkgsub aper_sum_bkgsub_err
       pix       pix    ...                                              
--- --------- --------- ... --------- --------------- -------------------
  1 554.37821 415.64688 ... 16219.883       63688.782           310.40868
  2 493.31954 469.51913 ... 16392.063       23763.042           238.26911
  3 640.51773 272.14584 ... 16039.197       31723.531           253.03542
