read ra/dec for calibration star of: (346.910188, 58.621305) (346.992287, 58.573333)
automag_driver: using file automag_driver
aperture parameters; rad, r_in, r_out: 5.0, 15.0, 25.0
-----------------------------------------
94
/mnt//archive/draco2/2024/24_11_25//ad0094.fits
flat found.  dividing by flatfield
read ra/dec for target of: (346.79201, 58.554203)
pixel scale is: 0.9835971102773418
x/y of var, cal1, cal2: 553.9365698841222 416.83751880460653 769.3992025215294 162.41835879412844 933.0850129244365 331.3459036428896
 id  xcenter   ycenter  ...  aper_bkg aper_sum_bkgsub aper_sum_bkgsub_err
       pix       pix    ...                                              
--- --------- --------- ... --------- --------------- -------------------
  1 553.93657 416.83752 ... 10542.118       165450.79           432.15741
  2  769.3992 162.41836 ... 10279.691       110248.82           361.98509
  3 933.08501  331.3459 ... 10163.766       41488.004           249.07938
-----------------------------------------
95
/mnt//archive/draco2/2024/24_11_25//ad0095.fits
flat found.  dividing by flatfield
read ra/dec for target of: (346.79201, 58.554203)
pixel scale is: 0.9836357306254278
x/y of var, cal1, cal2: 553.6875911141747 416.8664464787467 769.1444467047694 162.45619694005094 932.7876808095388 331.3762971865346
 id  xcenter   ycenter  ...  aper_bkg aper_sum_bkgsub aper_sum_bkgsub_err
       pix       pix    ...                                              
--- --------- --------- ... --------- --------------- -------------------
  1 553.68759 416.86645 ... 10568.888       170559.94           438.08985
  2 769.14445  162.4562 ... 10475.574       109671.63           361.72887
  3 932.78768  331.3763 ... 10403.307       41455.878           249.97498
-----------------------------------------
96
/mnt//archive/draco2/2024/24_11_25//ad0096.fits
flat found.  dividing by flatfield
read ra/dec for target of: (346.79201, 58.554203)
pixel scale is: 0.9836407611205084
x/y of var, cal1, cal2: 553.9479364444531 417.04785852532893 769.3702948481445 162.64296832314128 933.0196359366632 331.56528001766503
 id  xcenter   ycenter  ...  aper_bkg aper_sum_bkgsub aper_sum_bkgsub_err
       pix       pix    ...                                              
--- --------- --------- ... --------- --------------- -------------------
  1 553.94794 417.04786 ... 10243.169       179309.06            447.2364
  2 769.37029 162.64297 ... 10266.433       118672.83            373.4042
  3 933.01964 331.56528 ... 10054.167       43423.786           252.50172
-----------------------------------------
97
/mnt//archive/draco2/2024/24_11_25//ad0097.fits
flat found.  dividing by flatfield
read ra/dec for target of: (346.79201, 58.554203)
pixel scale is: 0.9835833382619258
x/y of var, cal1, cal2: 554.2135614835408 417.05318433978863 769.6864622649666 162.6387840304767 933.3163110832502 331.5750297521996
 id  xcenter   ycenter  ...  aper_bkg aper_sum_bkgsub aper_sum_bkgsub_err
       pix       pix    ...                                              
--- --------- --------- ... --------- --------------- -------------------
  1 554.21356 417.05318 ... 10349.956       180638.29            448.9579
  2 769.68646 162.63878 ... 10233.229       118076.89           372.51624
  3 933.31631 331.57503 ... 10234.293       44847.862           256.01064
