read ra/dec for calibration star of: (324.4415, 51.831708) (324.512996, 51.786767)
automag_driver: using file automag_driver
aperture parameters; rad, r_in, r_out: 5.0, 15.0, 25.0
-----------------------------------------
17
/mnt//archive/draco2/2024/24_11_22//ad0017.fits
flat found.  dividing by flatfield
read ra/dec for target of: (324.367201, 51.762485)
pixel scale is: 0.9832725975628498
x/y of var, cal1, cal2: 556.4239867542461 417.0656945598366 677.5105303968545 138.03625348199557 865.8374402914432 271.4334739761033
 id  xcenter   ycenter  ...  aper_bkg aper_sum_bkgsub aper_sum_bkgsub_err
       pix       pix    ...                                              
--- --------- --------- ... --------- --------------- -------------------
  1 556.42399 417.06569 ... 7117.1041       100942.45            339.7082
  2 677.51053 138.03625 ... 7451.2803       122189.84           370.56362
  3 865.83744 271.43347 ... 7097.2259        36841.57           226.40897
-----------------------------------------
18
/mnt//archive/draco2/2024/24_11_22//ad0018.fits
flat found.  dividing by flatfield
read ra/dec for target of: (324.367201, 51.762485)
pixel scale is: 0.9831124499698323
x/y of var, cal1, cal2: 556.8645546997888 417.35106166347117 677.9853149874356 138.27849634082799 866.3494896006441 271.7010682378924
 id  xcenter   ycenter  ...  aper_bkg aper_sum_bkgsub aper_sum_bkgsub_err
       pix       pix    ...                                              
--- --------- --------- ... --------- --------------- -------------------
  1 556.86455 417.35106 ... 7136.7479          100688           339.39136
  2 677.98531  138.2785 ... 7244.6184       122803.22           370.83346
  3 866.34949 271.70107 ... 6992.4734       37341.389           227.04919
-----------------------------------------
19
/mnt//archive/draco2/2024/24_11_22//ad0019.fits
flat found.  dividing by flatfield
read ra/dec for target of: (324.367201, 51.762485)
pixel scale is: 0.9833362867269588
x/y of var, cal1, cal2: 556.7135573993355 417.5708466805873 677.8012018102156 138.55271058942503 866.1557218595009 271.9307675140487
 id  xcenter   ycenter  ...  aper_bkg aper_sum_bkgsub aper_sum_bkgsub_err
       pix       pix    ...                                              
--- --------- --------- ... --------- --------------- -------------------
  1 556.71356 417.57085 ... 7090.2743       100811.49           339.43635
  2  677.8012 138.55271 ... 6939.6555       122042.91           368.98132
  3 866.15572 271.93077 ... 6973.5899        37329.43           226.93966
-----------------------------------------
20
/mnt//archive/draco2/2024/24_11_22//ad0020.fits
flat found.  dividing by flatfield
read ra/dec for target of: (324.367201, 51.762485)
pixel scale is: 0.9831816700355858
x/y of var, cal1, cal2: 556.341780405512 417.4335651373262 677.4472023184611 138.36534798888778 865.8063991237323 271.75473144800355
 id  xcenter   ycenter  ...  aper_bkg aper_sum_bkgsub aper_sum_bkgsub_err
       pix       pix    ...                                              
--- --------- --------- ... --------- --------------- -------------------
  1 556.34178 417.43357 ... 7093.6367       101202.61           340.02188
  2  677.4472 138.36535 ... 7229.6729       122372.51            370.2119
  3  865.8064 271.75473 ... 6941.8951       37685.381           227.58333
