read ra/dec for calibration star of: (350.640742, 62.791417) (350.801063, 62.783467)
automag_driver: using file automag_driver
aperture parameters; rad, r_in, r_out: 5.0, 15.0, 25.0
-----------------------------------------
83
/mnt//archive/draco2/2018/18_11_01//ad0083.fits
flat found.  dividing by flatfield
read ra/dec for target of: (350.618496, 62.757151)
pixel scale is: 0.9877030816226166
x/y of var, cal1, cal2: 570.2185125110133 423.9587962641624 532.8423044109219 548.7673570679934 265.6534427638968 519.5675998833627
 id  xcenter   ycenter  ...  aper_bkg aper_sum_bkgsub aper_sum_bkgsub_err
       pix       pix    ...                                              
--- --------- --------- ... --------- --------------- -------------------
  1 570.21851  423.9588 ... 13100.466        95771.27           349.56717
  2  532.8423 548.76736 ... 13171.628       122877.88           386.58263
  3 265.65344  519.5676 ...  13632.46       55402.816           287.91099
-----------------------------------------
84
/mnt//archive/draco2/2018/18_11_01//ad0084.fits
flat found.  dividing by flatfield
read ra/dec for target of: (350.618496, 62.757151)
pixel scale is: 0.9871408750935092
x/y of var, cal1, cal2: 570.2970214971635 423.94865698421364 532.8717958287599 548.8199933085035 265.53725441589665 519.5442395662043
 id  xcenter   ycenter  ...  aper_bkg aper_sum_bkgsub aper_sum_bkgsub_err
       pix       pix    ...                                              
--- --------- --------- ... --------- --------------- -------------------
  1 570.29702 423.94866 ... 13270.899       94845.218           348.72915
  2  532.8718 548.81999 ... 13116.897       123120.98           386.75545
  3 265.53725 519.54424 ... 13619.237       54852.383            286.9074
-----------------------------------------
85
/mnt//archive/draco2/2018/18_11_01//ad0085.fits
flat found.  dividing by flatfield
read ra/dec for target of: (350.618496, 62.757151)
pixel scale is: 0.9876655565916516
x/y of var, cal1, cal2: 570.7495825863468 423.83266315472326 533.3443966070475 548.637721078401 266.15182722396446 519.3778575554966
 id  xcenter   ycenter  ...  aper_bkg aper_sum_bkgsub aper_sum_bkgsub_err
       pix       pix    ...                                              
--- --------- --------- ... --------- --------------- -------------------
  1 570.74958 423.83266 ... 12915.104       93721.856           346.08823
  2  533.3444 548.63772 ... 13120.943       121258.91           384.35113
  3 266.15183 519.37786 ...  13557.72       54234.644           285.61352
-----------------------------------------
86
/mnt//archive/draco2/2018/18_11_01//ad0086.fits
flat found.  dividing by flatfield
read ra/dec for target of: (350.618496, 62.757151)
pixel scale is: 0.9875990530029269
x/y of var, cal1, cal2: 571.5551948213687 424.04868864666844 534.1094690850781 548.8507474391156 266.90783759332527 519.5075123127274
 id  xcenter   ycenter  ...  aper_bkg aper_sum_bkgsub aper_sum_bkgsub_err
       pix       pix    ...                                              
--- --------- --------- ... --------- --------------- -------------------
  1 571.55519 424.04869 ... 12983.497       92743.888           344.87082
  2 534.10947 548.85075 ... 13127.987       120233.37           383.03309
  3 266.90784 519.50751 ...  13525.38       53744.478           284.64054
