read ra/dec for calibration star of: (359.428633, 62.690422) (359.62416, 62.747272)
automag_driver: using file automag_driver
aperture parameters; rad, r_in, r_out: 5.0, 15.0, 25.0
-----------------------------------------
105
/mnt//archive/draco2/2024/24_11_22//ad0105.fits
flat found.  dividing by flatfield
read ra/dec for target of: (359.395668, 62.718246)
pixel scale is: 0.9825984301421717
x/y of var, cal1, cal2: 555.8495241141753 416.3188410014485 628.1386246177508 507.03700287304923 914.6418443571872 244.17406404763395
 id  xcenter   ycenter  ...  aper_bkg aper_sum_bkgsub aper_sum_bkgsub_err
       pix       pix    ...                                              
--- --------- --------- ... --------- --------------- -------------------
  1 555.84952 416.31884 ... 2526.2873       41288.201           215.79105
  2 628.13862   507.037 ... 2647.1631       11039.727           128.68199
  3 914.64184 244.17406 ... 2541.6763       7714.1633           114.11624
-----------------------------------------
106
/mnt//archive/draco2/2024/24_11_22//ad0106.fits
flat found.  dividing by flatfield
read ra/dec for target of: (359.395668, 62.718246)
pixel scale is: 0.9827857487529718
x/y of var, cal1, cal2: 555.9384330841069 416.0309693994534 628.2192380832328 506.7270697244459 914.674314084561 243.89532945755343
 id  xcenter   ycenter  ...  aper_bkg aper_sum_bkgsub aper_sum_bkgsub_err
       pix       pix    ...                                              
--- --------- --------- ... --------- --------------- -------------------
  1 555.93843 416.03097 ... 2731.4825       41232.204           216.61064
  2 628.21924 506.72707 ... 2686.4228       11211.148            129.6495
  3 914.67431 243.89533 ... 2760.8696       6976.0058           112.79515
-----------------------------------------
107
/mnt//archive/draco2/2024/24_11_22//ad0107.fits
flat found.  dividing by flatfield
read ra/dec for target of: (359.395668, 62.718246)
pixel scale is: 0.9827284435497513
x/y of var, cal1, cal2: 556.0254911346204 416.06937925516326 628.3239694817121 506.77887925368884 914.8101309373947 243.96395586931942
 id  xcenter   ycenter  ...  aper_bkg aper_sum_bkgsub aper_sum_bkgsub_err
       pix       pix    ...                                              
--- --------- --------- ... --------- --------------- -------------------
  1 556.02549 416.06938 ... 2568.6873       40482.526           214.11422
  2 628.32397 506.77888 ... 2582.3678       11525.088             130.057
  3 914.81013 243.96396 ... 2519.2024       7428.7544           112.65948
-----------------------------------------
108
/mnt//archive/draco2/2024/24_11_22//ad0108.fits
flat found.  dividing by flatfield
read ra/dec for target of: (359.395668, 62.718246)
pixel scale is: 0.98255189788803
x/y of var, cal1, cal2: 556.2822680072076 415.90579918872197 628.5766181250732 506.6391671372042 915.0548912416683 243.80701316024746
 id  xcenter   ycenter  ...  aper_bkg aper_sum_bkgsub aper_sum_bkgsub_err
       pix       pix    ...                                              
--- --------- --------- ... --------- --------------- -------------------
  1 556.28227  415.9058 ... 2649.9114       40946.449           215.57196
  2 628.57662 506.63917 ... 2582.2891       11079.381           128.33144
  3 915.05489 243.80701 ... 2675.9126       6810.1816           111.29693
