read ra/dec for calibration star of: (356.156642, 63.066039) (356.399713, 62.908706)
automag_driver: using file automag_driver
aperture parameters; rad, r_in, r_out: 5.0, 15.0, 25.0
-----------------------------------------
230
/mnt//archive/draco2/2024/24_11_10//ad0230.fits
flat found.  dividing by flatfield
read ra/dec for target of: (356.260948, 63.003853)
pixel scale is: 0.9850082132648835
x/y of var, cal1, cal2: 554.8582829605604 416.4146530747598 337.02870837044117 231.75052894302723 855.6036468143685 705.6977690303702
 id  xcenter   ycenter  ...  aper_bkg aper_sum_bkgsub aper_sum_bkgsub_err
       pix       pix    ...                                              
--- --------- --------- ... --------- --------------- -------------------
  1 554.85828 416.41465 ... 28482.831       48955.438            325.8007
  2 337.02871 231.75053 ...  28762.83       73460.976           362.23147
  3 855.60365 705.69777 ... 28166.512       32480.124            298.3926
-----------------------------------------
231
/mnt//archive/draco2/2024/24_11_10//ad0231.fits
flat found.  dividing by flatfield
read ra/dec for target of: (356.260948, 63.003853)
pixel scale is: 0.9851856048304798
x/y of var, cal1, cal2: 554.9739135741119 416.18173042444664 337.1303069509182 231.54626784272827 855.7357475845828 705.4190926737156
 id  xcenter   ycenter  ...  aper_bkg aper_sum_bkgsub aper_sum_bkgsub_err
       pix       pix    ...                                              
--- --------- --------- ... --------- --------------- -------------------
  1 554.97391 416.18173 ... 24720.548       67604.871           342.44849
  2 337.13031 231.54627 ... 25341.333       101900.43           390.90676
  3 855.73575 705.41909 ... 24192.607        45833.36           307.31673
-----------------------------------------
232
/mnt//archive/draco2/2024/24_11_10//ad0232.fits
flat found.  dividing by flatfield
read ra/dec for target of: (356.260948, 63.003853)
pixel scale is: 0.9850980454813846
x/y of var, cal1, cal2: 554.903709415687 415.9504199906036 337.1261117215013 231.31351175767696 855.5694465051574 705.1928269806331
 id  xcenter   ycenter  ...  aper_bkg aper_sum_bkgsub aper_sum_bkgsub_err
       pix       pix    ...                                              
--- --------- --------- ... --------- --------------- -------------------
  1 554.90371 415.95042 ... 25249.167       66767.078           342.76875
  2 337.12611 231.31351 ... 25845.663       99515.716            389.1427
  3 855.56945 705.19283 ... 24839.407       44860.576           307.83825
-----------------------------------------
233
/mnt//archive/draco2/2024/24_11_10//ad0233.fits
flat found.  dividing by flatfield
read ra/dec for target of: (356.260948, 63.003853)
pixel scale is: 0.9849949474925825
x/y of var, cal1, cal2: 554.8980171913868 415.9632388576475 337.0814352277259 231.2933741315846 855.6199303445776 705.2547396630919
 id  xcenter   ycenter  ...  aper_bkg aper_sum_bkgsub aper_sum_bkgsub_err
       pix       pix    ...                                              
--- --------- --------- ... --------- --------------- -------------------
  1 554.89802 415.96324 ...  28532.81       44225.898           318.61657
  2 337.08144 231.29337 ...  28908.47       66801.453           353.33185
  3 855.61993 705.25474 ... 27940.696       30090.085           293.59236
