read ra/dec for calibration star of: (36.845811, 59.457341) (36.762357, 59.472787)
automag_driver: using file automag_driver
aperture parameters; rad, r_in, r_out: 5.0, 15.0, 25.0
-----------------------------------------
772718
/mnt//archive/pt5m/2024/24_02_07//adbr0772718.fits
no flat found.  will not flatfield
read ra/dec for target of: (36.807362, 59.460604)
pixel scale is: 0.5588420690980082
x/y of var, cal1, cal2: 730.3322324186724 226.54133598453447 711.8864405286823 100.28297714056907 805.904505112527 375.32838861702436
 id  xcenter   ycenter  ...  aper_bkg aper_sum_bkgsub aper_sum_bkgsub_err
       pix       pix    ...                                              
--- --------- --------- ... --------- --------------- -------------------
  1 730.33223 226.54134 ... 5365.0087       345499.37           597.03801
  2 711.88644 100.28298 ... 3436.9587       6379.5942           116.09699
  3 805.90451 375.32839 ... 3017.8173       13387.384           140.17139
-----------------------------------------
772719
/mnt//archive/pt5m/2024/24_02_07//adbr0772719.fits
no flat found.  will not flatfield
read ra/dec for target of: (36.807362, 59.460604)
pixel scale is: 0.558984319051216
x/y of var, cal1, cal2: 617.0545146744369 292.7083991235348 598.5956329839898 166.48677986752836 692.638064324783 441.4388319626225
 id  xcenter   ycenter  ...  aper_bkg aper_sum_bkgsub aper_sum_bkgsub_err
       pix       pix    ...                                              
--- --------- --------- ... --------- --------------- -------------------
  1 617.05451  292.7084 ... 6954.2045       391256.98           636.70275
  2 598.59563 166.48678 ... 4691.9934       7251.5293           129.84805
  3 692.63806 441.43883 ... 4273.0655       15489.721           155.75896
-----------------------------------------
772720
/mnt//archive/pt5m/2024/24_02_07//adbr0772720.fits
no flat found.  will not flatfield
read ra/dec for target of: (36.807362, 59.460604)
pixel scale is: 0.5589654556897387
x/y of var, cal1, cal2: 616.0255900914568 292.6468171193011 597.5444214293949 166.42045050630284 691.6364898695525 441.3842933700315
 id  xcenter   ycenter  ...  aper_bkg aper_sum_bkgsub aper_sum_bkgsub_err
       pix       pix    ...                                              
--- --------- --------- ... --------- --------------- -------------------
  1 616.02559 292.64682 ... 5614.0142       428857.67           663.55912
  2 597.54442 166.42045 ... 3267.8589       7873.6648           120.97265
  3 691.63649 441.38429 ... 2932.6937       17094.549           152.26601
-----------------------------------------
772721
/mnt//archive/pt5m/2024/24_02_07//adbr0772721.fits
no flat found.  will not flatfield
read ra/dec for target of: (36.807362, 59.460604)
pixel scale is: 0.5588579399873631
x/y of var, cal1, cal2: 616.8893789347945 292.46623064970083 598.409811984236 166.21438392678724 692.4965340225291 441.2372140743663
 id  xcenter   ycenter  ...  aper_bkg aper_sum_bkgsub aper_sum_bkgsub_err
       pix       pix    ...                                              
--- --------- --------- ... --------- --------------- -------------------
  1 616.88938 292.46623 ... 7124.9974       437670.99           672.41801
  2 598.40981 166.21438 ...  4610.292       8609.2287            134.3682
  3 692.49653 441.23721 ... 4274.9984       17356.322           161.65184
-----------------------------------------
772722
/mnt//archive/pt5m/2024/24_02_07//adbr0772722.fits
no flat found.  will not flatfield
read ra/dec for target of: (36.807362, 59.460604)
pixel scale is: 0.5589864496473632
x/y of var, cal1, cal2: 616.8550048700183 292.8673025271846 598.3755374487636 166.64633396267573 692.4623093809611 441.5965023578527
 id  xcenter   ycenter  ...  aper_bkg aper_sum_bkgsub aper_sum_bkgsub_err
       pix       pix    ...                                              
--- --------- --------- ... --------- --------------- -------------------
  1   616.855  292.8673 ... 5613.5925       425779.47           661.23495
  2 598.37554 166.64633 ... 3267.6134       8101.6994            121.9095
  3 692.46231  441.5965 ... 2932.4734       16593.548           150.61041
-----------------------------------------
772723
/mnt//archive/pt5m/2024/24_02_07//adbr0772723.fits
no flat found.  will not flatfield
read ra/dec for target of: (36.807362, 59.460604)
pixel scale is: 0.5590346603503938
x/y of var, cal1, cal2: 616.6958735741777 293.07125865604814 598.2326983684019 166.86213493099984 692.2807878069123 441.7836843795153
 id  xcenter   ycenter  ...  aper_bkg aper_sum_bkgsub aper_sum_bkgsub_err
       pix       pix    ...                                              
--- --------- --------- ... --------- --------------- -------------------
  1 616.69587 293.07126 ... 7036.7228       437658.72            672.2776
  2  598.2327 166.86213 ... 4607.3782       8269.6081           133.07654
  3 692.28079 441.78368 ... 4188.5253       17014.223           160.05085
-----------------------------------------
772724
/mnt//archive/pt5m/2024/24_02_07//adbr0772724.fits
no flat found.  will not flatfield
read ra/dec for target of: (36.807362, 59.460604)
pixel scale is: 0.559109830082423
x/y of var, cal1, cal2: 616.6122525788992 293.3041113649955 598.128961054492 167.11288293679223 692.2230372428553 441.9927781961504
 id  xcenter   ycenter  ...  aper_bkg aper_sum_bkgsub aper_sum_bkgsub_err
       pix       pix    ...                                              
--- --------- --------- ... --------- --------------- -------------------
  1 616.61225 293.30411 ...  5778.611       440208.05           672.30222
  2 598.12896 167.11288 ... 3266.1714       8351.6884            122.9188
  3 692.22304 441.99278 ... 2931.1796       17138.245           152.39949
-----------------------------------------
772725
/mnt//archive/pt5m/2024/24_02_07//adbr0772725.fits
no flat found.  will not flatfield
read ra/dec for target of: (36.807362, 59.460604)
pixel scale is: 0.5590126212586278
x/y of var, cal1, cal2: 616.6386800806557 292.92920446197354 598.1549981360217 166.7151993894455 692.2544940269681 441.6471320642021
 id  xcenter   ycenter  ...  aper_bkg aper_sum_bkgsub aper_sum_bkgsub_err
       pix       pix    ...                                              
--- --------- --------- ... --------- --------------- -------------------
  1 616.63868  292.9292 ... 7037.2776       423283.78           661.50082
  2   598.155  166.7152 ...  4607.741       7943.0555           131.84664
  3 692.25449 441.64713 ... 4188.8556       16773.866           159.30027
