read ra/dec for calibration star of: (319.958496, 45.511931) (320.145346, 45.480292)
automag_driver: using file automag_driver
aperture parameters; rad, r_in, r_out: 5.0, 15.0, 25.0
-----------------------------------------
202
-----------------------------------------
203
/mnt//archive/draco2/2024/24_11_10//ad0203.fits
flat found.  dividing by flatfield
read ra/dec for target of: (320.137086, 45.467506)
pixel scale is: 0.9851375751091762
x/y of var, cal1, cal2: 553.9151890772723 417.02492742112076 72.48767314047598 356.9075844257293 564.4488144580539 366.829457655798
 id  xcenter   ycenter  ...  aper_bkg aper_sum_bkgsub aper_sum_bkgsub_err
       pix       pix    ...                                              
--- --------- --------- ... --------- --------------- -------------------
  1 553.91519 417.02493 ... 8545.0011       58465.753           275.28305
  2 72.487673 356.90758 ... 8578.7124       8180.1718           159.88307
  3 564.44881 366.82946 ... 8477.5507       4259.8028           146.42371
-----------------------------------------
204
-----------------------------------------
205
