read ra/dec for calibration star of: (345.13143, 57.808872) (345.483373, 57.92029)
automag_driver: using file automag_driver
aperture parameters; rad, r_in, r_out: 5.0, 15.0, 25.0
-----------------------------------------
121
/mnt//archive/draco2/2024/24_11_22//ad0121.fits
flat found.  dividing by flatfield
read ra/dec for target of: (345.338038, 57.867027)
pixel scale is: 0.9826790396792747
x/y of var, cal1, cal2: 555.1058495161752 416.74079488554685 195.10827625772134 696.1699279736097 799.4697920558679 175.03938383958322
 id  xcenter   ycenter  ...  aper_bkg aper_sum_bkgsub aper_sum_bkgsub_err
       pix       pix    ...                                              
--- --------- --------- ... --------- --------------- -------------------
  1 555.10585 416.74079 ... 9515.6135       13369.181           180.62505
  2 195.10828 696.16993 ... 9703.5727       66827.866           294.04083
  3 799.46979 175.03938 ... 9527.2339       14853.016           184.74979
-----------------------------------------
122
/mnt//archive/draco2/2024/24_11_22//ad0122.fits
flat found.  dividing by flatfield
read ra/dec for target of: (345.338038, 57.867027)
pixel scale is: 0.9826286700395467
x/y of var, cal1, cal2: 555.3627765675035 416.8477806136407 195.416308683488 696.3156801355544 799.6881395179803 175.11738841096172
 id  xcenter   ycenter  ...  aper_bkg aper_sum_bkgsub aper_sum_bkgsub_err
       pix       pix    ...                                              
--- --------- --------- ... --------- --------------- -------------------
  1 555.36278 416.84778 ... 9368.1758       13999.649           181.55165
  2 195.41631 696.31568 ... 9604.2479       71086.049           300.86466
  3 799.68814 175.11739 ... 9300.7885       15646.334           185.66882
-----------------------------------------
123
/mnt//archive/draco2/2024/24_11_22//ad0123.fits
flat found.  dividing by flatfield
read ra/dec for target of: (345.338038, 57.867027)
pixel scale is: 0.9827607668256769
x/y of var, cal1, cal2: 555.3294796578369 417.26618372331444 195.35333032251305 696.6744083045569 799.6799736889509 175.5832925291507
 id  xcenter   ycenter  ...  aper_bkg aper_sum_bkgsub aper_sum_bkgsub_err
       pix       pix    ...                                              
--- --------- --------- ... --------- --------------- -------------------
  1 555.32948 417.26618 ... 9261.7666       14124.093            181.3081
  2 195.35333 696.67441 ... 9271.0433       72054.475           301.36616
  3 799.67997 175.58329 ... 9195.4127       16389.644           187.09749
-----------------------------------------
124
/mnt//archive/draco2/2024/24_11_22//ad0124.fits
flat found.  dividing by flatfield
read ra/dec for target of: (345.338038, 57.867027)
pixel scale is: 0.9826883112427618
x/y of var, cal1, cal2: 555.5444171622064 417.2959938237947 195.61533634431413 696.7075657841704 799.8528387852049 175.60699365422275
 id  xcenter   ycenter  ...  aper_bkg aper_sum_bkgsub aper_sum_bkgsub_err
       pix       pix    ...                                              
--- --------- --------- ... --------- --------------- -------------------
  1 555.54442 417.29599 ...  8885.246       15682.438           183.51548
  2 195.61534 696.70757 ... 9274.8265       75595.672           307.19753
  3 799.85284 175.60699 ... 9022.1915       17106.909           188.08586
