read ra/dec for calibration star of: (359.428633, 62.690422) (359.62416, 62.747272)
automag_driver: using file automag_driver
aperture parameters; rad, r_in, r_out: 5.0, 15.0, 25.0
-----------------------------------------
41
/mnt//archive/draco2/2018/18_11_17//ad0041.fits
flat found.  dividing by flatfield
read ra/dec for target of: (359.395668, 62.718246)
pixel scale is: 0.9872604316447423
x/y of var, cal1, cal2: 559.409642002577 413.6894627290528 503.2176615856518 312.8190428762407 179.00147756942476 524.132718133946
 id  xcenter   ycenter  ...  aper_bkg aper_sum_bkgsub aper_sum_bkgsub_err
       pix       pix    ...                                              
--- --------- --------- ... --------- --------------- -------------------
  1 559.40964 413.68946 ... 9844.8749       250209.18           519.73448
  2 503.21766 312.81904 ... 9508.7805       30197.535           222.35129
  3 179.00148 524.13272 ... 9839.8463       37728.231           240.06858
-----------------------------------------
42
/mnt//archive/draco2/2018/18_11_17//ad0042.fits
flat found.  dividing by flatfield
read ra/dec for target of: (359.395668, 62.718246)
pixel scale is: 0.9869366687407254
x/y of var, cal1, cal2: 559.3598989648674 413.5359983031442 503.1290894037893 312.64387188639625 178.84933652857978 524.0924208427599
 id  xcenter   ycenter  ...  aper_bkg aper_sum_bkgsub aper_sum_bkgsub_err
       pix       pix    ...                                              
--- --------- --------- ... --------- --------------- -------------------
  1  559.3599   413.536 ... 9750.2326       246226.23           515.70504
  2 503.12909 312.64387 ... 9597.9826         30086.4           222.50251
  3 178.84934 524.09242 ...  9834.251       36014.047           236.44777
-----------------------------------------
43
/mnt//archive/draco2/2018/18_11_17//ad0043.fits
flat found.  dividing by flatfield
read ra/dec for target of: (359.395668, 62.718246)
pixel scale is: 0.9871679812342391
x/y of var, cal1, cal2: 559.5694503571608 413.5601923437159 503.3700229449963 312.68157590441893 179.12813409494646 524.0220622613226
 id  xcenter   ycenter  ...  aper_bkg aper_sum_bkgsub aper_sum_bkgsub_err
       pix       pix    ...                                              
--- --------- --------- ... --------- --------------- -------------------
  1 559.56945 413.56019 ... 9558.6855        253891.8           522.71806
  2 503.37002 312.68158 ... 9606.3226       31164.193           224.94852
  3 179.12813 524.02206 ...  9923.393       37964.333           240.90687
-----------------------------------------
44
/mnt//archive/draco2/2018/18_11_17//ad0044.fits
flat found.  dividing by flatfield
read ra/dec for target of: (359.395668, 62.718246)
pixel scale is: 0.9869667774720583
x/y of var, cal1, cal2: 560.5850019418345 413.55807807118714 504.36664774461246 312.66303998888225 180.07431657776 524.0706064024201
 id  xcenter   ycenter  ...  aper_bkg aper_sum_bkgsub aper_sum_bkgsub_err
       pix       pix    ...                                              
--- --------- --------- ... --------- --------------- -------------------
  1   560.585 413.55808 ...   9565.04       253329.76           522.19234
  2 504.36665 312.66304 ... 9386.6927       31221.998           224.09905
  3 180.07432 524.07061 ... 9623.6258       37741.703           239.19439
