read ra/dec for calibration star of: (337.10892, 58.19507) (337.04309, 58.18527)
automag_driver: using file automag_driver
aperture parameters; rad, r_in, r_out: 5.0, 15.0, 25.0
-----------------------------------------
53
/mnt//archive/draco2/2024/24_10_31//ad0053.fits
flat found.  dividing by flatfield
read ra/dec for target of: (337.208699, 58.21094)
pixel scale is: 0.9858473723537854
x/y of var, cal1, cal2: 552.5257537753209 416.65939056516714 728.0154076119029 319.6259806902088 844.4317674774803 258.1338122388946
 id  xcenter   ycenter  ...  aper_bkg aper_sum_bkgsub aper_sum_bkgsub_err
       pix       pix    ...                                              
--- --------- --------- ... --------- --------------- -------------------
  1 552.52575 416.65939 ... 11986.723       147111.34           413.89587
  2 728.01541 319.62598 ... 11858.596        123365.6           383.80697
  3 844.43177 258.13381 ... 11662.179       50763.185           272.60327
-----------------------------------------
54
/mnt//archive/draco2/2024/24_10_31//ad0054.fits
flat found.  dividing by flatfield
read ra/dec for target of: (337.208699, 58.21094)
pixel scale is: 0.9858350808849452
x/y of var, cal1, cal2: 552.3271112084275 416.8470859853371 727.8209156048844 319.80833760582357 844.2396476111708 258.31266367185447
 id  xcenter   ycenter  ...  aper_bkg aper_sum_bkgsub aper_sum_bkgsub_err
       pix       pix    ...                                              
--- --------- --------- ... --------- --------------- -------------------
  1 552.32711 416.84709 ... 11847.985       146718.09           413.08482
  2 727.82092 319.80834 ... 11790.801       123459.98           383.75328
  3 844.23965 258.31266 ... 11584.247       51281.136           273.26659
-----------------------------------------
55
/mnt//archive/draco2/2024/24_10_31//ad0055.fits
flat found.  dividing by flatfield
read ra/dec for target of: (337.208699, 58.21094)
pixel scale is: 0.9856826683050179
x/y of var, cal1, cal2: 552.606360569921 416.818559834656 728.1239506446509 319.76578772820903 844.5586455733296 258.26125561767446
 id  xcenter   ycenter  ...  aper_bkg aper_sum_bkgsub aper_sum_bkgsub_err
       pix       pix    ...                                              
--- --------- --------- ... --------- --------------- -------------------
  1 552.60636 416.81856 ... 11921.344       147207.23           413.85374
  2 728.12395 319.76579 ... 11858.047       123896.99           384.49719
  3 844.55865 258.26126 ... 11377.508       51377.494           272.68574
-----------------------------------------
56
/mnt//archive/draco2/2024/24_10_31//ad0056.fits
flat found.  dividing by flatfield
read ra/dec for target of: (337.208699, 58.21094)
pixel scale is: 0.9857465286649297
x/y of var, cal1, cal2: 552.3374272352022 416.5272339703592 727.8402198631495 319.4971172108645 844.2652649271929 258.00742779174124
 id  xcenter   ycenter  ...  aper_bkg aper_sum_bkgsub aper_sum_bkgsub_err
       pix       pix    ...                                              
--- --------- --------- ... --------- --------------- -------------------
  1 552.33743 416.52723 ... 12033.003       147515.81           414.49586
  2 727.84022 319.49712 ... 11613.915       123810.14           383.74858
  3 844.26526 258.00743 ... 11524.665       51740.325           273.88803
