read ra/dec for calibration star of: (314.211675, 40.186014) (314.165463, 40.233653)
automag_driver: using file automag_driver
aperture parameters; rad, r_in, r_out: 5.0, 15.0, 25.0
-----------------------------------------
1
/mnt//archive/draco2/2024/24_10_14//ad0001.fits
flat found.  dividing by flatfield
read ra/dec for target of: (314.336791, 40.177503)
pixel scale is: 0.985409299472319
x/y of var, cal1, cal2: 539.4003401320864 451.1989764406365 888.4785833395379 419.8088287087502 1046.0894104787144 568.3493986698794
 id  xcenter   ycenter  ...  aper_bkg aper_sum_bkgsub aper_sum_bkgsub_err
       pix       pix    ...                                              
--- --------- --------- ... --------- --------------- -------------------
  1 539.40034 451.19898 ... 10628.986       89189.206           332.67428
  2 888.47858 419.80883 ... 10251.185       22004.304           206.71641
  3 1046.0894  568.3494 ... 10554.045       37250.126            242.0397
-----------------------------------------
2
/mnt//archive/draco2/2024/24_10_14//ad0002.fits
flat found.  dividing by flatfield
read ra/dec for target of: (314.336791, 40.177503)
pixel scale is: 0.9853753367405382
x/y of var, cal1, cal2: 539.1730997995935 451.2938502118157 888.2643148981203 419.9094424946183 1045.8960442884288 568.4582156979307
 id  xcenter   ycenter  ...  aper_bkg aper_sum_bkgsub aper_sum_bkgsub_err
       pix       pix    ...                                              
--- --------- --------- ... --------- --------------- -------------------
  1  539.1731 451.29385 ... 10415.168       90042.301           333.31312
  2 888.26431 419.90944 ... 10218.626       21610.149           205.60253
  3  1045.896 568.45822 ... 10420.666       37486.085           241.97607
-----------------------------------------
3
/mnt//archive/draco2/2024/24_10_14//ad0003.fits
flat found.  dividing by flatfield
read ra/dec for target of: (314.336791, 40.177503)
pixel scale is: 0.9856469814922304
x/y of var, cal1, cal2: 539.2814891929968 450.9505064170988 888.3470729134236 419.6056049780083 1045.977436632544 568.1273752173227
 id  xcenter   ycenter  ...  aper_bkg aper_sum_bkgsub aper_sum_bkgsub_err
       pix       pix    ...                                              
--- --------- --------- ... --------- --------------- -------------------
  1 539.28149 450.95051 ... 10420.873       89561.421           332.60813
  2 888.34707  419.6056 ... 10239.093       21332.267            205.0255
  3 1045.9774 568.12738 ... 10227.123       37237.441           240.65886
-----------------------------------------
4
/mnt//archive/draco2/2024/24_10_14//ad0004.fits
flat found.  dividing by flatfield
read ra/dec for target of: (314.336791, 40.177503)
pixel scale is: 0.9858161502225814
x/y of var, cal1, cal2: 539.4622578378272 451.2072804300842 888.5313351071381 419.82476295830253 1046.1321059641823 568.3016241597179
 id  xcenter   ycenter  ...  aper_bkg aper_sum_bkgsub aper_sum_bkgsub_err
       pix       pix    ...                                              
--- --------- --------- ... --------- --------------- -------------------
  1 539.46226 451.20728 ... 10522.118       88952.741           331.99695
  2 888.53134 419.82476 ... 10073.118       21667.283           205.03297
  3 1046.1321 568.30162 ... 10259.184       37282.478           240.88555
-----------------------------------------
5
/mnt//archive/draco2/2024/24_10_14//ad0005.fits
flat found.  dividing by flatfield
read ra/dec for target of: (314.336791, 40.177503)
pixel scale is: 0.9855015898457572
x/y of var, cal1, cal2: 539.1449522427532 451.1600137930268 888.2221785456584 419.77660259782317 1045.8522491287672 568.3049806351344
 id  xcenter   ycenter  ...  aper_bkg aper_sum_bkgsub aper_sum_bkgsub_err
       pix       pix    ...                                              
--- --------- --------- ... --------- --------------- -------------------
  1 539.14495 451.16001 ... 10364.675       88129.429           330.27833
  2 888.22218  419.7766 ... 10090.145       21311.654           204.24726
  3 1045.8522 568.30498 ... 10255.995       37116.404           240.52732
-----------------------------------------
6
/mnt//archive/draco2/2024/24_10_14//ad0006.fits
flat found.  dividing by flatfield
read ra/dec for target of: (314.336791, 40.177503)
pixel scale is: 0.985527668745569
x/y of var, cal1, cal2: 539.221013867552 451.2223514584917 888.3395717273079 419.85741181473475 1045.994555120638 568.3898282180146
 id  xcenter   ycenter  ...  aper_bkg aper_sum_bkgsub aper_sum_bkgsub_err
       pix       pix    ...                                              
--- --------- --------- ... --------- --------------- -------------------
  1 539.22101 451.22235 ... 10226.772       88367.312           330.22092
  2 888.33957 419.85741 ... 10212.381       21189.484           204.54644
  3 1045.9946 568.38983 ... 10082.405       37317.418           240.22329
-----------------------------------------
7
/mnt//archive/draco2/2024/24_10_14//ad0007.fits
flat found.  dividing by flatfield
read ra/dec for target of: (314.336791, 40.177503)
pixel scale is: 0.9857326253624135
x/y of var, cal1, cal2: 539.1638031705766 451.30867504471325 888.192181773585 419.9266011221184 1045.7861437925108 568.4174456300996
 id  xcenter   ycenter  ...  aper_bkg aper_sum_bkgsub aper_sum_bkgsub_err
       pix       pix    ...                                              
--- --------- --------- ... --------- --------------- -------------------
  1  539.1638 451.30868 ... 10226.719       89006.197           331.18671
  2 888.19218  419.9266 ... 10202.595       21293.189           204.75199
  3 1045.7861 568.41745 ...   10083.4       36861.688           239.27701
-----------------------------------------
8
/mnt//archive/draco2/2024/24_10_14//ad0008.fits
flat found.  dividing by flatfield
read ra/dec for target of: (314.336791, 40.177503)
pixel scale is: 0.9857189966290222
x/y of var, cal1, cal2: 538.8916721817667 451.0071515933966 887.9245678977095 419.63500478873294 1045.512459720052 568.1325783903995
 id  xcenter   ycenter  ...  aper_bkg aper_sum_bkgsub aper_sum_bkgsub_err
       pix       pix    ...                                              
--- --------- --------- ... --------- --------------- -------------------
  1 538.89167 451.00715 ... 10391.911       87854.191           329.94396
  2 887.92457   419.635 ... 10200.444       21250.743            204.6378
  3 1045.5125 568.13258 ... 10186.074       36817.752           239.61406
