read ra/dec for calibration star of: (359.428633, 62.690422) (359.62416, 62.747272)
automag_driver: using file automag_driver
aperture parameters; rad, r_in, r_out: 5.0, 15.0, 25.0
-----------------------------------------
54
/mnt//archive/draco2/2018/18_10_29//ad0054.fits
flat found.  dividing by flatfield
read ra/dec for target of: (359.395668, 62.718246)
pixel scale is: 0.9856599798901173
x/y of var, cal1, cal2: 556.2296007611682 418.6048116323687 503.076397129283 315.8894194626212 171.98550927855155 517.4712509851579
 id  xcenter   ycenter  ...  aper_bkg aper_sum_bkgsub aper_sum_bkgsub_err
       pix       pix    ...                                              
--- --------- --------- ... --------- --------------- -------------------
  1  556.2296 418.60481 ... 6531.0988       258450.64            521.2848
  2  503.0764 315.88942 ... 6604.5939       31978.883           213.10343
  3 171.98551 517.47125 ... 6752.2784       40457.082           232.78024
-----------------------------------------
55
/mnt//archive/draco2/2018/18_10_29//ad0055.fits
flat found.  dividing by flatfield
read ra/dec for target of: (359.395668, 62.718246)
pixel scale is: 0.9857958256550151
x/y of var, cal1, cal2: 555.7789105824546 418.32813758695374 502.61737633496773 315.63501006599006 171.6028450220415 517.2395299229158
 id  xcenter   ycenter  ...  aper_bkg aper_sum_bkgsub aper_sum_bkgsub_err
       pix       pix    ...                                              
--- --------- --------- ... --------- --------------- -------------------
  1 555.77891 418.32814 ... 6626.6443       260941.99           523.85139
  2 502.61738 315.63501 ... 6512.4228        32437.29           213.74549
  3 171.60285 517.23953 ...  6805.508       40587.676           233.28886
-----------------------------------------
56
/mnt//archive/draco2/2018/18_10_29//ad0056.fits
flat found.  dividing by flatfield
read ra/dec for target of: (359.395668, 62.718246)
pixel scale is: 0.9855443020096454
x/y of var, cal1, cal2: 555.237254478131 418.490427880672 502.08840125482635 315.75749184490223 170.93780867857686 517.3288623660983
 id  xcenter   ycenter  ...  aper_bkg aper_sum_bkgsub aper_sum_bkgsub_err
       pix       pix    ...                                              
--- --------- --------- ... --------- --------------- -------------------
  1 555.23725 418.49043 ... 6638.9505       261148.45            524.0719
  2  502.0884 315.75749 ... 6521.1848       32729.451            214.4687
  3 170.93781 517.32886 ... 6674.9073       40567.369           232.68473
-----------------------------------------
57
/mnt//archive/draco2/2018/18_10_29//ad0057.fits
flat found.  dividing by flatfield
read ra/dec for target of: (359.395668, 62.718246)
pixel scale is: 0.985559218730686
x/y of var, cal1, cal2: 554.2829726848272 418.7976811571881 501.12242526502286 316.0727858857275 170.00145037274268 517.6813843666646
 id  xcenter   ycenter  ...  aper_bkg aper_sum_bkgsub aper_sum_bkgsub_err
       pix       pix    ...                                              
--- --------- --------- ... --------- --------------- -------------------
  1 554.28297 418.79768 ...  6668.791       260226.21           523.24831
  2 501.12243 316.07279 ... 6565.0378       32482.027           214.09601
  3 170.00145 517.68138 ... 6708.6514       40574.957             232.846
