read ra/dec for calibration star of: (346.910188, 58.621305) (346.992287, 58.573333)
automag_driver: using file automag_driver
aperture parameters; rad, r_in, r_out: 5.0, 15.0, 25.0
-----------------------------------------
41
/mnt//archive/east-16/2024/24_10_29//ad0041.fits
flat found.  dividing by flatfield
read ra/dec for target of: (346.79201, 58.554203)
pixel scale is: 0.9262791540064906
x/y of var, cal1, cal2: 751.1427240929615 603.0190018704401 970.8457475108731 325.4183134600695 1150.5188734665246 498.93222576203465
 id  xcenter   ycenter  ...  aper_bkg aper_sum_bkgsub aper_sum_bkgsub_err
       pix       pix    ...                                              
--- --------- --------- ... --------- --------------- -------------------
  1 751.14272   603.019 ... 5136.5498       231764.64           492.20193
  2 970.84575 325.41831 ...  5159.516       159736.81             412.651
  3 1150.5189 498.93223 ...  5265.239       57968.774           262.15311
-----------------------------------------
42
/mnt//archive/east-16/2024/24_10_29//ad0042.fits
flat found.  dividing by flatfield
read ra/dec for target of: (346.79201, 58.554203)
pixel scale is: 0.9262132678134063
x/y of var, cal1, cal2: 751.9984993068011 603.4159885571806 971.6841773573095 325.79016695740853 1151.3488877723228 499.312016741827
 id  xcenter   ycenter  ...  aper_bkg aper_sum_bkgsub aper_sum_bkgsub_err
       pix       pix    ...                                              
--- --------- --------- ... --------- --------------- -------------------
  1  751.9985 603.41599 ... 5390.7687       227193.12           488.05702
  2 971.68418 325.79017 ... 5247.8745       155446.61           407.63631
  3 1151.3489 499.31202 ... 5093.6353       57252.525           260.12458
-----------------------------------------
43
/mnt//archive/east-16/2024/24_10_29//ad0043.fits
flat found.  dividing by flatfield
read ra/dec for target of: (346.79201, 58.554203)
pixel scale is: 0.9262526123300336
x/y of var, cal1, cal2: 752.1691807539474 603.3897828136571 971.8168894880966 325.8100681283658 1151.4765167527062 499.35261224052005
 id  xcenter   ycenter  ...  aper_bkg aper_sum_bkgsub aper_sum_bkgsub_err
       pix       pix    ...                                              
--- --------- --------- ... --------- --------------- -------------------
  1 752.16918 603.38978 ... 5227.1031       225671.06           486.15869
  2 971.81689 325.81007 ...  5090.369       154332.69           405.87982
  3 1151.4765 499.35261 ... 5279.0195       57283.719           260.89607
-----------------------------------------
44
/mnt//archive/east-16/2024/24_10_29//ad0044.fits
flat found.  dividing by flatfield
read ra/dec for target of: (346.79201, 58.554203)
pixel scale is: 0.9262514157045103
x/y of var, cal1, cal2: 752.3545371160353 603.0277877528023 972.0767009992275 325.41477565105134 1151.7665862820031 498.93060683841765
 id  xcenter   ycenter  ...  aper_bkg aper_sum_bkgsub aper_sum_bkgsub_err
       pix       pix    ...                                              
--- --------- --------- ... --------- --------------- -------------------
  1 752.35454 603.02779 ... 5237.7174       227937.34           488.50566
  2  972.0767 325.41478 ... 5181.1043       153208.93           404.71735
  3 1151.7666 498.93061 ... 5185.6686       56944.218           259.88566
-----------------------------------------
45
/mnt//archive/east-16/2024/24_10_29//ad0045.fits
flat found.  dividing by flatfield
read ra/dec for target of: (346.79201, 58.554203)
pixel scale is: 0.9261015465994399
x/y of var, cal1, cal2: 752.8171193365592 603.3500349951056 972.5253709834569 325.6977602630781 1152.1733024801993 499.24630735341464
 id  xcenter   ycenter  ...  aper_bkg aper_sum_bkgsub aper_sum_bkgsub_err
       pix       pix    ...                                              
--- --------- --------- ... --------- --------------- -------------------
  1 752.81712 603.35003 ...  5288.782       228620.08           489.30834
  2 972.52537 325.69776 ...  5153.923       157347.71            409.7323
  3 1152.1733 499.24631 ... 5153.4618       57903.717           261.60207
-----------------------------------------
46
/mnt//archive/east-16/2024/24_10_29//ad0046.fits
flat found.  dividing by flatfield
read ra/dec for target of: (346.79201, 58.554203)
pixel scale is: 0.9262142069266512
x/y of var, cal1, cal2: 753.0936851743564 603.8351811183892 972.7517803502973 326.2226040741488 1152.411203894903 499.75487858971877
 id  xcenter   ycenter  ...  aper_bkg aper_sum_bkgsub aper_sum_bkgsub_err
       pix       pix    ...                                              
--- --------- --------- ... --------- --------------- -------------------
  1 753.09369 603.83518 ...  5246.618       221601.57           481.99565
  2 972.75178  326.2226 ... 5275.5314       151685.51           403.06522
  3 1152.4112 499.75488 ... 5206.5263       55242.129           256.67135
-----------------------------------------
47
/mnt//archive/east-16/2024/24_10_29//ad0047.fits
flat found.  dividing by flatfield
read ra/dec for target of: (346.79201, 58.554203)
pixel scale is: 0.9260649439515759
x/y of var, cal1, cal2: 753.4153989132105 603.163902808237 973.1674119475847 325.48599908779664 1152.8371546189094 499.0294289999942
 id  xcenter   ycenter  ...  aper_bkg aper_sum_bkgsub aper_sum_bkgsub_err
       pix       pix    ...                                              
--- --------- --------- ... --------- --------------- -------------------
  1  753.4154  603.1639 ... 5307.5111        229101.9           489.83867
  2 973.16741   325.486 ...  5257.949       155583.58           407.82898
  3 1152.8372 499.02943 ... 5366.4533       56627.292           259.97153
-----------------------------------------
48
/mnt//archive/east-16/2024/24_10_29//ad0048.fits
flat found.  dividing by flatfield
read ra/dec for target of: (346.79201, 58.554203)
pixel scale is: 0.9262789062750385
x/y of var, cal1, cal2: 753.0859833614824 603.6413094819233 972.7572601798064 326.06778113125193 1152.4384255306686 499.60401473375236
 id  xcenter   ycenter  ...  aper_bkg aper_sum_bkgsub aper_sum_bkgsub_err
       pix       pix    ...                                              
--- --------- --------- ... --------- --------------- -------------------
  1 753.08598 603.64131 ... 5206.3134       221594.74           481.90493
  2 972.75726 326.06778 ... 5250.4166       147954.83           398.34742
  3 1152.4384 499.60401 ... 5193.6966       55384.204           256.89803
-----------------------------------------
49
/mnt//archive/east-16/2024/24_10_29//ad0049.fits
flat found.  dividing by flatfield
read ra/dec for target of: (346.79201, 58.554203)
pixel scale is: 0.9261668250771894
x/y of var, cal1, cal2: 752.9474875695595 602.8431792134119 972.5993872087506 325.20765709009345 1152.2471530368366 498.74166166479665
 id  xcenter   ycenter  ...  aper_bkg aper_sum_bkgsub aper_sum_bkgsub_err
       pix       pix    ...                                              
--- --------- --------- ... --------- --------------- -------------------
  1 752.94749 602.84318 ... 5127.0347       227665.72           488.00081
  2 972.59939 325.20766 ... 5113.4198       154682.75           406.36755
  3 1152.2472 498.74166 ... 4911.8221       57586.918           260.06838
-----------------------------------------
50
/mnt//archive/east-16/2024/24_10_29//ad0050.fits
flat found.  dividing by flatfield
read ra/dec for target of: (346.79201, 58.554203)
pixel scale is: 0.9262725949963129
x/y of var, cal1, cal2: 753.365761638361 603.1519265642537 973.086662161227 325.5414385937829 1152.753300937821 499.05017990822375
 id  xcenter   ycenter  ...  aper_bkg aper_sum_bkgsub aper_sum_bkgsub_err
       pix       pix    ...                                              
--- --------- --------- ... --------- --------------- -------------------
  1 753.36576 603.15193 ... 5228.9624       224127.78           484.57271
  2 973.08666 325.54144 ... 5043.5499        152512.2           403.51493
  3 1152.7533 499.05018 ... 5212.6373       56472.817           259.08124
-----------------------------------------
51
/mnt//archive/east-16/2024/24_10_29//ad0051.fits
flat found.  dividing by flatfield
read ra/dec for target of: (346.79201, 58.554203)
pixel scale is: 0.9263246881726476
x/y of var, cal1, cal2: 753.1270202624295 603.1377359897763 972.7578523641376 325.5658134620537 1152.3832292779518 499.0835627313223
 id  xcenter   ycenter  ...  aper_bkg aper_sum_bkgsub aper_sum_bkgsub_err
       pix       pix    ...                                              
--- --------- --------- ... --------- --------------- -------------------
  1 753.12702 603.13774 ... 5094.1826       230208.44           490.53216
  2 972.75785 325.56581 ... 5094.1351       161610.18            414.7571
  3 1152.3832 499.08356 ... 4933.9494       58414.735           261.73963
-----------------------------------------
52
/mnt//archive/east-16/2024/24_10_29//ad0052.fits
flat found.  dividing by flatfield
read ra/dec for target of: (346.79201, 58.554203)
pixel scale is: 0.9262505299561536
x/y of var, cal1, cal2: 753.1254264477952 602.9351101229907 972.7278156075749 325.3482123633546 1152.3841153350766 498.88578592932106
 id  xcenter   ycenter  ...  aper_bkg aper_sum_bkgsub aper_sum_bkgsub_err
       pix       pix    ...                                              
--- --------- --------- ... --------- --------------- -------------------
  1 753.12543 602.93511 ... 5164.7829       225122.98           485.46631
  2 972.72782 325.34821 ... 5155.8497       153352.69           404.83255
  3 1152.3841 498.88579 ... 5291.5286       56793.066           260.00216
-----------------------------------------
53
/mnt//archive/east-16/2024/24_10_29//ad0053.fits
flat found.  dividing by flatfield
read ra/dec for target of: (346.79201, 58.554203)
pixel scale is: 0.9262820937529124
x/y of var, cal1, cal2: 753.4031106365347 603.0648956689957 973.0349163502009 325.4834764411529 1152.6793198104 499.0118777942546
 id  xcenter   ycenter  ...  aper_bkg aper_sum_bkgsub aper_sum_bkgsub_err
       pix       pix    ...                                              
--- --------- --------- ... --------- --------------- -------------------
  1 753.40311  603.0649 ... 5251.1229       227240.14           487.81901
  2 973.03492 325.48348 ... 5245.1875       158568.66           411.44141
  3 1152.6793 499.01188 ... 5090.6791       57504.195           260.59653
-----------------------------------------
54
/mnt//archive/east-16/2024/24_10_29//ad0054.fits
flat found.  dividing by flatfield
read ra/dec for target of: (346.79201, 58.554203)
pixel scale is: 0.9262036871923727
x/y of var, cal1, cal2: 753.674210539409 603.422769630485 973.3833527256409 325.80632389617904 1153.0201085041763 499.3399950949904
 id  xcenter   ycenter  ...  aper_bkg aper_sum_bkgsub aper_sum_bkgsub_err
       pix       pix    ...                                              
--- --------- --------- ... --------- --------------- -------------------
  1 753.67421 603.42277 ... 5153.4891       230288.58           490.73471
  2 973.38335 325.80632 ...  5083.832       155023.82           406.71425
  3 1153.0201    499.34 ... 5129.4514       57759.385           261.23416
-----------------------------------------
55
/mnt//archive/east-16/2024/24_10_29//ad0055.fits
flat found.  dividing by flatfield
read ra/dec for target of: (346.79201, 58.554203)
pixel scale is: 0.9262935026302455
x/y of var, cal1, cal2: 753.8170922457457 603.139445442129 973.5238529747122 325.54647289912685 1153.184646848864 499.06049630699454
 id  xcenter   ycenter  ...  aper_bkg aper_sum_bkgsub aper_sum_bkgsub_err
       pix       pix    ...                                              
--- --------- --------- ... --------- --------------- -------------------
  1 753.81709 603.13945 ... 5315.5302       227509.48           488.22694
  2 973.52385 325.54647 ... 5085.6571       160144.04           412.96531
  3 1153.1846  499.0605 ... 5088.2939       57485.122           260.55078
-----------------------------------------
56
/mnt//archive/east-16/2024/24_10_29//ad0056.fits
flat found.  dividing by flatfield
read ra/dec for target of: (346.79201, 58.554203)
pixel scale is: 0.9260802579655275
x/y of var, cal1, cal2: 753.7945431696702 603.1602042185225 973.4999960753379 325.48776806297667 1153.146815143877 499.0290391922316
 id  xcenter   ycenter  ...  aper_bkg aper_sum_bkgsub aper_sum_bkgsub_err
       pix       pix    ...                                              
--- --------- --------- ... --------- --------------- -------------------
  1 753.79454  603.1602 ... 5055.8621       229127.71           489.35104
  2     973.5 325.48777 ... 5148.8905       160602.55           413.67298
  3 1153.1468 499.02904 ... 4951.0145       57372.749           259.80719
