read ra/dec for calibration star of: (329.455221, 56.2075) (329.569579, 56.130481)
automag_driver: using file automag_driver
aperture parameters; rad, r_in, r_out: 5.0, 15.0, 25.0
-----------------------------------------
73
/mnt//archive/draco2/2024/24_10_14//ad0073.fits
no flat found.  will not flatfield
read ra/dec for target of: (329.469547, 56.1639)
pixel scale is: 0.9852661572648902
x/y of var, cal1, cal2: 554.6490440024821 417.55556475026793 496.8141448039966 266.29303536679214 777.2312965113697 500.0693159198113
 id  xcenter   ycenter  ...  aper_bkg aper_sum_bkgsub aper_sum_bkgsub_err
       pix       pix    ...                                              
--- --------- --------- ... --------- --------------- -------------------
  1 554.64904 417.55556 ... 80906.376       188874.57           592.37853
  2 496.81414 266.29304 ... 79530.968        132622.3           540.28626
  3  777.2313 500.06932 ... 78802.811       30335.992           433.78176
-----------------------------------------
74
/mnt//archive/draco2/2024/24_10_14//ad0074.fits
no flat found.  will not flatfield
read ra/dec for target of: (329.469547, 56.1639)
pixel scale is: 0.9852538405388374
x/y of var, cal1, cal2: 554.685633718527 417.8565964770259 496.86056279400617 266.594031171594 777.2584170582004 500.3642379586462
 id  xcenter   ycenter  ...  aper_bkg aper_sum_bkgsub aper_sum_bkgsub_err
       pix       pix    ...                                              
--- --------- --------- ... --------- --------------- -------------------
  1 554.68563  417.8566 ... 80827.491       186808.46           590.49847
  2 496.86056 266.59403 ... 79694.773       130742.46           538.84785
  3 777.25842 500.36424 ... 78885.689        28954.86           432.37858
-----------------------------------------
75
/mnt//archive/draco2/2024/24_10_14//ad0075.fits
no flat found.  will not flatfield
read ra/dec for target of: (329.469547, 56.1639)
pixel scale is: 0.985261846233186
x/y of var, cal1, cal2: 555.0496858051476 417.93723459727426 497.21537586258665 266.6789283155449 777.6421297646041 500.4325465015026
 id  xcenter   ycenter  ...  aper_bkg aper_sum_bkgsub aper_sum_bkgsub_err
       pix       pix    ...                                              
--- --------- --------- ... --------- --------------- -------------------
  1 555.04969 417.93723 ... 81230.713       185150.42           589.77695
  2 497.21538 266.67893 ... 79855.292        130733.6           539.13744
  3 777.64213 500.43255 ... 78884.407       30471.428           434.12584
-----------------------------------------
76
/mnt//archive/draco2/2024/24_10_14//ad0076.fits
no flat found.  will not flatfield
read ra/dec for target of: (329.469547, 56.1639)
pixel scale is: 0.9852530667977976
x/y of var, cal1, cal2: 555.0051698750675 417.7607641028886 497.19268547582476 266.4933853164225 777.5509828296567 500.2865389139976
 id  xcenter   ycenter  ...  aper_bkg aper_sum_bkgsub aper_sum_bkgsub_err
       pix       pix    ...                                              
--- --------- --------- ... --------- --------------- -------------------
  1 555.00517 417.76076 ... 81960.337       184839.92           590.75003
  2 497.19269 266.49339 ... 80423.075       129173.96           538.74401
  3 777.55098 500.28654 ... 79371.264       29963.547           434.66202
-----------------------------------------
77
/mnt//archive/draco2/2024/24_10_14//ad0077.fits
no flat found.  will not flatfield
read ra/dec for target of: (329.469547, 56.1639)
pixel scale is: 0.9857271958930497
x/y of var, cal1, cal2: 3839.7429043256357 17884.66205310111 3781.4620187531373 17732.41611147982 4063.2043639776257 17967.694736269732
WARNING: RA/Dec are not in image range
WARNING: RA/Dec are not in image range
WARNING: RA/Dec are not in image range
