read ra/dec for calibration star of: (314.211675, 40.186014) (314.165463, 40.233653)
automag_driver: using file automag_driver
aperture parameters; rad, r_in, r_out: 5.0, 15.0, 25.0
-----------------------------------------
1
/mnt//archive/draco2/2024/24_11_22//ad0001.fits
flat found.  dividing by flatfield
read ra/dec for target of: (314.336791, 40.177503)
pixel scale is: 0.9835263214834079
x/y of var, cal1, cal2: 555.7754157666988 416.62582149501804 205.71647611200905 446.7163884074863 48.266076451310425 297.2788654776922
 id  xcenter   ycenter  ...  aper_bkg aper_sum_bkgsub aper_sum_bkgsub_err
       pix       pix    ...                                              
--- --------- --------- ... --------- --------------- -------------------
  1 555.77542 416.62582 ... 8592.0424       204817.36             471.409
  2 205.71648 446.71639 ... 8490.3493       44738.912           248.88674
  3 48.266076 297.27887 ... 8861.3462        78194.11           310.06742
-----------------------------------------
2
/mnt//archive/draco2/2024/24_11_22//ad0002.fits
flat found.  dividing by flatfield
read ra/dec for target of: (314.336791, 40.177503)
pixel scale is: 0.9835162693406218
x/y of var, cal1, cal2: 555.8172658207171 416.3286884208573 205.81752129778675 446.46999559821256 48.38411041624846 297.0536270756725
 id  xcenter   ycenter  ...  aper_bkg aper_sum_bkgsub aper_sum_bkgsub_err
       pix       pix    ...                                              
--- --------- --------- ... --------- --------------- -------------------
  1 555.81727 416.32869 ... 8577.7819       211015.88            477.9084
  2 205.81752    446.47 ... 8685.0305       46522.794           253.21504
  3  48.38411 297.05363 ... 9021.6379       79941.942           313.38509
-----------------------------------------
3
/mnt//archive/draco2/2024/24_11_22//ad0003.fits
flat found.  dividing by flatfield
read ra/dec for target of: (314.336791, 40.177503)
pixel scale is: 0.9833740145026145
x/y of var, cal1, cal2: 555.0506688247956 416.6898006364911 205.04106068626925 446.77371890514866 47.61024730706123 297.3079617476807
 id  xcenter   ycenter  ...  aper_bkg aper_sum_bkgsub aper_sum_bkgsub_err
       pix       pix    ...                                              
--- --------- --------- ... --------- --------------- -------------------
  1 555.05067  416.6898 ... 8552.8967       210719.68           477.54631
  2 205.04106 446.77372 ... 8768.3106       45024.221           250.57103
  3 47.610247 297.30796 ... 8811.1785       80038.902            312.8678
-----------------------------------------
4
/mnt//archive/draco2/2024/24_11_22//ad0004.fits
flat found.  dividing by flatfield
read ra/dec for target of: (314.336791, 40.177503)
pixel scale is: 0.9832875815364475
x/y of var, cal1, cal2: 555.1953473508471 416.25170710176377 205.19776853168833 446.43517023699593 47.76931175001755 296.99985958652354
 id  xcenter   ycenter  ...  aper_bkg aper_sum_bkgsub aper_sum_bkgsub_err
       pix       pix    ...                                              
--- --------- --------- ... --------- --------------- -------------------
  1 555.19535 416.25171 ... 8404.9851       205917.42           472.17835
  2 205.19777 446.43517 ...  8628.277        45200.93            250.3647
  3 47.769312 296.99986 ... 8819.9203       79015.099           311.25542
