read ra/dec for calibration star of: (354.875121, 62.338367) (354.894929, 62.361394)
automag_driver: using file automag_driver
aperture parameters; rad, r_in, r_out: 5.0, 15.0, 25.0
-----------------------------------------
246
/mnt//archive/west-14/2024/24_10_19//ad0246.fits
flat found.  dividing by flatfield
read ra/dec for target of: (354.863724, 62.372141)
pixel scale is: 0.9111688745998379
x/y of var, cal1, cal2: 574.1469090307676 420.3371408042669 556.1272379051154 286.48752279349867 517.9472065121857 376.6900670289686
 id  xcenter   ycenter  ...  aper_bkg aper_sum_bkgsub aper_sum_bkgsub_err
       pix       pix    ...                                              
--- --------- --------- ... --------- --------------- -------------------
  1 574.14691 420.33714 ... 19767.429       54448.395           306.93363
  2 556.12724 286.48752 ... 19764.079       64402.733           322.73192
  3 517.94721 376.69007 ... 19750.756        5790.501           213.34717
-----------------------------------------
247
/mnt//archive/west-14/2024/24_10_19//ad0247.fits
flat found.  dividing by flatfield
read ra/dec for target of: (354.863724, 62.372141)
pixel scale is: 0.9113264522962035
x/y of var, cal1, cal2: 576.0470376848275 420.7017992806348 558.0029541053426 286.8721719909769 519.8327014730969 377.0524383970129
 id  xcenter   ycenter  ...  aper_bkg aper_sum_bkgsub aper_sum_bkgsub_err
       pix       pix    ...                                              
--- --------- --------- ... --------- --------------- -------------------
  1 576.04704  420.7018 ... 19949.922       54160.295           307.05885
  2 558.00295 286.87217 ... 19931.333       63780.225           322.28542
  3  519.8327 377.05244 ... 20010.576       5643.5564           214.21883
-----------------------------------------
248
/mnt//archive/west-14/2024/24_10_19//ad0248.fits
flat found.  dividing by flatfield
read ra/dec for target of: (354.863724, 62.372141)
pixel scale is: 0.9111240517863552
x/y of var, cal1, cal2: 575.6702888677037 421.1642467825657 557.6461659537415 287.3070701220875 519.4628518712138 377.5119869362602
 id  xcenter   ycenter  ...  aper_bkg aper_sum_bkgsub aper_sum_bkgsub_err
       pix       pix    ...                                              
--- --------- --------- ... --------- --------------- -------------------
  1 575.67029 421.16425 ... 19719.221       54183.738           306.34487
  2 557.64617 287.30707 ... 19659.935       63644.358            321.2308
  3 519.46285 377.51199 ... 19585.276       6012.1054           213.09073
-----------------------------------------
249
/mnt//archive/west-14/2024/24_10_19//ad0249.fits
flat found.  dividing by flatfield
read ra/dec for target of: (354.863724, 62.372141)
pixel scale is: 0.9113691608611802
x/y of var, cal1, cal2: 576.1561850128898 421.3625065037657 558.1168394307617 287.5416236970593 519.9491236530869 377.72289427330594
 id  xcenter   ycenter  ...  aper_bkg aper_sum_bkgsub aper_sum_bkgsub_err
       pix       pix    ...                                              
--- --------- --------- ... --------- --------------- -------------------
  1 576.15619 421.36251 ...  19626.77       53337.948           304.65799
  2 558.11684 287.54162 ... 19635.692       64070.616           321.81827
  3 519.94912 377.72289 ... 19613.624       5864.9816           212.87844
