read ra/dec for calibration star of: (300.997825, 32.507628) (300.895592, 32.512811)
automag_driver: using file automag_driver
aperture parameters; rad, r_in, r_out: 5.0, 15.0, 25.0
-----------------------------------------
69
/mnt//archive/draco2/2024/24_10_14//ad0069.fits
flat found.  dividing by flatfield
read ra/dec for target of: (301.009037, 32.450705)
pixel scale is: 0.9858843929357124
x/y of var, cal1, cal2: 555.5930759502731 417.3472715924717 483.66296059475565 219.27160825394162 170.53547335005618 257.88798685055076
 id  xcenter   ycenter  ...  aper_bkg aper_sum_bkgsub aper_sum_bkgsub_err
       pix       pix    ...                                              
--- --------- --------- ... --------- --------------- -------------------
  1 555.59308 417.34727 ... 175736.28        13384.41           604.22013
  2 483.66296 219.27161 ... 178584.61       203234.93           748.75173
  3 170.53547 257.88799 ... 179187.91       152784.71           715.11226
-----------------------------------------
70
/mnt//archive/draco2/2024/24_10_14//ad0070.fits
flat found.  dividing by flatfield
read ra/dec for target of: (301.009037, 32.450705)
pixel scale is: 0.9857662641720665
x/y of var, cal1, cal2: 556.1538516761178 417.5678033579359 484.1993372626658 219.47116890852368 171.05184774661444 258.10423470250424
 id  xcenter   ycenter  ...  aper_bkg aper_sum_bkgsub aper_sum_bkgsub_err
       pix       pix    ...                                              
--- --------- --------- ... --------- --------------- -------------------
  1 556.15385  417.5678 ... 176790.94       14128.481           606.57675
  2 484.19934 219.47117 ... 179218.18       207306.95           752.30865
  3 171.05185 258.10423 ... 180273.62       152895.69           716.70631
