read ra/dec for calibration star of: (36.752127, 59.562503) (37.02079, 59.47925)
automag_driver: using file automag_driver
aperture parameters; rad, r_in, r_out: 5.0, 15.0, 25.0
-----------------------------------------
1
/mnt//archive/draco2/2024/24_09_27//ad0001.fits
flat found.  dividing by flatfield
read ra/dec for target of: (36.807362, 59.460604)
pixel scale is: 0.9856910239009872
x/y of var, cal1, cal2: 557.1920791697315 419.00026229606624 722.1424829406367 767.9085324670245 179.29997674541983 555.1860617007652
 id  xcenter   ycenter  ...  aper_bkg aper_sum_bkgsub aper_sum_bkgsub_err
       pix       pix    ...                                              
--- --------- --------- ... --------- --------------- -------------------
  1 557.19208 419.00026 ...  15597.82       307163.34           581.87969
  2 722.14248 767.90853 ...  15272.86       149248.21           424.28637
  3 179.29998 555.18606 ... 15662.495       113144.73           380.38759
-----------------------------------------
2
/mnt//archive/draco2/2024/24_09_27//ad0002.fits
flat found.  dividing by flatfield
read ra/dec for target of: (36.807362, 59.460604)
pixel scale is: 0.9858187200325351
x/y of var, cal1, cal2: 557.274231978 418.8499407263658 722.1564457330228 767.6916278493711 179.49569276200623 555.0671044299156
 id  xcenter   ycenter  ...  aper_bkg aper_sum_bkgsub aper_sum_bkgsub_err
       pix       pix    ...                                              
--- --------- --------- ... --------- --------------- -------------------
  1 557.27423 418.84994 ... 15670.164       304688.16           579.87369
  2 722.15645 767.69163 ... 15343.001       148248.39           423.27224
  3 179.49569  555.0671 ...   15438.7       113819.46           380.68604
-----------------------------------------
3
/mnt//archive/draco2/2024/24_09_27//ad0003.fits
flat found.  dividing by flatfield
read ra/dec for target of: (36.807362, 59.460604)
pixel scale is: 0.9857331586532472
x/y of var, cal1, cal2: 557.5967585065237 418.969110016665 722.5254396759394 767.8653062029889 179.75114222393097 555.1425823277486
 id  xcenter   ycenter  ...  aper_bkg aper_sum_bkgsub aper_sum_bkgsub_err
       pix       pix    ...                                              
--- --------- --------- ... --------- --------------- -------------------
  1 557.59676 418.96911 ... 15743.743       305802.24           580.96017
  2 722.52544 767.86531 ... 15295.716       149099.05           424.16445
  3 179.75114 555.14258 ... 15607.573       112051.09           378.80237
-----------------------------------------
4
/mnt//archive/draco2/2024/24_09_27//ad0004.fits
flat found.  dividing by flatfield
read ra/dec for target of: (36.807362, 59.460604)
pixel scale is: 0.9858051399025644
x/y of var, cal1, cal2: 558.0477859005708 419.03042363652435 722.9094396219987 767.8741821771087 180.22250354716368 555.2557649743999
 id  xcenter   ycenter  ...  aper_bkg aper_sum_bkgsub aper_sum_bkgsub_err
       pix       pix    ...                                              
--- --------- --------- ... --------- --------------- -------------------
  1 558.04779 419.03042 ... 15607.288       302396.71           577.78567
  2 722.90944 767.87418 ... 15474.069       147879.17           423.14573
  3  180.2225 555.25576 ... 15564.326        111877.3           378.45865
-----------------------------------------
5
/mnt//archive/draco2/2024/24_09_27//ad0005.fits
flat found.  dividing by flatfield
read ra/dec for target of: (36.807362, 59.460604)
pixel scale is: 0.9856798589622969
x/y of var, cal1, cal2: 558.1191926235812 419.0141140191931 723.0312327681061 767.9036559017852 180.3084477021768 555.2534169725226
 id  xcenter   ycenter  ...  aper_bkg aper_sum_bkgsub aper_sum_bkgsub_err
       pix       pix    ...                                              
--- --------- --------- ... --------- --------------- -------------------
  1 558.11919 419.01411 ... 15765.129       301242.37           577.05947
  2 723.03123 767.90366 ... 15354.357       146251.72             420.934
  3 180.30845 555.25342 ... 15467.559       110364.84           376.19804
-----------------------------------------
6
/mnt//archive/draco2/2024/24_09_27//ad0006.fits
flat found.  dividing by flatfield
read ra/dec for target of: (36.807362, 59.460604)
pixel scale is: 0.985682851295021
x/y of var, cal1, cal2: 558.0778013570149 418.99186859063303 723.0853030308258 767.9011105606619 180.20452376703292 555.1831934146043
 id  xcenter   ycenter  ...  aper_bkg aper_sum_bkgsub aper_sum_bkgsub_err
       pix       pix    ...                                              
--- --------- --------- ... --------- --------------- -------------------
  1  558.0778 418.99187 ... 15571.738       302697.18           577.98413
  2  723.0853 767.90111 ... 15110.539        148521.6           423.04571
  3 180.20452 555.18319 ... 15533.208       113517.73           380.53798
-----------------------------------------
7
/mnt//archive/draco2/2024/24_09_27//ad0007.fits
flat found.  dividing by flatfield
read ra/dec for target of: (36.807362, 59.460604)
pixel scale is: 0.985756099284028
x/y of var, cal1, cal2: 558.0468639248893 419.24125413924105 722.9136297979109 768.115551608337 180.20907176690082 555.4431600557969
 id  xcenter   ycenter  ...  aper_bkg aper_sum_bkgsub aper_sum_bkgsub_err
       pix       pix    ...                                              
--- --------- --------- ... --------- --------------- -------------------
  1 558.04686 419.24125 ...  15700.76       308417.48           583.13292
  2 722.91363 768.11555 ... 15403.643        150743.7           426.35195
  3 180.20907 555.44316 ... 15609.504        112135.8           378.91927
-----------------------------------------
8
/mnt//archive/draco2/2024/24_09_27//ad0008.fits
flat found.  dividing by flatfield
read ra/dec for target of: (36.807362, 59.460604)
pixel scale is: 0.9856982052802689
x/y of var, cal1, cal2: 558.0872662182245 419.197693085365 723.0210401275892 768.0905838888684 180.1476262647302 555.4119333922314
 id  xcenter   ycenter  ...  aper_bkg aper_sum_bkgsub aper_sum_bkgsub_err
       pix       pix    ...                                              
--- --------- --------- ... --------- --------------- -------------------
  1 558.08727 419.19769 ... 15588.742       305721.03           580.62338
  2 723.02104 768.09058 ... 15284.077        149190.3           424.24457
  3 180.14763 555.41193 ... 15429.206       111468.71           377.56075
