read ra/dec for calibration star of: (300.997825, 32.507628) (300.895592, 32.512811)
automag_driver: using file automag_driver
aperture parameters; rad, r_in, r_out: 5.0, 15.0, 25.0
-----------------------------------------
81
/mnt//archive/draco2/2024/24_10_21//ad0081.fits
flat found.  dividing by flatfield
read ra/dec for target of: (301.009037, 32.450705)
pixel scale is: 0.9861268726179592
x/y of var, cal1, cal2: 554.1111109252756 417.6263435504992 476.78924039333526 221.62487564058043 165.02233106437563 268.72244731138676
 id  xcenter   ycenter  ...  aper_bkg aper_sum_bkgsub aper_sum_bkgsub_err
       pix       pix    ...                                              
--- --------- --------- ... --------- --------------- -------------------
  1 554.11111 417.62634 ... 54733.308       19937.247           360.04008
  2 476.78924 221.62488 ... 55133.534       357165.21           683.85472
  3 165.02233 268.72245 ... 55094.508       259055.74           607.84024
-----------------------------------------
82
/mnt//archive/draco2/2024/24_10_21//ad0082.fits
flat found.  dividing by flatfield
read ra/dec for target of: (301.009037, 32.450705)
pixel scale is: 0.9861370021757188
x/y of var, cal1, cal2: 553.8610705069385 417.8903326880583 476.53999856640235 221.88985469027654 164.7690122666782 268.9828104691728
 id  xcenter   ycenter  ...  aper_bkg aper_sum_bkgsub aper_sum_bkgsub_err
       pix       pix    ...                                              
--- --------- --------- ... --------- --------------- -------------------
  1 553.86107 417.89033 ... 55380.816       19036.384           360.58704
  2    476.54 221.88985 ... 55519.607       350904.68           679.83005
  3 164.76901 268.98281 ... 55495.937       252672.81           603.23269
-----------------------------------------
83
/mnt//archive/draco2/2024/24_10_21//ad0083.fits
flat found.  dividing by flatfield
read ra/dec for target of: (301.009037, 32.450705)
pixel scale is: 0.9861599913891314
x/y of var, cal1, cal2: 553.7123056799351 417.977847674709 476.3866541980805 221.98032532879796 164.61156582268552 269.0656870190626
 id  xcenter   ycenter  ...  aper_bkg aper_sum_bkgsub aper_sum_bkgsub_err
       pix       pix    ...                                              
--- --------- --------- ... --------- --------------- -------------------
  1 553.71231 417.97785 ...   55197.3       19809.666           361.14992
  2 476.38665 221.98033 ... 55849.327       347396.77           677.73183
  3 164.61157 269.06569 ...  55665.26          251815           602.80222
-----------------------------------------
84
/mnt//archive/draco2/2024/24_10_21//ad0084.fits
flat found.  dividing by flatfield
read ra/dec for target of: (301.009037, 32.450705)
pixel scale is: 0.9861482024022367
x/y of var, cal1, cal2: 553.6608206780446 417.89922474561394 476.3476725518709 221.90273909565067 164.58787349704238 269.00226871935087
 id  xcenter   ycenter  ...  aper_bkg aper_sum_bkgsub aper_sum_bkgsub_err
       pix       pix    ...                                              
--- --------- --------- ... --------- --------------- -------------------
  1 553.66082 417.89922 ... 55419.498       19699.303           361.61208
  2 476.34767 221.90274 ... 55597.237       343626.55             674.571
  3 164.58787 269.00227 ... 55637.644       248423.64            599.9366
