read ra/dec for calibration star of: (359.428633, 62.690422) (359.62416, 62.747272)
automag_driver: using file automag_driver
aperture parameters; rad, r_in, r_out: 5.0, 15.0, 25.0
-----------------------------------------
63
/mnt//archive/draco2/2018/18_11_01//ad0063.fits
flat found.  dividing by flatfield
read ra/dec for target of: (359.395668, 62.718246)
pixel scale is: 0.9870416181066043
x/y of var, cal1, cal2: 563.7787228876036 409.49601391659195 508.87198967128415 307.8911742326004 181.9016663519506 515.0781110923302
 id  xcenter   ycenter  ...  aper_bkg aper_sum_bkgsub aper_sum_bkgsub_err
       pix       pix    ...                                              
--- --------- --------- ... --------- --------------- -------------------
  1 563.77872 409.49601 ...  7736.972       194959.82           458.97578
  2 508.87199 307.89117 ... 7685.6973       34817.616           224.53065
  3 181.90167 515.07811 ... 7838.4251       43285.662           243.28484
-----------------------------------------
64
/mnt//archive/draco2/2018/18_11_01//ad0064.fits
flat found.  dividing by flatfield
read ra/dec for target of: (359.395668, 62.718246)
pixel scale is: 0.9870758381078519
x/y of var, cal1, cal2: 563.9871506281476 409.78686576050956 509.09937524541556 308.1763354294188 182.1056210856118 515.3012070158543
 id  xcenter   ycenter  ...  aper_bkg aper_sum_bkgsub aper_sum_bkgsub_err
       pix       pix    ...                                              
--- --------- --------- ... --------- --------------- -------------------
  1 563.98715 409.78687 ... 7748.3995       192671.48           456.50112
  2 509.09938 308.17634 ... 7795.4957       33729.137           222.58735
  3 182.10562 515.30121 ... 8009.0994       42837.853           243.06594
-----------------------------------------
65
/mnt//archive/draco2/2018/18_11_01//ad0065.fits
flat found.  dividing by flatfield
read ra/dec for target of: (359.395668, 62.718246)
pixel scale is: 0.9868113387086543
x/y of var, cal1, cal2: 564.891571339524 409.7447465343479 509.98936489274087 308.1068467884658 182.90740699100388 515.2863390513196
 id  xcenter   ycenter  ...  aper_bkg aper_sum_bkgsub aper_sum_bkgsub_err
       pix       pix    ...                                              
--- --------- --------- ... --------- --------------- -------------------
  1 564.89157 409.74475 ... 7555.0604       189339.56           452.40986
  2 509.98936 308.10685 ... 7769.1294       33830.974           222.69763
  3 182.90741 515.28634 ... 7841.3494        42104.06            240.8563
-----------------------------------------
66
/mnt//archive/draco2/2018/18_11_01//ad0066.fits
flat found.  dividing by flatfield
read ra/dec for target of: (359.395668, 62.718246)
pixel scale is: 0.9870247623877141
x/y of var, cal1, cal2: 564.9913628329437 409.9439935335481 510.0914686236359 308.3332149349137 183.0996953474317 515.4986655594843
 id  xcenter   ycenter  ...  aper_bkg aper_sum_bkgsub aper_sum_bkgsub_err
       pix       pix    ...                                              
--- --------- --------- ... --------- --------------- -------------------
  1 564.99136 409.94399 ... 7793.1054       190525.48           454.24298
  2 510.09147 308.33321 ... 7772.3284       34378.114           223.93698
  3  183.0997 515.49867 ... 7897.9596        42299.35            241.4959
