read ra/dec for calibration star of: (346.910188, 58.621305) (346.992287, 58.573333)
automag_driver: using file automag_driver
aperture parameters; rad, r_in, r_out: 5.0, 15.0, 25.0
-----------------------------------------
42
/mnt//archive/west-14/2024/24_10_23//ad0042.fits
flat found.  dividing by flatfield
read ra/dec for target of: (346.79201, 58.554203)
pixel scale is: 0.9106821089371058
x/y of var, cal1, cal2: 562.0769438043212 392.0140340429456 315.55106471938484 654.2751401551479 148.69900994471618 462.8344541249557
 id  xcenter   ycenter  ...  aper_bkg aper_sum_bkgsub aper_sum_bkgsub_err
       pix       pix    ...                                              
--- --------- --------- ... --------- --------------- -------------------
  1 562.07694 392.01403 ... 7935.4641       233455.93           499.55166
  2 315.55106 654.27514 ... 7707.9808       121701.92             370.598
  3 148.69901 462.83445 ... 7707.8681        52546.36           261.12659
-----------------------------------------
43
/mnt//archive/west-14/2024/24_10_23//ad0043.fits
flat found.  dividing by flatfield
read ra/dec for target of: (346.79201, 58.554203)
pixel scale is: 0.9106725152003831
x/y of var, cal1, cal2: 560.8294908517373 392.2016849679176 314.29971441547457 654.4976970530865 147.410355697265 463.0767573449168
 id  xcenter   ycenter  ...  aper_bkg aper_sum_bkgsub aper_sum_bkgsub_err
       pix       pix    ...                                              
--- --------- --------- ... --------- --------------- -------------------
  1 560.82949 392.20168 ... 7505.3226       246590.38           511.68938
  2 314.29971  654.4977 ... 7346.7677       128965.91           379.32103
  3 147.41036 463.07676 ... 7506.0514       55302.622           265.59316
-----------------------------------------
44
/mnt//archive/west-14/2024/24_10_23//ad0044.fits
flat found.  dividing by flatfield
read ra/dec for target of: (346.79201, 58.554203)
pixel scale is: 0.9106183781525233
x/y of var, cal1, cal2: 560.3592888850311 392.86344471928527 313.78135587410054 655.1449502380887 146.86844250479106 463.69224970409266
 id  xcenter   ycenter  ...  aper_bkg aper_sum_bkgsub aper_sum_bkgsub_err
       pix       pix    ...                                              
--- --------- --------- ... --------- --------------- -------------------
  1 560.35929 392.86344 ... 7547.9026       260590.93           525.27301
  2 313.78136 655.14495 ... 7335.2099       137475.22           390.34682
  3 146.86844 463.69225 ... 7312.7186       59749.141           273.12923
-----------------------------------------
45
/mnt//archive/west-14/2024/24_10_23//ad0045.fits
flat found.  dividing by flatfield
read ra/dec for target of: (346.79201, 58.554203)
pixel scale is: 0.9105951179900931
x/y of var, cal1, cal2: 560.8844300306589 392.63024583820714 314.3908861721168 654.9168516793249 147.59791081432104 463.4581657690564
 id  xcenter   ycenter  ...  aper_bkg aper_sum_bkgsub aper_sum_bkgsub_err
       pix       pix    ...                                              
--- --------- --------- ... --------- --------------- -------------------
  1 560.88443 392.63025 ... 9953.0568       182916.51           450.60806
  2 314.39089 654.91685 ... 9561.7753       96818.877           340.83343
  3 147.59791 463.45817 ... 9760.7356       39904.033           244.23453
