read ra/dec for calibration star of: (36.845811, 59.457341) (36.762357, 59.472787)
automag_driver: using file automag_driver
aperture parameters; rad, r_in, r_out: 5.0, 15.0, 25.0
-----------------------------------------
769475
/mnt//archive/pt5m/2024/24_01_29//adbr0769475.fits
no flat found.  will not flatfield
read ra/dec for target of: (36.807362, 59.460604)
pixel scale is: 0.558634011433474
x/y of var, cal1, cal2: 753.0401905319318 206.2400846394811 734.7754195410214 79.9052308874563 828.400034029102 355.20350831242973
 id  xcenter   ycenter  ...  aper_bkg aper_sum_bkgsub aper_sum_bkgsub_err
       pix       pix    ...                                              
--- --------- --------- ... --------- --------------- -------------------
  1 753.04019 206.24008 ... 6375.6943       406841.36           647.93344
  2 734.77542 79.905231 ... 4194.5354       8736.7047           131.72234
  3 828.40003 355.20351 ... 3942.8635       19867.501           167.26694
-----------------------------------------
769476
/mnt//archive/pt5m/2024/24_01_29//adbr0769476.fits
no flat found.  will not flatfield
read ra/dec for target of: (36.807362, 59.460604)
pixel scale is: 0.5587373164717521
x/y of var, cal1, cal2: 616.3985141758919 283.53867691474727 598.0832591780093 157.2340292654985 691.814840220733 432.4464987084822
 id  xcenter   ycenter  ...  aper_bkg aper_sum_bkgsub aper_sum_bkgsub_err
       pix       pix    ...                                              
--- --------- --------- ... --------- --------------- -------------------
  1 616.39851 283.53868 ... 5283.1607       381382.44           626.23778
  2 598.08326 157.23403 ... 3270.5281       8931.3611           125.28933
  3 691.81484  432.4465 ... 2851.2295       18572.955           156.52608
-----------------------------------------
769477
/mnt//archive/pt5m/2024/24_01_29//adbr0769477.fits
no flat found.  will not flatfield
read ra/dec for target of: (36.807362, 59.460604)
pixel scale is: 0.5586350954183305
x/y of var, cal1, cal2: 616.0559970503507 283.27026813648484 597.7419502891478 156.94428672387346 691.4736628292096 432.1980144491565
 id  xcenter   ycenter  ...  aper_bkg aper_sum_bkgsub aper_sum_bkgsub_err
       pix       pix    ...                                              
--- --------- --------- ... --------- --------------- -------------------
  1   616.056 283.27027 ... 6879.0118       387829.83            633.8871
  2 597.74195 156.94429 ...  4781.752       8744.5285           136.13608
  3 691.47366 432.19801 ... 4446.1903       18969.879           167.59254
-----------------------------------------
769478
/mnt//archive/pt5m/2024/24_01_29//adbr0769478.fits
no flat found.  will not flatfield
read ra/dec for target of: (36.807362, 59.460604)
pixel scale is: 0.5586786367868576
x/y of var, cal1, cal2: 616.5981659585415 282.4506777767539 598.2717765112054 156.1334096769634 692.0280349248652 431.37148595173215
 id  xcenter   ycenter  ...  aper_bkg aper_sum_bkgsub aper_sum_bkgsub_err
       pix       pix    ...                                              
--- --------- --------- ... --------- --------------- -------------------
  1 616.59817 282.45068 ...  5368.148       389983.05           633.20167
  2 598.27178 156.13341 ... 3438.9698       8490.1963           124.87248
  3 692.02803 431.37149 ... 3019.5832        18761.36           158.19458
-----------------------------------------
769479
/mnt//archive/pt5m/2024/24_01_29//adbr0769479.fits
no flat found.  will not flatfield
read ra/dec for target of: (36.807362, 59.460604)
pixel scale is: 0.5588433577618388
x/y of var, cal1, cal2: 616.1684275899545 283.9282419124225 597.8457882918027 157.64773057835927 691.5926143264312 432.80711362870204
 id  xcenter   ycenter  ...  aper_bkg aper_sum_bkgsub aper_sum_bkgsub_err
       pix       pix    ...                                              
--- --------- --------- ... --------- --------------- -------------------
  1 616.16843 283.92824 ...  6622.402       390181.72           635.33576
  2 597.84579 157.64773 ... 4359.0495       9063.4635           134.18853
  3 691.59261 432.80711 ... 4107.5659       18575.066           164.36301
-----------------------------------------
769480
/mnt//archive/pt5m/2024/24_01_29//adbr0769480.fits
no flat found.  will not flatfield
read ra/dec for target of: (36.807362, 59.460604)
pixel scale is: 0.5586781459205947
x/y of var, cal1, cal2: 616.0515314020996 283.360628609482 597.722737647798 157.0452870993232 691.4831987878702 432.27318433651016
 id  xcenter   ycenter  ...  aper_bkg aper_sum_bkgsub aper_sum_bkgsub_err
       pix       pix    ...                                              
--- --------- --------- ... --------- --------------- -------------------
  1 616.05153 283.36063 ... 5452.0346       389585.06           633.01985
  2 597.72274 157.04529 ... 3355.0982       9081.4244           126.55679
  3  691.4832 432.27318 ... 3019.5885       18149.234           156.24791
-----------------------------------------
769481
/mnt//archive/pt5m/2024/24_01_29//adbr0769481.fits
no flat found.  will not flatfield
read ra/dec for target of: (36.807362, 59.460604)
pixel scale is: 0.5586390741698004
x/y of var, cal1, cal2: 616.4094079917483 282.82114935129414 598.1010688800661 156.4967414148761 691.8117540097771 431.7450571085569
 id  xcenter   ycenter  ...  aper_bkg aper_sum_bkgsub aper_sum_bkgsub_err
       pix       pix    ...                                              
--- --------- --------- ... --------- --------------- -------------------
  1 616.40941 282.82115 ... 6878.9139        388922.3           634.74808
  2 598.10107 156.49674 ... 4697.7946       9041.6774           136.60991
  3 691.81175 431.74506 ... 4362.2381       18215.086           164.81675
-----------------------------------------
769482
/mnt//archive/pt5m/2024/24_01_29//adbr0769482.fits
no flat found.  will not flatfield
read ra/dec for target of: (36.807362, 59.460604)
pixel scale is: 0.5587988060921
x/y of var, cal1, cal2: 616.1274184243977 283.8819197654768 597.8027275895861 157.59128252912035 691.5540030797913 432.7729000634135
 id  xcenter   ycenter  ...  aper_bkg aper_sum_bkgsub aper_sum_bkgsub_err
       pix       pix    ...                                              
--- --------- --------- ... --------- --------------- -------------------
  1 616.12742 283.88192 ... 5449.6804       390087.17           633.41261
  2 597.80273 157.59128 ... 3353.6497       8937.7859           125.97653
  3   691.554  432.7729 ... 2934.4434       18652.708           157.31051
