read ra/dec for calibration star of: (24.126247, 57.798882) (24.204493, 57.811872)
automag_driver: using file automag_driver
aperture parameters; rad, r_in, r_out: 5.0, 15.0, 25.0
-----------------------------------------
37
/mnt//archive/draco2/2024/24_09_27//ad0037.fits
flat found.  dividing by flatfield
read ra/dec for target of: (24.308415, 57.75922)
pixel scale is: 0.9855602124711232
x/y of var, cal1, cal2: 553.2396905680762 409.56632064873247 927.4882203846327 490.8921343433303 785.7380183556877 563.8556095563999
 id  xcenter   ycenter  ...  aper_bkg aper_sum_bkgsub aper_sum_bkgsub_err
       pix       pix    ...                                              
--- --------- --------- ... --------- --------------- -------------------
  1 553.23969 409.56632 ... 6061.2306       159309.11           414.31458
  2 927.48822 490.89213 ... 6175.1096       111836.64           352.72066
  3 785.73802 563.85561 ... 6054.4596       47045.802           243.67955
-----------------------------------------
38
/mnt//archive/draco2/2024/24_09_27//ad0038.fits
flat found.  dividing by flatfield
read ra/dec for target of: (24.308415, 57.75922)
pixel scale is: 0.9854939595975082
x/y of var, cal1, cal2: 553.4066720252613 409.9444642789948 927.6194556298428 491.25470188538 785.8713944971423 564.2310552021629
 id  xcenter   ycenter  ...  aper_bkg aper_sum_bkgsub aper_sum_bkgsub_err
       pix       pix    ...                                              
--- --------- --------- ... --------- --------------- -------------------
  1 553.40667 409.94446 ... 6165.5538       158108.17           413.11533
  2 927.61946  491.2547 ... 6062.7958       110908.56           351.08283
  3 785.87139 564.23106 ... 6002.7061        47098.68           243.57564
-----------------------------------------
39
/mnt//archive/draco2/2024/24_09_27//ad0039.fits
flat found.  dividing by flatfield
read ra/dec for target of: (24.308415, 57.75922)
pixel scale is: 0.9855216990626947
x/y of var, cal1, cal2: 553.0238346123045 410.14462763081167 927.3433510384251 491.4789049939311 785.5582362262775 564.443230832742
 id  xcenter   ycenter  ...  aper_bkg aper_sum_bkgsub aper_sum_bkgsub_err
       pix       pix    ...                                              
--- --------- --------- ... --------- --------------- -------------------
  1 553.02383 410.14463 ...  6159.284        159739.9           415.07044
  2 927.34335  491.4789 ... 6027.7614        113663.2            354.8855
  3 785.55824 564.44323 ... 5883.1399       47577.647           244.06746
-----------------------------------------
40
/mnt//archive/draco2/2024/24_09_27//ad0040.fits
flat found.  dividing by flatfield
read ra/dec for target of: (24.308415, 57.75922)
pixel scale is: 0.9855283787711004
x/y of var, cal1, cal2: 553.2766960071818 410.4943276885385 927.6147315430608 491.82661025571485 785.826138790537 564.7909881183135
 id  xcenter   ycenter  ...  aper_bkg aper_sum_bkgsub aper_sum_bkgsub_err
       pix       pix    ...                                              
--- --------- --------- ... --------- --------------- -------------------
  1  553.2767 410.49433 ... 6061.3265       160401.08           415.63053
  2 927.61473 491.82661 ... 6150.6465       111931.42           352.78565
  3 785.82614 564.79099 ... 5862.5231        47998.97           244.84488
-----------------------------------------
41
/mnt//archive/draco2/2024/24_09_27//ad0041.fits
flat found.  dividing by flatfield
read ra/dec for target of: (24.308415, 57.75922)
pixel scale is: 0.9854063563723947
x/y of var, cal1, cal2: 553.2874056139229 410.3233811462658 927.6194202069753 491.69061487940525 785.8338265206718 564.6546042263934
 id  xcenter   ycenter  ...  aper_bkg aper_sum_bkgsub aper_sum_bkgsub_err
       pix       pix    ...                                              
--- --------- --------- ... --------- --------------- -------------------
  1 553.28741 410.32338 ... 5952.5511       160564.93           415.56591
  2 927.61942 491.69061 ... 5969.0975        112689.1           353.34444
  3 785.83383  564.6546 ... 5866.0578       47502.205           243.84282
-----------------------------------------
42
/mnt//archive/draco2/2024/24_09_27//ad0042.fits
flat found.  dividing by flatfield
read ra/dec for target of: (24.308415, 57.75922)
pixel scale is: 0.9854491260040408
x/y of var, cal1, cal2: 553.8016538867126 410.24059885598695 928.0843399574328 491.5766169593542 786.3083908092216 564.5479271146432
 id  xcenter   ycenter  ...  aper_bkg aper_sum_bkgsub aper_sum_bkgsub_err
       pix       pix    ...                                              
--- --------- --------- ... --------- --------------- -------------------
  1 553.80165  410.2406 ... 6054.6732       158680.08            413.5389
  2 928.08434 491.57662 ... 5917.4939       112047.77           352.28932
  3 786.30839 564.54793 ... 5807.9367       47379.238           243.35183
-----------------------------------------
43
/mnt//archive/draco2/2024/24_09_27//ad0043.fits
flat found.  dividing by flatfield
read ra/dec for target of: (24.308415, 57.75922)
pixel scale is: 0.9855445965408505
x/y of var, cal1, cal2: 553.793114027277 410.5010106952635 928.0571473986397 491.832279632423 786.2862960842551 564.7953357938316
 id  xcenter   ycenter  ...  aper_bkg aper_sum_bkgsub aper_sum_bkgsub_err
       pix       pix    ...                                              
--- --------- --------- ... --------- --------------- -------------------
  1 553.79311 410.50101 ... 6075.4817       157806.55           412.53183
  2 928.05715 491.83228 ... 6114.4249       112475.47           353.45342
  3  786.2863 564.79534 ... 5939.7364        47160.15           243.44326
