read ra/dec for calibration star of: (350.640742, 62.791417) (350.801063, 62.783467)
automag_driver: using file automag_driver
aperture parameters; rad, r_in, r_out: 5.0, 15.0, 25.0
-----------------------------------------
242
/mnt//archive/draco2/2024/24_11_10//ad0242.fits
flat found.  dividing by flatfield
read ra/dec for target of: (350.618496, 62.757151)
pixel scale is: 0.9849613125311968
x/y of var, cal1, cal2: 555.5081202329699 417.46758575790165 564.6920677027628 287.14201680547865 832.4836893114692 257.04624798050406
 id  xcenter   ycenter  ...  aper_bkg aper_sum_bkgsub aper_sum_bkgsub_err
       pix       pix    ...                                              
--- --------- --------- ... --------- --------------- -------------------
  1 555.50812 417.46759 ... 25413.639       44048.163           308.38359
  2 564.69207 287.14202 ... 25683.249        46672.02           313.47012
  3 832.48369 257.04625 ...  25390.46       21936.311           270.07819
-----------------------------------------
243
/mnt//archive/draco2/2024/24_11_10//ad0243.fits
flat found.  dividing by flatfield
read ra/dec for target of: (350.618496, 62.757151)
pixel scale is: 0.9850233631550203
x/y of var, cal1, cal2: 555.9516825597856 417.3417756912572 565.1430583025456 287.02526853186794 832.9143081414657 256.95625691517085
 id  xcenter   ycenter  ...  aper_bkg aper_sum_bkgsub aper_sum_bkgsub_err
       pix       pix    ...                                              
--- --------- --------- ... --------- --------------- -------------------
  1 555.95168 417.34178 ... 28835.708       30362.532           297.08407
  2 565.14306 287.02527 ... 29076.484       31704.286           300.13706
  3 832.91431 256.95626 ... 28925.949       15289.043           270.86148
-----------------------------------------
244
/mnt//archive/draco2/2024/24_11_10//ad0244.fits
flat found.  dividing by flatfield
read ra/dec for target of: (350.618496, 62.757151)
pixel scale is: 0.9849938651102068
x/y of var, cal1, cal2: 556.043586419065 417.6559415854093 565.2341700967804 287.33364312938915 833.0514031809937 257.20868278879743
 id  xcenter   ycenter  ...  aper_bkg aper_sum_bkgsub aper_sum_bkgsub_err
       pix       pix    ...                                              
--- --------- --------- ... --------- --------------- -------------------
  1 556.04359 417.65594 ... 27458.518       38663.102           306.27624
  2 565.23417 287.33364 ... 27803.446       39722.954           309.11947
  3  833.0514 257.20868 ... 27406.206       19104.639           272.29038
-----------------------------------------
245
/mnt//archive/draco2/2024/24_11_10//ad0245.fits
flat found.  dividing by flatfield
read ra/dec for target of: (350.618496, 62.757151)
pixel scale is: 0.9851319208491515
x/y of var, cal1, cal2: 555.981002164516 417.3296548587114 565.1758925283475 287.0273709742075 832.9680351859705 256.9576881825935
 id  xcenter   ycenter  ...  aper_bkg aper_sum_bkgsub aper_sum_bkgsub_err
       pix       pix    ...                                              
--- --------- --------- ... --------- --------------- -------------------
  1   555.981 417.32965 ... 29610.425        30093.55           299.23135
  2 565.17589 287.02737 ...  29759.11       32122.328            303.0933
  3 832.96804 256.95769 ... 29541.893       14813.426           272.25395
