read ra/dec for calibration star of: (359.428633, 62.690422) (359.62416, 62.747272)
automag_driver: using file automag_driver
aperture parameters; rad, r_in, r_out: 5.0, 15.0, 25.0
-----------------------------------------
101
/mnt//archive/draco2/2024/24_11_22//ad0101.fits
flat found.  dividing by flatfield
read ra/dec for target of: (359.395668, 62.718246)
pixel scale is: 0.9826826478139199
x/y of var, cal1, cal2: 555.2750118546709 416.5747111885688 627.5637603298179 507.28832395679717 914.0334239298203 244.46069980439717
 id  xcenter   ycenter  ...  aper_bkg aper_sum_bkgsub aper_sum_bkgsub_err
       pix       pix    ...                                              
--- --------- --------- ... --------- --------------- -------------------
  1 555.27501 416.57471 ... 7293.0953       192828.49           455.67498
  2 627.56376 507.28832 ... 7209.3748       26806.486           203.59331
  3 914.03342  244.4607 ... 7308.4544       34007.789           221.01968
-----------------------------------------
102
/mnt//archive/draco2/2024/24_11_22//ad0102.fits
flat found.  dividing by flatfield
read ra/dec for target of: (359.395668, 62.718246)
pixel scale is: 0.9828833946962668
x/y of var, cal1, cal2: 555.6467471458133 416.3536708093983 627.931406240633 507.0457099360164 914.3807825431919 244.25969669808103
 id  xcenter   ycenter  ...  aper_bkg aper_sum_bkgsub aper_sum_bkgsub_err
       pix       pix    ...                                              
--- --------- --------- ... --------- --------------- -------------------
  1 555.64675 416.35367 ... 7286.0182       192781.36           455.60773
  2 627.93141 507.04571 ... 7273.6844       26538.298           203.25026
  3 914.38078  244.2597 ... 7323.4908       33850.508           220.73171
-----------------------------------------
103
/mnt//archive/draco2/2024/24_11_22//ad0103.fits
flat found.  dividing by flatfield
read ra/dec for target of: (359.395668, 62.718246)
pixel scale is: 0.982585972095974
x/y of var, cal1, cal2: 555.5405822412467 416.27678222331207 627.8444890493253 506.99925658218456 914.3521298705471 244.1455194573422
 id  xcenter   ycenter  ...  aper_bkg aper_sum_bkgsub aper_sum_bkgsub_err
       pix       pix    ...                                              
--- --------- --------- ... --------- --------------- -------------------
  1 555.54058 416.27678 ... 7156.1033        194488.7           457.19352
  2 627.84449 506.99926 ... 7021.6863       26839.879            202.7517
  3 914.35213 244.14552 ... 7147.3974       34473.606           221.34453
-----------------------------------------
104
/mnt//archive/draco2/2024/24_11_22//ad0104.fits
flat found.  dividing by flatfield
read ra/dec for target of: (359.395668, 62.718246)
pixel scale is: 0.9826821449997175
x/y of var, cal1, cal2: 555.6486033884598 416.053417854836 627.9443664668918 506.76869863311146 914.411103686007 243.94736464964203
 id  xcenter   ycenter  ...  aper_bkg aper_sum_bkgsub aper_sum_bkgsub_err
       pix       pix    ...                                              
--- --------- --------- ... --------- --------------- -------------------
  1  555.6486 416.05342 ... 7257.0709       198529.56           461.81025
  2 627.94437  506.7687 ...  7080.861       26672.003           202.62953
  3  914.4111 243.94736 ... 7246.9515       34912.738            222.7816
