read ra/dec for calibration star of: (323.139367, 49.200936) (323.214433, 49.246981)
automag_driver: using file automag_driver
aperture parameters; rad, r_in, r_out: 5.0, 15.0, 25.0
-----------------------------------------
132
/mnt//archive/draco2/2024/24_11_14//ad0132.fits
flat found.  dividing by flatfield
read ra/dec for target of: (323.16844, 49.212512)
pixel scale is: 0.9839882109757976
x/y of var, cal1, cal2: 551.6613212502133 417.1292717765059 490.6537713406032 470.9519636106437 637.72714213698 273.74738871712054
 id  xcenter   ycenter  ...  aper_bkg aper_sum_bkgsub aper_sum_bkgsub_err
       pix       pix    ...                                              
--- --------- --------- ... --------- --------------- -------------------
  1 551.66132 417.12927 ...  31385.57       31542.201           307.47088
  2 490.65377 470.95196 ... 31268.687       24064.989           294.66483
  3 637.72714 273.74739 ... 31416.722       31632.367           307.71872
-----------------------------------------
133
/mnt//archive/draco2/2024/24_11_14//ad0133.fits
flat found.  dividing by flatfield
read ra/dec for target of: (323.16844, 49.212512)
pixel scale is: 0.9840311434777994
x/y of var, cal1, cal2: 552.7026845875389 417.30432502732174 491.7005638708334 471.120851662944 638.7583613032496 273.93408102556504
 id  xcenter   ycenter  ...  aper_bkg aper_sum_bkgsub aper_sum_bkgsub_err
       pix       pix    ...                                              
--- --------- --------- ... --------- --------------- -------------------
  1 552.70268 417.30433 ... 30065.289       31823.416           303.60994
  2 491.70056 471.12085 ... 30233.778       23759.923           290.60709
  3 638.75836 273.93408 ... 30162.587       31771.595           303.84497
-----------------------------------------
134
/mnt//archive/draco2/2024/24_11_14//ad0134.fits
flat found.  dividing by flatfield
read ra/dec for target of: (323.16844, 49.212512)
pixel scale is: 0.9840106070665101
x/y of var, cal1, cal2: 552.1245817154038 417.2824354837773 491.1100583704645 471.1050843378083 638.199731263817 273.9021479836944
 id  xcenter   ycenter  ...  aper_bkg aper_sum_bkgsub aper_sum_bkgsub_err
       pix       pix    ...                                              
--- --------- --------- ... --------- --------------- -------------------
  1 552.12458 417.28244 ...  29125.97       34106.662           304.27554
  2 491.11006 471.10508 ... 29213.043        25243.67           289.64592
  3 638.19973 273.90215 ... 29252.083        33479.42           303.65867
-----------------------------------------
135
/mnt//archive/draco2/2024/24_11_14//ad0135.fits
flat found.  dividing by flatfield
read ra/dec for target of: (323.16844, 49.212512)
pixel scale is: 0.9839557525061803
x/y of var, cal1, cal2: 551.8667068919045 417.02190225137673 490.8571565340783 470.8448202811295 637.9350495282565 273.637474695028
 id  xcenter   ycenter  ...  aper_bkg aper_sum_bkgsub aper_sum_bkgsub_err
       pix       pix    ...                                              
--- --------- --------- ... --------- --------------- -------------------
  1 551.86671  417.0219 ...  28176.25       35698.132           303.76904
  2 490.85716 470.84482 ... 28360.624       26323.732           288.56538
  3 637.93505 273.63747 ... 28261.391       36200.468           304.87416
