read ra/dec for calibration star of: (357.307226, 59.943336) (357.434683, 60.013532)
automag_driver: using file automag_driver
aperture parameters; rad, r_in, r_out: 5.0, 15.0, 25.0
-----------------------------------------
113
/mnt//archive/draco2/2024/24_11_22//ad0113.fits
flat found.  dividing by flatfield
read ra/dec for target of: (357.483431, 59.940703)
pixel scale is: 0.9827915299359917
x/y of var, cal1, cal2: 554.7391026628366 417.34045323397163 234.59584275261153 463.62396887798184 420.4003427216761 170.1142066067854
 id  xcenter   ycenter  ...  aper_bkg aper_sum_bkgsub aper_sum_bkgsub_err
       pix       pix    ...                                              
--- --------- --------- ... --------- --------------- -------------------
  1  554.7391 417.34045 ... 4528.1108       5841.2136           122.97331
  2 234.59584 463.62397 ... 5011.3984       173201.09           428.30933
  3 420.40034 170.11421 ... 4693.7116       14549.084           155.43972
-----------------------------------------
114
/mnt//archive/draco2/2024/24_11_22//ad0114.fits
flat found.  dividing by flatfield
read ra/dec for target of: (357.483431, 59.940703)
pixel scale is: 0.9824735412577746
x/y of var, cal1, cal2: 554.8895170323367 417.6362353871908 234.74778988863034 463.9116950184256 420.5881069975953 170.32031130334514
 id  xcenter   ycenter  ...  aper_bkg aper_sum_bkgsub aper_sum_bkgsub_err
       pix       pix    ...                                              
--- --------- --------- ... --------- --------------- -------------------
  1 554.88952 417.63624 ... 4422.5918       6129.7435           123.28798
  2 234.74779  463.9117 ... 4684.9073       171671.73           425.75409
  3 420.58811 170.32031 ... 4694.0944       14886.267           156.52302
-----------------------------------------
115
/mnt//archive/draco2/2024/24_11_22//ad0115.fits
flat found.  dividing by flatfield
read ra/dec for target of: (357.483431, 59.940703)
pixel scale is: 0.9826831923900445
x/y of var, cal1, cal2: 554.9677757802531 417.68879088552825 234.8505702821255 463.97501136311917 420.649150982527 170.434284376981
 id  xcenter   ycenter  ...  aper_bkg aper_sum_bkgsub aper_sum_bkgsub_err
       pix       pix    ...                                              
--- --------- --------- ... --------- --------------- -------------------
  1 554.96778 417.68879 ... 4754.5366       5644.0858           124.00871
  2 234.85057 463.97501 ... 4872.5986       165038.49           418.34039
  3 420.64915 170.43428 ... 4830.7788       14192.814           155.17529
-----------------------------------------
116
/mnt//archive/draco2/2024/24_11_22//ad0116.fits
flat found.  dividing by flatfield
read ra/dec for target of: (357.483431, 59.940703)
pixel scale is: 0.9827454123681383
x/y of var, cal1, cal2: 554.9303587013505 417.5641563178683 234.70782786747145 463.82369923914297 420.544604555078 170.31533274900218
 id  xcenter   ycenter  ...  aper_bkg aper_sum_bkgsub aper_sum_bkgsub_err
       pix       pix    ...                                              
--- --------- --------- ... --------- --------------- -------------------
  1 554.93036 417.56416 ... 4663.5126       5489.2762           122.64298
  2 234.70783  463.8237 ... 4618.0802        169159.7           422.63562
  3  420.5446 170.31533 ... 4455.4412        14655.17           154.24349
