read ra/dec for calibration star of: (314.211675, 40.186014) (314.165463, 40.233653)
automag_driver: using file automag_driver
aperture parameters; rad, r_in, r_out: 5.0, 15.0, 25.0
-----------------------------------------
105
/mnt//archive/west-14/2024/24_11_11//ad0105.fits
flat found.  dividing by flatfield
read ra/dec for target of: (314.336791, 40.177503)
pixel scale is: 0.9109164725328746
x/y of var, cal1, cal2: 569.4755159108562 424.1114126789814 947.8474491205166 445.27232939181886 1093.2042382522716 628.9831087944035
 id  xcenter   ycenter  ...  aper_bkg aper_sum_bkgsub aper_sum_bkgsub_err
       pix       pix    ...                                              
--- --------- --------- ... --------- --------------- -------------------
  1 569.47552 424.11141 ... 11606.197       116758.04            374.4268
  2 947.84745 445.27233 ...  11682.03       48866.893           269.17643
  3 1093.2042 628.98311 ... 10122.144       86392.841           326.89773
-----------------------------------------
106
/mnt//archive/west-14/2024/24_11_11//ad0106.fits
flat found.  dividing by flatfield
read ra/dec for target of: (314.336791, 40.177503)
pixel scale is: 0.9109463723615578
x/y of var, cal1, cal2: 568.4829665164779 423.62826499876536 946.7536452162292 444.848579144753 1092.1101924878706 628.5764318149245
 id  xcenter   ycenter  ...  aper_bkg aper_sum_bkgsub aper_sum_bkgsub_err
       pix       pix    ...                                              
--- --------- --------- ... --------- --------------- -------------------
  1 568.48297 423.62826 ... 11693.668       116617.48           374.47272
  2 946.75365 444.84858 ... 11975.114       48995.488           270.50086
  3 1092.1102 628.57643 ... 10470.094         83173.3           323.01469
-----------------------------------------
107
/mnt//archive/west-14/2024/24_11_11//ad0107.fits
flat found.  dividing by flatfield
read ra/dec for target of: (314.336791, 40.177503)
pixel scale is: 0.9108877984794698
x/y of var, cal1, cal2: 568.7198832885616 423.7326265318416 946.9960495864422 444.9232730593666 1092.3393364572494 628.6510082204927
 id  xcenter   ycenter  ...  aper_bkg aper_sum_bkgsub aper_sum_bkgsub_err
       pix       pix    ...                                              
--- --------- --------- ... --------- --------------- -------------------
  1 568.71988 423.73263 ... 11456.083       115782.95           372.71989
  2 946.99605 444.92327 ... 11358.741       48618.315            267.5085
  3 1092.3393 628.65101 ... 10035.504       85793.904           325.71446
-----------------------------------------
108
/mnt//archive/west-14/2024/24_11_11//ad0108.fits
flat found.  dividing by flatfield
read ra/dec for target of: (314.336791, 40.177503)
pixel scale is: 0.9108737899645966
x/y of var, cal1, cal2: 570.0459759072252 423.2201833727875 948.4118022316584 444.4861216360634 1093.8215073600468 628.2455129270812
 id  xcenter   ycenter  ...  aper_bkg aper_sum_bkgsub aper_sum_bkgsub_err
       pix       pix    ...                                              
--- --------- --------- ... --------- --------------- -------------------
  1 570.04598 423.22018 ... 11330.921       119359.81             377.156
  2  948.4118 444.48612 ... 11650.246       48121.113           267.66883
  3 1093.8215 628.24551 ... 9646.7509       85989.291           324.81963
