read ra/dec for calibration star of: (358.45204, 62.12898) (358.732006, 62.072851)
automag_driver: using file automag_driver
aperture parameters; rad, r_in, r_out: 5.0, 15.0, 25.0
-----------------------------------------
90
/mnt//archive/draco2/2024/24_11_25//ad0090.fits
flat found.  dividing by flatfield
read ra/dec for target of: (358.6024, 62.14947)
pixel scale is: 0.9835356065597659
x/y of var, cal1, cal2: 553.6963935020708 417.485730012463 299.5483591740939 502.12050427281275 786.6223320315198 688.8680123555448
 id  xcenter   ycenter  ...  aper_bkg aper_sum_bkgsub aper_sum_bkgsub_err
       pix       pix    ...                                              
--- --------- --------- ... --------- --------------- -------------------
  1 553.69639 417.48573 ... 20809.362        24029.51           256.65782
  2 299.54836  502.1205 ... 21085.424       81395.524           351.83998
  3 786.62233 688.86801 ... 20726.361       184459.43           475.53881
-----------------------------------------
91
/mnt//archive/draco2/2024/24_11_25//ad0091.fits
flat found.  dividing by flatfield
read ra/dec for target of: (358.6024, 62.14947)
pixel scale is: 0.9834970427951448
x/y of var, cal1, cal2: 553.7989638391109 417.32494539995787 299.66924216389464 502.00590007511124 786.6923010795335 688.6785851032346
 id  xcenter   ycenter  ...  aper_bkg aper_sum_bkgsub aper_sum_bkgsub_err
       pix       pix    ...                                              
--- --------- --------- ... --------- --------------- -------------------
  1 553.79896 417.32495 ... 20971.956       24733.544           258.65509
  2 299.66924  502.0059 ... 21147.672       82544.845           353.64557
  3  786.6923 688.67859 ... 20819.028       187345.05           478.75683
-----------------------------------------
92
/mnt//archive/draco2/2024/24_11_25//ad0092.fits
flat found.  dividing by flatfield
read ra/dec for target of: (358.6024, 62.14947)
pixel scale is: 0.9836669257241534
x/y of var, cal1, cal2: 553.95848552361 417.17219927520796 299.8376105878141 501.81647694330525 786.8339615366323 688.4991836750305
 id  xcenter   ycenter  ...  aper_bkg aper_sum_bkgsub aper_sum_bkgsub_err
       pix       pix    ...                                              
--- --------- --------- ... --------- --------------- -------------------
  1 553.95849  417.1722 ... 20631.759       25408.943           258.64544
  2 299.83761 501.81648 ... 20940.471       83743.075           354.75205
  3 786.83396 688.49918 ... 20595.235       186329.86           477.22671
-----------------------------------------
93
/mnt//archive/draco2/2024/24_11_25//ad0093.fits
flat found.  dividing by flatfield
read ra/dec for target of: (358.6024, 62.14947)
pixel scale is: 0.9836007691774208
x/y of var, cal1, cal2: 554.056499827204 417.1837921504478 299.9200488872927 501.84605579320925 786.9797626225111 688.51776243452
 id  xcenter   ycenter  ...  aper_bkg aper_sum_bkgsub aper_sum_bkgsub_err
       pix       pix    ...                                              
--- --------- --------- ... --------- --------------- -------------------
  1  554.0565 417.18379 ... 19046.932       29961.099           261.30435
  2 299.92005 501.84606 ... 19450.597       98557.741           371.05786
  3 786.97976 688.51776 ...  19140.15       225466.37           513.78174
