read ra/dec for calibration star of: (346.910188, 58.621305) (346.992287, 58.573333)
automag_driver: using file automag_driver
aperture parameters; rad, r_in, r_out: 5.0, 15.0, 25.0
-----------------------------------------
133
/mnt//archive/draco2/2024/24_11_22//ad0133.fits
flat found.  dividing by flatfield
read ra/dec for target of: (346.79201, 58.554203)
pixel scale is: 0.9828440427848399
x/y of var, cal1, cal2: 552.7325139454824 416.8623715864594 731.8199085724732 135.37501130934913 917.0015977108937 280.66211131769364
 id  xcenter   ycenter  ...  aper_bkg aper_sum_bkgsub aper_sum_bkgsub_err
       pix       pix    ...                                              
--- --------- --------- ... --------- --------------- -------------------
  1 552.73251 416.86237 ... 6853.0266       178889.18           439.11301
  2 731.81991 135.37501 ... 6878.4614       186296.81           447.52512
  3  917.0016 280.66211 ... 6818.7877       69388.884           288.53329
-----------------------------------------
134
/mnt//archive/draco2/2024/24_11_22//ad0134.fits
flat found.  dividing by flatfield
read ra/dec for target of: (346.79201, 58.554203)
pixel scale is: 0.9826895559515795
x/y of var, cal1, cal2: 552.8035476708378 416.87536832068184 731.9047243166808 135.3482223707869 917.0733765376094 280.6627861766608
 id  xcenter   ycenter  ...  aper_bkg aper_sum_bkgsub aper_sum_bkgsub_err
       pix       pix    ...                                              
--- --------- --------- ... --------- --------------- -------------------
  1 552.80355 416.87537 ... 7036.9752       176995.94           437.37271
  2 731.90472 135.34822 ...  6867.329       182311.68           443.02521
  3 917.07338 280.66279 ... 6690.7464       68701.692           286.89403
-----------------------------------------
135
/mnt//archive/draco2/2024/24_11_22//ad0135.fits
flat found.  dividing by flatfield
read ra/dec for target of: (346.79201, 58.554203)
pixel scale is: 0.9828498598352939
x/y of var, cal1, cal2: 552.6127927519516 416.7683281757402 731.7488771510441 135.2792557399594 916.9003379718101 280.56202393119673
 id  xcenter   ycenter  ...  aper_bkg aper_sum_bkgsub aper_sum_bkgsub_err
       pix       pix    ...                                              
--- --------- --------- ... --------- --------------- -------------------
  1 552.61279 416.76833 ... 7020.4709       176248.17           436.47922
  2 731.74888 135.27926 ... 6869.0472       182112.24           442.80395
  3 916.90034 280.56202 ... 6758.3994       68181.934           286.22322
-----------------------------------------
136
/mnt//archive/draco2/2024/24_11_22//ad0136.fits
flat found.  dividing by flatfield
read ra/dec for target of: (346.79201, 58.554203)
pixel scale is: 0.9826493266741124
x/y of var, cal1, cal2: 552.6128205198922 416.77854082972374 731.6897592466441 135.2456763980744 916.8597986256252 280.5721900600979
 id  xcenter   ycenter  ...  aper_bkg aper_sum_bkgsub aper_sum_bkgsub_err
       pix       pix    ...                                              
--- --------- --------- ... --------- --------------- -------------------
  1 552.61282 416.77854 ... 6969.3317       173303.95            432.9753
  2 731.68976 135.24568 ... 6930.2037       176468.42           436.52472
  3  916.8598 280.57219 ... 7023.8422       67210.184           285.45204
