read ra/dec for calibration star of: (357.9345179, 58.80670872) (358.2382563, 58.73296991)
automag_driver: using file automag_driver
aperture parameters; rad, r_in, r_out: 5.0, 15.0, 25.0
-----------------------------------------
245
/mnt//archive/far-east-20/2024/24_10_17//ad0245.fits
flat found.  dividing by flatfield
read ra/dec for target of: (358.02930081425, 58.74172448295)
pixel scale is: 1.070915407944314
x/y of var, cal1, cal2: 434.4508255680305 434.6201952523425 278.84310577300505 209.45087334431662 797.8540526182437 478.45087013029575
 id  xcenter   ycenter  ...  aper_bkg aper_sum_bkgsub aper_sum_bkgsub_err
       pix       pix    ...                                              
--- --------- --------- ... --------- --------------- -------------------
  1 434.45083  434.6202 ... 15271.623       124425.11           393.94588
  2 278.84311 209.45087 ... 14933.465       62898.419           304.94319
  3 797.85405 478.45087 ... 14660.311       19317.682           221.05046
-----------------------------------------
246
/mnt//archive/far-east-20/2024/24_10_17//ad0246.fits
flat found.  dividing by flatfield
read ra/dec for target of: (358.02930081425, 58.74172448295)
pixel scale is: 1.070747227163884
x/y of var, cal1, cal2: 434.81775005112894 434.1567568197136 279.2794708772518 208.81561344323822 798.002433489204 478.31304630716824
 id  xcenter   ycenter  ...  aper_bkg aper_sum_bkgsub aper_sum_bkgsub_err
       pix       pix    ...                                              
--- --------- --------- ... --------- --------------- -------------------
  1 434.81775 434.15676 ... 15397.546       124765.84           394.69727
  2 279.27947 208.81561 ... 15025.564       63185.583           305.71508
  3 798.00243 478.31305 ... 14735.346       18916.402           220.48151
-----------------------------------------
247
/mnt//archive/far-east-20/2024/24_10_17//ad0247.fits
flat found.  dividing by flatfield
read ra/dec for target of: (358.02930081425, 58.74172448295)
pixel scale is: 1.070548379109784
x/y of var, cal1, cal2: 434.92676949366637 434.4740954752919 279.31223983449 209.14797180018675 798.1703256533992 478.5059386719131
 id  xcenter   ycenter  ...  aper_bkg aper_sum_bkgsub aper_sum_bkgsub_err
       pix       pix    ...                                              
--- --------- --------- ... --------- --------------- -------------------
  1 434.92677  434.4741 ... 15289.696       124835.42           394.51212
  2 279.31224 209.14797 ... 15128.116       63646.635           306.80265
  3 798.17033 478.50594 ... 14849.318       19304.388           221.87389
-----------------------------------------
248
/mnt//archive/far-east-20/2024/24_10_17//ad0248.fits
flat found.  dividing by flatfield
read ra/dec for target of: (358.02930081425, 58.74172448295)
pixel scale is: 1.07092529616495
x/y of var, cal1, cal2: 434.9637237872531 434.4624909721208 279.3793627866507 209.22325728928482 798.2122396630982 478.46103508052437
 id  xcenter   ycenter  ...  aper_bkg aper_sum_bkgsub aper_sum_bkgsub_err
       pix       pix    ...                                              
--- --------- --------- ... --------- --------------- -------------------
  1 434.96372 434.46249 ... 15472.428       127988.49           398.94655
  2 279.37936 209.22326 ... 15042.447       64009.698           307.11495
  3 798.21224 478.46104 ... 14885.119       19026.236           221.40794
-----------------------------------------
249
/mnt//archive/far-east-20/2024/24_10_17//ad0249.fits
flat found.  dividing by flatfield
read ra/dec for target of: (358.02930081425, 58.74172448295)
pixel scale is: 1.070671972500186
x/y of var, cal1, cal2: 434.81337192231626 434.2916477451083 279.23417909008015 208.93581089595818 798.1015101167537 478.44835947472086
 id  xcenter   ycenter  ...  aper_bkg aper_sum_bkgsub aper_sum_bkgsub_err
       pix       pix    ...                                              
--- --------- --------- ... --------- --------------- -------------------
  1 434.81337 434.29165 ...  15423.79       128119.59           398.98894
  2 279.23418 208.93581 ... 15178.755       64530.028           308.40321
  3 798.10151 478.44836 ... 14812.838       19305.204           221.71125
