read ra/dec for calibration star of: (321.801433, 54.492517) (321.716558, 54.440525)
automag_driver: using file automag_driver
aperture parameters; rad, r_in, r_out: 5.0, 15.0, 25.0
-----------------------------------------
73
/mnt//archive/draco2/2024/24_10_21//ad0073.fits
flat found.  dividing by flatfield
read ra/dec for target of: (321.733427, 54.491455)
pixel scale is: 0.9858423963251609
x/y of var, cal1, cal2: 554.0479707857866 415.58861187446945 413.7476819566388 449.024875492348 550.8434518486129 226.21916171752787
 id  xcenter   ycenter  ...  aper_bkg aper_sum_bkgsub aper_sum_bkgsub_err
       pix       pix    ...                                              
--- --------- --------- ... --------- --------------- -------------------
  1 554.04797 415.58861 ...  13362.25       134300.29            401.5592
  2 413.74768 449.02488 ... 13757.836       235929.06           513.48781
  3 550.84345 226.21916 ... 13554.709       139329.83           408.24533
-----------------------------------------
74
/mnt//archive/draco2/2024/24_10_21//ad0074.fits
flat found.  dividing by flatfield
read ra/dec for target of: (321.733427, 54.491455)
pixel scale is: 0.9861989927707687
x/y of var, cal1, cal2: 554.1385117058845 415.83411222960103 413.84158000473167 449.2960796741205 550.9637395432319 226.53401185580927
 id  xcenter   ycenter  ...  aper_bkg aper_sum_bkgsub aper_sum_bkgsub_err
       pix       pix    ...                                              
--- --------- --------- ... --------- --------------- -------------------
  1 554.13851 415.83411 ... 13589.268       132847.85            400.3141
  2 413.84158 449.29608 ...  13736.39       236731.69           514.22706
  3 550.96374 226.53401 ... 13583.792       138051.52           406.74821
-----------------------------------------
75
/mnt//archive/draco2/2024/24_10_21//ad0075.fits
flat found.  dividing by flatfield
read ra/dec for target of: (321.733427, 54.491455)
pixel scale is: 0.9857708166453426
x/y of var, cal1, cal2: 553.9017874512547 415.7684210356568 413.5835182023609 449.19049851789964 550.715494721281 226.3848553989023
 id  xcenter   ycenter  ...  aper_bkg aper_sum_bkgsub aper_sum_bkgsub_err
       pix       pix    ...                                              
--- --------- --------- ... --------- --------------- -------------------
  1 553.90179 415.76842 ... 13741.766       133851.79           401.94568
  2 413.58352  449.1905 ... 13916.506       237093.04            514.9282
  3 550.71549 226.38486 ... 13776.307       139940.44           409.53394
-----------------------------------------
76
/mnt//archive/draco2/2024/24_10_21//ad0076.fits
flat found.  dividing by flatfield
read ra/dec for target of: (321.733427, 54.491455)
pixel scale is: 0.9857660560112035
x/y of var, cal1, cal2: 553.9555079634696 415.5834272445673 413.6404299960542 449.00810113687356 550.7610884835118 226.1989958921884
 id  xcenter   ycenter  ...  aper_bkg aper_sum_bkgsub aper_sum_bkgsub_err
       pix       pix    ...                                              
--- --------- --------- ... --------- --------------- -------------------
  1 553.95551 415.58343 ... 13359.073       131794.49           398.41892
  2 413.64043  449.0081 ... 13597.155       235601.13           512.85519
  3 550.76109   226.199 ... 13612.076       139247.96           408.28557
