read ra/dec for calibration star of: (359.428633, 62.690422) (359.62416, 62.747272)
automag_driver: using file automag_driver
aperture parameters; rad, r_in, r_out: 5.0, 15.0, 25.0
-----------------------------------------
77
/mnt//archive/east-16/2024/24_10_29//ad0077.fits
flat found.  dividing by flatfield
read ra/dec for target of: (359.395668, 62.718246)
pixel scale is: 0.9263095191056221
x/y of var, cal1, cal2: 764.4723933560156 606.4492352545705 830.8622778664736 710.0645011689452 1161.8182289621745 463.9972788825968
 id  xcenter   ycenter  ...  aper_bkg aper_sum_bkgsub aper_sum_bkgsub_err
       pix       pix    ...                                              
--- --------- --------- ... --------- --------------- -------------------
  1 764.47239 606.44924 ... 36821.837       860343.46            966.5465
  2 830.86228  710.0645 ... 36671.606       174885.03           498.45084
  3 1161.8182 463.99728 ... 37118.365       222050.61           544.52947
-----------------------------------------
78
/mnt//archive/east-16/2024/24_10_29//ad0078.fits
flat found.  dividing by flatfield
read ra/dec for target of: (359.395668, 62.718246)
pixel scale is: 0.9262675001535685
x/y of var, cal1, cal2: 765.9838741185057 606.765174761549 832.3775527114781 710.3881895998044 1163.305645048229 464.32499082531467
 id  xcenter   ycenter  ...  aper_bkg aper_sum_bkgsub aper_sum_bkgsub_err
       pix       pix    ...                                              
--- --------- --------- ... --------- --------------- -------------------
  1 765.98387 606.76517 ... 36688.194       822710.09           946.73728
  2 832.37755 710.38819 ... 36267.578        170930.4           493.65023
  3 1163.3056 464.32499 ... 36767.255       216329.97           538.59955
-----------------------------------------
79
/mnt//archive/east-16/2024/24_10_29//ad0079.fits
flat found.  dividing by flatfield
read ra/dec for target of: (359.395668, 62.718246)
pixel scale is: 0.9262977467769937
x/y of var, cal1, cal2: 766.689379321988 607.4878340202692 833.0813691281321 711.1063581514763 1164.0376174885394 465.04567893915936
 id  xcenter   ycenter  ...  aper_bkg aper_sum_bkgsub aper_sum_bkgsub_err
       pix       pix    ...                                              
--- --------- --------- ... --------- --------------- -------------------
  1 766.68938 607.48783 ...  36853.45       803843.68           936.89678
  2 833.08137 711.10636 ... 36713.687       173661.34           497.30646
  3 1164.0376 465.04568 ... 37390.868       219785.47           542.94771
-----------------------------------------
80
/mnt//archive/east-16/2024/24_10_29//ad0080.fits
flat found.  dividing by flatfield
read ra/dec for target of: (359.395668, 62.718246)
pixel scale is: 0.9262674336187141
x/y of var, cal1, cal2: 767.1646403649324 607.4016794084974 833.5617494166673 711.025308817045 1164.53821395549 464.9651194378549
 id  xcenter   ycenter  ...  aper_bkg aper_sum_bkgsub aper_sum_bkgsub_err
       pix       pix    ...                                              
--- --------- --------- ... --------- --------------- -------------------
  1 767.16464 607.40168 ... 38251.524       804212.29           938.58422
  2 833.56175 711.02531 ... 37971.598       176176.24           502.33897
  3 1164.5382 464.96512 ... 38546.246       220925.44           546.11623
