read ra/dec for calibration star of: (337.10892, 58.19507) (337.04309, 58.18527)
automag_driver: using file automag_driver
aperture parameters; rad, r_in, r_out: 5.0, 15.0, 25.0
-----------------------------------------
141
/mnt//archive/far-east-20/2024/24_10_17//ad0141.fits
flat found.  dividing by flatfield
read ra/dec for target of: (337.208699, 58.21094)
pixel scale is: 1.0702932672863446
x/y of var, cal1, cal2: 408.56512663234696 428.76580577575805 229.64851063688224 474.7115458128363 111.6245951133073 502.6251542932728
 id  xcenter   ycenter  ...  aper_bkg aper_sum_bkgsub aper_sum_bkgsub_err
       pix       pix    ...                                              
--- --------- --------- ... --------- --------------- -------------------
  1 408.56513 428.76581 ... 360820.45        494223.2           1102.7643
  2 229.64851 474.71155 ... 355008.09       374719.41           1041.6144
  3  111.6246 502.62515 ... 350850.77       146300.79           920.99258
-----------------------------------------
142
/mnt//archive/far-east-20/2024/24_10_17//ad0142.fits
flat found.  dividing by flatfield
read ra/dec for target of: (337.208699, 58.21094)
pixel scale is: 1.070075948599009
x/y of var, cal1, cal2: 408.17293944182427 429.6166049145326 229.25422948602326 475.53571251072003 111.22829565583265 503.4312662633322
 id  xcenter   ycenter  ...  aper_bkg aper_sum_bkgsub aper_sum_bkgsub_err
       pix       pix    ...                                              
--- --------- --------- ... --------- --------------- -------------------
  1 408.17294  429.6166 ... 545197.79        298580.8           1178.6439
  2 229.25423 475.53571 ... 539550.51        225835.2           1142.4365
  3  111.2283 503.43127 ... 535625.24       88272.219           1076.9158
-----------------------------------------
143
/mnt//archive/far-east-20/2024/24_10_17//ad0143.fits
flat found.  dividing by flatfield
read ra/dec for target of: (337.208699, 58.21094)
pixel scale is: 1.0703188490080393
x/y of var, cal1, cal2: 407.98735543560235 429.8989128273761 229.07460251349013 475.8351994217312 111.05313437972421 503.7426292818452
 id  xcenter   ycenter  ...  aper_bkg aper_sum_bkgsub aper_sum_bkgsub_err
       pix       pix    ...                                              
--- --------- --------- ... --------- --------------- -------------------
  1 407.98736 429.89891 ... 437805.98       428118.17           1141.9085
  2  229.0746  475.8352 ...  432247.4       326107.56           1091.2504
  3 111.05313 503.74263 ... 427881.18       127428.93           991.67348
-----------------------------------------
144
/mnt//archive/far-east-20/2024/24_10_17//ad0144.fits
flat found.  dividing by flatfield
read ra/dec for target of: (337.208699, 58.21094)
pixel scale is: 1.0702980744373911
x/y of var, cal1, cal2: 407.59752757968164 430.03886425284315 228.64669112172174 475.963556817597 110.60025706303088 503.8632921825032
 id  xcenter   ycenter  ...  aper_bkg aper_sum_bkgsub aper_sum_bkgsub_err
       pix       pix    ...                                              
--- --------- --------- ... --------- --------------- -------------------
  1 407.59753 430.03886 ... 327930.18       574607.34           1109.3659
  2 228.64669 475.96356 ... 323923.79       435891.48            1041.136
  3 110.60026 503.86329 ... 320358.82       169422.62            900.2029
-----------------------------------------
145
/mnt//archive/far-east-20/2024/24_10_17//ad0145.fits
flat found.  dividing by flatfield
read ra/dec for target of: (337.208699, 58.21094)
pixel scale is: 1.0702254898955206
x/y of var, cal1, cal2: 407.05485731515796 430.030155593686 228.14539999868722 475.96459495242135 110.12617434156545 503.8705975648461
 id  xcenter   ycenter  ...  aper_bkg aper_sum_bkgsub aper_sum_bkgsub_err
       pix       pix    ...                                              
--- --------- --------- ... --------- --------------- -------------------
  1 407.05486 430.03016 ... 62168.463       161640.44           534.97885
  2  228.1454 475.96459 ... 62006.486       122095.81           496.32025
  3 110.12617  503.8706 ... 61552.902       47524.289           413.34622
-----------------------------------------
146
/mnt//archive/far-east-20/2024/24_10_17//ad0146.fits
flat found.  dividing by flatfield
read ra/dec for target of: (337.208699, 58.21094)
pixel scale is: 1.0702037460338851
x/y of var, cal1, cal2: 407.17872668901356 430.0590985087937 228.24614420706223 476.0273233968172 110.211872535532 503.95556419744014
 id  xcenter   ycenter  ...  aper_bkg aper_sum_bkgsub aper_sum_bkgsub_err
       pix       pix    ...                                              
--- --------- --------- ... --------- --------------- -------------------
  1 407.17873  430.0591 ...  79013.57       127395.54           534.46018
  2 228.24614 476.02732 ... 79223.062       96805.454           505.44691
  3 110.21187 503.95556 ... 78645.166       37105.504           441.15852
-----------------------------------------
147
/mnt//archive/far-east-20/2024/24_10_17//ad0147.fits
flat found.  dividing by flatfield
read ra/dec for target of: (337.208699, 58.21094)
pixel scale is: 1.070336605501613
x/y of var, cal1, cal2: 407.2326680536576 429.8133003627673 228.32036673323435 475.7674053858924 110.29943389178828 503.6866292040859
 id  xcenter   ycenter  ...  aper_bkg aper_sum_bkgsub aper_sum_bkgsub_err
       pix       pix    ...                                              
--- --------- --------- ... --------- --------------- -------------------
  1 407.23267  429.8133 ...  93619.29       114332.26           549.35948
  2 228.32037 475.76741 ... 94392.324       85141.998           523.59493
  3 110.29943 503.68663 ... 94149.353       34057.713           471.78535
-----------------------------------------
148
/mnt//archive/far-east-20/2024/24_10_17//ad0148.fits
flat found.  dividing by flatfield
read ra/dec for target of: (337.208699, 58.21094)
pixel scale is: 1.0705893398653188
x/y of var, cal1, cal2: 407.5973735486661 429.8984782573473 228.70094892403657 475.813565662536 110.6905892967464 503.70761644569313
 id  xcenter   ycenter  ...  aper_bkg aper_sum_bkgsub aper_sum_bkgsub_err
       pix       pix    ...                                              
--- --------- --------- ... --------- --------------- -------------------
  1 407.59737 429.89848 ... 121686.76       75402.555            564.8018
  2 228.70095 475.81357 ... 120197.54       56828.745            545.3887
  3 110.69059 503.70762 ... 119439.38       22399.234           511.37364
