read ra/dec for calibration star of: (24.126247, 57.798882) (24.204493, 57.811872)
automag_driver: using file automag_driver
aperture parameters; rad, r_in, r_out: 5.0, 15.0, 25.0
-----------------------------------------
141
-----------------------------------------
142
-----------------------------------------
143
/mnt//archive/west-14/2024/24_11_11//ad0143.fits
flat found.  dividing by flatfield
read ra/dec for target of: (24.308415, 57.75922)
pixel scale is: 0.910300358189543
x/y of var, cal1, cal2: 566.3076570998654 392.9509330292098 954.1045808954456 538.6516588455495 790.9420398323819 594.6348383662753
 id  xcenter   ycenter  ...  aper_bkg aper_sum_bkgsub aper_sum_bkgsub_err
       pix       pix    ...                                              
--- --------- --------- ... --------- --------------- -------------------
  1 566.30766 392.95093 ... 115699.56       59287.019           539.36178
  2 954.10458 538.65166 ... 114746.19       42870.099           522.09911
  3 790.94204 594.63484 ... 114888.28       18095.911           498.09384
-----------------------------------------
144
