read ra/dec for calibration star of: (346.910188, 58.621305) (346.992287, 58.573333)
automag_driver: using file automag_driver
aperture parameters; rad, r_in, r_out: 5.0, 15.0, 25.0
-----------------------------------------
233
/mnt//archive/far-east-20/2024/24_10_17//ad0233.fits
flat found.  dividing by flatfield
read ra/dec for target of: (346.79201, 58.554203)
pixel scale is: 1.0702547507351137
x/y of var, cal1, cal2: 450.01191944485066 439.27380577620613 666.4206915401469 222.13444779017172 803.8160175169378 388.9821063964569
 id  xcenter   ycenter  ...  aper_bkg aper_sum_bkgsub aper_sum_bkgsub_err
       pix       pix    ...                                              
--- --------- --------- ... --------- --------------- -------------------
  1 450.01192 439.27381 ... 29440.125       329095.81           623.05783
  2 666.42069 222.13445 ... 28311.809       191597.26           498.44346
  3 803.81602 388.98211 ... 28458.686       69135.494           355.35597
-----------------------------------------
234
/mnt//archive/far-east-20/2024/24_10_17//ad0234.fits
flat found.  dividing by flatfield
read ra/dec for target of: (346.79201, 58.554203)
pixel scale is: 1.0702958122971333
x/y of var, cal1, cal2: 449.9099228861618 439.34707209546707 666.2939097253943 222.2532473800768 803.71999298487 389.1180963904528
 id  xcenter   ycenter  ...  aper_bkg aper_sum_bkgsub aper_sum_bkgsub_err
       pix       pix    ...                                              
--- --------- --------- ... --------- --------------- -------------------
  1 449.90992 439.34707 ... 29511.697        325654.2           620.40519
  2 666.29391 222.25325 ... 28423.504       189054.05           496.11094
  3 803.71999  389.1181 ... 28383.165       67798.506           353.25605
-----------------------------------------
235
/mnt//archive/far-east-20/2024/24_10_17//ad0235.fits
flat found.  dividing by flatfield
read ra/dec for target of: (346.79201, 58.554203)
pixel scale is: 1.0702825900227793
x/y of var, cal1, cal2: 450.2524655475588 439.1880380721378 666.6185791701068 222.09473526605987 804.0285727664525 388.96368355115794
 id  xcenter   ycenter  ...  aper_bkg aper_sum_bkgsub aper_sum_bkgsub_err
       pix       pix    ...                                              
--- --------- --------- ... --------- --------------- -------------------
  1 450.25247 439.18804 ... 29520.879       323758.65           618.89046
  2 666.61858 222.09474 ... 28424.388       187649.18           494.69481
  3 804.02857 388.96368 ... 28237.956       67477.741           352.38992
-----------------------------------------
236
/mnt//archive/far-east-20/2024/24_10_17//ad0236.fits
flat found.  dividing by flatfield
read ra/dec for target of: (346.79201, 58.554203)
pixel scale is: 1.0702447624634928
x/y of var, cal1, cal2: 450.42939624970836 439.02189291046653 666.8167296263413 221.90704756060478 804.2024863958102 388.7731112990704
 id  xcenter   ycenter  ...  aper_bkg aper_sum_bkgsub aper_sum_bkgsub_err
       pix       pix    ...                                              
--- --------- --------- ... --------- --------------- -------------------
  1  450.4294 439.02189 ...  29553.21       324870.02           619.83985
  2 666.81673 221.90705 ... 28417.168       191624.99           498.68259
  3 804.20249 388.77311 ... 28648.592       68198.614           354.57129
