read ra/dec for calibration star of: (305.960967, 40.530128) (306.050338, 40.640669)
automag_driver: using file automag_driver
aperture parameters; rad, r_in, r_out: 5.0, 15.0, 25.0
-----------------------------------------
5
/mnt//archive/draco2/2024/24_11_25//ad0005.fits
flat found.  dividing by flatfield
read ra/dec for target of: (306.080609, 40.561088)
pixel scale is: 0.9840925052209585
x/y of var, cal1, cal2: 556.6649800552576 416.39071574153445 228.79308939708505 542.4276955649226 461.17602217368005 128.78854692999562
 id  xcenter   ycenter  ...  aper_bkg aper_sum_bkgsub aper_sum_bkgsub_err
       pix       pix    ...                                              
--- --------- --------- ... --------- --------------- -------------------
  1 556.66498 416.39072 ... 21962.784       23734.421           260.54748
  2 228.79309  542.4277 ... 22478.102        53670.86           314.40748
  3 461.17602 128.78855 ... 22578.221       60147.632           324.85239
-----------------------------------------
6
/mnt//archive/draco2/2024/24_11_25//ad0006.fits
flat found.  dividing by flatfield
read ra/dec for target of: (306.080609, 40.561088)
pixel scale is: 0.9840234977468284
x/y of var, cal1, cal2: 556.7652192849401 416.12915839841617 228.85718377775584 542.1556885166498 461.24179415893957 128.5011927053809
 id  xcenter   ycenter  ...  aper_bkg aper_sum_bkgsub aper_sum_bkgsub_err
       pix       pix    ...                                              
--- --------- --------- ... --------- --------------- -------------------
  1 556.76522 416.12916 ... 21637.715       23798.331           259.42005
  2 228.85718 542.15569 ... 22161.398       53942.515           313.83166
  3 461.24179 128.50119 ... 22110.608       61329.532           325.23184
-----------------------------------------
7
/mnt//archive/draco2/2024/24_11_25//ad0007.fits
flat found.  dividing by flatfield
read ra/dec for target of: (306.080609, 40.561088)
pixel scale is: 0.9840756942204097
x/y of var, cal1, cal2: 556.4865548566482 416.22758574956123 228.55605711092073 542.2993647211844 461.024684537286 128.6300160493526
 id  xcenter   ycenter  ...  aper_bkg aper_sum_bkgsub aper_sum_bkgsub_err
       pix       pix    ...                                              
--- --------- --------- ... --------- --------------- -------------------
  1 556.48655 416.22759 ... 23224.984       19307.251           256.87004
  2 228.55606 542.29936 ... 24150.922       43334.854           303.08695
  3 461.02468 128.63002 ... 23981.453       49680.115           312.83865
-----------------------------------------
8
/mnt//archive/draco2/2024/24_11_25//ad0008.fits
flat found.  dividing by flatfield
read ra/dec for target of: (306.080609, 40.561088)
pixel scale is: 0.9840755801098509
x/y of var, cal1, cal2: 556.8836066167676 416.1088858474227 228.94218540912374 542.1448224212866 461.39977802200633 128.50084106680595
 id  xcenter   ycenter  ...  aper_bkg aper_sum_bkgsub aper_sum_bkgsub_err
       pix       pix    ...                                              
--- --------- --------- ... --------- --------------- -------------------
  1 556.88361 416.10889 ... 23231.075       20071.626            258.3772
  2 228.94219 542.14482 ... 23930.869       46560.088           307.64724
  3 461.39978 128.50084 ...  23692.86       52756.495           316.80785
