read ra/dec for calibration star of: (24.126247, 57.798882) (24.204493, 57.811872)
automag_driver: using file automag_driver
aperture parameters; rad, r_in, r_out: 5.0, 15.0, 25.0
-----------------------------------------
37
/mnt//archive/draco2/2024/24_10_07//ad0037.fits
flat found.  dividing by flatfield
read ra/dec for target of: (24.308415, 57.75922)
pixel scale is: 0.9866904160258597
x/y of var, cal1, cal2: 550.7411376519864 409.7988309523752 924.6487639593865 491.12207072451906 782.9712827771324 563.9676666629564
 id  xcenter   ycenter  ...  aper_bkg aper_sum_bkgsub aper_sum_bkgsub_err
       pix       pix    ...                                              
--- --------- --------- ... --------- --------------- -------------------
  1 550.74114 409.79883 ...  22334.41       143505.88           434.05034
  2 924.64876 491.12207 ... 21798.417       56498.584           316.73398
  3 782.97128 563.96767 ... 21904.478       23832.234            260.5114
-----------------------------------------
38
/mnt//archive/draco2/2024/24_10_07//ad0038.fits
flat found.  dividing by flatfield
read ra/dec for target of: (24.308415, 57.75922)
pixel scale is: 0.9865544469614862
x/y of var, cal1, cal2: 550.7158427848136 409.3705297975955 924.6312348923718 490.6943938458325 782.9652179594082 563.5540345822583
 id  xcenter   ycenter  ...  aper_bkg aper_sum_bkgsub aper_sum_bkgsub_err
       pix       pix    ...                                              
--- --------- --------- ... --------- --------------- -------------------
  1 550.71584 409.37053 ... 22073.956       140847.59           430.37252
  2 924.63123 490.69439 ... 21500.591       56211.421           315.33728
  3 782.96522 563.55403 ...  21670.42       23527.996           259.02478
-----------------------------------------
39
/mnt//archive/draco2/2024/24_10_07//ad0039.fits
flat found.  dividing by flatfield
read ra/dec for target of: (24.308415, 57.75922)
pixel scale is: 0.9863597691303706
x/y of var, cal1, cal2: 550.6759555627212 409.5563589270161 924.5107973904478 490.93923134968895 782.8538523469465 563.7969832555636
 id  xcenter   ycenter  ...  aper_bkg aper_sum_bkgsub aper_sum_bkgsub_err
       pix       pix    ...                                              
--- --------- --------- ... --------- --------------- -------------------
  1 550.67596 409.55636 ... 21733.108        141554.2           430.40146
  2  924.5108 490.93923 ... 21146.788       56054.905           313.96414
  3 782.85385 563.79698 ... 21206.188         23823.8           257.80065
-----------------------------------------
40
/mnt//archive/draco2/2024/24_10_07//ad0040.fits
flat found.  dividing by flatfield
read ra/dec for target of: (24.308415, 57.75922)
pixel scale is: 0.9867475576710326
x/y of var, cal1, cal2: 550.7227494674243 409.86437413629767 924.6012844226059 491.16635247459783 782.9427922731127 564.0139983555259
 id  xcenter   ycenter  ...  aper_bkg aper_sum_bkgsub aper_sum_bkgsub_err
       pix       pix    ...                                              
--- --------- --------- ... --------- --------------- -------------------
  1 550.72275 409.86437 ... 21403.703       139853.39           427.65149
  2 924.60128 491.16635 ... 20866.919       55340.989            311.9292
  3 782.94279   564.014 ...  21021.03        23166.48            255.7998
-----------------------------------------
41
/mnt//archive/draco2/2024/24_10_07//ad0041.fits
flat found.  dividing by flatfield
read ra/dec for target of: (24.308415, 57.75922)
pixel scale is: 0.9863399989240996
x/y of var, cal1, cal2: 550.3205640664152 410.1563937388851 924.2430633002966 491.6065979713723 782.5561463559623 564.4409141478479
 id  xcenter   ycenter  ...  aper_bkg aper_sum_bkgsub aper_sum_bkgsub_err
       pix       pix    ...                                              
--- --------- --------- ... --------- --------------- -------------------
  1 550.32056 410.15639 ... 21104.267       141661.38           429.06283
  2 924.24306  491.6066 ... 20843.971       56080.428           313.03893
  3 782.55615 564.44091 ... 20653.969         24011.5           256.01648
-----------------------------------------
42
/mnt//archive/draco2/2024/24_10_07//ad0042.fits
flat found.  dividing by flatfield
read ra/dec for target of: (24.308415, 57.75922)
pixel scale is: 0.9866417853447811
x/y of var, cal1, cal2: 549.8266841562756 409.8911758882007 923.7549083967501 491.2161909388217 782.0692658200827 564.0662234069378
 id  xcenter   ycenter  ...  aper_bkg aper_sum_bkgsub aper_sum_bkgsub_err
       pix       pix    ...                                              
--- --------- --------- ... --------- --------------- -------------------
  1 549.82668 409.89118 ...  21150.43       141374.83           428.83644
  2 923.75491 491.21619 ... 20634.704       55590.183           311.58401
  3 782.06927 564.06622 ... 20728.707       23092.516           254.50919
-----------------------------------------
43
/mnt//archive/draco2/2024/24_10_07//ad0043.fits
flat found.  dividing by flatfield
read ra/dec for target of: (24.308415, 57.75922)
pixel scale is: 0.9866513115926788
x/y of var, cal1, cal2: 549.9641604330892 410.23089856726654 923.8532283089356 491.57824249520036 782.1908251223206 564.4188110296127
 id  xcenter   ycenter  ...  aper_bkg aper_sum_bkgsub aper_sum_bkgsub_err
       pix       pix    ...                                              
--- --------- --------- ... --------- --------------- -------------------
  1 549.96416  410.2309 ... 20758.423       140961.41           427.43801
  2 923.85323 491.57824 ... 20288.509       55358.265           310.09721
  3 782.19083 564.41881 ... 20584.683       22941.147           253.64446
-----------------------------------------
44
/mnt//archive/draco2/2024/24_10_07//ad0044.fits
flat found.  dividing by flatfield
read ra/dec for target of: (24.308415, 57.75922)
pixel scale is: 0.9864128687192576
x/y of var, cal1, cal2: 549.8743360057135 410.44093826290845 923.7748455057231 491.7580358743709 782.0827757929572 564.6351356430926
 id  xcenter   ycenter  ...  aper_bkg aper_sum_bkgsub aper_sum_bkgsub_err
       pix       pix    ...                                              
--- --------- --------- ... --------- --------------- -------------------
  1 549.87434 410.44094 ... 20422.657       138016.76           423.18681
  2 923.77485 491.75804 ... 19957.859        55069.66           308.56179
  3 782.08278 564.63514 ... 20074.354       23075.141           251.89055
