read ra/dec for calibration star of: (304.067125, 42.123947) (303.970146, 42.191825)
automag_driver: using file automag_driver
aperture parameters; rad, r_in, r_out: 5.0, 15.0, 25.0
-----------------------------------------
47
/mnt//archive/draco2/2018/18_10_28//ad0047.fits
flat found.  dividing by flatfield
read ra/dec for target of: (304.052831, 42.108719)
pixel scale is: 0.9849738735288331
x/y of var, cal1, cal2: 556.4316765654632 428.4450299074079 515.6066042690708 482.60018733490676 768.6876032911 740.5451471110721
 id  xcenter   ycenter  ...  aper_bkg aper_sum_bkgsub aper_sum_bkgsub_err
       pix       pix    ...                                              
--- --------- --------- ... --------- --------------- -------------------
  1 556.43168 428.44503 ... 20160.187       144553.27           430.23092
  2  515.6066 482.60019 ...  20124.92       159005.67           446.63241
  3  768.6876 740.54515 ... 20397.647       79579.301           347.27452
-----------------------------------------
48
/mnt//archive/draco2/2018/18_10_28//ad0048.fits
flat found.  dividing by flatfield
read ra/dec for target of: (304.052831, 42.108719)
pixel scale is: 0.9853253243684229
x/y of var, cal1, cal2: 558.4578089001624 430.0076175381672 517.677655426723 484.167287271027 770.8171809727223 741.8809736021547
 id  xcenter   ycenter  ...  aper_bkg aper_sum_bkgsub aper_sum_bkgsub_err
       pix       pix    ...                                              
--- --------- --------- ... --------- --------------- -------------------
  1 558.45781 430.00762 ... 20126.306       147701.53            433.7962
  2 517.67766 484.16729 ... 20146.836       161206.91           449.13872
  3 770.81718 741.88097 ... 20415.742       81018.296           349.39201
-----------------------------------------
49
/mnt//archive/draco2/2018/18_10_28//ad0049.fits
flat found.  dividing by flatfield
read ra/dec for target of: (304.052831, 42.108719)
pixel scale is: 0.9850259939034844
x/y of var, cal1, cal2: 559.8529827057633 430.4177212910094 519.0290911259675 484.56925825603764 772.09192759185 742.5051011109763
 id  xcenter   ycenter  ...  aper_bkg aper_sum_bkgsub aper_sum_bkgsub_err
       pix       pix    ...                                              
--- --------- --------- ... --------- --------------- -------------------
  1 559.85298 430.41772 ... 20235.052       150102.74           436.80412
  2 519.02909 484.56926 ... 20024.077       163398.16           451.29958
  3 772.09193  742.5051 ... 20364.068           82361           351.16112
-----------------------------------------
50
/mnt//archive/draco2/2018/18_10_28//ad0050.fits
flat found.  dividing by flatfield
read ra/dec for target of: (304.052831, 42.108719)
pixel scale is: 0.9849336397402312
x/y of var, cal1, cal2: 560.8245427466006 431.3219215879177 520.0004282468134 485.48126317855537 773.1042272569858 743.4244760764725
 id  xcenter   ycenter  ...  aper_bkg aper_sum_bkgsub aper_sum_bkgsub_err
       pix       pix    ...                                              
--- --------- --------- ... --------- --------------- -------------------
  1 560.82454 431.32192 ... 20192.281       149209.71           435.68254
  2 520.00043 485.48126 ... 20093.041       162125.95           450.04115
  3 773.10423 743.42448 ... 20542.886       80680.044           349.27184
