read ra/dec for calibration star of: (354.875121, 62.338367) (354.894929, 62.361394)
automag_driver: using file automag_driver
aperture parameters; rad, r_in, r_out: 5.0, 15.0, 25.0
-----------------------------------------
107
/mnt//archive/draco2/2024/24_10_14//ad0107.fits
flat found.  dividing by flatfield
read ra/dec for target of: (354.863724, 62.372141)
pixel scale is: 0.9852409671819582
x/y of var, cal1, cal2: 552.9451987117429 417.8002170164922 512.2182578166925 299.705967916281 493.9863436702238 388.4403995338822
 id  xcenter   ycenter  ...  aper_bkg aper_sum_bkgsub aper_sum_bkgsub_err
       pix       pix    ...                                              
--- --------- --------- ... --------- --------------- -------------------
  1  552.9452 417.80022 ... 23087.312       6866.8959           230.79541
  2 512.21826 299.70597 ... 23254.348       9820.9674           237.81224
  3 493.98634  388.4404 ... 23238.006       962.55079           218.31986
-----------------------------------------
108
/mnt//archive/draco2/2024/24_10_14//ad0108.fits
flat found.  dividing by flatfield
read ra/dec for target of: (354.863724, 62.372141)
pixel scale is: 0.9871157153867547
x/y of var, cal1, cal2: 552.6643979417113 417.5943993494602 512.0337494945406 299.67550826806564 493.69727699775143 388.21936044974694
 id  xcenter   ycenter  ...  aper_bkg aper_sum_bkgsub aper_sum_bkgsub_err
       pix       pix    ...                                              
--- --------- --------- ... --------- --------------- -------------------
  1  552.6644  417.5944 ... 23801.362       6401.9425           232.87264
  2 512.03375 299.67551 ... 24112.059       8810.6194           239.29007
  3 493.69728 388.21936 ... 23856.482       982.55606           221.17984
