read ra/dec for calibration star of: (305.960967, 40.530128) (306.050338, 40.640669)
automag_driver: using file automag_driver
aperture parameters; rad, r_in, r_out: 5.0, 15.0, 25.0
-----------------------------------------
166
/mnt//archive/west-14/2024/24_10_19//ad0166.fits
flat found.  dividing by flatfield
read ra/dec for target of: (306.080609, 40.561088)
pixel scale is: 0.912030391616838
x/y of var, cal1, cal2: 593.8837842449082 443.9192811410505 954.7835902227463 328.86481224644007 678.3572324997451 759.7396096366379
 id  xcenter   ycenter  ...  aper_bkg aper_sum_bkgsub aper_sum_bkgsub_err
       pix       pix    ...                                              
--- --------- --------- ... --------- --------------- -------------------
  1 593.88378 443.91928 ... 40247.119       38656.558           345.50802
  2 954.78359 328.86481 ... 40068.781       110610.78           437.00497
  3 678.35723 759.73961 ... 39816.609        130481.6           458.62819
-----------------------------------------
167
/mnt//archive/west-14/2024/24_10_19//ad0167.fits
flat found.  dividing by flatfield
read ra/dec for target of: (306.080609, 40.561088)
pixel scale is: 0.9119159080468411
x/y of var, cal1, cal2: 595.2664853221256 443.9316720967392 956.1994656580778 328.89457775626215 679.7568813582086 759.7990976849715
 id  xcenter   ycenter  ...  aper_bkg aper_sum_bkgsub aper_sum_bkgsub_err
       pix       pix    ...                                              
--- --------- --------- ... --------- --------------- -------------------
  1 595.26649 443.93167 ... 39056.256       38735.742           342.15969
  2 956.19947 328.89458 ... 39256.017       108589.75           432.81264
  3 679.75688  759.7991 ... 38726.568       130160.46           455.89318
-----------------------------------------
168
/mnt//archive/west-14/2024/24_10_19//ad0168.fits
flat found.  dividing by flatfield
read ra/dec for target of: (306.080609, 40.561088)
pixel scale is: 0.9120967408871669
x/y of var, cal1, cal2: 594.8406986931925 444.143198304102 955.7719288522292 329.1431834938646 679.3142114337196 759.9513417030807
 id  xcenter   ycenter  ...  aper_bkg aper_sum_bkgsub aper_sum_bkgsub_err
       pix       pix    ...                                              
--- --------- --------- ... --------- --------------- -------------------
  1  594.8407  444.1432 ... 37937.238       39364.999           339.80064
  2 955.77193 329.14318 ... 37918.246       111023.86           432.53364
  3 679.31421 759.95134 ... 37795.773       130656.37           454.39291
-----------------------------------------
169
/mnt//archive/west-14/2024/24_10_19//ad0169.fits
flat found.  dividing by flatfield
read ra/dec for target of: (306.080609, 40.561088)
pixel scale is: 0.9119543960473583
x/y of var, cal1, cal2: 593.3223568876758 444.43748523395953 954.2004316888838 329.3944614187614 677.8059497246925 760.2890536016744
 id  xcenter   ycenter  ...  aper_bkg aper_sum_bkgsub aper_sum_bkgsub_err
       pix       pix    ...                                              
--- --------- --------- ... --------- --------------- -------------------
  1 593.32236 444.43749 ... 37160.028       38643.854            336.4356
  2 954.20043 329.39446 ... 37214.228       111103.72           430.99556
  3 677.80595 760.28905 ... 36776.589       132157.74           453.80163
