read ra/dec for calibration star of: (354.875121, 62.338367) (354.894929, 62.361394)
automag_driver: using file automag_driver
aperture parameters; rad, r_in, r_out: 5.0, 15.0, 25.0
-----------------------------------------
97
/mnt//archive/draco2/2024/24_11_22//ad0097.fits
flat found.  dividing by flatfield
read ra/dec for target of: (354.863724, 62.372141)
pixel scale is: 0.9825256529713026
x/y of var, cal1, cal2: 554.7894494448541 414.9016852275489 595.4517121458902 533.3773604398378 613.8657804121148 444.42258113790774
 id  xcenter   ycenter  ...  aper_bkg aper_sum_bkgsub aper_sum_bkgsub_err
       pix       pix    ...                                              
--- --------- --------- ... --------- --------------- -------------------
  1 554.78945 414.90169 ... 4980.8977       6163.2736           127.86739
  2 595.45171 533.37736 ... 4687.5021       4642.0064            119.3399
  3 613.86578 444.42258 ... 4791.5149       1750.9347           107.51262
-----------------------------------------
98
/mnt//archive/draco2/2024/24_11_22//ad0098.fits
flat found.  dividing by flatfield
read ra/dec for target of: (354.863724, 62.372141)
pixel scale is: 0.9823837393861989
x/y of var, cal1, cal2: 554.6958937711132 414.80156374152006 595.3584730662187 533.2965529002873 613.7632407530681 444.3299164571911
 id  xcenter   ycenter  ...  aper_bkg aper_sum_bkgsub aper_sum_bkgsub_err
       pix       pix    ...                                              
--- --------- --------- ... --------- --------------- -------------------
  1 554.69589 414.80156 ... 4760.6993       6418.2784           127.14038
  2 595.35847 533.29655 ... 4533.9958       4539.8105           117.61293
  3 613.76324 444.32992 ... 4792.7213       1303.4626           105.42251
-----------------------------------------
99
/mnt//archive/draco2/2024/24_11_22//ad0099.fits
flat found.  dividing by flatfield
read ra/dec for target of: (354.863724, 62.372141)
pixel scale is: 0.9824041414521368
x/y of var, cal1, cal2: 554.4809009551251 414.5413176009815 595.1581056164259 533.0276396894827 613.5589085366729 444.06004008387595
 id  xcenter   ycenter  ...  aper_bkg aper_sum_bkgsub aper_sum_bkgsub_err
       pix       pix    ...                                              
--- --------- --------- ... --------- --------------- -------------------
  1  554.4809 414.54132 ... 4835.6758       6341.1314           127.42638
  2 595.15811 533.02764 ... 4907.5832       4603.3644           121.01046
  3 613.55891 444.06004 ... 4737.2358       1315.1014           104.95034
-----------------------------------------
100
/mnt//archive/draco2/2024/24_11_22//ad0100.fits
flat found.  dividing by flatfield
read ra/dec for target of: (354.863724, 62.372141)
pixel scale is: 0.9827538618559835
x/y of var, cal1, cal2: 554.6091814170064 414.4688348293494 595.2681385603216 532.9117133672527 613.6829540585977 443.97519808458793
 id  xcenter   ycenter  ...  aper_bkg aper_sum_bkgsub aper_sum_bkgsub_err
       pix       pix    ...                                              
--- --------- --------- ... --------- --------------- -------------------
  1 554.60918 414.46883 ... 4606.1528       6084.5848           124.58688
  2 595.26814 532.91171 ... 4682.3216       4791.4968           119.92139
  3 613.68295  443.9752 ... 4657.0881       1201.1861           103.63572
