read ra/dec for calibration star of: (345.13143, 57.808872) (345.483373, 57.92029)
automag_driver: using file automag_driver
aperture parameters; rad, r_in, r_out: 5.0, 15.0, 25.0
-----------------------------------------
18
/mnt//archive/east-16/2024/24_10_29//ad0018.fits
flat found.  dividing by flatfield
read ra/dec for target of: (345.338038, 57.867027)
pixel scale is: 0.9263618459292535
x/y of var, cal1, cal2: 756.9832431792289 607.5025369284625 346.82668873781313 863.341415886604 1041.0217465130645 378.93976922011535
 id  xcenter   ycenter  ...  aper_bkg aper_sum_bkgsub aper_sum_bkgsub_err
       pix       pix    ...                                              
--- --------- --------- ... --------- --------------- -------------------
  1 756.98324 607.50254 ... 38498.588       130756.76           456.04708
  2 346.82669 863.34142 ... 38459.574       389885.06           683.39535
  3 1041.0217 378.93977 ... 38471.661       229750.21           554.00228
-----------------------------------------
19
/mnt//archive/east-16/2024/24_10_29//ad0019.fits
flat found.  dividing by flatfield
read ra/dec for target of: (345.338038, 57.867027)
pixel scale is: 0.9262719161859271
x/y of var, cal1, cal2: 757.1517344239899 607.817048246978 347.0050754646845 863.6890758785803 1041.1865330815583 379.22633567463254
 id  xcenter   ycenter  ...  aper_bkg aper_sum_bkgsub aper_sum_bkgsub_err
       pix       pix    ...                                              
--- --------- --------- ... --------- --------------- -------------------
  1 757.15173 607.81705 ... 38293.147       129274.14           453.96634
  2 347.00508 863.68908 ... 38257.999       383244.37           678.22221
  3 1041.1865 379.22634 ... 38389.711       225136.31            549.6733
-----------------------------------------
20
/mnt//archive/east-16/2024/24_10_29//ad0020.fits
flat found.  dividing by flatfield
read ra/dec for target of: (345.338038, 57.867027)
pixel scale is: 0.9262689141394008
x/y of var, cal1, cal2: 758.402921346495 608.4812819905044 348.1799716676357 864.3742093943099 1042.4928653102036 379.8759270499118
 id  xcenter   ycenter  ...  aper_bkg aper_sum_bkgsub aper_sum_bkgsub_err
       pix       pix    ...                                              
--- --------- --------- ... --------- --------------- -------------------
  1 758.40292 608.48128 ... 39393.676        129970.1           457.14599
  2 348.17997 864.37421 ...  39293.07       385763.28           681.59696
  3 1042.4929 379.87593 ... 39512.545       226749.54           553.17234
-----------------------------------------
21
/mnt//archive/east-16/2024/24_10_29//ad0021.fits
flat found.  dividing by flatfield
read ra/dec for target of: (345.338038, 57.867027)
pixel scale is: 0.9262952943198786
x/y of var, cal1, cal2: 759.2497072723102 608.6344579545353 349.0729185073906 864.4998271210561 1043.3055979227297 380.04964933878085
 id  xcenter   ycenter  ...  aper_bkg aper_sum_bkgsub aper_sum_bkgsub_err
       pix       pix    ...                                              
--- --------- --------- ... --------- --------------- -------------------
  1 759.24971 608.63446 ... 37906.511       133011.17           457.21898
  2 349.07292 864.49983 ... 37951.224       393993.39           685.65359
  3 1043.3056 380.04965 ...  37759.95       231559.74           554.35064
-----------------------------------------
22
/mnt//archive/east-16/2024/24_10_29//ad0022.fits
flat found.  dividing by flatfield
read ra/dec for target of: (345.338038, 57.867027)
pixel scale is: 0.9262635499153644
x/y of var, cal1, cal2: 759.8993242057059 609.0156778074246 349.68620943032977 864.8995580959245 1043.9808453102833 380.41628744059153
 id  xcenter   ycenter  ...  aper_bkg aper_sum_bkgsub aper_sum_bkgsub_err
       pix       pix    ...                                              
--- --------- --------- ... --------- --------------- -------------------
  1 759.89932 609.01568 ... 37704.885       133781.55           457.62028
  2 349.68621 864.89956 ...  37889.85        396639.3           687.49109
  3 1043.9808 380.41629 ... 37969.632       234357.84           557.24511
-----------------------------------------
23
/mnt//archive/east-16/2024/24_10_29//ad0023.fits
flat found.  dividing by flatfield
read ra/dec for target of: (345.338038, 57.867027)
pixel scale is: 0.9263638409074152
x/y of var, cal1, cal2: 760.5519118855525 608.9760358582649 350.34023033414167 864.8269840199748 1044.6335054320289 380.40501400490734
 id  xcenter   ycenter  ...  aper_bkg aper_sum_bkgsub aper_sum_bkgsub_err
       pix       pix    ...                                              
--- --------- --------- ... --------- --------------- -------------------
  1 760.55191 608.97604 ... 37811.096        131098.1            454.9124
  2 350.34023 864.82698 ... 37722.628       389887.42           682.31787
  3 1044.6335 380.40501 ... 37901.435       228441.53           551.78745
-----------------------------------------
24
/mnt//archive/east-16/2024/24_10_29//ad0024.fits
flat found.  dividing by flatfield
read ra/dec for target of: (345.338038, 57.867027)
pixel scale is: 0.9262519641698242
x/y of var, cal1, cal2: 761.0003670924709 609.6736708828502 350.81549690187546 865.5435288485163 1045.0630518873095 381.0833467748297
 id  xcenter   ycenter  ...  aper_bkg aper_sum_bkgsub aper_sum_bkgsub_err
       pix       pix    ...                                              
--- --------- --------- ... --------- --------------- -------------------
  1 761.00037 609.67367 ... 37322.447       131306.27           454.06626
  2  350.8155 865.54353 ... 37298.994       390426.52           682.09201
  3 1045.0631 381.08335 ... 37545.358        227571.5            550.3519
