read ra/dec for calibration star of: (305.960967, 40.530128) (306.050338, 40.640669)
automag_driver: using file automag_driver
aperture parameters; rad, r_in, r_out: 5.0, 15.0, 25.0
-----------------------------------------
108
/mnt//archive/draco2/2024/24_11_14//ad0108.fits
flat found.  dividing by flatfield
read ra/dec for target of: (306.080609, 40.561088)
pixel scale is: 0.9839321733048458
x/y of var, cal1, cal2: 551.0546835658608 420.66339710020173 243.32699475517978 590.0157120680374 417.43925656270295 148.60455720660764
 id  xcenter   ycenter  ...  aper_bkg aper_sum_bkgsub aper_sum_bkgsub_err
       pix       pix    ...                                              
--- --------- --------- ... --------- --------------- -------------------
  1 551.05468  420.6634 ... 32215.548       22568.779           295.33858
  2 243.32699 590.01571 ... 32301.972       68773.807            365.5171
  3 417.43926 148.60456 ... 32361.385       81326.846           382.45865
-----------------------------------------
109
/mnt//archive/draco2/2024/24_11_14//ad0109.fits
flat found.  dividing by flatfield
read ra/dec for target of: (306.080609, 40.561088)
pixel scale is: 0.9839686393794153
x/y of var, cal1, cal2: 552.2449185219256 420.40389897338184 244.5471964521276 589.760672055861 418.5915134813084 148.3597806772455
 id  xcenter   ycenter  ...  aper_bkg aper_sum_bkgsub aper_sum_bkgsub_err
       pix       pix    ...                                              
--- --------- --------- ... --------- --------------- -------------------
  1 552.24492  420.4039 ... 30747.495       25880.453           295.97372
  2  244.5472 589.76067 ... 31049.275       78123.411           374.76254
  3 418.59151 148.35978 ... 31485.128        89943.09           391.32895
-----------------------------------------
110
/mnt//archive/draco2/2024/24_11_14//ad0110.fits
flat found.  dividing by flatfield
read ra/dec for target of: (306.080609, 40.561088)
pixel scale is: 0.9839341316331924
x/y of var, cal1, cal2: 552.8705790513783 419.60186090393455 245.18248218897804 588.9925555557502 419.21082581926294 147.5603515887753
 id  xcenter   ycenter  ...  aper_bkg aper_sum_bkgsub aper_sum_bkgsub_err
       pix       pix    ...                                              
--- --------- --------- ... --------- --------------- -------------------
  1 552.87058 419.60186 ... 30206.845       26917.409            295.8988
  2 245.18248 588.99256 ...  30563.96        80011.05             375.984
  3 419.21083 147.56035 ... 30851.609         92927.2           393.51673
-----------------------------------------
111
/mnt//archive/draco2/2024/24_11_14//ad0111.fits
flat found.  dividing by flatfield
read ra/dec for target of: (306.080609, 40.561088)
pixel scale is: 0.9840196012174525
x/y of var, cal1, cal2: 552.8421299844432 419.1889683582599 245.10927988104567 588.5403526455112 419.1727312837378 147.1604068684813
 id  xcenter   ycenter  ...  aper_bkg aper_sum_bkgsub aper_sum_bkgsub_err
       pix       pix    ...                                              
--- --------- --------- ... --------- --------------- -------------------
  1 552.84213 419.18897 ... 29754.276       27976.717            296.1592
  2 245.10928 588.54035 ... 29941.072        85620.04            381.7423
  3 419.17273 147.16041 ... 30489.248       97817.251           398.77406
