read ra/dec for calibration star of: (323.139367, 49.200936) (323.214433, 49.246981)
automag_driver: using file automag_driver
aperture parameters; rad, r_in, r_out: 5.0, 15.0, 25.0
-----------------------------------------
13
/mnt//archive/east-16/2024/24_10_29//ad0013.fits
flat found.  dividing by flatfield
read ra/dec for target of: (323.16844, 49.212512)
pixel scale is: 0.9251769514677368
x/y of var, cal1, cal2: 760.9732867047572 607.7705237790083 831.3676629141996 557.4200666919711 654.3467769547842 750.167629216013
 id  xcenter   ycenter  ...  aper_bkg aper_sum_bkgsub aper_sum_bkgsub_err
       pix       pix    ...                                              
--- --------- --------- ... --------- --------------- -------------------
  1 760.97329 607.77052 ... 10135.155       87063.214           327.96116
  2 831.36766 557.42007 ... 10008.931       28211.772           220.12413
  3 654.34678 750.16763 ... 9972.9607       37718.169           240.60152
-----------------------------------------
14
/mnt//archive/east-16/2024/24_10_29//ad0014.fits
flat found.  dividing by flatfield
read ra/dec for target of: (323.16844, 49.212512)
pixel scale is: 0.9253187488769818
x/y of var, cal1, cal2: 761.2230494151656 608.62803519433 831.6208293280741 558.2848315306336 654.5876552658668 751.004020440181
 id  xcenter   ycenter  ...  aper_bkg aper_sum_bkgsub aper_sum_bkgsub_err
       pix       pix    ...                                              
--- --------- --------- ... --------- --------------- -------------------
  1 761.22305 608.62804 ... 9951.2667       85573.662            325.1172
  2 831.62083 558.28483 ... 9781.4943       28379.398            219.4707
  3 654.58766 751.00402 ... 9892.0549        37116.86            239.0104
-----------------------------------------
15
/mnt//archive/east-16/2024/24_10_29//ad0015.fits
flat found.  dividing by flatfield
read ra/dec for target of: (323.16844, 49.212512)
pixel scale is: 0.9251751735546302
x/y of var, cal1, cal2: 761.4908700495515 609.22050041694 831.8985177741496 558.8675525846709 654.8396559740683 751.6215069641444
 id  xcenter   ycenter  ...  aper_bkg aper_sum_bkgsub aper_sum_bkgsub_err
       pix       pix    ...                                              
--- --------- --------- ... --------- --------------- -------------------
  1 761.49087  609.2205 ...  9878.019       86541.095           326.37729
  2 831.89852 558.86755 ... 9961.6365       27996.901           219.42009
  3 654.83966 751.62151 ... 10011.939       37284.948            239.8621
-----------------------------------------
16
/mnt//archive/east-16/2024/24_10_29//ad0016.fits
flat found.  dividing by flatfield
read ra/dec for target of: (323.16844, 49.212512)
pixel scale is: 0.9249887343563682
x/y of var, cal1, cal2: 761.8738010867845 610.0435344180657 832.2780642894375 559.6777816699487 655.2285814852625 752.4772663013293
 id  xcenter   ycenter  ...  aper_bkg aper_sum_bkgsub aper_sum_bkgsub_err
       pix       pix    ...                                              
--- --------- --------- ... --------- --------------- -------------------
  1  761.8738 610.04353 ...  10096.11        83219.97           321.92731
  2 832.27806 559.67778 ... 10025.799       27147.481           217.77071
  3 655.22858 752.47727 ... 9784.2925       36057.922           236.32924
