read ra/dec for calibration star of: (304.067125, 42.123947) (303.970146, 42.191825)
automag_driver: using file automag_driver
aperture parameters; rad, r_in, r_out: 5.0, 15.0, 25.0
-----------------------------------------
14
/mnt//archive/draco2/2018/18_10_29//ad0014.fits
flat found.  dividing by flatfield
read ra/dec for target of: (304.052831, 42.108719)
pixel scale is: 0.9855537333232302
x/y of var, cal1, cal2: 570.0328288305508 405.5727339604466 530.2575244050905 460.4543185089924 787.9964692608047 713.4421464087884
 id  xcenter   ycenter  ...  aper_bkg aper_sum_bkgsub aper_sum_bkgsub_err
       pix       pix    ...                                              
--- --------- --------- ... --------- --------------- -------------------
  1 570.03283 405.57273 ... 36589.045       180142.56           503.53317
  2 530.25752 460.45432 ...  36517.79        209543.9           531.79364
  3 787.99647 713.44215 ... 36780.318       103885.12            421.5101
-----------------------------------------
15
/mnt//archive/draco2/2018/18_10_29//ad0015.fits
flat found.  dividing by flatfield
read ra/dec for target of: (304.052831, 42.108719)
pixel scale is: 0.9853882588225581
x/y of var, cal1, cal2: 573.0605186737051 405.38273826267493 533.2822497263148 460.2762114686885 791.0814762684607 713.2890339314531
 id  xcenter   ycenter  ...  aper_bkg aper_sum_bkgsub aper_sum_bkgsub_err
       pix       pix    ...                                              
--- --------- --------- ... --------- --------------- -------------------
  1 573.06052 405.38274 ...  35437.17        179323.6           500.42276
  2 533.28225 460.27621 ... 35472.658        205080.5           525.59568
  3 791.08148 713.28903 ...  35821.73       103409.68           418.66232
-----------------------------------------
16
/mnt//archive/draco2/2018/18_10_29//ad0016.fits
flat found.  dividing by flatfield
read ra/dec for target of: (304.052831, 42.108719)
pixel scale is: 0.985517505407087
x/y of var, cal1, cal2: 576.2731252965715 405.1256817191462 536.5065494137724 460.01665024102766 794.3018350888588 712.9658907026
 id  xcenter   ycenter  ...  aper_bkg aper_sum_bkgsub aper_sum_bkgsub_err
       pix       pix    ...                                              
--- --------- --------- ... --------- --------------- -------------------
  1 576.27313 405.12568 ... 34279.663       177967.99            496.7417
  2 536.50655 460.01665 ... 34351.204        205205.6           523.57713
  3 794.30184 712.96589 ... 34723.637        102819.4           415.32117
-----------------------------------------
17
/mnt//archive/draco2/2018/18_10_29//ad0017.fits
flat found.  dividing by flatfield
read ra/dec for target of: (304.052831, 42.108719)
pixel scale is: 0.9855545860005511
x/y of var, cal1, cal2: 579.7230225178565 405.32754317970137 539.9579931598347 460.216449567944 797.7436123554921 713.1558769244473
 id  xcenter   ycenter  ...  aper_bkg aper_sum_bkgsub aper_sum_bkgsub_err
       pix       pix    ...                                              
--- --------- --------- ... --------- --------------- -------------------
  1 579.72302 405.32754 ... 33419.124       184005.73           501.06784
  2 539.95799 460.21645 ... 33349.219       213115.35           529.18691
  3 797.74361 713.15588 ... 33790.627       105828.18           416.69465
