read ra/dec for calibration star of: (345.13143, 57.808872) (345.483373, 57.92029)
automag_driver: using file automag_driver
aperture parameters; rad, r_in, r_out: 5.0, 15.0, 25.0
-----------------------------------------
117
/mnt//archive/draco2/2024/24_10_21//ad0117.fits
flat found.  dividing by flatfield
read ra/dec for target of: (345.338038, 57.867027)
pixel scale is: 0.9856914673212169
x/y of var, cal1, cal2: 553.7595890974883 416.9690194097082 903.838308706619 127.64198079949324 317.73227391474325 665.2061096602285
 id  xcenter   ycenter  ...  aper_bkg aper_sum_bkgsub aper_sum_bkgsub_err
       pix       pix    ...                                              
--- --------- --------- ... --------- --------------- -------------------
  1 553.75959 416.96902 ... 29379.184       42939.926           319.25428
  2 903.83831 127.64198 ...  29700.91       132040.94           437.79877
  3 317.73227 665.20611 ...  29220.51       75854.538           366.77044
-----------------------------------------
118
/mnt//archive/draco2/2024/24_10_21//ad0118.fits
flat found.  dividing by flatfield
read ra/dec for target of: (345.338038, 57.867027)
pixel scale is: 0.9857106030558357
x/y of var, cal1, cal2: 553.6937816098518 417.3747169844559 903.7871125631591 128.05170647484988 317.6571440285861 665.6080609022159
 id  xcenter   ycenter  ...  aper_bkg aper_sum_bkgsub aper_sum_bkgsub_err
       pix       pix    ...                                              
--- --------- --------- ... --------- --------------- -------------------
  1 553.69378 417.37472 ... 29319.761       43115.897           319.34373
  2 903.78711 128.05171 ... 29708.646        130074.5           435.56492
  3 317.65714 665.60806 ... 29074.933       74780.033           364.90396
-----------------------------------------
119
/mnt//archive/draco2/2024/24_10_21//ad0119.fits
flat found.  dividing by flatfield
read ra/dec for target of: (345.338038, 57.867027)
pixel scale is: 0.9856843402203889
x/y of var, cal1, cal2: 553.3999144820656 417.53433776560877 903.499532154821 128.2012163282945 317.3585940403255 665.7759162128349
 id  xcenter   ycenter  ...  aper_bkg aper_sum_bkgsub aper_sum_bkgsub_err
       pix       pix    ...                                              
--- --------- --------- ... --------- --------------- -------------------
  1 553.39991 417.53434 ... 29353.598       43406.121           319.90361
  2 903.49953 128.20122 ...  29735.72       130323.13           435.91234
  3 317.35859 665.77592 ...   29262.7       75360.012           366.21088
-----------------------------------------
120
/mnt//archive/draco2/2024/24_10_21//ad0120.fits
flat found.  dividing by flatfield
read ra/dec for target of: (345.338038, 57.867027)
pixel scale is: 0.9857111737536842
x/y of var, cal1, cal2: 552.978651268893 417.94941082275415 903.085495990284 128.61361128710348 316.931613875015 666.1913493710491
 id  xcenter   ycenter  ...  aper_bkg aper_sum_bkgsub aper_sum_bkgsub_err
       pix       pix    ...                                              
--- --------- --------- ... --------- --------------- -------------------
  1 552.97865 417.94941 ...  29144.31       42278.556           317.47784
  2  903.0855 128.61361 ... 29467.101       130225.63           435.18367
  3 316.93161 666.19135 ... 29281.421       74764.993           365.44881
