read ra/dec for calibration star of: (324.4415, 51.831708) (324.512996, 51.786767)
automag_driver: using file automag_driver
aperture parameters; rad, r_in, r_out: 5.0, 15.0, 25.0
-----------------------------------------
178
/mnt//archive/west-14/2024/24_10_19//ad0178.fits
flat found.  dividing by flatfield
read ra/dec for target of: (324.367201, 51.762485)
pixel scale is: 0.912008056190111
x/y of var, cal1, cal2: 587.1023346818052 425.9997242515223 400.6920443059152 695.7566405447672 229.6157257091998 515.255473325982
 id  xcenter   ycenter  ...  aper_bkg aper_sum_bkgsub aper_sum_bkgsub_err
       pix       pix    ...                                              
--- --------- --------- ... --------- --------------- -------------------
  1 587.10233 425.99972 ... 11320.781       135946.24           398.51324
  2 400.69204 695.75664 ... 11373.409       124609.82           384.16355
  3 229.61573 515.25547 ...  11196.96       36530.748           243.20705
-----------------------------------------
179
/mnt//archive/west-14/2024/24_10_19//ad0179.fits
flat found.  dividing by flatfield
read ra/dec for target of: (324.367201, 51.762485)
pixel scale is: 0.9121112562345245
x/y of var, cal1, cal2: 586.6637411885033 425.3895113296362 400.28166432821706 695.0871033883902 229.25882213510351 514.5799249485424
 id  xcenter   ycenter  ...  aper_bkg aper_sum_bkgsub aper_sum_bkgsub_err
       pix       pix    ...                                              
--- --------- --------- ... --------- --------------- -------------------
  1 586.66374 425.38951 ...   11287.3       134477.17           396.58136
  2 400.28166  695.0871 ... 11199.795       122265.39           380.64417
  3 229.25882 514.57992 ... 11059.095       36353.069           242.27311
-----------------------------------------
180
/mnt//archive/west-14/2024/24_10_19//ad0180.fits
flat found.  dividing by flatfield
read ra/dec for target of: (324.367201, 51.762485)
pixel scale is: 0.9120227797288049
x/y of var, cal1, cal2: 586.7606785632491 425.69354239771366 400.3235832237103 695.4344257908851 229.28215408532873 514.925443117205
 id  xcenter   ycenter  ...  aper_bkg aper_sum_bkgsub aper_sum_bkgsub_err
       pix       pix    ...                                              
--- --------- --------- ... --------- --------------- -------------------
  1 586.76068 425.69354 ... 11160.486       134179.97           395.88628
  2 400.32358 695.43443 ... 11421.143       121203.25           379.82962
  3 229.28215 514.92544 ... 11100.941       36222.248           242.17582
-----------------------------------------
181
/mnt//archive/west-14/2024/24_10_19//ad0181.fits
flat found.  dividing by flatfield
read ra/dec for target of: (324.367201, 51.762485)
pixel scale is: 0.9120746588386742
x/y of var, cal1, cal2: 587.3620060536548 425.4147802962118 400.9488922931234 695.1119376717636 229.92731142572887 514.5871848946242
 id  xcenter   ycenter  ...  aper_bkg aper_sum_bkgsub aper_sum_bkgsub_err
       pix       pix    ...                                              
--- --------- --------- ... --------- --------------- -------------------
  1 587.36201 425.41478 ... 10975.263       134803.94           396.20634
  2 400.94889 695.11194 ... 11148.827        123134.1           381.65005
  3 229.92731 514.58718 ... 10892.451       35866.258           240.57465
