read ra/dec for calibration star of: (356.156642, 63.066039) (356.399713, 62.908706)
automag_driver: using file automag_driver
aperture parameters; rad, r_in, r_out: 5.0, 15.0, 25.0
-----------------------------------------
226
/mnt//archive/west-14/2024/24_10_19//ad0226.fits
flat found.  dividing by flatfield
read ra/dec for target of: (356.260948, 63.003853)
pixel scale is: 0.9114688711756734
x/y of var, cal1, cal2: 571.7260572604159 427.85718691218045 752.8589593033219 677.5515091876027 330.4501102958461 47.08306053229063
 id  xcenter   ycenter  ...  aper_bkg aper_sum_bkgsub aper_sum_bkgsub_err
       pix       pix    ...                                              
--- --------- --------- ... --------- --------------- -------------------
  1 571.72606 427.85719 ... 19673.472       116212.35           394.69519
  2 752.85896 677.55151 ... 19495.543       201494.71           490.62286
  3 330.45011 47.083061 ... 19929.184       91684.287           362.99815
-----------------------------------------
227
/mnt//archive/west-14/2024/24_10_19//ad0227.fits
flat found.  dividing by flatfield
read ra/dec for target of: (356.260948, 63.003853)
pixel scale is: 0.911282490231642
x/y of var, cal1, cal2: 572.0920845998327 427.72457067809887 753.1852969844288 677.429266019527 330.8820052060397 46.9267706273443
 id  xcenter   ycenter  ...  aper_bkg aper_sum_bkgsub aper_sum_bkgsub_err
       pix       pix    ...                                              
--- --------- --------- ... --------- --------------- -------------------
  1 572.09208 427.72457 ... 19949.665       115253.76           394.18027
  2  753.1853 677.42927 ... 19720.542       201803.12           491.39516
  3 330.88201 46.926771 ... 20166.688       90549.737           362.08854
-----------------------------------------
228
/mnt//archive/west-14/2024/24_10_19//ad0228.fits
flat found.  dividing by flatfield
read ra/dec for target of: (356.260948, 63.003853)
pixel scale is: 0.9113741863673005
x/y of var, cal1, cal2: 571.0167542711021 427.4866894236031 752.1105154921162 677.2032164528268 329.7998503453715 46.677976646915795
 id  xcenter   ycenter  ...  aper_bkg aper_sum_bkgsub aper_sum_bkgsub_err
       pix       pix    ...                                              
--- --------- --------- ... --------- --------------- -------------------
  1 571.01675 427.48669 ... 19583.895       115913.83           394.08961
  2 752.11052 677.20322 ... 19622.773       202114.69           491.51321
  3 329.79985 46.677977 ... 19861.379       91761.455           362.91764
-----------------------------------------
229
/mnt//archive/west-14/2024/24_10_19//ad0229.fits
flat found.  dividing by flatfield
read ra/dec for target of: (356.260948, 63.003853)
pixel scale is: 0.9114369878481566
x/y of var, cal1, cal2: 572.1793982143353 427.6617630665986 753.3388353388509 677.3381539253623 330.8705917357346 46.90983699359322
 id  xcenter   ycenter  ...  aper_bkg aper_sum_bkgsub aper_sum_bkgsub_err
       pix       pix    ...                                              
--- --------- --------- ... --------- --------------- -------------------
  1  572.1794 427.66176 ... 20007.198       116380.12           395.75184
  2 753.33884 677.33815 ... 19749.619       203014.07           492.68479
  3 330.87059 46.909837 ... 20144.159       91438.322           363.25148
