read ra/dec for calibration star of: (359.428633, 62.690422) (359.62416, 62.747272)
automag_driver: using file automag_driver
aperture parameters; rad, r_in, r_out: 5.0, 15.0, 25.0
-----------------------------------------
19
/mnt//archive/draco2/2020/20_11_19//ad0019.fits
no flat found.  will not flatfield
read ra/dec for target of: (359.395668, 62.718246)
pixel scale is: 0.9855318782803786
x/y of var, cal1, cal2: 557.3711270086319 424.5347305661075 499.94135080971904 324.13724944552297 177.78356709943773 539.5192533976764
 id  xcenter   ycenter  ...  aper_bkg aper_sum_bkgsub aper_sum_bkgsub_err
       pix       pix    ...                                              
--- --------- --------- ... --------- --------------- -------------------
  1 557.37113 424.53473 ... 10673.884       166688.28           433.89059
  2 499.94135 324.13725 ... 10593.021       27851.891           221.95255
  3 177.78357 539.51925 ...  11159.06       33314.411           236.34198
-----------------------------------------
20
/mnt//archive/draco2/2020/20_11_19//ad0020.fits
no flat found.  will not flatfield
read ra/dec for target of: (359.395668, 62.718246)
pixel scale is: 0.9855933907413138
x/y of var, cal1, cal2: 557.6564540155903 424.41430720220814 500.23017970759236 324.0300767339413 178.0044745645265 539.4378198601285
 id  xcenter   ycenter  ...  aper_bkg aper_sum_bkgsub aper_sum_bkgsub_err
       pix       pix    ...                                              
--- --------- --------- ... --------- --------------- -------------------
  1 557.65645 424.41431 ... 15604.564       107812.52           373.15767
  2 500.23018 324.03008 ... 15442.858           18288           222.25822
  3 178.00447 539.43782 ... 15766.269       21500.052           230.77606
-----------------------------------------
21
/mnt//archive/draco2/2020/20_11_19//ad0021.fits
no flat found.  will not flatfield
read ra/dec for target of: (359.395668, 62.718246)
pixel scale is: 0.9855192907081108
x/y of var, cal1, cal2: 557.554000745121 424.65220263543836 500.1142481780594 324.2590618859617 177.82697105717244 539.6753569317723
 id  xcenter   ycenter  ...  aper_bkg aper_sum_bkgsub aper_sum_bkgsub_err
       pix       pix    ...                                              
--- --------- --------- ... --------- --------------- -------------------
  1   557.554  424.6522 ... 20539.664       57693.801           314.63968
  2 500.11425 324.25906 ...  20297.07       10338.942           226.18152
  3 177.82697 539.67536 ... 20458.799       11530.821           229.50691
-----------------------------------------
22
/mnt//archive/draco2/2020/20_11_19//ad0022.fits
no flat found.  will not flatfield
read ra/dec for target of: (359.395668, 62.718246)
pixel scale is: 0.9856515256118784
x/y of var, cal1, cal2: 557.242042172399 424.67009708840334 499.8012910531908 324.28329321065166 177.55656526306353 539.6306782745758
 id  xcenter   ycenter  ...  aper_bkg aper_sum_bkgsub aper_sum_bkgsub_err
       pix       pix    ...                                              
--- --------- --------- ... --------- --------------- -------------------
  1 557.24204  424.6701 ... 21100.055       58158.871           317.14978
  2 499.80129 324.28329 ... 21019.212       9258.3816           226.98415
  3 177.55657 539.63068 ...  21221.32       12000.397           233.81197
