read ra/dec for calibration star of: (319.958496, 45.511931) (320.145346, 45.480292)
automag_driver: using file automag_driver
aperture parameters; rad, r_in, r_out: 5.0, 15.0, 25.0
-----------------------------------------
133
/mnt//archive/far-east-20/2024/24_10_17//ad0133.fits
flat found.  dividing by flatfield
read ra/dec for target of: (320.137086, 45.467506)
pixel scale is: 1.0695348550818033
x/y of var, cal1, cal2: 421.2916541407391 424.7266315331331 6.3775755660726645 257.88492024279014 442.47837654133986 382.5088699042295
 id  xcenter   ycenter  ...  aper_bkg aper_sum_bkgsub aper_sum_bkgsub_err
       pix       pix    ...                                              
--- --------- --------- ... --------- --------------- -------------------
  1 421.29165 424.72663 ... 98705.141       515038.67           844.20019
  2 6.3775756 257.88492 ... 95723.525       46669.012           488.20187
  3 442.47838 382.50887 ... 98824.674       29430.498           476.76498
-----------------------------------------
134
/mnt//archive/far-east-20/2024/24_10_17//ad0134.fits
flat found.  dividing by flatfield
read ra/dec for target of: (320.137086, 45.467506)
pixel scale is: 1.0719242529602258
x/y of var, cal1, cal2: 421.1902602424487 424.49898932789637 6.378574632070979 257.59896447687265 442.3760861253396 382.3973097007526
 id  xcenter   ycenter  ...  aper_bkg aper_sum_bkgsub aper_sum_bkgsub_err
       pix       pix    ...                                              
--- --------- --------- ... --------- --------------- -------------------
  1 421.19026 424.49899 ... 112853.37       401746.31           792.26136
  2 6.3785746 257.59896 ... 112710.65       37263.751           512.74756
  3 442.37609 382.39731 ...  113169.5       23302.621           499.86661
-----------------------------------------
135
/mnt//archive/far-east-20/2024/24_10_17//ad0135.fits
flat found.  dividing by flatfield
read ra/dec for target of: (320.137086, 45.467506)
pixel scale is: 1.069434872622049
x/y of var, cal1, cal2: 421.2913622868918 424.4029406460392 6.368122493958367 257.78427357381105 442.4535342197274 382.1690408829399
 id  xcenter   ycenter  ...  aper_bkg aper_sum_bkgsub aper_sum_bkgsub_err
       pix       pix    ...                                              
--- --------- --------- ... --------- --------------- -------------------
  1 421.29136 424.40294 ... 144852.09       213976.95           709.86346
  2 6.3681225 257.78427 ... 142780.19       21086.348           553.96005
  3 442.45353 382.16904 ... 146123.93       12879.818           552.58726
-----------------------------------------
136
/mnt//archive/far-east-20/2024/24_10_17//ad0136.fits
flat found.  dividing by flatfield
read ra/dec for target of: (320.137086, 45.467506)
pixel scale is: 1.0693712492575367
x/y of var, cal1, cal2: 421.75125410471173 424.5695184603531 6.866729391245599 257.72789768328676 442.9357058195736 382.34398932411733
 id  xcenter   ycenter  ...  aper_bkg aper_sum_bkgsub aper_sum_bkgsub_err
       pix       pix    ...                                              
--- --------- --------- ... --------- --------------- -------------------
  1 421.75125 424.56952 ... 124685.98       350297.08           774.52827
  2 6.8667294  257.7279 ... 118127.97       33237.713           519.34444
  3 442.93571 382.34399 ... 125799.47       20719.546           522.05698
