read ra/dec for calibration star of: (359.428633, 62.690422) (359.62416, 62.747272)
automag_driver: using file automag_driver
aperture parameters; rad, r_in, r_out: 5.0, 15.0, 25.0
-----------------------------------------
49
/mnt//archive/draco2/2018/18_11_21//ad0049.fits
flat found.  dividing by flatfield
read ra/dec for target of: (359.395668, 62.718246)
pixel scale is: 0.9856948034307068
x/y of var, cal1, cal2: 579.7309804657338 419.7635568746744 530.3431701550846 315.19012029733744 192.1651866384479 504.61361900246493
 id  xcenter   ycenter  ...  aper_bkg aper_sum_bkgsub aper_sum_bkgsub_err
       pix       pix    ...                                              
--- --------- --------- ... --------- --------------- -------------------
  1 579.73098 419.76356 ... 14288.787       163458.91           438.47632
  2 530.34317 315.19012 ... 14129.473       31071.426           244.03969
  3 192.16519 504.61362 ...  14295.32       37819.735           258.13829
-----------------------------------------
50
/mnt//archive/draco2/2018/18_11_21//ad0050.fits
flat found.  dividing by flatfield
read ra/dec for target of: (359.395668, 62.718246)
pixel scale is: 0.9858902003582694
x/y of var, cal1, cal2: 579.3470745524417 419.91748129591315 529.9612782617999 315.36839850451344 191.86421824491566 504.77951039229254
 id  xcenter   ycenter  ...  aper_bkg aper_sum_bkgsub aper_sum_bkgsub_err
       pix       pix    ...                                              
--- --------- --------- ... --------- --------------- -------------------
  1 579.34707 419.91748 ... 14102.119       166397.11           441.39138
  2 529.96128  315.3684 ... 14128.219        30929.44           243.74347
  3 191.86422 504.77951 ... 14301.362       38021.733           258.55262
-----------------------------------------
51
/mnt//archive/draco2/2018/18_11_21//ad0051.fits
flat found.  dividing by flatfield
read ra/dec for target of: (359.395668, 62.718246)
pixel scale is: 0.9859671768525167
x/y of var, cal1, cal2: 578.8204566597765 420.0303118111558 529.4457105998467 315.4860042572316 191.36203123944028 504.8590647566059
 id  xcenter   ycenter  ...  aper_bkg aper_sum_bkgsub aper_sum_bkgsub_err
       pix       pix    ...                                              
--- --------- --------- ... --------- --------------- -------------------
  1 578.82046 420.03031 ... 14375.136       165626.75           441.13719
  2 529.44571   315.486 ... 14127.552       31042.094           243.97172
  3 191.36203 504.85906 ... 14486.071       38773.681           260.71215
-----------------------------------------
52
/mnt//archive/draco2/2018/18_11_21//ad0052.fits
flat found.  dividing by flatfield
read ra/dec for target of: (359.395668, 62.718246)
pixel scale is: 0.9857361626724361
x/y of var, cal1, cal2: 578.6627493458512 419.7033535040559 529.2719417039959 315.1366763866059 191.11717883288276 504.56864150280757
 id  xcenter   ycenter  ...  aper_bkg aper_sum_bkgsub aper_sum_bkgsub_err
       pix       pix    ...                                              
--- --------- --------- ... --------- --------------- -------------------
  1 578.66275 419.70335 ... 14144.522       165531.38           440.50587
  2 529.27194 315.13668 ... 14072.151       31153.935           243.97384
  3 191.11718 504.56864 ... 14405.961       38550.717           259.97623
