read ra/dec for calibration star of: (359.428633, 62.690422) (359.62416, 62.747272)
automag_driver: using file automag_driver
aperture parameters; rad, r_in, r_out: 5.0, 15.0, 25.0
-----------------------------------------
89
/mnt//archive/draco2/2024/24_10_31//ad0089.fits
flat found.  dividing by flatfield
read ra/dec for target of: (359.395668, 62.718246)
pixel scale is: 0.9857147806613366
x/y of var, cal1, cal2: 552.9365039822792 416.3813752473761 477.64238615149077 328.59202926110606 201.6851007739421 600.6936696296638
 id  xcenter   ycenter  ...  aper_bkg aper_sum_bkgsub aper_sum_bkgsub_err
       pix       pix    ...                                              
--- --------- --------- ... --------- --------------- -------------------
  1  552.9365 416.38138 ... 6350.9884       180098.72            439.3469
  2 477.64239 328.59203 ... 6396.2754       33029.678           214.58618
  3  201.6851 600.69367 ... 6654.7444       41195.848           233.94516
-----------------------------------------
90
/mnt//archive/draco2/2024/24_10_31//ad0090.fits
flat found.  dividing by flatfield
read ra/dec for target of: (359.395668, 62.718246)
pixel scale is: 0.9856693112111646
x/y of var, cal1, cal2: 552.8142913051461 416.58930077696147 477.5216480787571 328.79473936961625 201.56998723994064 600.9046604730302
 id  xcenter   ycenter  ...  aper_bkg aper_sum_bkgsub aper_sum_bkgsub_err
       pix       pix    ...                                              
--- --------- --------- ... --------- --------------- -------------------
  1 552.81429  416.5893 ... 6294.3355       179333.93           438.34643
  2 477.52165 328.79474 ... 6152.4672       33194.276            213.8322
  3 201.56999 600.90466 ... 6334.4699       41904.115           234.08984
-----------------------------------------
91
/mnt//archive/draco2/2024/24_10_31//ad0091.fits
flat found.  dividing by flatfield
read ra/dec for target of: (359.395668, 62.718246)
pixel scale is: 0.9857527055368738
x/y of var, cal1, cal2: 552.9550869866418 416.6216421290356 477.6540354117976 328.8334383142817 201.68911689912045 600.9164227634811
 id  xcenter   ycenter  ...  aper_bkg aper_sum_bkgsub aper_sum_bkgsub_err
       pix       pix    ...                                              
--- --------- --------- ... --------- --------------- -------------------
  1 552.95509 416.62164 ... 6308.9042       179438.66           438.49911
  2 477.65404 328.83344 ... 6368.1298       32970.798           214.31765
  3 201.68912 600.91642 ... 6375.8588       40845.779           231.99676
-----------------------------------------
92
/mnt//archive/draco2/2024/24_10_31//ad0092.fits
flat found.  dividing by flatfield
read ra/dec for target of: (359.395668, 62.718246)
pixel scale is: 0.9856250119385692
x/y of var, cal1, cal2: 552.972186809215 416.6637742800015 477.6797660391725 328.8661509887867 201.7197459690026 600.9915400207801
 id  xcenter   ycenter  ...  aper_bkg aper_sum_bkgsub aper_sum_bkgsub_err
       pix       pix    ...                                              
--- --------- --------- ... --------- --------------- -------------------
  1 552.97219 416.66377 ... 6358.9993       181863.69            441.3691
  2 477.67977 328.86615 ... 6336.2073       32583.747           213.26313
  3 201.71975 600.99154 ... 6355.8726       40744.272           231.69164
