read ra/dec for calibration star of: (358.45204, 62.12898) (358.732006, 62.072851)
automag_driver: using file automag_driver
aperture parameters; rad, r_in, r_out: 5.0, 15.0, 25.0
-----------------------------------------
121
/mnt//archive/draco2/2024/24_10_21//ad0121.fits
flat found.  dividing by flatfield
read ra/dec for target of: (358.6024, 62.14947)
pixel scale is: 0.9861431991674195
x/y of var, cal1, cal2: 554.1126578521507 417.9073696914081 790.0659147847998 292.9212854845491 280.1639112099442 189.1648185148639
 id  xcenter   ycenter  ...  aper_bkg aper_sum_bkgsub aper_sum_bkgsub_err
       pix       pix    ...                                              
--- --------- --------- ... --------- --------------- -------------------
  1 554.11266 417.90737 ... 12961.406       17917.582           209.91759
  2 790.06591 292.92129 ... 13013.652       65810.915           303.41921
  3 280.16391 189.16482 ...  13443.69       144026.61           413.68949
-----------------------------------------
122
/mnt//archive/draco2/2024/24_10_21//ad0122.fits
flat found.  dividing by flatfield
read ra/dec for target of: (358.6024, 62.14947)
pixel scale is: 0.9860664369599265
x/y of var, cal1, cal2: 554.0470027083194 417.7148507156003 789.994364386024 292.7336845950419 280.0753190205797 188.93743920127218
 id  xcenter   ycenter  ...  aper_bkg aper_sum_bkgsub aper_sum_bkgsub_err
       pix       pix    ...                                              
--- --------- --------- ... --------- --------------- -------------------
  1   554.047 417.71485 ... 12847.702       17789.593           209.06936
  2 789.99436 292.73368 ...  13119.25       64337.505           301.33205
  3 280.07532 188.93744 ... 13499.354       142118.13           411.51164
-----------------------------------------
123
/mnt//archive/draco2/2024/24_10_21//ad0123.fits
flat found.  dividing by flatfield
read ra/dec for target of: (358.6024, 62.14947)
pixel scale is: 0.9862081976780523
x/y of var, cal1, cal2: 553.9590162212337 417.824308442757 789.891948986943 292.8871453257494 279.99651671225274 189.04953570906144
 id  xcenter   ycenter  ...  aper_bkg aper_sum_bkgsub aper_sum_bkgsub_err
       pix       pix    ...                                              
--- --------- --------- ... --------- --------------- -------------------
  1 553.95902 417.82431 ... 12894.244       17947.437           209.66861
  2 789.89195 292.88715 ... 12914.632       65079.808            301.8842
  3 279.99652 189.04954 ... 13384.456       144236.59           413.80007
-----------------------------------------
124
/mnt//archive/draco2/2024/24_10_21//ad0124.fits
flat found.  dividing by flatfield
read ra/dec for target of: (358.6024, 62.14947)
pixel scale is: 0.9862388084230491
x/y of var, cal1, cal2: 553.918980826072 417.78967679789923 789.8740344184869 292.84163485179874 279.9671779616879 189.0391981743305
 id  xcenter   ycenter  ...  aper_bkg aper_sum_bkgsub aper_sum_bkgsub_err
       pix       pix    ...                                              
--- --------- --------- ... --------- --------------- -------------------
  1 553.91898 417.78968 ... 13033.102        17579.16           209.45253
  2 789.87403 292.84163 ... 13107.779       65082.563           302.52788
  3 279.96718  189.0392 ... 13360.482       142234.63           411.31569
