read ra/dec for calibration star of: (319.958496, 45.511931) (320.145346, 45.480292)
automag_driver: using file automag_driver
aperture parameters; rad, r_in, r_out: 5.0, 15.0, 25.0
-----------------------------------------
116
/mnt//archive/draco2/2024/24_11_14//ad0116.fits
flat found.  dividing by flatfield
read ra/dec for target of: (320.137086, 45.467506)
pixel scale is: 0.9837461007469416
x/y of var, cal1, cal2: 565.5291005160838 408.7166920410325 86.24390560394102 328.08922015004055 578.2027181407584 358.94450354594426
 id  xcenter   ycenter  ...  aper_bkg aper_sum_bkgsub aper_sum_bkgsub_err
       pix       pix    ...                                              
--- --------- --------- ... --------- --------------- -------------------
  1  565.5291 408.71669 ... 8556.2146       135467.75           390.90303
  2 86.243906 328.08922 ... 8740.2032       18857.849           191.21521
  3 578.20272  358.9445 ... 8616.0795       10706.422           167.82009
-----------------------------------------
117
/mnt//archive/draco2/2024/24_11_14//ad0117.fits
flat found.  dividing by flatfield
read ra/dec for target of: (320.137086, 45.467506)
pixel scale is: 0.9841251001378531
x/y of var, cal1, cal2: 565.5413910734371 408.40841683391415 86.17159722149893 327.752435498736 578.2157329116105 358.6569702392612
 id  xcenter   ycenter  ...  aper_bkg aper_sum_bkgsub aper_sum_bkgsub_err
       pix       pix    ...                                              
--- --------- --------- ... --------- --------------- -------------------
  1 565.54139 408.40842 ... 8659.3295       133902.84           389.16128
  2 86.171597 327.75244 ... 8642.8354       18605.305           190.04204
  3 578.21573 358.65697 ... 8326.5565       10876.755           166.59792
-----------------------------------------
118
/mnt//archive/draco2/2024/24_11_14//ad0118.fits
flat found.  dividing by flatfield
read ra/dec for target of: (320.137086, 45.467506)
pixel scale is: 0.9842799084973132
x/y of var, cal1, cal2: 566.2696377531529 408.86918118757154 87.06188069154365 328.22463717691886 578.9494963128 359.12559784108146
 id  xcenter   ycenter  ...  aper_bkg aper_sum_bkgsub aper_sum_bkgsub_err
       pix       pix    ...                                              
--- --------- --------- ... --------- --------------- -------------------
  1 566.26964 408.86918 ... 8643.0968       135220.38           390.80887
  2 87.061881 328.22464 ... 8538.2604        18680.46           189.68917
  3  578.9495  359.1256 ... 8593.8901       10904.598           168.27768
-----------------------------------------
119
/mnt//archive/draco2/2024/24_11_14//ad0119.fits
flat found.  dividing by flatfield
read ra/dec for target of: (320.137086, 45.467506)
pixel scale is: 0.9841369595467203
x/y of var, cal1, cal2: 565.5169052453074 408.754017592395 86.28342404708343 328.15060159525615 578.1952926588185 359.0018099130397
 id  xcenter   ycenter  ...  aper_bkg aper_sum_bkgsub aper_sum_bkgsub_err
       pix       pix    ...                                              
--- --------- --------- ... --------- --------------- -------------------
  1 565.51691 408.75402 ... 8477.1423       135440.15           390.66538
  2 86.283424  328.1506 ... 8542.9152       18796.969           190.02052
  3 578.19529 359.00181 ... 8492.2286       10936.312           167.76701
