read ra/dec for calibration star of: (357.307226, 59.943336) (357.434683, 60.013532)
automag_driver: using file automag_driver
aperture parameters; rad, r_in, r_out: 5.0, 15.0, 25.0
-----------------------------------------
262
/mnt//archive/draco2/2024/24_11_10//ad0262.fits
flat found.  dividing by flatfield
read ra/dec for target of: (357.483431, 59.940703)
pixel scale is: 0.9850997844868791
x/y of var, cal1, cal2: 555.1273059066385 417.1336434014501 237.9933958833371 476.87005815645335 410.69571663197473 176.41679822008783
 id  xcenter   ycenter  ...  aper_bkg aper_sum_bkgsub aper_sum_bkgsub_err
       pix       pix    ...                                              
--- --------- --------- ... --------- --------------- -------------------
  1 555.12731 417.13364 ... 14909.601       68541.714           313.98394
  2  237.9934 476.87006 ... 15313.002       573110.42           777.14955
  3 410.69572  176.4168 ...  15396.23       149544.69           424.92605
-----------------------------------------
263
/mnt//archive/draco2/2024/24_11_10//ad0263.fits
flat found.  dividing by flatfield
read ra/dec for target of: (357.483431, 59.940703)
pixel scale is: 0.9851578544316533
x/y of var, cal1, cal2: 555.3653286171742 416.94870443304177 238.20579636256355 476.6953392948295 410.9290128749714 176.25230803416747
 id  xcenter   ycenter  ...  aper_bkg aper_sum_bkgsub aper_sum_bkgsub_err
       pix       pix    ...                                              
--- --------- --------- ... --------- --------------- -------------------
  1 555.36533  416.9487 ...  14883.61       68140.699           313.26174
  2  238.2058 476.69534 ... 15269.139       565254.19           772.02167
  3 410.92901 176.25231 ...  15336.23        147319.4           422.15739
-----------------------------------------
264
/mnt//archive/draco2/2024/24_11_10//ad0264.fits
flat found.  dividing by flatfield
read ra/dec for target of: (357.483431, 59.940703)
pixel scale is: 0.9851464588345865
x/y of var, cal1, cal2: 555.5992347619949 416.9379545200659 238.4334757756289 476.66076247093474 411.15802319629375 176.227607536664
 id  xcenter   ycenter  ...  aper_bkg aper_sum_bkgsub aper_sum_bkgsub_err
       pix       pix    ...                                              
--- --------- --------- ... --------- --------------- -------------------
  1 555.59923 416.93795 ... 14776.011       68117.988           312.88178
  2 238.43348 476.66076 ...  15259.77       571059.76           775.76047
  3 411.15802 176.22761 ... 15091.039       147395.11           421.66597
-----------------------------------------
265
/mnt//archive/draco2/2024/24_11_10//ad0265.fits
flat found.  dividing by flatfield
read ra/dec for target of: (357.483431, 59.940703)
pixel scale is: 0.9849564281333428
x/y of var, cal1, cal2: 555.5702221151663 416.9114588719383 238.4212323035881 476.65897158949025 411.15819987201536 176.16067836946712
 id  xcenter   ycenter  ...  aper_bkg aper_sum_bkgsub aper_sum_bkgsub_err
       pix       pix    ...                                              
--- --------- --------- ... --------- --------------- -------------------
  1 555.57022 416.91146 ... 14579.546       69404.136           314.30595
  2 238.42123 476.65897 ... 15141.072       568225.51           773.77817
  3  411.1582 176.16068 ... 14884.348       150142.31           424.42433
