read ra/dec for calibration star of: (304.067125, 42.123947) (303.970146, 42.191825)
automag_driver: using file automag_driver
aperture parameters; rad, r_in, r_out: 5.0, 15.0, 25.0
-----------------------------------------
39
/mnt//archive/draco2/2018/18_11_01//ad0039.fits
flat found.  dividing by flatfield
read ra/dec for target of: (304.052831, 42.108719)
pixel scale is: 0.9866442423433004
x/y of var, cal1, cal2: 578.8535717880177 411.2059387270062 540.1315968760947 466.7443884403906 802.164704863459 714.701237832315
 id  xcenter   ycenter  ...  aper_bkg aper_sum_bkgsub aper_sum_bkgsub_err
       pix       pix    ...                                              
--- --------- --------- ... --------- --------------- -------------------
  1 578.85357 411.20594 ... 41122.852       174129.86           506.55757
  2  540.1316 466.74439 ... 41156.884       226712.39           556.10355
  3  802.1647 714.70124 ... 41394.353       114356.71            444.2639
-----------------------------------------
40
/mnt//archive/draco2/2018/18_11_01//ad0040.fits
flat found.  dividing by flatfield
read ra/dec for target of: (304.052831, 42.108719)
pixel scale is: 0.9867472046828057
x/y of var, cal1, cal2: 582.6936354924933 411.0926229346657 543.9720120936485 466.622693029012 805.9612450212463 714.5710632301142
 id  xcenter   ycenter  ...  aper_bkg aper_sum_bkgsub aper_sum_bkgsub_err
       pix       pix    ...                                              
--- --------- --------- ... --------- --------------- -------------------
  1 582.69364 411.09262 ... 40009.411       170615.69           500.85877
  2 543.97201 466.62269 ... 39860.603       221853.16           549.36269
  3 805.96125 714.57106 ... 40121.721       113090.42           439.95325
-----------------------------------------
41
-----------------------------------------
42
/mnt//archive/draco2/2018/18_11_01//ad0042.fits
flat found.  dividing by flatfield
read ra/dec for target of: (304.052831, 42.108719)
pixel scale is: 0.9873065874667412
x/y of var, cal1, cal2: 591.3667931919991 411.26449343872764 552.6557190685562 466.7551553723049 814.4456438053633 714.6167847479101
 id  xcenter   ycenter  ...  aper_bkg aper_sum_bkgsub aper_sum_bkgsub_err
       pix       pix    ...                                              
--- --------- --------- ... --------- --------------- -------------------
  1 591.36679 411.26449 ... 37618.374       169700.25           495.13836
  2 552.65572 466.75516 ... 37653.092       220434.22           544.02702
  3 814.44564 714.61678 ... 38044.379       112513.87           434.54301
