read ra/dec for calibration star of: (345.13143, 57.808872) (345.483373, 57.92029)
automag_driver: using file automag_driver
aperture parameters; rad, r_in, r_out: 5.0, 15.0, 25.0
-----------------------------------------
86
/mnt//archive/draco2/2024/24_11_25//ad0086.fits
flat found.  dividing by flatfield
read ra/dec for target of: (345.338038, 57.867027)
pixel scale is: 0.9836555241742198
x/y of var, cal1, cal2: 554.0870124615417 417.85590868003203 159.93523212355626 645.6957159738182 828.6736162237526 211.70333416016047
 id  xcenter   ycenter  ...  aper_bkg aper_sum_bkgsub aper_sum_bkgsub_err
       pix       pix    ...                                              
--- --------- --------- ... --------- --------------- -------------------
  1 554.08701 417.85591 ... 37271.636       46542.381           348.29679
  2 159.93523 645.69572 ... 37349.837       140736.94           464.39382
  3 828.67362 211.70333 ... 37367.165       81774.888           395.89673
-----------------------------------------
87
/mnt//archive/draco2/2024/24_11_25//ad0087.fits
flat found.  dividing by flatfield
read ra/dec for target of: (345.338038, 57.867027)
pixel scale is: 0.983657907203676
x/y of var, cal1, cal2: 554.3763915327038 417.96044900151367 160.20084674515186 645.813230698329 828.9807321050962 211.79895008468603
 id  xcenter   ycenter  ...  aper_bkg aper_sum_bkgsub aper_sum_bkgsub_err
       pix       pix    ...                                              
--- --------- --------- ... --------- --------------- -------------------
  1 554.37639 417.96045 ... 37031.482       47977.368            349.6646
  2 160.20085 645.81323 ... 37258.461       143378.09            467.0332
  3 828.98073 211.79895 ...  37154.66       82265.071           395.97903
-----------------------------------------
88
/mnt//archive/draco2/2024/24_11_25//ad0088.fits
flat found.  dividing by flatfield
read ra/dec for target of: (345.338038, 57.867027)
pixel scale is: 0.9836196965185283
x/y of var, cal1, cal2: 554.4886091091653 417.950438132036 160.3016653216324 645.8159845844591 829.1011415907799 211.77820381198723
 id  xcenter   ycenter  ...  aper_bkg aper_sum_bkgsub aper_sum_bkgsub_err
       pix       pix    ...                                              
--- --------- --------- ... --------- --------------- -------------------
  1 554.48861 417.95044 ... 36559.966       47921.768           348.23369
  2 160.30167 645.81598 ... 37095.064       143493.76           466.80712
  3 829.10114  211.7782 ... 36552.791       84070.852           396.73849
-----------------------------------------
89
/mnt//archive/draco2/2024/24_11_25//ad0089.fits
flat found.  dividing by flatfield
read ra/dec for target of: (345.338038, 57.867027)
pixel scale is: 0.9834941718653966
x/y of var, cal1, cal2: 554.7112011704587 418.00356809391775 160.5188136762048 645.8476304564124 829.3235091117483 211.84024651282573
 id  xcenter   ycenter  ...  aper_bkg aper_sum_bkgsub aper_sum_bkgsub_err
       pix       pix    ...                                              
--- --------- --------- ... --------- --------------- -------------------
  1  554.7112 418.00357 ... 39016.087       41814.991           346.51431
  2 160.51881 645.84763 ... 39781.798       123129.49            450.4643
  3 829.32351 211.84025 ... 39065.177       72935.451           388.96119
