read ra/dec for calibration star of: (300.997825, 32.507628) (300.895592, 32.512811)
automag_driver: using file automag_driver
aperture parameters; rad, r_in, r_out: 5.0, 15.0, 25.0
-----------------------------------------
29
/mnt//archive/draco2/2024/24_11_22//ad0029.fits
flat found.  dividing by flatfield
read ra/dec for target of: (301.009037, 32.450705)
pixel scale is: 0.9832911119373441
x/y of var, cal1, cal2: 553.9818794841595 415.4804952788815 483.4461317163017 216.30395174132974 169.36371405521282 252.47253698301805
 id  xcenter   ycenter  ...  aper_bkg aper_sum_bkgsub aper_sum_bkgsub_err
       pix       pix    ...                                              
--- --------- --------- ... --------- --------------- -------------------
  1 553.98188  415.4805 ... 70069.951       30575.178           413.44901
  2 483.44613 216.30395 ... 71019.178       343060.73           696.65205
  3 169.36371 252.47254 ... 71430.571       253426.79           629.69273
-----------------------------------------
30
/mnt//archive/draco2/2024/24_11_22//ad0030.fits
flat found.  dividing by flatfield
read ra/dec for target of: (301.009037, 32.450705)
pixel scale is: 0.9833207567263251
x/y of var, cal1, cal2: 553.7611560047138 415.01054509107684 483.22431759673924 215.84191256799448 169.1381153721112 252.01789804111874
 id  xcenter   ycenter  ...  aper_bkg aper_sum_bkgsub aper_sum_bkgsub_err
       pix       pix    ...                                              
--- --------- --------- ... --------- --------------- -------------------
  1 553.76116 415.01055 ... 70708.073       28697.314            412.7208
  2 483.22432 215.84191 ... 71771.383       325258.29           684.85477
  3 169.13812  252.0179 ... 72237.387       239686.28           619.98875
-----------------------------------------
31
/mnt//archive/draco2/2024/24_11_22//ad0031.fits
flat found.  dividing by flatfield
read ra/dec for target of: (301.009037, 32.450705)
pixel scale is: 0.9832958495631562
x/y of var, cal1, cal2: 553.4889743112158 414.9644434260691 482.95235464991583 215.78963353955697 168.89089338165752 251.9615075527043
 id  xcenter   ycenter  ...  aper_bkg aper_sum_bkgsub aper_sum_bkgsub_err
       pix       pix    ...                                              
--- --------- --------- ... --------- --------------- -------------------
  1 553.48897 414.96444 ... 69643.106       29395.745           410.98292
  2 482.95235 215.78963 ...  70430.27       327055.23           684.20813
  3 168.89089 251.96151 ... 70787.393       241421.55           619.04874
-----------------------------------------
32
/mnt//archive/draco2/2024/24_11_22//ad0032.fits
flat found.  dividing by flatfield
read ra/dec for target of: (301.009037, 32.450705)
pixel scale is: 0.9832746021523856
x/y of var, cal1, cal2: 553.4596874259314 414.8005862745462 482.92354761723027 215.61907098049383 168.86574546444086 251.78103620266242
 id  xcenter   ycenter  ...  aper_bkg aper_sum_bkgsub aper_sum_bkgsub_err
       pix       pix    ...                                              
--- --------- --------- ... --------- --------------- -------------------
  1 553.45969 414.80059 ...  69417.58       28127.551           408.88594
  2 482.92355 215.61907 ... 70223.868       320261.24           678.92119
  3 168.86575 251.78104 ... 70641.268       236105.54            614.5023
