read ra/dec for calibration star of: (36.752127, 59.562503) (37.02079, 59.47925)
automag_driver: using file automag_driver
aperture parameters; rad, r_in, r_out: 5.0, 15.0, 25.0
-----------------------------------------
274
/mnt//archive/west-14/2024/24_10_19//ad0274.fits
flat found.  dividing by flatfield
read ra/dec for target of: (36.807362, 59.460604)
pixel scale is: 0.9115123841277212
x/y of var, cal1, cal2: 583.2990123365137 408.4252793334944 683.7057231349236 813.4968980962734 153.86925608347468 472.2734049687383
 id  xcenter   ycenter  ...  aper_bkg aper_sum_bkgsub aper_sum_bkgsub_err
       pix       pix    ...                                              
--- --------- --------- ... --------- --------------- -------------------
  1 583.29901 408.42528 ... 15894.205       170628.32           450.15745
  2 683.70572  813.4969 ... 15584.565       100902.08           363.72546
  3 153.86926  472.2734 ...  15782.64       74030.262           325.30069
-----------------------------------------
275
/mnt//archive/west-14/2024/24_10_19//ad0275.fits
flat found.  dividing by flatfield
read ra/dec for target of: (36.807362, 59.460604)
pixel scale is: 0.9113793922178571
x/y of var, cal1, cal2: 584.3272680434848 408.9387145205776 684.7257485796813 814.059406988009 154.97692978142425 472.83906649735326
 id  xcenter   ycenter  ...  aper_bkg aper_sum_bkgsub aper_sum_bkgsub_err
       pix       pix    ...                                              
--- --------- --------- ... --------- --------------- -------------------
  1 584.32727 408.93871 ... 15743.941       171799.58           451.12355
  2 684.72575 814.05941 ... 15312.728       102237.53           364.81226
  3 154.97693 472.83907 ... 15514.186       74378.284           325.01024
-----------------------------------------
276
/mnt//archive/west-14/2024/24_10_19//ad0276.fits
flat found.  dividing by flatfield
read ra/dec for target of: (36.807362, 59.460604)
pixel scale is: 0.9112056997606528
x/y of var, cal1, cal2: 584.5280305733437 408.95832962029186 684.9100450195588 814.1695308260992 155.19762689216685 472.8140675149235
 id  xcenter   ycenter  ...  aper_bkg aper_sum_bkgsub aper_sum_bkgsub_err
       pix       pix    ...                                              
--- --------- --------- ... --------- --------------- -------------------
  1 584.52803 408.95833 ... 15884.136       170073.32           449.51818
  2 684.91005 814.16953 ... 15368.767        98325.81           359.56688
  3 155.19763 472.81407 ... 16089.518       73154.947           324.89842
-----------------------------------------
277
/mnt//archive/west-14/2024/24_10_19//ad0277.fits
flat found.  dividing by flatfield
read ra/dec for target of: (36.807362, 59.460604)
pixel scale is: 0.9116284390107028
x/y of var, cal1, cal2: 583.8903948221758 409.46108096437274 684.2141524820814 814.4911160858503 154.59757824377454 473.25846309979295
 id  xcenter   ycenter  ...  aper_bkg aper_sum_bkgsub aper_sum_bkgsub_err
       pix       pix    ...                                              
--- --------- --------- ... --------- --------------- -------------------
  1 583.89039 409.46108 ... 15614.113       168807.77            447.5053
  2 684.21415 814.49112 ...  15218.97       99582.971           360.89598
  3 154.59758 473.25846 ... 15729.846       73313.296           324.03393
