read ra/dec for calibration star of: (319.958496, 45.511931) (320.145346, 45.480292)
automag_driver: using file automag_driver
aperture parameters; rad, r_in, r_out: 5.0, 15.0, 25.0
-----------------------------------------
26
/mnt//archive/west-14/2024/24_10_23//ad0026.fits
flat found.  dividing by flatfield
read ra/dec for target of: (320.137086, 45.467506)
pixel scale is: 0.9110284633004658
x/y of var, cal1, cal2: 557.6497764372659 415.5464304597875 1049.6958479525595 597.4152765322965 534.1767286524187 465.8010742143175
 id  xcenter   ycenter  ...  aper_bkg aper_sum_bkgsub aper_sum_bkgsub_err
       pix       pix    ...                                              
--- --------- --------- ... --------- --------------- -------------------
  1 557.64978 415.54643 ... 5593.2484       99075.237           332.39545
  2 1049.6958 597.41528 ... 5285.2622       10355.791           145.43492
  3 534.17673 465.80107 ... 5310.0252       6178.1396           130.47295
-----------------------------------------
27
/mnt//archive/west-14/2024/24_10_23//ad0027.fits
flat found.  dividing by flatfield
read ra/dec for target of: (320.137086, 45.467506)
pixel scale is: 0.9109554885752583
x/y of var, cal1, cal2: 557.2327716764274 415.0862318743665 1049.2158303510614 597.0117226867372 533.7873850535811 465.34289450637294
 id  xcenter   ycenter  ...  aper_bkg aper_sum_bkgsub aper_sum_bkgsub_err
       pix       pix    ...                                              
--- --------- --------- ... --------- --------------- -------------------
  1 557.23277 415.08623 ... 5652.1083       97407.512           330.05564
  2 1049.2158 597.01172 ...  5444.423       9981.3582           145.24188
  3 533.78739 465.34289 ... 5484.4543       5942.2786           130.90526
-----------------------------------------
28
/mnt//archive/west-14/2024/24_10_23//ad0028.fits
flat found.  dividing by flatfield
read ra/dec for target of: (320.137086, 45.467506)
pixel scale is: 0.910941905883848
x/y of var, cal1, cal2: 556.6313682198604 414.8411183099035 1048.788056844615 596.8183100163783 533.1815789356906 465.09619726919686
 id  xcenter   ycenter  ...  aper_bkg aper_sum_bkgsub aper_sum_bkgsub_err
       pix       pix    ...                                              
--- --------- --------- ... --------- --------------- -------------------
  1 556.63137 414.84112 ... 5489.2791       88730.254            316.1231
  2 1048.7881 596.81831 ... 5539.0755       9133.2008           142.95577
  3 533.18158  465.0962 ... 5574.7099       5375.4283            129.4212
-----------------------------------------
29
/mnt//archive/west-14/2024/24_10_23//ad0029.fits
flat found.  dividing by flatfield
read ra/dec for target of: (320.137086, 45.467506)
pixel scale is: 0.9107018672307883
x/y of var, cal1, cal2: 554.8788004533633 414.7371837583626 1046.9382379853394 596.6794873321044 531.4209189567198 465.0094548219856
 id  xcenter   ycenter  ...  aper_bkg aper_sum_bkgsub aper_sum_bkgsub_err
       pix       pix    ...                                              
--- --------- --------- ... --------- --------------- -------------------
  1  554.8788 414.73718 ... 5747.9677       84856.425           310.76898
  2 1046.9382 596.67949 ... 5527.6204       8792.6676           141.67889
  3 531.42092 465.00945 ... 5597.4547       4902.1038           127.75763
