read ra/dec for calibration star of: (359.428633, 62.690422) (359.62416, 62.747272)
automag_driver: using file automag_driver
aperture parameters; rad, r_in, r_out: 5.0, 15.0, 25.0
-----------------------------------------
51
/mnt//archive/draco2/2018/18_11_11//ad0051.fits
flat found.  dividing by flatfield
read ra/dec for target of: (359.395668, 62.718246)
pixel scale is: 0.9874690213817595
x/y of var, cal1, cal2: 571.1932756126915 412.72714064658567 516.0191463882963 311.32417343718396 189.7859883295825 519.3582594232394
 id  xcenter   ycenter  ...  aper_bkg aper_sum_bkgsub aper_sum_bkgsub_err
       pix       pix    ...                                              
--- --------- --------- ... --------- --------------- -------------------
  1 571.19328 412.72714 ... 6507.9092       184046.49           444.17036
  2 516.01915 311.32417 ... 6181.9323       33977.655           215.79277
  3 189.78599 519.35826 ... 6494.4172           42079           235.14428
-----------------------------------------
52
/mnt//archive/draco2/2018/18_11_11//ad0052.fits
flat found.  dividing by flatfield
read ra/dec for target of: (359.395668, 62.718246)
pixel scale is: 0.9872856119985333
x/y of var, cal1, cal2: 571.2955771644113 413.1558706448175 516.1099548254871 311.7347134245176 189.8185961087409 519.8114646363424
 id  xcenter   ycenter  ...  aper_bkg aper_sum_bkgsub aper_sum_bkgsub_err
       pix       pix    ...                                              
--- --------- --------- ... --------- --------------- -------------------
  1 571.29558 413.15587 ...  6421.965       184572.37           444.56866
  2 516.10995 311.73471 ... 6263.4698       34091.724           216.43397
  3  189.8186 519.81146 ... 6399.2284       42287.321           235.18244
-----------------------------------------
53
/mnt//archive/draco2/2018/18_11_11//ad0053.fits
flat found.  dividing by flatfield
read ra/dec for target of: (359.395668, 62.718246)
pixel scale is: 0.9875363994124865
x/y of var, cal1, cal2: 572.0472461872948 413.2452108750234 516.8671746200932 311.8544068664693 190.6760335703505 519.905541677155
 id  xcenter   ycenter  ...  aper_bkg aper_sum_bkgsub aper_sum_bkgsub_err
       pix       pix    ...                                              
--- --------- --------- ... --------- --------------- -------------------
  1 572.04725 413.24521 ... 6327.8753       183249.24           442.86566
  2 516.86717 311.85441 ... 6179.9622       34048.503           215.94774
  3 190.67603 519.90554 ... 6526.2013        41665.09           234.39815
-----------------------------------------
54
/mnt//archive/draco2/2018/18_11_11//ad0054.fits
flat found.  dividing by flatfield
read ra/dec for target of: (359.395668, 62.718246)
pixel scale is: 0.9873935758956877
x/y of var, cal1, cal2: 572.6852408057773 413.4553945579084 517.5022275975304 312.04718825762586 191.25361476779966 520.1121924492676
 id  xcenter   ycenter  ...  aper_bkg aper_sum_bkgsub aper_sum_bkgsub_err
       pix       pix    ...                                              
--- --------- --------- ... --------- --------------- -------------------
  1 572.68524 413.45539 ... 6255.0807       184300.41           443.88689
  2 517.50223 312.04719 ... 6188.2395       33986.438           215.84234
  3 191.25361 520.11219 ... 6483.4552        41558.79           233.98868
