read ra/dec for calibration star of: (329.455221, 56.2075) (329.569579, 56.130481)
automag_driver: using file automag_driver
aperture parameters; rad, r_in, r_out: 5.0, 15.0, 25.0
-----------------------------------------
226
/mnt//archive/draco2/2024/24_11_10//ad0226.fits
flat found.  dividing by flatfield
read ra/dec for target of: (329.469547, 56.1639)
pixel scale is: 0.9848463094651079
x/y of var, cal1, cal2: 553.7159849043156 416.76031837609133 490.77518171577896 267.4843749792917 778.9597035100023 491.70435301945815
 id  xcenter   ycenter  ...  aper_bkg aper_sum_bkgsub aper_sum_bkgsub_err
       pix       pix    ...                                              
--- --------- --------- ... --------- --------------- -------------------
  1 553.71598 416.76032 ...  26480.92       58402.407           334.04977
  2 490.77518 267.48437 ... 27235.333       81739.409           369.37119
  3  778.9597 491.70435 ... 26279.738       17663.206           265.41982
-----------------------------------------
227
/mnt//archive/draco2/2024/24_11_10//ad0227.fits
flat found.  dividing by flatfield
read ra/dec for target of: (329.469547, 56.1639)
pixel scale is: 0.9851884733858648
x/y of var, cal1, cal2: 553.9550723978725 416.80817839202916 491.0008128184455 267.59840173418934 779.1887203724444 491.67494157506667
 id  xcenter   ycenter  ...  aper_bkg aper_sum_bkgsub aper_sum_bkgsub_err
       pix       pix    ...                                              
--- --------- --------- ... --------- --------------- -------------------
  1 553.95507 416.80818 ... 26267.458       59130.618           334.50043
  2 491.00081  267.5984 ... 26839.528       80988.282           367.27692
  3 779.18872 491.67494 ... 25834.296       18841.784           265.96123
-----------------------------------------
228
/mnt//archive/draco2/2024/24_11_10//ad0228.fits
flat found.  dividing by flatfield
read ra/dec for target of: (329.469547, 56.1639)
pixel scale is: 0.9853469121308669
x/y of var, cal1, cal2: 553.8182015293819 416.70599896852224 490.87713875497536 267.5150749963318 779.0715648023756 491.5791067339868
 id  xcenter   ycenter  ...  aper_bkg aper_sum_bkgsub aper_sum_bkgsub_err
       pix       pix    ...                                              
--- --------- --------- ... --------- --------------- -------------------
  1  553.8182   416.706 ... 26601.851       53397.964           326.84349
  2 490.87714 267.51507 ... 27033.665       74635.852           359.06571
  3 779.07156 491.57911 ... 26255.549       16888.057            263.8639
-----------------------------------------
229
/mnt//archive/draco2/2024/24_11_10//ad0229.fits
flat found.  dividing by flatfield
read ra/dec for target of: (329.469547, 56.1639)
pixel scale is: 0.9851341216460796
x/y of var, cal1, cal2: 553.6884774625333 416.6586701586802 490.72672548644437 267.4329870285119 778.9664265264499 491.557018712625
 id  xcenter   ycenter  ...  aper_bkg aper_sum_bkgsub aper_sum_bkgsub_err
       pix       pix    ...                                              
--- --------- --------- ... --------- --------------- -------------------
  1 553.68848 416.65867 ...  22595.56       79874.886           353.96469
  2 490.72673 267.43299 ...  22818.58       113716.04           399.47241
  3 778.96643 491.55702 ... 22143.387       25223.469           264.07431
