read ra/dec for calibration star of: (358.45204, 62.12898) (358.732006, 62.072851)
automag_driver: using file automag_driver
aperture parameters; rad, r_in, r_out: 5.0, 15.0, 25.0
-----------------------------------------
184
/mnt//archive/draco2/2024/24_11_14//ad0184.fits
flat found.  dividing by flatfield
read ra/dec for target of: (358.6024, 62.14947)
pixel scale is: 0.9836293024185772
x/y of var, cal1, cal2: 557.1000166001098 420.17536804958127 316.78897429577256 538.5024838677083 824.6249564923671 657.4282259009334
 id  xcenter   ycenter  ...  aper_bkg aper_sum_bkgsub aper_sum_bkgsub_err
       pix       pix    ...                                              
--- --------- --------- ... --------- --------------- -------------------
  1 557.10002 420.17537 ... 26845.201         62181.3           340.72966
  2 316.78897 538.50248 ... 27237.016       150348.46            452.8217
  3 824.62496 657.42823 ... 26694.097       340571.65           627.84141
-----------------------------------------
185
/mnt//archive/draco2/2024/24_11_14//ad0185.fits
flat found.  dividing by flatfield
read ra/dec for target of: (358.6024, 62.14947)
pixel scale is: 0.9836374006823507
x/y of var, cal1, cal2: 557.0341215867287 419.9847046434304 316.7435845777721 538.3151760434556 824.5444422941727 657.2307889979254
 id  xcenter   ycenter  ...  aper_bkg aper_sum_bkgsub aper_sum_bkgsub_err
       pix       pix    ...                                              
--- --------- --------- ... --------- --------------- -------------------
  1 557.03412  419.9847 ... 27126.734       60274.221           338.75166
  2 316.74358 538.31518 ... 27433.356       145316.54            447.6698
  3 824.54444 657.23079 ... 26990.579       333058.41           622.30585
-----------------------------------------
186
/mnt//archive/draco2/2024/24_11_14//ad0186.fits
flat found.  dividing by flatfield
read ra/dec for target of: (358.6024, 62.14947)
pixel scale is: 0.9837280687606578
x/y of var, cal1, cal2: 557.206906687055 419.9117887348152 316.92428567659016 538.2229632345673 824.7106073448712 657.1453476047393
 id  xcenter   ycenter  ...  aper_bkg aper_sum_bkgsub aper_sum_bkgsub_err
       pix       pix    ...                                              
--- --------- --------- ... --------- --------------- -------------------
  1 557.20691 419.91179 ... 27264.398       59819.046            338.4861
  2 316.92429 538.22296 ... 27487.398       145601.36           448.10842
  3 824.71061 657.14535 ... 27285.234       330070.56           620.37572
-----------------------------------------
187
/mnt//archive/draco2/2024/24_11_14//ad0187.fits
flat found.  dividing by flatfield
read ra/dec for target of: (358.6024, 62.14947)
pixel scale is: 0.9835733475948878
x/y of var, cal1, cal2: 557.2663814787381 419.79540876752003 316.96676093242377 538.1223396767097 824.7545601555528 657.0694624833916
 id  xcenter   ycenter  ...  aper_bkg aper_sum_bkgsub aper_sum_bkgsub_err
       pix       pix    ...                                              
--- --------- --------- ... --------- --------------- -------------------
  1 557.26638 419.79541 ... 27253.347       59922.548           338.60632
  2 316.96676 538.12234 ...  27278.32       145412.99           447.43115
  3 824.75456 657.06946 ... 27257.641       329200.08           619.62922
