read ra/dec for calibration star of: (36.752127, 59.562503) (37.02079, 59.47925)
automag_driver: using file automag_driver
aperture parameters; rad, r_in, r_out: 5.0, 15.0, 25.0
-----------------------------------------
1
/mnt//archive/draco2/2024/24_10_07//ad0001.fits
flat found.  dividing by flatfield
read ra/dec for target of: (36.807362, 59.460604)
pixel scale is: 0.9865506706154613
x/y of var, cal1, cal2: 557.9721322241169 421.3273690734679 722.5724324606881 770.0088714717801 180.30976781016642 557.2174879342097
 id  xcenter   ycenter  ...  aper_bkg aper_sum_bkgsub aper_sum_bkgsub_err
       pix       pix    ...                                              
--- --------- --------- ... --------- --------------- -------------------
  1 557.97213 421.32737 ... 295112.24        190636.9           883.79091
  2 722.57243 770.00887 ... 291097.54        99682.79            825.8952
  3 180.30977 557.21749 ... 294705.52       75436.707           815.51992
-----------------------------------------
2
/mnt//archive/draco2/2024/24_10_07//ad0002.fits
flat found.  dividing by flatfield
read ra/dec for target of: (36.807362, 59.460604)
pixel scale is: 0.9869419622806107
x/y of var, cal1, cal2: 557.7879440134271 421.16229646915957 722.3019681601926 769.762491079256 180.14672596292752 556.8679082569818
 id  xcenter   ycenter  ...  aper_bkg aper_sum_bkgsub aper_sum_bkgsub_err
       pix       pix    ...                                              
--- --------- --------- ... --------- --------------- -------------------
  1 557.78794  421.1623 ... 281317.72       191527.01            868.5548
  2 722.30197 769.76249 ... 277798.02       100999.57            810.4447
  3 180.14673 556.86791 ... 281086.43       76925.818           799.57718
-----------------------------------------
3
/mnt//archive/draco2/2024/24_10_07//ad0003.fits
flat found.  dividing by flatfield
read ra/dec for target of: (36.807362, 59.460604)
pixel scale is: 0.9866663205481974
x/y of var, cal1, cal2: 558.1852775399734 420.78013622422156 722.7840068361221 769.4032227269868 180.549101598729 556.6945706814349
 id  xcenter   ycenter  ...  aper_bkg aper_sum_bkgsub aper_sum_bkgsub_err
       pix       pix    ...                                              
--- --------- --------- ... --------- --------------- -------------------
  1 558.18528 420.78014 ... 269198.08       190162.77           853.68843
  2 722.78401 769.40322 ... 265695.35       99148.272            794.2065
  3  180.5491 556.69457 ... 268743.42       73506.707           781.80467
-----------------------------------------
4
/mnt//archive/draco2/2024/24_10_07//ad0004.fits
flat found.  dividing by flatfield
read ra/dec for target of: (36.807362, 59.460604)
pixel scale is: 0.9863501863033063
x/y of var, cal1, cal2: 557.9729630056258 420.69910217138283 722.5144991086629 769.4210280697002 180.2260911322869 556.6868231624053
 id  xcenter   ycenter  ...  aper_bkg aper_sum_bkgsub aper_sum_bkgsub_err
       pix       pix    ...                                              
--- --------- --------- ... --------- --------------- -------------------
  1 557.97296  420.6991 ... 257452.61       191561.02           840.64929
  2  722.5145 769.42103 ... 253268.12       100280.86           779.12906
  3 180.22609 556.68682 ...  257021.5       74272.876           767.16418
-----------------------------------------
5
/mnt//archive/draco2/2024/24_10_07//ad0005.fits
flat found.  dividing by flatfield
read ra/dec for target of: (36.807362, 59.460604)
pixel scale is: 0.9866645531438843
x/y of var, cal1, cal2: 558.920265054286 420.7785162293355 723.4589392616298 769.4651726415238 181.2285907350792 556.5487967433411
 id  xcenter   ycenter  ...  aper_bkg aper_sum_bkgsub aper_sum_bkgsub_err
       pix       pix    ...                                              
--- --------- --------- ... --------- --------------- -------------------
  1 558.92027 420.77852 ... 125133.43        101267.5           593.09305
  2 723.45894 769.46517 ... 123167.96       52629.654           546.98315
  3 181.22859  556.5488 ... 125016.06       40108.091           538.85546
-----------------------------------------
6
/mnt//archive/draco2/2024/24_10_07//ad0006.fits
flat found.  dividing by flatfield
read ra/dec for target of: (36.807362, 59.460604)
pixel scale is: 0.98650147139491
x/y of var, cal1, cal2: 558.5081845937511 420.82646945738475 723.052724140544 769.5085603206576 180.9806771644303 556.761906115421
 id  xcenter   ycenter  ...  aper_bkg aper_sum_bkgsub aper_sum_bkgsub_err
       pix       pix    ...                                              
--- --------- --------- ... --------- --------------- -------------------
  1 558.50818 420.82647 ...  121524.1       100282.68            586.1364
  2 723.05272 769.50856 ... 119829.91       52816.952           541.01919
  3 180.98068 556.76191 ... 121511.64       39589.676           531.82513
