read ra/dec for calibration star of: (359.428633, 62.690422) (359.62416, 62.747272)
automag_driver: using file automag_driver
aperture parameters; rad, r_in, r_out: 5.0, 15.0, 25.0
-----------------------------------------
34
/mnt//archive/draco2/2020/20_10_25//ad0034.fits
no flat found.  will not flatfield
read ra/dec for target of: (359.395668, 62.718246)
pixel scale is: 0.9863756456745809
x/y of var, cal1, cal2: 566.7240154516026 417.34419792815794 514.9123753633435 314.0676787463236 181.78151697579608 511.4820819684202
 id  xcenter   ycenter  ...  aper_bkg aper_sum_bkgsub aper_sum_bkgsub_err
       pix       pix    ...                                              
--- --------- --------- ... --------- --------------- -------------------
  1 566.72402  417.3442 ... 12512.293       164877.02            436.0351
  2 514.91238 314.06768 ... 12350.844       22137.421           216.94264
  3 181.78152 511.48208 ... 12431.568        26864.16           227.93046
-----------------------------------------
35
/mnt//archive/draco2/2020/20_10_25//ad0035.fits
no flat found.  will not flatfield
read ra/dec for target of: (359.395668, 62.718246)
pixel scale is: 0.9863878933550422
x/y of var, cal1, cal2: 566.8597375215892 417.36951941275987 515.058018034517 314.09604438797913 181.90353573868435 511.51935289419276
 id  xcenter   ycenter  ...  aper_bkg aper_sum_bkgsub aper_sum_bkgsub_err
       pix       pix    ...                                              
--- --------- --------- ... --------- --------------- -------------------
  1 566.85974 417.36952 ... 12189.092       166922.17            437.6361
  2 515.05802 314.09604 ...  11785.48       21810.921           213.55768
  3 181.90354 511.51935 ... 12189.092       27219.987           227.64703
-----------------------------------------
36
/mnt//archive/draco2/2020/20_10_25//ad0036.fits
no flat found.  will not flatfield
read ra/dec for target of: (359.395668, 62.718246)
pixel scale is: 0.9864205302421151
x/y of var, cal1, cal2: 566.0541616535199 417.29956753807693 514.2262047666611 314.0299594853997 181.0044927016661 511.4495985429206
 id  xcenter   ycenter  ...  aper_bkg aper_sum_bkgsub aper_sum_bkgsub_err
       pix       pix    ...                                              
--- --------- --------- ... --------- --------------- -------------------
  1 566.05416 417.29957 ... 10695.019       194812.98           465.21825
  2  514.2262 314.02996 ... 10573.943       25267.399           215.96362
  3 181.00449  511.4496 ... 11138.963       31239.215           231.82351
-----------------------------------------
37
/mnt//archive/draco2/2020/20_10_25//ad0037.fits
no flat found.  will not flatfield
read ra/dec for target of: (359.395668, 62.718246)
pixel scale is: 0.9865231545726882
x/y of var, cal1, cal2: 566.025771730644 417.115986504438 514.2125680386345 313.8572484811361 181.03272515674837 511.25718455556296
 id  xcenter   ycenter  ...  aper_bkg aper_sum_bkgsub aper_sum_bkgsub_err
       pix       pix    ...                                              
--- --------- --------- ... --------- --------------- -------------------
  1 566.02577 417.11599 ... 9441.9387        220471.4           489.46938
  2 514.21257 313.85725 ... 9280.5381       29853.317            220.5434
  3 181.03273 511.25718 ...  9522.639       35514.564           234.06162
