read ra/dec for calibration star of: (359.428633, 62.690422) (359.62416, 62.747272)
automag_driver: using file automag_driver
aperture parameters; rad, r_in, r_out: 5.0, 15.0, 25.0
-----------------------------------------
37
/mnt//archive/draco2/2020/20_09_29//ad0037.fits
no flat found.  will not flatfield
read ra/dec for target of: (359.395668, 62.718246)
pixel scale is: 0.9865652091230195
x/y of var, cal1, cal2: 553.7350793121734 368.6475784666649 497.094056187339 267.990177561025 172.82312257214522 481.0833968207573
 id  xcenter   ycenter  ...  aper_bkg aper_sum_bkgsub aper_sum_bkgsub_err
       pix       pix    ...                                              
--- --------- --------- ... --------- --------------- -------------------
  1 553.73508 368.64758 ... 11781.244       73895.502           312.54278
  2 497.09406 267.99018 ... 11619.857       15273.556            196.8204
  3 172.82312  481.0834 ... 11619.857       18278.886            204.3125
-----------------------------------------
38
/mnt//archive/draco2/2020/20_09_29//ad0038.fits
no flat found.  will not flatfield
read ra/dec for target of: (359.395668, 62.718246)
pixel scale is: 0.986605011691646
x/y of var, cal1, cal2: 553.6749672443981 368.74060804640015 497.03299020041476 268.0868155129952 172.71305847607243 481.16892860922627
 id  xcenter   ycenter  ...  aper_bkg aper_sum_bkgsub aper_sum_bkgsub_err
       pix       pix    ...                                              
--- --------- --------- ... --------- --------------- -------------------
  1 553.67497 368.74061 ... 11376.859       77046.775           316.26807
  2 497.03299 268.08682 ... 11376.859       15756.826           196.81347
  3 172.71306 481.16893 ... 11538.232       19346.254           206.51324
-----------------------------------------
39
/mnt//archive/draco2/2020/20_09_29//ad0039.fits
no flat found.  will not flatfield
read ra/dec for target of: (359.395668, 62.718246)
pixel scale is: 0.9866372160070204
x/y of var, cal1, cal2: 555.3592608955936 368.57997696858195 498.71966146782734 267.92606002759516 174.5023086083159 480.98153403859135
 id  xcenter   ycenter  ...  aper_bkg aper_sum_bkgsub aper_sum_bkgsub_err
       pix       pix    ...                                              
--- --------- --------- ... --------- --------------- -------------------
  1 555.35926 368.57998 ... 11779.524       77455.804           318.18211
  2 498.71966 267.92606 ... 11537.479       16167.503           198.66419
  3 174.50231 480.98153 ... 11779.524       19008.875           206.86451
-----------------------------------------
40
/mnt//archive/draco2/2020/20_09_29//ad0040.fits
no flat found.  will not flatfield
read ra/dec for target of: (359.395668, 62.718246)
pixel scale is: 0.9865766442626043
x/y of var, cal1, cal2: 556.2516496124225 368.48576448776083 499.6207823773392 267.83159360644083 175.36500429897683 480.9342323795835
 id  xcenter   ycenter  ...  aper_bkg aper_sum_bkgsub aper_sum_bkgsub_err
       pix       pix    ...                                              
--- --------- --------- ... --------- --------------- -------------------
  1 556.25165 368.48576 ... 12103.737       77968.224           320.00109
  2 499.62078 267.83159 ... 11942.354       15987.583           200.24308
  3   175.365 480.93423 ... 11861.662       19488.333           208.41463
