read ra/dec for calibration star of: (350.640742, 62.791417) (350.801063, 62.783467)
automag_driver: using file automag_driver
aperture parameters; rad, r_in, r_out: 5.0, 15.0, 25.0
-----------------------------------------
238
/mnt//archive/west-14/2024/24_10_19//ad0238.fits
flat found.  dividing by flatfield
read ra/dec for target of: (350.618496, 62.757151)
pixel scale is: 0.9111784319664803
x/y of var, cal1, cal2: 554.893149986494 427.4169319809537 511.9433157377762 561.9545692466893 223.319948821798 525.0818425511587
 id  xcenter   ycenter  ...  aper_bkg aper_sum_bkgsub aper_sum_bkgsub_err
       pix       pix    ...                                              
--- --------- --------- ... --------- --------------- -------------------
  1 554.89315 427.41693 ... 19311.216       229052.99           517.59098
  2 511.94332 561.95457 ...  19285.21       107569.66           382.57689
  3 223.31995 525.08184 ... 19410.984       48791.615           296.37575
-----------------------------------------
239
/mnt//archive/west-14/2024/24_10_19//ad0239.fits
flat found.  dividing by flatfield
read ra/dec for target of: (350.618496, 62.757151)
pixel scale is: 0.9111416972849029
x/y of var, cal1, cal2: 554.816459421603 427.23105447535215 511.88362999958997 561.77228380987 223.24327927035245 524.8857960140288
 id  xcenter   ycenter  ...  aper_bkg aper_sum_bkgsub aper_sum_bkgsub_err
       pix       pix    ...                                              
--- --------- --------- ... --------- --------------- -------------------
  1 554.81646 427.23105 ... 19525.435       229042.39           517.99446
  2 511.88363 561.77228 ... 19385.913       108069.28           383.49199
  3 223.24328  524.8858 ... 19536.518       49063.885           297.25733
-----------------------------------------
240
/mnt//archive/west-14/2024/24_10_19//ad0240.fits
flat found.  dividing by flatfield
read ra/dec for target of: (350.618496, 62.757151)
pixel scale is: 0.9113327467146373
x/y of var, cal1, cal2: 553.0329687545615 426.8912383169558 510.0814992790049 561.4007177899769 221.44768547671356 524.4981040172656
 id  xcenter   ycenter  ...  aper_bkg aper_sum_bkgsub aper_sum_bkgsub_err
       pix       pix    ...                                              
--- --------- --------- ... --------- --------------- -------------------
  1 553.03297 426.89124 ... 19313.944       227733.46           516.32001
  2  510.0815 561.40072 ... 19297.148       108220.53           383.45772
  3 221.44769  524.4981 ... 19453.281       49035.533           296.92944
-----------------------------------------
241
/mnt//archive/west-14/2024/24_10_19//ad0241.fits
flat found.  dividing by flatfield
read ra/dec for target of: (350.618496, 62.757151)
pixel scale is: 0.9113013562730178
x/y of var, cal1, cal2: 552.6399065389732 426.48602644237536 509.67448417388806 561.0041096026223 221.01685425284245 524.1268781536255
 id  xcenter   ycenter  ...  aper_bkg aper_sum_bkgsub aper_sum_bkgsub_err
       pix       pix    ...                                              
--- --------- --------- ... --------- --------------- -------------------
  1 552.63991 426.48603 ... 19073.557       229771.35           517.82571
  2 509.67448 561.00411 ... 18900.853       108455.47            382.7299
  3 221.01685 524.12688 ... 19125.564       49765.921           297.05563
