read ra/dec for calibration star of: (324.4415, 51.831708) (324.512996, 51.786767)
automag_driver: using file automag_driver
aperture parameters; rad, r_in, r_out: 5.0, 15.0, 25.0
-----------------------------------------
21
/mnt//archive/draco2/2024/24_11_25//ad0021.fits
flat found.  dividing by flatfield
read ra/dec for target of: (324.367201, 51.762485)
pixel scale is: 0.9841193454450076
x/y of var, cal1, cal2: 556.2294979618633 417.30954254235377 713.8863263320663 157.4984566549944 882.2212450987452 315.0555213272209
 id  xcenter   ycenter  ...  aper_bkg aper_sum_bkgsub aper_sum_bkgsub_err
       pix       pix    ...                                              
--- --------- --------- ... --------- --------------- -------------------
  1  556.2295 417.30954 ... 19954.131       14248.465            233.1989
  2 713.88633 157.49846 ... 20461.676       11574.725           229.61506
  3 882.22125 315.05552 ... 19979.386       3529.3668           209.07687
-----------------------------------------
22
/mnt//archive/draco2/2024/24_11_25//ad0022.fits
flat found.  dividing by flatfield
read ra/dec for target of: (324.367201, 51.762485)
pixel scale is: 0.9839798429669181
x/y of var, cal1, cal2: 556.3445616240222 417.5632806115095 714.0687872611836 157.77534285851402 882.4421355499348 315.41878000404023
 id  xcenter   ycenter  ...  aper_bkg aper_sum_bkgsub aper_sum_bkgsub_err
       pix       pix    ...                                              
--- --------- --------- ... --------- --------------- -------------------
  1 556.34456 417.56328 ... 20268.957       12767.946           231.36737
  2 714.06879 157.77534 ... 20440.472       11538.481           229.44373
  3 882.44214 315.41878 ... 20097.501       3615.9051           209.84734
-----------------------------------------
23
/mnt//archive/draco2/2024/24_11_25//ad0023.fits
flat found.  dividing by flatfield
read ra/dec for target of: (324.367201, 51.762485)
pixel scale is: 0.9842100400116262
x/y of var, cal1, cal2: 556.2188194923068 417.5382015753966 713.8853253168443 157.72522344854247 882.2250980289901 315.24018483991074
 id  xcenter   ycenter  ...  aper_bkg aper_sum_bkgsub aper_sum_bkgsub_err
       pix       pix    ...                                              
--- --------- --------- ... --------- --------------- -------------------
  1 556.21882  417.5382 ...  20601.14       13035.987           233.37366
  2 713.88533 157.72522 ...  20947.82       10926.504           230.31966
  3  882.2251 315.24018 ... 20577.522        3426.062           211.67453
-----------------------------------------
24
/mnt//archive/draco2/2024/24_11_25//ad0024.fits
flat found.  dividing by flatfield
read ra/dec for target of: (324.367201, 51.762485)
pixel scale is: 0.983991765824231
x/y of var, cal1, cal2: 556.4242817638195 417.43972590005933 714.1192255162581 157.64128072280164 882.4917511650142 315.2682394022795
 id  xcenter   ycenter  ...  aper_bkg aper_sum_bkgsub aper_sum_bkgsub_err
       pix       pix    ...                                              
--- --------- --------- ... --------- --------------- -------------------
  1 556.42428 417.43973 ... 19363.917        15776.92           233.94391
  2 714.11923 157.64128 ...  19575.83       13995.041           231.02316
  3 882.49175 315.26824 ... 19091.179       4753.7125           207.75243
