read ra/dec for calibration star of: (345.13143, 57.808872) (345.483373, 57.92029)
automag_driver: using file automag_driver
aperture parameters; rad, r_in, r_out: 5.0, 15.0, 25.0
-----------------------------------------
117
/mnt//archive/draco2/2024/24_11_22//ad0117.fits
flat found.  dividing by flatfield
read ra/dec for target of: (345.338038, 57.867027)
pixel scale is: 0.9828144292917271
x/y of var, cal1, cal2: 554.2901417391155 416.70313477584585 194.37189080218235 696.1406100265763 798.594386125334 175.00323151544936
 id  xcenter   ycenter  ...  aper_bkg aper_sum_bkgsub aper_sum_bkgsub_err
       pix       pix    ...                                              
--- --------- --------- ... --------- --------------- -------------------
  1 554.29014 416.70313 ...  25172.24       89445.453           374.18569
  2 194.37189 696.14061 ... 25505.631       222223.19            522.9335
  3 798.59439 175.00323 ... 24998.986       129451.48           423.88024
-----------------------------------------
118
/mnt//archive/draco2/2024/24_11_22//ad0118.fits
flat found.  dividing by flatfield
read ra/dec for target of: (345.338038, 57.867027)
pixel scale is: 0.9826906105629548
x/y of var, cal1, cal2: 554.1731186159042 416.7002108411231 194.25967611849717 696.1544852570112 798.4733001816815 174.9823499408079
 id  xcenter   ycenter  ...  aper_bkg aper_sum_bkgsub aper_sum_bkgsub_err
       pix       pix    ...                                              
--- --------- --------- ... --------- --------------- -------------------
  1 554.17312 416.70021 ... 25692.647       87683.051           373.22024
  2 194.25968 696.15449 ... 26134.165        216106.9           518.26656
  3  798.4733 174.98235 ... 25674.883       124916.96           420.10918
-----------------------------------------
119
/mnt//archive/draco2/2024/24_11_22//ad0119.fits
flat found.  dividing by flatfield
read ra/dec for target of: (345.338038, 57.867027)
pixel scale is: 0.9827199191314145
x/y of var, cal1, cal2: 554.2379834167915 417.08613517806657 194.30772320427457 696.5290363193133 798.5478259660704 175.37754673419946
 id  xcenter   ycenter  ...  aper_bkg aper_sum_bkgsub aper_sum_bkgsub_err
       pix       pix    ...                                              
--- --------- --------- ... --------- --------------- -------------------
  1 554.23798 417.08614 ... 26546.779       83575.625           369.99214
  2 194.30772 696.52904 ... 26853.126       206672.59           510.49373
  3 798.54783 175.37755 ... 26332.721       120644.72           416.57552
-----------------------------------------
120
/mnt//archive/draco2/2024/24_11_22//ad0120.fits
flat found.  dividing by flatfield
read ra/dec for target of: (345.338038, 57.867027)
pixel scale is: 0.9826908827938663
x/y of var, cal1, cal2: 554.3755420562183 417.0791138740689 194.48286754399737 696.5070219539805 798.6591901943365 175.3791644126305
 id  xcenter   ycenter  ...  aper_bkg aper_sum_bkgsub aper_sum_bkgsub_err
       pix       pix    ...                                              
--- --------- --------- ... --------- --------------- -------------------
  1 554.37554 417.07911 ... 29172.474       71913.235           361.22456
  2 194.48287 696.50702 ... 29767.265       174939.26           484.45721
  3 798.65919 175.37916 ... 29196.894       103106.74           402.15112
