read ra/dec for calibration star of: (304.067125, 42.123947) (303.970146, 42.191825)
automag_driver: using file automag_driver
aperture parameters; rad, r_in, r_out: 5.0, 15.0, 25.0
-----------------------------------------
9
/mnt//archive/draco2/2024/24_11_22//ad0009.fits
flat found.  dividing by flatfield
read ra/dec for target of: (304.052831, 42.108719)
pixel scale is: 0.9832857490355318
x/y of var, cal1, cal2: 554.1187824369073 417.0347435237904 582.564907605718 355.3521222654743 280.0078200888474 156.55923111919975
 id  xcenter   ycenter  ...  aper_bkg aper_sum_bkgsub aper_sum_bkgsub_err
       pix       pix    ...                                              
--- --------- --------- ... --------- --------------- -------------------
  1 554.11878 417.03474 ... 16034.368       85531.917           343.25741
  2 582.56491 355.35212 ... 16215.181       82883.944           339.91073
  3 280.00782 156.55923 ... 16513.463       42139.506             274.575
-----------------------------------------
10
/mnt//archive/draco2/2024/24_11_22//ad0010.fits
flat found.  dividing by flatfield
read ra/dec for target of: (304.052831, 42.108719)
pixel scale is: 0.983087021525529
x/y of var, cal1, cal2: 553.8840485606567 417.10158845024097 582.333402837266 355.4068080240899 279.7934534318589 156.57045276566242
 id  xcenter   ycenter  ...  aper_bkg aper_sum_bkgsub aper_sum_bkgsub_err
       pix       pix    ...                                              
--- --------- --------- ... --------- --------------- -------------------
  1 553.88405 417.10159 ... 16267.942       84182.878           341.97041
  2  582.3334 355.40681 ... 16111.704       82043.134           338.36599
  3 279.79345 156.57045 ... 16551.007       41790.951           274.07657
-----------------------------------------
11
/mnt//archive/draco2/2024/24_11_22//ad0011.fits
flat found.  dividing by flatfield
read ra/dec for target of: (304.052831, 42.108719)
pixel scale is: 0.9830703463636787
x/y of var, cal1, cal2: 553.6070484586176 417.0670069186897 582.060713115667 355.37229515571335 279.4696040326428 156.5207043422489
 id  xcenter   ycenter  ...  aper_bkg aper_sum_bkgsub aper_sum_bkgsub_err
       pix       pix    ...                                              
--- --------- --------- ... --------- --------------- -------------------
  1 553.60705 417.06701 ... 15843.195       87322.271           345.30227
  2 582.06071  355.3723 ...  16007.07       85131.341           342.59375
  3  279.4696  156.5207 ... 16410.509       42792.631           275.38818
-----------------------------------------
12
/mnt//archive/draco2/2024/24_11_22//ad0012.fits
flat found.  dividing by flatfield
read ra/dec for target of: (304.052831, 42.108719)
pixel scale is: 0.9831614125502471
x/y of var, cal1, cal2: 553.8264907666418 417.15775905583575 582.2835900564539 355.4662921024636 279.7295055208637 156.65940283676383
 id  xcenter   ycenter  ...  aper_bkg aper_sum_bkgsub aper_sum_bkgsub_err
       pix       pix    ...                                              
--- --------- --------- ... --------- --------------- -------------------
  1 553.82649 417.15776 ... 15697.353       87552.847           345.21378
  2 582.28359 355.46629 ... 15739.783       85922.338           342.96779
  3 279.72951  156.6594 ... 16049.562       44611.052           277.37191
