read ra/dec for calibration star of: (36.752127, 59.562503) (37.02079, 59.47925)
automag_driver: using file automag_driver
aperture parameters; rad, r_in, r_out: 5.0, 15.0, 25.0
-----------------------------------------
76
/mnt//archive/draco2/2024/24_01_06//ad0076.fits
flat found.  dividing by flatfield
read ra/dec for target of: (36.807362, 59.460604)
pixel scale is: 0.9834484006665626
x/y of var, cal1, cal2: 560.0096855488746 414.94734550263286 398.11827635711995 63.73786660219855 939.8545555231286 281.9387861358175
 id  xcenter   ycenter  ...  aper_bkg aper_sum_bkgsub aper_sum_bkgsub_err
       pix       pix    ...                                              
--- --------- --------- ... --------- --------------- -------------------
  1 560.00969 414.94735 ... 8924.0746       116693.71           367.10606
  2 398.11828 63.737867 ...  9056.884       69300.469           296.03925
  3 939.85456 281.93879 ... 8759.9309       54561.743           268.89887
-----------------------------------------
77
/mnt//archive/draco2/2024/24_01_06//ad0077.fits
flat found.  dividing by flatfield
read ra/dec for target of: (36.807362, 59.460604)
pixel scale is: 0.9837746467598654
x/y of var, cal1, cal2: 561.3206366826927 414.5994020465897 399.5891745985917 63.48273127211206 941.0910528721339 281.6903226632054
 id  xcenter   ycenter  ...  aper_bkg aper_sum_bkgsub aper_sum_bkgsub_err
       pix       pix    ...                                              
--- --------- --------- ... --------- --------------- -------------------
  1 561.32064  414.5994 ... 15246.172       44640.747           274.51428
  2 399.58917 63.482731 ... 15333.623       27046.133           240.70392
  3 941.09105 281.69032 ... 14937.984        20656.66           225.29454
-----------------------------------------
78
/mnt//archive/draco2/2024/24_01_06//ad0078.fits
flat found.  dividing by flatfield
read ra/dec for target of: (36.807362, 59.460604)
pixel scale is: 0.9840012172971617
x/y of var, cal1, cal2: 561.3182458394612 414.96558502064397 399.4869955692837 63.89714208780583 941.122324924954 282.163773310621
 id  xcenter   ycenter  ...  aper_bkg aper_sum_bkgsub aper_sum_bkgsub_err
       pix       pix    ...                                              
--- --------- --------- ... --------- --------------- -------------------
  1 561.31825 414.96559 ... 10384.929       80589.211           318.72256
  2   399.487 63.897142 ... 10441.636       48333.229           263.51755
  3 941.12232 282.16377 ... 10213.026       38167.146           242.52463
-----------------------------------------
79
/mnt//archive/draco2/2024/24_01_06//ad0079.fits
flat found.  dividing by flatfield
read ra/dec for target of: (36.807362, 59.460604)
pixel scale is: 0.9835553173142736
x/y of var, cal1, cal2: 560.8959762276079 414.8049315798381 398.98579405142544 63.64099715873266 940.8589514785267 281.7935041169584
 id  xcenter   ycenter  ...  aper_bkg aper_sum_bkgsub aper_sum_bkgsub_err
       pix       pix    ...                                              
--- --------- --------- ... --------- --------------- -------------------
  1 560.89598 414.80493 ... 14549.459       37372.428           258.25636
  2 398.98579 63.640997 ... 15070.204        22293.37             229.475
  3 940.85895  281.7935 ... 14875.693       16442.037           215.44935
-----------------------------------------
80
/mnt//archive/draco2/2024/24_01_06//ad0080.fits
flat found.  dividing by flatfield
read ra/dec for target of: (36.807362, 59.460604)
pixel scale is: 0.9835752718778848
x/y of var, cal1, cal2: 560.706703469851 414.87325665800705 398.83865702427045 63.731666225712615 940.7526506595323 281.8286654397061
 id  xcenter   ycenter  ...  aper_bkg aper_sum_bkgsub aper_sum_bkgsub_err
       pix       pix    ...                                              
--- --------- --------- ... --------- --------------- -------------------
  1  560.7067 414.87326 ...  13145.78       41237.737           260.29656
  2 398.83866 63.731666 ... 13438.624       24944.557           228.13769
  3 940.75265 281.82867 ... 13186.814       18355.835           212.02468
