read ra/dec for calibration star of: (321.801433, 54.492517) (321.716558, 54.440525)
automag_driver: using file automag_driver
aperture parameters; rad, r_in, r_out: 5.0, 15.0, 25.0
-----------------------------------------
217
/mnt//archive/draco2/2024/24_11_22//ad0217.fits
flat found.  dividing by flatfield
read ra/dec for target of: (321.733427, 54.491455)
pixel scale is: 0.982827686954866
x/y of var, cal1, cal2: 554.6741637034004 417.34202541483114 696.4203134412683 388.1107868821391 551.9949168263133 607.2977860676896
 id  xcenter   ycenter  ...  aper_bkg aper_sum_bkgsub aper_sum_bkgsub_err
       pix       pix    ...                                              
--- --------- --------- ... --------- --------------- -------------------
  1 554.67416 417.34203 ... 6240.1513       8154.2067           144.42821
  2 696.42031 388.11079 ... 6021.4307       21756.062           184.45575
  3 551.99492 607.29779 ... 6271.2706       24025.992            191.8164
-----------------------------------------
218
/mnt//archive/draco2/2024/24_11_22//ad0218.fits
flat found.  dividing by flatfield
read ra/dec for target of: (321.733427, 54.491455)
pixel scale is: 0.9827221338855707
x/y of var, cal1, cal2: 555.0909819694875 417.2569439490129 696.7574450666064 388.10224912980686 552.3965713914322 607.2315899007036
 id  xcenter   ycenter  ...  aper_bkg aper_sum_bkgsub aper_sum_bkgsub_err
       pix       pix    ...                                              
--- --------- --------- ... --------- --------------- -------------------
  1 555.09098 417.25694 ... 6006.3764       8922.3335           145.46507
  2 696.75745 388.10225 ... 5880.3308       23053.518           187.18755
  3 552.39657 607.23159 ... 5946.6257       25259.785             193.334
-----------------------------------------
219
/mnt//archive/draco2/2024/24_11_22//ad0219.fits
flat found.  dividing by flatfield
read ra/dec for target of: (321.733427, 54.491455)
pixel scale is: 0.9828289887336984
x/y of var, cal1, cal2: 554.6885078910591 417.24034216439026 696.436159197372 388.00088732839515 552.016968299651 607.1960082890546
 id  xcenter   ycenter  ...  aper_bkg aper_sum_bkgsub aper_sum_bkgsub_err
       pix       pix    ...                                              
--- --------- --------- ... --------- --------------- -------------------
  1 554.68851 417.24034 ... 6131.8954       9409.5469           147.98087
  2 696.43616 388.00089 ... 6125.2007       23147.692           188.74081
  3 552.01697 607.19601 ... 6040.4606       25349.544           194.05016
-----------------------------------------
220
/mnt//archive/draco2/2024/24_11_22//ad0220.fits
flat found.  dividing by flatfield
read ra/dec for target of: (321.733427, 54.491455)
pixel scale is: 0.9828181612528932
x/y of var, cal1, cal2: 554.4601405084763 417.0032279561118 696.1875705090566 387.75807304778726 551.7933049395994 606.9610883445843
 id  xcenter   ycenter  ...  aper_bkg aper_sum_bkgsub aper_sum_bkgsub_err
       pix       pix    ...                                              
--- --------- --------- ... --------- --------------- -------------------
  1 554.46014 417.00323 ... 5893.8295        9223.664           145.72688
  2 696.18757 387.75807 ... 6064.4806       24544.898           192.09076
  3  551.7933 606.96109 ... 6077.3639       26857.604           198.08415
