read ra/dec for calibration star of: (304.067125, 42.123947) (303.970146, 42.191825)
automag_driver: using file automag_driver
aperture parameters; rad, r_in, r_out: 5.0, 15.0, 25.0
-----------------------------------------
62
/mnt//archive/draco2/2019/19_11_20//ad0062.fits
flat found.  dividing by flatfield
read ra/dec for target of: (304.052831, 42.108719)
pixel scale is: 0.9861563251211753
x/y of var, cal1, cal2: 568.5141189399329 423.5416156755005 527.6077374611451 477.52966442006914 779.7688790527382 735.7969998136266
 id  xcenter   ycenter  ...  aper_bkg aper_sum_bkgsub aper_sum_bkgsub_err
       pix       pix    ...                                              
--- --------- --------- ... --------- --------------- -------------------
  1 568.51412 423.54162 ... 17954.192        62958.14           314.78806
  2 527.60774 477.52966 ... 18019.077       57392.628           306.03232
  3 779.76888   735.797 ... 18413.694       29684.063           258.33399
-----------------------------------------
63
/mnt//archive/draco2/2019/19_11_20//ad0063.fits
flat found.  dividing by flatfield
read ra/dec for target of: (304.052831, 42.108719)
pixel scale is: 0.9861690029461451
x/y of var, cal1, cal2: 569.2730268496861 423.48872632769854 528.373887348866 477.47640392906834 780.5116963369109 735.7384318683146
 id  xcenter   ycenter  ...  aper_bkg aper_sum_bkgsub aper_sum_bkgsub_err
       pix       pix    ...                                              
--- --------- --------- ... --------- --------------- -------------------
  1 569.27303 423.48873 ... 18239.591       62969.085           315.71073
  2 528.37389  477.4764 ... 18239.804       59008.871           309.37595
  3  780.5117 735.73843 ... 18395.686       30264.609           259.38578
-----------------------------------------
64
/mnt//archive/draco2/2019/19_11_20//ad0064.fits
flat found.  dividing by flatfield
read ra/dec for target of: (304.052831, 42.108719)
pixel scale is: 0.9861566820641925
x/y of var, cal1, cal2: 570.8292802061395 423.2738748574954 529.9298290387511 477.25712034547576 782.0634523958305 735.5538569362445
 id  xcenter   ycenter  ...  aper_bkg aper_sum_bkgsub aper_sum_bkgsub_err
       pix       pix    ...                                              
--- --------- --------- ... --------- --------------- -------------------
  1 570.82928 423.27387 ... 18234.672       60328.004            311.4841
  2 529.92983 477.25712 ... 18436.186       55890.538           304.93919
  3 782.06345 735.55386 ... 18574.927       28260.463           256.19391
-----------------------------------------
65
/mnt//archive/draco2/2019/19_11_20//ad0065.fits
flat found.  dividing by flatfield
read ra/dec for target of: (304.052831, 42.108719)
pixel scale is: 0.9861346383978533
x/y of var, cal1, cal2: 573.8853361535423 423.544117493807 532.9836832007448 477.52922351350446 785.1051774476572 735.827703224606
 id  xcenter   ycenter  ...  aper_bkg aper_sum_bkgsub aper_sum_bkgsub_err
       pix       pix    ...                                              
--- --------- --------- ... --------- --------------- -------------------
  1 573.88534 423.54412 ...  18270.91       61896.837           314.10771
  2 532.98368 477.52922 ... 18141.749       57282.195           306.25266
  3 785.10518  735.8277 ... 18600.037       29253.558           258.22206
