read ra/dec for calibration star of: (305.960967, 40.530128) (306.050338, 40.640669)
automag_driver: using file automag_driver
aperture parameters; rad, r_in, r_out: 5.0, 15.0, 25.0
-----------------------------------------
41
/mnt//archive/draco2/2024/24_10_14//ad0041.fits
flat found.  dividing by flatfield
read ra/dec for target of: (306.080609, 40.561088)
pixel scale is: 0.9854968164244988
x/y of var, cal1, cal2: 554.75839643516 416.75478360081945 248.8139668424991 588.5148609433178 419.0925692700972 146.302025693495
 id  xcenter   ycenter  ...  aper_bkg aper_sum_bkgsub aper_sum_bkgsub_err
       pix       pix    ...                                              
--- --------- --------- ... --------- --------------- -------------------
  1  554.7584 416.75478 ... 146532.51       115902.71           639.68174
  2 248.81397 588.51486 ... 148164.79       225420.79           722.47863
  3 419.09257 146.30203 ... 149113.05       260708.23           747.76957
-----------------------------------------
42
/mnt//archive/draco2/2024/24_10_14//ad0042.fits
flat found.  dividing by flatfield
read ra/dec for target of: (306.080609, 40.561088)
pixel scale is: 0.9853723060489635
x/y of var, cal1, cal2: 555.0929303152607 416.76244424022923 249.16450435513764 588.5201556862211 419.40870456485806 146.26483940070938
 id  xcenter   ycenter  ...  aper_bkg aper_sum_bkgsub aper_sum_bkgsub_err
       pix       pix    ...                                              
--- --------- --------- ... --------- --------------- -------------------
  1 555.09293 416.76244 ...  146572.1       112851.72           637.35462
  2  249.1645 588.52016 ... 148102.75       220304.21           718.84262
  3  419.4087 146.26484 ... 149172.83       254647.72           743.78651
-----------------------------------------
43
/mnt//archive/draco2/2024/24_10_14//ad0043.fits
flat found.  dividing by flatfield
read ra/dec for target of: (306.080609, 40.561088)
pixel scale is: 0.985476568865405
x/y of var, cal1, cal2: 555.7331833559766 416.5860099260247 249.79357997160906 588.3365697930425 420.05972317139793 146.12191164634442
 id  xcenter   ycenter  ...  aper_bkg aper_sum_bkgsub aper_sum_bkgsub_err
       pix       pix    ...                                              
--- --------- --------- ... --------- --------------- -------------------
  1 555.73318 416.58601 ... 146594.37       110069.14           635.20302
  2 249.79358 588.33657 ... 148347.94       214477.11           715.12097
  3 420.05972 146.12191 ... 149764.52       246749.88           739.25903
-----------------------------------------
44
/mnt//archive/draco2/2024/24_10_14//ad0044.fits
flat found.  dividing by flatfield
read ra/dec for target of: (306.080609, 40.561088)
pixel scale is: 0.9854859988808082
x/y of var, cal1, cal2: 556.3463160663414 416.6143334433353 250.38191924166574 588.3729951830812 420.67404119484723 146.15714448754738
 id  xcenter   ycenter  ...  aper_bkg aper_sum_bkgsub aper_sum_bkgsub_err
       pix       pix    ...                                              
--- --------- --------- ... --------- --------------- -------------------
  1 556.34632 416.61433 ...  145202.5       110759.25           633.55289
  2 250.38192   588.373 ... 146900.84       214512.27           713.11917
  3 420.67404 146.15714 ... 147904.31       246499.27           736.56833
