read ra/dec for calibration star of: (0.218629, 60.937206) (0.376096, 60.945706)
automag_driver: using file automag_driver
aperture parameters; rad, r_in, r_out: 5.0, 15.0, 25.0
-----------------------------------------
69
/mnt//archive/draco2/2024/24_11_22//ad0069.fits
flat found.  dividing by flatfield
read ra/dec for target of: (0.246827, 60.959009)
pixel scale is: 0.982913434640032
x/y of var, cal1, cal2: 554.4051832420896 415.4946260482071 518.8906639931157 502.84797511002046 789.2498479100094 423.25599261132345
 id  xcenter   ycenter  ...  aper_bkg aper_sum_bkgsub aper_sum_bkgsub_err
       pix       pix    ...                                              
--- --------- --------- ... --------- --------------- -------------------
  1 554.40518 415.49463 ... 15232.411       54460.163            291.8047
  2 518.89066 502.84798 ... 15169.243       32003.811           250.13456
  3 789.24985 423.25599 ... 14955.641       17687.499           218.68649
-----------------------------------------
70
/mnt//archive/draco2/2024/24_11_22//ad0070.fits
flat found.  dividing by flatfield
read ra/dec for target of: (0.246827, 60.959009)
pixel scale is: 0.9827966196891431
x/y of var, cal1, cal2: 554.5537235365317 415.34861334705636 519.0441370834249 502.713327361741 789.3821899287118 423.1044071185887
 id  xcenter   ycenter  ...  aper_bkg aper_sum_bkgsub aper_sum_bkgsub_err
       pix       pix    ...                                              
--- --------- --------- ... --------- --------------- -------------------
  1 554.55372 415.34861 ... 15388.459       52166.068            288.3886
  2 519.04414 502.71333 ...  15357.72       30985.672           248.84958
  3 789.38219 423.10441 ... 14981.206       16420.675           215.88906
-----------------------------------------
71
/mnt//archive/draco2/2024/24_11_22//ad0071.fits
flat found.  dividing by flatfield
read ra/dec for target of: (0.246827, 60.959009)
pixel scale is: 0.9828808563929015
x/y of var, cal1, cal2: 554.5442707645652 415.2941141164298 519.0362946676893 502.6523908895381 789.3569468628287 423.0422971797386
 id  xcenter   ycenter  ...  aper_bkg aper_sum_bkgsub aper_sum_bkgsub_err
       pix       pix    ...                                              
--- --------- --------- ... --------- --------------- -------------------
  1 554.54427 415.29411 ... 15479.141       52160.623           288.69344
  2 519.03629 502.65239 ... 15453.921       30705.689           248.67354
  3 789.35695  423.0423 ... 15146.934       17136.319           218.30068
-----------------------------------------
72
/mnt//archive/draco2/2024/24_11_22//ad0072.fits
flat found.  dividing by flatfield
read ra/dec for target of: (0.246827, 60.959009)
pixel scale is: 0.9828446816340084
x/y of var, cal1, cal2: 554.4463800966793 415.0111492908609 518.9377000613574 502.371932992245 789.2655147124276 422.76430207014306
 id  xcenter   ycenter  ...  aper_bkg aper_sum_bkgsub aper_sum_bkgsub_err
       pix       pix    ...                                              
--- --------- --------- ... --------- --------------- -------------------
  1 554.44638 415.01115 ... 15366.808       51631.327           287.38466
  2  518.9377 502.37193 ... 15304.845       30287.204           247.22843
  3 789.26551  422.7643 ... 15054.311       16325.366           216.00692
