read ra/dec for calibration star of: (305.960967, 40.530128) (306.050338, 40.640669)
automag_driver: using file automag_driver
aperture parameters; rad, r_in, r_out: 5.0, 15.0, 25.0
-----------------------------------------
201
/mnt//archive/draco2/2024/24_11_22//ad0201.fits
flat found.  dividing by flatfield
read ra/dec for target of: (306.080609, 40.561088)
pixel scale is: 0.9832608749034484
x/y of var, cal1, cal2: 554.6484963641473 416.70006147083484 246.57127185313863 586.1763032943816 420.9121996309318 144.45909197963556
 id  xcenter   ycenter  ...  aper_bkg aper_sum_bkgsub aper_sum_bkgsub_err
       pix       pix    ...                                              
--- --------- --------- ... --------- --------------- -------------------
  1  554.6485 416.70006 ... 5640.8649       2436.6816           118.08222
  2 246.57127  586.1763 ... 5952.3432       19024.774           176.50626
  3  420.9122 144.45909 ... 5932.2638       22083.186           184.85863
-----------------------------------------
202
/mnt//archive/draco2/2024/24_11_22//ad0202.fits
flat found.  dividing by flatfield
read ra/dec for target of: (306.080609, 40.561088)
pixel scale is: 0.982911025008588
x/y of var, cal1, cal2: 554.9211843674358 416.5256777888639 246.97950028377335 586.0026167890427 421.023354622853 144.16174460312294
 id  xcenter   ycenter  ...  aper_bkg aper_sum_bkgsub aper_sum_bkgsub_err
       pix       pix    ...                                              
--- --------- --------- ... --------- --------------- -------------------
  1 554.92118 416.52568 ... 5792.7098       2231.7186           118.49953
  2  246.9795 586.00262 ... 5720.7388       19207.369           175.70955
  3 421.02335 144.16174 ... 5739.8991       22543.587           185.06319
-----------------------------------------
203
/mnt//archive/draco2/2024/24_11_22//ad0203.fits
flat found.  dividing by flatfield
read ra/dec for target of: (306.080609, 40.561088)
pixel scale is: 0.9830154952601438
x/y of var, cal1, cal2: 555.0354460105145 416.61635834593363 247.10994465065613 586.1762217351065 421.2706236794421 144.325340333229
 id  xcenter   ycenter  ...  aper_bkg aper_sum_bkgsub aper_sum_bkgsub_err
       pix       pix    ...                                              
--- --------- --------- ... --------- --------------- -------------------
  1 555.03545 416.61636 ... 5622.6708       2681.0366           118.95957
  2 247.10994 586.17622 ... 5883.9372       18713.708           175.23294
  3 421.27062 144.32534 ... 5852.5788        21657.66            183.2698
-----------------------------------------
204
/mnt//archive/draco2/2024/24_11_22//ad0204.fits
flat found.  dividing by flatfield
read ra/dec for target of: (306.080609, 40.561088)
pixel scale is: 0.9829140614880182
x/y of var, cal1, cal2: 554.8038137864093 416.64801088493374 246.778007628693 586.193442799621 420.98661399306 144.3150159060291
 id  xcenter   ycenter  ...  aper_bkg aper_sum_bkgsub aper_sum_bkgsub_err
       pix       pix    ...                                              
--- --------- --------- ... --------- --------------- -------------------
  1 554.80381 416.64801 ... 5488.0294        2672.959           117.78802
  2 246.77801 586.19344 ... 5784.4473       19955.915           178.18476
  3 420.98661 144.31502 ... 5599.6799       23107.742           185.82815
