read ra/dec for calibration star of: (337.10892, 58.19507) (337.04309, 58.18527)
automag_driver: using file automag_driver
aperture parameters; rad, r_in, r_out: 5.0, 15.0, 25.0
-----------------------------------------
41
/mnt//archive/draco2/2024/24_11_22//ad0041.fits
flat found.  dividing by flatfield
read ra/dec for target of: (337.208699, 58.21094)
pixel scale is: 0.9828297508842458
x/y of var, cal1, cal2: 555.4966193326203 417.6104033714476 376.045023571824 508.417654665884 257.1060792169021 565.7726330728565
 id  xcenter   ycenter  ...  aper_bkg aper_sum_bkgsub aper_sum_bkgsub_err
       pix       pix    ...                                              
--- --------- --------- ... --------- --------------- -------------------
  1 555.49662  417.6104 ... 4972.0859        27503.16           194.09362
  2 376.04502 508.41765 ... 5166.5958       43265.219           231.99873
  3 257.10608 565.77263 ... 5001.7008       7409.1625           132.80649
-----------------------------------------
42
/mnt//archive/draco2/2024/24_11_22//ad0042.fits
flat found.  dividing by flatfield
read ra/dec for target of: (337.208699, 58.21094)
pixel scale is: 0.982812649244606
x/y of var, cal1, cal2: 555.024773658184 417.331498792166 375.59721394066185 508.15027400022433 256.6750202648703 565.5128411995987
 id  xcenter   ycenter  ...  aper_bkg aper_sum_bkgsub aper_sum_bkgsub_err
       pix       pix    ...                                              
--- --------- --------- ... --------- --------------- -------------------
  1 555.02477  417.3315 ... 4890.0826        26545.01             191.181
  2 375.59721 508.15027 ... 5303.6671       40952.301           227.56238
  3 256.67502 565.51284 ... 5066.6177        7581.928            133.9409
-----------------------------------------
43
/mnt//archive/draco2/2024/24_11_22//ad0043.fits
flat found.  dividing by flatfield
read ra/dec for target of: (337.208699, 58.21094)
pixel scale is: 0.9828983780263927
x/y of var, cal1, cal2: 555.6152867216251 417.4392421861938 376.1881998840138 508.2428631048895 257.2658273187277 565.5956329590231
 id  xcenter   ycenter  ...  aper_bkg aper_sum_bkgsub aper_sum_bkgsub_err
       pix       pix    ...                                              
--- --------- --------- ... --------- --------------- -------------------
  1 555.61529 417.43924 ... 4839.3347       27140.721           192.46919
  2  376.1882 508.24286 ... 5152.4439       42765.984           230.85899
  3 257.26583 565.59563 ... 5140.4928       7112.8206           132.73585
-----------------------------------------
44
/mnt//archive/draco2/2024/24_11_22//ad0044.fits
flat found.  dividing by flatfield
read ra/dec for target of: (337.208699, 58.21094)
pixel scale is: 0.9829486221169015
x/y of var, cal1, cal2: 555.5002620131828 417.7012391668947 376.0820496670913 508.50075120394 257.1652595904148 565.8509425085692
 id  xcenter   ycenter  ...  aper_bkg aper_sum_bkgsub aper_sum_bkgsub_err
       pix       pix    ...                                              
--- --------- --------- ... --------- --------------- -------------------
  1 555.50026 417.70124 ... 4970.7759       27272.547           193.49186
  2 376.08205 508.50075 ... 5108.7023       42801.187           230.74573
  3 257.16526 565.85094 ... 5067.4565       7600.9031           134.01797
