read ra/dec for calibration star of: (300.997825, 32.507628) (300.895592, 32.512811)
automag_driver: using file automag_driver
aperture parameters; rad, r_in, r_out: 5.0, 15.0, 25.0
-----------------------------------------
218
/mnt//archive/draco2/2024/24_11_10//ad0218.fits
flat found.  dividing by flatfield
read ra/dec for target of: (301.009037, 32.450705)
pixel scale is: 0.9853904605235868
x/y of var, cal1, cal2: 553.5129741138849 416.7244338901394 474.74889245895804 221.13292662210898 163.06915386575605 270.4916634019866
 id  xcenter   ycenter  ...  aper_bkg aper_sum_bkgsub aper_sum_bkgsub_err
       pix       pix    ...                                              
--- --------- --------- ... --------- --------------- -------------------
  1 553.51297 416.72443 ... 155712.93       7866.3987           565.25858
  2 474.74889 221.13293 ...  158112.8       67158.579           619.36192
  3 163.06915 270.49166 ... 159089.71       47631.979           605.00942
-----------------------------------------
219
/mnt//archive/draco2/2024/24_11_10//ad0219.fits
flat found.  dividing by flatfield
read ra/dec for target of: (301.009037, 32.450705)
pixel scale is: 0.9851032484012919
x/y of var, cal1, cal2: 553.2710214711765 416.7701332098538 474.4952828560246 221.1193815453845 162.8402598174407 270.48377476921183
 id  xcenter   ycenter  ...  aper_bkg aper_sum_bkgsub aper_sum_bkgsub_err
       pix       pix    ...                                              
--- --------- --------- ... --------- --------------- -------------------
  1 553.27102 416.77013 ... 146099.17       9512.5988           549.48697
  2 474.49528 221.11938 ... 148331.78       86630.509           619.28916
  3 162.84026 270.48377 ... 149128.23       62673.166           600.96142
-----------------------------------------
220
/mnt//archive/draco2/2024/24_11_10//ad0220.fits
flat found.  dividing by flatfield
read ra/dec for target of: (301.009037, 32.450705)
pixel scale is: 0.9853846483997104
x/y of var, cal1, cal2: 553.337298430373 416.58089084017155 474.54845946110663 220.98630407979354 162.84522568088585 270.3377583610833
 id  xcenter   ycenter  ...  aper_bkg aper_sum_bkgsub aper_sum_bkgsub_err
       pix       pix    ...                                              
--- --------- --------- ... --------- --------------- -------------------
  1  553.3373 416.58089 ...  146927.4        9725.612           551.18545
  2 474.54846  220.9863 ... 149830.86       85683.405           620.94293
  3 162.84523 270.33776 ... 150755.98       62718.001           603.70106
-----------------------------------------
221
/mnt//archive/draco2/2024/24_11_10//ad0221.fits
flat found.  dividing by flatfield
read ra/dec for target of: (301.009037, 32.450705)
pixel scale is: 0.9854397787678447
x/y of var, cal1, cal2: 553.485243591891 416.5343020996217 474.70364139914443 220.96129876019634 163.02083053613995 270.35208341006506
 id  xcenter   ycenter  ...  aper_bkg aper_sum_bkgsub aper_sum_bkgsub_err
       pix       pix    ...                                              
--- --------- --------- ... --------- --------------- -------------------
  1 553.48524  416.5343 ... 137158.54       13374.765           536.57884
  2 474.70364  220.9613 ... 139431.23       114797.58           627.60261
  3 163.02083 270.35208 ... 139819.53       84838.537           603.90611
