read ra/dec for calibration star of: (329.455221, 56.2075) (329.569579, 56.130481)
automag_driver: using file automag_driver
aperture parameters; rad, r_in, r_out: 5.0, 15.0, 25.0
-----------------------------------------
45
/mnt//archive/draco2/2024/24_11_25//ad0045.fits
flat found.  dividing by flatfield
read ra/dec for target of: (329.469547, 56.1639)
pixel scale is: 0.9837931963692529
x/y of var, cal1, cal2: 554.9295377083027 416.2491930910628 519.4245736428849 257.9966567699588 763.5863101285443 530.1266421532401
 id  xcenter   ycenter  ...  aper_bkg aper_sum_bkgsub aper_sum_bkgsub_err
       pix       pix    ...                                              
--- --------- --------- ... --------- --------------- -------------------
  1 554.92954 416.24919 ... 23784.725       73967.813            348.9445
  2 519.42457 257.99666 ... 24004.455       86433.674           366.97082
  3 763.58631 530.12664 ... 23197.551       19439.971           257.02154
-----------------------------------------
46
/mnt//archive/draco2/2024/24_11_25//ad0046.fits
flat found.  dividing by flatfield
read ra/dec for target of: (329.469547, 56.1639)
pixel scale is: 0.9838305511156504
x/y of var, cal1, cal2: 555.2107958185456 416.2018241596026 519.707292985312 257.95385697011704 763.870984541824 530.0834094610736
 id  xcenter   ycenter  ...  aper_bkg aper_sum_bkgsub aper_sum_bkgsub_err
       pix       pix    ...                                              
--- --------- --------- ... --------- --------------- -------------------
  1  555.2108 416.20182 ... 23063.499       83070.019           359.75272
  2 519.70729 257.95386 ...  23420.65        98594.58           381.65545
  3 763.87098 530.08341 ... 22754.345       21407.067           259.11534
-----------------------------------------
47
/mnt//archive/draco2/2024/24_11_25//ad0047.fits
flat found.  dividing by flatfield
read ra/dec for target of: (329.469547, 56.1639)
pixel scale is: 0.9837466137886252
x/y of var, cal1, cal2: 554.994427891548 416.0223907906741 519.4845951595559 257.75760130316473 763.6720074713115 529.9331996260062
 id  xcenter   ycenter  ...  aper_bkg aper_sum_bkgsub aper_sum_bkgsub_err
       pix       pix    ...                                              
--- --------- --------- ... --------- --------------- -------------------
  1 554.99443 416.02239 ... 24812.998       78299.626           357.98132
  2  519.4846  257.7576 ... 25310.619       91437.264           377.20485
  3 763.67201  529.9332 ... 24452.425       20137.852           263.18758
-----------------------------------------
48
/mnt//archive/draco2/2024/24_11_25//ad0048.fits
flat found.  dividing by flatfield
read ra/dec for target of: (329.469547, 56.1639)
pixel scale is: 0.9838386165896593
x/y of var, cal1, cal2: 555.2748689738036 415.8693441082507 519.7714035066833 257.62597819648914 763.9426534753004 529.7305763455504
 id  xcenter   ycenter  ...  aper_bkg aper_sum_bkgsub aper_sum_bkgsub_err
       pix       pix    ...                                              
--- --------- --------- ... --------- --------------- -------------------
  1 555.27487 415.86934 ...  30575.75       56493.452           343.32194
  2  519.7714 257.62598 ... 31033.539       65898.804           358.03754
  3 763.94265 529.73058 ...  30013.31       14793.969            273.9445
