read ra/dec for calibration star of: (300.997825, 32.507628) (300.895592, 32.512811)
automag_driver: using file automag_driver
aperture parameters; rad, r_in, r_out: 5.0, 15.0, 25.0
-----------------------------------------
136
/mnt//archive/draco2/2024/24_11_14//ad0136.fits
flat found.  dividing by flatfield
read ra/dec for target of: (301.009037, 32.450705)
pixel scale is: 0.984132129486468
x/y of var, cal1, cal2: 533.037265034159 432.63804795921374 462.5760726447771 233.62185783040277 148.77478799608468 269.7155320588959
 id  xcenter   ycenter  ...  aper_bkg aper_sum_bkgsub aper_sum_bkgsub_err
       pix       pix    ...                                              
--- --------- --------- ... --------- --------------- -------------------
  1 533.03727 432.63805 ... 114217.62       50843.011           528.68066
  2 462.57607 233.62186 ... 115193.37       470595.35           837.38109
  3 148.77479 269.71553 ... 115595.38       349101.05           761.91653
-----------------------------------------
137
/mnt//archive/draco2/2024/24_11_14//ad0137.fits
flat found.  dividing by flatfield
read ra/dec for target of: (301.009037, 32.450705)
pixel scale is: 0.9841971386854474
x/y of var, cal1, cal2: 532.946509383523 432.273913503202 462.4875889771147 233.27195544479457 148.69330205082548 269.3680825909309
 id  xcenter   ycenter  ...  aper_bkg aper_sum_bkgsub aper_sum_bkgsub_err
       pix       pix    ...                                              
--- --------- --------- ... --------- --------------- -------------------
  1 532.94651 432.27391 ... 113602.94       51252.823           527.90501
  2 462.48759 233.27196 ... 114516.59       475893.94           839.73336
  3  148.6933 269.36808 ... 114682.82       350581.87           761.69056
