read ra/dec for calibration star of: (304.067125, 42.123947) (303.970146, 42.191825)
automag_driver: using file automag_driver
aperture parameters; rad, r_in, r_out: 5.0, 15.0, 25.0
-----------------------------------------
173
/mnt//archive/draco2/2019/19_01_07//ad0173.fits
flat found.  dividing by flatfield
read ra/dec for target of: (304.052831, 42.108719)
pixel scale is: 0.9869596922100572
x/y of var, cal1, cal2: 596.2734392684372 311.5826759465636 550.8039940158495 361.71759522851016 779.0282594735904 640.9563157812339
 id  xcenter   ycenter  ...  aper_bkg aper_sum_bkgsub aper_sum_bkgsub_err
       pix       pix    ...                                              
--- --------- --------- ... --------- --------------- -------------------
  1 596.27344 311.58268 ...  10442.87       30978.675           228.23106
  2 550.80399  361.7176 ... 10651.942       39430.106           246.89874
  3 779.02826 640.95632 ...  10781.51       20494.356           205.62679
-----------------------------------------
174
/mnt//archive/draco2/2019/19_01_07//ad0174.fits
flat found.  dividing by flatfield
read ra/dec for target of: (304.052831, 42.108719)
pixel scale is: 0.9873631187109088
x/y of var, cal1, cal2: 593.733141081617 306.6726288898948 548.2732522215896 356.778879433048 776.3540062648879 635.9445687755979
 id  xcenter   ycenter  ...  aper_bkg aper_sum_bkgsub aper_sum_bkgsub_err
       pix       pix    ...                                              
--- --------- --------- ... --------- --------------- -------------------
  1 593.73314 306.67263 ... 10315.498       24015.106             211.828
  2 548.27325 356.77888 ... 10307.153       29503.237           224.37144
  3 776.35401 635.94457 ... 10674.554       15085.243           191.46632
-----------------------------------------
175
/mnt//archive/draco2/2019/19_01_07//ad0175.fits
flat found.  dividing by flatfield
read ra/dec for target of: (304.052831, 42.108719)
pixel scale is: 0.9872286921729261
x/y of var, cal1, cal2: 594.1028474498348 308.24014054072086 548.6163266777328 358.3346497215646 776.6141412523378 637.6313784728675
 id  xcenter   ycenter  ...  aper_bkg aper_sum_bkgsub aper_sum_bkgsub_err
       pix       pix    ...                                              
--- --------- --------- ... --------- --------------- -------------------
  1 594.10285 308.24014 ... 10354.101       29428.522           224.41418
  2 548.61633 358.33465 ... 10246.482       36908.972           240.05611
  3 776.61414 637.63138 ...  10555.77       19143.507           201.19654
-----------------------------------------
176
/mnt//archive/draco2/2019/19_01_07//ad0176.fits
flat found.  dividing by flatfield
read ra/dec for target of: (304.052831, 42.108719)
pixel scale is: 0.9872604795923866
x/y of var, cal1, cal2: 592.5773934266164 308.0414283865442 547.1285278676263 358.1671666804272 775.3206789757223 637.2901737142794
 id  xcenter   ycenter  ...  aper_bkg aper_sum_bkgsub aper_sum_bkgsub_err
       pix       pix    ...                                              
--- --------- --------- ... --------- --------------- -------------------
  1 592.57739 308.04143 ... 10357.922        26625.12           218.09623
  2 547.12853 358.16717 ... 10342.791       34087.046           234.51573
  3 775.32068 637.29017 ... 10535.553       18273.372           198.92078
-----------------------------------------
177
/mnt//archive/draco2/2019/19_01_07//ad0177.fits
flat found.  dividing by flatfield
read ra/dec for target of: (304.052831, 42.108719)
pixel scale is: 0.9871929409569554
x/y of var, cal1, cal2: 592.4434474858966 308.7965070549804 546.9772650024897 358.91278573905413 775.1058732816002 638.1195588252247
 id  xcenter   ycenter  ...  aper_bkg aper_sum_bkgsub aper_sum_bkgsub_err
       pix       pix    ...                                              
--- --------- --------- ... --------- --------------- -------------------
  1 592.44345 308.79651 ... 10161.852       31433.592           227.99626
  2 546.97727 358.91279 ... 10147.903       40074.847           246.16185
  3 775.10587 638.11956 ... 10361.102       20204.327            202.8584
