read ra/dec for calibration star of: (357.9345179, 58.80670872) (358.2382563, 58.73296991)
automag_driver: using file automag_driver
aperture parameters; rad, r_in, r_out: 5.0, 15.0, 25.0
-----------------------------------------
118
/mnt//archive/draco2/2024/24_10_31//ad0118.fits
flat found.  dividing by flatfield
read ra/dec for target of: (358.02930081425, 58.74172448295)
pixel scale is: 0.9857346688775459
x/y of var, cal1, cal2: 552.2534655490216 417.19516382066644 777.3322756222971 611.7867630357803 158.41804726192004 469.57311641351976
 id  xcenter   ycenter  ...  aper_bkg aper_sum_bkgsub aper_sum_bkgsub_err
       pix       pix    ...                                              
--- --------- --------- ... --------- --------------- -------------------
  1 552.25347 417.19516 ... 5974.1303       268317.44           529.61373
  2 777.33228 611.78676 ... 6028.0683       136201.19           385.33405
  3 158.41805 469.57312 ...  6021.532       46809.882           243.05955
-----------------------------------------
119
/mnt//archive/draco2/2024/24_10_31//ad0119.fits
flat found.  dividing by flatfield
read ra/dec for target of: (358.02930081425, 58.74172448295)
pixel scale is: 0.9856921245852163
x/y of var, cal1, cal2: 552.406513372507 417.34666262418403 777.4699470823882 611.9431239170412 158.57036028396345 469.73306512460147
 id  xcenter   ycenter  ...  aper_bkg aper_sum_bkgsub aper_sum_bkgsub_err
       pix       pix    ...                                              
--- --------- --------- ... --------- --------------- -------------------
  1 552.40651 417.34666 ... 6091.4069       264893.25           526.59383
  2 777.46995 611.94312 ... 5873.7268       135486.64           384.00403
  3 158.57036 469.73307 ... 6024.5627       46599.531           242.63894
-----------------------------------------
120
/mnt//archive/draco2/2024/24_10_31//ad0120.fits
flat found.  dividing by flatfield
read ra/dec for target of: (358.02930081425, 58.74172448295)
pixel scale is: 0.9856456336825019
x/y of var, cal1, cal2: 552.5970936816859 417.4159500459873 777.6935613746892 612.0289986274616 158.72362950384866 469.7918608673093
 id  xcenter   ycenter  ...  aper_bkg aper_sum_bkgsub aper_sum_bkgsub_err
       pix       pix    ...                                              
--- --------- --------- ... --------- --------------- -------------------
  1 552.59709 417.41595 ... 6171.8667       267817.46           529.51505
  2 777.69356   612.029 ... 6062.3533       135070.85           383.95385
  3 158.72363 469.79186 ... 6183.6091       46433.605           242.95231
-----------------------------------------
121
/mnt//archive/draco2/2024/24_10_31//ad0121.fits
flat found.  dividing by flatfield
read ra/dec for target of: (358.02930081425, 58.74172448295)
pixel scale is: 0.9858436254993171
x/y of var, cal1, cal2: 552.6690336522627 417.3412250771363 777.7101426102565 611.8929549495003 158.86610063297297 469.74552175176325
 id  xcenter   ycenter  ...  aper_bkg aper_sum_bkgsub aper_sum_bkgsub_err
       pix       pix    ...                                              
--- --------- --------- ... --------- --------------- -------------------
  1 552.66903 417.34123 ... 6042.8366       267035.79           528.53237
  2 777.71014 611.89295 ... 5878.5102       135364.66           383.85763
  3  158.8661 469.74552 ... 5983.5387       46605.184           242.48147
