read ra/dec for calibration star of: (305.960967, 40.530128) (306.050338, 40.640669)
automag_driver: using file automag_driver
aperture parameters; rad, r_in, r_out: 5.0, 15.0, 25.0
-----------------------------------------
109
/mnt//archive/west-14/2024/24_11_11//ad0109.fits
flat found.  dividing by flatfield
read ra/dec for target of: (306.080609, 40.561088)
pixel scale is: 0.9108514229760598
x/y of var, cal1, cal2: 565.2765072502457 380.1253656643761 919.984866821263 245.9545768371738 666.6061239822516 691.4303752407138
 id  xcenter   ycenter  ...  aper_bkg aper_sum_bkgsub aper_sum_bkgsub_err
       pix       pix    ...                                              
--- --------- --------- ... --------- --------------- -------------------
  1 565.27651 380.12537 ... 20640.286       27530.681           262.74751
  2 919.98487 245.95458 ... 20659.068       98063.943           373.64031
  3 666.60612 691.43038 ...  20690.61       115572.32           396.45749
-----------------------------------------
110
/mnt//archive/west-14/2024/24_11_11//ad0110.fits
flat found.  dividing by flatfield
read ra/dec for target of: (306.080609, 40.561088)
pixel scale is: 0.9107959703993934
x/y of var, cal1, cal2: 566.4460488884212 380.07862298243083 921.0876681946247 245.9124222071523 667.8102615567259 691.4062527347569
 id  xcenter   ycenter  ...  aper_bkg aper_sum_bkgsub aper_sum_bkgsub_err
       pix       pix    ...                                              
--- --------- --------- ... --------- --------------- -------------------
  1 566.44605 380.07862 ... 20436.697       27798.391           262.48197
  2 921.08767 245.91242 ... 20385.827       95750.245           369.79305
  3 667.81026 691.40625 ... 20586.877       113808.27           393.96323
-----------------------------------------
111
/mnt//archive/west-14/2024/24_11_11//ad0111.fits
flat found.  dividing by flatfield
read ra/dec for target of: (306.080609, 40.561088)
pixel scale is: 0.9107785036344024
x/y of var, cal1, cal2: 564.9326117921299 379.70213390541596 919.6174289380731 245.52129513092606 666.2921516368457 691.0322770843738
 id  xcenter   ycenter  ...  aper_bkg aper_sum_bkgsub aper_sum_bkgsub_err
       pix       pix    ...                                              
--- --------- --------- ... --------- --------------- -------------------
  1 564.93261 379.70213 ... 20308.863       27969.342           262.32054
  2 919.61743  245.5213 ... 20500.606       96714.418           371.40359
  3 666.29215 691.03228 ... 20560.828       114409.16           394.65911
-----------------------------------------
112
/mnt//archive/west-14/2024/24_11_11//ad0112.fits
flat found.  dividing by flatfield
read ra/dec for target of: (306.080609, 40.561088)
pixel scale is: 0.91067519023036
x/y of var, cal1, cal2: 563.0730529939036 379.4997597923154 917.8050141577029 245.27478629549438 664.3787826905477 690.8569432503384
 id  xcenter   ycenter  ...  aper_bkg aper_sum_bkgsub aper_sum_bkgsub_err
       pix       pix    ...                                              
--- --------- --------- ... --------- --------------- -------------------
  1 563.07305 379.49976 ... 20215.997       28589.793           263.14784
  2 917.80501 245.27479 ... 20443.553       98629.573           373.82038
  3 664.37878 690.85694 ... 20314.557       115588.28             395.528
