read ra/dec for calibration star of: (300.997825, 32.507628) (300.895592, 32.512811)
automag_driver: using file automag_driver
aperture parameters; rad, r_in, r_out: 5.0, 15.0, 25.0
-----------------------------------------
49
/mnt//archive/draco2/2024/24_10_31//ad0049.fits
flat found.  dividing by flatfield
read ra/dec for target of: (301.009037, 32.450705)
pixel scale is: 0.9860534640954933
x/y of var, cal1, cal2: 554.6058049715028 415.3065851894224 475.8691578660073 219.87522334680713 164.42218830025047 269.31410344953156
 id  xcenter   ycenter  ...  aper_bkg aper_sum_bkgsub aper_sum_bkgsub_err
       pix       pix    ...                                              
--- --------- --------- ... --------- --------------- -------------------
  1  554.6058 415.30659 ... 48495.121       60609.379           397.27147
  2 475.86916 219.87522 ... 48965.922       577211.04            821.8077
  3 164.42219  269.3141 ... 49696.222       452117.02           742.78831
-----------------------------------------
50
/mnt//archive/draco2/2024/24_10_31//ad0050.fits
flat found.  dividing by flatfield
read ra/dec for target of: (301.009037, 32.450705)
pixel scale is: 0.9860433229597569
x/y of var, cal1, cal2: 554.4954830559745 415.31138008926507 475.7584855315578 219.8779450204973 164.31125831872737 269.3170836309472
 id  xcenter   ycenter  ...  aper_bkg aper_sum_bkgsub aper_sum_bkgsub_err
       pix       pix    ...                                              
--- --------- --------- ... --------- --------------- -------------------
  1 554.49548 415.31138 ... 48252.195       60690.878           396.76223
  2 475.75849 219.87795 ...  49116.35       585083.28           826.76537
  3 164.31126 269.31708 ... 49329.326       449553.93           740.56572
-----------------------------------------
51
/mnt//archive/draco2/2024/24_10_31//ad0051.fits
flat found.  dividing by flatfield
read ra/dec for target of: (301.009037, 32.450705)
pixel scale is: 0.9860649302814761
x/y of var, cal1, cal2: 554.6804992527611 415.33984007925034 475.955024798792 219.91166432771098 164.52218802055194 269.3535734073488
 id  xcenter   ycenter  ...  aper_bkg aper_sum_bkgsub aper_sum_bkgsub_err
       pix       pix    ...                                              
--- --------- --------- ... --------- --------------- -------------------
  1  554.6805 415.33984 ... 48132.355       60899.171           396.72268
  2 475.95502 219.91166 ... 49067.776       585883.65           827.19055
  3 164.52219 269.35357 ... 49301.089       451265.98           741.68265
-----------------------------------------
52
/mnt//archive/draco2/2024/24_10_31//ad0052.fits
flat found.  dividing by flatfield
read ra/dec for target of: (301.009037, 32.450705)
pixel scale is: 0.9860850764014711
x/y of var, cal1, cal2: 555.3940331198393 415.31165071930013 476.65439893029315 219.88342923540873 165.20866675687165 269.3083685358164
 id  xcenter   ycenter  ...  aper_bkg aper_sum_bkgsub aper_sum_bkgsub_err
       pix       pix    ...                                              
--- --------- --------- ... --------- --------------- -------------------
  1 555.39403 415.31165 ... 48169.779        60885.47           396.79973
  2  476.6544 219.88343 ... 48858.203       581240.97           824.12522
  3 165.20867 269.30837 ... 49374.444       453800.73           743.48815
