read ra/dec for calibration star of: (359.428633, 62.690422) (359.62416, 62.747272)
automag_driver: using file automag_driver
aperture parameters; rad, r_in, r_out: 5.0, 15.0, 25.0
-----------------------------------------
33
/mnt//archive/draco2/2020/20_10_23//ad0033.fits
no flat found.  will not flatfield
read ra/dec for target of: (359.395668, 62.718246)
pixel scale is: 0.9862451054594313
x/y of var, cal1, cal2: 566.0297379103982 422.0169819690338 514.20150367271 318.7279234723977 180.88968826353857 516.175745959038
 id  xcenter   ycenter  ...  aper_bkg aper_sum_bkgsub aper_sum_bkgsub_err
       pix       pix    ...                                              
--- --------- --------- ... --------- --------------- -------------------
  1 566.02974 422.01698 ... 7832.3465       260045.78           525.29561
  2  514.2015 318.72792 ...  7590.109       33257.865           220.59711
  3 180.88969 516.17575 ... 7751.6007       41758.251           239.76333
-----------------------------------------
34
/mnt//archive/draco2/2020/20_10_23//ad0034.fits
no flat found.  will not flatfield
read ra/dec for target of: (359.395668, 62.718246)
pixel scale is: 0.9862939736774371
x/y of var, cal1, cal2: 566.7102168429678 422.0510235823935 514.8572852811571 318.7578408194944 181.63234155047616 516.1364343937851
 id  xcenter   ycenter  ...  aper_bkg aper_sum_bkgsub aper_sum_bkgsub_err
       pix       pix    ...                                              
--- --------- --------- ... --------- --------------- -------------------
  1 566.71022 422.05102 ... 7670.0947       266231.71           530.84545
  2 514.85729 318.75784 ...  7508.619        33410.47           220.57359
  3 181.63234 516.13643 ... 7750.8326       42739.037           241.79682
-----------------------------------------
35
/mnt//archive/draco2/2020/20_10_23//ad0035.fits
no flat found.  will not flatfield
read ra/dec for target of: (359.395668, 62.718246)
pixel scale is: 0.98647849494904
x/y of var, cal1, cal2: 567.0833460294434 422.2417810257853 515.2330086162083 318.96845779412035 182.0011732421932 516.3135885097422
 id  xcenter   ycenter  ...  aper_bkg aper_sum_bkgsub aper_sum_bkgsub_err
       pix       pix    ...                                              
--- --------- --------- ... --------- --------------- -------------------
  1 567.08335 422.24178 ... 7667.2256       257834.73           522.87109
  2 515.23301 318.96846 ... 7425.1027       33429.093           220.23691
  3 182.00117 516.31359 ... 7747.9332       41557.142           239.32825
-----------------------------------------
36
/mnt//archive/draco2/2020/20_10_23//ad0036.fits
no flat found.  will not flatfield
read ra/dec for target of: (359.395668, 62.718246)
pixel scale is: 0.9863435483863907
x/y of var, cal1, cal2: 567.1381526679309 422.29754723772743 515.2715160998995 319.00558993949096 182.02362628498975 516.34878939018
 id  xcenter   ycenter  ...  aper_bkg aper_sum_bkgsub aper_sum_bkgsub_err
       pix       pix    ...                                              
--- --------- --------- ... --------- --------------- -------------------
  1 567.13815 422.29755 ... 7750.0535        261096.3            526.1382
  2 515.27152 319.00559 ... 7507.8643       33009.346             219.659
  3 182.02363 516.34879 ... 7750.0535       41173.508           238.53431
