read ra/dec for calibration star of: (354.875121, 62.338367) (354.894929, 62.361394)
automag_driver: using file automag_driver
aperture parameters; rad, r_in, r_out: 5.0, 15.0, 25.0
-----------------------------------------
193
/mnt//archive/far-east-20/2024/24_10_17//ad0193.fits
flat found.  dividing by flatfield
read ra/dec for target of: (354.863724, 62.372141)
pixel scale is: 1.0708891701206522
x/y of var, cal1, cal2: 433.54490725871165 434.54652914946433 446.5552684666986 548.7349932610996 480.67660898769054 472.6971202062073
 id  xcenter   ycenter  ...  aper_bkg aper_sum_bkgsub aper_sum_bkgsub_err
       pix       pix    ...                                              
--- --------- --------- ... --------- --------------- -------------------
  1 433.54491 434.54653 ... 82927.334       66913.369           482.69352
  2 446.55527 548.73499 ... 82957.772         53281.7           468.42528
  3 480.67661 472.69712 ... 82871.332       5239.0197           413.77129
-----------------------------------------
194
/mnt//archive/far-east-20/2024/24_10_17//ad0194.fits
flat found.  dividing by flatfield
read ra/dec for target of: (354.863724, 62.372141)
pixel scale is: 1.0710642664752397
x/y of var, cal1, cal2: 433.66985528115526 434.71860858022757 446.6758544510693 548.8854838436359 480.79280118137757 472.852383301947
 id  xcenter   ycenter  ...  aper_bkg aper_sum_bkgsub aper_sum_bkgsub_err
       pix       pix    ...                                              
--- --------- --------- ... --------- --------------- -------------------
  1 433.66986 434.71861 ... 69610.114       78022.021           466.33384
  2 446.67585 548.88548 ... 70590.136       61191.161           450.10713
  3  480.7928 472.85238 ... 69998.755       5134.1179           381.25664
-----------------------------------------
195
/mnt//archive/far-east-20/2024/24_10_17//ad0195.fits
flat found.  dividing by flatfield
read ra/dec for target of: (354.863724, 62.372141)
pixel scale is: 1.0715957909570204
x/y of var, cal1, cal2: 433.42275084071235 434.6639964530202 446.42977964101254 548.7768847813543 480.5474731617222 472.7884265694134
 id  xcenter   ycenter  ...  aper_bkg aper_sum_bkgsub aper_sum_bkgsub_err
       pix       pix    ...                                              
--- --------- --------- ... --------- --------------- -------------------
  1 433.42275   434.664 ... 77527.216       68766.637           473.33505
  2 446.42978 548.77688 ...  78114.54        54468.31           459.26288
  3 480.54747 472.78843 ... 77669.679       5257.9443           401.02656
-----------------------------------------
196
/mnt//archive/far-east-20/2024/24_10_17//ad0196.fits
flat found.  dividing by flatfield
read ra/dec for target of: (354.863724, 62.372141)
pixel scale is: 1.070437108765602
x/y of var, cal1, cal2: 433.20546577103306 435.04268642638 446.18929000001464 549.2738449137389 480.319350460483 473.18935587722495
 id  xcenter   ycenter  ...  aper_bkg aper_sum_bkgsub aper_sum_bkgsub_err
       pix       pix    ...                                              
--- --------- --------- ... --------- --------------- -------------------
  1 433.20547 435.04269 ... 79484.038       68197.834           476.85523
  2 446.18929 549.27384 ...  80312.91       54160.869           463.69353
  3 480.31935 473.18936 ... 79683.217       4757.0152           405.39912
