read ra/dec for calibration star of: (305.960967, 40.530128) (306.050338, 40.640669)
automag_driver: using file automag_driver
aperture parameters; rad, r_in, r_out: 5.0, 15.0, 25.0
-----------------------------------------
194
/mnt//archive/draco2/2024/24_11_10//ad0194.fits
flat found.  dividing by flatfield
read ra/dec for target of: (306.080609, 40.561088)
pixel scale is: 0.9853298546335888
x/y of var, cal1, cal2: 556.0661888616612 417.1614434125297 256.13211052420104 599.2302237228174 411.13943609225777 151.42220963712606
 id  xcenter   ycenter  ...  aper_bkg aper_sum_bkgsub aper_sum_bkgsub_err
       pix       pix    ...                                              
--- --------- --------- ... --------- --------------- -------------------
  1 556.06619 417.16144 ... 35593.609       6268.4038           278.71243
  2 256.13211 599.23022 ... 35898.341       22329.302           307.16605
  3 411.13944 151.42221 ... 36606.934       23919.725           312.02339
-----------------------------------------
195
/mnt//archive/draco2/2024/24_11_10//ad0195.fits
flat found.  dividing by flatfield
read ra/dec for target of: (306.080609, 40.561088)
pixel scale is: 0.9853939075761753
x/y of var, cal1, cal2: 555.9277307153446 416.85268737539866 255.95889757249643 598.9209086320892 411.03892435114074 151.13618831916546
 id  xcenter   ycenter  ...  aper_bkg aper_sum_bkgsub aper_sum_bkgsub_err
       pix       pix    ...                                              
--- --------- --------- ... --------- --------------- -------------------
  1 555.92773 416.85269 ... 36959.987       4744.0346           280.87187
  2  255.9589 598.92091 ... 37695.599       17223.285           304.69572
  3 411.03892 151.13619 ... 37629.347       21272.399           311.05642
-----------------------------------------
196
/mnt//archive/draco2/2024/24_11_10//ad0196.fits
flat found.  dividing by flatfield
read ra/dec for target of: (306.080609, 40.561088)
pixel scale is: 0.9851621924301819
x/y of var, cal1, cal2: 556.2739490127533 416.71861212036947 256.34765859757664 598.7948987534585 411.34557725460877 150.92280423400172
 id  xcenter   ycenter  ...  aper_bkg aper_sum_bkgsub aper_sum_bkgsub_err
       pix       pix    ...                                              
--- --------- --------- ... --------- --------------- -------------------
  1 556.27395 416.71861 ... 36200.177       6050.3092           280.49182
  2 256.34766  598.7949 ...  36849.42       20602.634           307.45158
  3 411.34558  150.9228 ... 36985.007       24246.824           313.75443
-----------------------------------------
197
/mnt//archive/draco2/2024/24_11_10//ad0197.fits
flat found.  dividing by flatfield
read ra/dec for target of: (306.080609, 40.561088)
pixel scale is: 0.9850707362634777
x/y of var, cal1, cal2: 556.1841344192986 417.02891016912116 256.24617237215506 599.1219471793286 411.25839159615725 151.2083544751078
 id  xcenter   ycenter  ...  aper_bkg aper_sum_bkgsub aper_sum_bkgsub_err
       pix       pix    ...                                              
--- --------- --------- ... --------- --------------- -------------------
  1 556.18413 417.02891 ... 35801.106       5655.0907           278.35643
  2 256.24617 599.12195 ...  36123.14       20079.014            304.2208
  3 411.25839 151.20835 ... 36448.386       24659.452            312.6999
