read ra/dec for calibration star of: (346.910188, 58.621305) (346.992287, 58.573333)
automag_driver: using file automag_driver
aperture parameters; rad, r_in, r_out: 5.0, 15.0, 25.0
-----------------------------------------
137
/mnt//archive/draco2/2024/24_11_22//ad0137.fits
flat found.  dividing by flatfield
read ra/dec for target of: (346.79201, 58.554203)
pixel scale is: 0.9825498294906404
x/y of var, cal1, cal2: 553.044519330472 417.00113407444775 732.1754329826654 135.45795476524853 917.3844835306381 280.8180000795072
 id  xcenter   ycenter  ...  aper_bkg aper_sum_bkgsub aper_sum_bkgsub_err
       pix       pix    ...                                              
--- --------- --------- ... --------- --------------- -------------------
  1 553.04452 417.00113 ... 2511.1418       33217.753           196.12505
  2 732.17543 135.45795 ... 2600.4485       60447.222           256.65759
  3 917.38448   280.818 ... 2498.1379       27980.353           182.21314
-----------------------------------------
138
/mnt//archive/draco2/2024/24_11_22//ad0138.fits
flat found.  dividing by flatfield
read ra/dec for target of: (346.79201, 58.554203)
pixel scale is: 0.98264992306904
x/y of var, cal1, cal2: 552.910694320169 417.1053731880405 732.0496888014388 135.57821518611297 917.265808155629 280.9103666941152
 id  xcenter   ycenter  ...  aper_bkg aper_sum_bkgsub aper_sum_bkgsub_err
       pix       pix    ...                                              
--- --------- --------- ... --------- --------------- -------------------
  1 552.91069 417.10537 ... 2575.0988       33395.356            196.9024
  2 732.04969 135.57822 ... 2468.7375       62892.629           260.87373
  3 917.26581 280.91037 ... 2583.0096       28338.106           183.65491
-----------------------------------------
139
/mnt//archive/draco2/2024/24_11_22//ad0139.fits
flat found.  dividing by flatfield
read ra/dec for target of: (346.79201, 58.554203)
pixel scale is: 0.9824998050689304
x/y of var, cal1, cal2: 552.696717931524 417.1417279767765 731.7701646346783 135.55951441661932 916.9891361269545 280.9014150360232
 id  xcenter   ycenter  ...  aper_bkg aper_sum_bkgsub aper_sum_bkgsub_err
       pix       pix    ...                                              
--- --------- --------- ... --------- --------------- -------------------
  1 552.69672 417.14173 ...  2507.715       34090.697           198.32077
  2 731.77016 135.55951 ...  2571.563       59774.694           255.23092
  3 916.98914 280.90142 ... 2587.0865       28391.472           183.82232
-----------------------------------------
140
/mnt//archive/draco2/2024/24_11_22//ad0140.fits
flat found.  dividing by flatfield
read ra/dec for target of: (346.79201, 58.554203)
pixel scale is: 0.9827274397146095
x/y of var, cal1, cal2: 553.0533559584061 416.9381954256082 732.2380988826042 135.42799009675184 917.4025943889252 280.7432700399066
 id  xcenter   ycenter  ...  aper_bkg aper_sum_bkgsub aper_sum_bkgsub_err
       pix       pix    ...                                              
--- --------- --------- ... --------- --------------- -------------------
  1 553.05336  416.9382 ... 2483.9119        33183.13           195.89781
  2  732.2381 135.42799 ... 2479.5375       60240.568           255.78241
  3 917.40259 280.74327 ... 2424.4091       28434.903           183.05387
