read ra/dec for calibration star of: (304.067125, 42.123947) (303.970146, 42.191825)
automag_driver: using file automag_driver
aperture parameters; rad, r_in, r_out: 5.0, 15.0, 25.0
-----------------------------------------
25
/mnt//archive/draco2/2018/18_11_11//ad0025.fits
flat found.  dividing by flatfield
read ra/dec for target of: (304.052831, 42.108719)
pixel scale is: 0.9870841363094016
x/y of var, cal1, cal2: 574.7112708520403 419.0886632963316 536.1684554187394 474.714894493991 798.805809731912 721.7971273554858
 id  xcenter   ycenter  ...  aper_bkg aper_sum_bkgsub aper_sum_bkgsub_err
       pix       pix    ...                                              
--- --------- --------- ... --------- --------------- -------------------
  1 574.71127 419.08866 ... 20401.275       126582.02           409.40148
  2 536.16846 474.71489 ... 20403.867        219131.8           510.06327
  3 798.80581 721.79713 ... 20626.545        109142.5           388.09869
-----------------------------------------
26
/mnt//archive/draco2/2018/18_11_11//ad0026.fits
flat found.  dividing by flatfield
read ra/dec for target of: (304.052831, 42.108719)
pixel scale is: 0.9873674220039289
x/y of var, cal1, cal2: 576.2745830394131 418.9468509597384 537.7454808184391 474.55895957595556 800.3192781290531 721.5577747487017
 id  xcenter   ycenter  ...  aper_bkg aper_sum_bkgsub aper_sum_bkgsub_err
       pix       pix    ...                                              
--- --------- --------- ... --------- --------------- -------------------
  1 576.27458 418.94685 ... 20517.468       126101.07            409.0978
  2 537.74548 474.55896 ... 20506.692       221700.61           512.77577
  3 800.31928 721.55777 ... 20671.118        111581.6           391.34235
-----------------------------------------
27
/mnt//archive/draco2/2018/18_11_11//ad0027.fits
flat found.  dividing by flatfield
read ra/dec for target of: (304.052831, 42.108719)
pixel scale is: 0.9872301467100749
x/y of var, cal1, cal2: 576.4681621176819 418.5703756203485 537.9319007835218 474.1889644832927 800.534163105904 721.2306117930709
 id  xcenter   ycenter  ...  aper_bkg aper_sum_bkgsub aper_sum_bkgsub_err
       pix       pix    ...                                              
--- --------- --------- ... --------- --------------- -------------------
  1 576.46816 418.57038 ... 20369.447       131706.19           415.53591
  2  537.9319 474.18896 ... 20394.835       230569.13           521.13703
  3 800.53416 721.23061 ... 20608.889          115989           396.77674
-----------------------------------------
28
/mnt//archive/draco2/2018/18_11_11//ad0028.fits
flat found.  dividing by flatfield
read ra/dec for target of: (304.052831, 42.108719)
pixel scale is: 0.9871620735361439
x/y of var, cal1, cal2: 576.1394591403516 418.5096790800738 537.6090660514974 474.13802675151385 800.2674135568715 721.1564948798981
 id  xcenter   ycenter  ...  aper_bkg aper_sum_bkgsub aper_sum_bkgsub_err
       pix       pix    ...                                              
--- --------- --------- ... --------- --------------- -------------------
  1 576.13946 418.50968 ... 20345.916       129814.95           413.19702
  2 537.60907 474.13803 ...  20501.93       228541.62           519.39434
  3 800.26741 721.15649 ... 20710.358       113622.36            394.0407
