read ra/dec for calibration star of: (359.428633, 62.690422) (359.62416, 62.747272)
automag_driver: using file automag_driver
aperture parameters; rad, r_in, r_out: 5.0, 15.0, 25.0
-----------------------------------------
75
/mnt//archive/draco2/2019/19_11_11//ad0075.fits
flat found.  dividing by flatfield
read ra/dec for target of: (359.395668, 62.718246)
pixel scale is: 0.9858236778924704
x/y of var, cal1, cal2: 571.070408269078 413.91722389693217 514.5989706574617 313.02842140391795 190.35679053161317 525.3902026147606
 id  xcenter   ycenter  ...  aper_bkg aper_sum_bkgsub aper_sum_bkgsub_err
       pix       pix    ...                                              
--- --------- --------- ... --------- --------------- -------------------
  1 571.07041 413.91722 ...  49413.96       109529.58           456.70834
  2 514.59897 313.02842 ...  49508.51       22097.094           348.33764
  3 190.35679  525.3902 ... 50268.741       27605.667           358.28501
-----------------------------------------
76
/mnt//archive/draco2/2019/19_11_11//ad0076.fits
flat found.  dividing by flatfield
read ra/dec for target of: (359.395668, 62.718246)
pixel scale is: 0.9859194447855711
x/y of var, cal1, cal2: 570.8931643711783 414.04346797072174 514.4177124559251 313.1610133107928 190.2598806770863 525.4823302927889
 id  xcenter   ycenter  ...  aper_bkg aper_sum_bkgsub aper_sum_bkgsub_err
       pix       pix    ...                                              
--- --------- --------- ... --------- --------------- -------------------
  1 570.89316 414.04347 ... 36767.834       146944.66           469.79285
  2 514.41771 313.16101 ... 36895.335       29149.491           321.19334
  3 190.25988 525.48233 ... 37355.486       37316.577           335.04112
-----------------------------------------
77
/mnt//archive/draco2/2019/19_11_11//ad0077.fits
flat found.  dividing by flatfield
read ra/dec for target of: (359.395668, 62.718246)
pixel scale is: 0.9858841453831344
x/y of var, cal1, cal2: 571.4294569736658 413.9982075215382 514.9550323331143 313.10747636041185 190.78876891571247 525.409623072916
 id  xcenter   ycenter  ...  aper_bkg aper_sum_bkgsub aper_sum_bkgsub_err
       pix       pix    ...                                              
--- --------- --------- ... --------- --------------- -------------------
  1 571.42946 413.99821 ... 48386.449       107317.66           452.01278
  2 514.95503 313.10748 ... 48457.212       22048.021           345.23535
  3 190.78877 525.40962 ... 49034.403       26531.595           353.30638
-----------------------------------------
78
/mnt//archive/draco2/2019/19_11_11//ad0078.fits
flat found.  dividing by flatfield
read ra/dec for target of: (359.395668, 62.718246)
pixel scale is: 0.9858376990748986
x/y of var, cal1, cal2: 570.9077344463738 414.09230549537307 514.4366392312573 313.1981762853195 190.3071095078849 525.5181040188629
 id  xcenter   ycenter  ...  aper_bkg aper_sum_bkgsub aper_sum_bkgsub_err
       pix       pix    ...                                              
--- --------- --------- ... --------- --------------- -------------------
  1 570.90773 414.09231 ... 62366.067       58581.067           428.41359
  2 514.43664 313.19818 ... 62685.135       11848.799            370.7345
  3 190.30711  525.5181 ... 63546.191       14072.959           376.01907
