read ra/dec for calibration star of: (329.455221, 56.2075) (329.569579, 56.130481)
automag_driver: using file automag_driver
aperture parameters; rad, r_in, r_out: 5.0, 15.0, 25.0
-----------------------------------------
49
/mnt//archive/draco2/2024/24_11_22//ad0049.fits
flat found.  dividing by flatfield
read ra/dec for target of: (329.469547, 56.1639)
pixel scale is: 0.9829626732708238
x/y of var, cal1, cal2: 554.5585638332748 416.417592590987 497.87644777082863 264.31060464128353 776.9304672935425 501.02849493710806
 id  xcenter   ycenter  ...  aper_bkg aper_sum_bkgsub aper_sum_bkgsub_err
       pix       pix    ...                                              
--- --------- --------- ... --------- --------------- -------------------
  1 554.55856 416.41759 ... 4971.7945       23614.653           183.80218
  2 497.87645  264.3106 ... 4837.8046       53986.939           252.75986
  3 776.93047 501.02849 ... 4928.7783       9559.9407           140.15169
-----------------------------------------
50
/mnt//archive/draco2/2024/24_11_22//ad0050.fits
flat found.  dividing by flatfield
read ra/dec for target of: (329.469547, 56.1639)
pixel scale is: 0.9828679442599783
x/y of var, cal1, cal2: 554.7488318332544 416.5815435771914 498.0838842252363 264.45021393800886 777.1416789584675 501.2385943749131
 id  xcenter   ycenter  ...  aper_bkg aper_sum_bkgsub aper_sum_bkgsub_err
       pix       pix    ...                                              
--- --------- --------- ... --------- --------------- -------------------
  1 554.74883 416.58154 ... 4918.3135       23576.455           183.40688
  2 498.08388 264.45021 ... 4850.0045       53588.694           252.01925
  3 777.14168 501.23859 ... 4689.4717          9788.1           139.25532
-----------------------------------------
51
/mnt//archive/draco2/2024/24_11_22//ad0051.fits
flat found.  dividing by flatfield
read ra/dec for target of: (329.469547, 56.1639)
pixel scale is: 0.9828904598082162
x/y of var, cal1, cal2: 554.4496590780774 416.7555893014067 497.78683507941986 264.63663225111407 776.7924644119963 501.3758239472627
 id  xcenter   ycenter  ...  aper_bkg aper_sum_bkgsub aper_sum_bkgsub_err
       pix       pix    ...                                              
--- --------- --------- ... --------- --------------- -------------------
  1 554.44966 416.75559 ... 4837.2894       23919.118            183.8986
  2 497.78684 264.63663 ... 4760.9672       54883.721            254.2256
  3 776.79246 501.37582 ...  4750.002       9622.3623           139.09481
-----------------------------------------
52
/mnt//archive/draco2/2024/24_11_22//ad0052.fits
flat found.  dividing by flatfield
read ra/dec for target of: (329.469547, 56.1639)
pixel scale is: 0.9830054988979462
x/y of var, cal1, cal2: 554.6527781078469 416.92366253018605 497.9830328205207 264.82428118865505 777.0045302492952 501.52703640552
 id  xcenter   ycenter  ...  aper_bkg aper_sum_bkgsub aper_sum_bkgsub_err
       pix       pix    ...                                              
--- --------- --------- ... --------- --------------- -------------------
  1 554.65278 416.92366 ... 4795.8866       23849.474           183.48364
  2 497.98303 264.82428 ... 4921.6965       53719.863           252.56337
  3 777.00453 501.52704 ... 4762.3368        9484.203           138.68625
