read ra/dec for calibration star of: (305.960967, 40.530128) (306.050338, 40.640669)
automag_driver: using file automag_driver
aperture parameters; rad, r_in, r_out: 5.0, 15.0, 25.0
-----------------------------------------
1
/mnt//archive/draco2/2024/24_10_21//ad0001.fits
flat found.  dividing by flatfield
read ra/dec for target of: (306.080609, 40.561088)
pixel scale is: 0.9861126221677994
x/y of var, cal1, cal2: 554.6254901354133 416.3474294734917 253.70822371140724 596.1648227975932 411.6646285560882 149.81064636124648
 id  xcenter   ycenter  ...  aper_bkg aper_sum_bkgsub aper_sum_bkgsub_err
       pix       pix    ...                                              
--- --------- --------- ... --------- --------------- -------------------
  1 554.62549 416.34743 ... 14922.511       19542.354           222.73836
  2 253.70822 596.16482 ... 15039.101       67222.997           312.29185
  3 411.66463 149.81065 ... 15165.455       77105.427           328.11787
-----------------------------------------
2
/mnt//archive/draco2/2024/24_10_21//ad0002.fits
flat found.  dividing by flatfield
read ra/dec for target of: (306.080609, 40.561088)
pixel scale is: 0.9859680545739865
x/y of var, cal1, cal2: 554.6076129475949 416.0703567619538 253.72166223953582 595.9205932878361 411.62023500950477 149.49754886348245
 id  xcenter   ycenter  ...  aper_bkg aper_sum_bkgsub aper_sum_bkgsub_err
       pix       pix    ...                                              
--- --------- --------- ... --------- --------------- -------------------
  1 554.60761 416.07036 ... 15266.379       19553.669           224.30209
  2 253.72166 595.92059 ... 15154.877       67141.734           312.53238
  3 411.62024 149.49755 ... 15478.221       76839.497           328.66539
-----------------------------------------
3
/mnt//archive/draco2/2024/24_10_21//ad0003.fits
flat found.  dividing by flatfield
read ra/dec for target of: (306.080609, 40.561088)
pixel scale is: 0.9859823524306766
x/y of var, cal1, cal2: 554.6724446873976 415.98436858557506 253.7584140675845 595.8313880092408 411.71034169522693 149.41515617457867
 id  xcenter   ycenter  ...  aper_bkg aper_sum_bkgsub aper_sum_bkgsub_err
       pix       pix    ...                                              
--- --------- --------- ... --------- --------------- -------------------
  1 554.67244 415.98437 ... 14732.873       20407.237           223.82579
  2 253.75841 595.83139 ... 14845.781       67817.348           312.62423
  3 411.71034 149.41516 ... 15006.123       78070.527           329.10146
-----------------------------------------
4
/mnt//archive/draco2/2024/24_10_21//ad0004.fits
flat found.  dividing by flatfield
read ra/dec for target of: (306.080609, 40.561088)
pixel scale is: 0.9860218201257479
x/y of var, cal1, cal2: 555.0151489792589 416.1200298756042 254.1304533895493 595.9856893879625 412.05875976383635 149.573761603874
 id  xcenter   ycenter  ...  aper_bkg aper_sum_bkgsub aper_sum_bkgsub_err
       pix       pix    ...                                              
--- --------- --------- ... --------- --------------- -------------------
  1 555.01515 416.12003 ... 14965.106       19919.271           223.77328
  2 254.13045 595.98569 ... 14751.974       68627.606           313.61849
  3 412.05876 149.57376 ... 14840.735       78951.437           329.93622
