read ra/dec for calibration star of: (329.455221, 56.2075) (329.569579, 56.130481)
automag_driver: using file automag_driver
aperture parameters; rad, r_in, r_out: 5.0, 15.0, 25.0
-----------------------------------------
149
/mnt//archive/far-east-20/2024/24_10_17//ad0149.fits
flat found.  dividing by flatfield
read ra/dec for target of: (329.469547, 56.1639)
pixel scale is: 1.0701420282244798
x/y of var, cal1, cal2: 439.0064112724019 435.9789162007989 418.24815844133343 288.3449290893473 621.7587271876704 555.7233851672831
 id  xcenter   ycenter  ...  aper_bkg aper_sum_bkgsub aper_sum_bkgsub_err
       pix       pix    ...                                              
--- --------- --------- ... --------- --------------- -------------------
  1 439.00641 435.97892 ... 203700.92       268528.57           822.28669
  2 418.24816 288.34493 ... 202091.39       232103.24           797.81641
  3 621.75873 555.72339 ...  204442.2        45885.46           674.53307
-----------------------------------------
150
/mnt//archive/far-east-20/2024/24_10_17//ad0150.fits
flat found.  dividing by flatfield
read ra/dec for target of: (329.469547, 56.1639)
pixel scale is: 1.070143802442392
x/y of var, cal1, cal2: 439.2065717191396 436.0556754406255 418.4055320941669 288.42282794153704 622.0398602982068 555.7922765260172
 id  xcenter   ycenter  ...  aper_bkg aper_sum_bkgsub aper_sum_bkgsub_err
       pix       pix    ...                                              
--- --------- --------- ... --------- --------------- -------------------
  1 439.20657 436.05568 ... 207660.74       244971.97           812.72287
  2 418.40553 288.42283 ... 205369.64       211312.67           788.84533
  3 622.03986 555.79228 ...  207737.1       44219.268           678.17289
-----------------------------------------
151
/mnt//archive/far-east-20/2024/24_10_17//ad0151.fits
flat found.  dividing by flatfield
read ra/dec for target of: (329.469547, 56.1639)
pixel scale is: 1.0701806383865347
x/y of var, cal1, cal2: 439.0823214566341 435.5190725481499 418.285180777917 287.88857715013694 621.8852033580658 555.275538994935
 id  xcenter   ycenter  ...  aper_bkg aper_sum_bkgsub aper_sum_bkgsub_err
       pix       pix    ...                                              
--- --------- --------- ... --------- --------------- -------------------
  1 439.08232 435.51907 ... 204273.12       257663.42           816.35449
  2 418.28518 287.88858 ... 204328.47       222168.87           794.38707
  3  621.8852 555.27554 ... 203394.09       46178.718            673.1953
-----------------------------------------
152
/mnt//archive/far-east-20/2024/24_10_17//ad0152.fits
flat found.  dividing by flatfield
read ra/dec for target of: (329.469547, 56.1639)
pixel scale is: 1.0706681905503137
x/y of var, cal1, cal2: 439.3519663196119 435.7867963160243 418.6264768218793 288.2330623990813 621.9778301094632 555.404433038958
 id  xcenter   ycenter  ...  aper_bkg aper_sum_bkgsub aper_sum_bkgsub_err
       pix       pix    ...                                              
--- --------- --------- ... --------- --------------- -------------------
  1 439.35197  435.7868 ... 219469.84       215022.63           808.81847
  2 418.62648 288.23306 ... 216724.15        184808.9           786.43639
  3 621.97783 555.40443 ... 219980.29       38722.082           692.03154
