read ra/dec for calibration star of: (346.910188, 58.621305) (346.992287, 58.573333)
automag_driver: using file automag_driver
aperture parameters; rad, r_in, r_out: 5.0, 15.0, 25.0
-----------------------------------------
7
/mnt//archive/draco2/2024/24_09_10//ad0007.fits
flat found.  dividing by flatfield
read ra/dec for target of: (346.79201, 58.554203)
pixel scale is: 0.9851089604572686
x/y of var, cal1, cal2: 553.864311672446 417.08035333966717 376.06542061437096 698.44619983335 190.9785587501512 554.0386960080718
 id  xcenter   ycenter  ...  aper_bkg aper_sum_bkgsub aper_sum_bkgsub_err
       pix       pix    ...                                              
--- --------- --------- ... --------- --------------- -------------------
  1 553.86431 417.08035 ... 8792.4275       250485.81           517.97265
  2 376.06542  698.4462 ... 8879.0267       161245.41           423.35383
  3 190.97856  554.0387 ... 8943.3217       63187.907           285.13076
-----------------------------------------
8
/mnt//archive/draco2/2024/24_09_10//ad0008.fits
flat found.  dividing by flatfield
read ra/dec for target of: (346.79201, 58.554203)
pixel scale is: 0.9851481570087388
x/y of var, cal1, cal2: 553.932871501327 416.8559874644214 376.09553962551126 698.2345720102801 190.98280610323917 553.8577233179074
 id  xcenter   ycenter  ...  aper_bkg aper_sum_bkgsub aper_sum_bkgsub_err
       pix       pix    ...                                              
--- --------- --------- ... --------- --------------- -------------------
  1 553.93287 416.85599 ... 8564.1451       249371.68           516.45423
  2 376.09554 698.23457 ... 8429.8565       154441.15           414.15681
  3 190.98281 553.85772 ... 8586.8188       63498.277           284.42383
-----------------------------------------
9
/mnt//archive/draco2/2024/24_09_10//ad0009.fits
flat found.  dividing by flatfield
read ra/dec for target of: (346.79201, 58.554203)
pixel scale is: 0.9851106199124812
x/y of var, cal1, cal2: 553.7622789274152 416.39788122319186 375.94690995956836 697.7741963070055 190.8393391443546 553.3783299292149
 id  xcenter   ycenter  ...  aper_bkg aper_sum_bkgsub aper_sum_bkgsub_err
       pix       pix    ...                                              
--- --------- --------- ... --------- --------------- -------------------
  1 553.76228 416.39788 ...   8805.73       251904.03           519.36546
  2 375.94691  697.7742 ... 8712.4176       155197.28           415.74887
  3 190.83934 553.37833 ... 8905.6835       63044.901           284.74773
-----------------------------------------
10
/mnt//archive/draco2/2024/24_09_10//ad0010.fits
flat found.  dividing by flatfield
read ra/dec for target of: (346.79201, 58.554203)
pixel scale is: 0.9851865514990257
x/y of var, cal1, cal2: 553.6053205315566 416.35291699332697 375.7723814861706 697.7023190081784 190.66231499372952 553.3121364061169
 id  xcenter   ycenter  ...  aper_bkg aper_sum_bkgsub aper_sum_bkgsub_err
       pix       pix    ...                                              
--- --------- --------- ... --------- --------------- -------------------
  1 553.60532 416.35292 ... 8711.3313       250583.11              517.91
  2 375.77238 697.70232 ... 8473.9331       158013.13           418.55227
  3 190.66231 553.31214 ... 8612.5195       63518.884           284.55039
-----------------------------------------
11
/mnt//archive/draco2/2024/24_09_10//ad0011.fits
flat found.  dividing by flatfield
read ra/dec for target of: (346.79201, 58.554203)
pixel scale is: 0.9851502667554174
x/y of var, cal1, cal2: 553.3771696700481 416.38951488394804 375.51447915095304 697.7640368780541 190.38091597422158 553.3838938669583
 id  xcenter   ycenter  ...  aper_bkg aper_sum_bkgsub aper_sum_bkgsub_err
       pix       pix    ...                                              
--- --------- --------- ... --------- --------------- -------------------
  1 553.37717 416.38951 ... 8602.5319       250870.93            517.9778
  2 375.51448 697.76404 ... 8423.6848       158658.98           419.20323
  3 190.38092 553.38389 ... 8526.0114        63735.51           284.62701
-----------------------------------------
12
/mnt//archive/draco2/2024/24_09_10//ad0012.fits
flat found.  dividing by flatfield
read ra/dec for target of: (346.79201, 58.554203)
pixel scale is: 0.9851613884870394
x/y of var, cal1, cal2: 553.0866548129735 416.2598603852661 375.29946170808216 697.6238678148154 190.19988238021534 553.2377317896822
 id  xcenter   ycenter  ...  aper_bkg aper_sum_bkgsub aper_sum_bkgsub_err
       pix       pix    ...                                              
--- --------- --------- ... --------- --------------- -------------------
  1 553.08665 416.25986 ... 8506.8987       251474.62           518.37575
  2 375.29946 697.62387 ... 8448.3566       158547.34           419.12892
  3 190.19988 553.23773 ... 8588.2262        64274.94           285.79082
-----------------------------------------
13
/mnt//archive/draco2/2024/24_09_10//ad0013.fits
flat found.  dividing by flatfield
read ra/dec for target of: (346.79201, 58.554203)
pixel scale is: 0.9852001585193944
x/y of var, cal1, cal2: 553.2693401834468 416.3791453179022 375.46459327673887 697.7366331474916 190.36497676151777 553.3609134109927
 id  xcenter   ycenter  ...  aper_bkg aper_sum_bkgsub aper_sum_bkgsub_err
       pix       pix    ...                                              
--- --------- --------- ... --------- --------------- -------------------
  1 553.26934 416.37915 ... 8395.4883       253323.32           519.94163
  2 375.46459 697.73663 ... 8362.5329       158775.61           419.19647
  3 190.36498 553.36091 ...  8596.997       63570.113           284.58585
-----------------------------------------
14
/mnt//archive/draco2/2024/24_09_10//ad0014.fits
flat found.  dividing by flatfield
read ra/dec for target of: (346.79201, 58.554203)
pixel scale is: 0.9851590305040213
x/y of var, cal1, cal2: 553.1648744789347 416.3235272868123 375.36103231990836 697.6820013319357 190.26656197770552 553.289051378223
 id  xcenter   ycenter  ...  aper_bkg aper_sum_bkgsub aper_sum_bkgsub_err
       pix       pix    ...                                              
--- --------- --------- ... --------- --------------- -------------------
  1 553.16487 416.32353 ... 8372.3429       249361.39           516.07274
  2 375.36103   697.682 ... 8284.7172       156182.75           415.90526
  3 190.26656 553.28905 ... 8419.7956       62913.556           282.80408
