read ra/dec for calibration star of: (359.756688, 61.132989) (359.386175, 61.184511)
automag_driver: using file automag_driver
aperture parameters; rad, r_in, r_out: 5.0, 15.0, 25.0
-----------------------------------------
73
/mnt//archive/draco2/2024/24_10_31//ad0073.fits
flat found.  dividing by flatfield
read ra/dec for target of: (359.5749, 61.221062)
pixel scale is: 0.9856671592884794
x/y of var, cal1, cal2: 554.2256070302583 416.7163639134645 173.59441596252196 169.78670971862286 851.0844474200458 217.03824601310845
 id  xcenter   ycenter  ...  aper_bkg aper_sum_bkgsub aper_sum_bkgsub_err
       pix       pix    ...                                              
--- --------- --------- ... --------- --------------- -------------------
  1 554.22561 416.71636 ... 12171.383       104594.87           359.39203
  2 173.59442 169.78671 ... 12529.874       71195.398           310.61253
  3 851.08445 217.03825 ... 11991.084       140976.25           406.42763
-----------------------------------------
74
/mnt//archive/draco2/2024/24_10_31//ad0074.fits
flat found.  dividing by flatfield
read ra/dec for target of: (359.5749, 61.221062)
pixel scale is: 0.9857354335744574
x/y of var, cal1, cal2: 554.1269216348796 416.6922472520636 173.46281054680395 169.76724436885354 850.9777073426836 217.0376640954814
 id  xcenter   ycenter  ...  aper_bkg aper_sum_bkgsub aper_sum_bkgsub_err
       pix       pix    ...                                              
--- --------- --------- ... --------- --------------- -------------------
  1 554.12692 416.69225 ... 12159.029       103974.21           358.49305
  2 173.46281 169.76724 ... 12340.529       72120.324           311.49058
  3 850.97771 217.03766 ... 11865.788       141134.08            406.3135
-----------------------------------------
75
/mnt//archive/draco2/2024/24_10_31//ad0075.fits
flat found.  dividing by flatfield
read ra/dec for target of: (359.5749, 61.221062)
pixel scale is: 0.9857302928324847
x/y of var, cal1, cal2: 554.1583376719417 416.56434695384064 173.48670713998922 169.61573357545234 851.0180995035932 216.92613061926681
 id  xcenter   ycenter  ...  aper_bkg aper_sum_bkgsub aper_sum_bkgsub_err
       pix       pix    ...                                              
--- --------- --------- ... --------- --------------- -------------------
  1 554.15834 416.56435 ... 11994.147       104168.61            358.3042
  2 173.48671 169.61573 ... 12054.588       70917.475           308.62866
  3  851.0181 216.92613 ... 11827.706        140045.2           404.87728
-----------------------------------------
76
/mnt//archive/draco2/2024/24_10_31//ad0076.fits
flat found.  dividing by flatfield
read ra/dec for target of: (359.5749, 61.221062)
pixel scale is: 0.9856684615892333
x/y of var, cal1, cal2: 553.9447278014928 416.6699013312753 173.2567227618423 169.71925665939852 850.8196925516695 217.00866583176648
 id  xcenter   ycenter  ...  aper_bkg aper_sum_bkgsub aper_sum_bkgsub_err
       pix       pix    ...                                              
--- --------- --------- ... --------- --------------- -------------------
  1 553.94473  416.6699 ... 12226.516        103804.8           358.44502
  2 173.25672 169.71926 ... 12400.256       70573.935            309.1916
  3 850.81969 217.00867 ... 11801.034       140832.86            405.7831
