read ra/dec for calibration star of: (337.10892, 58.19507) (337.04309, 58.18527)
automag_driver: using file automag_driver
aperture parameters; rad, r_in, r_out: 5.0, 15.0, 25.0
-----------------------------------------
37
/mnt//archive/draco2/2024/24_11_22//ad0037.fits
flat found.  dividing by flatfield
read ra/dec for target of: (337.208699, 58.21094)
pixel scale is: 0.9829966399277552
x/y of var, cal1, cal2: 554.3109409682452 417.5247102578211 374.87844630853493 508.32536416302673 255.95255812592444 565.6764510282537
 id  xcenter   ycenter  ...  aper_bkg aper_sum_bkgsub aper_sum_bkgsub_err
       pix       pix    ...                                              
--- --------- --------- ... --------- --------------- -------------------
  1 554.31094 417.52471 ... 15739.055       116852.15           385.42867
  2 374.87845 508.32536 ... 16022.535        94281.91           355.74145
  3 255.95256 565.67645 ... 15772.331         38422.4           264.93784
-----------------------------------------
38
/mnt//archive/draco2/2024/24_11_22//ad0038.fits
flat found.  dividing by flatfield
read ra/dec for target of: (337.208699, 58.21094)
pixel scale is: 0.982997339898972
x/y of var, cal1, cal2: 554.7751829172956 417.88373827628146 375.34664987269514 508.6889571182522 256.4234446878679 566.0430714752328
 id  xcenter   ycenter  ...  aper_bkg aper_sum_bkgsub aper_sum_bkgsub_err
       pix       pix    ...                                              
--- --------- --------- ... --------- --------------- -------------------
  1 554.77518 417.88374 ... 15757.131       116946.19           385.59753
  2 375.34665 508.68896 ... 15741.636       95827.803           357.12193
  3 256.42344 566.04307 ... 15609.262        39105.77           265.61117
-----------------------------------------
39
/mnt//archive/draco2/2024/24_11_22//ad0039.fits
flat found.  dividing by flatfield
read ra/dec for target of: (337.208699, 58.21094)
pixel scale is: 0.9830982505443288
x/y of var, cal1, cal2: 554.802875878764 417.7917083301889 375.3878136036086 508.5705958634952 256.4732983359522 565.9075486133725
 id  xcenter   ycenter  ...  aper_bkg aper_sum_bkgsub aper_sum_bkgsub_err
       pix       pix    ...                                              
--- --------- --------- ... --------- --------------- -------------------
  1 554.80288 417.79171 ... 15806.972       116498.12           385.14551
  2 375.38781  508.5706 ...  16101.42       95364.695           357.48082
  3  256.4733 565.90755 ... 15675.902       39031.869           265.72293
-----------------------------------------
40
/mnt//archive/draco2/2024/24_11_22//ad0040.fits
flat found.  dividing by flatfield
read ra/dec for target of: (337.208699, 58.21094)
pixel scale is: 0.9831144673072981
x/y of var, cal1, cal2: 555.318816219029 417.61465882419486 375.90277140451076 508.4053451147845 256.9876747714629 565.7501644320417
 id  xcenter   ycenter  ...  aper_bkg aper_sum_bkgsub aper_sum_bkgsub_err
       pix       pix    ...                                              
--- --------- --------- ... --------- --------------- -------------------
  1 555.31882 417.61466 ... 15632.349       116119.99           384.20006
  2 375.90277 508.40535 ...  15686.23       94706.285           355.39238
  3 256.98767 565.75016 ... 15618.905       38850.248           265.16609
