read ra/dec for calibration star of: (337.10892, 58.19507) (337.04309, 58.18527)
automag_driver: using file automag_driver
aperture parameters; rad, r_in, r_out: 5.0, 15.0, 25.0
-----------------------------------------
222
/mnt//archive/draco2/2024/24_11_10//ad0222.fits
flat found.  dividing by flatfield
read ra/dec for target of: (337.208699, 58.21094)
pixel scale is: 0.985087692217019
x/y of var, cal1, cal2: 553.9943182516823 417.7031256466741 378.97036866063286 515.8496183436157 262.8460640325435 578.078014752351
 id  xcenter   ycenter  ...  aper_bkg aper_sum_bkgsub aper_sum_bkgsub_err
       pix       pix    ...                                              
--- --------- --------- ... --------- --------------- -------------------
  1 553.99432 417.70313 ... 24819.318        53775.38           321.93014
  2 378.97037 515.84962 ... 24981.815         58724.6           330.02004
  3 262.84606 578.07801 ... 24953.914       23660.365           271.64902
-----------------------------------------
223
/mnt//archive/draco2/2024/24_11_10//ad0223.fits
flat found.  dividing by flatfield
read ra/dec for target of: (337.208699, 58.21094)
pixel scale is: 0.9849541911022994
x/y of var, cal1, cal2: 553.8583645426207 417.7506945053076 378.8402253818545 515.9124591827713 262.71984455433255 578.1505966160599
 id  xcenter   ycenter  ...  aper_bkg aper_sum_bkgsub aper_sum_bkgsub_err
       pix       pix    ...                                              
--- --------- --------- ... --------- --------------- -------------------
  1 553.85836 417.75069 ...  28604.77       39583.004           311.47639
  2 378.84023 515.91246 ... 28815.861       42598.635           316.94693
  3 262.71984  578.1506 ... 28742.394       16951.015           273.24129
-----------------------------------------
224
/mnt//archive/draco2/2024/24_11_10//ad0224.fits
flat found.  dividing by flatfield
read ra/dec for target of: (337.208699, 58.21094)
pixel scale is: 0.9850865356902144
x/y of var, cal1, cal2: 554.0422106787966 417.78321483244383 379.03958737076573 515.9191861543227 262.92945781442444 578.1405984817843
 id  xcenter   ycenter  ...  aper_bkg aper_sum_bkgsub aper_sum_bkgsub_err
       pix       pix    ...                                              
--- --------- --------- ... --------- --------------- -------------------
  1 554.04221 417.78321 ... 27498.138       40467.431           309.33591
  2 379.03959 515.91919 ... 27520.222       43322.816           313.98767
  3 262.92946  578.1406 ... 27537.389       17933.494           270.61647
-----------------------------------------
225
/mnt//archive/draco2/2024/24_11_10//ad0225.fits
flat found.  dividing by flatfield
read ra/dec for target of: (337.208699, 58.21094)
pixel scale is: 0.9849542519464166
x/y of var, cal1, cal2: 554.118199829272 417.7565619267739 379.08402174228684 515.899591969182 262.9530207842459 578.1252994895655
 id  xcenter   ycenter  ...  aper_bkg aper_sum_bkgsub aper_sum_bkgsub_err
       pix       pix    ...                                              
--- --------- --------- ... --------- --------------- -------------------
  1  554.1182 417.75656 ... 23523.124       58407.014           325.08193
  2 379.08402 515.89959 ... 23807.715        62478.56           332.14303
  3 262.95302  578.1253 ... 23511.075       24981.534           268.75395
