read ra/dec for calibration star of: (354.875121, 62.338367) (354.894929, 62.361394)
automag_driver: using file automag_driver
aperture parameters; rad, r_in, r_out: 5.0, 15.0, 25.0
-----------------------------------------
250
/mnt//archive/draco2/2024/24_11_10//ad0250.fits
flat found.  dividing by flatfield
read ra/dec for target of: (354.863724, 62.372141)
pixel scale is: 0.9851046830718458
x/y of var, cal1, cal2: 554.5985767756151 417.18597296708225 600.1658501112174 533.505251216194 614.7333400881876 444.07683033861196
 id  xcenter   ycenter  ...  aper_bkg aper_sum_bkgsub aper_sum_bkgsub_err
       pix       pix    ...                                              
--- --------- --------- ... --------- --------------- -------------------
  1 554.59858 417.18597 ...  19053.26       42175.688           283.73792
  2 600.16585 533.50525 ... 18740.083       43827.456           285.53918
  3 614.73334 444.07683 ... 19013.945       3991.8231           205.53519
-----------------------------------------
251
/mnt//archive/draco2/2024/24_11_10//ad0251.fits
flat found.  dividing by flatfield
read ra/dec for target of: (354.863724, 62.372141)
pixel scale is: 0.9853704951421972
x/y of var, cal1, cal2: 554.5018559835221 417.40803954631974 600.073967761856 533.7058796826593 614.6373376366216 444.30475932366517
 id  xcenter   ycenter  ...  aper_bkg aper_sum_bkgsub aper_sum_bkgsub_err
       pix       pix    ...                                              
--- --------- --------- ... --------- --------------- -------------------
  1 554.50186 417.40804 ... 19469.463       41084.694           283.28187
  2 600.07397 533.70588 ... 19407.081       42358.626           285.30297
  3 614.63734 444.30476 ... 19423.334       3822.1743           207.10828
-----------------------------------------
252
/mnt//archive/draco2/2024/24_11_10//ad0252.fits
flat found.  dividing by flatfield
read ra/dec for target of: (354.863724, 62.372141)
pixel scale is: 0.9848986178146368
x/y of var, cal1, cal2: 554.3654438362835 417.2014283228646 599.939156060207 533.5452730428357 614.5039112914927 444.09821472206045
 id  xcenter   ycenter  ...  aper_bkg aper_sum_bkgsub aper_sum_bkgsub_err
       pix       pix    ...                                              
--- --------- --------- ... --------- --------------- -------------------
  1 554.36544 417.20143 ... 19099.918       42560.343           284.57895
  2 599.93916 533.54527 ... 18941.439        43914.73            286.3959
  3 614.50391 444.09821 ... 18859.698       4249.4658           205.41144
-----------------------------------------
253
/mnt//archive/draco2/2024/24_11_10//ad0253.fits
flat found.  dividing by flatfield
read ra/dec for target of: (354.863724, 62.372141)
pixel scale is: 0.9850371881426437
x/y of var, cal1, cal2: 554.6802739128486 416.9569998230248 600.2425707262141 533.2843214956587 614.8189962409194 443.8497960265027
 id  xcenter   ycenter  ...  aper_bkg aper_sum_bkgsub aper_sum_bkgsub_err
       pix       pix    ...                                              
--- --------- --------- ... --------- --------------- -------------------
  1 554.68027   416.957 ... 18521.647        43291.91           283.83129
  2 600.24257 533.28432 ... 18540.704       44239.607           285.56263
  3   614.819  443.8498 ... 18512.781       4419.7772           204.13314
