read ra/dec for calibration star of: (357.9345179, 58.80670872) (358.2382563, 58.73296991)
automag_driver: using file automag_driver
aperture parameters; rad, r_in, r_out: 5.0, 15.0, 25.0
-----------------------------------------
133
/mnt//archive/draco2/2024/24_10_21//ad0133.fits
flat found.  dividing by flatfield
read ra/dec for target of: (358.02930081425, 58.74172448295)
pixel scale is: 0.9857736329582011
x/y of var, cal1, cal2: 553.3178544620916 417.7266457053405 777.1852198105944 613.8725553426173 159.34189578094748 467.3600727477891
 id  xcenter   ycenter  ...  aper_bkg aper_sum_bkgsub aper_sum_bkgsub_err
       pix       pix    ...                                              
--- --------- --------- ... --------- --------------- -------------------
  1 553.31785 417.72665 ... 9201.5714       73864.429           304.12591
  2 777.18522 613.87256 ... 9017.1297       49088.384           259.51424
  3  159.3419 467.36007 ... 9329.8593       16231.518           187.39327
-----------------------------------------
134
/mnt//archive/draco2/2024/24_10_21//ad0134.fits
flat found.  dividing by flatfield
read ra/dec for target of: (358.02930081425, 58.74172448295)
pixel scale is: 0.9862305656388313
x/y of var, cal1, cal2: 553.2762716408793 417.59952451031137 777.0415426865761 613.6126640903601 159.36940650776074 467.2835769192032
 id  xcenter   ycenter  ...  aper_bkg aper_sum_bkgsub aper_sum_bkgsub_err
       pix       pix    ...                                              
--- --------- --------- ... --------- --------------- -------------------
  1 553.27627 417.59952 ... 8967.6429       74985.133           305.19734
  2 777.04154 613.61266 ... 9150.2627       50386.169           262.51037
  3 159.36941 467.28358 ...  9144.093       16534.962           187.21151
-----------------------------------------
135
/mnt//archive/draco2/2024/24_10_21//ad0135.fits
flat found.  dividing by flatfield
read ra/dec for target of: (358.02930081425, 58.74172448295)
pixel scale is: 0.9861034914576781
x/y of var, cal1, cal2: 553.3650417688733 417.5636587996461 777.1966247262616 613.6139125821569 159.44120002653233 467.23334194553183
 id  xcenter   ycenter  ...  aper_bkg aper_sum_bkgsub aper_sum_bkgsub_err
       pix       pix    ...                                              
--- --------- --------- ... --------- --------------- -------------------
  1 553.36504 417.56366 ... 8987.8022       76125.306           307.12524
  2 777.19662 613.61391 ... 9136.7983       50672.552           263.00408
  3  159.4412 467.23334 ... 9031.7581       16357.409           186.13416
-----------------------------------------
136
/mnt//archive/draco2/2024/24_10_21//ad0136.fits
flat found.  dividing by flatfield
read ra/dec for target of: (358.02930081425, 58.74172448295)
pixel scale is: 0.9858872184281774
x/y of var, cal1, cal2: 553.0419689958226 417.56126482200466 776.8564313456197 613.6617518731296 159.08557939873867 467.22906167234856
 id  xcenter   ycenter  ...  aper_bkg aper_sum_bkgsub aper_sum_bkgsub_err
       pix       pix    ...                                              
--- --------- --------- ... --------- --------------- -------------------
  1 553.04197 417.56126 ... 9037.1254       73958.727           303.73998
  2 776.85643 613.66175 ... 9104.9647       48939.959           259.56673
  3 159.08558 467.22906 ... 9291.8596       16093.842           186.82227
