read ra/dec for calibration star of: (357.9345179, 58.80670872) (358.2382563, 58.73296991)
automag_driver: using file automag_driver
aperture parameters; rad, r_in, r_out: 5.0, 15.0, 25.0
-----------------------------------------
189
/mnt//archive/draco2/2024/24_11_22//ad0189.fits
flat found.  dividing by flatfield
read ra/dec for target of: (358.02930081425, 58.74172448295)
pixel scale is: 0.9827448278226312
x/y of var, cal1, cal2: 556.9517862704545 417.9250791580671 338.5685176267372 214.59775929857616 953.5974904778782 379.9028033641848
 id  xcenter   ycenter  ...  aper_bkg aper_sum_bkgsub aper_sum_bkgsub_err
       pix       pix    ...                                              
--- --------- --------- ... --------- --------------- -------------------
  1 556.95179 417.92508 ... 2521.9512       29965.157           187.70738
  2 338.56852 214.59776 ... 2558.7922       44860.659            224.0608
  3 953.59749  379.9028 ... 2484.4351       12956.062           134.72168
-----------------------------------------
190
/mnt//archive/draco2/2024/24_11_22//ad0190.fits
flat found.  dividing by flatfield
read ra/dec for target of: (358.02930081425, 58.74172448295)
pixel scale is: 0.9824403471601314
x/y of var, cal1, cal2: 556.8880557045703 417.7817984156926 338.5333721346601 214.33175060318345 953.4632486074009 379.8561884791756
 id  xcenter   ycenter  ...  aper_bkg aper_sum_bkgsub aper_sum_bkgsub_err
       pix       pix    ...                                              
--- --------- --------- ... --------- --------------- -------------------
  1 556.88806  417.7818 ... 2429.8329       30814.218           189.47001
  2 338.53337 214.33175 ... 2460.8604       44328.435           222.43011
  3 953.46325 379.85619 ... 2564.0308       13109.928           135.87858
-----------------------------------------
191
/mnt//archive/draco2/2024/24_11_22//ad0191.fits
flat found.  dividing by flatfield
read ra/dec for target of: (358.02930081425, 58.74172448295)
pixel scale is: 0.9826176802336977
x/y of var, cal1, cal2: 556.8425832418235 417.7817480135611 338.47010459983585 214.38606482558242 953.5252968227635 379.8309286116808
 id  xcenter   ycenter  ...  aper_bkg aper_sum_bkgsub aper_sum_bkgsub_err
       pix       pix    ...                                              
--- --------- --------- ... --------- --------------- -------------------
  1 556.84258 417.78175 ... 2531.0013       30730.103           189.78173
  2  338.4701 214.38606 ... 2564.2641       46214.298            227.0855
  3  953.5253 379.83093 ... 2566.7621       13623.712           137.77604
-----------------------------------------
192
/mnt//archive/draco2/2024/24_11_22//ad0192.fits
flat found.  dividing by flatfield
read ra/dec for target of: (358.02930081425, 58.74172448295)
pixel scale is: 0.9830064868390166
x/y of var, cal1, cal2: 556.8725282088648 417.80550866293004 338.5131201912974 214.53649573300657 953.5254732696012 379.7857411363994
 id  xcenter   ycenter  ...  aper_bkg aper_sum_bkgsub aper_sum_bkgsub_err
       pix       pix    ...                                              
--- --------- --------- ... --------- --------------- -------------------
  1 556.87253 417.80551 ... 2642.0412       30158.312           188.85813
  2 338.51312  214.5365 ... 2694.0711       44851.661           224.64373
  3 953.52547 379.78574 ... 2570.0082       13503.495            137.3627
-----------------------------------------
193
/mnt//archive/draco2/2024/24_11_22//ad0193.fits
flat found.  dividing by flatfield
read ra/dec for target of: (358.02930081425, 58.74172448295)
pixel scale is: 0.9827516009768617
x/y of var, cal1, cal2: 556.7954999886152 417.62650172645925 338.4294293236526 214.2488884644565 953.4764416588059 379.6983775262736
 id  xcenter   ycenter  ...  aper_bkg aper_sum_bkgsub aper_sum_bkgsub_err
       pix       pix    ...                                              
--- --------- --------- ... --------- --------------- -------------------
  1  556.7955  417.6265 ... 2647.6993       31119.835           191.41639
  2 338.42943 214.24889 ... 2621.5646       46173.805           227.24862
  3 953.47644 379.69838 ... 2631.0046       13496.772           137.78164
-----------------------------------------
194
/mnt//archive/draco2/2024/24_11_22//ad0194.fits
flat found.  dividing by flatfield
read ra/dec for target of: (358.02930081425, 58.74172448295)
pixel scale is: 0.9824956462895341
x/y of var, cal1, cal2: 556.6712472474178 417.8223092976352 338.2953499434425 214.40666779600375 953.3650651890464 379.8571381159368
 id  xcenter   ycenter  ...  aper_bkg aper_sum_bkgsub aper_sum_bkgsub_err
       pix       pix    ...                                              
--- --------- --------- ... --------- --------------- -------------------
  1 556.67125 417.82231 ... 2430.9307       30557.632           188.79749
  2 338.29535 214.40667 ... 2534.3189       46251.858           227.03633
  3 953.36507 379.85714 ... 2544.2678       13851.699           138.43856
-----------------------------------------
195
/mnt//archive/draco2/2024/24_11_22//ad0195.fits
flat found.  dividing by flatfield
read ra/dec for target of: (358.02930081425, 58.74172448295)
pixel scale is: 0.9826046967457585
x/y of var, cal1, cal2: 556.7580924452143 417.88550334435075 338.3852450194213 214.50683037475673 953.4668482301917 379.8983950862171
 id  xcenter   ycenter  ...  aper_bkg aper_sum_bkgsub aper_sum_bkgsub_err
       pix       pix    ...                                              
--- --------- --------- ... --------- --------------- -------------------
  1 556.75809  417.8855 ... 2349.8789       30506.355           188.23154
  2 338.38525 214.50683 ... 2470.4976       46206.077           226.65408
  3 953.46685  379.8984 ... 2344.1048       14102.415           137.89715
-----------------------------------------
196
/mnt//archive/draco2/2024/24_11_22//ad0196.fits
flat found.  dividing by flatfield
read ra/dec for target of: (358.02930081425, 58.74172448295)
pixel scale is: 0.9827427762913636
x/y of var, cal1, cal2: 556.8315786417694 417.5186271947908 338.44585861459217 214.1210459254436 953.5730285148188 379.6231164694884
 id  xcenter   ycenter  ...  aper_bkg aper_sum_bkgsub aper_sum_bkgsub_err
       pix       pix    ...                                              
--- --------- --------- ... --------- --------------- -------------------
  1 556.83158 417.51863 ... 2442.1918       31254.869           190.69413
  2 338.44586 214.12105 ... 2614.8246       46600.889           228.15683
  3 953.57303 379.62312 ... 2480.8428       13777.612           137.71092
