read ra/dec for calibration star of: (359.756688, 61.132989) (359.386175, 61.184511)
automag_driver: using file automag_driver
aperture parameters; rad, r_in, r_out: 5.0, 15.0, 25.0
-----------------------------------------
61
/mnt//archive/draco2/2024/24_11_22//ad0061.fits
flat found.  dividing by flatfield
read ra/dec for target of: (359.5749, 61.221062)
pixel scale is: 0.9828741677144658
x/y of var, cal1, cal2: 552.8952224931359 414.8431089763436 925.4267392806842 676.0999622781775 248.08623328290025 604.203735599542
 id  xcenter   ycenter  ...  aper_bkg aper_sum_bkgsub aper_sum_bkgsub_err
       pix       pix    ...                                              
--- --------- --------- ... --------- --------------- -------------------
  1 552.89522 414.84311 ... 15283.916       120490.18           388.95116
  2 925.42674 676.09996 ...  14727.62       53579.358           288.54739
  3 248.08623 604.20374 ... 15281.396       106633.46           370.70373
-----------------------------------------
62
/mnt//archive/draco2/2024/24_11_22//ad0062.fits
flat found.  dividing by flatfield
read ra/dec for target of: (359.5749, 61.221062)
pixel scale is: 0.9827991794408633
x/y of var, cal1, cal2: 552.9135020863588 414.65580076759375 925.4820638691726 675.9438913743184 248.08950838797233 604.0216274959104
 id  xcenter   ycenter  ...  aper_bkg aper_sum_bkgsub aper_sum_bkgsub_err
       pix       pix    ...                                              
--- --------- --------- ... --------- --------------- -------------------
  1  552.9135  414.6558 ... 15401.722        119607.1           388.11795
  2 925.48206 675.94389 ...  14874.67       52246.724           286.74216
  3 248.08951 604.02163 ... 15363.128       105284.52            369.1013
-----------------------------------------
63
/mnt//archive/draco2/2024/24_11_22//ad0063.fits
flat found.  dividing by flatfield
read ra/dec for target of: (359.5749, 61.221062)
pixel scale is: 0.9827880456952196
x/y of var, cal1, cal2: 553.0035120869915 414.3914840360201 925.5521370774109 675.6790281806872 248.18615391558666 603.7623244421709
 id  xcenter   ycenter  ...  aper_bkg aper_sum_bkgsub aper_sum_bkgsub_err
       pix       pix    ...                                              
--- --------- --------- ... --------- --------------- -------------------
  1 553.00351 414.39148 ... 15423.126       117643.63           385.63569
  2 925.55214 675.67903 ... 14786.599       51940.794           285.90032
  3 248.18615 603.76232 ...  15193.53       104865.23            368.0724
-----------------------------------------
64
/mnt//archive/draco2/2024/24_11_22//ad0064.fits
flat found.  dividing by flatfield
read ra/dec for target of: (359.5749, 61.221062)
pixel scale is: 0.9828046246285944
x/y of var, cal1, cal2: 553.3275773814827 414.1860539657489 925.8906796773699 675.4712504007427 248.494586325794 603.5520142868305
 id  xcenter   ycenter  ...  aper_bkg aper_sum_bkgsub aper_sum_bkgsub_err
       pix       pix    ...                                              
--- --------- --------- ... --------- --------------- -------------------
  1 553.32758 414.18605 ... 15361.869       119778.18           388.23565
  2 925.89068 675.47125 ... 14898.032       53448.368           288.91077
  3 248.49459 603.55201 ...  15268.79       106219.99           370.11156
