read ra/dec for calibration star of: (337.10892, 58.19507) (337.04309, 58.18527)
automag_driver: using file automag_driver
aperture parameters; rad, r_in, r_out: 5.0, 15.0, 25.0
-----------------------------------------
71
/mnt//archive/draco2/2024/24_10_14//ad0071.fits
flat found.  dividing by flatfield
read ra/dec for target of: (337.208699, 58.21094)
pixel scale is: 0.9854089477030967
x/y of var, cal1, cal2: 553.4026682204595 417.01053928078306 732.2564027097674 326.07945145043703 850.8042013704431 268.634980321781
 id  xcenter   ycenter  ...  aper_bkg aper_sum_bkgsub aper_sum_bkgsub_err
       pix       pix    ...                                              
--- --------- --------- ... --------- --------------- -------------------
  1 553.40267 417.01054 ... 76467.745       61516.505           463.33249
  2  732.2564 326.07945 ... 76648.625       81407.952           484.69599
  3  850.8042 268.63498 ... 76550.304        33256.42           431.95142
-----------------------------------------
72
/mnt//archive/draco2/2024/24_10_14//ad0072.fits
flat found.  dividing by flatfield
read ra/dec for target of: (337.208699, 58.21094)
pixel scale is: 0.9853349819782747
x/y of var, cal1, cal2: 553.3391744768073 416.9362323279334 732.197655236137 326.00621974021226 850.7485398803956 268.56267348240164
 id  xcenter   ycenter  ...  aper_bkg aper_sum_bkgsub aper_sum_bkgsub_err
       pix       pix    ...                                              
--- --------- --------- ... --------- --------------- -------------------
  1 553.33917 416.93623 ... 77017.705       60036.317           462.92194
  2 732.19766 326.00622 ... 77032.023       79943.382           483.97565
  3 850.74854 268.56267 ...  76657.49       32999.522           431.90219
