read ra/dec for calibration star of: (305.960967, 40.530128) (306.050338, 40.640669)
automag_driver: using file automag_driver
aperture parameters; rad, r_in, r_out: 5.0, 15.0, 25.0
-----------------------------------------
5
/mnt//archive/draco2/2024/24_11_22//ad0005.fits
flat found.  dividing by flatfield
read ra/dec for target of: (306.080609, 40.561088)
pixel scale is: 0.9830374031707616
x/y of var, cal1, cal2: 555.0395856154189 416.1221716678856 247.05098300183113 585.7149511097492 421.28470308566034 143.85317163706424
 id  xcenter   ycenter  ...  aper_bkg aper_sum_bkgsub aper_sum_bkgsub_err
       pix       pix    ...                                              
--- --------- --------- ... --------- --------------- -------------------
  1 555.03959 416.12217 ... 16114.207       53362.679           292.94384
  2 247.05098 585.71495 ... 16797.156       94682.241           358.47113
  3  421.2847 143.85317 ... 16237.563       110902.07           378.94881
-----------------------------------------
6
/mnt//archive/draco2/2024/24_11_22//ad0006.fits
flat found.  dividing by flatfield
read ra/dec for target of: (306.080609, 40.561088)
pixel scale is: 0.9832002596676985
x/y of var, cal1, cal2: 554.3576916869903 416.53461884626904 246.37972197011078 586.0875875932426 420.6215518007862 144.30563101598506
 id  xcenter   ycenter  ...  aper_bkg aper_sum_bkgsub aper_sum_bkgsub_err
       pix       pix    ...                                              
--- --------- --------- ... --------- --------------- -------------------
  1 554.35769 416.53462 ...  16267.54       52743.002            292.4091
  2 246.37972 586.08759 ...  16764.33       96753.298           361.25747
  3 420.62155 144.30563 ... 16522.272       110333.51           378.94993
-----------------------------------------
7
/mnt//archive/draco2/2024/24_11_22//ad0007.fits
flat found.  dividing by flatfield
read ra/dec for target of: (306.080609, 40.561088)
pixel scale is: 0.983307152468013
x/y of var, cal1, cal2: 554.3952640139479 416.6151910632571 246.39748509411174 586.1553656230435 420.6482074249433 144.418244375511
 id  xcenter   ycenter  ...  aper_bkg aper_sum_bkgsub aper_sum_bkgsub_err
       pix       pix    ...                                              
--- --------- --------- ... --------- --------------- -------------------
  1 554.39526 416.61519 ... 16308.802        53015.05           293.01477
  2 246.39749 586.15537 ... 16927.502       94141.819           358.08075
  3 420.64821 144.41824 ... 16486.478       109919.04           378.30808
-----------------------------------------
8
/mnt//archive/draco2/2024/24_11_22//ad0008.fits
flat found.  dividing by flatfield
read ra/dec for target of: (306.080609, 40.561088)
pixel scale is: 0.9831790770851224
x/y of var, cal1, cal2: 554.7759553824402 416.8044790406698 246.77659177414802 586.3767912964433 421.0123626820198 144.57643693854715
 id  xcenter   ycenter  ...  aper_bkg aper_sum_bkgsub aper_sum_bkgsub_err
       pix       pix    ...                                              
--- --------- --------- ... --------- --------------- -------------------
  1 554.77596 416.80448 ... 16299.556       52453.136           292.02268
  2 246.77659 586.37679 ... 16845.035       94630.942           358.53314
  3 421.01236 144.57644 ... 16613.425       110886.68            379.9191
