read ra/dec for calibration star of: (350.640742, 62.791417) (350.801063, 62.783467)
automag_driver: using file automag_driver
aperture parameters; rad, r_in, r_out: 5.0, 15.0, 25.0
-----------------------------------------
66
/mnt//archive/east-14/2018/18_10_21//ad0066.fits
flat found.  dividing by flatfield
read ra/dec for target of: (350.618496, 62.757151)
pixel scale is: 0.9823383507802183
x/y of var, cal1, cal2: 570.7823318504861 414.3111492317639 520.1680482197636 535.1344168490549 256.1187759214217 477.5869095940356
 id  xcenter   ycenter  ...  aper_bkg aper_sum_bkgsub aper_sum_bkgsub_err
       pix       pix    ...                                              
--- --------- --------- ... --------- --------------- -------------------
  1 570.78233 414.31115 ... 14352.077       107764.59           369.72117
  2 520.16805 535.13442 ...  14405.83       95388.238           352.73914
  3 256.11878 477.58691 ...  14632.21       43519.833           270.20224
-----------------------------------------
67
/mnt//archive/east-14/2018/18_10_21//ad0067.fits
flat found.  dividing by flatfield
read ra/dec for target of: (350.618496, 62.757151)
pixel scale is: 0.982251327516742
x/y of var, cal1, cal2: 571.1237776114808 414.1309359957876 520.5168678389988 534.9698315330432 256.4386423484377 477.443127458488
 id  xcenter   ycenter  ...  aper_bkg aper_sum_bkgsub aper_sum_bkgsub_err
       pix       pix    ...                                              
--- --------- --------- ... --------- --------------- -------------------
  1 571.12378 414.13094 ... 14477.046       107619.62            369.8631
  2 520.51687 534.96983 ...  14668.77       94218.566           351.82539
  3 256.43864 477.44313 ... 14795.117       43884.758           271.47743
-----------------------------------------
68
/mnt//archive/east-14/2018/18_10_21//ad0068.fits
flat found.  dividing by flatfield
read ra/dec for target of: (350.618496, 62.757151)
pixel scale is: 0.982261420503547
x/y of var, cal1, cal2: 571.46148037153 413.71692563762656 520.8490592210804 534.5520825221536 256.77639548271844 477.0127974232615
 id  xcenter   ycenter  ...  aper_bkg aper_sum_bkgsub aper_sum_bkgsub_err
       pix       pix    ...                                              
--- --------- --------- ... --------- --------------- -------------------
  1 571.46148 413.71693 ... 14800.972       107632.71           370.75551
  2 520.84906 534.55208 ... 14839.147       93885.996           351.83702
  3  256.7764  477.0128 ... 14976.353       43179.629           270.84559
-----------------------------------------
69
/mnt//archive/east-14/2018/18_10_21//ad0069.fits
flat found.  dividing by flatfield
read ra/dec for target of: (350.618496, 62.757151)
pixel scale is: 0.9823761723388604
x/y of var, cal1, cal2: 570.1408824625457 413.5028770231156 519.5158702697282 534.3161879074632 255.48279072497496 476.74319307561177
 id  xcenter   ycenter  ...  aper_bkg aper_sum_bkgsub aper_sum_bkgsub_err
       pix       pix    ...                                              
--- --------- --------- ... --------- --------------- -------------------
  1 570.14088 413.50288 ... 14512.989       106632.55           368.62383
  2 519.51587 534.31619 ... 14469.572       93795.038           350.65536
  3 255.48279 476.74319 ... 14556.929       43625.532           270.11921
