read ra/dec for calibration star of: (323.139367, 49.200936) (323.214433, 49.246981)
automag_driver: using file automag_driver
aperture parameters; rad, r_in, r_out: 5.0, 15.0, 25.0
-----------------------------------------
45
/mnt//archive/draco2/2024/24_10_31//ad0045.fits
flat found.  dividing by flatfield
read ra/dec for target of: (323.16844, 49.212512)
pixel scale is: 0.9858844516829501
x/y of var, cal1, cal2: 553.9498798331614 416.4129121884362 495.41487577582876 472.7156666740847 633.6375285434547 269.7240483
 id  xcenter   ycenter  ...  aper_bkg aper_sum_bkgsub aper_sum_bkgsub_err
       pix       pix    ...                                              
--- --------- --------- ... --------- --------------- -------------------
  1 553.94988 416.41291 ... 11728.499       66148.089           299.71668
  2 495.41488 472.71567 ... 12068.885       34359.892           242.32759
  3 633.63753 269.72405 ... 11852.687        46650.47           265.67056
-----------------------------------------
46
/mnt//archive/draco2/2024/24_10_31//ad0046.fits
flat found.  dividing by flatfield
read ra/dec for target of: (323.16844, 49.212512)
pixel scale is: 0.9858773116489905
x/y of var, cal1, cal2: 553.8915275038208 416.5116539936635 495.3622534742732 472.81885853871665 633.5736751809205 269.81622475198014
 id  xcenter   ycenter  ...  aper_bkg aper_sum_bkgsub aper_sum_bkgsub_err
       pix       pix    ...                                              
--- --------- --------- ... --------- --------------- -------------------
  1 553.89153 416.51165 ... 11618.116       65804.783           298.77419
  2 495.36225 472.81886 ... 11833.948       33767.412           240.12561
  3 633.57368 269.81622 ... 11680.097       45802.132           263.41474
-----------------------------------------
47
/mnt//archive/draco2/2024/24_10_31//ad0047.fits
flat found.  dividing by flatfield
read ra/dec for target of: (323.16844, 49.212512)
pixel scale is: 0.9859215464300494
x/y of var, cal1, cal2: 553.6092693600815 416.62708710156943 495.07606345356277 472.92785350860606 633.2934240499577 269.94356519943665
 id  xcenter   ycenter  ...  aper_bkg aper_sum_bkgsub aper_sum_bkgsub_err
       pix       pix    ...                                              
--- --------- --------- ... --------- --------------- -------------------
  1 553.60927 416.62709 ... 11780.984       66544.047           300.55118
  2 495.07606 472.92785 ... 11976.378       34554.737           242.34788
  3 633.29342 269.94357 ... 11665.559       46635.481           264.93697
-----------------------------------------
48
/mnt//archive/draco2/2024/24_10_31//ad0048.fits
flat found.  dividing by flatfield
read ra/dec for target of: (323.16844, 49.212512)
pixel scale is: 0.9859063442934143
x/y of var, cal1, cal2: 553.558001900241 416.49999776652976 495.0292200610105 472.8063277271896 633.2378717006919 269.8078219175035
 id  xcenter   ycenter  ...  aper_bkg aper_sum_bkgsub aper_sum_bkgsub_err
       pix       pix    ...                                              
--- --------- --------- ... --------- --------------- -------------------
  1   553.558     416.5 ... 11743.273       65643.519           298.92318
  2 495.02922 472.80633 ...  11853.56       34122.983           240.94627
  3 633.23787 269.80782 ... 11667.662       46770.888           265.20032
