read ra/dec for calibration star of: (24.126247, 57.798882) (24.204493, 57.811872)
automag_driver: using file automag_driver
aperture parameters; rad, r_in, r_out: 5.0, 15.0, 25.0
-----------------------------------------
237
/mnt//archive/far-east-20/2024/24_10_17//ad0237.fits
flat found.  dividing by flatfield
read ra/dec for target of: (24.308415, 57.75922)
pixel scale is: 1.0695142295249203
x/y of var, cal1, cal2: 436.9828732875629 432.90676789139985 758.3804590201281 579.2754756750203 616.1659046524937 617.2887874711321
 id  xcenter   ycenter  ...  aper_bkg aper_sum_bkgsub aper_sum_bkgsub_err
       pix       pix    ...                                              
--- --------- --------- ... --------- --------------- -------------------
  1 436.98287 432.90677 ...  35785.78       463904.81           731.91623
  2 758.38046 579.27548 ... 34751.832       157524.12           476.71038
  3  616.1659 617.28879 ... 34765.081       68455.201           371.76654
-----------------------------------------
238
/mnt//archive/far-east-20/2024/24_10_17//ad0238.fits
flat found.  dividing by flatfield
read ra/dec for target of: (24.308415, 57.75922)
pixel scale is: 1.0692924284930925
x/y of var, cal1, cal2: 436.7301535249597 432.6198879240953 758.150345574582 578.8490223064691 615.9295376482647 616.9454025431558
 id  xcenter   ycenter  ...  aper_bkg aper_sum_bkgsub aper_sum_bkgsub_err
       pix       pix    ...                                              
--- --------- --------- ... --------- --------------- -------------------
  1 436.73015 432.61989 ... 35755.881       463445.66           731.56163
  2 758.15035 578.84902 ...  34624.41       157230.68           476.13496
  3 615.92954  616.9454 ... 34687.502       68475.476           371.58509
-----------------------------------------
239
/mnt//archive/far-east-20/2024/24_10_17//ad0239.fits
flat found.  dividing by flatfield
read ra/dec for target of: (24.308415, 57.75922)
pixel scale is: 1.0698743720136832
x/y of var, cal1, cal2: 436.302544902971 432.9449215507226 757.2080780762714 579.6362563359935 615.2496364233162 617.4721780317526
 id  xcenter   ycenter  ...  aper_bkg aper_sum_bkgsub aper_sum_bkgsub_err
       pix       pix    ...                                              
--- --------- --------- ... --------- --------------- -------------------
  1 436.30254 432.94492 ... 35393.394       466220.57           732.96136
  2 757.20808 579.63626 ... 34487.874       163233.33           482.11418
  3 615.24964 617.47218 ... 34632.102       68489.672           371.45508
-----------------------------------------
240
/mnt//archive/far-east-20/2024/24_10_17//ad0240.fits
flat found.  dividing by flatfield
read ra/dec for target of: (24.308415, 57.75922)
pixel scale is: 1.0695560869692022
x/y of var, cal1, cal2: 436.2889391978818 433.18579570480364 757.3018922396575 579.936066144836 615.303470702875 617.776482921339
 id  xcenter   ycenter  ...  aper_bkg aper_sum_bkgsub aper_sum_bkgsub_err
       pix       pix    ...                                              
--- --------- --------- ... --------- --------------- -------------------
  1 436.28894  433.1858 ... 35526.847       465273.95           732.49754
  2 757.30189 579.93607 ... 34465.291          162991           481.81592
  3 615.30347 617.77648 ... 34682.301       68452.255           371.53985
-----------------------------------------
241
/mnt//archive/far-east-20/2024/24_10_17//ad0241.fits
flat found.  dividing by flatfield
read ra/dec for target of: (24.308415, 57.75922)
pixel scale is: 1.0697730798873077
x/y of var, cal1, cal2: 435.8036793332856 432.96682721132015 756.8628172969948 579.6007938605849 614.8265005476696 617.4718297294967
 id  xcenter   ycenter  ...  aper_bkg aper_sum_bkgsub aper_sum_bkgsub_err
       pix       pix    ...                                              
--- --------- --------- ... --------- --------------- -------------------
  1 435.80368 432.96683 ... 17175.972       226361.15             510.821
  2 756.86282 579.60079 ... 16826.865       77678.599           334.00199
  3  614.8265 617.47183 ... 16903.804       32404.006           257.75301
-----------------------------------------
242
/mnt//archive/far-east-20/2024/24_10_17//ad0242.fits
flat found.  dividing by flatfield
read ra/dec for target of: (24.308415, 57.75922)
pixel scale is: 1.0688525801352797
x/y of var, cal1, cal2: 436.47097611163656 433.0255989669972 757.8311569721254 579.6816007510512 615.6334631431963 617.6314121308842
 id  xcenter   ycenter  ...  aper_bkg aper_sum_bkgsub aper_sum_bkgsub_err
       pix       pix    ...                                              
--- --------- --------- ... --------- --------------- -------------------
  1 436.47098  433.0256 ... 17487.749       227292.39            512.3406
  2 757.83116  579.6816 ... 16845.026       78011.057            334.5536
  3 615.63346 617.63141 ... 16979.447       33457.172           260.07896
-----------------------------------------
243
/mnt//archive/far-east-20/2024/24_10_17//ad0243.fits
flat found.  dividing by flatfield
read ra/dec for target of: (24.308415, 57.75922)
pixel scale is: 1.0697709257557966
x/y of var, cal1, cal2: 436.2117491921531 433.3383900747283 757.1823066111217 580.0543453239744 615.184538067561 617.8893172723523
 id  xcenter   ycenter  ...  aper_bkg aper_sum_bkgsub aper_sum_bkgsub_err
       pix       pix    ...                                              
--- --------- --------- ... --------- --------------- -------------------
  1 436.21175 433.33839 ... 17420.951       226790.94           511.72047
  2 757.18231 580.05435 ... 16891.621       77491.237           333.91538
  3 615.18454 617.88932 ... 16933.177       32304.815           257.67454
-----------------------------------------
244
/mnt//archive/far-east-20/2024/24_10_17//ad0244.fits
flat found.  dividing by flatfield
read ra/dec for target of: (24.308415, 57.75922)
pixel scale is: 1.069604063060341
x/y of var, cal1, cal2: 436.2157061220776 433.1287760250959 757.2215177532184 579.8505613604648 615.2159365364448 617.6989762912053
 id  xcenter   ycenter  ...  aper_bkg aper_sum_bkgsub aper_sum_bkgsub_err
       pix       pix    ...                                              
--- --------- --------- ... --------- --------------- -------------------
  1 436.21571 433.12878 ... 17295.677       230353.75            514.9467
  2 757.22152 579.85056 ... 16738.136       78999.234           335.70896
  3 615.21594 617.69898 ... 16897.197        33617.48            260.0709
