read ra/dec for calibration star of: (346.910188, 58.621305) (346.992287, 58.573333)
automag_driver: using file automag_driver
aperture parameters; rad, r_in, r_out: 5.0, 15.0, 25.0
-----------------------------------------
9
/mnt//archive/east-16/2024/24_09_29//ad0009.fits
flat found.  dividing by flatfield
read ra/dec for target of: (346.79201, 58.554203)
pixel scale is: 0.92654657508621
x/y of var, cal1, cal2: 757.1492426618927 589.1088399156874 982.8483121299737 316.5666091387748 1158.5144341026505 494.00312708439503
 id  xcenter   ycenter  ...  aper_bkg aper_sum_bkgsub aper_sum_bkgsub_err
       pix       pix    ...                                              
--- --------- --------- ... --------- --------------- -------------------
  1 757.14924 589.10884 ... 13023.678       224865.16           501.13622
  2 982.84831 316.56661 ... 13083.384       247911.85           523.74003
  3 1158.5144 494.00313 ... 13119.981       88954.033           339.73371
-----------------------------------------
10
/mnt//archive/east-16/2024/24_09_29//ad0010.fits
flat found.  dividing by flatfield
read ra/dec for target of: (346.79201, 58.554203)
pixel scale is: 0.9267075895509027
x/y of var, cal1, cal2: 757.7121104291828 590.2090135322373 983.4606251133766 317.7037976108123 1159.1251766698233 495.1014420410566
 id  xcenter   ycenter  ...  aper_bkg aper_sum_bkgsub aper_sum_bkgsub_err
       pix       pix    ...                                              
--- --------- --------- ... --------- --------------- -------------------
  1 757.71211 590.20901 ... 13148.067       221059.46           497.57471
  2 983.46063  317.7038 ... 12990.624       242314.99           518.19035
  3 1159.1252 495.10144 ... 13133.732       87784.726           338.04909
-----------------------------------------
11
/mnt//archive/east-16/2024/24_09_29//ad0011.fits
flat found.  dividing by flatfield
read ra/dec for target of: (346.79201, 58.554203)
pixel scale is: 0.9265600650765392
x/y of var, cal1, cal2: 757.9952658366241 590.7923050916814 983.7221973753997 318.26356646111594 1159.395529434937 495.7049115772749
 id  xcenter   ycenter  ...  aper_bkg aper_sum_bkgsub aper_sum_bkgsub_err
       pix       pix    ...                                              
--- --------- --------- ... --------- --------------- -------------------
  1 757.99527 590.79231 ... 13466.931       205393.24           482.23656
  2  983.7222 318.26357 ... 13625.226       221166.75           498.64035
  3 1159.3955 495.70491 ... 13565.961       81256.741           329.56587
-----------------------------------------
12
/mnt//archive/east-16/2024/24_09_29//ad0012.fits
flat found.  dividing by flatfield
read ra/dec for target of: (346.79201, 58.554203)
pixel scale is: 0.9265990029910092
x/y of var, cal1, cal2: 758.096059705341 591.2364903280181 983.829305951303 318.70963322973876 1159.5064148250729 496.13607215121357
 id  xcenter   ycenter  ...  aper_bkg aper_sum_bkgsub aper_sum_bkgsub_err
       pix       pix    ...                                              
--- --------- --------- ... --------- --------------- -------------------
  1 758.09606 591.23649 ... 13125.755       218170.38           494.61792
  2 983.82931 318.70963 ... 13042.476       242102.74            518.0856
  3 1159.5064 496.13607 ... 12959.097       87452.994           337.04034
