read ra/dec for calibration star of: (346.910188, 58.621305) (346.992287, 58.573333)
automag_driver: using file automag_driver
aperture parameters; rad, r_in, r_out: 5.0, 15.0, 25.0
-----------------------------------------
207
-----------------------------------------
208
/mnt//archive/draco2/2024/24_01_31//ad0208.fits
flat found.  dividing by flatfield
read ra/dec for target of: (346.79201, 58.554203)
pixel scale is: 0.9837016973600314
x/y of var, cal1, cal2: 525.9402430699764 433.7777552135063 674.4879045187212 135.43971189808798 873.7966806283004 260.5468948751591
 id  xcenter   ycenter  ...  aper_bkg aper_sum_bkgsub aper_sum_bkgsub_err
       pix       pix    ...                                              
--- --------- --------- ... --------- --------------- -------------------
  1 525.94024 433.77776 ...  5144.676       107532.55           343.57955
  2  674.4879 135.43971 ... 5138.6703       69492.569           282.83371
  3 873.79668 260.54689 ...   5005.72       27719.601            194.8231
-----------------------------------------
209
/mnt//archive/draco2/2024/24_01_31//ad0209.fits
flat found.  dividing by flatfield
read ra/dec for target of: (346.79201, 58.554203)
pixel scale is: 0.9838353790061484
x/y of var, cal1, cal2: 525.5036879153881 433.85593103590065 674.0068413269249 135.5960220064714 873.232681219745 260.7366295404949
 id  xcenter   ycenter  ...  aper_bkg aper_sum_bkgsub aper_sum_bkgsub_err
       pix       pix    ...                                              
--- --------- --------- ... --------- --------------- -------------------
  1 525.50369 433.85593 ...  10435.94        220994.7           492.02803
  2 674.00684 135.59602 ... 10184.664       143127.82           404.62594
  3 873.23268 260.73663 ... 10129.449         56835.4           278.06348
-----------------------------------------
210
/mnt//archive/draco2/2024/24_01_31//ad0210.fits
flat found.  dividing by flatfield
read ra/dec for target of: (346.79201, 58.554203)
pixel scale is: 0.9837758731056887
x/y of var, cal1, cal2: 525.3309295359652 433.9096664236512 673.9447678484388 135.61923621929532 873.2587521700395 260.7506325328411
 id  xcenter   ycenter  ...  aper_bkg aper_sum_bkgsub aper_sum_bkgsub_err
       pix       pix    ...                                              
--- --------- --------- ... --------- --------------- -------------------
  1 525.33093 433.90967 ... 10253.375       218118.74           488.72332
  2 673.94477 135.61924 ... 10109.714       139022.36           399.33293
  3 873.25875 260.75063 ... 10163.647       56375.322           277.35828
