read ra/dec for calibration star of: (359.756688, 61.132989) (359.386175, 61.184511)
automag_driver: using file automag_driver
aperture parameters; rad, r_in, r_out: 5.0, 15.0, 25.0
-----------------------------------------
173
/mnt//archive/far-east-20/2024/24_10_17//ad0173.fits
flat found.  dividing by flatfield
read ra/dec for target of: (359.5749, 61.221062)
pixel scale is: 1.0705340154871186
x/y of var, cal1, cal2: 443.87728746651493 430.5327287735618 160.17961677626988 123.76771935817743 754.360213866649 319.776851513991
 id  xcenter   ycenter  ...  aper_bkg aper_sum_bkgsub aper_sum_bkgsub_err
       pix       pix    ...                                              
--- --------- --------- ... --------- --------------- -------------------
  1 443.87729 430.53273 ... 102056.06         82031.1           535.13383
  2 160.17962 123.76772 ... 101622.83       53758.181           507.17733
  3 754.36021 319.77685 ... 107998.23       106920.46           568.45573
-----------------------------------------
174
/mnt//archive/far-east-20/2024/24_10_17//ad0174.fits
flat found.  dividing by flatfield
read ra/dec for target of: (359.5749, 61.221062)
pixel scale is: 1.0697927806360048
x/y of var, cal1, cal2: 443.6694371733792 430.35132221548537 159.82444857821815 123.31359256653928 754.1480754123859 319.5845309804936
 id  xcenter   ycenter  ...  aper_bkg aper_sum_bkgsub aper_sum_bkgsub_err
       pix       pix    ...                                              
--- --------- --------- ... --------- --------------- -------------------
  1 443.66944 430.35132 ... 174318.16       33916.347           618.69028
  2 159.82445 123.31359 ... 176958.18       21258.943            612.6992
  3 754.14808 319.58453 ...  176324.7       43493.314            629.5774
-----------------------------------------
175
/mnt//archive/far-east-20/2024/24_10_17//ad0175.fits
flat found.  dividing by flatfield
read ra/dec for target of: (359.5749, 61.221062)
pixel scale is: 1.0699972071242845
x/y of var, cal1, cal2: 443.5777841489795 430.4401568576363 159.83091265457313 123.48149402500798 754.024820051817 319.67221981186117
 id  xcenter   ycenter  ...  aper_bkg aper_sum_bkgsub aper_sum_bkgsub_err
       pix       pix    ...                                              
--- --------- --------- ... --------- --------------- -------------------
  1 443.57778 430.44016 ... 143172.27        57945.14           586.95373
  2 159.83091 123.48149 ... 148714.17       37381.629           578.82206
  3 754.02482 319.67222 ... 144071.72       75928.763           603.57038
-----------------------------------------
176
/mnt//archive/far-east-20/2024/24_10_17//ad0176.fits
flat found.  dividing by flatfield
read ra/dec for target of: (359.5749, 61.221062)
pixel scale is: 1.0700406550189014
x/y of var, cal1, cal2: 443.52694779012694 430.8585474576146 159.64284713152387 123.91973504159859 753.9922977728038 320.0870034904009
 id  xcenter   ycenter  ...  aper_bkg aper_sum_bkgsub aper_sum_bkgsub_err
       pix       pix    ...                                              
--- --------- --------- ... --------- --------------- -------------------
  1 443.52695 430.85855 ...  170129.6       36963.255           614.36752
  2 159.64285 123.91974 ... 172726.66       24478.323           608.40501
  3  753.9923   320.087 ... 169551.38       47647.908           622.07368
