1* * * * * * * * * * * * *
 *  A S T R O M E T R Y  *
 * * * * * * * * * * * * *



 Equinox for mean coordinates of results:  J2000.0

 Projection geometry:  Astrograph                              

 Plate centre:  23 07 11.5   +58 33 31     Equinox J2000.0     Epoch J2000.000


 Reference stars:

                n              RA            Dec         pmR    pmD   Equinox   Epoch      px         Xmeas        Ymeas

                1         23 06 07.478  +58 31 47.95  +0.0000 +0.000  J2000.0  J2000.000  0.000    +1106.641     +316.217
                2         23 06 11.366  +58 39 22.57  +0.0000 +0.000  J2000.0  J2000.000  0.000    +1061.430     +814.913
                3         23 06 11.439  +58 34 20.38  +0.0000 +0.000  J2000.0  J2000.000  0.000    +1068.806     +483.383
                4         23 06 13.013  +58 28 53.82  +0.0000 +0.000  J2000.0  J2000.000  0.000    +1063.762     +124.838
                5         23 06 15.358  +58 34 26.98  +0.0000 +0.000  J2000.0  J2000.000  0.000    +1035.076     +489.767
                6         23 06 16.147  +58 30 18.86  +0.0000 +0.000  J2000.0  J2000.000  0.000    +1034.583     +217.422
                7         23 06 23.262  +58 33 43.88  +0.0000 +0.000  J2000.0  J2000.000  0.000     +968.285     +440.855
                8         23 06 26.520  +58 28 37.29  +0.0000 +0.000  J2000.0  J2000.000  0.000     +948.218     +103.995
                9         23 06 26.897  +58 30 34.91  +0.0000 +0.000  J2000.0  J2000.000  0.000     +941.913     +232.874
               10         23 06 27.948  +58 27 27.09  +0.0000 +0.000  J2000.0  J2000.000  0.000     +938.021      +26.806
               11         23 06 30.624  +58 35 50.73  +0.0000 +0.000  J2000.0  J2000.000  0.000     +902.034     +578.703
               12         23 06 32.174  +58 38 54.45  +0.0000 +0.000  J2000.0  J2000.000  0.000     +884.146     +779.896
               13         23 06 32.855  +58 38 09.70  +0.0000 +0.000  J2000.0  J2000.000  0.000     +879.492     +730.798
               14         23 06 37.191  +58 29 30.49  +0.0000 +0.000  J2000.0  J2000.000  0.000     +855.201     +160.250
               15         23 06 37.644  +58 31 31.75  +0.0000 +0.000  J2000.0  J2000.000  0.000     +848.295     +293.084
               16         23 06 42.404  +58 39 09.33  +0.0000 +0.000  J2000.0  J2000.000  0.000     +796.259     +794.308
               17         23 06 43.110  +58 32 05.77  +0.0000 +0.000  J2000.0  J2000.000  0.000     +800.479     +329.330
               18         23 06 43.132  +58 31 01.71  +0.0000 +0.000  J2000.0  J2000.000  0.000     +801.841     +259.112
               19         23 06 43.437  +58 34 34.11  +0.0000 +0.000  J2000.0  J2000.000  0.000     +794.159     +492.043
               20         23 06 43.881  +58 29 25.84  +0.0000 +0.000  J2000.0  J2000.000  0.000     +797.702     +153.903
               21         23 06 44.792  +58 37 39.15  +0.0000 +0.000  J2000.0  J2000.000  0.000     +778.009     +694.881
               22         23 06 44.958  +58 37 26.63  +0.0000 +0.000  J2000.0  J2000.000  0.000     +776.897     +681.096
               23         23 06 45.349  +58 36 25.47  +0.0000 +0.000  J2000.0  J2000.000  0.000     +775.082     +613.892
               24         23 06 52.622  +58 30 00.81  +0.0000 +0.000  J2000.0  J2000.000  0.000     +721.947     +190.524
               25         23 06 53.417  +58 32 13.48  +0.0000 +0.000  J2000.0  J2000.000  0.000     +711.927     +335.977
               26         23 06 56.646  +58 36 26.51  +0.0000 +0.000  J2000.0  J2000.000  0.000     +678.240     +613.024
               27         23 06 57.667  +58 31 36.69  +0.0000 +0.000  J2000.0  J2000.000  0.000     +676.327     +294.887
               28         23 06 57.873  +58 28 07.13  +0.0000 +0.000  J2000.0  J2000.000  0.000     +679.337      +64.879
               29         23 06 59.004  +58 28 32.82  +0.0000 +0.000  J2000.0  J2000.000  0.000     +668.796      +92.790
               30         23 07 01.358  +58 39 10.69  +0.0000 +0.000  J2000.0  J2000.000  0.000     +633.633     +792.211
               31         23 07 02.461  +58 27 34.75  +0.0000 +0.000  J2000.0  J2000.000  0.000     +640.859      +28.553
               32         23 07 05.063  +58 35 12.48  +0.0000 +0.000  J2000.0  J2000.000  0.000     +607.821     +530.188
               33         23 07 06.078  +58 36 30.91  +0.0000 +0.000  J2000.0  J2000.000  0.000     +597.470     +616.126
               34         23 07 06.894  +58 34 08.03  +0.0000 +0.000  J2000.0  J2000.000  0.000     +594.071     +459.094
               35         23 07 07.262  +58 32 57.08  +0.0000 +0.000  J2000.0  J2000.000  0.000     +592.102     +381.256
               36         23 07 08.759  +58 38 41.80  +0.0000 +0.000  J2000.0  J2000.000  0.000     +571.357     +759.283
               37         23 07 09.073  +58 37 39.15  +0.0000 +0.000  J2000.0  J2000.000  0.000     +570.192     +690.451
               38         23 07 10.076  +58 33 15.07  +0.0000 +0.000  J2000.0  J2000.000  0.000     +567.565     +400.489
               39         23 07 11.078  +58 36 21.67  +0.0000 +0.000  J2000.0  J2000.000  0.000     +554.654     +605.096
               40         23 07 11.663  +58 33 01.54  +0.0000 +0.000  J2000.0  J2000.000  0.000     +554.328     +385.359
               41         23 07 16.074  +58 39 37.99  +0.0000 +0.000  J2000.0  J2000.000  0.000     +507.599     +819.701
               42         23 07 22.318  +58 36 10.41  +0.0000 +0.000  J2000.0  J2000.000  0.000     +458.700     +590.819
               43         23 07 23.611  +58 37 15.18  +0.0000 +0.000  J2000.0  J2000.000  0.000     +446.046     +661.566
               44         23 07 24.697  +58 32 14.32  +0.0000 +0.000  J2000.0  J2000.000  0.000     +443.457     +331.326
               45         23 07 28.252  +58 39 17.43  +0.0000 +0.000  J2000.0  J2000.000  0.000     +403.868     +794.837
               46         23 07 29.938  +58 37 07.58  +0.0000 +0.000  J2000.0  J2000.000  0.000     +392.299     +652.364
               47         23 07 32.050  +58 29 04.32  +0.0000 +0.000  J2000.0  J2000.000  0.000     +384.434     +121.678
               48         23 07 33.459  +58 36 23.61  +0.0000 +0.000  J2000.0  J2000.000  0.000     +362.884     +603.386
               49         23 07 33.622  +58 38 01.47  +0.0000 +0.000  J2000.0  J2000.000  0.000     +359.546     +710.716
               50         23 07 35.001  +58 27 25.36  +0.0000 +0.000  J2000.0  J2000.000  0.000     +361.222      +12.680
               51         23 07 35.283  +58 34 07.35  +0.0000 +0.000  J2000.0  J2000.000  0.000     +350.259     +453.565
               52         23 07 40.478  +58 38 37.67  +0.0000 +0.000  J2000.0  J2000.000  0.000     +300.095     +749.449
               53         23 07 43.928  +58 32 00.72  +0.0000 +0.000  J2000.0  J2000.000  0.000     +278.719     +313.247
               54         23 07 45.171  +58 32 51.74  +0.0000 +0.000  J2000.0  J2000.000  0.000     +267.040     +369.089
               55         23 07 45.618  +58 34 33.24  +0.0000 +0.000  J2000.0  J2000.000  0.000     +261.105     +480.451
               56         23 07 46.264  +58 37 16.63  +0.0000 +0.000  J2000.0  J2000.000  0.000     +252.105     +659.554
               57         23 07 48.613  +58 34 18.57  +0.0000 +0.000  J2000.0  J2000.000  0.000     +235.730     +463.780
               58         23 07 51.219  +58 32 35.72  +0.0000 +0.000  J2000.0  J2000.000  0.000     +215.471     +350.526
               59         23 07 52.018  +58 38 34.03  +0.0000 +0.000  J2000.0  J2000.000  0.000     +201.510     +743.457
               60         23 07 52.353  +58 31 44.63  +0.0000 +0.000  J2000.0  J2000.000  0.000     +206.679     +294.342
               61         23 07 56.033  +58 32 20.08  +0.0000 +0.000  J2000.0  J2000.000  0.000     +174.503     +332.702
               62         23 07 56.807  +58 34 08.04  +0.0000 +0.000  J2000.0  J2000.000  0.000     +165.649     +450.983
               63         23 07 58.176  +58 34 24.07  +0.0000 +0.000  J2000.0  J2000.000  0.000     +153.455     +468.408
               64         23 07 58.705  +58 35 55.08  +0.0000 +0.000  J2000.0  J2000.000  0.000     +147.250     +568.106
               65         23 08 03.896  +58 33 11.72  +0.0000 +0.000  J2000.0  J2000.000  0.000     +105.954     +388.152
               66         23 08 06.446  +58 29 59.66  +0.0000 +0.000  J2000.0  J2000.000  0.000      +87.893     +177.017
               67         23 08 07.022  +58 37 14.87  +0.0000 +0.000  J2000.0  J2000.000  0.000      +74.447     +654.538
               68         23 08 07.609  +58 27 51.00  +0.0000 +0.000  J2000.0  J2000.000  0.000      +80.303      +35.716
               69         23 08 08.922  +58 38 56.05  +0.0000 +0.000  J2000.0  J2000.000  0.000      +56.295     +765.276
               70         23 08 11.243  +58 31 57.77  +0.0000 +0.000  J2000.0  J2000.000  0.000      +44.609     +305.811
               71         23 08 11.985  +58 36 26.00  +0.0000 +0.000  J2000.0  J2000.000  0.000      +32.933     +600.164
               72         23 08 14.392  +58 28 50.38  +0.0000 +0.000  J2000.0  J2000.000  0.000      +20.806      +99.883
1Plate solution: 4-coefficient
 -----------------------------

     X,Y = expected plate coordinates (radians)

     X =  +0.2490632E-02                            Y =  -0.1795240E-02
          -0.4419716E-05 * Xmeas                         -0.9028187E-07 * Xmeas
          -0.9028187E-07 * Ymeas                         +0.4419716E-05 * Ymeas


 Xmeas =   +554.9986                            Ymeas =   +417.5260    
           -226164.5     * X                              -4619.879     * X
           -4619.879     * Y                              +226164.5     * Y


      Plate scale (in measuring units):            0.9118 arcsec
                           Orientation:           -1.170  deg and laterally inverted


 Reference stars:
                             Mean RA,Dec         Equinox J2000.0      Epoch J2000.000           Residuals (arcsec)
                n                    catalogue                     calculated                 dX        dY        dR

                1            23 06 07.478  +58 31 47.95    23 06 07.519  +58 31 47.17      +0.318    -0.785     0.847
                2            23 06 11.366  +58 39 22.57    23 06 11.379  +58 39 22.75      +0.107    +0.186     0.215
                3            23 06 11.439  +58 34 20.38    23 06 11.453  +58 34 20.38      +0.112    +0.004     0.112
                4            23 06 13.013  +58 28 53.82    23 06 13.046  +58 28 53.66      +0.257    -0.155     0.300
                5            23 06 15.358  +58 34 26.98    23 06 15.367  +58 34 26.94      +0.070    -0.033     0.077
                6            23 06 16.147  +58 30 18.86    23 06 16.181  +58 30 18.69      +0.273    -0.161     0.317
                7            23 06 23.262  +58 33 43.88    23 06 23.285  +58 33 43.80      +0.178    -0.086     0.197
                8            23 06 26.520  +58 28 37.29    23 06 26.534  +58 28 37.15      +0.110    -0.134     0.173
                9            23 06 26.897  +58 30 34.91    23 06 26.920  +58 30 34.77      +0.178    -0.140     0.227
               10            23 06 27.948  +58 27 27.09    23 06 27.927  +58 27 27.00      -0.168    -0.086     0.189
               11            23 06 30.624  +58 35 50.73    23 06 30.636  +58 35 50.86      +0.093    +0.128     0.159
               12            23 06 32.174  +58 38 54.45    23 06 32.185  +58 38 54.63      +0.085    +0.187     0.205
               13            23 06 32.855  +58 38 09.70    23 06 32.860  +58 38 09.97      +0.038    +0.272     0.274
               14            23 06 37.191  +58 29 30.49    23 06 37.199  +58 29 30.37      +0.059    -0.116     0.130
               15            23 06 37.644  +58 31 31.75    23 06 37.654  +58 31 31.60      +0.077    -0.147     0.166
               16            23 06 42.404  +58 39 09.33    23 06 42.414  +58 39 09.58      +0.072    +0.244     0.255
               17            23 06 43.110  +58 32 05.77    23 06 43.126  +58 32 05.62      +0.121    -0.145     0.189
               18            23 06 43.132  +58 31 01.71    23 06 43.149  +58 31 01.58      +0.127    -0.123     0.177
               19            23 06 43.437  +58 34 34.11    23 06 43.442  +58 34 34.08      +0.040    -0.031     0.051
               20            23 06 43.881  +58 29 25.84    23 06 43.901  +58 29 25.76      +0.157    -0.086     0.179
               21            23 06 44.792  +58 37 39.15    23 06 44.802  +58 37 39.31      +0.076    +0.162     0.179
               22            23 06 44.958  +58 37 26.63    23 06 44.967  +58 37 26.77      +0.072    +0.135     0.153
               23            23 06 45.349  +58 36 25.47    23 06 45.352  +58 36 25.54      +0.028    +0.065     0.071
               24            23 06 52.622  +58 30 00.81    23 06 52.618  +58 30 00.65      -0.030    -0.158     0.161
               25            23 06 53.417  +58 32 13.48    23 06 53.419  +58 32 13.45      +0.015    -0.035     0.038
               26            23 06 56.646  +58 36 26.51    23 06 56.653  +58 36 26.66      +0.052    +0.159     0.167
               27            23 06 57.667  +58 31 36.69    23 06 57.666  +58 31 36.68      -0.007    -0.011     0.013
               28            23 06 57.873  +58 28 07.13    23 06 57.885  +58 28 06.95      +0.095    -0.183     0.206
               29            23 06 59.004  +58 28 32.82    23 06 59.042  +58 28 32.59      +0.292    -0.227     0.370
               30            23 07 01.358  +58 39 10.69    23 07 01.417  +58 39 10.88      +0.463    +0.184     0.499
               31            23 07 02.461  +58 27 34.75    23 07 02.446  +58 27 34.57      -0.122    -0.178     0.215
               32            23 07 05.063  +58 35 12.48    23 07 05.070  +58 35 12.50      +0.058    +0.020     0.061
               33            23 07 06.078  +58 36 30.91    23 07 06.069  +58 36 31.04      -0.072    +0.136     0.154
               34            23 07 06.894  +58 34 08.03    23 07 06.845  +58 34 07.95      -0.380    -0.079     0.388
               35            23 07 07.262  +58 32 57.08    23 07 07.262  +58 32 57.03      +0.000    -0.045     0.045
               36            23 07 08.759  +58 38 41.80    23 07 08.772  +58 38 42.04      +0.099    +0.242     0.261
               37            23 07 09.073  +58 37 39.15    23 07 09.074  +58 37 39.31      +0.004    +0.164     0.164
               38            23 07 10.076  +58 33 15.07    23 07 10.075  +58 33 15.02      -0.008    -0.044     0.044
               39            23 07 11.078  +58 36 21.67    23 07 11.091  +58 36 21.79      +0.102    +0.125     0.161
               40            23 07 11.663  +58 33 01.54    23 07 11.653  +58 33 01.48      -0.080    -0.064     0.102
               41            23 07 16.074  +58 39 37.99    23 07 16.077  +58 39 38.30      +0.025    +0.313     0.314
               42            23 07 22.318  +58 36 10.41    23 07 22.319  +58 36 10.53      +0.009    +0.125     0.125
               43            23 07 23.611  +58 37 15.18    23 07 23.633  +58 37 15.26      +0.171    +0.083     0.190
               44            23 07 24.697  +58 32 14.32    23 07 24.691  +58 32 14.24      -0.047    -0.079     0.092
               45            23 07 28.252  +58 39 17.43    23 07 28.255  +58 39 17.50      +0.021    +0.076     0.079
               46            23 07 29.938  +58 37 07.58    23 07 29.927  +58 37 07.82      -0.081    +0.245     0.258
               47            23 07 32.050  +58 29 04.32    23 07 32.031  +58 29 04.16      -0.145    -0.158     0.215
               48            23 07 33.459  +58 36 23.61    23 07 33.469  +58 36 23.69      +0.083    +0.079     0.115
               49            23 07 33.622  +58 38 01.47    23 07 33.620  +58 38 01.59      -0.015    +0.124     0.125
               50            23 07 35.001  +58 27 25.36    23 07 34.971  +58 27 25.19      -0.239    -0.170     0.294
               51            23 07 35.283  +58 34 07.35    23 07 35.274  +58 34 07.32      -0.070    -0.030     0.076
               52            23 07 40.478  +58 38 37.67    23 07 40.478  +58 38 37.92      +0.001    +0.250     0.250
               53            23 07 43.928  +58 32 00.72    23 07 43.913  +58 32 00.62      -0.123    -0.100     0.159
               54            23 07 45.171  +58 32 51.74    23 07 45.153  +58 32 51.72      -0.142    -0.019     0.143
               55            23 07 45.618  +58 34 33.24    23 07 45.607  +58 34 33.34      -0.084    +0.104     0.133
               56            23 07 46.264  +58 37 16.63    23 07 46.275  +58 37 16.78      +0.083    +0.151     0.172
               57            23 07 48.613  +58 34 18.57    23 07 48.600  +58 34 18.57      -0.099    -0.001     0.099
               58            23 07 51.219  +58 32 35.72    23 07 51.199  +58 32 35.65      -0.154    -0.074     0.171
               59            23 07 52.018  +58 38 34.03    23 07 52.005  +58 38 34.10      -0.102    +0.073     0.125
               60            23 07 52.353  +58 31 44.63    23 07 52.340  +58 31 44.57      -0.100    -0.057     0.115
               61            23 07 56.033  +58 32 20.08    23 07 56.007  +58 32 20.07      -0.205    -0.012     0.205
               62            23 07 56.807  +58 34 08.04    23 07 56.795  +58 34 08.04      -0.087    +0.008     0.087
               63            23 07 58.176  +58 34 24.07    23 07 58.181  +58 34 24.12      +0.037    +0.050     0.062
               64            23 07 58.705  +58 35 55.08    23 07 58.701  +58 35 55.12      -0.028    +0.034     0.044
               65            23 08 03.896  +58 33 11.71    23 08 03.879  +58 33 11.71      -0.139    -0.008     0.139
               66            23 08 06.446  +58 29 59.66    23 08 06.402  +58 29 59.50      -0.350    -0.164     0.387
               67            23 08 07.022  +58 37 14.87    23 08 07.022  +58 37 15.06      -0.001    +0.189     0.189
               68            23 08 07.609  +58 27 51.00    23 08 07.563  +58 27 50.80      -0.363    -0.202     0.416
               69            23 08 08.922  +58 38 56.05    23 08 08.923  +58 38 56.30      +0.012    +0.244     0.244
               70            23 08 11.243  +58 31 57.77    23 08 11.186  +58 31 57.59      -0.444    -0.184     0.480
               71            23 08 11.985  +58 36 26.00    23 08 11.974  +58 36 26.12      -0.083    +0.120     0.146
               72            23 08 14.392  +58 28 50.38    23 08 14.354  +58 28 50.20      -0.301    -0.173     0.347

                                                                                  RMS :     0.160     0.168     0.232

1Plate solution: 6-coefficient
 -----------------------------

     X,Y = expected plate coordinates (radians)

     X =  +0.2491957E-02                            Y =  -0.1794177E-02
          -0.4421351E-05 * Xmeas                         -0.8996697E-07 * Xmeas
          -0.9125243E-07 * Ymeas                         +0.4416944E-05 * Ymeas


 Xmeas =   +555.0018                            Ymeas =   +417.5079    
           -226080.2     * X                              -4604.936     * X
           -4670.732     * Y                              +226305.7     * Y


     Plate scales (in measuring units):      X     0.9122 arcsec
                                             Y     0.9113 arcsec
                                          mean     0.9117 arcsec
                   Nonperpendicularity:           -0.018  deg
                           Orientation:           -1.175  deg and laterally inverted


 Reference stars:
                             Mean RA,Dec         Equinox J2000.0      Epoch J2000.000           Residuals (arcsec)
                n                    catalogue                     calculated                 dX        dY        dR

                1            23 06 07.478  +58 31 47.95    23 06 07.498  +58 31 47.28      +0.154    -0.674     0.692
                2            23 06 11.366  +58 39 22.57    23 06 11.348  +58 39 22.58      -0.141    +0.009     0.141
                3            23 06 11.439  +58 34 20.38    23 06 11.430  +58 34 20.40      -0.072    +0.016     0.074
                4            23 06 13.013  +58 28 53.82    23 06 13.032  +58 28 53.88      +0.147    +0.062     0.159
                5            23 06 15.358  +58 34 26.98    23 06 15.344  +58 34 26.95      -0.104    -0.026     0.107
                6            23 06 16.147  +58 30 18.86    23 06 16.166  +58 30 18.86      +0.154    +0.001     0.154
                7            23 06 23.262  +58 33 43.88    23 06 23.267  +58 33 43.83      +0.036    -0.056     0.066
                8            23 06 26.520  +58 28 37.29    23 06 26.526  +58 28 37.37      +0.043    +0.087     0.097
                9            23 06 26.897  +58 30 34.91    23 06 26.908  +58 30 34.91      +0.087    +0.008     0.088
               10            23 06 27.948  +58 27 27.09    23 06 27.921  +58 27 27.27      -0.217    +0.179     0.281
               11            23 06 30.624  +58 35 50.73    23 06 30.617  +58 35 50.80      -0.053    +0.075     0.092
               12            23 06 32.174  +58 38 54.45    23 06 32.162  +58 38 54.46      -0.096    +0.018     0.098
               13            23 06 32.855  +58 38 09.70    23 06 32.838  +58 38 09.83      -0.132    +0.130     0.185
               14            23 06 37.191  +58 29 30.49    23 06 37.193  +58 29 30.56      +0.012    +0.068     0.069
               15            23 06 37.644  +58 31 31.75    23 06 37.645  +58 31 31.71      +0.005    -0.041     0.041
               16            23 06 42.404  +58 39 09.33    23 06 42.394  +58 39 09.39      -0.082    +0.061     0.102
               17            23 06 43.110  +58 32 05.77    23 06 43.118  +58 32 05.70      +0.058    -0.062     0.085
               18            23 06 43.132  +58 31 01.71    23 06 43.142  +58 31 01.71      +0.078    +0.001     0.078
               19            23 06 43.437  +58 34 34.11    23 06 43.430  +58 34 34.07      -0.053    -0.042     0.068
               20            23 06 43.881  +58 29 25.84    23 06 43.898  +58 29 25.94      +0.130    +0.097     0.162
               21            23 06 44.792  +58 37 39.15    23 06 44.786  +58 37 39.18      -0.052    +0.034     0.063
               22            23 06 44.958  +58 37 26.63    23 06 44.951  +58 37 26.65      -0.053    +0.015     0.055
               23            23 06 45.349  +58 36 25.47    23 06 45.338  +58 36 25.46      -0.083    -0.016     0.085
               24            23 06 52.622  +58 30 00.81    23 06 52.617  +58 30 00.81      -0.039    -0.000     0.039
               25            23 06 53.417  +58 32 13.48    23 06 53.415  +58 32 13.52      -0.019    +0.039     0.043
               26            23 06 56.646  +58 36 26.51    23 06 56.643  +58 36 26.58      -0.027    +0.072     0.076
               27            23 06 57.667  +58 31 36.69    23 06 57.664  +58 31 36.78      -0.021    +0.084     0.086
               28            23 06 57.873  +58 28 07.13    23 06 57.889  +58 28 07.17      +0.126    +0.043     0.134
               29            23 06 59.004  +58 28 32.82    23 06 59.045  +58 28 32.80      +0.321    -0.018     0.322
               30            23 07 01.358  +58 39 10.69    23 07 01.405  +58 39 10.68      +0.364    -0.009     0.364
               31            23 07 02.461  +58 27 34.75    23 07 02.452  +58 27 34.82      -0.070    +0.067     0.097
               32            23 07 05.063  +58 35 12.48    23 07 05.065  +58 35 12.46      +0.020    -0.024     0.031
               33            23 07 06.078  +58 36 30.91    23 07 06.063  +58 36 30.95      -0.124    +0.041     0.131
               34            23 07 06.894  +58 34 08.03    23 07 06.843  +58 34 07.95      -0.399    -0.084     0.407
               35            23 07 07.262  +58 32 57.08    23 07 07.262  +58 32 57.07      -0.002    -0.005     0.006
               36            23 07 08.759  +58 38 41.80    23 07 08.763  +58 38 41.86      +0.027    +0.064     0.070
               37            23 07 09.073  +58 37 39.15    23 07 09.066  +58 37 39.17      -0.053    +0.025     0.059
               38            23 07 10.076  +58 33 15.07    23 07 10.075  +58 33 15.05      -0.006    -0.016     0.017
               39            23 07 11.078  +58 36 21.67    23 07 11.087  +58 36 21.70      +0.067    +0.034     0.075
               40            23 07 11.663  +58 33 01.54    23 07 11.654  +58 33 01.51      -0.070    -0.029     0.076
               41            23 07 16.074  +58 39 37.99    23 07 16.069  +58 39 38.09      -0.037    +0.096     0.103
               42            23 07 22.318  +58 36 10.41    23 07 22.319  +58 36 10.45      +0.009    +0.036     0.037
               43            23 07 23.611  +58 37 15.18    23 07 23.632  +58 37 15.13      +0.161    -0.047     0.168
               44            23 07 24.697  +58 32 14.32    23 07 24.698  +58 32 14.30      +0.010    -0.020     0.022
               45            23 07 28.252  +58 39 17.43    23 07 28.252  +58 39 17.30      -0.001    -0.133     0.133
               46            23 07 29.938  +58 37 07.58    23 07 29.928  +58 37 07.69      -0.071    +0.116     0.136
               47            23 07 32.050  +58 29 04.32    23 07 32.047  +58 29 04.33      -0.026    +0.016     0.030
               48            23 07 33.459  +58 36 23.61    23 07 33.473  +58 36 23.58      +0.113    -0.023     0.116
               49            23 07 33.622  +58 38 01.47    23 07 33.621  +58 38 01.43      -0.005    -0.040     0.040
               50            23 07 35.001  +58 27 25.36    23 07 34.990  +58 27 25.43      -0.090    +0.065     0.111
               51            23 07 35.283  +58 34 07.35    23 07 35.282  +58 34 07.30      -0.006    -0.047     0.047
               52            23 07 40.478  +58 38 37.67    23 07 40.481  +58 38 37.73      +0.024    +0.061     0.065
               53            23 07 43.928  +58 32 00.72    23 07 43.928  +58 32 00.67      -0.007    -0.042     0.042
               54            23 07 45.171  +58 32 51.74    23 07 45.167  +58 32 51.75      -0.033    +0.007     0.033
               55            23 07 45.618  +58 34 33.24    23 07 45.618  +58 34 33.31      +0.005    +0.065     0.065
               56            23 07 46.264  +58 37 16.63    23 07 46.282  +58 37 16.64      +0.139    +0.010     0.139
               57            23 07 48.613  +58 34 18.57    23 07 48.613  +58 34 18.54      +0.002    -0.032     0.032
               58            23 07 51.219  +58 32 35.72    23 07 51.216  +58 32 35.68      -0.023    -0.041     0.047
               59            23 07 52.018  +58 38 34.03    23 07 52.012  +58 38 33.91      -0.045    -0.120     0.128
               60            23 07 52.353  +58 31 44.63    23 07 52.358  +58 31 44.64      +0.044    +0.008     0.045
               61            23 07 56.033  +58 32 20.08    23 07 56.026  +58 32 20.11      -0.057    +0.028     0.064
               62            23 07 56.807  +58 34 08.04    23 07 56.812  +58 34 08.01      +0.040    -0.020     0.045
               63            23 07 58.176  +58 34 24.07    23 07 58.197  +58 34 24.09      +0.165    +0.011     0.165
               64            23 07 58.705  +58 35 55.08    23 07 58.715  +58 35 55.02      +0.082    -0.062     0.103
               65            23 08 03.896  +58 33 11.71    23 08 03.899  +58 33 11.71      +0.021    -0.003     0.021
               66            23 08 06.446  +58 29 59.66    23 08 06.428  +58 29 59.62      -0.142    -0.041     0.148
               67            23 08 07.022  +58 37 14.87    23 08 07.037  +58 37 14.91      +0.116    +0.039     0.123
               68            23 08 07.609  +58 27 51.00    23 08 07.594  +58 27 51.00      -0.124    +0.002     0.124
               69            23 08 08.922  +58 38 56.05    23 08 08.936  +58 38 56.08      +0.113    +0.029     0.117
               70            23 08 11.243  +58 31 57.77    23 08 11.211  +58 31 57.63      -0.247    -0.137     0.282
               71            23 08 11.985  +58 36 26.00    23 08 11.992  +58 36 26.00      +0.059    -0.002     0.059
               72            23 08 14.392  +58 28 50.38    23 08 14.385  +58 28 50.37      -0.055    -0.009     0.056

                                                                                  RMS :     0.114     0.098     0.151

1Unknown stars:    J2000.0 mean places for epoch J2000.000

             :               4-coefficient model               :                6-coefficient model                :
             :   Xmeas    Ymeas          RA            Dec     :   Xmeas    Ymeas          RA             Dec      :     
             :                                                 :                                                   :
             : +315.971 +662.733 -> 23 07 38.813  +58 37 18.60 : +315.971 +662.733 -> 23 07 38.8175  +58 37 18.459 :     
             : +108.035  +37.489 -> 23 08 04.337  +58 27 51.98 : +108.035  +37.489 -> 23 08 04.3662  +58 27 52.185 :     
