read ra/dec for calibration star of: (350.640742, 62.791417) (350.801063, 62.783467)
automag_driver: using file automag_driver
aperture parameters; rad, r_in, r_out: 5.0, 15.0, 25.0
-----------------------------------------
81
/mnt//archive/draco2/2024/24_11_22//ad0081.fits
flat found.  dividing by flatfield
read ra/dec for target of: (350.618496, 62.757151)
pixel scale is: 0.9824436045208549
x/y of var, cal1, cal2: 555.6080785115578 416.9736334284685 570.3809615619521 286.8269204760302 839.8143543825213 268.1707747672948
 id  xcenter   ycenter  ...  aper_bkg aper_sum_bkgsub aper_sum_bkgsub_err
       pix       pix    ...                                              
--- --------- --------- ... --------- --------------- -------------------
  1 555.60808 416.97363 ... 4700.4781       16056.054           160.25608
  2 570.38096 286.82692 ... 4711.9205       15092.069           157.29243
  3 839.81435 268.17077 ... 4861.5382       11613.929           146.84007
-----------------------------------------
82
/mnt//archive/draco2/2024/24_11_22//ad0082.fits
flat found.  dividing by flatfield
read ra/dec for target of: (350.618496, 62.757151)
pixel scale is: 0.9823848287588112
x/y of var, cal1, cal2: 556.0536823437069 416.66740787965995 570.8630329289177 286.51136271237 840.402046017869 267.8260740698082
 id  xcenter   ycenter  ...  aper_bkg aper_sum_bkgsub aper_sum_bkgsub_err
       pix       pix    ...                                              
--- --------- --------- ... --------- --------------- -------------------
  1 556.05368 416.66741 ... 4743.9201       15971.173           160.26233
  2 570.86303 286.51136 ... 4648.1593       15720.738           158.87749
  3 840.40205 267.82607 ... 4555.1302       12104.507           146.42325
-----------------------------------------
83
/mnt//archive/draco2/2024/24_11_22//ad0083.fits
flat found.  dividing by flatfield
read ra/dec for target of: (350.618496, 62.757151)
pixel scale is: 0.9824769320315239
x/y of var, cal1, cal2: 556.0599014713031 416.69127137335215 570.8611746864342 286.54792550912674 840.3935661948162 267.87339872152535
 id  xcenter   ycenter  ...  aper_bkg aper_sum_bkgsub aper_sum_bkgsub_err
       pix       pix    ...                                              
--- --------- --------- ... --------- --------------- -------------------
  1  556.0599 416.69127 ... 4831.3944       15907.333            160.6086
  2 570.86117 286.54793 ...  4887.128       14997.065           158.10225
  3 840.39357  267.8734 ... 4717.9499       11390.651           145.09153
-----------------------------------------
84
/mnt//archive/draco2/2024/24_11_22//ad0084.fits
flat found.  dividing by flatfield
read ra/dec for target of: (350.618496, 62.757151)
pixel scale is: 0.9823465964992897
x/y of var, cal1, cal2: 555.9986462287209 416.4165590076759 570.793615945493 286.25522455978637 840.3016183727203 267.5650540694724
 id  xcenter   ycenter  ...  aper_bkg aper_sum_bkgsub aper_sum_bkgsub_err
       pix       pix    ...                                              
--- --------- --------- ... --------- --------------- -------------------
  1 555.99865 416.41656 ... 4791.3623       14857.818           157.05268
  2 570.79362 286.25522 ... 4638.2052       14520.445           154.98986
  3 840.30162 267.56505 ... 4705.1697       11228.025           144.44156
