read ra/dec for calibration star of: (346.910188, 58.621305) (346.992287, 58.573333)
automag_driver: using file automag_driver
aperture parameters; rad, r_in, r_out: 5.0, 15.0, 25.0
-----------------------------------------
328
/mnt//archive/west-14/2024/24_01_30//ad0328.fits
flat found.  dividing by flatfield
read ra/dec for target of: (346.79201, 58.554203)
pixel scale is: 0.9100734749985623
x/y of var, cal1, cal2: 565.869523398863 409.7941419507003 344.7538891325765 693.9841145077374 160.45976625034547 518.735274520649
 id  xcenter   ycenter  ...  aper_bkg aper_sum_bkgsub aper_sum_bkgsub_err
       pix       pix    ...                                              
--- --------- --------- ... --------- --------------- -------------------
  1 565.86952 409.79414 ... 12997.765       151984.88           422.14383
  2 344.75389 693.98411 ... 12754.217       81662.524           327.71323
  3 160.45977 518.73527 ... 12893.584       34092.599           245.16274
-----------------------------------------
329
/mnt//archive/west-14/2024/24_01_30//ad0329.fits
flat found.  dividing by flatfield
read ra/dec for target of: (346.79201, 58.554203)
pixel scale is: 0.9098528904143232
x/y of var, cal1, cal2: 567.1003343689748 411.3380577675111 345.84071317020965 695.6579856460667 161.54107813839136 520.4176082152537
 id  xcenter   ycenter  ...  aper_bkg aper_sum_bkgsub aper_sum_bkgsub_err
       pix       pix    ...                                              
--- --------- --------- ... --------- --------------- -------------------
  1 567.10033 411.33806 ... 13115.819       156951.19            428.2614
  2 345.84071 695.65799 ... 12772.075       85788.485           334.00245
  3 161.54108 520.41761 ... 12699.287       36985.564           250.21818
-----------------------------------------
330
/mnt//archive/west-14/2024/24_01_30//ad0330.fits
flat found.  dividing by flatfield
read ra/dec for target of: (346.79201, 58.554203)
pixel scale is: 0.9102356229731381
x/y of var, cal1, cal2: 568.9386202046002 411.7310729598972 347.85315694541157 695.8487021393494 163.5805122124204 520.6129746349136
 id  xcenter   ycenter  ...  aper_bkg aper_sum_bkgsub aper_sum_bkgsub_err
       pix       pix    ...                                              
--- --------- --------- ... --------- --------------- -------------------
  1 568.93862 411.73107 ... 13001.515       159726.62           431.22459
  2 347.85316  695.8487 ... 12548.103       84679.227           331.66313
  3 163.58051 520.61297 ...  12726.88       36583.803           249.52467
-----------------------------------------
331
/mnt//archive/west-14/2024/24_01_30//ad0331.fits
flat found.  dividing by flatfield
read ra/dec for target of: (346.79201, 58.554203)
pixel scale is: 0.9098585233475412
x/y of var, cal1, cal2: 569.6077285740193 412.2019578946401 348.3571238173105 696.4516919017052 164.02618850539193 521.1553664698423
 id  xcenter   ycenter  ...  aper_bkg aper_sum_bkgsub aper_sum_bkgsub_err
       pix       pix    ...                                              
--- --------- --------- ... --------- --------------- -------------------
  1 569.60773 412.20196 ... 12964.067       159989.48           431.44248
  2 348.35712 696.45169 ... 12830.322       85443.278           333.65989
  3 164.02619 521.15537 ... 12765.838        35740.69           247.98662
