read ra/dec for calibration star of: (329.455221, 56.2075) (329.569579, 56.130481)
automag_driver: using file automag_driver
aperture parameters; rad, r_in, r_out: 5.0, 15.0, 25.0
-----------------------------------------
198
/mnt//archive/west-14/2024/24_10_19//ad0198.fits
no flat found.  will not flatfield
read ra/dec for target of: (329.469547, 56.1639)
pixel scale is: 0.9121817810209399
x/y of var, cal1, cal2: 546.476031878077 408.7845216762927 574.4866955246782 581.429941384855 329.29405865600324 272.8525359381325
 id  xcenter   ycenter  ...  aper_bkg aper_sum_bkgsub aper_sum_bkgsub_err
       pix       pix    ...                                              
--- --------- --------- ... --------- --------------- -------------------
  1 546.47603 408.78452 ... 17650.975        175173.7            459.0214
  2  574.4867 581.42994 ... 17556.585       181957.39           466.14971
  3 329.29406 272.85254 ... 17084.634       38708.182           270.37464
-----------------------------------------
199
/mnt//archive/west-14/2024/24_10_19//ad0199.fits
no flat found.  will not flatfield
read ra/dec for target of: (329.469547, 56.1639)
pixel scale is: 0.9123960595920501
x/y of var, cal1, cal2: 546.1637595633059 408.43378429442294 574.1976373844848 581.0392315193302 328.9623262104371 272.5291927671549
 id  xcenter   ycenter  ...  aper_bkg aper_sum_bkgsub aper_sum_bkgsub_err
       pix       pix    ...                                              
--- --------- --------- ... --------- --------------- -------------------
  1 546.16376 408.43378 ... 17548.339       173329.74           456.78378
  2 574.19764 581.03923 ... 17359.648          176753           460.10575
  3 328.96233 272.52919 ...  17076.61       37436.168           267.98207
-----------------------------------------
200
/mnt//archive/west-14/2024/24_10_19//ad0200.fits
no flat found.  will not flatfield
read ra/dec for target of: (329.469547, 56.1639)
pixel scale is: 0.9124310850551949
x/y of var, cal1, cal2: 547.3772299808727 408.44197646421566 575.3665148719577 581.0394771947294 330.23257711764734 272.5530040641451
 id  xcenter   ycenter  ...  aper_bkg aper_sum_bkgsub aper_sum_bkgsub_err
       pix       pix    ...                                              
--- --------- --------- ... --------- --------------- -------------------
  1 547.37723 408.44198 ... 17452.653       170281.66           453.22397
  2 575.36651 581.03948 ... 17452.653       174501.57           457.85573
  3 330.23258   272.553 ...  16980.96       37776.873           268.26068
-----------------------------------------
201
/mnt//archive/west-14/2024/24_10_19//ad0201.fits
no flat found.  will not flatfield
read ra/dec for target of: (329.469547, 56.1639)
pixel scale is: 0.9119400447099562
x/y of var, cal1, cal2: 546.9038751993547 408.64696953878916 574.9400616797141 581.3412258762514 329.69016591527395 272.65507055875315
 id  xcenter   ycenter  ...  aper_bkg aper_sum_bkgsub aper_sum_bkgsub_err
       pix       pix    ...                                              
--- --------- --------- ... --------- --------------- -------------------
  1 546.90388 408.64697 ... 17754.774       174788.29           458.82767
  2 574.94006 581.34123 ... 17471.453       178737.27           462.49884
  3 329.69017 272.65507 ... 17093.692        38196.58           269.46051
