read ra/dec for calibration star of: (359.428633, 62.690422) (359.62416, 62.747272)
automag_driver: using file automag_driver
aperture parameters; rad, r_in, r_out: 5.0, 15.0, 25.0
-----------------------------------------
250
/mnt//archive/west-14/2024/24_10_19//ad0250.fits
flat found.  dividing by flatfield
read ra/dec for target of: (359.395668, 62.718246)
pixel scale is: 0.911214107902886
x/y of var, cal1, cal2: 558.0752160667748 421.80749016370436 500.78210071923326 310.64557725787813 142.74221878794128 528.3563426359877
 id  xcenter   ycenter  ...  aper_bkg aper_sum_bkgsub aper_sum_bkgsub_err
       pix       pix    ...                                              
--- --------- --------- ... --------- --------------- -------------------
  1 558.07522 421.80749 ... 11588.214       156609.63            424.2771
  2  500.7821 310.64558 ... 11525.685       30425.722           231.73712
  3 142.74222 528.35634 ... 11376.901       37967.415           246.87288
-----------------------------------------
251
/mnt//archive/west-14/2024/24_10_19//ad0251.fits
flat found.  dividing by flatfield
read ra/dec for target of: (359.395668, 62.718246)
pixel scale is: 0.9111898664483132
x/y of var, cal1, cal2: 558.2797537360566 421.78329565856524 500.984025234078 310.61377139236265 142.92669973202328 528.3012458499284
 id  xcenter   ycenter  ...  aper_bkg aper_sum_bkgsub aper_sum_bkgsub_err
       pix       pix    ...                                              
--- --------- --------- ... --------- --------------- -------------------
  1 558.27975  421.7833 ...  11094.78       155549.76           421.85817
  2 500.98403 310.61377 ... 10994.045        30694.58           230.01667
  3  142.9267 528.30125 ... 11060.874       38175.384           246.01246
-----------------------------------------
252
/mnt//archive/west-14/2024/24_10_19//ad0252.fits
flat found.  dividing by flatfield
read ra/dec for target of: (359.395668, 62.718246)
pixel scale is: 0.9112545033754348
x/y of var, cal1, cal2: 557.7829085253152 421.51674940727224 500.48867698388955 310.3607701945954 142.44277117109772 528.0681713306606
 id  xcenter   ycenter  ...  aper_bkg aper_sum_bkgsub aper_sum_bkgsub_err
       pix       pix    ...                                              
--- --------- --------- ... --------- --------------- -------------------
  1 557.78291 421.51675 ... 11314.038       155277.52            422.0552
  2 500.48868 310.36077 ...  11417.02       31004.208           232.51505
  3 142.44277 528.06817 ...  11307.34       37268.868           245.17045
-----------------------------------------
253
/mnt//archive/west-14/2024/24_10_19//ad0253.fits
flat found.  dividing by flatfield
read ra/dec for target of: (359.395668, 62.718246)
pixel scale is: 0.911192788659475
x/y of var, cal1, cal2: 558.0072158461442 421.99357405538746 500.7164274961799 310.8253011436096 142.69174306051292 528.5176684821317
 id  xcenter   ycenter  ...  aper_bkg aper_sum_bkgsub aper_sum_bkgsub_err
       pix       pix    ...                                              
--- --------- --------- ... --------- --------------- -------------------
  1 558.00722 421.99357 ... 11138.127       155162.83           421.50218
  2 500.71643  310.8253 ... 11063.719       30997.165           230.97533
  3 142.69174 528.51767 ... 11203.051       37760.605           245.74724
-----------------------------------------
254
/mnt//archive/west-14/2024/24_10_19//ad0254.fits
flat found.  dividing by flatfield
read ra/dec for target of: (359.395668, 62.718246)
pixel scale is: 0.9113559636277004
x/y of var, cal1, cal2: 559.0146293385134 421.91378090375053 501.7270850205763 310.76510306197054 143.69705798538394 528.4165653328495
 id  xcenter   ycenter  ...  aper_bkg aper_sum_bkgsub aper_sum_bkgsub_err
       pix       pix    ...                                              
--- --------- --------- ... --------- --------------- -------------------
  1 559.01463 421.91378 ... 11325.472       157486.13           424.69056
  2 501.72709  310.7651 ...  11188.27       30860.745           231.21913
  3 143.69706 528.41657 ... 11422.918       37803.369           246.72699
-----------------------------------------
255
/mnt//archive/west-14/2024/24_10_19//ad0255.fits
flat found.  dividing by flatfield
read ra/dec for target of: (359.395668, 62.718246)
pixel scale is: 0.9112328515387313
x/y of var, cal1, cal2: 559.2457737704425 422.04707495315154 501.95895535340514 310.8833584348631 143.91837777302987 528.5640937989486
 id  xcenter   ycenter  ...  aper_bkg aper_sum_bkgsub aper_sum_bkgsub_err
       pix       pix    ...                                              
--- --------- --------- ... --------- --------------- -------------------
  1 559.24577 422.04707 ... 11052.948       155138.88           421.27161
  2 501.95896 310.88336 ... 11269.247       30729.204           231.28488
  3 143.91838 528.56409 ... 11156.354       37304.493           244.62666
-----------------------------------------
256
/mnt//archive/west-14/2024/24_10_19//ad0256.fits
flat found.  dividing by flatfield
read ra/dec for target of: (359.395668, 62.718246)
pixel scale is: 0.9112102488261657
x/y of var, cal1, cal2: 559.5280570085422 422.1061148415962 502.24275501354015 310.94049498616306 144.2239973104907 528.6319636460619
 id  xcenter   ycenter  ...  aper_bkg aper_sum_bkgsub aper_sum_bkgsub_err
       pix       pix    ...                                              
--- --------- --------- ... --------- --------------- -------------------
  1 559.52806 422.10611 ... 11216.198       155356.88           421.91738
  2 502.24276 310.94049 ... 11133.211       31324.881           231.98341
  3   144.224 528.63196 ... 11011.507       37704.073           244.85115
-----------------------------------------
257
/mnt//archive/west-14/2024/24_10_19//ad0257.fits
flat found.  dividing by flatfield
read ra/dec for target of: (359.395668, 62.718246)
pixel scale is: 0.9111905597441242
x/y of var, cal1, cal2: 559.5865347131919 421.6118643368139 502.3065593517558 310.44844634274835 144.21920594732092 528.1734366372543
 id  xcenter   ycenter  ...  aper_bkg aper_sum_bkgsub aper_sum_bkgsub_err
       pix       pix    ...                                              
--- --------- --------- ... --------- --------------- -------------------
  1 559.58653 421.61186 ...  10990.86        155892.8           422.01838
  2 502.30656 310.44845 ... 11025.474       30703.477            230.1726
  3 144.21921 528.17344 ... 11160.133       37765.938           245.58339
