read ra/dec for calibration star of: (346.910188, 58.621305) (346.992287, 58.573333)
automag_driver: using file automag_driver
aperture parameters; rad, r_in, r_out: 5.0, 15.0, 25.0
-----------------------------------------
145
/mnt//archive/west-14/2024/24_11_11//ad0145.fits
flat found.  dividing by flatfield
read ra/dec for target of: (346.79201, 58.554203)
pixel scale is: 0.9104156595684232
x/y of var, cal1, cal2: 562.8333599351007 415.78041811801523 328.16374537876453 689.120713774751 152.87688926150662 505.45947639081186
 id  xcenter   ycenter  ...  aper_bkg aper_sum_bkgsub aper_sum_bkgsub_err
       pix       pix    ...                                              
--- --------- --------- ... --------- --------------- -------------------
  1 562.83336 415.78042 ... 116174.69       46224.916           528.01448
  2 328.16375 689.12071 ... 114661.26       42911.244           521.97582
  3 152.87689 505.45948 ... 115414.58       16899.858           497.94982
-----------------------------------------
146
/mnt//archive/west-14/2024/24_11_11//ad0146.fits
flat found.  dividing by flatfield
read ra/dec for target of: (346.79201, 58.554203)
pixel scale is: 0.9103996530227456
x/y of var, cal1, cal2: 561.7403066663164 415.26143180019915 327.32097267106076 688.5920537668837 151.83810531327373 504.91704420547467
 id  xcenter   ycenter  ...  aper_bkg aper_sum_bkgsub aper_sum_bkgsub_err
       pix       pix    ...                                              
--- --------- --------- ... --------- --------------- -------------------
  1 561.74031 415.26143 ... 113718.49       52820.323            529.6058
  2 327.32097 688.59205 ... 112009.89       44884.079            518.7763
  3 151.83811 504.91704 ...  112743.9       17342.179           493.00607
-----------------------------------------
147
/mnt//archive/west-14/2024/24_11_11//ad0147.fits
flat found.  dividing by flatfield
read ra/dec for target of: (346.79201, 58.554203)
pixel scale is: 0.910647214258534
x/y of var, cal1, cal2: 561.8912558129084 414.8814513473369 327.5606882060754 688.0999812238451 152.09348184319435 504.4466193185957
 id  xcenter   ycenter  ...  aper_bkg aper_sum_bkgsub aper_sum_bkgsub_err
       pix       pix    ...                                              
--- --------- --------- ... --------- --------------- -------------------
  1 561.89126 414.88145 ... 108948.32       62702.827           529.92873
  2 327.56069 688.09998 ... 107288.23       51579.116            516.1207
  3 152.09348 504.44662 ... 108092.07       21889.352           488.15827
-----------------------------------------
148
/mnt//archive/west-14/2024/24_11_11//ad0148.fits
flat found.  dividing by flatfield
read ra/dec for target of: (346.79201, 58.554203)
pixel scale is: 0.9106698112149684
x/y of var, cal1, cal2: 561.5448367450979 414.29368337772576 327.2137036256163 687.5868291632034 151.6754214776712 503.9989876754387
 id  xcenter   ycenter  ...  aper_bkg aper_sum_bkgsub aper_sum_bkgsub_err
       pix       pix    ...                                              
--- --------- --------- ... --------- --------------- -------------------
  1 561.54484 414.29368 ... 116466.81       43293.878           525.78749
  2  327.2137 687.58683 ... 115374.78       34223.266           514.97362
  3 151.67542 503.99899 ... 116345.87       15293.204           498.20673
