read ra/dec for calibration star of: (350.640742, 62.791417) (350.801063, 62.783467)
automag_driver: using file automag_driver
aperture parameters; rad, r_in, r_out: 5.0, 15.0, 25.0
-----------------------------------------
62
/mnt//archive/draco2/2024/24_11_25//ad0062.fits
flat found.  dividing by flatfield
read ra/dec for target of: (350.618496, 62.757151)
pixel scale is: 0.9839208260101628
x/y of var, cal1, cal2: 555.6337462569926 416.88105996448024 587.8202782587915 290.1280483736338 856.9465283149977 308.1542101890963
 id  xcenter   ycenter  ...  aper_bkg aper_sum_bkgsub aper_sum_bkgsub_err
       pix       pix    ...                                              
--- --------- --------- ... --------- --------------- -------------------
  1 555.63375 416.88106 ... 22738.494       41805.327           295.81635
  2 587.82028 290.12805 ... 22804.623       43315.832            298.5801
  3 856.94653 308.15421 ...  22602.32       21275.051           258.27251
-----------------------------------------
63
/mnt//archive/draco2/2024/24_11_25//ad0063.fits
flat found.  dividing by flatfield
read ra/dec for target of: (350.618496, 62.757151)
pixel scale is: 0.9838541241166602
x/y of var, cal1, cal2: 555.6938827117975 416.43911782831447 587.8792739645346 289.6751594307694 857.0268077710934 307.68287283963406
 id  xcenter   ycenter  ...  aper_bkg aper_sum_bkgsub aper_sum_bkgsub_err
       pix       pix    ...                                              
--- --------- --------- ... --------- --------------- -------------------
  1 555.69388 416.43912 ... 22857.853       41242.981           295.26884
  2 587.87927 289.67516 ... 22980.883       43126.685           298.85356
  3 857.02681 307.68287 ... 22767.693       20502.129           257.41506
-----------------------------------------
64
/mnt//archive/draco2/2024/24_11_25//ad0064.fits
flat found.  dividing by flatfield
read ra/dec for target of: (350.618496, 62.757151)
pixel scale is: 0.9838497535087262
x/y of var, cal1, cal2: 555.8438046376389 416.6673844779584 588.0452328891085 289.90358302718363 857.1762469730257 307.9173735866626
 id  xcenter   ycenter  ...  aper_bkg aper_sum_bkgsub aper_sum_bkgsub_err
       pix       pix    ...                                              
--- --------- --------- ... --------- --------------- -------------------
  1  555.8438 416.66738 ... 22135.854       42080.471              294.24
  2 588.04523 289.90358 ...   22510.8       43933.827           298.63092
  3 857.17625 307.91737 ... 22347.467       19513.445           253.83731
-----------------------------------------
65
/mnt//archive/draco2/2024/24_11_25//ad0065.fits
flat found.  dividing by flatfield
read ra/dec for target of: (350.618496, 62.757151)
pixel scale is: 0.9837034681541637
x/y of var, cal1, cal2: 556.0743007924182 416.95552360297916 588.2693508744984 290.17259034426064 857.4093339128594 308.1867198943517
 id  xcenter   ycenter  ...  aper_bkg aper_sum_bkgsub aper_sum_bkgsub_err
       pix       pix    ...                                              
--- --------- --------- ... --------- --------------- -------------------
  1  556.0743 416.95552 ... 20574.019       51389.052            304.5687
  2 588.26935 290.17259 ... 20645.737       54643.102           310.09608
  3 857.40933 308.18672 ...  20755.86       24413.079           257.19603
