read ra/dec for calibration star of: (359.428633, 62.690422) (359.62416, 62.747272)
automag_driver: using file automag_driver
aperture parameters; rad, r_in, r_out: 5.0, 15.0, 25.0
-----------------------------------------
137
/mnt//archive/draco2/2024/24_10_21//ad0137.fits
flat found.  dividing by flatfield
read ra/dec for target of: (359.395668, 62.718246)
pixel scale is: 0.9860787871336096
x/y of var, cal1, cal2: 553.1038240568814 418.035124672812 478.3688583004282 329.75667771193935 201.02310888163333 599.8317700414195
 id  xcenter   ycenter  ...  aper_bkg aper_sum_bkgsub aper_sum_bkgsub_err
       pix       pix    ...                                              
--- --------- --------- ... --------- --------------- -------------------
  1 553.10382 418.03512 ... 10130.148        43638.83           253.22742
  2 478.36886 329.75668 ... 10352.862       8311.8533           171.00461
  3 201.02311 599.83177 ... 10333.998       9992.4644           175.74259
-----------------------------------------
138
/mnt//archive/draco2/2024/24_10_21//ad0138.fits
flat found.  dividing by flatfield
read ra/dec for target of: (359.395668, 62.718246)
pixel scale is: 0.9860299507598418
x/y of var, cal1, cal2: 553.2926372629755 418.22333536872975 478.54639395186877 329.9464233682161 201.22704608449232 600.0569079409531
 id  xcenter   ycenter  ...  aper_bkg aper_sum_bkgsub aper_sum_bkgsub_err
       pix       pix    ...                                              
--- --------- --------- ... --------- --------------- -------------------
  1 553.29264 418.22334 ... 10064.554       44840.948           255.33323
  2 478.54639 329.94642 ...  10072.01       8485.2505           169.86545
  3 201.22705 600.05691 ... 9899.3033       10236.264           173.95365
-----------------------------------------
139
/mnt//archive/draco2/2024/24_10_21//ad0139.fits
flat found.  dividing by flatfield
read ra/dec for target of: (359.395668, 62.718246)
pixel scale is: 0.9858312483625795
x/y of var, cal1, cal2: 553.3357109388464 418.2204851007402 478.58449184162464 329.9153785113378 201.2258555566524 600.041684168636
 id  xcenter   ycenter  ...  aper_bkg aper_sum_bkgsub aper_sum_bkgsub_err
       pix       pix    ...                                              
--- --------- --------- ... --------- --------------- -------------------
  1 553.33571 418.22049 ... 9921.8197       46081.716           257.19711
  2 478.58449 329.91538 ... 9992.6481       8816.5571           170.37269
  3 201.22586 600.04168 ... 9950.1514       10755.255           175.72865
-----------------------------------------
140
/mnt//archive/draco2/2024/24_10_21//ad0140.fits
flat found.  dividing by flatfield
read ra/dec for target of: (359.395668, 62.718246)
pixel scale is: 0.9858596209815998
x/y of var, cal1, cal2: 553.7590672835761 418.2493411547994 479.0116119906327 329.94079089470154 201.6811831169835 600.0371376882964
 id  xcenter   ycenter  ...  aper_bkg aper_sum_bkgsub aper_sum_bkgsub_err
       pix       pix    ...                                              
--- --------- --------- ... --------- --------------- -------------------
  1 553.75907 418.24934 ... 10025.257       45297.019           256.07135
  2 479.01161 329.94079 ...  10068.31       9009.7125           171.38067
  3 201.68118 600.03714 ... 9961.2436       10728.508           175.71567
