read ra/dec for calibration star of: (304.067125, 42.123947) (303.970146, 42.191825)
automag_driver: using file automag_driver
aperture parameters; rad, r_in, r_out: 5.0, 15.0, 25.0
-----------------------------------------
170
/mnt//archive/west-14/2024/24_10_19//ad0170.fits
flat found.  dividing by flatfield
read ra/dec for target of: (304.052831, 42.108719)
pixel scale is: 0.9121571677267509
x/y of var, cal1, cal2: 571.0213729895451 421.5230468533284 528.0641912832041 480.80768095492607 806.3549991273303 754.2365993415198
 id  xcenter   ycenter  ...  aper_bkg aper_sum_bkgsub aper_sum_bkgsub_err
       pix       pix    ...                                              
--- --------- --------- ... --------- --------------- -------------------
  1 571.02137 421.52305 ... 26408.672       87247.981            374.5535
  2 528.06419 480.80768 ... 26082.478       100157.55            390.5733
  3   806.355  754.2366 ... 26268.839       50929.146           322.01215
-----------------------------------------
171
/mnt//archive/west-14/2024/24_10_19//ad0171.fits
flat found.  dividing by flatfield
read ra/dec for target of: (304.052831, 42.108719)
pixel scale is: 0.9123460724569882
x/y of var, cal1, cal2: 572.7976438346158 421.64167360389195 529.8550730286435 480.91766061629465 808.1059745360421 754.2664715391613
 id  xcenter   ycenter  ...  aper_bkg aper_sum_bkgsub aper_sum_bkgsub_err
       pix       pix    ...                                              
--- --------- --------- ... --------- --------------- -------------------
  1 572.79764 421.64167 ... 25341.959       85372.969           369.16377
  2 529.85507 480.91766 ... 25485.546       98050.302           386.32421
  3 808.10597 754.26647 ... 25284.344       50874.333           318.85423
-----------------------------------------
172
/mnt//archive/west-14/2024/24_10_19//ad0172.fits
flat found.  dividing by flatfield
read ra/dec for target of: (304.052831, 42.108719)
pixel scale is: 0.9119910339702725
x/y of var, cal1, cal2: 572.6737173950266 421.34850568348975 529.707368323334 480.6511816952351 807.9636039919352 754.0829972697095
 id  xcenter   ycenter  ...  aper_bkg aper_sum_bkgsub aper_sum_bkgsub_err
       pix       pix    ...                                              
--- --------- --------- ... --------- --------------- -------------------
  1 572.67372 421.34851 ... 25251.304       88508.469           373.14351
  2 529.70737 480.65118 ... 25348.918       100636.21           389.30585
  3  807.9636   754.083 ...  25011.74       51795.537           319.44329
-----------------------------------------
173
/mnt//archive/west-14/2024/24_10_19//ad0173.fits
flat found.  dividing by flatfield
read ra/dec for target of: (304.052831, 42.108719)
pixel scale is: 0.9122230945319634
x/y of var, cal1, cal2: 572.1490372904384 421.5902061375453 529.1950497622787 480.87077645042734 807.4635428127785 754.2785048985452
 id  xcenter   ycenter  ...  aper_bkg aper_sum_bkgsub aper_sum_bkgsub_err
       pix       pix    ...                                              
--- --------- --------- ... --------- --------------- -------------------
  1 572.14904 421.59021 ... 24750.956       88148.442           371.31571
  2 529.19505 480.87078 ... 24763.863       101157.92            388.4722
  3 807.46354  754.2785 ... 24586.471       51123.011            317.0504
