read ra/dec for calibration star of: (359.428633, 62.690422) (359.62416, 62.747272)
automag_driver: using file automag_driver
aperture parameters; rad, r_in, r_out: 5.0, 15.0, 25.0
-----------------------------------------
34
/mnt//archive/draco2/2019/19_11_20//ad0034.fits
flat found.  dividing by flatfield
read ra/dec for target of: (359.395668, 62.718246)
pixel scale is: 0.9864287962228283
x/y of var, cal1, cal2: 574.5168880042636 417.8472282657868 523.69567664528 314.07166846407716 188.6066304553147 508.19161201448276
 id  xcenter   ycenter  ...  aper_bkg aper_sum_bkgsub aper_sum_bkgsub_err
       pix       pix    ...                                              
--- --------- --------- ... --------- --------------- -------------------
  1 574.51689 417.84723 ... 25124.283       130359.28           425.24446
  2 523.69568 314.07167 ... 25104.457       27198.744           278.62638
  3 188.60663 508.19161 ... 25428.562       33222.356           290.35234
-----------------------------------------
35
/mnt//archive/draco2/2019/19_11_20//ad0035.fits
flat found.  dividing by flatfield
read ra/dec for target of: (359.395668, 62.718246)
pixel scale is: 0.9864496523643517
x/y of var, cal1, cal2: 575.4890993162153 417.91303814996996 524.6765832791391 314.13518692615526 189.49884276008493 508.2214642213935
 id  xcenter   ycenter  ...  aper_bkg aper_sum_bkgsub aper_sum_bkgsub_err
       pix       pix    ...                                              
--- --------- --------- ... --------- --------------- -------------------
  1  575.4891 417.91304 ... 25367.521       127178.62           422.06476
  2 524.67658 314.13519 ... 25322.886        25993.84           277.24468
  3 189.49884 508.22146 ... 25800.251        32590.14            290.5437
-----------------------------------------
36
/mnt//archive/draco2/2019/19_11_20//ad0036.fits
flat found.  dividing by flatfield
read ra/dec for target of: (359.395668, 62.718246)
pixel scale is: 0.9864933073079597
x/y of var, cal1, cal2: 575.1637517484845 418.0052965081474 524.3529464987009 314.233093522374 189.29342398705518 508.31773139032066
 id  xcenter   ycenter  ...  aper_bkg aper_sum_bkgsub aper_sum_bkgsub_err
       pix       pix    ...                                              
--- --------- --------- ... --------- --------------- -------------------
  1 575.16375  418.0053 ... 24793.315       131919.83           426.29973
  2 524.35295 314.23309 ... 24827.448       26826.808           276.95975
  3 189.29342 508.31773 ... 25237.839       33030.224           289.36292
-----------------------------------------
37
/mnt//archive/draco2/2019/19_11_20//ad0037.fits
flat found.  dividing by flatfield
read ra/dec for target of: (359.395668, 62.718246)
pixel scale is: 0.9864853241570879
x/y of var, cal1, cal2: 574.8168092083298 417.84345672337975 524.0168209838212 314.0678964935794 188.89836700965338 508.1375173020367
 id  xcenter   ycenter  ...  aper_bkg aper_sum_bkgsub aper_sum_bkgsub_err
       pix       pix    ...                                              
--- --------- --------- ... --------- --------------- -------------------
  1 574.81681 417.84346 ... 24196.183       140289.34             434.634
  2 524.01682  314.0679 ... 24020.325       29559.726             278.972
  3 188.89837 508.13752 ... 24457.733        35920.44           291.65203
