read ra/dec for calibration star of: (36.752127, 59.562503) (37.02079, 59.47925)
automag_driver: using file automag_driver
aperture parameters; rad, r_in, r_out: 5.0, 15.0, 25.0
-----------------------------------------
125
/mnt//archive/draco2/2024/24_10_21//ad0125.fits
no flat found.  will not flatfield
read ra/dec for target of: (36.807362, 59.460604)
pixel scale is: 0.9859379752549654
x/y of var, cal1, cal2: 554.2585774618225 416.4092674406343 728.9052423868492 760.5203395783597 180.64303148910352 562.9880651425243
 id  xcenter   ycenter  ...  aper_bkg aper_sum_bkgsub aper_sum_bkgsub_err
       pix       pix    ...                                              
--- --------- --------- ... --------- --------------- -------------------
  1 554.25858 416.40927 ...  11553.85       112661.57           368.77401
  2 728.90524 760.52034 ... 11149.869       54110.948           276.83151
  3 180.64303 562.98807 ... 11311.462       39311.695           249.31831
-----------------------------------------
126
/mnt//archive/draco2/2024/24_10_21//ad0126.fits
no flat found.  will not flatfield
read ra/dec for target of: (36.807362, 59.460604)
pixel scale is: 0.9854955161286887
x/y of var, cal1, cal2: 554.0889188686474 416.2417848834893 728.7897584566485 760.478593915913 180.3023228196189 562.9479030492176
 id  xcenter   ycenter  ...  aper_bkg aper_sum_bkgsub aper_sum_bkgsub_err
       pix       pix    ...                                              
--- --------- --------- ... --------- --------------- -------------------
  1 554.08892 416.24178 ... 11564.227       111661.42            367.4437
  2 728.78976 760.47859 ... 11079.015       54460.514           277.20668
  3 180.30232  562.9479 ... 11079.015       39569.015           248.90168
-----------------------------------------
127
/mnt//archive/draco2/2024/24_10_21//ad0127.fits
no flat found.  will not flatfield
read ra/dec for target of: (36.807362, 59.460604)
pixel scale is: 0.9862462577126113
x/y of var, cal1, cal2: 554.003879836327 416.43917202772656 728.708874846522 760.5093576365657 180.3016208269927 562.8295528814116
 id  xcenter   ycenter  ...  aper_bkg aper_sum_bkgsub aper_sum_bkgsub_err
       pix       pix    ...                                              
--- --------- --------- ... --------- --------------- -------------------
  1 554.00388 416.43917 ... 11627.374       113276.67           369.80593
  2 728.70887 760.50936 ... 11304.391       54216.576           277.57946
  3 180.30162 562.82955 ... 11304.391        39241.24            249.1486
-----------------------------------------
128
/mnt//archive/draco2/2024/24_10_21//ad0128.fits
no flat found.  will not flatfield
read ra/dec for target of: (36.807362, 59.460604)
pixel scale is: 0.9856051760107772
x/y of var, cal1, cal2: 553.9189242575168 416.2931464337297 728.567206391344 760.4939420396386 180.11893323564016 562.978020892145
 id  xcenter   ycenter  ...  aper_bkg aper_sum_bkgsub aper_sum_bkgsub_err
       pix       pix    ...                                              
--- --------- --------- ... --------- --------------- -------------------
  1 553.91892 416.29315 ... 11723.355       112763.65           369.37157
  2 728.56721 760.49394 ...   11157.4       54309.222           277.21656
  3 180.11893 562.97802 ... 11399.953       39695.586           250.44059
-----------------------------------------
129
/mnt//archive/draco2/2024/24_10_21//ad0129.fits
no flat found.  will not flatfield
read ra/dec for target of: (36.807362, 59.460604)
pixel scale is: 0.9856927262953263
x/y of var, cal1, cal2: -20431.58339437573 13315.727803954802 -20194.07521462701 13623.247777507768 -20776.241297268538 13532.555486014953
WARNING: RA/Dec are not in image range
WARNING: RA/Dec are not in image range
WARNING: RA/Dec are not in image range
