read ra/dec for calibration star of: (0.218629, 60.937206) (0.376096, 60.945706)
automag_driver: using file automag_driver
aperture parameters; rad, r_in, r_out: 5.0, 15.0, 25.0
-----------------------------------------
234
/mnt//archive/west-14/2024/24_10_19//ad0234.fits
no flat found.  will not flatfield
read ra/dec for target of: (0.246827, 60.959009)
pixel scale is: 0.9114573564387178
x/y of var, cal1, cal2: 578.6898539470924 414.0398854806735 634.6248014234964 329.1255457928169 332.16231119260067 356.39575720426626
 id  xcenter   ycenter  ...  aper_bkg aper_sum_bkgsub aper_sum_bkgsub_err
       pix       pix    ...                                              
--- --------- --------- ... --------- --------------- -------------------
  1 578.68985 414.03989 ... 21744.279       80753.877           352.79943
  2  634.6248 329.12555 ... 21082.496        44967.15           295.56242
  3 332.16231 356.39576 ... 21366.117        21418.34           253.72342
-----------------------------------------
235
/mnt//archive/west-14/2024/24_10_19//ad0235.fits
no flat found.  will not flatfield
read ra/dec for target of: (0.246827, 60.959009)
pixel scale is: 0.911338453647573
x/y of var, cal1, cal2: 578.3992055779244 414.33179755727485 634.3345153016928 329.404957637605 331.880758750965 356.68640842547757
 id  xcenter   ycenter  ...  aper_bkg aper_sum_bkgsub aper_sum_bkgsub_err
       pix       pix    ...                                              
--- --------- --------- ... --------- --------------- -------------------
  1 578.39921  414.3318 ... 21655.388       80858.302           352.69545
  2 634.33452 329.40496 ... 21182.563       45472.365           296.75325
  3 331.88076 356.68641 ... 21087.998        21909.32           253.59479
-----------------------------------------
236
/mnt//archive/west-14/2024/24_10_19//ad0236.fits
no flat found.  will not flatfield
read ra/dec for target of: (0.246827, 60.959009)
pixel scale is: 0.9112638790205215
x/y of var, cal1, cal2: 579.0804460726788 414.1830618766425 635.0095875895635 329.2528605766852 332.5608954013526 356.5171481411897
 id  xcenter   ycenter  ...  aper_bkg aper_sum_bkgsub aper_sum_bkgsub_err
       pix       pix    ...                                              
--- --------- --------- ... --------- --------------- -------------------
  1 579.08045 414.18306 ... 21469.772       80687.198           351.92576
  2 635.00959 329.25286 ...  21091.45       46052.861           297.42354
  3  332.5609 356.51715 ...  21186.03       21684.779           253.53863
-----------------------------------------
237
/mnt//archive/west-14/2024/24_10_19//ad0237.fits
no flat found.  will not flatfield
read ra/dec for target of: (0.246827, 60.959009)
pixel scale is: 0.9112340706398441
x/y of var, cal1, cal2: 579.8650904892856 414.1389653607612 635.8055029494806 329.20446864559506 333.34636169051066 356.47783208134587
 id  xcenter   ycenter  ...  aper_bkg aper_sum_bkgsub aper_sum_bkgsub_err
       pix       pix    ...                                              
--- --------- --------- ... --------- --------------- -------------------
  1 579.86509 414.13897 ... 21282.003       81639.827           352.74471
  2  635.8055 329.20447 ...  21092.83        45367.74            296.2742
  3 333.34636 356.47783 ... 20998.243       21173.434           251.78348
