read ra/dec for calibration star of: (357.9345179, 58.80670872) (358.2382563, 58.73296991)
automag_driver: using file automag_driver
aperture parameters; rad, r_in, r_out: 5.0, 15.0, 25.0
-----------------------------------------
23
/mnt//archive/draco2/2024/24_09_10//ad0023.fits
flat found.  dividing by flatfield
read ra/dec for target of: (358.02930081425, 58.74172448295)
pixel scale is: 0.9850745719325997
x/y of var, cal1, cal2: 553.9256325007291 410.99875694080254 772.2474214909174 613.2601626182993 158.4712862580231 449.99212397497945
 id  xcenter   ycenter  ...  aper_bkg aper_sum_bkgsub aper_sum_bkgsub_err
       pix       pix    ...                                              
--- --------- --------- ... --------- --------------- -------------------
  1 553.92563 410.99876 ... 15487.712       306536.12           581.15105
  2 772.24742 613.26016 ... 15147.126       203165.06           483.40905
  3 158.47129 449.99212 ... 15421.761       68452.705           315.46985
-----------------------------------------
24
/mnt//archive/draco2/2024/24_09_10//ad0024.fits
flat found.  dividing by flatfield
read ra/dec for target of: (358.02930081425, 58.74172448295)
pixel scale is: 0.9851157250279999
x/y of var, cal1, cal2: 553.8090923790069 410.734723341055 772.1534082091721 612.9964860328507 158.3037393715594 449.7105113029251
 id  xcenter   ycenter  ...  aper_bkg aper_sum_bkgsub aper_sum_bkgsub_err
       pix       pix    ...                                              
--- --------- --------- ... --------- --------------- -------------------
  1 553.80909 410.73472 ... 15496.134       304756.17           579.63216
  2 772.15341 612.99649 ... 15199.423       205325.77           485.74646
  3 158.30374 449.71051 ... 15442.569       67983.323           314.79114
-----------------------------------------
25
/mnt//archive/draco2/2024/24_09_10//ad0025.fits
flat found.  dividing by flatfield
read ra/dec for target of: (358.02930081425, 58.74172448295)
pixel scale is: 0.9850938288439042
x/y of var, cal1, cal2: 554.023125580477 411.2100837461737 772.3510216314231 613.466115548354 158.57409738759816 450.2052580055024
 id  xcenter   ycenter  ...  aper_bkg aper_sum_bkgsub aper_sum_bkgsub_err
       pix       pix    ...                                              
--- --------- --------- ... --------- --------------- -------------------
  1 554.02313 411.21008 ... 15279.177       307952.99            582.0106
  2 772.35102 613.46612 ... 15278.236        205327.3           485.91025
  3  158.5741 450.20526 ... 15266.649       67673.387           313.73824
-----------------------------------------
26
/mnt//archive/draco2/2024/24_09_10//ad0026.fits
flat found.  dividing by flatfield
read ra/dec for target of: (358.02930081425, 58.74172448295)
pixel scale is: 0.9850822922464052
x/y of var, cal1, cal2: 553.8356595726298 411.0275242694103 772.1515802972385 613.2931083774643 158.37019110086425 450.0101499340269
 id  xcenter   ycenter  ...  aper_bkg aper_sum_bkgsub aper_sum_bkgsub_err
       pix       pix    ...                                              
--- --------- --------- ... --------- --------------- -------------------
  1 553.83566 411.02752 ... 15277.443       310113.44           583.86071
  2 772.15158 613.29311 ... 14931.314       202851.88           482.63807
  3 158.37019 450.01015 ... 15240.154       68849.929           315.52375
