read ra/dec for calibration star of: (357.9345179, 58.80670872) (358.2382563, 58.73296991)
automag_driver: using file automag_driver
aperture parameters; rad, r_in, r_out: 5.0, 15.0, 25.0
-----------------------------------------
306
/mnt//archive/draco2/2024/24_11_10//ad0306.fits
flat found.  dividing by flatfield
read ra/dec for target of: (358.02930081425, 58.74172448295)
pixel scale is: 0.9848036609160542
x/y of var, cal1, cal2: 554.2573254661451 417.6673217175483 327.8093576868814 224.2404216054857 948.1579060466956 362.88705945354167
 id  xcenter   ycenter  ...  aper_bkg aper_sum_bkgsub aper_sum_bkgsub_err
       pix       pix    ...                                              
--- --------- --------- ... --------- --------------- -------------------
  1 554.25733 417.66732 ... 7254.1535       209725.14           473.77045
  2 327.80936 224.24042 ...  7633.968          134028           386.67937
  3 948.15791 362.88706 ... 7109.4342       43430.789           240.57152
-----------------------------------------
307
/mnt//archive/draco2/2024/24_11_10//ad0307.fits
flat found.  dividing by flatfield
read ra/dec for target of: (358.02930081425, 58.74172448295)
pixel scale is: 0.9846221879726053
x/y of var, cal1, cal2: 554.3238290178724 417.976369529027 327.89385699790404 224.52538823131496 948.2247006080645 363.1658846378872
 id  xcenter   ycenter  ...  aper_bkg aper_sum_bkgsub aper_sum_bkgsub_err
       pix       pix    ...                                              
--- --------- --------- ... --------- --------------- -------------------
  1 554.32383 417.97637 ... 7300.7242       211659.55           475.90545
  2 327.89386 224.52539 ...  7417.476       134795.87           387.11215
  3  948.2247 363.16588 ... 7046.5732       44595.735           242.72182
-----------------------------------------
308
/mnt//archive/draco2/2024/24_11_10//ad0308.fits
flat found.  dividing by flatfield
read ra/dec for target of: (358.02930081425, 58.74172448295)
pixel scale is: 0.9848740600399436
x/y of var, cal1, cal2: 554.7397141549172 418.095163071361 328.30702069463916 224.6826564655097 948.6022098937156 363.3178311424639
 id  xcenter   ycenter  ...  aper_bkg aper_sum_bkgsub aper_sum_bkgsub_err
       pix       pix    ...                                              
--- --------- --------- ... --------- --------------- -------------------
  1 554.73971 418.09516 ... 7266.6049       210898.41           475.03328
  2 328.30702 224.68266 ... 7330.3089       135369.57           387.62763
  3 948.60221 363.31783 ...  7260.364       44717.554           243.85094
-----------------------------------------
309
/mnt//archive/draco2/2024/24_11_10//ad0309.fits
flat found.  dividing by flatfield
read ra/dec for target of: (358.02930081425, 58.74172448295)
pixel scale is: 0.9847755583219869
x/y of var, cal1, cal2: 554.7724278136037 417.9661224482422 328.3418232961053 224.52181872927747 948.6340765498667 363.20496882084853
 id  xcenter   ycenter  ...  aper_bkg aper_sum_bkgsub aper_sum_bkgsub_err
       pix       pix    ...                                              
--- --------- --------- ... --------- --------------- -------------------
  1 554.77243 417.96612 ... 7261.4096       209106.72           473.13269
  2 328.34182 224.52182 ... 7398.0456       134568.01            386.7675
  3 948.63408 363.20497 ... 7112.8216       43043.797           239.77998
-----------------------------------------
310
/mnt//archive/draco2/2024/24_11_10//ad0310.fits
flat found.  dividing by flatfield
read ra/dec for target of: (358.02930081425, 58.74172448295)
pixel scale is: 0.9846576233806449
x/y of var, cal1, cal2: 554.8186962544274 418.34924097560884 328.3782326090542 224.92494671705543 948.753467565281 363.5064120577726
 id  xcenter   ycenter  ...  aper_bkg aper_sum_bkgsub aper_sum_bkgsub_err
       pix       pix    ...                                              
--- --------- --------- ... --------- --------------- -------------------
  1  554.8187 418.34924 ...  7254.995       210113.39            474.1818
  2 328.37823 224.92495 ... 7348.9466       134389.01           386.40899
  3 948.75347 363.50641 ... 7036.4646       43717.345            240.8636
-----------------------------------------
311
/mnt//archive/draco2/2024/24_11_10//ad0311.fits
flat found.  dividing by flatfield
read ra/dec for target of: (358.02930081425, 58.74172448295)
pixel scale is: 0.9849349489093354
x/y of var, cal1, cal2: 554.6432460717219 418.2271170237191 328.2156564717684 224.79790859323757 948.4994490485424 363.5030213312504
 id  xcenter   ycenter  ...  aper_bkg aper_sum_bkgsub aper_sum_bkgsub_err
       pix       pix    ...                                              
--- --------- --------- ... --------- --------------- -------------------
  1 554.64325 418.22712 ... 7321.9572       208784.73           472.92034
  2 328.21566 224.79791 ... 7384.4032       133918.92           385.89212
  3 948.49945 363.50302 ... 7162.5895       43615.376           241.17536
-----------------------------------------
312
/mnt//archive/draco2/2024/24_11_10//ad0312.fits
flat found.  dividing by flatfield
read ra/dec for target of: (358.02930081425, 58.74172448295)
pixel scale is: 0.9846142766823718
x/y of var, cal1, cal2: 554.7305798915917 418.4768449757929 328.2644556419035 225.00805485999393 948.6295418069312 363.69419553778016
 id  xcenter   ycenter  ...  aper_bkg aper_sum_bkgsub aper_sum_bkgsub_err
       pix       pix    ...                                              
--- --------- --------- ... --------- --------------- -------------------
  1 554.73058 418.47684 ... 7342.2452          209283           473.48969
  2 328.26446 225.00805 ... 7552.2866       134928.44           387.63128
  3 948.62954  363.6942 ... 7054.6445       43298.412           240.06812
-----------------------------------------
313
/mnt//archive/draco2/2024/24_11_10//ad0313.fits
flat found.  dividing by flatfield
read ra/dec for target of: (358.02930081425, 58.74172448295)
pixel scale is: 0.9845449075157243
x/y of var, cal1, cal2: 554.5916284004853 418.6833237430468 328.2050702038865 225.21937579738275 948.4446684993152 363.8646749840297
 id  xcenter   ycenter  ...  aper_bkg aper_sum_bkgsub aper_sum_bkgsub_err
       pix       pix    ...                                              
--- --------- --------- ... --------- --------------- -------------------
  1 554.59163 418.68332 ... 7345.8347       207097.68           471.18398
  2 328.20507 225.21938 ... 7306.0229       133402.75           385.01921
  3 948.44467 363.86467 ... 6959.6192       43060.853           239.17586
