read ra/dec for calibration star of: (304.067125, 42.123947) (303.970146, 42.191825)
automag_driver: using file automag_driver
aperture parameters; rad, r_in, r_out: 5.0, 15.0, 25.0
-----------------------------------------
42
-----------------------------------------
43
/mnt//archive/east-14/2018/18_10_21//ad0043.fits
flat found.  dividing by flatfield
read ra/dec for target of: (304.052831, 42.108719)
pixel scale is: 0.9823763815831406
x/y of var, cal1, cal2: 564.9877124456546 407.7434893258657 520.1798927553455 458.8912095797864 754.2643350923886 735.4446702906639
 id  xcenter   ycenter  ...  aper_bkg aper_sum_bkgsub aper_sum_bkgsub_err
       pix       pix    ...                                              
--- --------- --------- ... --------- --------------- -------------------
  1 564.98771 407.74349 ... 30061.921       195556.95           505.87132
  2 520.17989 458.89121 ... 30080.864       162020.97           471.60121
  3 754.26434 735.44467 ... 30243.206       81808.718           377.51838
-----------------------------------------
44
/mnt//archive/east-14/2018/18_10_21//ad0044.fits
flat found.  dividing by flatfield
read ra/dec for target of: (304.052831, 42.108719)
pixel scale is: 0.982595743232146
x/y of var, cal1, cal2: 566.9697835733097 406.84436185260705 522.1796860845625 457.9874093976367 756.2535001121239 734.4437695126537
 id  xcenter   ycenter  ...  aper_bkg aper_sum_bkgsub aper_sum_bkgsub_err
       pix       pix    ...                                              
--- --------- --------- ... --------- --------------- -------------------
  1 566.96978 406.84436 ... 29969.919       193347.32           503.49991
  2 522.17969 457.98741 ...  30150.74       159957.24           469.55694
  3  756.2535 734.44377 ... 30188.999       79780.505           374.67787
-----------------------------------------
45
/mnt//archive/east-14/2018/18_10_21//ad0045.fits
flat found.  dividing by flatfield
read ra/dec for target of: (304.052831, 42.108719)
pixel scale is: 0.9822909795931908
x/y of var, cal1, cal2: 571.8070155193042 406.0643453216871 527.0097264542383 457.22913317400617 761.1924151273984 733.7405860027586
 id  xcenter   ycenter  ...  aper_bkg aper_sum_bkgsub aper_sum_bkgsub_err
       pix       pix    ...                                              
--- --------- --------- ... --------- --------------- -------------------
  1 571.80702 406.06435 ... 29981.943       189672.85           499.86171
  2 527.00973 457.22913 ... 30017.789       153789.91           462.65591
  3 761.19242 733.74059 ... 30047.352       78941.723           373.17747
