read ra/dec for calibration star of: (0.218629, 60.937206) (0.376096, 60.945706)
automag_driver: using file automag_driver
aperture parameters; rad, r_in, r_out: 5.0, 15.0, 25.0
-----------------------------------------
238
/mnt//archive/draco2/2024/24_11_10//ad0238.fits
flat found.  dividing by flatfield
read ra/dec for target of: (0.246827, 60.959009)
pixel scale is: 0.9847752428892446
x/y of var, cal1, cal2: 552.7544082252994 418.27095000215166 585.0660757205729 329.8716180509413 318.27022402368834 418.90647358671464
 id  xcenter   ycenter  ...  aper_bkg aper_sum_bkgsub aper_sum_bkgsub_err
       pix       pix    ...                                              
--- --------- --------- ... --------- --------------- -------------------
  1 552.75441 418.27095 ... 27878.844       34532.876           300.85805
  2 585.06608 329.87162 ... 28191.216       14027.226           265.77182
  3 318.27022 418.90647 ... 28367.081       7128.3377           253.15509
-----------------------------------------
239
/mnt//archive/draco2/2024/24_11_10//ad0239.fits
flat found.  dividing by flatfield
read ra/dec for target of: (0.246827, 60.959009)
pixel scale is: 0.9849587008656526
x/y of var, cal1, cal2: 552.6330916385651 418.2688481811155 584.9344913451519 329.8833991308278 318.1964214229088 418.92300009867364
 id  xcenter   ycenter  ...  aper_bkg aper_sum_bkgsub aper_sum_bkgsub_err
       pix       pix    ...                                              
--- --------- --------- ... --------- --------------- -------------------
  1 552.63309 418.26885 ... 30060.568       27211.072           295.90067
  2 584.93449  329.8834 ...   30395.2       10677.115           267.75458
  3 318.19642   418.923 ... 30438.712       6051.5693           259.14087
-----------------------------------------
240
/mnt//archive/draco2/2024/24_11_10//ad0240.fits
flat found.  dividing by flatfield
read ra/dec for target of: (0.246827, 60.959009)
pixel scale is: 0.984924742987225
x/y of var, cal1, cal2: 552.8942962285532 418.0148070727317 585.1967569149747 329.630941442481 318.4417324896114 418.6353704108116
 id  xcenter   ycenter  ...  aper_bkg aper_sum_bkgsub aper_sum_bkgsub_err
       pix       pix    ...                                              
--- --------- --------- ... --------- --------------- -------------------
  1  552.8943 418.01481 ... 24863.148       48054.365           313.05856
  2 585.19676 329.63094 ... 24876.698       19116.437           262.85896
  3 318.44173 418.63537 ... 25098.455       10640.852           247.10881
-----------------------------------------
241
/mnt//archive/draco2/2024/24_11_10//ad0241.fits
flat found.  dividing by flatfield
read ra/dec for target of: (0.246827, 60.959009)
pixel scale is: 0.9847893066719622
x/y of var, cal1, cal2: 552.7599833983397 418.1572448936672 585.0620998426358 329.7564028014143 318.3232634545482 418.8128849187349
 id  xcenter   ycenter  ...  aper_bkg aper_sum_bkgsub aper_sum_bkgsub_err
       pix       pix    ...                                              
--- --------- --------- ... --------- --------------- -------------------
  1 552.75998 418.15724 ... 28356.273       32384.641           298.86818
  2  585.0621  329.7564 ... 28567.884       13001.079           265.25808
  3 318.32326 418.81288 ... 28567.631       6933.7976           253.56273
