read ra/dec for calibration star of: (319.958496, 45.511931) (320.145346, 45.480292)
automag_driver: using file automag_driver
aperture parameters; rad, r_in, r_out: 5.0, 15.0, 25.0
-----------------------------------------
117
/mnt//archive/west-14/2024/24_11_11//ad0117.fits
flat found.  dividing by flatfield
read ra/dec for target of: (320.137086, 45.467506)
pixel scale is: 0.9116618843646671
x/y of var, cal1, cal2: 564.4544827688402 420.4680719459596 1064.3298224589935 579.8709092482361 543.3186435052196 471.69304698613604
 id  xcenter   ycenter  ...  aper_bkg aper_sum_bkgsub aper_sum_bkgsub_err
       pix       pix    ...                                              
--- --------- --------- ... --------- --------------- -------------------
  1 564.45448 420.46807 ... 9810.7257       73898.125           306.17736
  2 1064.3298 579.87091 ...  10069.84       8045.4374           168.55301
  3 543.31864 471.69305 ... 9655.3451       5239.4434           157.40119
-----------------------------------------
118
/mnt//archive/west-14/2024/24_11_11//ad0118.fits
flat found.  dividing by flatfield
read ra/dec for target of: (320.137086, 45.467506)
pixel scale is: 0.9120945798340678
x/y of var, cal1, cal2: 565.0853370809294 419.8626868765323 1064.7788257611726 579.2393519082141 543.9387295873909 471.0612574935921
 id  xcenter   ycenter  ...  aper_bkg aper_sum_bkgsub aper_sum_bkgsub_err
       pix       pix    ...                                              
--- --------- --------- ... --------- --------------- -------------------
  1 565.08534 419.86269 ... 9366.0407       86797.862           325.19985
  2 1064.7788 579.23935 ... 9331.4551        10985.86            172.8403
  3 543.93873 471.06126 ... 9086.0555       6337.5979           157.27272
-----------------------------------------
119
/mnt//archive/west-14/2024/24_11_11//ad0119.fits
flat found.  dividing by flatfield
read ra/dec for target of: (320.137086, 45.467506)
pixel scale is: 0.9120079131485025
x/y of var, cal1, cal2: 564.5999850072051 420.1938942846108 1064.1566682449693 579.5610187071057 543.4808276342704 471.3983888690733
 id  xcenter   ycenter  ...  aper_bkg aper_sum_bkgsub aper_sum_bkgsub_err
       pix       pix    ...                                              
--- --------- --------- ... --------- --------------- -------------------
  1 564.59999 420.19389 ... 9546.4688       79626.846            314.5549
  2 1064.1567 579.56102 ... 9321.5522       10531.751           171.46386
  3 543.48083 471.39839 ... 9390.2096       6074.7814            158.3673
-----------------------------------------
120
/mnt//archive/west-14/2024/24_11_11//ad0120.fits
flat found.  dividing by flatfield
read ra/dec for target of: (320.137086, 45.467506)
pixel scale is: 0.9114549807245813
x/y of var, cal1, cal2: 565.5229443546933 419.47368100693393 1065.0855829056597 578.8873216038287 544.380154984705 470.71134711572546
 id  xcenter   ycenter  ...  aper_bkg aper_sum_bkgsub aper_sum_bkgsub_err
       pix       pix    ...                                              
--- --------- --------- ... --------- --------------- -------------------
  1 565.52294 419.47368 ... 9371.5383       77316.314           310.29726
  2 1065.0856 578.88732 ... 9412.9246       10089.553            170.7056
  3 544.38015 470.71135 ... 9140.2902       6106.8456           156.88348
