read ra/dec for calibration star of: (36.752127, 59.562503) (37.02079, 59.47925)
automag_driver: using file automag_driver
aperture parameters; rad, r_in, r_out: 5.0, 15.0, 25.0
-----------------------------------------
109
/mnt//archive/draco2/2024/24_10_31//ad0109.fits
flat found.  dividing by flatfield
read ra/dec for target of: (36.807362, 59.460604)
pixel scale is: 0.9856968981280881
x/y of var, cal1, cal2: 553.2592805030969 417.18379360278607 730.3038570053802 760.124119636813 180.4215157000085 566.4635508304516
 id  xcenter   ycenter  ...  aper_bkg aper_sum_bkgsub aper_sum_bkgsub_err
       pix       pix    ...                                              
--- --------- --------- ... --------- --------------- -------------------
  1 553.25928 417.18379 ...  6785.947       178120.53           438.08381
  2 730.30386 760.12412 ... 6752.9903       112187.68           354.85019
  3 180.42152 566.46355 ... 6964.8359       84125.936           313.49738
-----------------------------------------
110
/mnt//archive/draco2/2024/24_10_31//ad0110.fits
flat found.  dividing by flatfield
read ra/dec for target of: (36.807362, 59.460604)
pixel scale is: 0.9856080092313555
x/y of var, cal1, cal2: 553.335022614221 417.15734678350697 730.3640354148815 760.1378290349844 180.50964608623428 566.4311342176001
 id  xcenter   ycenter  ...  aper_bkg aper_sum_bkgsub aper_sum_bkgsub_err
       pix       pix    ...                                              
--- --------- --------- ... --------- --------------- -------------------
  1 553.33502 417.15735 ... 6880.3951       174616.47           434.28362
  2 730.36404 760.13783 ... 6797.6446       112630.91           355.59977
  3 180.50965 566.43113 ... 7004.2532       84077.695           313.54617
-----------------------------------------
111
/mnt//archive/draco2/2024/24_10_31//ad0111.fits
flat found.  dividing by flatfield
read ra/dec for target of: (36.807362, 59.460604)
pixel scale is: 0.9856651916978496
x/y of var, cal1, cal2: 553.2209818236653 417.3069384747605 730.286572397458 760.2646344588568 180.41674417685397 566.5781618581975
 id  xcenter   ycenter  ...  aper_bkg aper_sum_bkgsub aper_sum_bkgsub_err
       pix       pix    ...                                              
--- --------- --------- ... --------- --------------- -------------------
  1 553.22098 417.30694 ... 6932.1924        176493.6           436.55811
  2 730.28657 760.26463 ... 6965.8911        114245.2           358.33223
  3 180.41674 566.57816 ... 6936.5745        83865.16           312.99091
-----------------------------------------
112
/mnt//archive/draco2/2024/24_10_31//ad0112.fits
flat found.  dividing by flatfield
read ra/dec for target of: (36.807362, 59.460604)
pixel scale is: 0.9856428964327951
x/y of var, cal1, cal2: 553.1347656005471 417.15070491610584 730.1674390404378 760.1161403043646 180.32639475554697 566.4253315373907
 id  xcenter   ycenter  ...  aper_bkg aper_sum_bkgsub aper_sum_bkgsub_err
       pix       pix    ...                                              
--- --------- --------- ... --------- --------------- -------------------
  1 553.13477  417.1507 ... 6909.9965       177171.77           437.28339
  2 730.16744 760.11614 ... 7043.9724       112043.23           355.46614
  3 180.32639 566.42533 ... 6898.4309       84198.246           313.40087
