read ra/dec for calibration star of: (323.139367, 49.200936) (323.214433, 49.246981)
automag_driver: using file automag_driver
aperture parameters; rad, r_in, r_out: 5.0, 15.0, 25.0
-----------------------------------------
129
/mnt//archive/west-14/2024/24_11_11//ad0129.fits
flat found.  dividing by flatfield
read ra/dec for target of: (323.16844, 49.212512)
pixel scale is: 0.9110627412529919
x/y of var, cal1, cal2: 562.6582033381609 403.5329030182198 636.0663767865542 355.32455686970803 448.7562970937255 543.6559827296202
 id  xcenter   ycenter  ...  aper_bkg aper_sum_bkgsub aper_sum_bkgsub_err
       pix       pix    ...                                              
--- --------- --------- ... --------- --------------- -------------------
  1  562.6582  403.5329 ... 52850.322       6906.0004           335.90422
  2 636.06638 355.32456 ... 52914.262        2823.328           329.96493
  3  448.7563 543.65598 ... 52774.887       3977.7574            331.2892
-----------------------------------------
130
/mnt//archive/west-14/2024/24_11_11//ad0130.fits
flat found.  dividing by flatfield
read ra/dec for target of: (323.16844, 49.212512)
pixel scale is: 0.9112571796897407
x/y of var, cal1, cal2: 565.8554299001312 404.1732950275573 639.2795015154852 355.9434774203711 451.9284386800033 544.3157513538696
 id  xcenter   ycenter  ...  aper_bkg aper_sum_bkgsub aper_sum_bkgsub_err
       pix       pix    ...                                              
--- --------- --------- ... --------- --------------- -------------------
  1 565.85543  404.1733 ...  54831.01       5307.5399           339.40324
  2  639.2795 355.94348 ... 54778.473       1949.1572           334.26203
  3 451.92844 544.31575 ... 54421.439       2887.4877           334.59732
-----------------------------------------
131
/mnt//archive/west-14/2024/24_11_11//ad0131.fits
flat found.  dividing by flatfield
read ra/dec for target of: (323.16844, 49.212512)
pixel scale is: 0.9105874281158681
x/y of var, cal1, cal2: 566.2560813914147 404.14018329812535 639.6604300753554 355.93104967114425 452.35441721427264 544.2985805498457
 id  xcenter   ycenter  ...  aper_bkg aper_sum_bkgsub aper_sum_bkgsub_err
       pix       pix    ...                                              
--- --------- --------- ... --------- --------------- -------------------
  1 566.25608 404.14018 ... 56978.321       5084.4381           345.34921
  2 639.66043 355.93105 ... 57202.549       2303.7657           341.95594
  3 452.35442 544.29858 ... 56587.162       3414.5931           341.78051
-----------------------------------------
132
/mnt//archive/west-14/2024/24_11_11//ad0132.fits
flat found.  dividing by flatfield
read ra/dec for target of: (323.16844, 49.212512)
pixel scale is: 0.9110345952143125
x/y of var, cal1, cal2: 565.5248131800524 404.4970667194878 638.9063379609552 356.3064451931007 451.66077049471335 544.5946614509357
 id  xcenter   ycenter  ...  aper_bkg aper_sum_bkgsub aper_sum_bkgsub_err
       pix       pix    ...                                              
--- --------- --------- ... --------- --------------- -------------------
  1 565.52481 404.49707 ... 61166.123       3226.4645           354.65999
  2 638.90634 356.30645 ... 61134.732       1700.5983            352.4132
  3 451.66077 544.59466 ... 60899.202       2100.5566           352.31231
