read ra/dec for calibration star of: (357.9345179, 58.80670872) (358.2382563, 58.73296991)
automag_driver: using file automag_driver
aperture parameters; rad, r_in, r_out: 5.0, 15.0, 25.0
-----------------------------------------
121
/mnt//archive/draco2/2024/24_10_14//ad0121.fits
flat found.  dividing by flatfield
read ra/dec for target of: (358.02930081425, 58.74172448295)
pixel scale is: 0.9852461628159606
x/y of var, cal1, cal2: 554.3889210268128 417.5872969311701 772.659343782271 620.0041501121643 158.75811254131526 456.22841988879566
 id  xcenter   ycenter  ...  aper_bkg aper_sum_bkgsub aper_sum_bkgsub_err
       pix       pix    ...                                              
--- --------- --------- ... --------- --------------- -------------------
  1 554.38892  417.5873 ... 10585.754       22540.283           209.61105
  2 772.65934 620.00415 ... 10298.719       22674.656           208.55957
  3 158.75811 456.22842 ... 10781.424        7207.396            170.2799
-----------------------------------------
122
/mnt//archive/draco2/2024/24_10_14//ad0122.fits
flat found.  dividing by flatfield
read ra/dec for target of: (358.02930081425, 58.74172448295)
pixel scale is: 0.9852550210308344
x/y of var, cal1, cal2: 554.5068158544709 417.8138897495416 772.8021297572219 620.2240008513727 158.85182919381782 456.46358819975995
 id  xcenter   ycenter  ...  aper_bkg aper_sum_bkgsub aper_sum_bkgsub_err
       pix       pix    ...                                              
--- --------- --------- ... --------- --------------- -------------------
  1 554.50682 417.81389 ... 9793.0413        22350.83           205.33366
  2 772.80213   620.224 ... 9658.3076       22482.328           204.99742
  3 158.85183 456.46359 ... 10162.817       7045.2962           166.12023
