read ra/dec for calibration star of: (359.428633, 62.690422) (359.62416, 62.747272)
automag_driver: using file automag_driver
aperture parameters; rad, r_in, r_out: 5.0, 15.0, 25.0
-----------------------------------------
61
/mnt//archive/draco2/2020/20_11_03//ad0061.fits
no flat found.  will not flatfield
read ra/dec for target of: (359.395668, 62.718246)
pixel scale is: 0.9857862560653086
x/y of var, cal1, cal2: 569.3280543379636 411.89546666131395 516.9319046127963 308.818796634391 184.4266715904285 508.02123327248313
 id  xcenter   ycenter  ...  aper_bkg aper_sum_bkgsub aper_sum_bkgsub_err
       pix       pix    ...                                              
--- --------- --------- ... --------- --------------- -------------------
  1 569.32805 411.89547 ... 10506.733       220616.54           491.78757
  2  516.9319  308.8188 ... 10102.628       27258.945           218.37857
  3 184.42667 508.02123 ... 10506.733       34360.151           235.79359
-----------------------------------------
62
/mnt//archive/draco2/2020/20_11_03//ad0062.fits
no flat found.  will not flatfield
read ra/dec for target of: (359.395668, 62.718246)
pixel scale is: 0.9856947432624462
x/y of var, cal1, cal2: 571.4428716437279 412.0927904377593 519.050701112862 309.0102826334623 186.61308700465173 508.2548815996809
 id  xcenter   ycenter  ...  aper_bkg aper_sum_bkgsub aper_sum_bkgsub_err
       pix       pix    ...                                              
--- --------- --------- ... --------- --------------- -------------------
  1 571.44287 412.09279 ... 10023.668       222596.32           492.81706
  2  519.0507 309.01028 ... 10023.668       28566.592           220.99531
  3 186.61309 508.25488 ... 10266.176        34633.81           235.35327
-----------------------------------------
63
/mnt//archive/draco2/2020/20_11_03//ad0063.fits
no flat found.  will not flatfield
read ra/dec for target of: (359.395668, 62.718246)
pixel scale is: 0.9856579519352826
x/y of var, cal1, cal2: 571.1612055286985 412.23136600639754 518.780679814558 309.14514917423185 186.32038230984995 508.39809088165276
 id  xcenter   ycenter  ...  aper_bkg aper_sum_bkgsub aper_sum_bkgsub_err
       pix       pix    ...                                              
--- --------- --------- ... --------- --------------- -------------------
  1 571.16121 412.23137 ... 10186.101       223743.32           494.30812
  2 518.78068 309.14515 ... 9943.5745        27760.02           218.79709
  3 186.32038 508.39809 ... 10266.943       34517.376           235.10904
-----------------------------------------
64
/mnt//archive/draco2/2020/20_11_03//ad0064.fits
no flat found.  will not flatfield
read ra/dec for target of: (359.395668, 62.718246)
pixel scale is: 0.9855869357562702
x/y of var, cal1, cal2: 570.5904804976286 412.2922141858147 518.2139933984794 309.19639060516977 185.7883133796409 508.4498586335153
 id  xcenter   ycenter  ...  aper_bkg aper_sum_bkgsub aper_sum_bkgsub_err
       pix       pix    ...                                              
--- --------- --------- ... --------- --------------- -------------------
  1 570.59048 412.29221 ...  10430.13       209981.86           480.69441
  2 518.21399 309.19639 ... 10187.569       26368.916           216.72345
  3 185.78831 508.44986 ... 10268.422       32591.826           230.98414
