read ra/dec for calibration star of: (304.067125, 42.123947) (303.970146, 42.191825)
automag_driver: using file automag_driver
aperture parameters; rad, r_in, r_out: 5.0, 15.0, 25.0
-----------------------------------------
25
/mnt//archive/draco2/2018/18_11_21//ad0025.fits
flat found.  dividing by flatfield
read ra/dec for target of: (304.052831, 42.108719)
pixel scale is: 0.985838381026381
x/y of var, cal1, cal2: 574.5810380167989 419.0631998729999 532.8872768116132 472.4769996682684 781.3748886544315 734.4131805738812
 id  xcenter   ycenter  ...  aper_bkg aper_sum_bkgsub aper_sum_bkgsub_err
       pix       pix    ...                                              
--- --------- --------- ... --------- --------------- -------------------
  1 574.58104  419.0632 ... 39674.069       261225.93           583.77998
  2 532.88728   472.477 ... 39915.044        209255.8           537.87628
  3 781.37489 734.41318 ... 40185.434       105060.99           430.87917
-----------------------------------------
26
/mnt//archive/draco2/2018/18_11_21//ad0026.fits
flat found.  dividing by flatfield
read ra/dec for target of: (304.052831, 42.108719)
pixel scale is: 0.9860885991626992
x/y of var, cal1, cal2: 576.4397965378884 418.5816053272928 534.754097338578 471.97990285696375 783.1664093566533 733.8613638952007
 id  xcenter   ycenter  ...  aper_bkg aper_sum_bkgsub aper_sum_bkgsub_err
       pix       pix    ...                                              
--- --------- --------- ... --------- --------------- -------------------
  1  576.4398 418.58161 ... 39716.714       255425.61           578.86444
  2  534.7541  471.9799 ... 39870.653       204871.97           533.70243
  3 783.16641 733.86136 ... 40206.536       102358.33           427.78078
-----------------------------------------
27
/mnt//archive/draco2/2018/18_11_21//ad0027.fits
flat found.  dividing by flatfield
read ra/dec for target of: (304.052831, 42.108719)
pixel scale is: 0.9859410775977315
x/y of var, cal1, cal2: 578.1570753407166 418.765350696638 536.4647474507062 472.1713263121024 784.912279855391 734.0937903608609
 id  xcenter   ycenter  ...  aper_bkg aper_sum_bkgsub aper_sum_bkgsub_err
       pix       pix    ...                                              
--- --------- --------- ... --------- --------------- -------------------
  1 578.15708 418.76535 ... 40030.963       256847.88           580.63311
  2 536.46475 472.17133 ... 39842.479       206695.51           535.35546
  3 784.91228 734.09379 ... 40040.044       103786.74           429.05924
-----------------------------------------
28
/mnt//archive/draco2/2018/18_11_21//ad0028.fits
flat found.  dividing by flatfield
read ra/dec for target of: (304.052831, 42.108719)
pixel scale is: 0.9859992527684437
x/y of var, cal1, cal2: 580.9932820532018 419.07831950111404 539.3251070315247 472.4980646912962 787.8642924901812 734.3041426924024
 id  xcenter   ycenter  ...  aper_bkg aper_sum_bkgsub aper_sum_bkgsub_err
       pix       pix    ...                                              
--- --------- --------- ... --------- --------------- -------------------
  1 580.99328 419.07832 ... 39593.905       254075.57           577.48453
  2 539.32511 472.49806 ... 39695.228       202669.22           531.30469
  3 787.86429 734.30414 ... 40035.211       102387.16           427.41383
