read ra/dec for calibration star of: (24.126247, 57.798882) (24.204493, 57.811872)
automag_driver: using file automag_driver
aperture parameters; rad, r_in, r_out: 5.0, 15.0, 25.0
-----------------------------------------
102
/mnt//archive/draco2/2024/24_11_25//ad0102.fits
flat found.  dividing by flatfield
read ra/dec for target of: (24.308415, 57.75922)
pixel scale is: 0.9835468234709424
x/y of var, cal1, cal2: 554.2800365887206 417.0405321053101 913.7698868255841 551.7621312833338 762.6578410218438 603.6300511409845
 id  xcenter   ycenter  ...  aper_bkg aper_sum_bkgsub aper_sum_bkgsub_err
       pix       pix    ...                                              
--- --------- --------- ... --------- --------------- -------------------
  1 554.28004 417.04053 ... 5309.2932         80640.4            302.4632
  2 913.76989 551.76213 ... 5132.0697       54969.804           255.84946
  3 762.65784 603.63005 ...  5347.057        23883.26           186.55394
-----------------------------------------
103
/mnt//archive/draco2/2024/24_11_25//ad0103.fits
flat found.  dividing by flatfield
read ra/dec for target of: (24.308415, 57.75922)
pixel scale is: 0.9838878517605375
x/y of var, cal1, cal2: 553.6907067311827 416.84535802709354 913.123173975948 551.497513805242 762.019378413793 603.3570161506502
 id  xcenter   ycenter  ...  aper_bkg aper_sum_bkgsub aper_sum_bkgsub_err
       pix       pix    ...                                              
--- --------- --------- ... --------- --------------- -------------------
  1 553.69071 416.84536 ... 4523.4961       92352.502           318.78597
  2 913.12317 551.49751 ... 4602.0506       63392.003           269.85386
  3 762.01938 603.35702 ... 4489.8372       27740.412           192.21105
-----------------------------------------
104
/mnt//archive/draco2/2024/24_11_25//ad0104.fits
flat found.  dividing by flatfield
read ra/dec for target of: (24.308415, 57.75922)
pixel scale is: 0.9835266081218389
x/y of var, cal1, cal2: 553.785598837371 416.77761306817683 913.2769740612048 551.459845524551 762.170078921692 603.3465432897425
 id  xcenter   ycenter  ...  aper_bkg aper_sum_bkgsub aper_sum_bkgsub_err
       pix       pix    ...                                              
--- --------- --------- ... --------- --------------- -------------------
  1  553.7856 416.77761 ... 4755.0647       90471.461           316.55425
  2 913.27697 551.45985 ...  4836.639       60235.013           264.82691
  3 762.17008 603.34654 ...  4832.271       26149.877           189.84051
-----------------------------------------
105
/mnt//archive/draco2/2024/24_11_25//ad0105.fits
flat found.  dividing by flatfield
read ra/dec for target of: (24.308415, 57.75922)
pixel scale is: 0.9839133495437509
x/y of var, cal1, cal2: 553.6418008086812 416.52928003728874 913.2016237536793 551.1623996011608 762.0780226947179 603.0270960617288
 id  xcenter   ycenter  ...  aper_bkg aper_sum_bkgsub aper_sum_bkgsub_err
       pix       pix    ...                                              
--- --------- --------- ... --------- --------------- -------------------
  1  553.6418 416.52928 ... 5097.9766       84345.491           307.84159
  2 913.20162  551.1624 ... 5179.8867       55025.512           256.14505
  3 762.07802  603.0271 ... 5152.2037       23746.007            185.1362
