1* * * * * * * * * * * * *
 *  A S T R O M E T R Y  *
 * * * * * * * * * * * * *



 Equinox for mean coordinates of results:  J2000.0

 Projection geometry:  Astrograph                              

 Plate centre:  23 07 10.0   +58 32 48     Equinox J2000.0     Epoch J2000.000


 Reference stars:

                n              RA            Dec         pmR    pmD   Equinox   Epoch      px         Xmeas        Ymeas

                1         23 05 56.857  +58 28 35.61  +0.0000 +0.000  J2000.0  J2000.000  0.000    +1081.385      +64.374
                2         23 06 01.567  +58 30 13.80  +0.0000 +0.000  J2000.0  J2000.000  0.000    +1061.921     +168.690
                3         23 06 03.145  +58 31 40.63  +0.0000 +0.000  J2000.0  J2000.000  0.000    +1064.840     +257.619
                4         23 06 11.366  +58 39 22.57  +0.0000 +0.000  J2000.0  J2000.000  0.000    +1081.685     +729.944
                5         23 06 13.013  +58 28 53.82  +0.0000 +0.000  J2000.0  J2000.000  0.000     +958.246     +104.615
                6         23 06 15.358  +58 34 26.98  +0.0000 +0.000  J2000.0  J2000.000  0.000     +998.700     +440.427
                7         23 06 16.147  +58 30 18.86  +0.0000 +0.000  J2000.0  J2000.000  0.000     +948.636     +193.859
                8         23 06 26.520  +58 28 37.29  +0.0000 +0.000  J2000.0  J2000.000  0.000     +849.614     +106.744
                9         23 06 27.948  +58 27 27.09  +0.0000 +0.000  J2000.0  J2000.000  0.000     +826.384      +38.793
               10         23 06 30.624  +58 35 50.73  +0.0000 +0.000  J2000.0  J2000.000  0.000     +894.271     +545.127
               11         23 06 32.174  +58 38 54.45  +0.0000 +0.000  J2000.0  J2000.000  0.000     +914.747     +730.709
               12         23 06 32.855  +58 38 09.70  +0.0000 +0.000  J2000.0  J2000.000  0.000     +901.514     +687.011
               13         23 06 36.494  +58 27 04.50  +0.0000 +0.000  J2000.0  J2000.000  0.000     +755.159      +27.961
               14         23 06 37.644  +58 31 31.75  +0.0000 +0.000  J2000.0  J2000.000  0.000     +793.574     +296.326
               15         23 06 43.110  +58 32 05.77  +0.0000 +0.000  J2000.0  J2000.000  0.000     +756.906     +337.982
               16         23 06 43.437  +58 34 34.11  +0.0000 +0.000  J2000.0  J2000.000  0.000     +780.785     +486.466
               17         23 06 43.881  +58 29 25.84  +0.0000 +0.000  J2000.0  J2000.000  0.000     +722.433     +179.320
               18         23 06 44.958  +58 37 26.63  +0.0000 +0.000  J2000.0  J2000.000  0.000     +799.617     +660.751
               19         23 06 51.020  +58 26 57.18  +0.0000 +0.000  J2000.0  J2000.000  0.000     +640.417      +40.920
               20         23 06 52.622  +58 30 00.81  +0.0000 +0.000  J2000.0  J2000.000  0.000     +660.293     +226.442
               21         23 06 56.646  +58 36 26.51  +0.0000 +0.000  J2000.0  J2000.000  0.000     +697.787     +617.030
               22         23 06 57.667  +58 31 36.69  +0.0000 +0.000  J2000.0  J2000.000  0.000     +637.892     +329.237
               23         23 06 59.004  +58 28 32.82  +0.0000 +0.000  J2000.0  J2000.000  0.000     +594.449     +147.651
               24         23 06 59.020  +58 27 01.63  +0.0000 +0.000  J2000.0  J2000.000  0.000     +578.256      +56.574
               25         23 06 59.914  +58 26 53.41  +0.0000 +0.000  J2000.0  J2000.000  0.000     +569.865      +49.649
               26         23 07 01.358  +58 39 10.69  +0.0000 +0.000  J2000.0  J2000.000  0.000     +689.991     +787.511
               27         23 07 02.461  +58 27 34.75  +0.0000 +0.000  J2000.0  J2000.000  0.000     +557.308      +94.595
               28         23 07 05.063  +58 35 12.48  +0.0000 +0.000  J2000.0  J2000.000  0.000     +618.821     +554.899
               29         23 07 06.078  +58 36 30.91  +0.0000 +0.000  J2000.0  J2000.000  0.000     +625.138     +634.520
               30         23 07 07.262  +58 32 57.08  +0.0000 +0.000  J2000.0  J2000.000  0.000     +577.470     +422.819
               31         23 07 08.759  +58 38 41.80  +0.0000 +0.000  J2000.0  J2000.000  0.000     +627.614     +769.036
               32         23 07 09.073  +58 37 39.15  +0.0000 +0.000  J2000.0  J2000.000  0.000     +613.994     +706.885
               33         23 07 10.076  +58 33 15.07  +0.0000 +0.000  J2000.0  J2000.000  0.000     +558.761     +444.758
               34         23 07 11.078  +58 36 21.67  +0.0000 +0.000  J2000.0  J2000.000  0.000     +584.344     +632.387
               35         23 07 11.663  +58 33 01.54  +0.0000 +0.000  J2000.0  J2000.000  0.000     +543.943     +433.452
               36         23 07 13.922  +58 26 43.78  +0.0000 +0.000  J2000.0  J2000.000  0.000     +459.208      +59.474
               37         23 07 20.642  +58 27 06.63  +0.0000 +0.000  J2000.0  J2000.000  0.000     +409.899      +91.948
               38         23 07 22.318  +58 36 10.41  +0.0000 +0.000  J2000.0  J2000.000  0.000     +494.783     +637.005
               39         23 07 33.459  +58 36 23.61  +0.0000 +0.000  J2000.0  J2000.000  0.000     +410.291     +665.925
               40         23 07 33.622  +58 38 01.47  +0.0000 +0.000  J2000.0  J2000.000  0.000     +426.702     +763.691
               41         23 07 35.001  +58 27 25.36  +0.0000 +0.000  J2000.0  J2000.000  0.000     +300.914     +131.051
               42         23 07 35.283  +58 34 07.35  +0.0000 +0.000  J2000.0  J2000.000  0.000     +371.527     +532.414
               43         23 07 38.681  +58 37 18.43  +0.0000 +0.000  J2000.0  J2000.000  0.000     +378.544     +728.148
               44         23 07 43.928  +58 32 00.72  +0.0000 +0.000  J2000.0  J2000.000  0.000     +281.060     +418.450
               45         23 07 46.264  +58 37 16.63  +0.0000 +0.000  J2000.0  J2000.000  0.000     +320.193     +736.850
               46         23 07 48.613  +58 34 18.57  +0.0000 +0.000  J2000.0  J2000.000  0.000     +269.484     +562.560
               47         23 07 51.219  +58 32 35.72  +0.0000 +0.000  J2000.0  J2000.000  0.000     +230.447     +463.731
               48         23 07 56.033  +58 32 20.08  +0.0000 +0.000  J2000.0  J2000.000  0.000     +190.083     +455.001
               49         23 07 56.807  +58 34 08.04  +0.0000 +0.000  J2000.0  J2000.000  0.000     +203.658     +563.828
               50         23 07 58.176  +58 34 24.07  +0.0000 +0.000  J2000.0  J2000.000  0.000     +195.805     +581.756
               51         23 07 58.705  +58 35 55.08  +0.0000 +0.000  J2000.0  J2000.000  0.000     +208.407     +673.127
               52         23 08 03.896  +58 33 11.72  +0.0000 +0.000  J2000.0  J2000.000  0.000     +138.138     +517.671
               53         23 08 06.446  +58 29 59.66  +0.0000 +0.000  J2000.0  J2000.000  0.000      +83.169     +329.749
               54         23 08 07.022  +58 37 14.87  +0.0000 +0.000  J2000.0  J2000.000  0.000     +158.117     +764.799
               55         23 08 11.985  +58 36 26.00  +0.0000 +0.000  J2000.0  J2000.000  0.000     +110.667     +723.037
               56         23 08 14.392  +58 28 50.38  +0.0000 +0.000  J2000.0  J2000.000  0.000       +8.338     +272.137
1Plate solution: 4-coefficient
 -----------------------------

     X,Y = expected plate coordinates (radians)

     X =  +0.2256384E-02                            Y =  -0.2436944E-02
          -0.4707312E-05 * Xmeas                         +0.8462733E-06 * Xmeas
          +0.8462733E-06 * Ymeas                         +0.4707312E-05 * Ymeas


 Xmeas =   +554.4851                            Ymeas =   +418.0089    
           -205784.5     * X                              +36995.62     * X
           +36995.62     * Y                              +205784.5     * Y


      Plate scale (in measuring units):            0.9865 arcsec
                           Orientation:          +10.192  deg and laterally inverted


 Reference stars:
                             Mean RA,Dec         Equinox J2000.0      Epoch J2000.000           Residuals (arcsec)
                n                    catalogue                     calculated                 dX        dY        dR

                1            23 05 56.857  +58 28 35.61    23 05 56.899  +58 28 35.65      +0.334    +0.044     0.337
                2            23 06 01.567  +58 30 13.80    23 06 01.578  +58 30 13.70      +0.085    -0.098     0.130
                3            23 06 03.145  +58 31 40.63    23 06 03.151  +58 31 40.61      +0.043    -0.017     0.046
                4            23 06 11.366  +58 39 22.57    23 06 11.376  +58 39 22.41      +0.078    -0.160     0.178
                5            23 06 13.013  +58 28 53.82    23 06 13.032  +58 28 53.74      +0.143    -0.077     0.162
                6            23 06 15.358  +58 34 26.98    23 06 15.354  +58 34 26.92      -0.030    -0.052     0.060
                7            23 06 16.147  +58 30 18.86    23 06 16.172  +58 30 18.80      +0.200    -0.057     0.208
                8            23 06 26.520  +58 28 37.29    23 06 26.536  +58 28 37.17      +0.121    -0.111     0.164
                9            23 06 27.948  +58 27 27.09    23 06 27.923  +58 27 27.17      -0.204    +0.082     0.220
               10            23 06 30.624  +58 35 50.73    23 06 30.629  +58 35 50.70      +0.044    -0.027     0.051
               11            23 06 32.174  +58 38 54.45    23 06 32.175  +58 38 54.50      +0.005    +0.049     0.049
               12            23 06 32.855  +58 38 09.70    23 06 32.857  +58 38 09.77      +0.018    +0.068     0.070
               13            23 06 36.494  +58 27 04.50    23 06 36.501  +58 27 04.38      +0.051    -0.123     0.133
               14            23 06 37.644  +58 31 31.75    23 06 37.649  +58 31 31.67      +0.037    -0.080     0.088
               15            23 06 43.110  +58 32 05.77    23 06 43.116  +58 32 05.80      +0.042    +0.030     0.052
               16            23 06 43.437  +58 34 34.11    23 06 43.434  +58 34 34.14      -0.023    +0.030     0.038
               17            23 06 43.881  +58 29 25.84    23 06 43.887  +58 29 25.74      +0.042    -0.109     0.116
               18            23 06 44.958  +58 37 26.63    23 06 44.951  +58 37 26.67      -0.053    +0.038     0.065
               19            23 06 51.020  +58 26 57.18    23 06 50.985  +58 26 57.12      -0.272    -0.062     0.279
               20            23 06 52.622  +58 30 00.81    23 06 52.627  +58 30 00.73      +0.039    -0.075     0.085
               21            23 06 56.646  +58 36 26.51    23 06 56.641  +58 36 26.55      -0.045    +0.046     0.064
               22            23 06 57.667  +58 31 36.69    23 06 57.682  +58 31 36.67      +0.121    -0.024     0.123
               23            23 06 59.004  +58 28 32.82    23 06 59.037  +58 28 32.78      +0.257    -0.039     0.260
               24            23 06 59.020  +58 27 01.63    23 06 59.023  +58 27 01.52      +0.024    -0.103     0.106
               25            23 06 59.914  +58 26 53.41    23 06 59.907  +58 26 53.34      -0.050    -0.066     0.083
               26            23 07 01.358  +58 39 10.69    23 07 01.407  +58 39 10.74      +0.382    +0.054     0.385
               27            23 07 02.461  +58 27 34.75    23 07 02.458  +58 27 34.80      -0.025    +0.051     0.057
               28            23 07 05.063  +58 35 12.48    23 07 05.068  +58 35 12.48      +0.042    -0.004     0.043
               29            23 07 06.078  +58 36 30.91    23 07 06.059  +58 36 30.89      -0.151    -0.014     0.152
               30            23 07 07.262  +58 32 57.08    23 07 07.258  +58 32 57.02      -0.036    -0.055     0.065
               31            23 07 08.759  +58 38 41.80    23 07 08.755  +58 38 41.94      -0.031    +0.137     0.140
               32            23 07 09.073  +58 37 39.15    23 07 09.060  +58 37 39.21      -0.101    +0.063     0.119
               33            23 07 10.076  +58 33 15.07    23 07 10.068  +58 33 15.06      -0.058    -0.010     0.059
               34            23 07 11.078  +58 36 21.67    23 07 11.081  +58 36 21.70      +0.020    +0.036     0.041
               35            23 07 11.663  +58 33 01.54    23 07 11.654  +58 33 01.49      -0.066    -0.048     0.082
               36            23 07 13.922  +58 26 43.78    23 07 13.814  +58 26 43.59      -0.844    -0.199     0.867
               37            23 07 20.642  +58 27 06.63    23 07 20.638  +58 27 06.48      -0.032    -0.147     0.150
               38            23 07 22.318  +58 36 10.41    23 07 22.312  +58 36 10.52      -0.049    +0.108     0.118
               39            23 07 33.459  +58 36 23.61    23 07 33.458  +58 36 23.75      -0.002    +0.144     0.144
               40            23 07 33.622  +58 38 01.47    23 07 33.622  +58 38 01.54      -0.003    +0.072     0.072
               41            23 07 35.001  +58 27 25.36    23 07 34.994  +58 27 25.30      -0.055    -0.061     0.082
               42            23 07 35.283  +58 34 07.35    23 07 35.265  +58 34 07.33      -0.134    -0.019     0.136
               43            23 07 38.681  +58 37 18.43    23 07 38.806  +58 37 18.56      +0.975    +0.134     0.984
               44            23 07 43.928  +58 32 00.72    23 07 43.918  +58 32 00.76      -0.085    +0.045     0.096
               45            23 07 46.264  +58 37 16.63    23 07 46.254  +58 37 16.70      -0.080    +0.076     0.110
               46            23 07 48.613  +58 34 18.57    23 07 48.608  +58 34 18.58      -0.040    +0.013     0.042
               47            23 07 51.219  +58 32 35.72    23 07 51.215  +58 32 35.76      -0.029    +0.035     0.046
               48            23 07 56.033  +58 32 20.08    23 07 56.021  +58 32 20.13      -0.094    +0.057     0.110
               49            23 07 56.807  +58 34 08.04    23 07 56.804  +58 34 08.15      -0.019    +0.117     0.119
               50            23 07 58.176  +58 34 24.07    23 07 58.185  +58 34 24.16      +0.069    +0.084     0.108
               51            23 07 58.705  +58 35 55.08    23 07 58.695  +58 35 55.06      -0.074    -0.020     0.077
               52            23 08 03.896  +58 33 11.71    23 08 03.883  +58 33 11.73      -0.106    +0.011     0.107
               53            23 08 06.446  +58 29 59.66    23 08 06.425  +58 29 59.60      -0.163    -0.065     0.175
               54            23 08 07.022  +58 37 14.87    23 08 07.026  +58 37 15.08      +0.031    +0.210     0.212
               55            23 08 11.985  +58 36 26.00    23 08 11.968  +58 36 26.11      -0.132    +0.102     0.166
               56            23 08 14.392  +58 28 50.38    23 08 14.378  +58 28 50.36      -0.115    -0.012     0.116

                                                                                  RMS :     0.207     0.083     0.223

1Plate solution: 6-coefficient
 -----------------------------

     X,Y = expected plate coordinates (radians)

     X =  +0.2257326E-02                            Y =  -0.2436682E-02
          -0.4708298E-05 * Xmeas                         +0.8465333E-06 * Xmeas
          +0.8453877E-06 * Ymeas                         +0.4706337E-05 * Ymeas


 Xmeas =   +554.4902                            Ymeas =   +418.0082    
           -205746.1     * X                              +37007.75     * X
           +36957.67     * Y                              +205831.8     * Y


     Plate scales (in measuring units):      X     0.9867 arcsec
                                             Y     0.9863 arcsec
                                          mean     0.9865 arcsec
                   Nonperpendicularity:           -0.009  deg
                           Orientation:          +10.188  deg and laterally inverted


 Reference stars:
                             Mean RA,Dec         Equinox J2000.0      Epoch J2000.000           Residuals (arcsec)
                n                    catalogue                     calculated                 dX        dY        dR

                1            23 05 56.857  +58 28 35.61    23 05 56.894  +58 28 35.75      +0.296    +0.143     0.329
                2            23 06 01.567  +58 30 13.80    23 06 01.571  +58 30 13.78      +0.033    -0.020     0.038
                3            23 06 03.145  +58 31 40.63    23 06 03.142  +58 31 40.67      -0.027    +0.043     0.050
                4            23 06 11.366  +58 39 22.57    23 06 11.355  +58 39 22.37      -0.081    -0.195     0.211
                5            23 06 13.013  +58 28 53.82    23 06 13.029  +58 28 53.82      +0.123    +0.008     0.124
                6            23 06 15.358  +58 34 26.98    23 06 15.342  +58 34 26.94      -0.119    -0.033     0.124
                7            23 06 16.147  +58 30 18.86    23 06 16.168  +58 30 18.86      +0.165    +0.009     0.166
                8            23 06 26.520  +58 28 37.29    23 06 26.536  +58 28 37.25      +0.123    -0.033     0.127
                9            23 06 27.948  +58 27 27.09    23 06 27.925  +58 27 27.26      -0.185    +0.173     0.253
               10            23 06 30.624  +58 35 50.73    23 06 30.618  +58 35 50.69      -0.044    -0.034     0.055
               11            23 06 32.174  +58 38 54.45    23 06 32.159  +58 38 54.45      -0.120    +0.005     0.120
               12            23 06 32.855  +58 38 09.70    23 06 32.843  +58 38 09.73      -0.096    +0.032     0.102
               13            23 06 36.494  +58 27 04.50    23 06 36.505  +58 27 04.47      +0.087    -0.034     0.093
               14            23 06 37.644  +58 31 31.75    23 06 37.646  +58 31 31.71      +0.016    -0.043     0.046
               15            23 06 43.110  +58 32 05.77    23 06 43.113  +58 32 05.82      +0.020    +0.057     0.060
               16            23 06 43.437  +58 34 34.11    23 06 43.427  +58 34 34.14      -0.076    +0.028     0.081
               17            23 06 43.881  +58 29 25.84    23 06 43.888  +58 29 25.79      +0.056    -0.052     0.077
               18            23 06 44.958  +58 37 26.63    23 06 44.940  +58 37 26.63      -0.142    +0.002     0.142
               19            23 06 51.020  +58 26 57.18    23 06 50.992  +58 26 57.20      -0.216    +0.019     0.216
               20            23 06 52.622  +58 30 00.81    23 06 52.630  +58 30 00.78      +0.058    -0.031     0.066
               21            23 06 56.646  +58 36 26.51    23 06 56.633  +58 36 26.52      -0.105    +0.013     0.106
               22            23 06 57.667  +58 31 36.69    23 06 57.683  +58 31 36.69      +0.125    -0.001     0.125
               23            23 06 59.004  +58 28 32.82    23 06 59.043  +58 28 32.84      +0.303    +0.017     0.304
               24            23 06 59.020  +58 27 01.63    23 06 59.031  +58 27 01.60      +0.091    -0.030     0.095
               25            23 06 59.914  +58 26 53.41    23 06 59.916  +58 26 53.41      +0.019    +0.009     0.021
               26            23 07 01.358  +58 39 10.69    23 07 01.395  +58 39 10.68      +0.292    -0.013     0.292
               27            23 07 02.461  +58 27 34.75    23 07 02.466  +58 27 34.86      +0.038    +0.116     0.122
               28            23 07 05.063  +58 35 12.48    23 07 05.064  +58 35 12.45      +0.009    -0.029     0.030
               29            23 07 06.078  +58 36 30.91    23 07 06.053  +58 36 30.85      -0.200    -0.054     0.207
               30            23 07 07.262  +58 32 57.08    23 07 07.258  +58 32 57.02      -0.037    -0.054     0.066
               31            23 07 08.759  +58 38 41.80    23 07 08.746  +58 38 41.87      -0.105    +0.070     0.126
               32            23 07 09.073  +58 37 39.15    23 07 09.052  +58 37 39.16      -0.161    +0.008     0.161
               33            23 07 10.076  +58 33 15.07    23 07 10.068  +58 33 15.05      -0.059    -0.015     0.061
               34            23 07 11.078  +58 36 21.67    23 07 11.076  +58 36 21.66      -0.020    -0.006     0.021
               35            23 07 11.663  +58 33 01.54    23 07 11.655  +58 33 01.49      -0.062    -0.052     0.081
               36            23 07 13.922  +58 26 43.78    23 07 13.826  +58 26 43.65      -0.754    -0.132     0.766
               37            23 07 20.642  +58 27 06.63    23 07 20.650  +58 27 06.54      +0.063    -0.090     0.109
               38            23 07 22.318  +58 36 10.41    23 07 22.309  +58 36 10.47      -0.072    +0.060     0.094
               39            23 07 33.459  +58 36 23.61    23 07 33.457  +58 36 23.69      -0.013    +0.087     0.088
               40            23 07 33.622  +58 38 01.47    23 07 33.617  +58 38 01.46      -0.036    -0.005     0.036
               41            23 07 35.001  +58 27 25.36    23 07 35.008  +58 27 25.35      +0.054    -0.017     0.056
               42            23 07 35.283  +58 34 07.35    23 07 35.268  +58 34 07.30      -0.113    -0.052     0.124
               43            23 07 38.681  +58 37 18.43    23 07 38.804  +58 37 18.49      +0.959    +0.062     0.961
               44            23 07 43.928  +58 32 00.72    23 07 43.925  +58 32 00.75      -0.024    +0.030     0.039
               45            23 07 46.264  +58 37 16.63    23 07 46.253  +58 37 16.63      -0.085    -0.001     0.085
               46            23 07 48.613  +58 34 18.57    23 07 48.613  +58 34 18.54      -0.003    -0.032     0.032
               47            23 07 51.219  +58 32 35.72    23 07 51.223  +58 32 35.73      +0.034    +0.008     0.035
               48            23 07 56.033  +58 32 20.08    23 07 56.030  +58 32 20.11      -0.021    +0.030     0.037
               49            23 07 56.807  +58 34 08.04    23 07 56.810  +58 34 08.10      +0.031    +0.069     0.076
               50            23 07 58.176  +58 34 24.07    23 07 58.191  +58 34 24.11      +0.117    +0.032     0.121
               51            23 07 58.705  +58 35 55.08    23 07 58.699  +58 35 54.99      -0.045    -0.090     0.101
               52            23 08 03.896  +58 33 11.71    23 08 03.892  +58 33 11.68      -0.035    -0.032     0.047
               53            23 08 06.446  +58 29 59.66    23 08 06.440  +58 29 59.59      -0.046    -0.073     0.086
               54            23 08 07.022  +58 37 14.87    23 08 07.029  +58 37 14.99      +0.054    +0.119     0.130
               55            23 08 11.985  +58 36 26.00    23 08 11.973  +58 36 26.02      -0.092    +0.017     0.093
               56            23 08 14.392  +58 28 50.38    23 08 14.396  +58 28 50.36      +0.028    -0.012     0.030

                                                                                  RMS :     0.197     0.062     0.207

1Unknown stars:    J2000.0 mean places for epoch J2000.000

             :               4-coefficient model               :                6-coefficient model                :
             :   Xmeas    Ymeas          RA            Dec     :   Xmeas    Ymeas          RA             Dec      :     
             :                                                 :                                                   :
             :   +9.445  +11.320 -> 23 08 08.318  +58 24 37.50 :   +9.445  +11.320 -> 23 08 08.3424  +58 24 37.549 :     
             : +668.006 +788.509 -> 23 07 04.165  +58 39 07.89 : +668.006 +788.509 -> 23 07 04.1539  +58 39 07.817 :     
             : +378.544 +728.148 -> 23 07 38.806  +58 37 18.56 : +378.544 +728.148 -> 23 07 38.8039  +58 37 18.485 :     
             : +707.197 +411.459 -> 23 06 50.909  +58 33 08.55 : +707.197 +411.459 -> 23 06 50.9055  +58 33 08.558 :     
             : +315.342 +315.645 -> 23 07 37.354  +58 30 27.02 : +315.342 +315.645 -> 23 07 37.3636  +58 30 27.031 :     
             :  +75.899 +199.711 -> 23 08 04.375  +58 27 52.12 :  +75.899 +199.711 -> 23 08 04.3933  +58 27 52.142 :     
