read ra/dec for calibration star of: (36.752127, 59.562503) (37.02079, 59.47925)
automag_driver: using file automag_driver
aperture parameters; rad, r_in, r_out: 5.0, 15.0, 25.0
-----------------------------------------
57
/mnt//archive/east-16/2024/24_10_29//ad0057.fits
flat found.  dividing by flatfield
read ra/dec for target of: (36.807362, 59.460604)
pixel scale is: 0.9261222946457116
x/y of var, cal1, cal2: 707.5158257914095 599.5297322042012 571.4747094379638 211.81783747374237 1122.6253873119817 497.54227536310276
 id  xcenter   ycenter  ...  aper_bkg aper_sum_bkgsub aper_sum_bkgsub_err
       pix       pix    ...                                              
--- --------- --------- ... --------- --------------- -------------------
  1 707.51583 599.52973 ... 3778.9563       72903.976           284.05438
  2 571.47471 211.81784 ... 4036.7465       47126.342            235.4248
  3 1122.6254 497.54228 ... 3736.6621       33118.658           202.03213
-----------------------------------------
58
/mnt//archive/east-16/2024/24_10_29//ad0058.fits
flat found.  dividing by flatfield
read ra/dec for target of: (36.807362, 59.460604)
pixel scale is: 0.9264284529381516
x/y of var, cal1, cal2: 707.6206644133651 599.2190230849744 571.6566774795294 211.71942650642808 1122.7903520236669 497.0084632435346
 id  xcenter   ycenter  ...  aper_bkg aper_sum_bkgsub aper_sum_bkgsub_err
       pix       pix    ...                                              
--- --------- --------- ... --------- --------------- -------------------
  1 707.62066 599.21902 ... 7813.6754       174361.07           436.13463
  2 571.65668 211.71943 ... 7943.4662       107591.29           351.71468
  3 1122.7904 497.00846 ... 7851.0798       78644.138           307.52447
-----------------------------------------
59
/mnt//archive/east-16/2024/24_10_29//ad0059.fits
flat found.  dividing by flatfield
read ra/dec for target of: (36.807362, 59.460604)
pixel scale is: 0.9263749258097532
x/y of var, cal1, cal2: 707.8532697361094 598.7142400472593 571.9556678974217 211.1997781987252 1122.8610712359787 496.4747929505309
 id  xcenter   ycenter  ...  aper_bkg aper_sum_bkgsub aper_sum_bkgsub_err
       pix       pix    ...                                              
--- --------- --------- ... --------- --------------- -------------------
  1 707.85327 598.71424 ...  11712.36       267249.31           539.35056
  2 571.95567 211.19978 ... 11619.665       161968.11           430.61867
  3 1122.8611 496.47479 ... 11634.683       123076.12           382.84525
-----------------------------------------
60
/mnt//archive/east-16/2024/24_10_29//ad0060.fits
flat found.  dividing by flatfield
read ra/dec for target of: (36.807362, 59.460604)
pixel scale is: 0.9263601558506006
x/y of var, cal1, cal2: 707.6686695119445 598.3180546735913 571.765487208648 210.7997071346344 1122.699471700425 496.06996923029754
 id  xcenter   ycenter  ...  aper_bkg aper_sum_bkgsub aper_sum_bkgsub_err
       pix       pix    ...                                              
--- --------- --------- ... --------- --------------- -------------------
  1 707.66867 598.31805 ... 11582.854       267825.83           539.64483
  2 571.76549 210.79971 ... 11588.432       161817.81           430.37155
  3 1122.6995 496.06997 ... 11559.932       122534.28           381.94128
