read ra/dec for calibration star of: (321.801433, 54.492517) (321.716558, 54.440525)
automag_driver: using file automag_driver
aperture parameters; rad, r_in, r_out: 5.0, 15.0, 25.0
-----------------------------------------
61
/mnt//archive/draco2/2024/24_10_14//ad0061.fits
flat found.  dividing by flatfield
read ra/dec for target of: (321.733427, 54.491455)
pixel scale is: 0.9852643968774013
x/y of var, cal1, cal2: 550.8332506063515 418.14337952146826 409.4598218825372 447.7155368168934 553.025729546471 228.65027163480448
 id  xcenter   ycenter  ...  aper_bkg aper_sum_bkgsub aper_sum_bkgsub_err
       pix       pix    ...                                              
--- --------- --------- ... --------- --------------- -------------------
  1 550.83325 418.14338 ... 104448.35       88055.111           545.13927
  2 409.45982 447.71554 ... 105839.32       424775.44           797.92172
  3 553.02573 228.65027 ... 106442.61       278360.44           701.04968
-----------------------------------------
62
/mnt//archive/draco2/2024/24_10_14//ad0062.fits
flat found.  dividing by flatfield
read ra/dec for target of: (321.733427, 54.491455)
pixel scale is: 0.985270368904155
x/y of var, cal1, cal2: 550.261949114136 418.1208591764844 408.88828598314774 447.700285745742 552.4451227179266 228.62878630567394
 id  xcenter   ycenter  ...  aper_bkg aper_sum_bkgsub aper_sum_bkgsub_err
       pix       pix    ...                                              
--- --------- --------- ... --------- --------------- -------------------
  1 550.26195 418.12086 ... 105353.18       86983.486           545.81576
  2 408.88829 447.70029 ... 106106.81        414557.7             791.831
  3 552.44512 228.62879 ... 107019.12       275589.22           699.89461
-----------------------------------------
63
/mnt//archive/draco2/2024/24_10_14//ad0063.fits
flat found.  dividing by flatfield
read ra/dec for target of: (321.733427, 54.491455)
pixel scale is: 0.9852326894641859
x/y of var, cal1, cal2: 550.238131132706 418.186280664685 408.8611610075005 447.765325860874 552.4193012644815 228.6869844861421
 id  xcenter   ycenter  ...  aper_bkg aper_sum_bkgsub aper_sum_bkgsub_err
       pix       pix    ...                                              
--- --------- --------- ... --------- --------------- -------------------
  1 550.23813 418.18628 ... 106136.69       85907.724            546.2656
  2 408.86116 447.76533 ... 106883.65       408617.88           789.05652
  3  552.4193 228.68698 ... 107677.37       272096.49           698.33819
-----------------------------------------
64
/mnt//archive/draco2/2024/24_10_14//ad0064.fits
flat found.  dividing by flatfield
read ra/dec for target of: (321.733427, 54.491455)
pixel scale is: 0.985233089444431
x/y of var, cal1, cal2: 549.6883235216959 418.3589598734205 408.3151066412278 447.94155573192813 551.8797090717521 228.8596836155152
 id  xcenter   ycenter  ...  aper_bkg aper_sum_bkgsub aper_sum_bkgsub_err
       pix       pix    ...                                              
--- --------- --------- ... --------- --------------- -------------------
  1 549.68832 418.35896 ... 106507.48       84632.358            545.7768
  2 408.31511 447.94156 ... 107468.46       438414.94             808.441
  3 551.87971 228.85968 ... 108287.53       269347.97           697.24316
