read ra/dec for calibration star of: (36.752127, 59.562503) (37.02079, 59.47925)
automag_driver: using file automag_driver
aperture parameters; rad, r_in, r_out: 5.0, 15.0, 25.0
-----------------------------------------
145
/mnt//archive/draco2/2024/24_11_22//ad0145.fits
flat found.  dividing by flatfield
read ra/dec for target of: (36.807362, 59.460604)
pixel scale is: 0.9829162779262127
x/y of var, cal1, cal2: 605.671904848538 467.18666206135924 768.1355923163715 818.538423731489 225.51516066870124 600.3799900386252
 id  xcenter   ycenter  ...  aper_bkg aper_sum_bkgsub aper_sum_bkgsub_err
       pix       pix    ...                                              
--- --------- --------- ... --------- --------------- -------------------
  1  605.6719 467.18666 ...  2428.479       30885.779           189.65162
  2 768.13559 818.53842 ... 1943.9258       34990.318           197.74522
  3 225.51516 600.37999 ... 2672.1339       14314.252           141.00893
-----------------------------------------
146
/mnt//archive/draco2/2024/24_11_22//ad0146.fits
flat found.  dividing by flatfield
read ra/dec for target of: (36.807362, 59.460604)
pixel scale is: 0.9827685267073409
x/y of var, cal1, cal2: 605.7934542092016 466.86929089242926 768.4414480439419 818.1375755886563 225.6111669588925 600.4014355418615
 id  xcenter   ycenter  ...  aper_bkg aper_sum_bkgsub aper_sum_bkgsub_err
       pix       pix    ...                                              
--- --------- --------- ... --------- --------------- -------------------
  1 605.79345 466.86929 ... 2644.4278        30500.89           189.77551
  2 768.44145 818.13758 ... 1784.1767        34987.42           196.92835
  3 225.61117 600.40144 ... 2501.0733       14259.957           139.59622
-----------------------------------------
147
/mnt//archive/draco2/2024/24_11_22//ad0147.fits
flat found.  dividing by flatfield
read ra/dec for target of: (36.807362, 59.460604)
pixel scale is: 0.9825896075078486
x/y of var, cal1, cal2: 605.8694077131571 466.97793693424575 768.3865493993367 818.3326085748831 225.7855016861069 600.482001024262
 id  xcenter   ycenter  ...  aper_bkg aper_sum_bkgsub aper_sum_bkgsub_err
       pix       pix    ...                                              
--- --------- --------- ... --------- --------------- -------------------
  1 605.86941 466.97794 ... 2435.3855       30800.539           189.46322
  2 768.38655 818.33261 ... 1677.6606       35698.412           198.18863
  3  225.7855   600.482 ... 2585.8704       14398.559           140.69577
-----------------------------------------
148
/mnt//archive/draco2/2024/24_11_22//ad0148.fits
flat found.  dividing by flatfield
read ra/dec for target of: (36.807362, 59.460604)
pixel scale is: 0.9829523608331723
x/y of var, cal1, cal2: 605.8196809815748 467.0248034963421 768.2391938207281 818.2304596014114 225.8310354731085 600.5248981774721
 id  xcenter   ycenter  ...  aper_bkg aper_sum_bkgsub aper_sum_bkgsub_err
       pix       pix    ...                                              
--- --------- --------- ... --------- --------------- -------------------
  1 605.81968  467.0248 ... 2525.0699       31161.027            190.8826
  2 768.23919 818.23046 ... 1788.8463       35480.086           198.19884
  3 225.83104  600.5249 ... 2426.2014       14602.606           140.28545
