read ra/dec for calibration star of: (36.752127, 59.562503) (37.02079, 59.47925)
automag_driver: using file automag_driver
aperture parameters; rad, r_in, r_out: 5.0, 15.0, 25.0
-----------------------------------------
326
/mnt//archive/draco2/2024/24_01_17//ad0326.fits
flat found.  dividing by flatfield
read ra/dec for target of: (36.807362, 59.460604)
pixel scale is: 0.9819408519924739
x/y of var, cal1, cal2: 553.9110071850162 416.9517141546625 434.8556331601137 48.340013500744874 947.6381194788146 330.08733066020494
 id  xcenter   ycenter  ...  aper_bkg aper_sum_bkgsub aper_sum_bkgsub_err
       pix       pix    ...                                              
--- --------- --------- ... --------- --------------- -------------------
  1 553.91101 416.95171 ... 5954.9399       144246.47           395.45081
  2 434.85563 48.340014 ... 6142.0791       89048.203           318.68066
  3 947.63812 330.08733 ... 5999.9213       68760.484           284.57921
-----------------------------------------
327
/mnt//archive/draco2/2024/24_01_17//ad0327.fits
flat found.  dividing by flatfield
read ra/dec for target of: (36.807362, 59.460604)
pixel scale is: 0.9820741238635642
x/y of var, cal1, cal2: 553.8009383284333 416.97249907434576 434.73720410538425 48.38897085517448 947.5329302931327 330.19217128776336
 id  xcenter   ycenter  ...  aper_bkg aper_sum_bkgsub aper_sum_bkgsub_err
       pix       pix    ...                                              
--- --------- --------- ... --------- --------------- -------------------
  1 553.80094  416.9725 ... 6182.3965       142777.82           394.16699
  2  434.7372 48.388971 ... 6252.2724       87572.298           316.70466
  3 947.53293 330.19217 ... 6121.1331       67462.663           282.71882
-----------------------------------------
328
/mnt//archive/draco2/2024/24_01_17//ad0328.fits
flat found.  dividing by flatfield
read ra/dec for target of: (36.807362, 59.460604)
pixel scale is: 0.981778964473288
x/y of var, cal1, cal2: 553.5756093294422 417.0101090467475 434.4776475553419 48.33106112818365 947.2501727937959 330.1532126009329
 id  xcenter   ycenter  ...  aper_bkg aper_sum_bkgsub aper_sum_bkgsub_err
       pix       pix    ...                                              
--- --------- --------- ... --------- --------------- -------------------
  1 553.57561 417.01011 ... 5999.1069       144445.26           395.81369
  2 434.47765 48.331061 ... 6099.5067       88672.463           317.95672
  3 947.25017 330.15321 ... 6014.6076       68735.856           284.58755
-----------------------------------------
329
/mnt//archive/draco2/2024/24_01_17//ad0329.fits
flat found.  dividing by flatfield
read ra/dec for target of: (36.807362, 59.460604)
pixel scale is: 0.9818952556356464
x/y of var, cal1, cal2: 553.2768201340491 416.95923218488633 434.1735921266059 48.32455041768935 947.0155525363867 330.11028110787333
 id  xcenter   ycenter  ...  aper_bkg aper_sum_bkgsub aper_sum_bkgsub_err
       pix       pix    ...                                              
--- --------- --------- ... --------- --------------- -------------------
  1 553.27682 416.95923 ... 6035.6212       145273.18           396.95015
  2 434.17359  48.32455 ... 6013.3028       90379.132           320.36033
  3 947.01555 330.11028 ... 6018.9162       69730.293           286.34442
