read ra/dec for calibration star of: (359.756688, 61.132989) (359.386175, 61.184511)
automag_driver: using file automag_driver
aperture parameters; rad, r_in, r_out: 5.0, 15.0, 25.0
-----------------------------------------
230
/mnt//archive/west-14/2024/24_10_19//ad0230.fits
flat found.  dividing by flatfield
read ra/dec for target of: (359.5749, 61.221062)
pixel scale is: 0.9115650463306005
x/y of var, cal1, cal2: 575.0229502730334 409.2660676683596 236.3082296108346 54.49154168711368 937.0226070122214 273.2614342313565
 id  xcenter   ycenter  ...  aper_bkg aper_sum_bkgsub aper_sum_bkgsub_err
       pix       pix    ...                                              
--- --------- --------- ... --------- --------------- -------------------
  1 575.02295 409.26607 ... 20775.035       145814.28           433.11586
  2 236.30823 54.491542 ... 20968.233       64658.604            326.8334
  3 937.02261 273.26143 ... 20500.183       129703.48           413.43542
-----------------------------------------
231
/mnt//archive/west-14/2024/24_10_19//ad0231.fits
flat found.  dividing by flatfield
read ra/dec for target of: (359.5749, 61.221062)
pixel scale is: 0.9112483073731292
x/y of var, cal1, cal2: 575.4250984048313 409.8051267306248 236.71741520239783 54.95013497415266 937.4601909289809 273.7074175749516
 id  xcenter   ycenter  ...  aper_bkg aper_sum_bkgsub aper_sum_bkgsub_err
       pix       pix    ...                                              
--- --------- --------- ... --------- --------------- -------------------
  1  575.4251 409.80513 ...     21117       146545.31           434.74625
  2 236.71742 54.950135 ... 20956.487       64700.356           326.86133
  3 937.46019 273.70742 ... 20620.862       129795.32           413.83819
-----------------------------------------
232
/mnt//archive/west-14/2024/24_10_19//ad0232.fits
flat found.  dividing by flatfield
read ra/dec for target of: (359.5749, 61.221062)
pixel scale is: 0.911429996587504
x/y of var, cal1, cal2: 574.3269573944128 409.67569868878013 235.6276864233094 54.9066756975667 936.4184444983217 273.5888176254286
 id  xcenter   ycenter  ...  aper_bkg aper_sum_bkgsub aper_sum_bkgsub_err
       pix       pix    ...                                              
--- --------- --------- ... --------- --------------- -------------------
  1 574.32696  409.6757 ...   21158.2       143063.22           430.81854
  2 235.62769 54.906676 ... 21132.221       63741.179           325.93039
  3 936.41844 273.58882 ... 20658.016       128185.19           411.97843
-----------------------------------------
233
/mnt//archive/west-14/2024/24_10_19//ad0233.fits
flat found.  dividing by flatfield
read ra/dec for target of: (359.5749, 61.221062)
pixel scale is: 0.9112158273581035
x/y of var, cal1, cal2: 574.1500602021157 409.3704409515573 235.44836771979152 54.46394064836733 936.1770292936085 273.30941362657086
 id  xcenter   ycenter  ...  aper_bkg aper_sum_bkgsub aper_sum_bkgsub_err
       pix       pix    ...                                              
--- --------- --------- ... --------- --------------- -------------------
  1 574.15006 409.37044 ...  20974.21        145149.2           432.80783
  2 235.44837 54.463941 ... 20927.955       64826.468           326.96694
  3 936.17703 273.30941 ...  20204.13       129949.16           413.01624
