read ra/dec for calibration star of: (304.067125, 42.123947) (303.970146, 42.191825)
automag_driver: using file automag_driver
aperture parameters; rad, r_in, r_out: 5.0, 15.0, 25.0
-----------------------------------------
33
/mnt//archive/east-14/2018/18_10_18//ad0033.fits
flat found.  dividing by flatfield
read ra/dec for target of: (304.052831, 42.108719)
pixel scale is: 0.9813362190968824
x/y of var, cal1, cal2: 573.4998491298707 425.76615630433747 535.2769106098895 482.09233626905024 801.8554615965387 728.0424679447344
 id  xcenter   ycenter  ...  aper_bkg aper_sum_bkgsub aper_sum_bkgsub_err
       pix       pix    ...                                              
--- --------- --------- ... --------- --------------- -------------------
  1 573.49985 425.76616 ... 33416.577        140135.4           455.18519
  2 535.27691 482.09234 ... 33158.948       113641.71           424.48157
  3 801.85546 728.04247 ... 33766.103       56496.345           352.49617
-----------------------------------------
34
/mnt//archive/east-14/2018/18_10_18//ad0034.fits
flat found.  dividing by flatfield
read ra/dec for target of: (304.052831, 42.108719)
pixel scale is: 0.98141313472943
x/y of var, cal1, cal2: 573.0130659460389 424.60347537421853 534.7826891179028 480.9181564287243 801.2947629409621 726.898385416863
 id  xcenter   ycenter  ...  aper_bkg aper_sum_bkgsub aper_sum_bkgsub_err
       pix       pix    ...                                              
--- --------- --------- ... --------- --------------- -------------------
  1 573.01307 424.60348 ... 32738.068       140698.66           454.31244
  2 534.78269 480.91816 ... 32604.797       115439.39           425.29282
  3 801.29476 726.89839 ... 32970.541       58281.094           352.77071
-----------------------------------------
35
/mnt//archive/east-14/2018/18_10_18//ad0035.fits
flat found.  dividing by flatfield
read ra/dec for target of: (304.052831, 42.108719)
pixel scale is: 0.9811197562723765
x/y of var, cal1, cal2: 573.6537414409311 423.39423341327966 535.4090595306258 479.7237979047495 801.9882429365373 725.7911672703665
 id  xcenter   ycenter  ...  aper_bkg aper_sum_bkgsub aper_sum_bkgsub_err
       pix       pix    ...                                              
--- --------- --------- ... --------- --------------- -------------------
  1 573.65374 423.39423 ...  32417.17        142298.4            455.3655
  2 535.40906  479.7238 ... 32261.195       116375.04           425.58481
  3 801.98824 725.79117 ... 32744.753       57812.178           351.46363
-----------------------------------------
36
/mnt//archive/east-14/2018/18_10_18//ad0036.fits
flat found.  dividing by flatfield
read ra/dec for target of: (304.052831, 42.108719)
pixel scale is: 0.9810203143450015
x/y of var, cal1, cal2: 571.6987666425773 422.15391712574825 533.4488481556554 478.48826204968987 800.0490571593077 724.5869726287797
 id  xcenter   ycenter  ... aper_bkg aper_sum_bkgsub aper_sum_bkgsub_err
       pix       pix    ...                                             
--- --------- --------- ... -------- --------------- -------------------
  1 571.69877 422.15392 ... 32495.69        134507.4           446.90466
  2 533.44885 478.48826 ... 32674.91       106468.97           414.78162
  3 800.04906 724.58697 ...  32599.1       54740.512           346.64638
