read ra/dec for calibration star of: (304.067125, 42.123947) (303.970146, 42.191825)
automag_driver: using file automag_driver
aperture parameters; rad, r_in, r_out: 5.0, 15.0, 25.0
-----------------------------------------
45
/mnt//archive/draco2/2024/24_10_14//ad0045.fits
flat found.  dividing by flatfield
read ra/dec for target of: (304.052831, 42.108719)
pixel scale is: 0.9854289531619932
x/y of var, cal1, cal2: 554.6840932555012 417.0339991054159 582.5695340098287 355.2504715923773 279.03941235941613 159.4174341714545
 id  xcenter   ycenter  ...  aper_bkg aper_sum_bkgsub aper_sum_bkgsub_err
       pix       pix    ...                                              
--- --------- --------- ... --------- --------------- -------------------
  1 554.68409   417.034 ... 70735.903       53339.213           441.62882
  2 582.56953 355.25047 ... 71150.397       90176.211           482.39196
  3 279.03941 159.41743 ... 72713.885       46419.941           438.26101
-----------------------------------------
46
/mnt//archive/draco2/2024/24_10_14//ad0046.fits
flat found.  dividing by flatfield
read ra/dec for target of: (304.052831, 42.108719)
pixel scale is: 0.9853466382003191
x/y of var, cal1, cal2: 554.7993510873162 416.90270126797833 582.6875175350693 355.11410353473514 279.15049852956463 159.26371651401428
 id  xcenter   ycenter  ...  aper_bkg aper_sum_bkgsub aper_sum_bkgsub_err
       pix       pix    ...                                              
--- --------- --------- ... --------- --------------- -------------------
  1 554.79935  416.9027 ... 71202.891       52214.554           441.41288
  2 582.68752  355.1141 ... 71677.757       90080.899           483.38537
  3  279.1505 159.26372 ...  72720.97       46100.667           437.91278
-----------------------------------------
47
/mnt//archive/draco2/2024/24_10_14//ad0047.fits
flat found.  dividing by flatfield
read ra/dec for target of: (304.052831, 42.108719)
pixel scale is: 0.9853850370229538
x/y of var, cal1, cal2: 555.3800790200047 416.7710537135378 583.2656073101485 354.9842203841268 279.7237759909592 159.14846547184402
 id  xcenter   ycenter  ...  aper_bkg aper_sum_bkgsub aper_sum_bkgsub_err
       pix       pix    ...                                              
--- --------- --------- ... --------- --------------- -------------------
  1 555.38008 416.77105 ... 71139.492       52035.529           441.06634
  2 583.26561 354.98422 ... 71816.307       90258.831           483.85581
  3 279.72378 159.14847 ... 72941.099       45994.693            438.2943
-----------------------------------------
48
/mnt//archive/draco2/2024/24_10_14//ad0048.fits
flat found.  dividing by flatfield
read ra/dec for target of: (304.052831, 42.108719)
pixel scale is: 0.9853551352724865
x/y of var, cal1, cal2: 555.6672601230599 416.7130152714763 583.5525774020699 354.9242403276853 280.0154570968073 159.08326827226085
 id  xcenter   ycenter  ...  aper_bkg aper_sum_bkgsub aper_sum_bkgsub_err
       pix       pix    ...                                              
--- --------- --------- ... --------- --------------- -------------------
  1 555.66726 416.71302 ... 71429.366       52185.208           441.89245
  2 583.55258 354.92424 ... 71834.892       89182.394           482.78067
  3 280.01546 159.08327 ... 73175.323       46726.724           439.66165
