read ra/dec for calibration star of: (357.307226, 59.943336) (357.434683, 60.013532)
automag_driver: using file automag_driver
aperture parameters; rad, r_in, r_out: 5.0, 15.0, 25.0
-----------------------------------------
111
/mnt//archive/draco2/2024/24_10_14//ad0111.fits
flat found.  dividing by flatfield
read ra/dec for target of: (357.483431, 59.940703)
pixel scale is: 0.9852296172540025
x/y of var, cal1, cal2: 552.6834024611265 416.62872713062507 871.950906525326 369.90127398534315 687.0745062406222 663.0085574989268
 id  xcenter   ycenter  ...  aper_bkg aper_sum_bkgsub aper_sum_bkgsub_err
       pix       pix    ...                                              
--- --------- --------- ... --------- --------------- -------------------
  1  552.6834 416.62873 ... 22235.094       6407.7202           226.05952
  2 871.95091 369.90127 ... 22001.094       87291.678            362.6553
  3 687.07451 663.00856 ... 21881.049       22621.262           258.08596
-----------------------------------------
112
/mnt//archive/draco2/2024/24_10_14//ad0112.fits
flat found.  dividing by flatfield
read ra/dec for target of: (357.483431, 59.940703)
pixel scale is: 0.9852636907280385
x/y of var, cal1, cal2: 552.5724129563735 416.44641515212254 871.7617556825641 369.72906179290476 686.9421542258377 662.8212959571935
 id  xcenter   ycenter  ...  aper_bkg aper_sum_bkgsub aper_sum_bkgsub_err
       pix       pix    ...                                              
--- --------- --------- ... --------- --------------- -------------------
  1 552.57241 416.44642 ... 22253.278       6054.8729           225.35844
  2 871.76176 369.72906 ... 22031.456       83531.529           357.51845
  3 686.94215  662.8213 ... 22104.351        21822.44           257.40269
