read ra/dec for calibration star of: (24.126247, 57.798882) (24.204493, 57.811872)
automag_driver: using file automag_driver
aperture parameters; rad, r_in, r_out: 5.0, 15.0, 25.0
-----------------------------------------
113
/mnt//archive/draco2/2024/24_10_31//ad0113.fits
flat found.  dividing by flatfield
read ra/dec for target of: (24.308415, 57.75922)
pixel scale is: 0.9856340159653386
x/y of var, cal1, cal2: 553.6235167801628 418.1044296965775 930.4550654657955 486.5084786045678 791.3341818634251 564.296785734164
 id  xcenter   ycenter  ...  aper_bkg aper_sum_bkgsub aper_sum_bkgsub_err
       pix       pix    ...                                              
--- --------- --------- ... --------- --------------- -------------------
  1 553.62352 418.10443 ... 3177.0149       150914.89           396.85504
  2 930.45507 486.50848 ... 3190.8485        81845.57           297.40926
  3 791.33418 564.29679 ... 3086.4762       34691.206           202.70461
-----------------------------------------
114
/mnt//archive/draco2/2024/24_10_31//ad0114.fits
flat found.  dividing by flatfield
read ra/dec for target of: (24.308415, 57.75922)
pixel scale is: 0.9854533544557461
x/y of var, cal1, cal2: 553.6440737789849 417.9741713959207 930.5091421009174 486.2537527589402 791.3375955138622 564.1069100172988
 id  xcenter   ycenter  ...  aper_bkg aper_sum_bkgsub aper_sum_bkgsub_err
       pix       pix    ...                                              
--- --------- --------- ... --------- --------------- -------------------
  1 553.64407 417.97417 ...  3043.123       148450.47           393.39765
  2 930.50914 486.25375 ... 2974.3602        81630.38           296.31757
  3  791.3376 564.10691 ... 3109.9272       34554.316           202.48252
-----------------------------------------
115
-----------------------------------------
116
/mnt//archive/draco2/2024/24_10_31//ad0116.fits
flat found.  dividing by flatfield
read ra/dec for target of: (24.308415, 57.75922)
pixel scale is: 0.9860894914465715
x/y of var, cal1, cal2: 552.9914386816321 416.74966455886465 929.8378516216026 485.0943640126321 790.705701119307 562.8569842272417
 id  xcenter   ycenter  ...  aper_bkg aper_sum_bkgsub aper_sum_bkgsub_err
       pix       pix    ...                                              
--- --------- --------- ... --------- --------------- -------------------
  1 552.99144 416.74966 ... 3108.2967       149251.82           394.58005
  2 929.83785 485.09436 ... 3280.4791       82009.722           297.98604
  3  790.7057 562.85698 ... 3012.9503       34687.877           202.33333
-----------------------------------------
117
/mnt//archive/draco2/2024/24_10_31//ad0117.fits
flat found.  dividing by flatfield
read ra/dec for target of: (24.308415, 57.75922)
pixel scale is: 0.9855448376820551
x/y of var, cal1, cal2: 553.1464484972287 416.91384418047426 930.0654103325005 485.2128973911145 790.8878249581277 563.0492923964434
 id  xcenter   ycenter  ...  aper_bkg aper_sum_bkgsub aper_sum_bkgsub_err
       pix       pix    ...                                              
--- --------- --------- ... --------- --------------- -------------------
  1 553.14645 416.91384 ... 3269.4901       149648.26           395.48987
  2 930.06541  485.2129 ... 3045.0419       81818.737           296.87341
  3 790.88782 563.04929 ... 3031.3619         34958.9           203.09265
