read ra/dec for calibration star of: (346.910188, 58.621305) (346.992287, 58.573333)
automag_driver: using file automag_driver
aperture parameters; rad, r_in, r_out: 5.0, 15.0, 25.0
-----------------------------------------
81
/mnt//archive/west-14/2024/24_01_14//ad0081.fits
flat found.  dividing by flatfield
read ra/dec for target of: (346.79201, 58.554203)
pixel scale is: 0.9093130987861111
x/y of var, cal1, cal2: 573.359988945437 411.72928555696757 320.8639203756502 668.9314036347953 157.96739986200288 473.59742643003483
 id  xcenter   ycenter  ...  aper_bkg aper_sum_bkgsub aper_sum_bkgsub_err
       pix       pix    ...                                              
--- --------- --------- ... --------- --------------- -------------------
  1 573.35999 411.72929 ... 7956.0674       352491.17           607.14768
  2 320.86392  668.9314 ... 7949.4928       192294.26           456.52847
  3  157.9674 473.59743 ... 7820.9171       79105.945           308.17654
-----------------------------------------
82
/mnt//archive/west-14/2024/24_01_14//ad0082.fits
flat found.  dividing by flatfield
read ra/dec for target of: (346.79201, 58.554203)
pixel scale is: 0.909155259956887
x/y of var, cal1, cal2: 572.5134442063073 411.6523890538591 319.9976557341188 668.9014521286908 157.10469153378546 473.5350385044922
 id  xcenter   ycenter  ...  aper_bkg aper_sum_bkgsub aper_sum_bkgsub_err
       pix       pix    ...                                              
--- --------- --------- ... --------- --------------- -------------------
  1 572.51344 411.65239 ... 7745.1014       353145.68           607.33918
  2 319.99766 668.90145 ... 7542.3777       191612.51           454.88709
  3 157.10469 473.53504 ...  7673.109       79200.486           307.85013
-----------------------------------------
83
/mnt//archive/west-14/2024/24_01_14//ad0083.fits
flat found.  dividing by flatfield
read ra/dec for target of: (346.79201, 58.554203)
pixel scale is: 0.9092880713303775
x/y of var, cal1, cal2: 571.8361944465557 411.730534640815 319.30875382880356 668.93969082825 156.42291568349486 473.600305047023
 id  xcenter   ycenter  ...  aper_bkg aper_sum_bkgsub aper_sum_bkgsub_err
       pix       pix    ...                                              
--- --------- --------- ... --------- --------------- -------------------
  1 571.83619 411.73053 ... 8100.3912       355148.97           609.56932
  2 319.30875 668.93969 ... 7842.5054       197298.64           461.74522
  3 156.42292 473.60031 ...  7719.188       79639.158           308.71108
-----------------------------------------
84
/mnt//archive/west-14/2024/24_01_14//ad0084.fits
flat found.  dividing by flatfield
read ra/dec for target of: (346.79201, 58.554203)
pixel scale is: 0.9091939158214519
x/y of var, cal1, cal2: 571.0300954733094 411.8544704615522 318.5057697661631 669.0885462057372 155.5961868067294 473.727824622277
 id  xcenter   ycenter  ...  aper_bkg aper_sum_bkgsub aper_sum_bkgsub_err
       pix       pix    ...                                              
--- --------- --------- ... --------- --------------- -------------------
  1  571.0301 411.85447 ... 7797.2114       353966.06            608.0999
  2 318.50577 669.08855 ... 7669.3921       189807.49           453.17908
  3 155.59619 473.72782 ... 7705.7599        79355.48           308.20772
-----------------------------------------
85
/mnt//archive/west-14/2024/24_01_14//ad0085.fits
flat found.  dividing by flatfield
read ra/dec for target of: (346.79201, 58.554203)
pixel scale is: 0.9092562611211789
x/y of var, cal1, cal2: 570.2842557614401 412.0049474925142 317.7697334205799 669.2290967272938 154.86731277056572 473.8867442960834
 id  xcenter   ycenter  ...  aper_bkg aper_sum_bkgsub aper_sum_bkgsub_err
       pix       pix    ...                                              
--- --------- --------- ... --------- --------------- -------------------
  1 570.28426 412.00495 ... 8008.6189       351302.85           606.25497
  2 317.76973  669.2291 ... 7777.8657       193405.26           457.36855
  3 154.86731 473.88674 ... 7900.8323       78381.085           307.25844
-----------------------------------------
86
/mnt//archive/west-14/2024/24_01_14//ad0086.fits
flat found.  dividing by flatfield
read ra/dec for target of: (346.79201, 58.554203)
pixel scale is: 0.9091323694651392
x/y of var, cal1, cal2: 570.2803149840765 412.17723007441344 317.76016539657303 669.4384738513826 154.84987464741596 474.0708176535123
 id  xcenter   ycenter  ...  aper_bkg aper_sum_bkgsub aper_sum_bkgsub_err
       pix       pix    ...                                              
--- --------- --------- ... --------- --------------- -------------------
  1 570.28031 412.17723 ... 7869.2893          355476           609.45843
  2 317.76017 669.43847 ... 7833.3133       203564.17           468.46109
  3 154.84987 474.07082 ... 7899.6203       80139.401           310.10263
-----------------------------------------
87
/mnt//archive/west-14/2024/24_01_14//ad0087.fits
flat found.  dividing by flatfield
read ra/dec for target of: (346.79201, 58.554203)
pixel scale is: 0.909237235744231
x/y of var, cal1, cal2: 571.1931726169339 412.32522982833683 318.69275059165994 669.5566769356071 155.7800647468622 474.2114748139759
 id  xcenter   ycenter  ...  aper_bkg aper_sum_bkgsub aper_sum_bkgsub_err
       pix       pix    ...                                              
--- --------- --------- ... --------- --------------- -------------------
  1 571.19317 412.32523 ... 7989.6699        350872.7           605.86883
  2 318.69275 669.55668 ... 7908.2014       195693.97           460.14712
  3 155.78006 474.21147 ... 7804.8544       79234.898            308.3336
-----------------------------------------
88
/mnt//archive/west-14/2024/24_01_14//ad0088.fits
flat found.  dividing by flatfield
read ra/dec for target of: (346.79201, 58.554203)
pixel scale is: 0.9092528583007733
x/y of var, cal1, cal2: 570.8418029604485 412.341029561255 318.32718014897375 669.5490781239148 155.43216186247412 474.1949862568838
 id  xcenter   ycenter  ...  aper_bkg aper_sum_bkgsub aper_sum_bkgsub_err
       pix       pix    ...                                              
--- --------- --------- ... --------- --------------- -------------------
  1  570.8418 412.34103 ... 7886.2923       352713.22           607.21562
  2 318.32718 669.54908 ... 7631.2465       198357.04           462.43328
  3 155.43216 474.19499 ... 7751.0627       79082.661           307.91198
