read ra/dec for calibration star of: (319.958496, 45.511931) (320.145346, 45.480292)
automag_driver: using file automag_driver
aperture parameters; rad, r_in, r_out: 5.0, 15.0, 25.0
-----------------------------------------
9
/mnt//archive/east-16/2024/24_10_29//ad0009.fits
flat found.  dividing by flatfield
read ra/dec for target of: (320.137086, 45.467506)
pixel scale is: 0.925158723048633
x/y of var, cal1, cal2: 767.6206782975407 618.0549055185006 1265.9818435259826 755.1054463873943 748.8122215661512 669.3339915234624
 id  xcenter   ycenter  ...  aper_bkg aper_sum_bkgsub aper_sum_bkgsub_err
       pix       pix    ...                                              
--- --------- --------- ... --------- --------------- -------------------
  1 767.62068 618.05491 ... 5431.0977       318464.49           574.06592
  2 1265.9818 755.10545 ... 5414.0123       40856.284           227.83614
  3 748.81222 669.33399 ... 5183.2583       23899.572           185.71777
-----------------------------------------
10
/mnt//archive/east-16/2024/24_10_29//ad0010.fits
flat found.  dividing by flatfield
read ra/dec for target of: (320.137086, 45.467506)
pixel scale is: 0.9251850006702246
x/y of var, cal1, cal2: 768.6741278256384 619.8815145070154 1267.0858778000593 756.9118696099974 749.8616845999529 671.1597594077466
 id  xcenter   ycenter  ...  aper_bkg aper_sum_bkgsub aper_sum_bkgsub_err
       pix       pix    ...                                              
--- --------- --------- ... --------- --------------- -------------------
  1 768.67413 619.88151 ... 5384.9544        311575.3           567.95265
  2 1267.0859 756.91187 ... 5427.7071       38946.758           223.66755
  3 749.86168 671.15976 ... 5169.6916        22581.31           182.05959
-----------------------------------------
11
/mnt//archive/east-16/2024/24_10_29//ad0011.fits
flat found.  dividing by flatfield
read ra/dec for target of: (320.137086, 45.467506)
pixel scale is: 0.9253810866511852
x/y of var, cal1, cal2: 769.7017907831374 620.6296015260027 1268.0865519227245 757.5951985063539 750.8988680266409 671.898328109168
 id  xcenter   ycenter  ...  aper_bkg aper_sum_bkgsub aper_sum_bkgsub_err
       pix       pix    ...                                              
--- --------- --------- ... --------- --------------- -------------------
  1 769.70179  620.6296 ... 5336.2711        290013.7           548.55377
  2 1268.0866  757.5952 ... 5237.9146       36553.446           217.38048
  3 750.89887 671.89833 ... 5102.7476       20883.101           176.95648
-----------------------------------------
12
/mnt//archive/east-16/2024/24_10_29//ad0012.fits
flat found.  dividing by flatfield
read ra/dec for target of: (320.137086, 45.467506)
pixel scale is: 0.9249813909745631
x/y of var, cal1, cal2: 770.3971615506196 621.6845354620505 1268.7601595840747 758.7524402437305 751.5843716896266 672.9737897800832
 id  xcenter   ycenter  ...  aper_bkg aper_sum_bkgsub aper_sum_bkgsub_err
       pix       pix    ...                                              
--- --------- --------- ... --------- --------------- -------------------
  1 770.39716 621.68454 ... 5420.4375       295089.24           553.31285
  2 1268.7602 758.75244 ... 5333.7832       37301.079           219.53051
  3 751.58437 672.97379 ...  5181.215       21773.658           179.89188
