read ra/dec for calibration star of: (323.139367, 49.200936) (323.214433, 49.246981)
automag_driver: using file automag_driver
aperture parameters; rad, r_in, r_out: 5.0, 15.0, 25.0
-----------------------------------------
77
/mnt//archive/draco2/2024/24_10_21//ad0077.fits
flat found.  dividing by flatfield
read ra/dec for target of: (323.16844, 49.212512)
pixel scale is: 0.9859449868140425
x/y of var, cal1, cal2: 552.2442159174678 416.82483591820295 611.4334475066473 361.24524352933474 470.8371233511708 562.519680317781
 id  xcenter   ycenter  ...  aper_bkg aper_sum_bkgsub aper_sum_bkgsub_err
       pix       pix    ...                                              
--- --------- --------- ... --------- --------------- -------------------
  1 552.24422 416.82484 ... 13715.469       27990.208           235.89435
  2 611.43345 361.24524 ... 13494.994       20300.742           217.98103
  3 470.83712 562.51968 ...  13640.35       27529.801           234.59647
-----------------------------------------
78
/mnt//archive/draco2/2024/24_10_21//ad0078.fits
flat found.  dividing by flatfield
read ra/dec for target of: (323.16844, 49.212512)
pixel scale is: 0.985815888990361
x/y of var, cal1, cal2: 552.0769469948101 416.9290976075744 611.2621521179802 361.34149705717743 470.6752936527833 562.6440252710689
 id  xcenter   ycenter  ...  aper_bkg aper_sum_bkgsub aper_sum_bkgsub_err
       pix       pix    ...                                              
--- --------- --------- ... --------- --------------- -------------------
  1 552.07695  416.9291 ... 13648.694       28405.581           236.49095
  2 611.26215  361.3415 ... 13581.671       20366.942           218.52983
  3 470.67529 562.64403 ... 13475.348         27998.4           234.89167
-----------------------------------------
79
/mnt//archive/draco2/2024/24_10_21//ad0079.fits
flat found.  dividing by flatfield
read ra/dec for target of: (323.16844, 49.212512)
pixel scale is: 0.985931370176785
x/y of var, cal1, cal2: 551.7085578170016 416.6879324263669 610.892451169196 361.10802389331076 470.3076215421392 562.3841676985326
 id  xcenter   ycenter  ...  aper_bkg aper_sum_bkgsub aper_sum_bkgsub_err
       pix       pix    ...                                              
--- --------- --------- ... --------- --------------- -------------------
  1 551.70856 416.68793 ... 13772.107       28354.788           236.90505
  2 610.89245 361.10802 ... 13579.809       20040.801           217.77378
  3 470.30762 562.38417 ... 13709.506       27345.297           234.49799
-----------------------------------------
80
/mnt//archive/draco2/2024/24_10_21//ad0080.fits
flat found.  dividing by flatfield
read ra/dec for target of: (323.16844, 49.212512)
pixel scale is: 0.9857638082859753
x/y of var, cal1, cal2: 551.516957367517 416.9223626027743 610.7115015594295 361.3302103263042 470.09819027208715 562.6472085974076
 id  xcenter   ycenter  ...  aper_bkg aper_sum_bkgsub aper_sum_bkgsub_err
       pix       pix    ...                                              
--- --------- --------- ... --------- --------------- -------------------
  1 551.51696 416.92236 ... 13611.953       28041.508           235.56403
  2  610.7115 361.33021 ... 13690.083       19934.872           218.03678
  3 470.09819 562.64721 ... 13614.501       26928.922           233.20146
