read ra/dec for calibration star of: (329.455221, 56.2075) (329.569579, 56.130481)
automag_driver: using file automag_driver
aperture parameters; rad, r_in, r_out: 5.0, 15.0, 25.0
-----------------------------------------
57
/mnt//archive/draco2/2024/24_10_31//ad0057.fits
flat found.  dividing by flatfield
read ra/dec for target of: (329.469547, 56.1639)
pixel scale is: 0.9856587212388848
x/y of var, cal1, cal2: 554.1386968317559 416.69592527152656 491.1373436003055 267.58603086721325 779.3238462096962 491.4243722557239
 id  xcenter   ycenter  ...  aper_bkg aper_sum_bkgsub aper_sum_bkgsub_err
       pix       pix    ...                                              
--- --------- --------- ... --------- --------------- -------------------
  1  554.1387 416.69593 ... 11731.988       292554.64           562.35542
  2 491.13734 267.58603 ... 11805.729       200191.58           473.31601
  3 779.32385 491.42437 ... 11221.733       44007.803           258.21749
-----------------------------------------
58
/mnt//archive/draco2/2024/24_10_31//ad0058.fits
flat found.  dividing by flatfield
read ra/dec for target of: (329.469547, 56.1639)
pixel scale is: 0.9857070679897991
x/y of var, cal1, cal2: 553.971786138795 416.840849005863 490.95197745119026 267.73652892427685 779.1892394664452 491.57184644655933
 id  xcenter   ycenter  ...  aper_bkg aper_sum_bkgsub aper_sum_bkgsub_err
       pix       pix    ...                                              
--- --------- --------- ... --------- --------------- -------------------
  1 553.97179 416.84085 ... 11679.489       282421.73           553.17783
  2 490.95198 267.73653 ... 11727.585       200588.21           473.56982
  3 779.18924 491.57185 ... 11279.874       44489.136            259.3721
-----------------------------------------
59
/mnt//archive/draco2/2024/24_10_31//ad0059.fits
flat found.  dividing by flatfield
read ra/dec for target of: (329.469547, 56.1639)
pixel scale is: 0.9856274702580404
x/y of var, cal1, cal2: 553.6577100613649 416.8406358331557 490.6644584739065 267.7283220120163 778.8371893033427 491.5631983721038
 id  xcenter   ycenter  ...  aper_bkg aper_sum_bkgsub aper_sum_bkgsub_err
       pix       pix    ...                                              
--- --------- --------- ... --------- --------------- -------------------
  1 553.65771 416.84064 ... 11835.001          289867           560.14462
  2 490.66446 267.72832 ... 11713.209        198718.8           471.56147
  3 778.83719  491.5632 ... 11300.198       44571.066           259.60828
-----------------------------------------
60
/mnt//archive/draco2/2024/24_10_31//ad0060.fits
flat found.  dividing by flatfield
read ra/dec for target of: (329.469547, 56.1639)
pixel scale is: 0.9858463075190559
x/y of var, cal1, cal2: 553.8060420940494 417.01379642702403 490.7985143055061 267.93196810449933 778.9978096141645 491.72912063816744
 id  xcenter   ycenter  ...  aper_bkg aper_sum_bkgsub aper_sum_bkgsub_err
       pix       pix    ...                                              
--- --------- --------- ... --------- --------------- -------------------
  1 553.80604  417.0138 ... 11792.056        290961.2           561.04395
  2 490.79851 267.93197 ... 11819.864       199284.69           472.38694
  3 778.99781 491.72912 ... 11233.668        44438.41           259.09601
