read ra/dec for calibration star of: (350.640742, 62.791417) (350.801063, 62.783467)
automag_driver: using file automag_driver
aperture parameters; rad, r_in, r_out: 5.0, 15.0, 25.0
-----------------------------------------
185
/mnt//archive/far-east-20/2024/24_10_17//ad0185.fits
flat found.  dividing by flatfield
read ra/dec for target of: (350.618496, 62.757151)
pixel scale is: 1.0701620261006548
x/y of var, cal1, cal2: 432.9649836621727 433.4417654675159 472.02655077184687 319.68437909707774 717.279748492743 356.2398196506983
 id  xcenter   ycenter  ...  aper_bkg aper_sum_bkgsub aper_sum_bkgsub_err
       pix       pix    ...                                              
--- --------- --------- ... --------- --------------- -------------------
  1 432.96498 433.44177 ... 72456.658       116571.87           511.57618
  2 472.02655 319.68438 ... 72147.266       104857.45           499.37659
  3 717.27975 356.23982 ... 72392.556       44155.748           434.93202
-----------------------------------------
186
/mnt//archive/far-east-20/2024/24_10_17//ad0186.fits
flat found.  dividing by flatfield
read ra/dec for target of: (350.618496, 62.757151)
pixel scale is: 1.0694513400998995
x/y of var, cal1, cal2: 432.49202207781707 433.8614676665785 471.6621058660997 319.9985266647812 717.0361422155752 356.39131408775694
 id  xcenter   ycenter  ...  aper_bkg aper_sum_bkgsub aper_sum_bkgsub_err
       pix       pix    ...                                              
--- --------- --------- ... --------- --------------- -------------------
  1 432.49202 433.86147 ... 78985.777       110718.42           518.57012
  2 471.66211 319.99853 ... 78229.817        100288.3           506.92498
  3 717.03614 356.39131 ... 77192.686       41101.594           442.39345
-----------------------------------------
187
/mnt//archive/far-east-20/2024/24_10_17//ad0187.fits
flat found.  dividing by flatfield
read ra/dec for target of: (350.618496, 62.757151)
pixel scale is: 1.0699088252638682
x/y of var, cal1, cal2: 432.5235664798144 434.1823036654554 471.61929844124046 320.38644875050386 716.9358526421529 356.8782403906345
 id  xcenter   ycenter  ...  aper_bkg aper_sum_bkgsub aper_sum_bkgsub_err
       pix       pix    ...                                              
--- --------- --------- ... --------- --------------- -------------------
  1 432.52357  434.1823 ... 93266.612       94053.026           529.91627
  2  471.6193 320.38645 ... 91984.904       84530.199           518.38693
  3 716.93585 356.87824 ... 90391.081       36463.201           466.33718
-----------------------------------------
188
/mnt//archive/far-east-20/2024/24_10_17//ad0188.fits
flat found.  dividing by flatfield
read ra/dec for target of: (350.618496, 62.757151)
pixel scale is: 1.0698629321273336
x/y of var, cal1, cal2: 432.36796746999556 434.3131420076284 471.4464138732606 320.52109911791104 716.7986967280716 357.06884658886725
 id  xcenter   ycenter  ...  aper_bkg aper_sum_bkgsub aper_sum_bkgsub_err
       pix       pix    ...                                              
--- --------- --------- ... --------- --------------- -------------------
  1 432.36797 434.31314 ... 98756.651       88180.798           534.71404
  2 471.44641  320.5211 ... 97246.445       79527.461            523.6844
  3  716.7987 357.06885 ... 97542.813       33385.622           478.22196
