read ra/dec for calibration star of: (314.211675, 40.186014) (314.165463, 40.233653)
automag_driver: using file automag_driver
aperture parameters; rad, r_in, r_out: 5.0, 15.0, 25.0
-----------------------------------------
190
/mnt//archive/draco2/2024/24_11_10//ad0190.fits
flat found.  dividing by flatfield
read ra/dec for target of: (314.336791, 40.177503)
pixel scale is: 0.985370931646583
x/y of var, cal1, cal2: 555.2981911004224 417.39809830580504 207.57557255275134 462.2329486603746 44.15531710089135 319.8763560544485
 id  xcenter   ycenter  ...  aper_bkg aper_sum_bkgsub aper_sum_bkgsub_err
       pix       pix    ...                                              
--- --------- --------- ... --------- --------------- -------------------
  1 555.29819  417.3981 ... 17987.018       37058.694           270.66165
  2 207.57557 462.23295 ... 18469.116       14470.497           227.23056
  3 44.155317 319.87636 ... 18515.803       24644.278           248.79888
-----------------------------------------
191
/mnt//archive/draco2/2024/24_11_10//ad0191.fits
flat found.  dividing by flatfield
read ra/dec for target of: (314.336791, 40.177503)
pixel scale is: 0.9853368013077752
x/y of var, cal1, cal2: 555.608203068965 417.36200572832644 207.92344407997814 462.2458121424783 44.53523145694771 319.9065801852422
 id  xcenter   ycenter  ...  aper_bkg aper_sum_bkgsub aper_sum_bkgsub_err
       pix       pix    ...                                              
--- --------- --------- ... --------- --------------- -------------------
  1  555.6082 417.36201 ... 18431.691       32126.946           263.08806
  2 207.92344 462.24581 ... 18638.876       12930.318           224.57308
  3 44.535231 319.90658 ... 18624.105       22738.397           245.38053
-----------------------------------------
192
/mnt//archive/draco2/2024/24_11_10//ad0192.fits
flat found.  dividing by flatfield
read ra/dec for target of: (314.336791, 40.177503)
pixel scale is: 0.9857231744111132
x/y of var, cal1, cal2: 555.371884441273 417.30308489672234 207.68984729322403 462.1241570467137 44.317756556177244 319.819518098293
 id  xcenter   ycenter  ...  aper_bkg aper_sum_bkgsub aper_sum_bkgsub_err
       pix       pix    ...                                              
--- --------- --------- ... --------- --------------- -------------------
  1 555.37188 417.30308 ... 17836.024       40620.271           276.61764
  2 207.68985 462.12416 ... 18154.189       15319.736           227.71279
  3 44.317757 319.81952 ... 18310.035       26138.671           250.96562
-----------------------------------------
193
/mnt//archive/draco2/2024/24_11_10//ad0193.fits
flat found.  dividing by flatfield
read ra/dec for target of: (314.336791, 40.177503)
pixel scale is: 0.98516309399392
x/y of var, cal1, cal2: 555.4703924805682 417.28662971526285 207.76708189261865 462.17499459182625 44.36705214249548 319.809084773905
 id  xcenter   ycenter  ...  aper_bkg aper_sum_bkgsub aper_sum_bkgsub_err
       pix       pix    ...                                              
--- --------- --------- ... --------- --------------- -------------------
  1 555.47039 417.28663 ... 19092.056       31092.255           263.63112
  2 207.76708 462.17499 ...  19492.14         11611.4           225.43443
  3 44.367052 319.80908 ... 19585.822       20912.427           245.57905
