read ra/dec for calibration star of: (350.640742, 62.791417) (350.801063, 62.783467)
automag_driver: using file automag_driver
aperture parameters; rad, r_in, r_out: 5.0, 15.0, 25.0
-----------------------------------------
77
/mnt//archive/draco2/2024/24_11_22//ad0077.fits
flat found.  dividing by flatfield
read ra/dec for target of: (350.618496, 62.757151)
pixel scale is: 0.9829030384779125
x/y of var, cal1, cal2: 554.893135907246 417.1114872075849 569.6300414334651 287.0211137358906 839.008530327618 268.29155707586165
 id  xcenter   ycenter  ...  aper_bkg aper_sum_bkgsub aper_sum_bkgsub_err
       pix       pix    ...                                              
--- --------- --------- ... --------- --------------- -------------------
  1 554.89314 417.11149 ... 14538.572       115055.06           379.94368
  2 569.63004 287.02111 ... 14495.122       88020.275           342.39673
  3 839.00853 268.29156 ... 14705.143       40161.227            264.1903
-----------------------------------------
78
/mnt//archive/draco2/2024/24_11_22//ad0078.fits
flat found.  dividing by flatfield
read ra/dec for target of: (350.618496, 62.757151)
pixel scale is: 0.9829184546991283
x/y of var, cal1, cal2: 554.9240988517982 417.0997239015819 569.6711275496584 287.01240834478415 839.0619144045037 268.3017619494858
 id  xcenter   ycenter  ...  aper_bkg aper_sum_bkgsub aper_sum_bkgsub_err
       pix       pix    ...                                              
--- --------- --------- ... --------- --------------- -------------------
  1  554.9241 417.09972 ... 14365.938       116050.09            380.7978
  2 569.67113 287.01241 ... 14700.158       88714.258           344.00519
  3 839.06191 268.30176 ... 14294.525       41780.324           265.69602
-----------------------------------------
79
/mnt//archive/draco2/2024/24_11_22//ad0079.fits
flat found.  dividing by flatfield
read ra/dec for target of: (350.618496, 62.757151)
pixel scale is: 0.982760645862222
x/y of var, cal1, cal2: 555.1052015199941 417.2803205770646 569.8416065140685 287.1724790380929 839.2188274254208 268.4654513876304
 id  xcenter   ycenter  ...  aper_bkg aper_sum_bkgsub aper_sum_bkgsub_err
       pix       pix    ...                                              
--- --------- --------- ... --------- --------------- -------------------
  1  555.1052 417.28032 ...  14225.43       118375.15           383.47231
  2 569.84161 287.17248 ... 14297.755       90673.123           345.67851
  3 839.21883 268.46545 ... 14240.257       42025.398           265.95284
-----------------------------------------
80
/mnt//archive/draco2/2024/24_11_22//ad0080.fits
flat found.  dividing by flatfield
read ra/dec for target of: (350.618496, 62.757151)
pixel scale is: 0.9829033848011627
x/y of var, cal1, cal2: 555.6770170931433 417.31370653355475 570.4455600700003 287.2238794800995 839.8618915601178 268.50358225904733
 id  xcenter   ycenter  ...  aper_bkg aper_sum_bkgsub aper_sum_bkgsub_err
       pix       pix    ...                                              
--- --------- --------- ... --------- --------------- -------------------
  1 555.67702 417.31371 ...  14160.66       116642.04            381.0359
  2 570.44556 287.22388 ... 14218.903       90038.211           344.53014
  3 839.86189 268.50358 ... 14199.527       41334.844           264.49745
