read ra/dec for calibration star of: (36.752127, 59.562503) (37.02079, 59.47925)
automag_driver: using file automag_driver
aperture parameters; rad, r_in, r_out: 5.0, 15.0, 25.0
-----------------------------------------
67
/mnt//archive/draco2/2024/24_01_12//ad0067.fits
flat found.  dividing by flatfield
read ra/dec for target of: (36.807362, 59.460604)
pixel scale is: 0.9827086274377981
x/y of var, cal1, cal2: 584.239855169672 400.8445359736349 429.98862930882336 45.74709698254276 967.337222260131 276.4777881850888
 id  xcenter   ycenter  ...  aper_bkg aper_sum_bkgsub aper_sum_bkgsub_err
       pix       pix    ...                                              
--- --------- --------- ... --------- --------------- -------------------
  1 584.23986 400.84454 ... 5362.8999       199675.99           458.94094
  2 429.98863 45.747097 ... 5512.0222       93854.528           324.19681
  3 967.33722 276.47779 ... 5270.1713           71668           287.11207
-----------------------------------------
68
/mnt//archive/draco2/2024/24_01_12//ad0068.fits
flat found.  dividing by flatfield
read ra/dec for target of: (36.807362, 59.460604)
pixel scale is: 0.9830215836530668
x/y of var, cal1, cal2: 583.2196892294089 401.2585881784197 429.04761327797917 46.301916612429864 966.3669924363546 276.8625936623898
 id  xcenter   ycenter  ...  aper_bkg aper_sum_bkgsub aper_sum_bkgsub_err
       pix       pix    ...                                              
--- --------- --------- ... --------- --------------- -------------------
  1 583.21969 401.25859 ... 5172.7661       199314.29           458.13188
  2 429.04761 46.301917 ... 5348.6674       94396.339           324.52839
  3 966.36699 276.86259 ... 5023.4171       71137.642           285.32346
-----------------------------------------
69
/mnt//archive/draco2/2024/24_01_12//ad0069.fits
flat found.  dividing by flatfield
read ra/dec for target of: (36.807362, 59.460604)
pixel scale is: 0.9828784680127016
x/y of var, cal1, cal2: 583.8984343148253 401.93674085291536 429.71906814171126 46.93918317420116 966.9605500035773 277.495820978837
 id  xcenter   ycenter  ...  aper_bkg aper_sum_bkgsub aper_sum_bkgsub_err
       pix       pix    ...                                              
--- --------- --------- ... --------- --------------- -------------------
  1 583.89843 401.93674 ... 5368.6219       200794.11           460.16991
  2 429.71907 46.939183 ... 5313.7537       94690.057           324.87315
  3 966.96055 277.49582 ... 5015.9938       73127.387           288.76353
-----------------------------------------
70
/mnt//archive/draco2/2024/24_01_12//ad0070.fits
flat found.  dividing by flatfield
read ra/dec for target of: (36.807362, 59.460604)
pixel scale is: 0.9829015072817346
x/y of var, cal1, cal2: 584.1015904664423 402.60297709333145 429.918828299074 47.60684412846342 967.1578708715274 278.1821149425954
 id  xcenter   ycenter  ...  aper_bkg aper_sum_bkgsub aper_sum_bkgsub_err
       pix       pix    ...                                              
--- --------- --------- ... --------- --------------- -------------------
  1 584.10159 402.60298 ... 5010.5839       190242.55           447.75967
  2 429.91883 47.606844 ...  5249.064       88962.124           315.72971
  3 967.15787 278.18211 ... 4987.0271       69279.672           281.91972
