read ra/dec for calibration star of: (319.958496, 45.511931) (320.145346, 45.480292)
automag_driver: using file automag_driver
aperture parameters; rad, r_in, r_out: 5.0, 15.0, 25.0
-----------------------------------------
174
/mnt//archive/west-14/2024/24_10_19//ad0174.fits
flat found.  dividing by flatfield
read ra/dec for target of: (320.137086, 45.467506)
pixel scale is: 0.912190320688841
x/y of var, cal1, cal2: 578.6794543032701 420.8491649939738 1068.5633657809321 606.3611114720289 554.8672268966191 470.8532553854392
 id  xcenter   ycenter  ...  aper_bkg aper_sum_bkgsub aper_sum_bkgsub_err
       pix       pix    ...                                              
--- --------- --------- ... --------- --------------- -------------------
  1 578.67945 420.84916 ... 6513.6716       182210.67           442.11199
  2 1068.5634 606.36111 ... 6282.2007       24858.245           194.03001
  3 554.86723 470.85326 ...   6305.03       13461.074           162.16083
-----------------------------------------
175
/mnt//archive/west-14/2024/24_10_19//ad0175.fits
flat found.  dividing by flatfield
read ra/dec for target of: (320.137086, 45.467506)
pixel scale is: 0.9121042325556383
x/y of var, cal1, cal2: 577.7703202084657 421.4552128826022 1067.639268555055 606.9843555336208 553.978676340406 471.46404308302465
 id  xcenter   ycenter  ...  aper_bkg aper_sum_bkgsub aper_sum_bkgsub_err
       pix       pix    ...                                              
--- --------- --------- ... --------- --------------- -------------------
  1 577.77032 421.45521 ...  6529.449       184639.01           444.88527
  2 1067.6393 606.98436 ... 6261.7167       24603.013           193.26522
  3 553.97868 471.46404 ... 6266.4709       13980.547           163.51908
-----------------------------------------
176
/mnt//archive/west-14/2024/24_10_19//ad0176.fits
flat found.  dividing by flatfield
read ra/dec for target of: (320.137086, 45.467506)
pixel scale is: 0.9123585465199824
x/y of var, cal1, cal2: 577.9291222523849 421.6205392056017 1067.816423168962 607.1463527896826 554.1171636270802 471.6130728515362
 id  xcenter   ycenter  ...  aper_bkg aper_sum_bkgsub aper_sum_bkgsub_err
       pix       pix    ...                                              
--- --------- --------- ... --------- --------------- -------------------
  1 577.92912 421.62054 ... 6241.3561       185199.76           444.86792
  2 1067.8164 607.14635 ... 6077.5091       25002.697            193.3461
  3 554.11716 471.61307 ... 6080.0292       13753.494           161.67422
-----------------------------------------
177
/mnt//archive/west-14/2024/24_10_19//ad0177.fits
flat found.  dividing by flatfield
read ra/dec for target of: (320.137086, 45.467506)
pixel scale is: 0.9121406372203126
x/y of var, cal1, cal2: 578.468039168629 421.58516460576186 1068.3154837341888 607.1104055601281 554.6450959639689 471.5918237993613
 id  xcenter   ycenter  ...  aper_bkg aper_sum_bkgsub aper_sum_bkgsub_err
       pix       pix    ...                                              
--- --------- --------- ... --------- --------------- -------------------
  1 578.46804 421.58516 ... 6606.4555          186830           447.51302
  2 1068.3155 607.11041 ...  6270.736       25320.627           195.15916
  3  554.6451 471.59182 ... 6218.5608       14094.919           163.57579
