read ra/dec for calibration star of: (304.067125, 42.123947) (303.970146, 42.191825)
automag_driver: using file automag_driver
aperture parameters; rad, r_in, r_out: 5.0, 15.0, 25.0
-----------------------------------------
9
/mnt//archive/draco2/2024/24_11_25//ad0009.fits
flat found.  dividing by flatfield
read ra/dec for target of: (304.052831, 42.108719)
pixel scale is: 0.9842568715319316
x/y of var, cal1, cal2: 554.6769362701701 416.50166157896075 591.2046368513917 359.3108022605693 318.7939595068473 121.53006878435394
 id  xcenter   ycenter  ...  aper_bkg aper_sum_bkgsub aper_sum_bkgsub_err
       pix       pix    ...                                              
--- --------- --------- ... --------- --------------- -------------------
  1 554.67694 416.50166 ... 29801.136       21338.792           284.89658
  2 591.20464  359.3108 ... 30098.764       16582.437           277.49768
  3 318.79396 121.53007 ...  30680.93       8553.1138           264.83953
-----------------------------------------
10
/mnt//archive/draco2/2024/24_11_25//ad0010.fits
flat found.  dividing by flatfield
read ra/dec for target of: (304.052831, 42.108719)
pixel scale is: 0.9841886227051398
x/y of var, cal1, cal2: 554.7785972123071 416.32157323248236 591.2983553031561 359.1278549370079 318.8312781563203 121.32235099564184
 id  xcenter   ycenter  ...  aper_bkg aper_sum_bkgsub aper_sum_bkgsub_err
       pix       pix    ...                                              
--- --------- --------- ... --------- --------------- -------------------
  1  554.7786 416.32157 ... 31005.352       20866.204           288.27402
  2 591.29836 359.12785 ... 30970.134       16543.863           280.55148
  3 318.83128 121.32235 ... 31336.031       8902.9081           267.95516
-----------------------------------------
11
/mnt//archive/draco2/2024/24_11_25//ad0011.fits
flat found.  dividing by flatfield
read ra/dec for target of: (304.052831, 42.108719)
pixel scale is: 0.984134770663158
x/y of var, cal1, cal2: 554.5973574017423 416.0944037434462 591.1432335230253 358.8916702518219 318.7120782470198 121.11705703143912
 id  xcenter   ycenter  ...  aper_bkg aper_sum_bkgsub aper_sum_bkgsub_err
       pix       pix    ...                                              
--- --------- --------- ... --------- --------------- -------------------
  1 554.59736  416.0944 ...  33145.67       13774.972           283.35722
  2 591.14323 358.89167 ... 33131.767       11064.984           278.48432
  3 318.71208 121.11706 ... 33896.705       5334.0255           270.83655
-----------------------------------------
12
/mnt//archive/draco2/2024/24_11_25//ad0012.fits
flat found.  dividing by flatfield
read ra/dec for target of: (304.052831, 42.108719)
pixel scale is: 0.984187411350882
x/y of var, cal1, cal2: 554.6170776397284 416.021948959581 591.1389039703557 358.83062827746954 318.66941835492173 121.0064213992714
 id  xcenter   ycenter  ...  aper_bkg aper_sum_bkgsub aper_sum_bkgsub_err
       pix       pix    ...                                              
--- --------- --------- ... --------- --------------- -------------------
  1 554.61708 416.02195 ... 33839.468       13290.949           284.94716
  2  591.1389 358.83063 ... 33876.883       10331.628           279.83994
  3 318.66942 121.00642 ... 34441.217       4940.7168            272.1179
