read ra/dec for calibration star of: (304.067125, 42.123947) (303.970146, 42.191825)
automag_driver: using file automag_driver
aperture parameters; rad, r_in, r_out: 5.0, 15.0, 25.0
-----------------------------------------
17
/mnt//archive/draco2/2018/18_11_17//ad0017.fits
flat found.  dividing by flatfield
read ra/dec for target of: (304.052831, 42.108719)
pixel scale is: 0.9869477209697973
x/y of var, cal1, cal2: 568.6780640748368 415.6923421919547 530.6951535160191 471.7136478225373 795.8569785727605 716.1578615648441
 id  xcenter   ycenter  ...  aper_bkg aper_sum_bkgsub aper_sum_bkgsub_err
       pix       pix    ...                                              
--- --------- --------- ... --------- --------------- -------------------
  1 568.67806 415.69234 ... 33187.637        126472.4           439.40035
  2 530.69515 471.71365 ... 33293.998       191246.58           507.99564
  3 795.85698 716.15786 ... 33850.785       94420.073           402.92263
-----------------------------------------
18
/mnt//archive/draco2/2018/18_11_17//ad0018.fits
flat found.  dividing by flatfield
read ra/dec for target of: (304.052831, 42.108719)
pixel scale is: 0.9869442244338112
x/y of var, cal1, cal2: 570.4336302429283 415.38183110455077 532.4477875739141 471.4014496587872 797.598421039049 715.8598025859765
 id  xcenter   ycenter  ...  aper_bkg aper_sum_bkgsub aper_sum_bkgsub_err
       pix       pix    ...                                              
--- --------- --------- ... --------- --------------- -------------------
  1 570.43363 415.38183 ... 33058.572       128511.74           441.42257
  2 532.44779 471.40145 ... 33148.517        195326.9           511.71177
  3 797.59842  715.8598 ... 33523.726       95723.972           403.72816
-----------------------------------------
19
/mnt//archive/draco2/2018/18_11_17//ad0019.fits
flat found.  dividing by flatfield
read ra/dec for target of: (304.052831, 42.108719)
pixel scale is: 0.9869822171735524
x/y of var, cal1, cal2: 569.4473392964092 415.4825637444451 531.4584363369224 471.49696051983216 796.5791271537215 715.9673007272061
 id  xcenter   ycenter  ...  aper_bkg aper_sum_bkgsub aper_sum_bkgsub_err
       pix       pix    ...                                              
--- --------- --------- ... --------- --------------- -------------------
  1 569.44734 415.48256 ...  33012.73       128244.61           441.01595
  2 531.45844 471.49696 ...  33289.66       194048.04           510.73708
  3 796.57913  715.9673 ... 33418.317       97636.587           405.83028
-----------------------------------------
20
/mnt//archive/draco2/2018/18_11_17//ad0020.fits
flat found.  dividing by flatfield
read ra/dec for target of: (304.052831, 42.108719)
pixel scale is: 0.9869318810296702
x/y of var, cal1, cal2: 567.0943361734828 415.75718635631364 529.1202196889989 471.78578678218247 794.3274593472436 716.1894596517806
 id  xcenter   ycenter  ...  aper_bkg aper_sum_bkgsub aper_sum_bkgsub_err
       pix       pix    ...                                              
--- --------- --------- ... --------- --------------- -------------------
  1 567.09434 415.75719 ... 32369.008       126920.62           438.04524
  2 529.12022 471.78579 ... 32425.685       194645.97           509.62961
  3 794.32746 716.18946 ... 32952.765       96228.355           402.93782
