read ra/dec for calibration star of: (350.640742, 62.791417) (350.801063, 62.783467)
automag_driver: using file automag_driver
aperture parameters; rad, r_in, r_out: 5.0, 15.0, 25.0
-----------------------------------------
42
/mnt//archive/draco2/2018/18_10_29//ad0042.fits
flat found.  dividing by flatfield
read ra/dec for target of: (350.618496, 62.757151)
pixel scale is: 0.9863686567703459
x/y of var, cal1, cal2: 556.0825855646917 409.04336459825936 516.3866397543298 533.3186686628374 249.41295283954042 499.2131627698848
 id  xcenter   ycenter  ...  aper_bkg aper_sum_bkgsub aper_sum_bkgsub_err
       pix       pix    ...                                              
--- --------- --------- ... --------- --------------- -------------------
  1 556.08259 409.04336 ... 12374.977       110348.65           367.86356
  2 516.38664 533.31867 ... 12164.112       110857.69           367.98222
  3 249.41295 499.21316 ... 12649.859       50495.176           275.71705
-----------------------------------------
43
/mnt//archive/draco2/2018/18_10_29//ad0043.fits
flat found.  dividing by flatfield
read ra/dec for target of: (350.618496, 62.757151)
pixel scale is: 0.9860616830564952
x/y of var, cal1, cal2: 557.3345684756147 409.1128108821136 517.6557261887039 533.4361965814132 250.59086377531463 499.3833606671164
 id  xcenter   ycenter  ...  aper_bkg aper_sum_bkgsub aper_sum_bkgsub_err
       pix       pix    ...                                              
--- --------- --------- ... --------- --------------- -------------------
  1 557.33457 409.11281 ... 12388.697       111757.64           369.81081
  2 517.65573  533.4362 ... 12322.865       110874.04           368.43558
  3 250.59086 499.38336 ... 12669.916       50335.799           275.50069
-----------------------------------------
44
/mnt//archive/draco2/2018/18_10_29//ad0044.fits
flat found.  dividing by flatfield
read ra/dec for target of: (350.618496, 62.757151)
pixel scale is: 0.9863976443067484
x/y of var, cal1, cal2: 557.6875357231049 409.26223758332907 517.9786743900642 533.5293868544456 251.01669458216327 499.394633343146
 id  xcenter   ycenter  ...  aper_bkg aper_sum_bkgsub aper_sum_bkgsub_err
       pix       pix    ...                                              
--- --------- --------- ... --------- --------------- -------------------
  1 557.68754 409.26224 ... 12206.001       114024.87           372.37329
  2 517.97867 533.52939 ... 12255.044       114007.98            372.4823
  3 251.01669 499.39463 ...   12531.6       51809.372            277.6645
-----------------------------------------
45
/mnt//archive/draco2/2018/18_10_29//ad0045.fits
flat found.  dividing by flatfield
read ra/dec for target of: (350.618496, 62.757151)
pixel scale is: 0.9863508194606178
x/y of var, cal1, cal2: 558.3255909525341 409.3114180393044 518.6207899116786 533.5863535849824 251.64452884028873 499.46274736029306
 id  xcenter   ycenter  ...  aper_bkg aper_sum_bkgsub aper_sum_bkgsub_err
       pix       pix    ...                                              
--- --------- --------- ... --------- --------------- -------------------
  1 558.32559 409.31142 ... 12263.119       111602.42           369.26096
  2 518.62079 533.58635 ... 12232.515       111317.73            368.7923
  3 251.64453 499.46275 ... 12521.539       51512.415           277.09293
