read ra/dec for calibration star of: (314.211675, 40.186014) (314.165463, 40.233653)
automag_driver: using file automag_driver
aperture parameters; rad, r_in, r_out: 5.0, 15.0, 25.0
-----------------------------------------
104
/mnt//archive/draco2/2024/24_11_14//ad0104.fits
flat found.  dividing by flatfield
read ra/dec for target of: (314.336791, 40.177503)
pixel scale is: 0.9845000969128525
x/y of var, cal1, cal2: 555.8205169837914 418.4488310073298 206.12981791448124 448.4645923610795 48.78752621953032 299.15458408074176
 id  xcenter   ycenter  ...  aper_bkg aper_sum_bkgsub aper_sum_bkgsub_err
       pix       pix    ...                                              
--- --------- --------- ... --------- --------------- -------------------
  1 555.82052 418.44883 ... 17380.346       70029.955           324.06118
  2 206.12982 448.46459 ... 18044.568       36086.439           269.07355
  3 48.787526 299.15458 ... 17978.226       62453.332           314.06175
-----------------------------------------
105
/mnt//archive/draco2/2024/24_11_14//ad0105.fits
flat found.  dividing by flatfield
read ra/dec for target of: (314.336791, 40.177503)
pixel scale is: 0.9843029340900168
x/y of var, cal1, cal2: 554.5787378662176 417.46999038121965 204.836653078883 447.6208336039383 47.484015625026075 298.3389951914462
 id  xcenter   ycenter  ...  aper_bkg aper_sum_bkgsub aper_sum_bkgsub_err
       pix       pix    ...                                              
--- --------- --------- ... --------- --------------- -------------------
  1 554.57874 417.46999 ... 17904.012       64330.295            316.8017
  2 204.83665 447.62083 ... 18444.721       33613.787           265.94779
  3 47.484016   298.339 ... 18375.284       57127.386           306.76205
-----------------------------------------
106
/mnt//archive/draco2/2024/24_11_14//ad0106.fits
flat found.  dividing by flatfield
read ra/dec for target of: (314.336791, 40.177503)
pixel scale is: 0.9840102995697422
x/y of var, cal1, cal2: 553.3888065785776 417.88529847436524 203.57563611457442 447.9081452901486 46.19752846025159 298.52029282569765
 id  xcenter   ycenter  ...  aper_bkg aper_sum_bkgsub aper_sum_bkgsub_err
       pix       pix    ...                                              
--- --------- --------- ... --------- --------------- -------------------
  1 553.38881  417.8853 ... 18029.277       73151.354           330.80947
  2 203.57564 447.90815 ... 18562.074       37736.148           274.01696
  3 46.197528 298.52029 ... 18693.236       65560.305           321.20364
-----------------------------------------
107
/mnt//archive/draco2/2024/24_11_14//ad0107.fits
flat found.  dividing by flatfield
read ra/dec for target of: (314.336791, 40.177503)
pixel scale is: 0.9842940426249814
x/y of var, cal1, cal2: 553.7019008521462 417.9453758930028 203.8969065502011 447.96119508727816 46.533112047182954 298.6171471211344
 id  xcenter   ycenter  ...  aper_bkg aper_sum_bkgsub aper_sum_bkgsub_err
       pix       pix    ...                                              
--- --------- --------- ... --------- --------------- -------------------
  1  553.7019 417.94538 ... 18373.874       71396.015           329.19411
  2 203.89691  447.9612 ... 18441.667       37448.727           273.05139
  3 46.533112 298.61715 ... 18382.025       66690.783           321.99353
