read ra/dec for calibration star of: (356.156642, 63.066039) (356.399713, 62.908706)
automag_driver: using file automag_driver
aperture parameters; rad, r_in, r_out: 5.0, 15.0, 25.0
-----------------------------------------
49
/mnt//archive/draco2/2024/24_11_25//ad0049.fits
flat found.  dividing by flatfield
read ra/dec for target of: (356.260948, 63.003853)
pixel scale is: 0.9840496585659773
x/y of var, cal1, cal2: 567.9365765807452 343.1485123587001 386.2098433093918 122.54308225582429 812.730487184266 681.53888192266
 id  xcenter   ycenter  ...  aper_bkg aper_sum_bkgsub aper_sum_bkgsub_err
       pix       pix    ...                                              
--- --------- --------- ... --------- --------------- -------------------
  1 567.93658 343.14851 ...  24770.85       61215.432           333.13981
  2 386.20984 122.54308 ... 24951.098       72258.392           349.83652
  3 812.73049 681.53888 ... 24085.875       32376.462           284.20628
-----------------------------------------
50
/mnt//archive/draco2/2024/24_11_25//ad0050.fits
flat found.  dividing by flatfield
read ra/dec for target of: (356.260948, 63.003853)
pixel scale is: 0.9840353158727146
x/y of var, cal1, cal2: 568.3652337729178 342.7809803353056 386.60996011256805 122.17494619976463 813.1973069117407 681.1727643208973
 id  xcenter   ycenter  ...  aper_bkg aper_sum_bkgsub aper_sum_bkgsub_err
       pix       pix    ...                                              
--- --------- --------- ... --------- --------------- -------------------
  1 568.36523 342.78098 ... 23556.373       69354.297           341.60217
  2 386.60996 122.17495 ... 23783.313       82187.321           360.52593
  3 813.19731 681.17276 ... 23374.747        35575.79           287.31565
-----------------------------------------
51
/mnt//archive/draco2/2024/24_11_25//ad0051.fits
flat found.  dividing by flatfield
read ra/dec for target of: (356.260948, 63.003853)
pixel scale is: 0.9839736079766789
x/y of var, cal1, cal2: 568.4168413127678 343.0951262734394 386.655249853654 122.49688688593454 813.2588477034982 681.4789972083597
 id  xcenter   ycenter  ...  aper_bkg aper_sum_bkgsub aper_sum_bkgsub_err
       pix       pix    ...                                              
--- --------- --------- ... --------- --------------- -------------------
  1 568.41684 343.09513 ... 25396.607       56666.009           328.15274
  2 386.65525 122.49689 ...  25674.94       67191.274           344.62466
  3 813.25885   681.479 ... 24802.293       29763.812           282.12302
-----------------------------------------
52
/mnt//archive/draco2/2024/24_11_25//ad0052.fits
flat found.  dividing by flatfield
read ra/dec for target of: (356.260948, 63.003853)
pixel scale is: 0.984188141548146
x/y of var, cal1, cal2: 568.5849607911972 343.30294355641365 386.8335249821825 122.7441815365986 813.4139491666851 681.6246513379249
 id  xcenter   ycenter  ...  aper_bkg aper_sum_bkgsub aper_sum_bkgsub_err
       pix       pix    ...                                              
--- --------- --------- ... --------- --------------- -------------------
  1 568.58496 343.30294 ... 25014.573       57486.539           328.23876
  2 386.83352 122.74418 ... 25393.249       65673.092           341.59126
  3 813.41395 681.62465 ... 24104.866       32266.864           284.08026
