read ra/dec for calibration star of: (357.9345179, 58.80670872) (358.2382563, 58.73296991)
automag_driver: using file automag_driver
aperture parameters; rad, r_in, r_out: 5.0, 15.0, 25.0
-----------------------------------------
282
/mnt//archive/west-14/2024/24_10_19//ad0282.fits
flat found.  dividing by flatfield
read ra/dec for target of: (358.02930081425, 58.74172448295)
pixel scale is: 0.9114276616591632
x/y of var, cal1, cal2: 566.3825182877738 427.7155337042436 754.5302475017211 688.6203927813198 139.25941007784104 384.643160792445
 id  xcenter   ycenter  ...  aper_bkg aper_sum_bkgsub aper_sum_bkgsub_err
       pix       pix    ...                                              
--- --------- --------- ... --------- --------------- -------------------
  1 566.38252 427.71553 ... 11388.236       239480.15           512.32961
  2 754.53025 688.62039 ... 11376.987       122675.86           381.64753
  3 139.25941 384.64316 ... 11181.733       40547.304           251.26832
-----------------------------------------
283
/mnt//archive/west-14/2024/24_10_19//ad0283.fits
flat found.  dividing by flatfield
read ra/dec for target of: (358.02930081425, 58.74172448295)
pixel scale is: 0.9112308011466657
x/y of var, cal1, cal2: 566.0740827650812 427.7666946323663 754.2216298955183 688.6972111721484 138.89324165579444 384.7547452498255
 id  xcenter   ycenter  ...  aper_bkg aper_sum_bkgsub aper_sum_bkgsub_err
       pix       pix    ...                                              
--- --------- --------- ... --------- --------------- -------------------
  1 566.07408 427.76669 ... 11156.603       236919.45           509.36986
  2 754.22163 688.69721 ... 11158.056       124141.83           382.99209
  3 138.89324 384.75475 ... 11074.653       40788.922           251.32295
-----------------------------------------
284
/mnt//archive/west-14/2024/24_10_19//ad0284.fits
flat found.  dividing by flatfield
read ra/dec for target of: (358.02930081425, 58.74172448295)
pixel scale is: 0.9111909579286611
x/y of var, cal1, cal2: 566.3714505813437 427.9457788271733 754.5524780468469 688.9200088027595 139.1978934425727 384.85859715600964
 id  xcenter   ycenter  ...  aper_bkg aper_sum_bkgsub aper_sum_bkgsub_err
       pix       pix    ...                                              
--- --------- --------- ... --------- --------------- -------------------
  1 566.37145 427.94578 ... 11097.802       241007.38           513.25236
  2 754.55248 688.92001 ... 11254.083       124216.31            383.3399
  3 139.19789  384.8586 ... 11173.427       40353.012           250.84829
-----------------------------------------
285
/mnt//archive/west-14/2024/24_10_19//ad0285.fits
flat found.  dividing by flatfield
read ra/dec for target of: (358.02930081425, 58.74172448295)
pixel scale is: 0.9111999071251574
x/y of var, cal1, cal2: 566.1532619218328 427.5791596257073 754.3484883245154 688.5470275354137 138.9731206502812 384.5010222894123
 id  xcenter   ycenter  ...  aper_bkg aper_sum_bkgsub aper_sum_bkgsub_err
       pix       pix    ...                                              
--- --------- --------- ... --------- --------------- -------------------
  1 566.15326 427.57916 ... 11448.537       241043.47           513.97037
  2 754.34849 688.54703 ... 11326.424       126337.89           386.28453
  3 138.97312 384.50102 ... 11224.366       40623.252           251.58892
-----------------------------------------
286
-----------------------------------------
287
-----------------------------------------
288
-----------------------------------------
289
