read ra/dec for calibration star of: (321.801433, 54.492517) (321.716558, 54.440525)
automag_driver: using file automag_driver
aperture parameters; rad, r_in, r_out: 5.0, 15.0, 25.0
-----------------------------------------
125
/mnt//archive/west-14/2024/24_11_11//ad0125.fits
flat found.  dividing by flatfield
read ra/dec for target of: (321.733427, 54.491455)
pixel scale is: 0.9103654144685659
x/y of var, cal1, cal2: 559.0381999915271 422.94332897083007 403.27662188331965 432.4002194443326 591.0812553157494 220.3721439273838
 id  xcenter   ycenter  ...  aper_bkg aper_sum_bkgsub aper_sum_bkgsub_err
       pix       pix    ...                                              
--- --------- --------- ... --------- --------------- -------------------
  1  559.0382 422.94333 ... 27211.489       46340.132           317.78626
  2 403.27662 432.40022 ... 26955.367       203871.11           507.94374
  3 591.08126 220.37214 ... 27644.095       115061.56           413.00696
-----------------------------------------
126
/mnt//archive/west-14/2024/24_11_11//ad0126.fits
flat found.  dividing by flatfield
read ra/dec for target of: (321.733427, 54.491455)
pixel scale is: 0.910572163346433
x/y of var, cal1, cal2: 559.0198014579207 422.1165065658355 403.17602519776904 431.639696750674 591.0403767413494 219.57724735105452
 id  xcenter   ycenter  ...  aper_bkg aper_sum_bkgsub aper_sum_bkgsub_err
       pix       pix    ...                                              
--- --------- --------- ... --------- --------------- -------------------
  1  559.0198 422.11651 ... 35429.284       21885.747            304.9087
  2 403.17603  431.6397 ... 35346.842        98506.08           411.61239
  3 591.04038 219.57725 ... 35957.257       55881.747           357.80059
-----------------------------------------
127
/mnt//archive/west-14/2024/24_11_11//ad0127.fits
flat found.  dividing by flatfield
read ra/dec for target of: (321.733427, 54.491455)
pixel scale is: 0.9104088577520646
x/y of var, cal1, cal2: 558.7996276889337 421.4649638854225 403.0876413580055 430.9073147723312 590.7786952650591 218.9063290928386
 id  xcenter   ycenter  ...  aper_bkg aper_sum_bkgsub aper_sum_bkgsub_err
       pix       pix    ...                                              
--- --------- --------- ... --------- --------------- -------------------
  1 558.79963 421.46496 ... 31307.377       31677.968           307.43735
  2 403.08764 430.90731 ... 31466.029       138382.26           448.93131
  3  590.7787 218.90633 ...  31507.14       82534.491           381.80331
-----------------------------------------
128
/mnt//archive/west-14/2024/24_11_11//ad0128.fits
flat found.  dividing by flatfield
read ra/dec for target of: (321.733427, 54.491455)
pixel scale is: 0.910475248133586
x/y of var, cal1, cal2: 557.0538480932864 420.9017503589633 401.308930166296 430.3430623827233 589.0853800285199 218.35796967192792
 id  xcenter   ycenter  ...  aper_bkg aper_sum_bkgsub aper_sum_bkgsub_err
       pix       pix    ...                                              
--- --------- --------- ... --------- --------------- -------------------
  1 557.05385 420.90175 ... 30406.216       35514.402           310.72791
  2 401.30893 430.34306 ... 30228.046       157442.35           467.03688
  3 589.08538 218.35797 ... 30798.331       89277.264           388.71445
