read ra/dec for calibration star of: (346.910188, 58.621305) (346.992287, 58.573333)
automag_driver: using file automag_driver
aperture parameters; rad, r_in, r_out: 5.0, 15.0, 25.0
-----------------------------------------
174
/mnt//archive/draco2/2024/24_01_15//ad0174.fits
flat found.  dividing by flatfield
read ra/dec for target of: (346.79201, 58.554203)
pixel scale is: 0.9823128886899773
x/y of var, cal1, cal2: 553.6275870772112 417.3530704612513 766.8395410495489 160.63014380057245 932.2651797133392 328.2651617124247
 id  xcenter   ycenter  ...  aper_bkg aper_sum_bkgsub aper_sum_bkgsub_err
       pix       pix    ...                                              
--- --------- --------- ... --------- --------------- -------------------
  1 553.62759 417.35307 ... 8543.4166       228281.46           495.57371
  2 766.83954 160.63014 ... 8455.9781        176749.7           440.32563
  3 932.26518 328.26516 ... 8197.6879       64335.814           284.52801
-----------------------------------------
175
/mnt//archive/draco2/2024/24_01_15//ad0175.fits
flat found.  dividing by flatfield
read ra/dec for target of: (346.79201, 58.554203)
pixel scale is: 0.9822753881190662
x/y of var, cal1, cal2: 553.8779842930439 417.58562248839127 767.0788076644579 160.8594781830264 932.5160903136037 328.5060084629282
 id  xcenter   ycenter  ...  aper_bkg aper_sum_bkgsub aper_sum_bkgsub_err
       pix       pix    ...                                              
--- --------- --------- ... --------- --------------- -------------------
  1 553.87798 417.58562 ... 8560.9428       226509.89           493.81857
  2 767.07881 160.85948 ... 8440.7416       174807.81           438.08023
  3 932.51609 328.50601 ... 8426.5404       63501.689           283.86576
-----------------------------------------
176
/mnt//archive/draco2/2024/24_01_15//ad0176.fits
flat found.  dividing by flatfield
read ra/dec for target of: (346.79201, 58.554203)
pixel scale is: 0.9822367847811464
x/y of var, cal1, cal2: 553.8389368680838 417.796027716877 767.0219885816991 161.05505928881942 932.4508679597579 328.70450508669126
 id  xcenter   ycenter  ...  aper_bkg aper_sum_bkgsub aper_sum_bkgsub_err
       pix       pix    ...                                              
--- --------- --------- ... --------- --------------- -------------------
  1 553.83894 417.79603 ... 8458.6436       226950.96           494.05794
  2 767.02199 161.05506 ... 8373.7557       176148.34           439.45518
  3 932.45087 328.70451 ... 8458.0722        63644.44           284.22805
-----------------------------------------
177
/mnt//archive/draco2/2024/24_01_15//ad0177.fits
flat found.  dividing by flatfield
read ra/dec for target of: (346.79201, 58.554203)
pixel scale is: 0.9822330506211036
x/y of var, cal1, cal2: 553.6650033463835 418.04408328522675 766.8715386870206 161.28912974608514 932.2871635071908 328.92911245870147
 id  xcenter   ycenter  ...  aper_bkg aper_sum_bkgsub aper_sum_bkgsub_err
       pix       pix    ...                                              
--- --------- --------- ... --------- --------------- -------------------
  1   553.665 418.04408 ... 8573.5853       226631.35           493.96713
  2 766.87154 161.28913 ... 8466.3918       177113.62            440.7623
  3 932.28716 328.92911 ... 8369.1254       63720.944           284.04963
