read ra/dec for calibration star of: (358.45204, 62.12898) (358.732006, 62.072851)
automag_driver: using file automag_driver
aperture parameters; rad, r_in, r_out: 5.0, 15.0, 25.0
-----------------------------------------
229
/mnt//archive/far-east-20/2024/24_10_17//ad0229.fits
flat found.  dividing by flatfield
read ra/dec for target of: (358.6024, 62.14947)
pixel scale is: 1.069955892767319
x/y of var, cal1, cal2: 416.67330636254843 428.5743394868473 177.3906260483032 487.04787834330557 609.6596369564488 694.6739545580668
 id  xcenter   ycenter  ...  aper_bkg aper_sum_bkgsub aper_sum_bkgsub_err
       pix       pix    ...                                              
--- --------- --------- ... --------- --------------- -------------------
  1 416.67331 428.57434 ... 56390.408       62918.155           419.43292
  2 177.39063 487.04788 ...  55622.06       168187.06           528.82529
  3 609.65964 694.67395 ... 56542.516       361447.59           689.02658
-----------------------------------------
230
/mnt//archive/far-east-20/2024/24_10_17//ad0230.fits
flat found.  dividing by flatfield
read ra/dec for target of: (358.6024, 62.14947)
pixel scale is: 1.0695087052648506
x/y of var, cal1, cal2: 416.38838435834134 428.9784520206249 176.86196042295978 487.66380566665924 609.2794641523503 695.0386476452336
 id  xcenter   ycenter  ...  aper_bkg aper_sum_bkgsub aper_sum_bkgsub_err
       pix       pix    ...                                              
--- --------- --------- ... --------- --------------- -------------------
  1 416.38838 428.97845 ...  56691.62        62777.95           419.98356
  2 176.86196 487.66381 ... 55830.806       167252.93           528.33658
  3 609.27946 695.03865 ...  56866.54       364768.11           691.90042
-----------------------------------------
231
/mnt//archive/far-east-20/2024/24_10_17//ad0231.fits
flat found.  dividing by flatfield
read ra/dec for target of: (358.6024, 62.14947)
pixel scale is: 1.0696542429047098
x/y of var, cal1, cal2: 416.393789538086 428.9653847661026 176.89226406185435 487.5960539896909 609.3417275517792 695.0268632692271
 id  xcenter   ycenter  ...  aper_bkg aper_sum_bkgsub aper_sum_bkgsub_err
       pix       pix    ...                                              
--- --------- --------- ... --------- --------------- -------------------
  1 416.39379 428.96538 ...  56732.72       63595.214           421.05303
  2 176.89226 487.59605 ... 55811.376       168899.96           529.85631
  3 609.34173 695.02686 ... 56750.852       363543.65           690.84756
-----------------------------------------
232
/mnt//archive/far-east-20/2024/24_10_17//ad0232.fits
flat found.  dividing by flatfield
read ra/dec for target of: (358.6024, 62.14947)
pixel scale is: 1.070090983055249
x/y of var, cal1, cal2: 416.39711442052544 428.96342627806047 177.15464998336023 487.43098812746 609.3338261217517 695.0283191241735
 id  xcenter   ycenter  ...  aper_bkg aper_sum_bkgsub aper_sum_bkgsub_err
       pix       pix    ...                                              
--- --------- --------- ... --------- --------------- -------------------
  1 416.39711 428.96343 ...  56506.09       62281.329           418.94929
  2 177.15465 487.43099 ... 55876.898       165338.05           526.60882
  3 609.33383 695.02832 ... 56738.334       360851.89           688.87847
