read ra/dec for calibration star of: (314.211675, 40.186014) (314.165463, 40.233653)
automag_driver: using file automag_driver
aperture parameters; rad, r_in, r_out: 5.0, 15.0, 25.0
-----------------------------------------
127
/mnt//archive/far-east-20/2024/24_10_17//ad0127.fits
flat found.  dividing by flatfield
read ra/dec for target of: (314.336791, 40.177503)
pixel scale is: 1.070168826374591
x/y of var, cal1, cal2: 433.1748951236684 432.8353866269529 113.12821802616935 391.2503213884281 1.1891087200814354 226.226552973977
 id  xcenter   ycenter  ...  aper_bkg aper_sum_bkgsub aper_sum_bkgsub_err
       pix       pix    ...                                              
--- --------- --------- ... --------- --------------- -------------------
  1  433.1749 432.83539 ... 297320.86          283203           937.05375
  2 113.12822 391.25032 ... 274235.82       78250.396           791.79987
  3 1.1891087 226.22655 ... 258880.57       4406.0985           722.76708
-----------------------------------------
128
/mnt//archive/far-east-20/2024/24_10_17//ad0128.fits
flat found.  dividing by flatfield
read ra/dec for target of: (314.336791, 40.177503)
pixel scale is: 1.0700714241157925
x/y of var, cal1, cal2: 433.32126120398476 432.68393580909486 113.05059391161643 391.2223988839478 1.049350377238511 226.22812820092236
 id  xcenter   ycenter  ...  aper_bkg aper_sum_bkgsub aper_sum_bkgsub_err
       pix       pix    ...                                              
--- --------- --------- ... --------- --------------- -------------------
  1 433.32126 432.68394 ... 130447.92       776566.43           1018.6694
  2 113.05059  391.2224 ... 124855.57       209584.56           677.87956
  3 1.0493504 226.22813 ...  117427.8       184499.27           647.74986
-----------------------------------------
129
/mnt//archive/far-east-20/2024/24_10_17//ad0129.fits
flat found.  dividing by flatfield
read ra/dec for target of: (314.336791, 40.177503)
pixel scale is: 1.0700299070528165
x/y of var, cal1, cal2: 433.5178581304182 432.67703835475146 113.01652438508523 391.7000743866755 1.009810324315083 226.8692439209822
 id  xcenter   ycenter  ...  aper_bkg aper_sum_bkgsub aper_sum_bkgsub_err
       pix       pix    ...                                              
--- --------- --------- ... --------- --------------- -------------------
  1 433.51786 432.67704 ...  29161.62       205851.79           514.19843
  2 113.01652 391.70007 ... 28311.746       53342.551           331.95036
  3 1.0098103 226.86924 ... 24991.819       53641.442           322.25779
-----------------------------------------
130
/mnt//archive/far-east-20/2024/24_10_17//ad0130.fits
flat found.  dividing by flatfield
read ra/dec for target of: (314.336791, 40.177503)
pixel scale is: 1.0700613110536912
x/y of var, cal1, cal2: 432.93509172219666 433.01296657940236 112.5536677123414 392.0435249314811 0.5412337735336337 227.21986049682442
 id  xcenter    ycenter  ...  aper_bkg aper_sum_bkgsub aper_sum_bkgsub_err
       pix        pix    ...                                              
--- ---------- --------- ... --------- --------------- -------------------
  1  432.93509 433.01297 ... 28655.111       208967.05           516.23858
  2  112.55367 392.04352 ... 27927.147        53112.03            330.4411
  3 0.54123377 227.21986 ... 24380.391       33246.799           286.76224
-----------------------------------------
131
/mnt//archive/far-east-20/2024/24_10_17//ad0131.fits
flat found.  dividing by flatfield
read ra/dec for target of: (314.336791, 40.177503)
pixel scale is: 1.0699204971258311
x/y of var, cal1, cal2: 433.25256000389686 432.96711427294775 112.81720730301765 392.1063552210328 0.8009732800396137 227.3008402858394
 id  xcenter    ycenter  ...  aper_bkg aper_sum_bkgsub aper_sum_bkgsub_err
       pix        pix    ...                                              
--- ---------- --------- ... --------- --------------- -------------------
  1  433.25256 432.96711 ... 28915.283       204772.59           512.66769
  2  112.81721 392.10636 ... 28043.063       52390.243           329.69891
  3 0.80097328 227.30084 ... 24978.677        42222.79           303.98214
-----------------------------------------
132
/mnt//archive/far-east-20/2024/24_10_17//ad0132.fits
flat found.  dividing by flatfield
read ra/dec for target of: (314.336791, 40.177503)
pixel scale is: 1.0703758756384583
x/y of var, cal1, cal2: 433.11320216377476 432.73791184505427 112.51987954756339 391.8512706625215 0.5561596129786608 227.10041668397275
 id  xcenter    ycenter  ...  aper_bkg aper_sum_bkgsub aper_sum_bkgsub_err
       pix        pix    ...                                              
--- ---------- --------- ... --------- --------------- -------------------
  1   433.1132 432.73791 ... 28574.779       209268.18           516.37461
  2  112.51988 391.85127 ...  27908.07       53574.956           331.08322
  3 0.55615961 227.10042 ... 24568.168       45309.752           307.68667
