read ra/dec for calibration star of: (359.428633, 62.690422) (359.62416, 62.747272)
automag_driver: using file automag_driver
aperture parameters; rad, r_in, r_out: 5.0, 15.0, 25.0
-----------------------------------------
73
/mnt//archive/draco2/2020/20_10_22//ad0073.fits
no flat found.  will not flatfield
read ra/dec for target of: (359.395668, 62.718246)
pixel scale is: 0.9864327178776761
x/y of var, cal1, cal2: 556.9778593166783 414.59766233360995 507.7388501542562 310.0403882141105 169.6122910058479 498.8968200833026
 id  xcenter   ycenter  ...  aper_bkg aper_sum_bkgsub aper_sum_bkgsub_err
       pix       pix    ...                                              
--- --------- --------- ... --------- --------------- -------------------
  1 556.97786 414.59766 ... 6215.0649       243324.84           505.94464
  2 507.73885 310.04039 ... 6134.3498       35048.469           218.04167
  3 169.61229 498.89682 ... 6215.0649       42967.695           235.84492
-----------------------------------------
74
/mnt//archive/draco2/2020/20_10_22//ad0074.fits
no flat found.  will not flatfield
read ra/dec for target of: (359.395668, 62.718246)
pixel scale is: 0.9863488938447669
x/y of var, cal1, cal2: 557.3770512698175 414.55113450475875 508.1480764788098 309.9917233608784 170.0043793581671 498.9105456010701
 id  xcenter   ycenter  ...  aper_bkg aper_sum_bkgsub aper_sum_bkgsub_err
       pix       pix    ...                                              
--- --------- --------- ... --------- --------------- -------------------
  1 557.37705 414.55113 ... 6216.1213       238540.34           501.19615
  2 508.14808 309.99172 ... 6095.0281       34792.686           217.27343
  3 170.00438 498.91055 ... 6296.8502       41990.141           234.11288
-----------------------------------------
75
/mnt//archive/draco2/2020/20_10_22//ad0075.fits
no flat found.  will not flatfield
read ra/dec for target of: (359.395668, 62.718246)
pixel scale is: 0.9862650113969946
x/y of var, cal1, cal2: 557.8958184379225 414.6818191413882 508.6704398887615 310.1084345712553 170.49854356404597 499.0084261131685
 id  xcenter   ycenter  ...  aper_bkg aper_sum_bkgsub aper_sum_bkgsub_err
       pix       pix    ...                                              
--- --------- --------- ... --------- --------------- -------------------
  1 557.89582 414.68182 ... 6217.1787       241563.15           504.20482
  2 508.67044 310.10843 ... 6055.6936       35186.205           217.99677
  3 170.49854 499.00843 ... 6297.9213       43387.054           237.08205
-----------------------------------------
76
/mnt//archive/draco2/2020/20_10_22//ad0076.fits
no flat found.  will not flatfield
read ra/dec for target of: (359.395668, 62.718246)
pixel scale is: 0.9863249657683727
x/y of var, cal1, cal2: 557.9794629973712 414.42717095969687 508.7480673111183 309.8620673484791 170.57520896465462 498.7637961827395
 id  xcenter   ycenter  ...  aper_bkg aper_sum_bkgsub aper_sum_bkgsub_err
       pix       pix    ...                                              
--- --------- --------- ... --------- --------------- -------------------
  1 557.97946 414.42717 ... 6297.1557       244735.22            507.4983
  2 508.74807 309.86207 ... 5974.2246       34858.465           216.86843
  3 170.57521  498.7638 ... 6216.4229       43284.746           236.52186
-----------------------------------------
77
/mnt//archive/draco2/2020/20_10_22//ad0077.fits
no flat found.  will not flatfield
read ra/dec for target of: (359.395668, 62.718246)
pixel scale is: 0.9862391468382337
x/y of var, cal1, cal2: 557.7015397293817 414.562670514239 508.4703237416437 309.987845195388 170.3071146747376 498.9017344250759
 id  xcenter   ycenter  ...  aper_bkg aper_sum_bkgsub aper_sum_bkgsub_err
       pix       pix    ...                                              
--- --------- --------- ... --------- --------------- -------------------
  1 557.70154 414.56267 ... 6298.2517       242253.33           505.04934
  2 508.47032 309.98785 ...  6136.758         34976.7           217.88808
  3 170.30711 498.90173 ... 6217.5048       43084.235           236.10219
-----------------------------------------
78
/mnt//archive/draco2/2020/20_10_22//ad0078.fits
no flat found.  will not flatfield
read ra/dec for target of: (359.395668, 62.718246)
pixel scale is: 0.9861596700074502
x/y of var, cal1, cal2: 558.0561030163378 414.77745901648143 508.83550733272955 310.1948161064357 170.66494880341088 499.12812303970094
 id  xcenter   ycenter  ...  aper_bkg aper_sum_bkgsub aper_sum_bkgsub_err
       pix       pix    ...                                              
--- --------- --------- ... --------- --------------- -------------------
  1  558.0561 414.77746 ... 6299.2669       244925.14           507.68954
  2 508.83551 310.19482 ... 6137.7472       35823.849           219.82799
  3 170.66495 499.12812 ... 6218.5071       44095.212           238.23775
-----------------------------------------
79
/mnt//archive/draco2/2020/20_10_22//ad0079.fits
no flat found.  will not flatfield
read ra/dec for target of: (359.395668, 62.718246)
pixel scale is: 0.9862959394159866
x/y of var, cal1, cal2: 558.3301468691194 414.42398418940945 509.1008611703917 309.84975205781916 170.922488871074 498.7154718752553
 id  xcenter   ycenter  ...  aper_bkg aper_sum_bkgsub aper_sum_bkgsub_err
       pix       pix    ...                                              
--- --------- --------- ... --------- --------------- -------------------
  1 558.33015 414.42398 ... 6136.0513       234970.86           497.46152
  2 509.10086 309.84975 ... 6055.3138       34277.138            215.8999
  3 170.92249 498.71547 ... 6216.7888       41303.393           232.29716
-----------------------------------------
80
/mnt//archive/draco2/2020/20_10_22//ad0080.fits
no flat found.  will not flatfield
read ra/dec for target of: (359.395668, 62.718246)
pixel scale is: 0.9863496012940967
x/y of var, cal1, cal2: 558.4738385084596 414.7131347825758 509.2530935605013 310.14712097558896 171.08778934097296 499.019935092698
 id  xcenter   ycenter  ...  aper_bkg aper_sum_bkgsub aper_sum_bkgsub_err
       pix       pix    ...                                              
--- --------- --------- ... --------- --------------- -------------------
  1 558.47384 414.71313 ... 6216.1124       241612.83           504.25197
  2 509.25309 310.14712 ... 6135.3837       35039.916            218.0268
  3 171.08779 499.01994 ... 6296.8411       42274.876           234.72017
