read ra/dec for calibration star of: (352.175813, 63.31704) (352.539642, 63.389221)
automag_driver: using file automag_driver
aperture parameters; rad, r_in, r_out: 5.0, 15.0, 25.0
-----------------------------------------
246
/mnt//archive/draco2/2024/24_11_10//ad0246.fits
flat found.  dividing by flatfield
read ra/dec for target of: (352.303175, 63.374302)
pixel scale is: 0.9849178252275076
x/y of var, cal1, cal2: 553.8640480747895 417.4704703746952 395.06968294866215 666.8743315471761 919.84220208192 279.6857413883638
 id  xcenter   ycenter  ...  aper_bkg aper_sum_bkgsub aper_sum_bkgsub_err
       pix       pix    ...                                              
--- --------- --------- ... --------- --------------- -------------------
  1 553.86405 417.47047 ... 25831.808       38322.756           300.35208
  2 395.06968 666.87433 ... 25620.274       90783.858           377.15966
  3  919.8422 279.68574 ... 25591.006       57915.947           330.64023
-----------------------------------------
247
/mnt//archive/draco2/2024/24_11_10//ad0247.fits
flat found.  dividing by flatfield
read ra/dec for target of: (352.303175, 63.374302)
pixel scale is: 0.9848615224324273
x/y of var, cal1, cal2: 554.0960285571832 417.457184711878 395.30611321161143 666.8724828108287 920.0606603671754 279.67107973990403
 id  xcenter   ycenter  ...  aper_bkg aper_sum_bkgsub aper_sum_bkgsub_err
       pix       pix    ...                                              
--- --------- --------- ... --------- --------------- -------------------
  1 554.09603 417.45718 ... 25404.216       37789.859           298.03237
  2 395.30611 666.87248 ... 25364.982       89834.861            375.2197
  3 920.06066 279.67108 ... 25365.542       57128.365             328.762
-----------------------------------------
248
/mnt//archive/draco2/2024/24_11_10//ad0248.fits
flat found.  dividing by flatfield
read ra/dec for target of: (352.303175, 63.374302)
pixel scale is: 0.9848273262965737
x/y of var, cal1, cal2: 554.0742441735206 417.66351327363805 395.2565365210311 667.0921035755946 920.0700174844947 279.86195297119303
 id  xcenter   ycenter  ...  aper_bkg aper_sum_bkgsub aper_sum_bkgsub_err
       pix       pix    ...                                              
--- --------- --------- ... --------- --------------- -------------------
  1 554.07424 417.66351 ... 25425.865        39376.74           300.75483
  2 395.25654  667.0921 ... 25219.537       94862.161           381.47901
  3 920.07002 279.86195 ... 24987.217       59385.361           331.03594
-----------------------------------------
249
/mnt//archive/draco2/2024/24_11_10//ad0249.fits
flat found.  dividing by flatfield
read ra/dec for target of: (352.303175, 63.374302)
pixel scale is: 0.9849293238683218
x/y of var, cal1, cal2: 554.0996870366835 417.6413498332761 395.3481348249941 667.0415683712841 920.0490347201246 279.8599179987132
 id  xcenter   ycenter  ...  aper_bkg aper_sum_bkgsub aper_sum_bkgsub_err
       pix       pix    ...                                              
--- --------- --------- ... --------- --------------- -------------------
  1 554.09969 417.64135 ... 21924.119       53255.789             311.976
  2 395.34813 667.04157 ... 21945.503       124895.74           411.11038
  3 920.04903 279.85992 ... 21809.007       79910.792           351.78659
