read ra/dec for calibration star of: (337.10892, 58.19507) (337.04309, 58.18527)
automag_driver: using file automag_driver
aperture parameters; rad, r_in, r_out: 5.0, 15.0, 25.0
-----------------------------------------
138
/mnt//archive/draco2/2024/24_11_14//ad0138.fits
flat found.  dividing by flatfield
read ra/dec for target of: (337.208699, 58.21094)
pixel scale is: 0.9839174318701432
x/y of var, cal1, cal2: 555.7901270549222 417.6555950996429 376.52408570569065 508.33768824288245 257.7088150252434 565.612842853435
 id  xcenter   ycenter  ...  aper_bkg aper_sum_bkgsub aper_sum_bkgsub_err
       pix       pix    ...                                              
--- --------- --------- ... --------- --------------- -------------------
  1 555.79013  417.6556 ... 30543.161       96140.746            396.8023
  2 376.52409 508.33769 ... 30755.524       97567.848           399.12892
  3 257.70882 565.61284 ... 30700.904       39799.988           318.47574
-----------------------------------------
139
/mnt//archive/draco2/2024/24_11_14//ad0139.fits
flat found.  dividing by flatfield
read ra/dec for target of: (337.208699, 58.21094)
pixel scale is: 0.9837037701284955
x/y of var, cal1, cal2: 556.0763883218423 418.03141566388075 376.78843857892457 508.7524635728982 257.95880548791695 566.0528226556571
 id  xcenter   ycenter  ...  aper_bkg aper_sum_bkgsub aper_sum_bkgsub_err
       pix       pix    ...                                              
--- --------- --------- ... --------- --------------- -------------------
  1 556.07639 418.03142 ... 30900.268       95003.189            396.2685
  2 376.78844 508.75246 ... 31302.229       95870.648           398.37182
  3 257.95881 566.05282 ... 31059.549       39961.454           319.85239
-----------------------------------------
140
/mnt//archive/draco2/2024/24_11_14//ad0140.fits
flat found.  dividing by flatfield
read ra/dec for target of: (337.208699, 58.21094)
pixel scale is: 0.9839147383442948
x/y of var, cal1, cal2: 556.6939801128149 418.38574628029744 377.43417092212945 509.0714233544541 258.6229293593019 566.3489453851059
 id  xcenter   ycenter  ...  aper_bkg aper_sum_bkgsub aper_sum_bkgsub_err
       pix       pix    ...                                              
--- --------- --------- ... --------- --------------- -------------------
  1 556.69398 418.38575 ...  30661.24        95817.58           396.69265
  2 377.43417 509.07142 ... 30954.633       97654.665           399.73608
  3 258.62293 566.34895 ... 30910.024       39164.138           318.13391
-----------------------------------------
141
/mnt//archive/draco2/2024/24_11_14//ad0141.fits
flat found.  dividing by flatfield
read ra/dec for target of: (337.208699, 58.21094)
pixel scale is: 0.9838622327755419
x/y of var, cal1, cal2: 556.6422726985223 418.6314377468533 377.38200007267005 509.3172920960096 258.570469531784 566.5947807692645
 id  xcenter   ycenter  ...  aper_bkg aper_sum_bkgsub aper_sum_bkgsub_err
       pix       pix    ...                                              
--- --------- --------- ... --------- --------------- -------------------
  1 556.64227 418.63144 ... 30350.781       96242.169           396.44512
  2   377.382 509.31729 ... 30649.618       98651.738           400.21991
  3 258.57047 566.59478 ...  30478.78       39628.912           317.50822
