read ra/dec for calibration star of: (350.640742, 62.791417) (350.801063, 62.783467)
automag_driver: using file automag_driver
aperture parameters; rad, r_in, r_out: 5.0, 15.0, 25.0
-----------------------------------------
71
/mnt//archive/draco2/2018/18_11_11//ad0071.fits
flat found.  dividing by flatfield
read ra/dec for target of: (350.618496, 62.757151)
pixel scale is: 0.9877104700632828
x/y of var, cal1, cal2: 562.5724904390568 420.59089995217914 525.5520329067127 545.5044571367696 258.2830984632868 517.0657014297083
 id  xcenter   ycenter  ...  aper_bkg aper_sum_bkgsub aper_sum_bkgsub_err
       pix       pix    ...                                              
--- --------- --------- ... --------- --------------- -------------------
  1 562.57249  420.5909 ... 11350.738       142580.11             406.825
  2 525.55203 545.50446 ... 11160.385       114240.42           369.84617
  3  258.2831  517.0657 ... 11665.688       52553.293           275.87981
-----------------------------------------
72
/mnt//archive/draco2/2018/18_11_11//ad0072.fits
flat found.  dividing by flatfield
read ra/dec for target of: (350.618496, 62.757151)
pixel scale is: 0.9876910661864123
x/y of var, cal1, cal2: 562.0137005620138 420.50722485091177 524.9968825051542 545.4245264552426 257.7216884333165 516.994560592695
 id  xcenter   ycenter  ...  aper_bkg aper_sum_bkgsub aper_sum_bkgsub_err
       pix       pix    ...                                              
--- --------- --------- ... --------- --------------- -------------------
  1  562.0137 420.50722 ... 11382.359       143229.99           407.70051
  2 524.99688 545.42453 ... 11285.894       115979.22           372.52652
  3 257.72169 516.99456 ... 11636.731       52269.405           275.25963
-----------------------------------------
73
/mnt//archive/draco2/2018/18_11_11//ad0073.fits
flat found.  dividing by flatfield
read ra/dec for target of: (350.618496, 62.757151)
pixel scale is: 0.9875193666577389
x/y of var, cal1, cal2: 562.2488826798107 420.49279586114255 525.2111019465885 545.4275363019065 257.8926958995925 516.9615535107985
 id  xcenter   ycenter  ...  aper_bkg aper_sum_bkgsub aper_sum_bkgsub_err
       pix       pix    ...                                              
--- --------- --------- ... --------- --------------- -------------------
  1 562.24888  420.4928 ...  11146.52        138582.6           401.37345
  2  525.2111 545.42754 ... 11248.566       111699.98           366.63621
  3  257.8927 516.96155 ... 11644.429       50442.193           271.94862
-----------------------------------------
74
/mnt//archive/draco2/2018/18_11_11//ad0074.fits
flat found.  dividing by flatfield
read ra/dec for target of: (350.618496, 62.757151)
pixel scale is: 0.9875755055093496
x/y of var, cal1, cal2: 563.1304815805989 420.8383729844946 526.1317180590916 545.7769207080211 258.82016357366126 517.3915239302968
 id  xcenter   ycenter  ...  aper_bkg aper_sum_bkgsub aper_sum_bkgsub_err
       pix       pix    ...                                              
--- --------- --------- ... --------- --------------- -------------------
  1 563.13048 420.83837 ... 11287.234       141194.98           404.96229
  2 526.13172 545.77692 ... 11459.815       112746.89           368.63467
  3 258.82016 517.39152 ... 11738.214       51761.638           274.70542
