read ra/dec for calibration star of: (357.307226, 59.943336) (357.434683, 60.013532)
automag_driver: using file automag_driver
aperture parameters; rad, r_in, r_out: 5.0, 15.0, 25.0
-----------------------------------------
217
/mnt//archive/far-east-20/2024/24_10_17//ad0217.fits
flat found.  dividing by flatfield
read ra/dec for target of: (357.483431, 59.940703)
pixel scale is: 1.070658077900048
x/y of var, cal1, cal2: 432.6042150107542 433.7287783576535 136.31384965200948 411.91653326840435 361.0445762210213 185.56782490190386
 id  xcenter   ycenter  ...  aper_bkg aper_sum_bkgsub aper_sum_bkgsub_err
       pix       pix    ...                                              
--- --------- --------- ... --------- --------------- -------------------
  1 432.60422 433.72878 ...  31123.41       38838.734           318.29319
  2 136.31385 411.91653 ... 30828.444       326279.12           623.02569
  3 361.04458 185.56782 ... 30566.903       81659.741           378.17793
-----------------------------------------
218
/mnt//archive/far-east-20/2024/24_10_17//ad0218.fits
flat found.  dividing by flatfield
read ra/dec for target of: (357.483431, 59.940703)
pixel scale is: 1.0706075123569632
x/y of var, cal1, cal2: 432.68742599746156 433.8411910608881 136.51951592145662 412.3341221321794 361.46495009133736 185.7420121703974
 id  xcenter   ycenter  ...  aper_bkg aper_sum_bkgsub aper_sum_bkgsub_err
       pix       pix    ...                                              
--- --------- --------- ... --------- --------------- -------------------
  1 432.68743 433.84119 ... 31027.742       38555.091           317.54618
  2 136.51952 412.33412 ... 30764.996       327071.57           623.55959
  3 361.46495 185.74201 ...  30576.27        81876.04           378.48855
-----------------------------------------
219
/mnt//archive/far-east-20/2024/24_10_17//ad0219.fits
flat found.  dividing by flatfield
read ra/dec for target of: (357.483431, 59.940703)
pixel scale is: 1.0706511933716305
x/y of var, cal1, cal2: 432.6913355624435 434.01894520939453 136.54272465808305 412.14462292713534 361.1511333849928 185.84143173982406
 id  xcenter   ycenter  ...  aper_bkg aper_sum_bkgsub aper_sum_bkgsub_err
       pix       pix    ...                                              
--- --------- --------- ... --------- --------------- -------------------
  1 432.69134 434.01895 ... 30760.605       39330.926           317.92631
  2 136.54272 412.14462 ... 30894.492       324836.77           621.97327
  3 361.15113 185.84143 ... 30446.767       81566.018           377.73609
-----------------------------------------
220
/mnt//archive/far-east-20/2024/24_10_17//ad0220.fits
flat found.  dividing by flatfield
read ra/dec for target of: (357.483431, 59.940703)
pixel scale is: 1.0707388772768824
x/y of var, cal1, cal2: 432.12286449020644 434.08100237797163 135.96434417290664 412.22515132249106 360.53007552422 185.92781789398796
 id  xcenter   ycenter  ...  aper_bkg aper_sum_bkgsub aper_sum_bkgsub_err
       pix       pix    ...                                              
--- --------- --------- ... --------- --------------- -------------------
  1 432.12286   434.081 ... 30705.269       38749.612           316.83616
  2 135.96434 412.22515 ... 30751.769       326765.61           623.29298
  3 360.53008 185.92782 ... 30414.837       80420.138           376.13138
-----------------------------------------
221
/mnt//archive/far-east-20/2024/24_10_17//ad0221.fits
flat found.  dividing by flatfield
read ra/dec for target of: (357.483431, 59.940703)
pixel scale is: 1.0714503892585931
x/y of var, cal1, cal2: 432.06477514760365 434.1626109216609 136.0232631050988 412.44656276204444 360.650157170805 186.20448408289238
 id  xcenter   ycenter  ...  aper_bkg aper_sum_bkgsub aper_sum_bkgsub_err
       pix       pix    ...                                              
--- --------- --------- ... --------- --------------- -------------------
  1 432.06478 434.16261 ... 122330.73       153821.73           631.43344
  2 136.02326 412.44656 ...    122323       1138411.3           1176.1302
  3 360.65016 186.20448 ... 121446.88       319282.86           749.93441
-----------------------------------------
222
/mnt//archive/far-east-20/2024/24_10_17//ad0222.fits
flat found.  dividing by flatfield
read ra/dec for target of: (357.483431, 59.940703)
pixel scale is: 1.0702359505783765
x/y of var, cal1, cal2: 432.01785604342217 434.43134391511677 135.62626236562386 412.651951193479 360.62873172431676 186.18244839298535
 id  xcenter   ycenter  ...  aper_bkg aper_sum_bkgsub aper_sum_bkgsub_err
       pix       pix    ...                                              
--- --------- --------- ... --------- --------------- -------------------
  1 432.01786 434.43134 ... 122473.93       155619.33           633.08151
  2 135.62626 412.65195 ... 122470.73       1112633.4           1165.2467
  3 360.62873 186.18245 ... 121788.22       319885.17           750.79066
-----------------------------------------
223
/mnt//archive/far-east-20/2024/24_10_17//ad0223.fits
flat found.  dividing by flatfield
read ra/dec for target of: (357.483431, 59.940703)
pixel scale is: 1.0706570347363584
x/y of var, cal1, cal2: 431.9246054348629 434.8464324009996 135.7105798776027 412.9332229437888 360.40665368622746 186.66086925266612
 id  xcenter   ycenter  ...  aper_bkg aper_sum_bkgsub aper_sum_bkgsub_err
       pix       pix    ...                                              
--- --------- --------- ... --------- --------------- -------------------
  1 431.92461 434.84643 ... 122241.52       154988.57           632.21564
  2 135.71058 412.93322 ... 122017.28       1126547.2           1170.8146
  3 360.40665 186.66087 ... 121589.52       318534.58           749.62565
-----------------------------------------
224
/mnt//archive/far-east-20/2024/24_10_17//ad0224.fits
flat found.  dividing by flatfield
read ra/dec for target of: (357.483431, 59.940703)
pixel scale is: 1.070733150811279
x/y of var, cal1, cal2: 431.9509079219768 435.0158660967901 135.53113398971578 413.31641830739284 360.5685234646742 186.8990540903938
 id  xcenter   ycenter  ...  aper_bkg aper_sum_bkgsub aper_sum_bkgsub_err
       pix       pix    ...                                              
--- --------- --------- ... --------- --------------- -------------------
  1 431.95091 435.01587 ... 121914.74       155505.62           632.10767
  2 135.53113 413.31642 ... 121857.96       1154612.9           1182.6047
  3 360.56852 186.89905 ... 121156.42       319254.58           749.52812
