read ra/dec for calibration star of: (36.752127, 59.562503) (37.02079, 59.47925)
automag_driver: using file automag_driver
aperture parameters; rad, r_in, r_out: 5.0, 15.0, 25.0
-----------------------------------------
89
/mnt//archive/draco2/2024/24_10_14//ad0089.fits
flat found.  dividing by flatfield
read ra/dec for target of: (36.807362, 59.460604)
pixel scale is: 0.9853181415872692
x/y of var, cal1, cal2: 576.1416291391578 427.07633774194835 741.0360926108924 776.1121061366691 198.14179411960015 563.3242449186424
 id  xcenter   ycenter  ...  aper_bkg aper_sum_bkgsub aper_sum_bkgsub_err
       pix       pix    ...                                              
--- --------- --------- ... --------- --------------- -------------------
  1 576.14163 427.07634 ...  14031.37       28775.017           238.87812
  2 741.03609 776.11211 ... 14022.809       16062.504           210.55432
  3 198.14179 563.32424 ... 14261.772       12302.228            202.6099
-----------------------------------------
90
/mnt//archive/draco2/2024/24_10_14//ad0090.fits
flat found.  dividing by flatfield
read ra/dec for target of: (36.807362, 59.460604)
pixel scale is: 0.9853180773031346
x/y of var, cal1, cal2: 577.0749028531287 427.5570784720763 742.0921258991766 776.607552348745 199.10051435825068 563.771300246806
 id  xcenter   ycenter  ...  aper_bkg aper_sum_bkgsub aper_sum_bkgsub_err
       pix       pix    ...                                              
--- --------- --------- ... --------- --------------- -------------------
  1  577.0749 427.55708 ... 15071.156       26573.803           238.62338
  2 742.09213 776.60755 ... 15103.621       15626.726           214.61353
  3 199.10051  563.7713 ... 15159.979       12734.245           208.03654
-----------------------------------------
91
/mnt//archive/draco2/2024/24_10_14//ad0091.fits
flat found.  dividing by flatfield
read ra/dec for target of: (36.807362, 59.460604)
pixel scale is: 0.9850680188928149
x/y of var, cal1, cal2: 577.0388102303314 426.9181053466704 742.0095835969132 776.0089874001901 199.1206451797596 563.2773106785218
 id  xcenter   ycenter  ...  aper_bkg aper_sum_bkgsub aper_sum_bkgsub_err
       pix       pix    ...                                              
--- --------- --------- ... --------- --------------- -------------------
  1 577.03881 426.91811 ... 17133.073       22072.639           237.83142
  2 742.00958 776.00899 ... 17203.302       12587.724           217.30009
  3 199.12065 563.27731 ... 17088.841       9951.3549           210.60398
-----------------------------------------
92
/mnt//archive/draco2/2024/24_10_14//ad0092.fits
flat found.  dividing by flatfield
read ra/dec for target of: (36.807362, 59.460604)
pixel scale is: 0.9853702189259301
x/y of var, cal1, cal2: 576.6432403043918 426.4326272812151 741.7054310872797 775.4838329555233 198.6079600357346 562.5956580384235
 id  xcenter   ycenter  ...  aper_bkg aper_sum_bkgsub aper_sum_bkgsub_err
       pix       pix    ...                                              
--- --------- --------- ... --------- --------------- -------------------
  1 576.64324 426.43263 ... 18422.622       20581.389           240.10755
  2 741.70543 775.48383 ... 18641.922       11295.706           220.91752
  3 198.60796 562.59566 ... 18551.589       8991.5443           215.22017
-----------------------------------------
93
/mnt//archive/draco2/2024/24_10_14//ad0093.fits
flat found.  dividing by flatfield
read ra/dec for target of: (36.807362, 59.460604)
pixel scale is: 0.9854084253720977
x/y of var, cal1, cal2: 576.9475455798811 426.736438867466 741.9566451940666 775.7419278217069 198.9726057350116 562.9679006969754
 id  xcenter   ycenter  ...  aper_bkg aper_sum_bkgsub aper_sum_bkgsub_err
       pix       pix    ...                                              
--- --------- --------- ... --------- --------------- -------------------
  1 576.94755 426.73644 ... 28924.784       48181.407           325.96928
  2 741.95665 775.74193 ... 28689.888       27870.134           292.36092
  3 198.97261  562.9679 ... 29192.691       20498.071           281.26225
-----------------------------------------
94
/mnt//archive/draco2/2024/24_10_14//ad0094.fits
flat found.  dividing by flatfield
read ra/dec for target of: (36.807362, 59.460604)
pixel scale is: 0.9852863550788717
x/y of var, cal1, cal2: 576.1996422433301 426.56838903048833 741.1204506483118 775.6218348175835 198.27681891594438 562.8059391661026
 id  xcenter   ycenter  ...  aper_bkg aper_sum_bkgsub aper_sum_bkgsub_err
       pix       pix    ...                                              
--- --------- --------- ... --------- --------------- -------------------
  1 576.19964 426.56839 ... 27064.076       53061.211           327.74131
  2 741.12045 775.62183 ... 26886.746       30753.414           291.12181
  3 198.27682 562.80594 ... 27169.832       23006.453           278.51592
-----------------------------------------
95
/mnt//archive/draco2/2024/24_10_14//ad0095.fits
flat found.  dividing by flatfield
read ra/dec for target of: (36.807362, 59.460604)
pixel scale is: 0.9856469081280662
x/y of var, cal1, cal2: 575.8956138860764 426.63857399942094 740.5188176138389 775.5058832260744 198.10640609891715 562.9606923881583
 id  xcenter   ycenter  ...  aper_bkg aper_sum_bkgsub aper_sum_bkgsub_err
       pix       pix    ...                                              
--- --------- --------- ... --------- --------------- -------------------
  1 575.89561 426.63857 ... 28743.173       50743.008           329.32409
  2 740.51882 775.50588 ... 28819.454        28545.43           293.95465
  3 198.10641 562.96069 ... 28972.633       21891.213           282.95137
-----------------------------------------
96
/mnt//archive/draco2/2024/24_10_14//ad0096.fits
flat found.  dividing by flatfield
read ra/dec for target of: (36.807362, 59.460604)
pixel scale is: 0.9853652647046773
x/y of var, cal1, cal2: 575.9434026398377 426.8866409686175 740.8472854692175 775.907895512837 198.01244824672813 563.1230070584128
 id  xcenter   ycenter  ...  aper_bkg aper_sum_bkgsub aper_sum_bkgsub_err
       pix       pix    ...                                              
--- --------- --------- ... --------- --------------- -------------------
  1  575.9434 426.88664 ... 30639.411        45869.43           327.67858
  2 740.84729  775.9079 ... 30860.213       26147.884           296.80517
  3 198.01245 563.12301 ... 30864.396        20039.05           286.34392
