read ra/dec for calibration star of: (337.10892, 58.19507) (337.04309, 58.18527)
automag_driver: using file automag_driver
aperture parameters; rad, r_in, r_out: 5.0, 15.0, 25.0
-----------------------------------------
194
/mnt//archive/west-14/2024/24_10_19//ad0194.fits
flat found.  dividing by flatfield
read ra/dec for target of: (337.208699, 58.21094)
pixel scale is: 0.9119928776800379
x/y of var, cal1, cal2: 565.2007030087194 433.5497535492992 773.7433629517362 375.20156376469237 911.3697638368245 339.5216427018504
 id  xcenter   ycenter  ...  aper_bkg aper_sum_bkgsub aper_sum_bkgsub_err
       pix       pix    ...                                              
--- --------- --------- ... --------- --------------- -------------------
  1  565.2007 433.54975 ... 18210.869        104789.8            376.0805
  2 773.74336 375.20156 ... 18229.791       108315.74           380.78908
  3 911.36976 339.52164 ... 17917.373       43465.817           282.00277
-----------------------------------------
195
/mnt//archive/west-14/2024/24_10_19//ad0195.fits
flat found.  dividing by flatfield
read ra/dec for target of: (337.208699, 58.21094)
pixel scale is: 0.9120040421281915
x/y of var, cal1, cal2: 566.440576175748 433.2186707509295 775.0225770734025 374.8671392762899 912.6749062978406 339.18497797329576
 id  xcenter   ycenter  ...  aper_bkg aper_sum_bkgsub aper_sum_bkgsub_err
       pix       pix    ...                                              
--- --------- --------- ... --------- --------------- -------------------
  1 566.44058 433.21867 ... 17913.258       104721.42           375.19719
  2 775.02258 374.86714 ... 18250.907       108137.73           380.61076
  3 912.67491 339.18498 ... 17894.856       44318.307            283.4308
-----------------------------------------
196
/mnt//archive/west-14/2024/24_10_19//ad0196.fits
flat found.  dividing by flatfield
read ra/dec for target of: (337.208699, 58.21094)
pixel scale is: 0.9123379274890585
x/y of var, cal1, cal2: 565.4886212456348 432.6950366490728 773.9843159469257 374.39600836345295 911.5798864006479 338.7474619801508
 id  xcenter   ycenter  ...  aper_bkg aper_sum_bkgsub aper_sum_bkgsub_err
       pix       pix    ...                                              
--- --------- --------- ... --------- --------------- -------------------
  1 565.48862 432.69504 ... 18031.527       105628.13           376.71764
  2 773.98432 374.39601 ... 18254.467       109771.67            382.7605
  3 911.57989 338.74746 ... 17979.792       45202.705           285.28458
-----------------------------------------
197
/mnt//archive/west-14/2024/24_10_19//ad0197.fits
flat found.  dividing by flatfield
read ra/dec for target of: (337.208699, 58.21094)
pixel scale is: 0.9119750892227002
x/y of var, cal1, cal2: 566.0785718991012 432.72149130839125 774.6452920043778 374.3669115312987 912.2873924640289 338.68282832294943
 id  xcenter   ycenter  ...  aper_bkg aper_sum_bkgsub aper_sum_bkgsub_err
       pix       pix    ...                                              
--- --------- --------- ... --------- --------------- -------------------
  1 566.07857 432.72149 ... 17878.594       106939.47           378.04981
  2 774.64529 374.36691 ... 18186.695       112454.49           386.07367
  3 912.28739 338.68283 ... 17854.447        45391.16           285.17548
