read ra/dec for calibration star of: (346.910188, 58.621305) (346.992287, 58.573333)
automag_driver: using file automag_driver
aperture parameters; rad, r_in, r_out: 5.0, 15.0, 25.0
-----------------------------------------
9
/mnt//archive/draco2/2024/24_09_27//ad0009.fits
flat found.  dividing by flatfield
read ra/dec for target of: (346.79201, 58.554203)
pixel scale is: 0.9855818266350949
x/y of var, cal1, cal2: 549.4090687468907 438.08158686440606 371.69208803052027 719.2983256809463 186.6155372777048 574.9453450709965
 id  xcenter   ycenter  ...  aper_bkg aper_sum_bkgsub aper_sum_bkgsub_err
       pix       pix    ...                                              
--- --------- --------- ... --------- --------------- -------------------
  1 549.40907 438.08159 ... 6130.7337       191070.89           451.17331
  2 371.69209 719.29833 ... 5921.1279        147200.8           399.08402
  3 186.61554 574.94535 ... 6077.6232       56703.096            262.8371
-----------------------------------------
10
/mnt//archive/draco2/2024/24_09_27//ad0010.fits
flat found.  dividing by flatfield
read ra/dec for target of: (346.79201, 58.554203)
pixel scale is: 0.9856068866632721
x/y of var, cal1, cal2: 549.3990505666119 437.65933038330144 371.62139615114245 718.870962745908 186.51832161036873 574.5237799515648
 id  xcenter   ycenter  ...  aper_bkg aper_sum_bkgsub aper_sum_bkgsub_err
       pix       pix    ...                                              
--- --------- --------- ... --------- --------------- -------------------
  1 549.39905 437.65933 ... 5898.3945          186081            445.0874
  2  371.6214 718.87096 ... 6011.9832       144826.45           396.32741
  3 186.51832 574.52378 ... 5996.3095       55086.238           259.42987
-----------------------------------------
11
/mnt//archive/draco2/2024/24_09_27//ad0011.fits
flat found.  dividing by flatfield
read ra/dec for target of: (346.79201, 58.554203)
pixel scale is: 0.9857524786309625
x/y of var, cal1, cal2: 549.432884441031 437.20954327690936 371.65589324237635 718.3958536394905 186.56343199814916 574.0868709701977
 id  xcenter   ycenter  ...  aper_bkg aper_sum_bkgsub aper_sum_bkgsub_err
       pix       pix    ...                                              
--- --------- --------- ... --------- --------------- -------------------
  1 549.43288 437.20954 ... 5693.2053       178626.77           436.16302
  2 371.65589 718.39585 ... 5690.3227       135537.11           383.59191
  3 186.56343 574.08687 ... 5766.5615       52571.606           253.63306
-----------------------------------------
12
/mnt//archive/draco2/2024/24_09_27//ad0012.fits
flat found.  dividing by flatfield
read ra/dec for target of: (346.79201, 58.554203)
pixel scale is: 0.9858913573860271
x/y of var, cal1, cal2: 548.8879737298768 436.75574016843046 371.1990031455591 717.8758145998778 186.11398309035826 573.5594366678355
 id  xcenter   ycenter  ...  aper_bkg aper_sum_bkgsub aper_sum_bkgsub_err
       pix       pix    ...                                              
--- --------- --------- ... --------- --------------- -------------------
  1 548.88797 436.75574 ... 5803.1822       179431.11           437.33565
  2   371.199 717.87581 ... 5629.4282       132569.78           379.54399
  3 186.11398 573.55944 ... 5883.0553       53426.697           255.76905
-----------------------------------------
13
/mnt//archive/draco2/2024/24_09_27//ad0013.fits
flat found.  dividing by flatfield
read ra/dec for target of: (346.79201, 58.554203)
pixel scale is: 0.9858742514408548
x/y of var, cal1, cal2: 548.4969124541229 436.6505072944554 370.7201322808202 717.8050634103588 185.61854635163706 573.5170082737352
 id  xcenter   ycenter  ...  aper_bkg aper_sum_bkgsub aper_sum_bkgsub_err
       pix       pix    ...                                              
--- --------- --------- ... --------- --------------- -------------------
  1 548.49691 436.65051 ... 5805.3106       181266.38           439.43373
  2 370.72013 717.80506 ... 5755.2119       137896.61             386.823
  3 185.61855 573.51701 ... 5724.7437       53501.086           255.29507
-----------------------------------------
14
/mnt//archive/draco2/2024/24_09_27//ad0014.fits
flat found.  dividing by flatfield
read ra/dec for target of: (346.79201, 58.554203)
pixel scale is: 0.9858505891984656
x/y of var, cal1, cal2: 548.4453815103142 436.5749670115992 370.670324519902 717.729307261563 185.57201449642258 573.4305379202387
 id  xcenter   ycenter  ...  aper_bkg aper_sum_bkgsub aper_sum_bkgsub_err
       pix       pix    ...                                              
--- --------- --------- ... --------- --------------- -------------------
  1 548.44538 436.57497 ... 5679.4471       181201.44           439.07327
  2 370.67032 717.72931 ...  5641.036       136709.78           384.98941
  3 185.57201 573.43054 ... 5636.9934       52934.201           253.83693
-----------------------------------------
15
/mnt//archive/draco2/2024/24_09_27//ad0015.fits
flat found.  dividing by flatfield
read ra/dec for target of: (346.79201, 58.554203)
pixel scale is: 0.9859454510375928
x/y of var, cal1, cal2: 548.275882283122 436.6162084453039 370.5297905656595 717.7431945852717 185.4640036177384 573.4579932053055
 id  xcenter   ycenter  ...  aper_bkg aper_sum_bkgsub aper_sum_bkgsub_err
       pix       pix    ...                                              
--- --------- --------- ... --------- --------------- -------------------
  1 548.27588 436.61621 ... 5938.7873       182107.13            440.6923
  2 370.52979 717.74319 ... 5706.9227       138286.27           387.20165
  3   185.464 573.45799 ... 5635.9087       53024.986           254.01142
