read ra/dec for calibration star of: (359.756688, 61.132989) (359.386175, 61.184511)
automag_driver: using file automag_driver
aperture parameters; rad, r_in, r_out: 5.0, 15.0, 25.0
-----------------------------------------
65
/mnt//archive/draco2/2024/24_11_22//ad0065.fits
flat found.  dividing by flatfield
read ra/dec for target of: (359.5749, 61.221062)
pixel scale is: 0.9827376042050925
x/y of var, cal1, cal2: 552.7804093394336 414.38886093000843 925.2895867968034 675.6319339093795 247.96985114728653 603.8167845317566
 id  xcenter   ycenter  ...  aper_bkg aper_sum_bkgsub aper_sum_bkgsub_err
       pix       pix    ...                                              
--- --------- --------- ... --------- --------------- -------------------
  1 552.78041 414.38886 ... 4985.1818       26968.957            192.7805
  2 925.28959 675.63193 ... 4855.6713       9950.9945           141.02247
  3 247.96985 603.81678 ... 4999.8384       14023.769           155.71912
-----------------------------------------
66
/mnt//archive/draco2/2024/24_11_22//ad0066.fits
flat found.  dividing by flatfield
read ra/dec for target of: (359.5749, 61.221062)
pixel scale is: 0.9827562423115795
x/y of var, cal1, cal2: 553.1379358643667 414.3751122136837 925.7045892068681 675.6370898168893 248.28161250315281 603.7799210398514
 id  xcenter   ycenter  ...  aper_bkg aper_sum_bkgsub aper_sum_bkgsub_err
       pix       pix    ...                                              
--- --------- --------- ... --------- --------------- -------------------
  1 553.13794 414.37511 ... 5011.4575       27600.658            194.5471
  2 925.70459 675.63709 ... 4848.9828       10301.467           142.21263
  3 248.28161 603.77992 ... 4830.7824       14486.154           156.11764
-----------------------------------------
67
/mnt//archive/draco2/2024/24_11_22//ad0067.fits
flat found.  dividing by flatfield
read ra/dec for target of: (359.5749, 61.221062)
pixel scale is: 0.9827720897620906
x/y of var, cal1, cal2: 553.3705941447884 413.79873871907046 925.8824486201263 675.0472198937475 248.5692993057749 603.2080859339242
 id  xcenter   ycenter  ... aper_bkg aper_sum_bkgsub aper_sum_bkgsub_err
       pix       pix    ...                                             
--- --------- --------- ... -------- --------------- -------------------
  1 553.37059 413.79874 ... 4986.099       27589.769            194.3887
  2 925.88245 675.04722 ... 4858.205       9616.3059            139.8489
  3  248.5693 603.20809 ... 5062.895       14304.843           157.02112
-----------------------------------------
68
/mnt//archive/draco2/2024/24_11_22//ad0068.fits
flat found.  dividing by flatfield
read ra/dec for target of: (359.5749, 61.221062)
pixel scale is: 0.9827366878816071
x/y of var, cal1, cal2: 553.1212467299875 413.83550749407067 925.6030436633563 675.0965972027575 248.34638635462926 603.2490614644513
 id  xcenter   ycenter  ...  aper_bkg aper_sum_bkgsub aper_sum_bkgsub_err
       pix       pix    ...                                              
--- --------- --------- ... --------- --------------- -------------------
  1 553.12125 413.83551 ... 4997.3745       27901.912           195.24769
  2 925.60304  675.0966 ... 4775.1431       10259.422           141.54401
  3 248.34639 603.24906 ... 5106.1406       14310.869           157.31545
