read ra/dec for calibration star of: (337.10892, 58.19507) (337.04309, 58.18527)
automag_driver: using file automag_driver
aperture parameters; rad, r_in, r_out: 5.0, 15.0, 25.0
-----------------------------------------
41
/mnt//archive/draco2/2024/24_11_25//ad0041.fits
flat found.  dividing by flatfield
read ra/dec for target of: (337.208699, 58.21094)
pixel scale is: 0.9839343834851965
x/y of var, cal1, cal2: 554.9399029262553 416.7850274230385 365.04374858279414 482.3265767956541 239.56594128324394 522.9650683743176
 id  xcenter   ycenter  ...  aper_bkg aper_sum_bkgsub aper_sum_bkgsub_err
       pix       pix    ...                                              
--- --------- --------- ... --------- --------------- -------------------
  1  554.9399 416.78503 ... 22254.209       50679.464           308.88976
  2 365.04375 482.32658 ... 22698.339       55671.116           318.26529
  3 239.56594 522.96507 ...  22497.01       22635.366           260.48875
-----------------------------------------
42
/mnt//archive/draco2/2024/24_11_25//ad0042.fits
flat found.  dividing by flatfield
read ra/dec for target of: (337.208699, 58.21094)
pixel scale is: 0.9839508142480492
x/y of var, cal1, cal2: 554.9681724442469 416.813418136638 365.0595005235863 482.3664669878502 239.57371466178205 523.0126016725042
 id  xcenter   ycenter  ...  aper_bkg aper_sum_bkgsub aper_sum_bkgsub_err
       pix       pix    ...                                              
--- --------- --------- ... --------- --------------- -------------------
  1 554.96817 416.81342 ... 23695.211       44075.884           302.80572
  2  365.0595 482.36647 ...  23997.34       49125.653           312.00214
  3 239.57371  523.0126 ... 24366.742       19231.118           261.13139
-----------------------------------------
43
/mnt//archive/draco2/2024/24_11_25//ad0043.fits
flat found.  dividing by flatfield
read ra/dec for target of: (337.208699, 58.21094)
pixel scale is: 0.9839465616874116
x/y of var, cal1, cal2: 555.1170736165199 416.62814276480634 365.2153792882398 482.1876087024782 239.73421334416258 522.8379720045712
 id  xcenter   ycenter  ...  aper_bkg aper_sum_bkgsub aper_sum_bkgsub_err
       pix       pix    ...                                              
--- --------- --------- ... --------- --------------- -------------------
  1 555.11707 416.62814 ... 24178.905       43023.399           302.66518
  2 365.21538 482.18761 ... 24333.785       47517.429           310.49959
  3 239.73421 522.83797 ... 24213.578       19706.271           261.45444
-----------------------------------------
44
/mnt//archive/draco2/2024/24_11_25//ad0044.fits
flat found.  dividing by flatfield
read ra/dec for target of: (337.208699, 58.21094)
pixel scale is: 0.9839474227067367
x/y of var, cal1, cal2: 555.1796913905938 416.48266790682214 365.281983267531 482.0386633241807 239.80326184884734 522.6867357135011
 id  xcenter   ycenter  ...  aper_bkg aper_sum_bkgsub aper_sum_bkgsub_err
       pix       pix    ...                                              
--- --------- --------- ... --------- --------------- -------------------
  1 555.17969 416.48267 ...   25319.9       38338.937           298.66995
  2 365.28198 482.03866 ... 25695.864       43584.676           308.54725
  3 239.80326 522.68674 ... 25780.464       17602.357           263.41656
