read ra/dec for calibration star of: (358.45204, 62.12898) (358.732006, 62.072851)
automag_driver: using file automag_driver
aperture parameters; rad, r_in, r_out: 5.0, 15.0, 25.0
-----------------------------------------
125
/mnt//archive/draco2/2024/24_11_22//ad0125.fits
flat found.  dividing by flatfield
read ra/dec for target of: (358.6024, 62.14947)
pixel scale is: 0.982762350998251
x/y of var, cal1, cal2: 553.1442614746418 416.7310376021807 312.6273313108438 535.132673927662 820.8391755867742 654.2264259353949
 id  xcenter   ycenter  ...  aper_bkg aper_sum_bkgsub aper_sum_bkgsub_err
       pix       pix    ...                                              
--- --------- --------- ... --------- --------------- -------------------
  1 553.14426 416.73104 ... 13908.418       36248.653           253.55569
  2 312.62733 535.13267 ... 14431.882       126289.85           394.18094
  3 820.83918 654.22643 ... 14063.599       290699.38           564.84651
-----------------------------------------
126
/mnt//archive/draco2/2024/24_11_22//ad0126.fits
flat found.  dividing by flatfield
read ra/dec for target of: (358.6024, 62.14947)
pixel scale is: 0.982768899370266
x/y of var, cal1, cal2: 553.0943243948533 416.7153190359144 312.53687831396076 535.1151447333414 820.8327898088071 654.2102627051219
 id  xcenter   ycenter  ...  aper_bkg aper_sum_bkgsub aper_sum_bkgsub_err
       pix       pix    ...                                              
--- --------- --------- ... --------- --------------- -------------------
  1 553.09432 416.71532 ... 13955.567       34653.492           250.57858
  2 312.53688 535.11514 ... 14237.779       123737.36           390.43299
  3 820.83279 654.21026 ...  13830.08       281336.04           556.07661
-----------------------------------------
127
/mnt//archive/draco2/2024/24_11_22//ad0127.fits
flat found.  dividing by flatfield
read ra/dec for target of: (358.6024, 62.14947)
pixel scale is: 0.9827475985624801
x/y of var, cal1, cal2: 553.0808198501297 416.7824412991336 312.5297715141063 535.1857943314743 820.8181142477555 654.2814629115253
 id  xcenter   ycenter  ...  aper_bkg aper_sum_bkgsub aper_sum_bkgsub_err
       pix       pix    ...                                              
--- --------- --------- ... --------- --------------- -------------------
  1 553.08082 416.78244 ... 13172.529       38716.584           255.51251
  2 312.52977 535.18579 ... 13214.154       141128.54           409.61182
  3 820.81811 654.28146 ... 13169.064       320142.36           588.81703
-----------------------------------------
128
/mnt//archive/draco2/2024/24_11_22//ad0128.fits
flat found.  dividing by flatfield
read ra/dec for target of: (358.6024, 62.14947)
pixel scale is: 0.9826021781258317
x/y of var, cal1, cal2: 552.9481457562301 416.6445837765267 312.375707608526 535.0355605951424 820.7482695846226 654.2120410473904
 id  xcenter   ycenter  ...  aper_bkg aper_sum_bkgsub aper_sum_bkgsub_err
       pix       pix    ...                                              
--- --------- --------- ... --------- --------------- -------------------
  1 552.94815 416.64458 ... 12611.015       40674.604           257.14127
  2 312.37571 535.03556 ...  12915.51       145546.63            414.2495
  3 820.74827 654.21204 ... 12708.299       330283.72           596.59477
