read ra/dec for calibration star of: (354.875121, 62.338367) (354.894929, 62.361394)
automag_driver: using file automag_driver
aperture parameters; rad, r_in, r_out: 5.0, 15.0, 25.0
-----------------------------------------
70
/mnt//archive/draco2/2024/24_11_25//ad0070.fits
flat found.  dividing by flatfield
read ra/dec for target of: (354.863724, 62.372141)
pixel scale is: 0.9839228025275754
x/y of var, cal1, cal2: 554.3024868028518 416.2702719018469 578.5261708258963 538.9852864189833 608.7729386466297 453.4684854904571
 id  xcenter   ycenter  ...  aper_bkg aper_sum_bkgsub aper_sum_bkgsub_err
       pix       pix    ...                                              
--- --------- --------- ... --------- --------------- -------------------
  1 554.30249 416.27027 ... 24516.174       34570.463           289.53033
  2 578.52617 538.98529 ... 23895.422       24089.736           268.52482
  3 608.77294 453.46849 ... 24229.845       2598.0076           226.45683
-----------------------------------------
71
/mnt//archive/draco2/2024/24_11_25//ad0071.fits
flat found.  dividing by flatfield
read ra/dec for target of: (354.863724, 62.372141)
pixel scale is: 0.9838069410194992
x/y of var, cal1, cal2: 554.2593326241574 416.33892227095225 578.4663666724048 539.069292264054 608.715676565183 453.54355390569964
 id  xcenter   ycenter  ...  aper_bkg aper_sum_bkgsub aper_sum_bkgsub_err
       pix       pix    ...                                              
--- --------- --------- ... --------- --------------- -------------------
  1 554.25933 416.33892 ... 24066.567       35030.793           288.77141
  2 578.46637 539.06929 ... 23984.576       24137.152           268.94479
  3 608.71568 453.54355 ...  24014.09       2385.1844            225.0297
-----------------------------------------
72
/mnt//archive/draco2/2024/24_11_25//ad0072.fits
flat found.  dividing by flatfield
read ra/dec for target of: (354.863724, 62.372141)
pixel scale is: 0.9839078936406491
x/y of var, cal1, cal2: 554.2502460105063 416.1862338874803 578.4496579271305 538.9024866129973 608.7118084427497 453.383620320566
 id  xcenter   ycenter  ...  aper_bkg aper_sum_bkgsub aper_sum_bkgsub_err
       pix       pix    ...                                              
--- --------- --------- ... --------- --------------- -------------------
  1 554.25025 416.18623 ... 23557.826       37206.194            290.7694
  2 578.44966 538.90249 ... 23377.242        25124.36           268.52159
  3 608.71181 453.38362 ... 23405.838       2731.8603           223.08863
-----------------------------------------
73
/mnt//archive/draco2/2024/24_11_25//ad0073.fits
flat found.  dividing by flatfield
read ra/dec for target of: (354.863724, 62.372141)
pixel scale is: 0.9837624631698618
x/y of var, cal1, cal2: 554.2997135787391 416.2625593564091 578.5032741865313 538.9968669153087 608.7568641396576 453.4652490711448
 id  xcenter   ycenter  ...  aper_bkg aper_sum_bkgsub aper_sum_bkgsub_err
       pix       pix    ...                                              
--- --------- --------- ... --------- --------------- -------------------
  1 554.29971 416.26256 ... 25434.499       30057.383           284.87081
  2 578.50327 538.99687 ...  25240.28        20855.85           267.50964
  3 608.75686 453.46525 ... 25260.707       2326.7415           230.37612
