read ra/dec for calibration star of: (352.175813, 63.31704) (352.539642, 63.389221)
automag_driver: using file automag_driver
aperture parameters; rad, r_in, r_out: 5.0, 15.0, 25.0
-----------------------------------------
105
/mnt//archive/draco2/2024/24_10_14//ad0105.fits
no flat found.  will not flatfield
read ra/dec for target of: (352.303175, 63.374302)
pixel scale is: 0.9853350358562828
x/y of var, cal1, cal2: 553.944193268645 417.52778038131413 722.9595976524524 175.07313131084362 182.62199297944687 539.8616351790749
 id  xcenter   ycenter  ...  aper_bkg aper_sum_bkgsub aper_sum_bkgsub_err
       pix       pix    ...                                              
--- --------- --------- ... --------- --------------- -------------------
  1 553.94419 417.52778 ... 41822.749       27044.346            333.0388
  2  722.9596 175.07313 ... 40123.952         72393.9           390.98185
  3 182.62199 539.86164 ...  40649.77        46955.52           358.44115
-----------------------------------------
106
/mnt//archive/draco2/2024/24_10_14//ad0106.fits
no flat found.  will not flatfield
read ra/dec for target of: (352.303175, 63.374302)
pixel scale is: 0.9850871746886418
x/y of var, cal1, cal2: 553.7428497543135 417.36409347495317 722.7761426958543 174.85282021311707 182.38855783693685 539.7191047566383
 id  xcenter   ycenter  ...  aper_bkg aper_sum_bkgsub aper_sum_bkgsub_err
       pix       pix    ...                                              
--- --------- --------- ... --------- --------------- -------------------
  1 553.74285 417.36409 ... 41115.376        27545.58           331.66449
  2 722.77614 174.85282 ... 39415.724       73380.722           390.43203
  3 182.38856  539.7191 ... 39901.339       47389.402           356.95529
