read ra/dec for calibration star of: (352.175813, 63.31704) (352.539642, 63.389221)
automag_driver: using file automag_driver
aperture parameters; rad, r_in, r_out: 5.0, 15.0, 25.0
-----------------------------------------
189
/mnt//archive/far-east-20/2024/24_10_17//ad0189.fits
flat found.  dividing by flatfield
read ra/dec for target of: (352.303175, 63.374302)
pixel scale is: 1.070481555018736
x/y of var, cal1, cal2: 433.4813756481386 434.32984550419627 233.0929291513258 618.5023608775817 791.5926468001315 398.4308638614424
 id  xcenter   ycenter  ...  aper_bkg aper_sum_bkgsub aper_sum_bkgsub_err
       pix       pix    ...                                              
--- --------- --------- ... --------- --------------- -------------------
  1 433.48138 434.32985 ... 104464.73       37344.542           496.48666
  2 233.09293 618.50236 ... 104973.68        141713.4            593.1996
  3 791.59265 398.43086 ... 104125.45       83364.913           540.22293
-----------------------------------------
190
/mnt//archive/far-east-20/2024/24_10_17//ad0190.fits
flat found.  dividing by flatfield
read ra/dec for target of: (352.303175, 63.374302)
pixel scale is: 1.0698626816775156
x/y of var, cal1, cal2: 433.2936611539296 434.674418912086 232.90546345880063 618.8600815411539 791.5232726560173 398.92155743850293
 id  xcenter   ycenter  ...  aper_bkg aper_sum_bkgsub aper_sum_bkgsub_err
       pix       pix    ...                                              
--- --------- --------- ... --------- --------------- -------------------
  1 433.29366 434.67442 ... 104276.31       35240.703            493.9821
  2 232.90546 618.86008 ... 103087.49       141082.21           589.47619
  3 791.52327 398.92156 ... 103246.83       84007.368           539.19015
-----------------------------------------
191
/mnt//archive/far-east-20/2024/24_10_17//ad0191.fits
flat found.  dividing by flatfield
read ra/dec for target of: (352.303175, 63.374302)
pixel scale is: 1.0705826729186418
x/y of var, cal1, cal2: 433.4031936296018 434.74989739541456 233.02602074706624 618.8638432753219 791.564518123422 398.9278568945576
 id  xcenter   ycenter  ...  aper_bkg aper_sum_bkgsub aper_sum_bkgsub_err
       pix       pix    ...                                              
--- --------- --------- ... --------- --------------- -------------------
  1 433.40319  434.7499 ... 85960.658       47552.309            468.7202
  2 233.02602 618.86384 ... 86153.396       182254.67           595.63954
  3 791.56452 398.92786 ... 85492.661       106180.58           526.67913
-----------------------------------------
192
/mnt//archive/far-east-20/2024/24_10_17//ad0192.fits
flat found.  dividing by flatfield
read ra/dec for target of: (352.303175, 63.374302)
pixel scale is: 1.0701359043455243
x/y of var, cal1, cal2: 433.37848631736375 434.65852467150853 233.00225677173697 618.8111855967938 791.5862330968953 398.8897194989098
 id  xcenter   ycenter  ...  aper_bkg aper_sum_bkgsub aper_sum_bkgsub_err
       pix       pix    ...                                              
--- --------- --------- ... --------- --------------- -------------------
  1 433.37849 434.65852 ... 80549.542       49018.345           458.63104
  2 233.00226 618.81119 ... 79680.959       189815.38           591.10261
  3 791.58623 398.88972 ... 80089.032       112421.99           522.32658
