read ra/dec for calibration star of: (36.845811, 59.457341) (36.762357, 59.472787)
automag_driver: using file automag_driver
aperture parameters; rad, r_in, r_out: 5.0, 15.0, 25.0
-----------------------------------------
768448
/mnt//archive/pt5m/2024/24_01_26//adbr0768448.fits
no flat found.  will not flatfield
read ra/dec for target of: (36.807362, 59.460604)
pixel scale is: 0.5586951612973502
x/y of var, cal1, cal2: 736.3784956405087 233.6351326309048 718.1602300100175 107.30773504633447 811.6803330926947 382.6085767315812
 id  xcenter   ycenter  ...  aper_bkg aper_sum_bkgsub aper_sum_bkgsub_err
       pix       pix    ...                                              
--- --------- --------- ... --------- --------------- -------------------
  1  736.3785 233.63513 ... 20380.981       468836.01           714.01889
  2 718.16023 107.30774 ...  17529.32       9508.7195           211.64206
  3 811.68033 382.60858 ... 17193.832       19773.479           233.20837
-----------------------------------------
768449
/mnt//archive/pt5m/2024/24_01_26//adbr0768449.fits
no flat found.  will not flatfield
read ra/dec for target of: (36.807362, 59.460604)
pixel scale is: 0.5586678278865723
x/y of var, cal1, cal2: 617.3561273102232 296.7239979716035 599.122220012818 170.39739159295684 692.6685224915764 445.6760448521756
 id  xcenter   ycenter  ...  aper_bkg aper_sum_bkgsub aper_sum_bkgsub_err
       pix       pix    ...                                              
--- --------- --------- ... --------- --------------- -------------------
  1 617.35613   296.724 ... 19124.767       460332.79           706.26293
  2 599.12222 170.39739 ... 16692.231       9265.3213           207.06227
  3 692.66852 445.67604 ... 16105.067       20121.206            229.2517
-----------------------------------------
768450
/mnt//archive/pt5m/2024/24_01_26//adbr0768450.fits
no flat found.  will not flatfield
read ra/dec for target of: (36.807362, 59.460604)
pixel scale is: 0.5586550310178579
x/y of var, cal1, cal2: 616.9503068666221 296.76802400593476 598.7232223607297 170.43726967742558 692.2584824913689 445.7286524166625
 id  xcenter   ycenter  ...  aper_bkg aper_sum_bkgsub aper_sum_bkgsub_err
       pix       pix    ...                                              
--- --------- --------- ... --------- --------------- -------------------
  1 616.95031 296.76802 ... 20635.562       453383.98           703.47715
  2 598.72322 170.43727 ...  18119.03        9386.033           214.12401
  3 692.25848 445.72865 ... 17531.839       19948.311           235.02551
-----------------------------------------
768451
/mnt//archive/pt5m/2024/24_01_26//adbr0768451.fits
no flat found.  will not flatfield
read ra/dec for target of: (36.807362, 59.460604)
pixel scale is: 0.5586793947921648
x/y of var, cal1, cal2: 617.7773621671405 296.9129681485594 599.5503123481665 170.5878168393392 693.0783171936167 445.86671665352117
 id  xcenter   ycenter  ...  aper_bkg aper_sum_bkgsub aper_sum_bkgsub_err
       pix       pix    ...                                              
--- --------- --------- ... --------- --------------- -------------------
  1 617.77736 296.91297 ... 19207.853       458408.19           705.01695
  2 599.55031 170.58782 ... 16733.478       9120.8214           206.91249
  3 693.07832 445.86672 ... 16020.523        19946.27           228.50015
-----------------------------------------
768452
/mnt//archive/pt5m/2024/24_01_26//adbr0768452.fits
no flat found.  will not flatfield
read ra/dec for target of: (36.807362, 59.460604)
pixel scale is: 0.5588082822246965
x/y of var, cal1, cal2: 617.4525114130466 297.48704962184024 599.2040824049589 171.19325953458983 692.789514646987 446.39727917886523
 id  xcenter   ycenter  ...  aper_bkg aper_sum_bkgsub aper_sum_bkgsub_err
       pix       pix    ...                                              
--- --------- --------- ... --------- --------------- -------------------
  1 617.45251 297.48705 ... 20708.084       433088.92           689.00659
  2 599.20408 171.19326 ... 17857.578        9199.251           212.46037
  3 692.78951 446.39728 ... 17438.387       18208.174           230.88947
-----------------------------------------
768453
/mnt//archive/pt5m/2024/24_01_26//adbr0768453.fits
no flat found.  will not flatfield
read ra/dec for target of: (36.807362, 59.460604)
pixel scale is: 0.5587547873308205
x/y of var, cal1, cal2: 618.5194127528606 297.6529658021153 600.2971133999768 171.34508015102756 693.8112533660574 446.5857001230862
 id  xcenter   ycenter  ...  aper_bkg aper_sum_bkgsub aper_sum_bkgsub_err
       pix       pix    ...                                              
--- --------- --------- ... --------- --------------- -------------------
  1 618.51941 297.65297 ... 19034.959        460339.9           706.14079
  2 600.29711 171.34508 ... 16687.036       9317.8993           207.16412
  3 693.81125  446.5857 ... 16100.054       20107.118            229.1991
-----------------------------------------
768454
/mnt//archive/pt5m/2024/24_01_26//adbr0768454.fits
no flat found.  will not flatfield
read ra/dec for target of: (36.807362, 59.460604)
pixel scale is: 0.5586626752795091
x/y of var, cal1, cal2: 617.6332122088746 297.1010091619268 599.4016480255618 170.77304354659887 692.9397061097284 446.0552301149904
 id  xcenter   ycenter  ...  aper_bkg aper_sum_bkgsub aper_sum_bkgsub_err
       pix       pix    ...                                              
--- --------- --------- ... --------- --------------- -------------------
  1 617.63321 297.10101 ... 20551.115       460100.44           708.11558
  2 599.40165 170.77304 ... 18034.652       9285.7942           213.49496
  3 692.93971 446.05523 ... 17447.478       19845.871           234.44792
-----------------------------------------
768455
/mnt//archive/pt5m/2024/24_01_26//adbr0768455.fits
no flat found.  will not flatfield
read ra/dec for target of: (36.807362, 59.460604)
pixel scale is: 0.5586381099601706
x/y of var, cal1, cal2: 618.0896240231249 296.6847631122163 599.8388121281736 170.3542425606185 693.4233279623488 445.6331716956204
 id  xcenter   ycenter  ...  aper_bkg aper_sum_bkgsub aper_sum_bkgsub_err
       pix       pix    ...                                              
--- --------- --------- ... --------- --------------- -------------------
  1 618.08962 296.68476 ... 19126.802       459205.23            705.4671
  2 599.83881 170.35424 ... 16777.896       9637.7514           208.37117
  3 693.42333 445.63317 ...  16106.78       19275.063            227.4063
