read ra/dec for calibration star of: (357.307226, 59.943336) (357.434683, 60.013532)
automag_driver: using file automag_driver
aperture parameters; rad, r_in, r_out: 5.0, 15.0, 25.0
-----------------------------------------
82
/mnt//archive/draco2/2024/24_11_25//ad0082.fits
flat found.  dividing by flatfield
read ra/dec for target of: (357.483431, 59.940703)
pixel scale is: 0.9837388714543276
x/y of var, cal1, cal2: 553.2454381927104 417.12043506472213 230.20680178550356 419.5120188460313 453.83789199628256 154.20611861750353
 id  xcenter   ycenter  ...  aper_bkg aper_sum_bkgsub aper_sum_bkgsub_err
       pix       pix    ...                                              
--- --------- --------- ... --------- --------------- -------------------
  1 553.24544 417.12044 ... 20963.312       25554.247           260.20352
  2  230.2068 419.51202 ... 21659.381       316807.28           600.29246
  3 453.83789 154.20612 ... 21565.811       80276.046           351.61438
-----------------------------------------
83
/mnt//archive/draco2/2024/24_11_25//ad0083.fits
flat found.  dividing by flatfield
read ra/dec for target of: (357.483431, 59.940703)
pixel scale is: 0.9837282858123371
x/y of var, cal1, cal2: 553.540980672986 417.24046428878535 230.46779551354763 419.6877511449788 454.08532291633065 154.34044733349782
 id  xcenter   ycenter  ...  aper_bkg aper_sum_bkgsub aper_sum_bkgsub_err
       pix       pix    ...                                              
--- --------- --------- ... --------- --------------- -------------------
  1 553.54098 417.24046 ... 21208.605       23937.644           258.03072
  2  230.4678 419.68775 ... 21332.892       309384.58           593.52789
  3 454.08532 154.34045 ... 21441.229       77764.096           347.66587
-----------------------------------------
84
/mnt//archive/draco2/2024/24_11_25//ad0084.fits
flat found.  dividing by flatfield
read ra/dec for target of: (357.483431, 59.940703)
pixel scale is: 0.9838532731908886
x/y of var, cal1, cal2: 553.5803198305257 417.2739909389963 230.49807768536 419.72498391417207 454.11539026518295 154.4086081587331
 id  xcenter   ycenter  ...  aper_bkg aper_sum_bkgsub aper_sum_bkgsub_err
       pix       pix    ...                                              
--- --------- --------- ... --------- --------------- -------------------
  1 553.58032 417.27399 ... 21030.817       23906.385           257.28004
  2 230.49808 419.72498 ... 21463.852       297738.45           583.85885
  3 454.11539 154.40861 ... 21389.367       75729.861           344.57742
-----------------------------------------
85
/mnt//archive/draco2/2024/24_11_25//ad0085.fits
flat found.  dividing by flatfield
read ra/dec for target of: (357.483431, 59.940703)
pixel scale is: 0.9836425176827144
x/y of var, cal1, cal2: 553.6858681980394 417.69186034785844 230.58619746220438 420.1029762408412 454.1987432204914 154.75771115020888
 id  xcenter   ycenter  ...  aper_bkg aper_sum_bkgsub aper_sum_bkgsub_err
       pix       pix    ...                                              
--- --------- --------- ... --------- --------------- -------------------
  1 553.68587 417.69186 ... 22672.162       19512.321           255.11105
  2  230.5862 420.10298 ... 23035.183       250888.16           545.14542
  3 454.19874 154.75771 ...   22986.9       65053.091           333.54444
