read ra/dec for calibration star of: (359.428633, 62.690422) (359.62416, 62.747272)
automag_driver: using file automag_driver
aperture parameters; rad, r_in, r_out: 5.0, 15.0, 25.0
-----------------------------------------
20
/mnt//archive/draco2/2018/18_12_03//ad0020.fits
flat found.  dividing by flatfield
read ra/dec for target of: (359.395668, 62.718246)
pixel scale is: 0.9867663004497385
x/y of var, cal1, cal2: 573.309640983757 417.2277531608689 516.9408057074812 316.3898373474503 192.87445748231693 528.2872710574728
 id  xcenter   ycenter  ...  aper_bkg aper_sum_bkgsub aper_sum_bkgsub_err
       pix       pix    ...                                              
--- --------- --------- ... --------- --------------- -------------------
  1 573.30964 417.22775 ... 10469.091       167411.43           434.25178
  2 516.94081 316.38984 ... 10346.662        33308.43           232.86639
  3 192.87446 528.28727 ... 10784.149        40419.83           249.42559
-----------------------------------------
21
/mnt//archive/draco2/2018/18_12_03//ad0021.fits
flat found.  dividing by flatfield
read ra/dec for target of: (359.395668, 62.718246)
pixel scale is: 0.9866980845783593
x/y of var, cal1, cal2: 573.9707552429683 417.30125546640693 517.58820604688 316.46180882670126 193.51988743605506 528.4054590219324
 id  xcenter   ycenter  ...  aper_bkg aper_sum_bkgsub aper_sum_bkgsub_err
       pix       pix    ...                                              
--- --------- --------- ... --------- --------------- -------------------
  1 573.97076 417.30126 ... 10356.655       169868.53           436.81443
  2 517.58821 316.46181 ... 10296.612       33521.187           233.10815
  3 193.51989 528.40546 ... 10832.452       41372.965           251.52111
-----------------------------------------
22
/mnt//archive/draco2/2018/18_12_03//ad0022.fits
flat found.  dividing by flatfield
read ra/dec for target of: (359.395668, 62.718246)
pixel scale is: 0.9867713834642318
x/y of var, cal1, cal2: 573.9842511751638 417.39449922571526 517.6047588463007 316.56318577872236 193.5629581835616 528.4947160397222
 id  xcenter   ycenter  ...  aper_bkg aper_sum_bkgsub aper_sum_bkgsub_err
       pix       pix    ...                                              
--- --------- --------- ... --------- --------------- -------------------
  1 573.98425  417.3945 ... 10200.635       166142.24           432.16723
  2 517.60476 316.56319 ... 10112.839       32847.798           230.86463
  3 193.56296 528.49472 ... 10601.812       39407.024           246.64884
-----------------------------------------
23
/mnt//archive/draco2/2018/18_12_03//ad0023.fits
flat found.  dividing by flatfield
read ra/dec for target of: (359.395668, 62.718246)
pixel scale is: 0.9865544963706554
x/y of var, cal1, cal2: 573.9690978107293 417.57645258580845 517.5662581700432 316.7290921118238 193.47619575848273 528.7424226271528
 id  xcenter   ycenter  ...  aper_bkg aper_sum_bkgsub aper_sum_bkgsub_err
       pix       pix    ...                                              
--- --------- --------- ... --------- --------------- -------------------
  1  573.9691 417.57645 ... 10206.515       169984.85            436.6038
  2 517.56626 316.72909 ... 10217.967       33791.498           233.35045
  3  193.4762 528.74242 ... 10575.046       41082.457           249.91508
