read ra/dec for calibration star of: (354.875121, 62.338367) (354.894929, 62.361394)
automag_driver: using file automag_driver
aperture parameters; rad, r_in, r_out: 5.0, 15.0, 25.0
-----------------------------------------
93
/mnt//archive/draco2/2024/24_11_22//ad0093.fits
flat found.  dividing by flatfield
read ra/dec for target of: (354.863724, 62.372141)
pixel scale is: 0.9828483243047588
x/y of var, cal1, cal2: 554.259521175575 415.2735574222259 594.9176650960081 533.7102951718816 613.3313552465128 444.7847017154381
 id  xcenter   ycenter  ...  aper_bkg aper_sum_bkgsub aper_sum_bkgsub_err
       pix       pix    ...                                              
--- --------- --------- ... --------- --------------- -------------------
  1 554.25952 415.27356 ... 14589.719       41265.949           265.83902
  2 594.91767  533.7103 ... 14518.912       48977.618           279.71493
  3 613.33136  444.7847 ... 14486.322       4847.4949           184.51325
-----------------------------------------
94
/mnt//archive/draco2/2024/24_11_22//ad0094.fits
flat found.  dividing by flatfield
read ra/dec for target of: (354.863724, 62.372141)
pixel scale is: 0.9828737673825954
x/y of var, cal1, cal2: 554.5116982975851 415.0266338785497 595.1736610530112 533.459199770319 613.5822496139484 444.5354062759925
 id  xcenter   ycenter  ...  aper_bkg aper_sum_bkgsub aper_sum_bkgsub_err
       pix       pix    ...                                              
--- --------- --------- ... --------- --------------- -------------------
  1  554.5117 415.02663 ... 14652.516       40517.936           264.66577
  2 595.17366  533.4592 ... 14509.734       49006.843           279.73436
  3 613.58225 444.53541 ... 14534.242       4458.1521           183.71618
-----------------------------------------
95
/mnt//archive/draco2/2024/24_11_22//ad0095.fits
flat found.  dividing by flatfield
read ra/dec for target of: (354.863724, 62.372141)
pixel scale is: 0.9827984009195746
x/y of var, cal1, cal2: 554.3792707550703 415.3602101295926 595.033743003764 533.8045546718977 613.4526033877036 444.8751655351916
 id  xcenter   ycenter  ...  aper_bkg aper_sum_bkgsub aper_sum_bkgsub_err
       pix       pix    ...                                              
--- --------- --------- ... --------- --------------- -------------------
  1 554.37927 415.36021 ... 14858.042       38864.399           262.30799
  2 595.03374 533.80455 ... 14774.003       46627.446           276.40632
  3  613.4526 444.87517 ... 14881.809       4286.3203           185.13492
-----------------------------------------
96
/mnt//archive/draco2/2024/24_11_22//ad0096.fits
flat found.  dividing by flatfield
read ra/dec for target of: (354.863724, 62.372141)
pixel scale is: 0.982898142425319
x/y of var, cal1, cal2: 554.4070844696532 415.07950735673506 595.0547268183723 533.5091297681396 613.4712141055865 444.5875409002694
 id  xcenter   ycenter  ...  aper_bkg aper_sum_bkgsub aper_sum_bkgsub_err
       pix       pix    ...                                              
--- --------- --------- ... --------- --------------- -------------------
  1 554.40708 415.07951 ... 14899.977       38656.777             262.072
  2 595.05473 533.50913 ... 14758.672        46415.62           275.96732
  3 613.47121 444.58754 ...  14678.83       4461.2888           184.51003
