read ra/dec for calibration star of: (36.752127, 59.562503) (37.02079, 59.47925)
automag_driver: using file automag_driver
aperture parameters; rad, r_in, r_out: 5.0, 15.0, 25.0
-----------------------------------------
203
/mnt//archive/draco2/2024/24_01_31//ad0203.fits
flat found.  dividing by flatfield
read ra/dec for target of: (36.807362, 59.460604)
pixel scale is: 0.9831114902949125
x/y of var, cal1, cal2: 554.5651026660327 417.0010938871828 354.40948546237917 85.83680448374702 917.5155122386947 242.5933552565835
 id  xcenter   ycenter  ...  aper_bkg aper_sum_bkgsub aper_sum_bkgsub_err
       pix       pix    ...                                              
--- --------- --------- ... --------- --------------- -------------------
  1  554.5651 417.00109 ... 7401.9562       154883.62           412.20448
  2 354.40949 85.836804 ... 7490.3405       97410.417           335.58322
  3 917.51551 242.59336 ... 7183.4326       74013.052           297.66578
-----------------------------------------
204
/mnt//archive/draco2/2024/24_01_31//ad0204.fits
flat found.  dividing by flatfield
read ra/dec for target of: (36.807362, 59.460604)
pixel scale is: 0.9831638245093852
x/y of var, cal1, cal2: 554.194688570608 417.0482109631743 354.06369467873674 85.87779559605241 917.1123200334471 242.69283234695604
 id  xcenter   ycenter  ...  aper_bkg aper_sum_bkgsub aper_sum_bkgsub_err
       pix       pix    ...                                              
--- --------- --------- ... --------- --------------- -------------------
  1 554.19469 417.04821 ... 7169.5405       156363.29           413.43364
  2 354.06369 85.877796 ... 7370.1335       97991.233           336.09002
  3 917.11232 242.69283 ...  6910.639       74449.993           297.48323
-----------------------------------------
205
/mnt//archive/draco2/2024/24_01_31//ad0205.fits
flat found.  dividing by flatfield
read ra/dec for target of: (36.807362, 59.460604)
pixel scale is: 0.9832485629173116
x/y of var, cal1, cal2: 553.881999317286 417.0192302783397 353.78445300707585 85.89373729039431 916.7860095903054 242.64917558849584
 id  xcenter   ycenter  ...  aper_bkg aper_sum_bkgsub aper_sum_bkgsub_err
       pix       pix    ...                                              
--- --------- --------- ... --------- --------------- -------------------
  1   553.882 417.01923 ... 7362.9901        154563.8           411.72173
  2 353.78445 85.893737 ... 7424.1387        97194.78           335.06426
  3 916.78601 242.64918 ... 7241.1965       73867.201           297.61484
-----------------------------------------
206
/mnt//archive/draco2/2024/24_01_31//ad0206.fits
flat found.  dividing by flatfield
read ra/dec for target of: (36.807362, 59.460604)
pixel scale is: 0.9831759231119439
x/y of var, cal1, cal2: 553.8150845712594 417.1222569451712 353.6361529375628 85.95536577364066 916.7554247297153 242.77000841124226
 id  xcenter   ycenter  ...  aper_bkg aper_sum_bkgsub aper_sum_bkgsub_err
       pix       pix    ...                                              
--- --------- --------- ... --------- --------------- -------------------
  1 553.81508 417.12226 ... 7253.8345       156322.03            413.5876
  2 353.63615 85.955366 ... 7285.8434       98333.206           336.34787
  3 916.75542 242.77001 ... 7170.0131       74825.326           298.98219
